Loaded modules:

Currently Loaded Modules:
  1) slurm/current    3) gcc/11.3.0   5) cuda/11.7
  2) DefaultModules   4) 2024r1       6) python/3.10.13

 

Fri Mar 13 18:30:41 2026       
+-----------------------------------------------------------------------------------------+
| NVIDIA-SMI 580.105.08             Driver Version: 580.105.08     CUDA Version: 13.0     |
+-----------------------------------------+------------------------+----------------------+
| GPU  Name                 Persistence-M | Bus-Id          Disp.A | Volatile Uncorr. ECC |
| Fan  Temp   Perf          Pwr:Usage/Cap |           Memory-Usage | GPU-Util  Compute M. |
|                                         |                        |               MIG M. |
|=========================================+========================+======================|
|   0  NVIDIA A100 80GB PCIe          On  |   00000000:AE:00.0 Off |                    0 |
| N/A   79C    P0             73W /  300W |       0MiB /  81920MiB |      0%      Default |
|                                         |                        |             Disabled |
+-----------------------------------------+------------------------+----------------------+

+-----------------------------------------------------------------------------------------+
| Processes:                                                                              |
|  GPU   GI   CI              PID   Type   Process name                        GPU Memory |
|        ID   ID                                                               Usage      |
|=========================================================================================|
|  No running processes found                                                             |
+-----------------------------------------------------------------------------------------+
================ SLURM JOB INFO ================
Job ID:         9350043
Job Name:       example
Partition:      gpu-a100
Node List:      gpu017
CPUs per task:  2
Memory per CPU: 
GPUs per task:  1
Memory per GPU: 24576
Submit dir:     /scratch/mthakur/manifold/models/dyn-hamr
Work dir:       /scratch/mthakur/manifold/models/dyn-hamr
Job started at: Fri Mar 13 18:30:41 CET 2026
===============================================
Video not found: /scratch/mthakur/manifold/data/images/clip_2.mp4
