Loaded modules:

Currently Loaded Modules:
  1) slurm/current    3) gcc/11.3.0   5) cuda/11.7
  2) DefaultModules   4) 2024r1       6) python/3.10.13

 

Thu Mar  5 18:34:44 2026       
+-----------------------------------------------------------------------------------------+
| NVIDIA-SMI 580.105.08             Driver Version: 580.105.08     CUDA Version: 13.0     |
+-----------------------------------------+------------------------+----------------------+
| GPU  Name                 Persistence-M | Bus-Id          Disp.A | Volatile Uncorr. ECC |
| Fan  Temp   Perf          Pwr:Usage/Cap |           Memory-Usage | GPU-Util  Compute M. |
|                                         |                        |               MIG M. |
|=========================================+========================+======================|
|   0  NVIDIA A100 80GB PCIe          On  |   00000000:16:00.0 Off |                   On |
| N/A   48C    P0             73W /  300W |     862MiB /  81920MiB |     N/A      Default |
|                                         |                        |              Enabled |
+-----------------------------------------+------------------------+----------------------+

+-----------------------------------------------------------------------------------------+
| MIG devices:                                                                            |
+------------------+----------------------------------+-----------+-----------------------+
| GPU  GI  CI  MIG |              Shared Memory-Usage |        Vol|        Shared         |
|      ID  ID  Dev |                Shared BAR1-Usage | SM     Unc| CE ENC  DEC  OFA  JPG |
|                  |                                  |        ECC|                       |
|==================+==================================+===========+=======================|
|  0    7   0   0  |              36MiB /  9728MiB    | 14      0 |  1   0    0    0    0 |
|                  |               0MiB /  6135MiB    |           |                       |
+------------------+----------------------------------+-----------+-----------------------+

+-----------------------------------------------------------------------------------------+
| Processes:                                                                              |
|  GPU   GI   CI              PID   Type   Process name                        GPU Memory |
|        ID   ID                                                               Usage      |
|=========================================================================================|
|  No running processes found                                                             |
+-----------------------------------------------------------------------------------------+
================ SLURM JOB INFO ================
Job ID:         9300962
Job Name:       example
Partition:      gpu-a100-small
Node List:      gpu020
CPUs per task:  2
Memory per CPU: 
GPUs per task:  1
Memory per GPU: 10240
Submit dir:     /scratch/mthakur/manifold/models/dyn-hamr
Work dir:       /scratch/mthakur/manifold/models/dyn-hamr
Job started at: Thu Mar  5 18:34:45 CET 2026
===============================================
Using video: /scratch/mthakur/manifold/data/images/clip_2.mp4
run_opt.py:  {'data': {'type': 'video', 'split': 'custom', 'root': '/scratch/mthakur/manifold/data', 'video_dir': 'images', 'seq': 'clip_2', 'ext': 'mp4', 'src_path': '/scratch/mthakur/manifold/data/images/clip_2.mp4', 'frame_opts': {'ext': 'jpg', 'fps': 25, 'start_sec': 0, 'end_sec': -1}, 'use_cams': True, 'track_ids': 'all', 'shot_idx': 0, 'start_idx': 0, 'end_idx': 500, 'split_cameras': True, 'name': '${data.seq}-${data.track_ids}-shot-${data.shot_idx}-${data.start_idx}-${data.end_idx}', 'sources': {'images': '${data.root}/images/${data.seq}', 'cameras': '${data.root}/dynhamr/cameras/${data.seq}/shot-${data.shot_idx}', 'tracks': '${data.root}/dynhamr/track_preds/${data.seq}', 'shots': '${data.root}/dynhamr/shot_idcs/${data.seq}.json'}}, 'optim': {'options': {'robust_loss_type': 'bisquare', 'robust_tuning_const': 4.6851, 'joints2d_sigma': 100.0, 'lr': 1.0, 'lbfgs_max_iter': 20, 'save_every': 20, 'vis_every': -1, 'max_chunk_steps': 20, 'save_meshes': False}, 'root': {'num_iters': 30}, 'smpl': {'num_iters': 0}, 'smooth': {'opt_scale': False, 'num_iters': 60}, 'motion_chunks': {'chunk_size': 10, 'init_steps': 20, 'chunk_steps': 20, 'opt_cams': True}, 'loss_weights': {'penetration': [0, 0, 0], 'joints2d': [0.001, 0.001, 0.001], 'bg2d': [0.0, 0.0, 0.0], 'cam_R_smooth': [0.0, 0.0, 0.0], 'cam_t_smooth': [0.0, 0.0, 0.0], 'bio': [10, 10, 10], 'joints3d': [0.0, 0.0, 0.0], 'joints3d_smooth': [1.0, 10.0, 0.0], 'joints3d_rollout': [0.0, 0.0, 0.0], 'verts3d': [0.0, 0.0, 0.0], 'points3d': [0.0, 0.0, 0.0], 'pose_prior': [0.04, 0.04, 0.04], 'shape_prior': [0.05, 0.05, 0.05], 'motion_prior': [0.0, 0.0, 0.075], 'init_motion_prior': [0.0, 0.0, 0.075], 'joint_consistency': [0.0, 0.0, 100.0], 'bone_length': [0.0, 2000.0, 2000.0]}}, 'model': {'use_init': True, 'opt_cams': False, 'opt_scale': True, 'async_tracks': True}, 'overwrite': False, 'run_opt': True, 'run_vis': True, 'run_prior': True, 'datatype': '${data.video_dir}', 'vis': {'phases': ['smooth_fit', 'prior'], 'render_views': ['above', 'side', 'front'], 'make_grid': True, 'overwrite': False}, 'MANO': {'MODEL_PATH': '${paths.DATA_DIR}/mano', 'GENDER': 'neutral', 'NUM_HAND_JOINTS': 15, 'MEAN_PARAMS': '${paths.DATA_DIR}/mano_mean_params.npz', 'CREATE_BODY_POSE': False}, 'paths': {'base_dir': 'None', 'DATA_DIR': '_DATA/data/', 'vposer': 'VPoser/pretrained/Vposer_right_mirrored'}, 'HMP': {'config': 'hmp_config.yaml', 'use_hposer': False, 'vid_path': '${data.root}/video/${data.seq}.mp4', 'exp_name': 'None'}, 'fps': 30, 'log_root': 'outputs/logs', 'log_dir': '${log_root}/${data.type}-${data.split}', 'exp_name': '${now:%Y-%m-%d}', 'temporal_smooth': True, 'gpu': 0, 'is_static': False}
out_dir /scratch/mthakur/manifold/models/dyn-hamr/outputs/logs/video-custom/2026-03-05/clip_2-all-shot-0-0-500
init SOURCES {'images': '${data.root}/images/${data.seq}', 'cameras': '${data.root}/dynhamr/cameras/${data.seq}/shot-${data.shot_idx}', 'tracks': '${data.root}/dynhamr/track_preds/${data.seq}', 'shots': '${data.root}/dynhamr/shot_idcs/${data.seq}.json'}
/scratch/mthakur/manifold/data/images/clip_2 does not exist
/scratch/mthakur/manifold/data/dynhamr/cameras/clip_2/shot-0 does not exist
/scratch/mthakur/manifold/data/dynhamr/track_preds/clip_2 does not exist
/scratch/mthakur/manifold/data/dynhamr/shot_idcs/clip_2.json does not exist
SOURCES {'images': '/scratch/mthakur/manifold/data/images/clip_2', 'cameras': '/scratch/mthakur/manifold/data/dynhamr/cameras/clip_2/shot-0', 'tracks': '/scratch/mthakur/manifold/data/dynhamr/track_preds/clip_2', 'shots': '/scratch/mthakur/manifold/data/dynhamr/shot_idcs/clip_2.json'}
/scratch/mthakur/manifold/data/images/clip_2 does not exist
/scratch/mthakur/manifold/data/dynhamr/cameras/clip_2/shot-0 does not exist
/scratch/mthakur/manifold/data/dynhamr/track_preds/clip_2 does not exist
/scratch/mthakur/manifold/data/dynhamr/shot_idcs/clip_2.json does not exist
DATA SOURCES {'images': '/scratch/mthakur/manifold/data/images/clip_2', 'cameras': '/scratch/mthakur/manifold/data/dynhamr/cameras/clip_2/shot-0', 'tracks': '/scratch/mthakur/manifold/data/dynhamr/track_preds/clip_2', 'shots': '/scratch/mthakur/manifold/data/dynhamr/shot_idcs/clip_2.json'}

EXTRACTING FRAMES FROM /scratch/mthakur/manifold/data/images/clip_2.mp4 TO /scratch/mthakur/manifold/data/images/clip_2
{'ext': 'jpg', 'fps': 25, 'start_sec': 0, 'end_sec': -1}
processing /scratch/mthakur/manifold/data/images/clip_2.mp4 .....
RUNNING HAMER ON /scratch/mthakur/manifold/data/images/clip_2
PROCESS MainProcess ()
HAMER DIR /scratch/mthakur/manifold/models/dyn-hamr/third-party/hamer
cd /scratch/mthakur/manifold/models/dyn-hamr/third-party/hamer; CUDA_VISIBLE_DEVICES=0 python -u run.py --img_folder /scratch/mthakur/manifold/data/images/clip_2  --res_folder /scratch/mthakur/manifold/data/dynhamr/hamer_out/clip_2/results/demo_clip_2.pkl  --batch_size=48 --side_view --save_mesh --full_frame --type images --checkpoint /scratch/mthakur/manifold/models/dyn-hamr
apex is not installed
apex is not installed
apex is not installed
/usr/local/lib/python3.10/dist-packages/mmcv/cnn/bricks/transformer.py:27: UserWarning: Fail to import ``MultiScaleDeformableAttention`` from ``mmcv.ops.multi_scale_deform_attn``, You should install ``mmcv-full`` if you need this module. 
  warnings.warn('Fail to import ``MultiScaleDeformableAttention`` from '
args.checkpoint:  /scratch/mthakur/manifold/models/dyn-hamr /scratch/mthakur/manifold/models/dyn-hamr
/usr/local/lib/python3.10/dist-packages/pytorch_lightning/utilities/migration/utils.py:49: PossibleUserWarning: The loaded checkpoint was produced with Lightning v2.0.3, which is newer than your current Lightning version: v1.9.5
  rank_zero_warn(
/scratch/mthakur/manifold/models/dyn-hamr/_DATA/data/mano_mean_params.npz CREATE_BODY_POSE: False
DATA_DIR: /scratch/mthakur/manifold/models/dyn-hamr/_DATA/data/
GENDER: neutral
MEAN_PARAMS: /scratch/mthakur/manifold/models/dyn-hamr/_DATA/data/mano_mean_params.npz
MODEL_PATH: /scratch/mthakur/manifold/models/dyn-hamr/_DATA/data/mano
NUM_HAND_JOINTS: 15
!!!!!!!!!! {'data_dir': '/scratch/mthakur/manifold/models/dyn-hamr/_DATA/data/', 'model_path': '/scratch/mthakur/manifold/models/dyn-hamr/_DATA/data/mano', 'gender': 'neutral', 'num_hand_joints': 15, 'mean_params': '/scratch/mthakur/manifold/models/dyn-hamr/_DATA/data/mano_mean_params.npz', 'create_body_pose': False}
WARNING: You are using a MANO model, with only 10 shape coefficients.
MANO(
  Gender: NEUTRAL
  Number of joints: 16
  Betas: 10
  Number of PCA components: 6
  Flat hand mean: False
  (vertex_joint_selector): VertexJointSelector()
)
model_final_f05665.pkl: 0.00B [00:00, ?B/s]model_final_f05665.pkl: 0.00B [00:00, ?B/s]
Failed to download https://dl.fbaipublicfiles.com/detectron2/ViTDet/COCO/cascade_mask_rcnn_vitdet_h/f328730692/model_final_f05665.pkl
Traceback (most recent call last):
  File "/usr/lib/python3.10/urllib/request.py", line 1348, in do_open
    h.request(req.get_method(), req.selector, req.data, headers,
  File "/usr/lib/python3.10/http/client.py", line 1303, in request
    self._send_request(method, url, body, headers, encode_chunked)
  File "/usr/lib/python3.10/http/client.py", line 1349, in _send_request
    self.endheaders(body, encode_chunked=encode_chunked)
  File "/usr/lib/python3.10/http/client.py", line 1298, in endheaders
    self._send_output(message_body, encode_chunked=encode_chunked)
  File "/usr/lib/python3.10/http/client.py", line 1058, in _send_output
    self.send(msg)
  File "/usr/lib/python3.10/http/client.py", line 996, in send
    self.connect()
  File "/usr/lib/python3.10/http/client.py", line 1468, in connect
    super().connect()
  File "/usr/lib/python3.10/http/client.py", line 962, in connect
    self.sock = self._create_connection(
  File "/usr/lib/python3.10/socket.py", line 845, in create_connection
    raise err
  File "/usr/lib/python3.10/socket.py", line 833, in create_connection
    sock.connect(sa)
ConnectionRefusedError: [Errno 111] Connection refused

During handling of the above exception, another exception occurred:

Traceback (most recent call last):
  File "/scratch/mthakur/manifold/models/dyn-hamr/third-party/hamer/run.py", line 969, in <module>
    main()
  File "/scratch/mthakur/manifold/models/dyn-hamr/third-party/hamer/run.py", line 429, in main
    detector = DefaultPredictor_Lazy(detectron2_cfg)
  File "/scratch/mthakur/manifold/models/dyn-hamr/third-party/hamer/hamer/utils/utils_detectron2.py", line 64, in __init__
    checkpointer.load(OmegaConf.select(cfg, "train.init_checkpoint", default=""))
  File "/usr/local/lib/python3.10/dist-packages/detectron2/checkpoint/detection_checkpoint.py", line 61, in load
    path = self.path_manager.get_local_path(path)
  File "/usr/local/lib/python3.10/dist-packages/iopath/common/file_io.py", line 1197, in get_local_path
    bret = handler._get_local_path(path, force=force, **kwargs)
  File "/usr/local/lib/python3.10/dist-packages/iopath/common/file_io.py", line 797, in _get_local_path
    cached = download(path, dirname, filename=filename)
  File "/usr/local/lib/python3.10/dist-packages/iopath/common/download.py", line 58, in download
    tmp, _ = request.urlretrieve(url, filename=tmp, reporthook=hook(t))
  File "/usr/lib/python3.10/urllib/request.py", line 241, in urlretrieve
    with contextlib.closing(urlopen(url, data)) as fp:
  File "/usr/lib/python3.10/urllib/request.py", line 216, in urlopen
    return opener.open(url, data, timeout)
  File "/usr/lib/python3.10/urllib/request.py", line 519, in open
    response = self._open(req, data)
  File "/usr/lib/python3.10/urllib/request.py", line 536, in _open
    result = self._call_chain(self.handle_open, protocol, protocol +
  File "/usr/lib/python3.10/urllib/request.py", line 496, in _call_chain
    result = func(*args)
  File "/usr/lib/python3.10/urllib/request.py", line 1391, in https_open
    return self.do_open(http.client.HTTPSConnection, req,
  File "/usr/lib/python3.10/urllib/request.py", line 1351, in do_open
    raise URLError(err)
urllib.error.URLError: <urlopen error [Errno 111] Connection refused>
rename /scratch/mthakur/manifold/data/dynhamr/hamer_out/clip_2/results/demo_clip_2.pkl into  /scratch/mthakur/manifold/data/dynhamr/hamer_out/clip_2/clip_2.pkl
Error executing job with overrides: ['data=video', 'run_opt=True', 'run_vis=True', 'data.root=/scratch/mthakur/manifold/data', 'data.video_dir=images', 'data.seq=clip_2', 'data.ext=mp4', 'data.src_path=/scratch/mthakur/manifold/data/images/clip_2.mp4', 'is_static=False', 'log_root=outputs/logs']
Traceback (most recent call last):
  File "/scratch/mthakur/manifold/models/dyn-hamr/dyn-hamr/run_opt.py", line 207, in <module>
    main()
  File "/usr/local/lib/python3.10/dist-packages/hydra/main.py", line 94, in decorated_main
    _run_hydra(
  File "/usr/local/lib/python3.10/dist-packages/hydra/_internal/utils.py", line 394, in _run_hydra
    _run_app(
  File "/usr/local/lib/python3.10/dist-packages/hydra/_internal/utils.py", line 457, in _run_app
    run_and_report(
  File "/usr/local/lib/python3.10/dist-packages/hydra/_internal/utils.py", line 223, in run_and_report
    raise ex
  File "/usr/local/lib/python3.10/dist-packages/hydra/_internal/utils.py", line 220, in run_and_report
    return func()
  File "/usr/local/lib/python3.10/dist-packages/hydra/_internal/utils.py", line 458, in <lambda>
    lambda: hydra.run(
  File "/usr/local/lib/python3.10/dist-packages/hydra/_internal/hydra.py", line 132, in run
    _ = ret.return_value
  File "/usr/local/lib/python3.10/dist-packages/hydra/core/utils.py", line 260, in return_value
    raise self._return_value
  File "/usr/local/lib/python3.10/dist-packages/hydra/core/utils.py", line 186, in run_job
    ret.return_value = task_function(task_cfg)
  File "/scratch/mthakur/manifold/models/dyn-hamr/dyn-hamr/run_opt.py", line 190, in main
    dataset = get_dataset_from_cfg(cfg)
  File "/scratch/mthakur/manifold/models/dyn-hamr/dyn-hamr/data/dataset.py", line 45, in get_dataset_from_cfg
    check_data_sources(args, cfg)
  File "/scratch/mthakur/manifold/models/dyn-hamr/dyn-hamr/data/dataset.py", line 80, in check_data_sources
    preprocess_tracks(cfg.datatype, args.sources.images, args.sources.tracks, args.sources.shots, gpu=cfg.gpu)
  File "/scratch/mthakur/manifold/models/dyn-hamr/dyn-hamr/data/vidproc.py", line 41, in preprocess_tracks
    hamer.process_seq(
  File "/scratch/mthakur/manifold/models/dyn-hamr/dyn-hamr/preproc/launch_hamer.py", line 66, in process_seq
    os.rename(f"{res_dir}/demo_{name}.pkl", res_path)
FileNotFoundError: [Errno 2] No such file or directory: '/scratch/mthakur/manifold/data/dynhamr/hamer_out/clip_2/results/demo_clip_2.pkl' -> '/scratch/mthakur/manifold/data/dynhamr/hamer_out/clip_2/clip_2.pkl'
srun: error: gpu020: task 0: Exited with exit code 1
srun: launch/slurm: _step_signal: Terminating StepId=9300962.0
===============================================
Job finished at: Thu Mar  5 18:35:45 CET 2026
Execution took 0.02 hours
Writing output to SLURM_logs/example_108.out
===============================================
