Loaded modules:

Currently Loaded Modules:
  1) slurm/current    3) gcc/11.3.0   5) cuda/11.7
  2) DefaultModules   4) 2024r1       6) python/3.10.13

 

Wed Dec 17 17:43:09 2025       
+-----------------------------------------------------------------------------------------+
| NVIDIA-SMI 580.105.08             Driver Version: 580.105.08     CUDA Version: 13.0     |
+-----------------------------------------+------------------------+----------------------+
| GPU  Name                 Persistence-M | Bus-Id          Disp.A | Volatile Uncorr. ECC |
| Fan  Temp   Perf          Pwr:Usage/Cap |           Memory-Usage | GPU-Util  Compute M. |
|                                         |                        |               MIG M. |
|=========================================+========================+======================|
|   0  NVIDIA A100 80GB PCIe          On  |   00000000:16:00.0 Off |                   On |
| N/A   45C    P0             48W /  300W |     249MiB /  81920MiB |     N/A      Default |
|                                         |                        |              Enabled |
+-----------------------------------------+------------------------+----------------------+

+-----------------------------------------------------------------------------------------+
| MIG devices:                                                                            |
+------------------+----------------------------------+-----------+-----------------------+
| GPU  GI  CI  MIG |              Shared Memory-Usage |        Vol|        Shared         |
|      ID  ID  Dev |                Shared BAR1-Usage | SM     Unc| CE ENC  DEC  OFA  JPG |
|                  |                                  |        ECC|                       |
|==================+==================================+===========+=======================|
|  0    7   0   0  |              36MiB /  9728MiB    | 14      0 |  1   0    0    0    0 |
|                  |               0MiB /  6135MiB    |           |                       |
+------------------+----------------------------------+-----------+-----------------------+

+-----------------------------------------------------------------------------------------+
| Processes:                                                                              |
|  GPU   GI   CI              PID   Type   Process name                        GPU Memory |
|        ID   ID                                                               Usage      |
|=========================================================================================|
|  No running processes found                                                             |
+-----------------------------------------------------------------------------------------+
================ SLURM JOB INFO ================
Job ID:         8761181
Job Name:       example
Partition:      gpu-a100-small
Node List:      gpu020
CPUs per task:  2
Memory per CPU: 
GPUs per task:  1
Memory per GPU: 10240
Submit dir:     /scratch/mthakur/Dyn-HaMR
Work dir:       /scratch/mthakur/Dyn-HaMR
Job started at: Wed Dec 17 17:43:10 CET 2025
===============================================
FOUND 1 TO RENDER
args.save_root:  ./
/scratch/mthakur/outputs/logs/video-custom/2025-12-17/demo1-all-shot-0-0-500
{'data': {'type': 'video', 'split': 'custom', 'root': '/scratch/mthakur/Dyn-HaMR/test', 'video_dir': 'videos', 'seq': 'demo1', 'ext': 'MTS', 'src_path': '${data.root}/${data.video_dir}/${data.seq}.${data.ext}', 'frame_opts': {'ext': 'jpg', 'fps': 25, 'start_sec': 0, 'end_sec': -1}, 'use_cams': True, 'track_ids': 'all', 'shot_idx': 0, 'start_idx': 0, 'end_idx': 500, 'split_cameras': True, 'name': '${data.seq}-${data.track_ids}-shot-${data.shot_idx}-${data.start_idx}-${data.end_idx}', 'sources': {'images': '${data.root}/images/${data.seq}', 'cameras': '${data.root}/dynhamr/cameras/${data.seq}/shot-${data.shot_idx}', 'tracks': '${data.root}/dynhamr/track_preds/${data.seq}', 'shots': '${data.root}/dynhamr/shot_idcs/${data.seq}.json'}}, 'optim': {'options': {'robust_loss_type': 'bisquare', 'robust_tuning_const': 4.6851, 'joints2d_sigma': 100.0, 'lr': 1.0, 'lbfgs_max_iter': 20, 'save_every': 20, 'vis_every': -1, 'max_chunk_steps': 20, 'save_meshes': False}, 'root': {'num_iters': 30}, 'smpl': {'num_iters': 0}, 'smooth': {'opt_scale': False, 'num_iters': 60}, 'motion_chunks': {'chunk_size': 10, 'init_steps': 20, 'chunk_steps': 20, 'opt_cams': True}, 'loss_weights': {'penetration': [0, 0, 0], 'joints2d': [0.001, 0.001, 0.001], 'bg2d': [0.0, 0.0, 0.0], 'cam_R_smooth': [0.0, 0.0, 0.0], 'cam_t_smooth': [0.0, 0.0, 0.0], 'bio': [10, 10, 10], 'joints3d': [0.0, 0.0, 0.0], 'joints3d_smooth': [1.0, 10.0, 0.0], 'joints3d_rollout': [0.0, 0.0, 0.0], 'verts3d': [0.0, 0.0, 0.0], 'points3d': [0.0, 0.0, 0.0], 'pose_prior': [0.04, 0.04, 0.04], 'shape_prior': [0.05, 0.05, 0.05], 'motion_prior': [0.0, 0.0, 0.075], 'init_motion_prior': [0.0, 0.0, 0.075], 'joint_consistency': [0.0, 0.0, 100.0], 'bone_length': [0.0, 2000.0, 2000.0]}}, 'model': {'use_init': True, 'opt_cams': False, 'opt_scale': True, 'async_tracks': True}, 'overwrite': False, 'run_opt': True, 'run_vis': True, 'run_prior': False, 'datatype': '${data.video_dir}', 'vis': {'phases': ['smooth_fit', 'prior'], 'render_views': ['above', 'side', 'front'], 'make_grid': True, 'overwrite': False}, 'MANO': {'MODEL_PATH': '${paths.DATA_DIR}/mano', 'GENDER': 'neutral', 'NUM_HAND_JOINTS': 15, 'MEAN_PARAMS': '${paths.DATA_DIR}/mano_mean_params.npz', 'CREATE_BODY_POSE': False}, 'paths': {'base_dir': 'None', 'DATA_DIR': '_DATA/data/', 'vposer': 'VPoser/pretrained/Vposer_right_mirrored'}, 'HMP': {'config': 'hmp_config.yaml', 'use_hposer': False, 'vid_path': '${data.root}/video/${data.seq}.mp4', 'exp_name': 'None'}, 'fps': 30, 'log_root': '../outputs/logs', 'log_dir': '${log_root}/${data.type}-${data.split}', 'exp_name': '${now:%Y-%m-%d}', 'temporal_smooth': True, 'gpu': 0, 'is_static': False}
{'type': 'video', 'split': 'custom', 'root': '/scratch/mthakur/Dyn-HaMR/test', 'video_dir': 'videos', 'seq': 'demo1', 'ext': 'MTS', 'src_path': '${data.root}/${data.video_dir}/${data.seq}.${data.ext}', 'frame_opts': {'ext': 'jpg', 'fps': 25, 'start_sec': 0, 'end_sec': -1}, 'use_cams': True, 'track_ids': 'all', 'shot_idx': 0, 'start_idx': 0, 'end_idx': 500, 'split_cameras': True, 'name': '${data.seq}-${data.track_ids}-shot-${data.shot_idx}-${data.start_idx}-${data.end_idx}', 'sources': {'images': '${data.root}/images/${data.seq}', 'cameras': '${data.root}/dynhamr/cameras/${data.seq}/shot-${data.shot_idx}', 'tracks': '${data.root}/dynhamr/track_preds/${data.seq}', 'shots': '${data.root}/dynhamr/shot_idcs/${data.seq}.json'}}
{'images': '${data.root}/images/${data.seq}', 'cameras': '${data.root}/dynhamr/cameras/${data.seq}/shot-${data.shot_idx}', 'tracks': '${data.root}/dynhamr/track_preds/${data.seq}', 'shots': '${data.root}/dynhamr/shot_idcs/${data.seq}.json'}
SOURCES {'images': '/scratch/mthakur/Dyn-HaMR/test/images/demo1', 'cameras': '/scratch/mthakur/Dyn-HaMR/test/dynhamr/cameras/demo1/shot-0', 'tracks': '/scratch/mthakur/Dyn-HaMR/test/dynhamr/track_preds/demo1', 'shots': '/scratch/mthakur/Dyn-HaMR/test/dynhamr/shot_idcs/demo1.json'}
DATA SOURCES {'images': '/scratch/mthakur/Dyn-HaMR/test/images/demo1', 'cameras': '/scratch/mthakur/Dyn-HaMR/test/dynhamr/cameras/demo1/shot-0', 'tracks': '/scratch/mthakur/Dyn-HaMR/test/dynhamr/track_preds/demo1', 'shots': '/scratch/mthakur/Dyn-HaMR/test/dynhamr/shot_idcs/demo1.json'}

FOUND 671 FRAMES in /scratch/mthakur/Dyn-HaMR/test/images/demo1
FOUND TRACKS IN /scratch/mthakur/Dyn-HaMR/test/dynhamr/track_preds/demo1
FOUND CAMERAS IN /scratch/mthakur/Dyn-HaMR/test/dynhamr/cameras/demo1/shot-0
frame, hand track, slam camera:  0.00720977783203125 0.0004975795745849609 0.00018596649169921875
end of check_data_sources, time:  0.007904529571533203
FOUND 671/671 FRAMES FOR SHOT 0
USING TOTAL 500 1920x1080 IMGS
raw TRACK IDS and LENGTHS ['000', '001'] [499, 500]
TRACK LENGTHS ['000', '001'] [499, 500]
TRACK IDS ['000', '001']
START 0 END 500
OUT_DIR /scratch/mthakur/outputs/logs/video-custom/2025-12-17/demo1-all-shot-0-0-500
SAVE_DIR .//logs-video-custom
VISUALIZING PHASES ['smooth_fit', 'prior']
RENDERING VIEWS ['src_cam', 'front', 'above', 'side']
OVERWRITE False
IMAGEIO FFMPEG_WRITER WARNING: input image is not divisible by macro_block_size=16, resizing from (1920, 1080) to (1920, 1088) to ensure video compatibility with most codecs and players. To prevent resizing, make your input image divisible by the macro_block_size or set the macro_block_size to 1 (risking incompatibility).
SAVED 500 INPUT FRAMES TO .//logs-video-custom/demo1_input.mp4
found 5 results in /scratch/mthakur/outputs/logs/video-custom/2025-12-17/demo1-all-shot-0-0-500/smooth_fit
FOUND 5 results in /scratch/mthakur/outputs/logs/video-custom/2025-12-17/demo1-all-shot-0-0-500/smooth_fit
/scratch/mthakur/outputs/logs/video-custom/2025-12-17/demo1-all-shot-0-0-500/prior does not exist, skipping
0 500 0 500 (0, 500) (0, 500)
Loading cameras from /scratch/mthakur/Dyn-HaMR/test/dynhamr/cameras/demo1/shot-0/cameras.npz...
Logger must be initialized before logging!
Loaded 671 cameras
Images have 1920x1080, intrins tensor([1500., 1500.,  960.,  540.])
Logger must be initialized before logging!
CAMERA DATA torch.Size([500, 3, 3]) torch.Size([500, 3]) tensor([1500., 1500.,  960.,  540.])
2 000 torch.Size([500]) torch.Size([2])
2 001 torch.Size([500]) torch.Size([2])
RESOLVED PATHS {'base_dir': '/scratch/mthakur/Dyn-HaMR/None', 'DATA_DIR': '/scratch/mthakur/Dyn-HaMR/_DATA/data/', 'vposer': '/scratch/mthakur/Dyn-HaMR/VPoser/pretrained/Vposer_right_mirrored'}
initializing MANO model with cfgs: {'model_path': '/scratch/mthakur/Dyn-HaMR/_DATA/data//mano', 'gender': 'neutral', 'num_hand_joints': 15, 'mean_params': '/scratch/mthakur/Dyn-HaMR/_DATA/data//mano_mean_params.npz', 'create_body_pose': False} B*T 1000
!!!!!!!!!!!!!!!  /scratch/mthakur/Dyn-HaMR/_DATA/data//mano
WARNING: You are using a MANO model, with only 10 shape coefficients.
USING INTRINSICS CAMERA tensor([1500., 1500.,  960.,  540.])
Traceback (most recent call last):
  File "/scratch/mthakur/Dyn-HaMR/dyn-hamr/run_vis.py", line 389, in <module>
    main(args)
  File "/scratch/mthakur/Dyn-HaMR/dyn-hamr/run_vis.py", line 364, in main
    launch_vis(i, args)
  File "/scratch/mthakur/Dyn-HaMR/dyn-hamr/run_vis.py", line 325, in launch_vis
    visualize_log(
  File "/scratch/mthakur/Dyn-HaMR/dyn-hamr/run_vis.py", line 309, in visualize_log
    run_vis(cfg, dataset, log_dir, dev_id, phases=phases, save_dir=save_dir, **kwargs)
  File "/scratch/mthakur/Dyn-HaMR/dyn-hamr/run_vis.py", line 176, in run_vis
    render_results(
  File "/scratch/mthakur/Dyn-HaMR/dyn-hamr/run_vis.py", line 262, in render_results
    vis = init_viewer(
  File "/scratch/mthakur/Dyn-HaMR/dyn-hamr/vis/viewer.py", line 40, in init_viewer
    vis = OffscreenAnimation(img_size, intrins=intrins, fps=fps)
  File "/scratch/mthakur/Dyn-HaMR/dyn-hamr/vis/viewer.py", line 265, in __init__
    self.viewer = pyrender.OffscreenRenderer(*self.viewport_size)
  File "/usr/local/lib/python3.10/dist-packages/pyrender/offscreen.py", line 31, in __init__
    self._create()
  File "/usr/local/lib/python3.10/dist-packages/pyrender/offscreen.py", line 137, in _create
    egl_device = egl.get_device_by_index(device_id)
  File "/usr/local/lib/python3.10/dist-packages/pyrender/platforms/egl.py", line 83, in get_device_by_index
    raise ValueError('Invalid device ID ({})'.format(device_id, len(devices)))
ValueError: Invalid device ID (0)
srun: error: gpu020: task 0: Exited with exit code 1
srun: launch/slurm: _step_signal: Terminating StepId=8761181.0
===============================================
Job finished at: Wed Dec 17 17:45:35 CET 2025
Execution took 0.04 hours
Writing output to SLURM_logs/example_092.out
===============================================
