Activated environment: /scratch/mthakur/Dyn-HaMR/.dynhamr
Python version:
Python 3.10.13
Loaded modules:

Currently Loaded Modules:
  1) slurm/current    3) gcc/11.3.0   5) cuda/11.7       7) python/3.10.13
  2) DefaultModules   4) 2024r1       6) openmpi/4.1.6

 

Loaded Python Libraries
absl-py==2.3.1
addict==2.4.0
aiohappyeyeballs==2.6.1
aiohttp==3.13.2
aiosignal==1.4.0
antlr4-python3-runtime==4.9.3
arguments==76
asttokens==3.0.0
async-timeout==5.0.1
attrs==25.4.0
beautifulsoup4==4.14.2
black==25.11.0
blinker==1.9.0
braceexpand==0.1.7
certifi==2022.12.7
cffi==2.0.0
charset-normalizer==2.1.1
chumpy==0.71
click==8.3.0
cloudpickle==3.1.2
colorlog==6.10.1
comm==0.2.3
ConfigArgParse==1.7.1
configer==1.4.1
configparser==7.2.0
consoleprinter==95
contourpy==1.0.7
cycler==0.12.1
Cython==3.2.0
dash==3.2.0
decorator==5.2.1
detectron2==0.6
dill==0.4.0
dotmap==1.3.30
droid-backends==0.0.0
-e git+https://github.com/ZhengdiYu/Dyn-HaMR.git@98e162203113fdcd42f5a814d21eab83ea296520#egg=dyn_hamr
einops==0.8.1
exceptiongroup==1.3.0
executing==2.2.1
fastjsonschema==2.21.2
filelock==3.20.0
Flask==3.1.2
flatbuffers==25.9.23
fonttools==4.60.1
freetype-py==2.5.1
frozenlist==1.8.0
fsspec==2025.10.0
future==1.0.0
fvcore==0.1.5.post20221221
gdown==5.2.0
grpcio==1.76.0
-e git+https://github.com/ZhengdiYu/hamer.git@051dbaa48076f8814f8ce754071ca1d343e0b89e#egg=hamer&subdirectory=../../../third-party/hamer
-e git+https://github.com/nghorbani/human_body_prior.git@4c246d8a83ce16d3cff9c79dcf04d81fa440a6bc#egg=human_body_prior
hydra-colorlog==1.2.0
hydra-core==1.3.2
hydra-submitit-launcher==1.2.0
idna==3.4
ImageIO==2.37.2
imageio-ffmpeg==0.6.0
importlib_metadata==8.7.0
iopath==0.1.9
ipython==8.37.0
ipywidgets==8.1.8
itsdangerous==2.2.0
jedi==0.19.2
Jinja2==3.1.6
joblib==1.5.2
json-tricks==3.17.3
jsonschema==4.25.1
jsonschema-specifications==2025.9.1
jupyter_core==5.9.1
jupyterlab_widgets==3.0.16
kiwisolver==1.4.9
lazy_loader==0.4
lietorch==0.2
lightning-utilities==0.15.2
loguru==0.7.3
manopth==0.0.1
Markdown==3.10
markdown-it-py==4.0.0
MarkupSafe==3.0.3
matplotlib==3.5.3
matplotlib-inline==0.2.1
mdurl==0.1.2
mediapipe==0.10.9
mmcv==1.3.9
-e git+https://github.com/ViTAE-Transformer/ViTPose.git@d5216452796c90c6bc29f5c5ec0bdba94366768a#egg=mmpose&subdirectory=../../../../../../third-party/hamer/third-party/ViTPose
motmetrics==1.4.0
mpmath==1.3.0
multidict==6.7.0
munkres==1.1.4
mypy_extensions==1.1.0
narwhals==2.11.0
nbformat==5.10.4
nest-asyncio==1.6.0
networkx==3.4.2
numpy==1.24.4
nvidia-cublas-cu12==12.8.4.1
nvidia-cuda-cupti-cu12==12.8.90
nvidia-cuda-nvrtc-cu12==12.8.93
nvidia-cuda-runtime-cu12==12.8.90
nvidia-cudnn-cu12==9.10.2.21
nvidia-cufft-cu12==11.3.3.83
nvidia-cufile-cu12==1.13.1.3
nvidia-curand-cu12==10.3.9.90
nvidia-cusolver-cu12==11.7.3.90
nvidia-cusparse-cu12==12.5.8.93
nvidia-cusparselt-cu12==0.7.1
nvidia-nccl-cu12==2.27.5
nvidia-nvjitlink-cu12==12.8.93
nvidia-nvshmem-cu12==3.3.20
nvidia-nvtx-cu12==12.8.90
omegaconf==2.3.0
open3d==0.18.0
opencv-contrib-python==4.12.0.88
opencv-python==4.6.0.66
packaging==25.0
pandas==1.4.0
parso==0.8.5
pathspec==0.12.1
pexpect==4.9.0
pillow==11.3.0
platformdirs==4.5.0
plotly==6.4.0
plyfile==1.1.3
portalocker==3.2.0
prompt_toolkit==3.0.52
propcache==0.4.1
protobuf==3.20.3
psbody-mesh==0.4
ptyprocess==0.7.0
pure_eval==0.2.3
pycocotools==2.0.10
pycparser==2.23
pyglet==2.1.11
Pygments==2.19.2
PyOpenGL==3.1.0
pyparsing==3.2.5
pyquaternion==0.9.9
pyrender==0.1.45
pyrootutils==1.0.4
PySocks==1.7.1
python-dateutil==2.9.0.post0
python-dotenv==1.2.1
pytokens==0.3.0
pytorch-lightning==2.5.6
pytz==2025.2
PyWavelets==1.8.0
PyYAML==6.0.3
referencing==0.37.0
requests==2.28.1
retrying==1.4.2
rich==14.2.0
rpds-py==0.28.0
scikit-image==0.19.3
scikit-learn==1.7.2
scipy==1.8.1
six==1.17.0
smplx==0.1.28
sounddevice==0.5.3
soupsieve==2.8
stack-data==0.6.3
submitit==1.5.3
sympy==1.14.0
tabulate==0.9.0
tensorboard==2.20.0
tensorboard-data-server==0.7.2
termcolor==3.2.0
terminaltables==3.1.10
threadpoolctl==3.6.0
tifffile==2025.5.10
timm==0.4.9
tomli==2.3.0
torch==1.13.0+cu117
torch-scatter==2.1.2
torchgeometry==0.1.2
torchmetrics==1.8.2
torchvision==0.14.0+cu117
tqdm==4.67.1
traitlets==5.14.3
transforms3d==0.3.1
trimesh==4.9.0
triton==3.5.0
typing_extensions==4.15.0
ujson==5.11.0
urllib3==1.26.13
wcwidth==0.2.14
webdataset==1.0.2
Werkzeug==3.1.3
widgetsnbextension==4.0.15
xmltodict==1.0.2
xtcocotools==1.14.3
yacs==0.1.8
yapf==0.43.0
yarl==1.22.0
zipp==3.23.0
================ SLURM JOB INFO ================
Job ID:         8601296
Job Name:       example
Partition:      gpu-a100-small
Node List:      gpu020
CPUs per task:  2
Memory per CPU: 
GPUs per task:  1
Memory per GPU: 10240
Submit dir:     /scratch/mthakur/Dyn-HaMR
Work dir:       /scratch/mthakur/Dyn-HaMR
Job started at: Mon Nov 17 13:48:17 CET 2025
===============================================
/scratch/mthakur/Dyn-HaMR
run_opt.py:  {'data': {'type': 'video', 'split': 'custom', 'root': '/scratch/mthakur/Dyn-HaMR/test', 'video_dir': 'videos', 'seq': 'demo1', 'ext': 'mp4', 'src_path': '${data.root}/${data.video_dir}/${data.seq}.${data.ext}', 'frame_opts': {'ext': 'jpg', 'fps': 25, 'start_sec': 0, 'end_sec': -1}, 'use_cams': True, 'track_ids': 'all', 'shot_idx': 0, 'start_idx': 0, 'end_idx': 500, 'split_cameras': True, 'name': '${data.seq}-${data.track_ids}-shot-${data.shot_idx}-${data.start_idx}-${data.end_idx}', 'sources': {'images': '${data.root}/images/${data.seq}', 'cameras': '${data.root}/dynhamr/cameras/${data.seq}/shot-${data.shot_idx}', 'tracks': '${data.root}/dynhamr/track_preds/${data.seq}', 'shots': '${data.root}/dynhamr/shot_idcs/${data.seq}.json'}}, 'optim': {'options': {'robust_loss_type': 'bisquare', 'robust_tuning_const': 4.6851, 'joints2d_sigma': 100.0, 'lr': 1.0, 'lbfgs_max_iter': 20, 'save_every': 20, 'vis_every': -1, 'max_chunk_steps': 20, 'save_meshes': False}, 'root': {'num_iters': 30}, 'smpl': {'num_iters': 0}, 'smooth': {'opt_scale': False, 'num_iters': 60}, 'motion_chunks': {'chunk_size': 10, 'init_steps': 20, 'chunk_steps': 20, 'opt_cams': True}, 'loss_weights': {'penetration': [0, 0, 0], 'joints2d': [0.001, 0.001, 0.001], 'bg2d': [0.0, 0.0, 0.0], 'cam_R_smooth': [0.0, 0.0, 0.0], 'cam_t_smooth': [0.0, 0.0, 0.0], 'bio': [10, 10, 10], 'joints3d': [0.0, 0.0, 0.0], 'joints3d_smooth': [1.0, 10.0, 0.0], 'joints3d_rollout': [0.0, 0.0, 0.0], 'verts3d': [0.0, 0.0, 0.0], 'points3d': [0.0, 0.0, 0.0], 'pose_prior': [0.04, 0.04, 0.04], 'shape_prior': [0.05, 0.05, 0.05], 'motion_prior': [0.0, 0.0, 0.075], 'init_motion_prior': [0.0, 0.0, 0.075], 'joint_consistency': [0.0, 0.0, 100.0], 'bone_length': [0.0, 2000.0, 2000.0]}}, 'model': {'use_init': True, 'opt_cams': False, 'opt_scale': True, 'async_tracks': True}, 'overwrite': False, 'run_opt': True, 'run_vis': True, 'run_prior': False, 'datatype': '${data.video_dir}', 'vis': {'phases': ['smooth_fit', 'prior'], 'render_views': ['above', 'side', 'front'], 'make_grid': True, 'overwrite': False}, 'MANO': {'MODEL_PATH': '${paths.DATA_DIR}/mano', 'GENDER': 'neutral', 'NUM_HAND_JOINTS': 15, 'MEAN_PARAMS': '${paths.DATA_DIR}/mano_mean_params.npz', 'CREATE_BODY_POSE': False}, 'paths': {'base_dir': 'None', 'DATA_DIR': '_DATA/data/', 'vposer': 'VPoser/pretrained/Vposer_right_mirrored'}, 'HMP': {'config': 'hmp_config.yaml', 'use_hposer': False, 'vid_path': '${data.root}/video/${data.seq}.mp4', 'exp_name': 'None'}, 'fps': 30, 'log_root': '../outputs/logs', 'log_dir': '${log_root}/${data.type}-${data.split}', 'exp_name': '${now:%Y-%m-%d}', 'temporal_smooth': True, 'gpu': 0, 'is_static': True}
out_dir /scratch/mthakur/outputs/logs/video-custom/2025-11-17/demo1-all-shot-0-0-500
init SOURCES {'images': '${data.root}/images/${data.seq}', 'cameras': '${data.root}/dynhamr/cameras/${data.seq}/shot-${data.shot_idx}', 'tracks': '${data.root}/dynhamr/track_preds/${data.seq}', 'shots': '${data.root}/dynhamr/shot_idcs/${data.seq}.json'}
SOURCES {'images': '/scratch/mthakur/Dyn-HaMR/test/images/demo1', 'cameras': '/scratch/mthakur/Dyn-HaMR/test/dynhamr/cameras/demo1/shot-0', 'tracks': '/scratch/mthakur/Dyn-HaMR/test/dynhamr/track_preds/demo1', 'shots': '/scratch/mthakur/Dyn-HaMR/test/dynhamr/shot_idcs/demo1.json'}
DATA SOURCES {'images': '/scratch/mthakur/Dyn-HaMR/test/images/demo1', 'cameras': '/scratch/mthakur/Dyn-HaMR/test/dynhamr/cameras/demo1/shot-0', 'tracks': '/scratch/mthakur/Dyn-HaMR/test/dynhamr/track_preds/demo1', 'shots': '/scratch/mthakur/Dyn-HaMR/test/dynhamr/shot_idcs/demo1.json'}

FOUND 671 FRAMES in /scratch/mthakur/Dyn-HaMR/test/images/demo1
FOUND TRACKS IN /scratch/mthakur/Dyn-HaMR/test/dynhamr/track_preds/demo1
RUNNING SLAM ON demo1
[0] 0 (array([0]),) /scratch/mthakur/Dyn-HaMR/test/images/demo1 /scratch/mthakur/Dyn-HaMR/test/dynhamr/shot_idcs/demo1.json
[(0, 671)]
img_dir, map_dir, start, end, intrins_path /scratch/mthakur/Dyn-HaMR/test/images/demo1 /scratch/mthakur/Dyn-HaMR/test/dynhamr/cameras/demo1/shot-0 0 671 None
srun /scratch/mthakur/Dyn-HaMR/.dynhamr/bin/python3.10 /scratch/mthakur/Dyn-HaMR/dyn-hamr/preproc/run_slam.py -i /scratch/mthakur/Dyn-HaMR/test/images/demo1 --map_dir /scratch/mthakur/Dyn-HaMR/test/dynhamr/cameras/demo1/shot-0 --disable_vis --end 671
srun: Job 8601296 step creation temporarily disabled, retrying (Requested nodes are busy)
srun: Job 8601296 step creation still disabled, retrying (Requested nodes are busy)
srun: Job 8601296 step creation still disabled, retrying (Requested nodes are busy)
srun: Job 8601296 step creation still disabled, retrying (Requested nodes are busy)
srun: Job 8601296 step creation still disabled, retrying (Requested nodes are busy)
srun: Job 8601296 step creation still disabled, retrying (Requested nodes are busy)
srun: Job 8601296 step creation still disabled, retrying (Requested nodes are busy)
srun: error: Unable to create step for job 8601296: Job/step already completing or completed
Error executing job with overrides: ['data=video', 'run_opt=True', 'data.seq=demo1', 'is_static=True']
srun: Job step aborted: Waiting up to 122 seconds for job step to finish.
slurmstepd: error: *** STEP 8601296.0 ON gpu020 CANCELLED AT 2025-11-17T14:02:36 DUE TO TIME LIMIT ***
