
Lmod is automatically replacing "2023r1" with "2024r1".

-------------------------------------------------------------------------------
The following dependent module(s) are not currently loaded: libffi/3.4.2 (required by: py-cffi/1.15.0), libyaml/0.2.5 (required by: py-pyyaml/6.0), openblas/0.3.21~ilp64 (required by: py-numpy/1.22.4), py-pycparser/2.21 (required by: py-cffi/1.15.0), py-setuptools/59.4.0 (required by: py-numpy/1.22.4, py-protobuf/3.19.4, py-tqdm/4.64.1), py-six/1.16.0 (required by: py-protobuf/3.19.4), python/3.9.8 (required by: py-pycparser/2.21, py-cffi/1.15.0, py-future/0.18.2, py-setuptools/59.4.0, py-numpy/1.22.4, py-six/1.16.0, py-protobuf/3.19.4, py-pybind11/2.6.2, py-pyyaml/6.0, py-tqdm/4.64.1, py-typing-extensions/4.3.0, py-pip/22.2.2)
-------------------------------------------------------------------------------

Inactive Modules:
  1) libffi/3.4.2              8) py-protobuf/3.19.4
  2) openblas/0.3.21~ilp64     9) py-pybind11/2.6.2
  3) openmpi/4.1.4            10) py-setuptools/59.4.0
  4) protobuf/3.17.3          11) py-torch/1.12.1
  5) py-cffi/1.15.0           12) py-tqdm/4.64.1
  6) py-future/0.18.2         13) py-typing-extensions/4.3.0
  7) py-numpy/1.22.4          14) valgrind/3.19.0

Due to MODULEPATH changes, the following have been reloaded:
  1) eigen/3.4.0          5) numactl/2.0.14             9) py-pyyaml/6.0
  2) fxdiv/2020-04-17     6) psimd/2020-05-17          10) py-six/1.16.0
  3) libyaml/0.2.5        7) pthreadpool/2021-04-13
  4) ninja/1.11.1         8) py-pycparser/2.21

The following have been reloaded with a version change:
  1) py-pip/22.2.2 => py-pip/23.1.2     2) python/3.9.8 => python/3.10.13

Activated environment: /scratch/mthakur/Dyn-HaMR/.dynhamr
Python version:
Python 3.10.13
Loaded modules:

Currently Loaded Modules:
  1) slurm/current      7) numactl/2.0.14          13) py-pyyaml/6.0
  2) DefaultModules     8) psimd/2020-05-17        14) py-pip/23.1.2
  3) gcc/11.3.0         9) pthreadpool/2021-04-13  15) ninja/1.11.1
  4) 2024r1            10) py-pycparser/2.21       16) cuda/11.7
  5) eigen/3.4.0       11) py-six/1.16.0           17) python/3.10.13
  6) fxdiv/2020-04-17  12) libyaml/0.2.5

Inactive Modules:
  1) openmpi/4.1.4           8)  py-numpy/1.22.4
  2) openblas/0.3.21~ilp64   9)  py-protobuf/3.19.4
  3) protobuf/3.17.3         10) py-pybind11/2.6.2
  4) libffi/3.4.2            11) py-tqdm/4.64.1
  5) py-cffi/1.15.0          12) py-typing-extensions/4.3.0
  6) py-future/0.18.2        13) valgrind/3.19.0
  7) py-setuptools/59.4.0    14) py-torch/1.12.1

 

Loaded Python Libraries
absl-py==2.3.1
addict==2.4.0
aiohappyeyeballs==2.6.1
aiohttp==3.13.2
aiosignal==1.4.0
antlr4-python3-runtime==4.9.3
arguments==76
asttokens==3.0.0
async-timeout==5.0.1
attrs==25.4.0
beautifulsoup4==4.14.2
black==25.11.0
blinker==1.9.0
braceexpand==0.1.7
certifi==2022.12.7
cffi==2.0.0
charset-normalizer==2.1.1
chumpy==0.71
click==8.3.0
cloudpickle==3.1.2
colorlog==6.10.1
comm==0.2.3
ConfigArgParse==1.7.1
configer==1.4.1
configparser==7.2.0
consoleprinter==95
contourpy==1.0.7
cycler==0.12.1
Cython==3.2.0
dash==3.2.0
decorator==5.2.1
detectron2==0.6
dill==0.4.0
dotmap==1.3.30
droid-backends==0.0.0
-e git+https://github.com/ZhengdiYu/Dyn-HaMR.git@98e162203113fdcd42f5a814d21eab83ea296520#egg=dyn_hamr
einops==0.8.1
exceptiongroup==1.3.0
executing==2.2.1
fastjsonschema==2.21.2
filelock==3.20.0
Flask==3.1.2
flatbuffers==25.9.23
fonttools==4.60.1
freetype-py==2.5.1
frozenlist==1.8.0
fsspec==2025.10.0
future==1.0.0
fvcore==0.1.5.post20221221
gdown==5.2.0
grpcio==1.76.0
-e git+https://github.com/ZhengdiYu/hamer.git@051dbaa48076f8814f8ce754071ca1d343e0b89e#egg=hamer&subdirectory=../../../third-party/hamer
-e git+https://github.com/nghorbani/human_body_prior.git@4c246d8a83ce16d3cff9c79dcf04d81fa440a6bc#egg=human_body_prior
hydra-colorlog==1.2.0
hydra-core==1.3.2
hydra-submitit-launcher==1.2.0
idna==3.4
ImageIO==2.37.2
imageio-ffmpeg==0.6.0
importlib_metadata==8.7.0
iopath==0.1.9
ipython==8.37.0
ipywidgets==8.1.8
itsdangerous==2.2.0
jedi==0.19.2
Jinja2==3.1.6
joblib==1.5.2
json-tricks==3.17.3
jsonschema==4.25.1
jsonschema-specifications==2025.9.1
jupyter_core==5.9.1
jupyterlab_widgets==3.0.16
kiwisolver==1.4.9
lazy_loader==0.4
lietorch==0.2
lightning-utilities==0.15.2
loguru==0.7.3
manopth==0.0.1
Markdown==3.10
markdown-it-py==4.0.0
MarkupSafe==3.0.3
matplotlib==3.5.3
matplotlib-inline==0.2.1
mdurl==0.1.2
mediapipe==0.10.9
mmcv==1.3.9
-e git+https://github.com/ViTAE-Transformer/ViTPose.git@d5216452796c90c6bc29f5c5ec0bdba94366768a#egg=mmpose&subdirectory=../../../../../../third-party/hamer/third-party/ViTPose
motmetrics==1.4.0
mpmath==1.3.0
multidict==6.7.0
munkres==1.1.4
mypy_extensions==1.1.0
narwhals==2.11.0
nbformat==5.10.4
nest-asyncio==1.6.0
networkx==3.4.2
numpy==1.24.4
nvidia-cublas-cu12==12.8.4.1
nvidia-cuda-cupti-cu12==12.8.90
nvidia-cuda-nvrtc-cu12==12.8.93
nvidia-cuda-runtime-cu12==12.8.90
nvidia-cudnn-cu12==9.10.2.21
nvidia-cufft-cu12==11.3.3.83
nvidia-cufile-cu12==1.13.1.3
nvidia-curand-cu12==10.3.9.90
nvidia-cusolver-cu12==11.7.3.90
nvidia-cusparse-cu12==12.5.8.93
nvidia-cusparselt-cu12==0.7.1
nvidia-nccl-cu12==2.27.5
nvidia-nvjitlink-cu12==12.8.93
nvidia-nvshmem-cu12==3.3.20
nvidia-nvtx-cu12==12.8.90
omegaconf==2.3.0
open3d==0.18.0
opencv-contrib-python==4.12.0.88
opencv-python==4.6.0.66
packaging==25.0
pandas==1.4.0
parso==0.8.5
pathspec==0.12.1
pexpect==4.9.0
pillow==11.3.0
platformdirs==4.5.0
plotly==6.4.0
plyfile==1.1.3
portalocker==3.2.0
prompt_toolkit==3.0.52
propcache==0.4.1
protobuf==3.20.3
psbody-mesh==0.4
ptyprocess==0.7.0
pure_eval==0.2.3
pycocotools==2.0.10
pycparser @ file:///tmp/spack-stage/build/spack-stage-py-pycparser-2.21-rnm6x2c23ltra4wvkp7v2qt6yhhtp6uk/spack-src
pyglet==2.1.11
Pygments==2.19.2
PyOpenGL==3.1.0
pyparsing==3.2.5
pyquaternion==0.9.9
pyrender==0.1.45
pyrootutils==1.0.4
PySocks==1.7.1
python-dateutil==2.9.0.post0
python-dotenv==1.2.1
pytokens==0.3.0
pytorch-lightning==2.5.6
pytz==2025.2
PyWavelets==1.8.0
PyYAML @ file:///tmp/spack-stage/build/spack-stage-py-pyyaml-6.0-bbkooqm42yftc4ckvjtrybba5jygieho/spack-src
referencing==0.37.0
requests==2.28.1
retrying==1.4.2
rich==14.2.0
rpds-py==0.28.0
scikit-image==0.19.3
scikit-learn==1.7.2
scipy==1.8.1
six @ file:///tmp/spack-stage/build/spack-stage-py-six-1.16.0-ewiiob5wzp5knjb2ludku4syihmk5bmi/spack-src
smplx==0.1.28
sounddevice==0.5.3
soupsieve==2.8
stack-data==0.6.3
submitit==1.5.3
sympy==1.14.0
tabulate==0.9.0
tensorboard==2.20.0
tensorboard-data-server==0.7.2
termcolor==3.2.0
terminaltables==3.1.10
threadpoolctl==3.6.0
tifffile==2025.5.10
timm==0.4.9
tomli==2.3.0
torch==1.13.0+cu117
torch-scatter==2.1.2
torchgeometry==0.1.2
torchmetrics==1.8.2
torchvision==0.14.0+cu117
tqdm==4.67.1
traitlets==5.14.3
transforms3d==0.3.1
trimesh==4.9.0
triton==3.5.0
typing_extensions==4.15.0
ujson==5.11.0
urllib3==1.26.13
wcwidth==0.2.14
webdataset==1.0.2
Werkzeug==3.1.3
widgetsnbextension==4.0.15
xmltodict==1.0.2
xtcocotools==1.14.3
yacs==0.1.8
yapf==0.43.0
yarl==1.22.0
zipp==3.23.0
================ SLURM JOB INFO ================
Job ID:         8749718
Job Name:       example
Partition:      gpu-a100-small
Node List:      gpu020
CPUs per task:  2
Memory per CPU: 
GPUs per task:  1
Memory per GPU: 10240
Submit dir:     /scratch/mthakur/Dyn-HaMR
Work dir:       /scratch/mthakur/Dyn-HaMR
Job started at: Wed Dec 10 18:20:54 CET 2025
===============================================
/scratch/mthakur/Dyn-HaMR
run_opt.py:  {'data': {'type': 'video', 'split': 'custom', 'root': '/scratch/mthakur/Dyn-HaMR/test', 'video_dir': 'videos', 'seq': 'demo1', 'ext': 'mp4', 'src_path': '${data.root}/${data.video_dir}/${data.seq}.${data.ext}', 'frame_opts': {'ext': 'jpg', 'fps': 25, 'start_sec': 0, 'end_sec': -1}, 'use_cams': True, 'track_ids': 'all', 'shot_idx': 0, 'start_idx': 0, 'end_idx': 500, 'split_cameras': True, 'name': '${data.seq}-${data.track_ids}-shot-${data.shot_idx}-${data.start_idx}-${data.end_idx}', 'sources': {'images': '${data.root}/images/${data.seq}', 'cameras': '${data.root}/dynhamr/cameras/${data.seq}/shot-${data.shot_idx}', 'tracks': '${data.root}/dynhamr/track_preds/${data.seq}', 'shots': '${data.root}/dynhamr/shot_idcs/${data.seq}.json'}}, 'optim': {'options': {'robust_loss_type': 'bisquare', 'robust_tuning_const': 4.6851, 'joints2d_sigma': 100.0, 'lr': 1.0, 'lbfgs_max_iter': 20, 'save_every': 20, 'vis_every': -1, 'max_chunk_steps': 20, 'save_meshes': False}, 'root': {'num_iters': 30}, 'smpl': {'num_iters': 0}, 'smooth': {'opt_scale': False, 'num_iters': 60}, 'motion_chunks': {'chunk_size': 10, 'init_steps': 20, 'chunk_steps': 20, 'opt_cams': True}, 'loss_weights': {'penetration': [0, 0, 0], 'joints2d': [0.001, 0.001, 0.001], 'bg2d': [0.0, 0.0, 0.0], 'cam_R_smooth': [0.0, 0.0, 0.0], 'cam_t_smooth': [0.0, 0.0, 0.0], 'bio': [10, 10, 10], 'joints3d': [0.0, 0.0, 0.0], 'joints3d_smooth': [1.0, 10.0, 0.0], 'joints3d_rollout': [0.0, 0.0, 0.0], 'verts3d': [0.0, 0.0, 0.0], 'points3d': [0.0, 0.0, 0.0], 'pose_prior': [0.04, 0.04, 0.04], 'shape_prior': [0.05, 0.05, 0.05], 'motion_prior': [0.0, 0.0, 0.075], 'init_motion_prior': [0.0, 0.0, 0.075], 'joint_consistency': [0.0, 0.0, 100.0], 'bone_length': [0.0, 2000.0, 2000.0]}}, 'model': {'use_init': True, 'opt_cams': False, 'opt_scale': True, 'async_tracks': True}, 'overwrite': False, 'run_opt': True, 'run_vis': True, 'run_prior': False, 'datatype': '${data.video_dir}', 'vis': {'phases': ['smooth_fit', 'prior'], 'render_views': ['above', 'side', 'front'], 'make_grid': True, 'overwrite': False}, 'MANO': {'MODEL_PATH': '${paths.DATA_DIR}/mano', 'GENDER': 'neutral', 'NUM_HAND_JOINTS': 15, 'MEAN_PARAMS': '${paths.DATA_DIR}/mano_mean_params.npz', 'CREATE_BODY_POSE': False}, 'paths': {'base_dir': 'None', 'DATA_DIR': '_DATA/data/', 'vposer': 'VPoser/pretrained/Vposer_right_mirrored'}, 'HMP': {'config': 'hmp_config.yaml', 'use_hposer': False, 'vid_path': '${data.root}/video/${data.seq}.mp4', 'exp_name': 'None'}, 'fps': 30, 'log_root': '../outputs/logs', 'log_dir': '${log_root}/${data.type}-${data.split}', 'exp_name': '${now:%Y-%m-%d}', 'temporal_smooth': True, 'gpu': 0, 'is_static': True}
out_dir /scratch/mthakur/outputs/logs/video-custom/2025-12-10/demo1-all-shot-0-0-500
init SOURCES {'images': '${data.root}/images/${data.seq}', 'cameras': '${data.root}/dynhamr/cameras/${data.seq}/shot-${data.shot_idx}', 'tracks': '${data.root}/dynhamr/track_preds/${data.seq}', 'shots': '${data.root}/dynhamr/shot_idcs/${data.seq}.json'}
SOURCES {'images': '/scratch/mthakur/Dyn-HaMR/test/images/demo1', 'cameras': '/scratch/mthakur/Dyn-HaMR/test/dynhamr/cameras/demo1/shot-0', 'tracks': '/scratch/mthakur/Dyn-HaMR/test/dynhamr/track_preds/demo1', 'shots': '/scratch/mthakur/Dyn-HaMR/test/dynhamr/shot_idcs/demo1.json'}
DATA SOURCES {'images': '/scratch/mthakur/Dyn-HaMR/test/images/demo1', 'cameras': '/scratch/mthakur/Dyn-HaMR/test/dynhamr/cameras/demo1/shot-0', 'tracks': '/scratch/mthakur/Dyn-HaMR/test/dynhamr/track_preds/demo1', 'shots': '/scratch/mthakur/Dyn-HaMR/test/dynhamr/shot_idcs/demo1.json'}

FOUND 671 FRAMES in /scratch/mthakur/Dyn-HaMR/test/images/demo1
FOUND TRACKS IN /scratch/mthakur/Dyn-HaMR/test/dynhamr/track_preds/demo1
FOUND CAMERAS IN /scratch/mthakur/Dyn-HaMR/test/dynhamr/cameras/demo1/shot-0
frame, hand track, slam camera:  0.009298086166381836 0.0004296302795410156 0.00019812583923339844
end of check_data_sources, time:  0.009936332702636719
FOUND 671/671 FRAMES FOR SHOT 0
USING TOTAL 500 1920x1080 IMGS
raw TRACK IDS and LENGTHS ['000', '001'] [499, 500]
TRACK LENGTHS ['000', '001'] [499, 500]
TRACK IDS ['000', '001']
START 0 END 500
SAVED TRACK INFO
CUDA_VISIBLE_DEVICES 0
0 500 0 500 (0, 500) (0, 500)
WARNING: /scratch/mthakur/Dyn-HaMR/test/dynhamr/cameras/demo1/shot-0/cameras.npz does not exist, using static cameras...
Images have 1920x1080, intrins tensor([1500., 1500.,  960.,  540.])
CAMERA DATA torch.Size([500, 3, 3]) torch.Size([500, 3]) tensor([1500., 1500.,  960.,  540.])
2 000 torch.Size([500]) torch.Size([2])
2 001 torch.Size([500]) torch.Size([2])
Batch size (dataset_length), T (dataset.seq_len):  2 2 500
OBS DATA dict_keys(['joints2d', 'init_body_pose', 'init_body_shape', 'init_root_orient', 'init_trans', 'is_right', 'vis_mask', 'seq_interval', 'track_interval', 'track_id', 'seq_name'])
CAM DATA dict_keys(['cam_R', 'cam_t', 'intrins', 'static']) cam_R tensor([[[1., 0., 0.],
         [0., 1., 0.],
         [0., 0., 1.]],

        [[1., 0., 0.],
         [0., 1., 0.],
         [0., 0., 1.]],

        [[1., 0., 0.],
         [0., 1., 0.],
         [0., 0., 1.]],

        ...,

        [[1., 0., 0.],
         [0., 1., 0.],
         [0., 0., 1.]],

        [[1., 0., 0.],
         [0., 1., 0.],
         [0., 0., 1.]],

        [[1., 0., 0.],
         [0., 1., 0.],
         [0., 0., 1.]]], device='cuda:0')
dataset.py, cam2world:  tensor([[[1., 0., 0.],
         [0., 1., 0.],
         [0., 0., 1.]],

        [[1., 0., 0.],
         [0., 1., 0.],
         [0., 0., 1.]],

        [[1., 0., 0.],
         [0., 1., 0.],
         [0., 0., 1.]],

        ...,

        [[1., 0., 0.],
         [0., 1., 0.],
         [0., 0., 1.]],

        [[1., 0., 0.],
         [0., 1., 0.],
         [0., 0., 1.]],

        [[1., 0., 0.],
         [0., 1., 0.],
         [0., 0., 1.]]])
dataset.py, cam2world:  tensor([[[1., 0., 0.],
         [0., 1., 0.],
         [0., 0., 1.]],

        [[1., 0., 0.],
         [0., 1., 0.],
         [0., 0., 1.]],

        [[1., 0., 0.],
         [0., 1., 0.],
         [0., 0., 1.]],

        ...,

        [[1., 0., 0.],
         [0., 1., 0.],
         [0., 0., 1.]],

        [[1., 0., 0.],
         [0., 1., 0.],
         [0., 0., 1.]],

        [[1., 0., 0.],
         [0., 1., 0.],
         [0., 0., 1.]]])
OPT SCALE False
RESOLVED PATHS {'base_dir': '/scratch/mthakur/Dyn-HaMR/None', 'DATA_DIR': '/scratch/mthakur/Dyn-HaMR/_DATA/data/', 'vposer': '/scratch/mthakur/Dyn-HaMR/VPoser/pretrained/Vposer_right_mirrored'}
Loading pose prior from /scratch/mthakur/Dyn-HaMR/VPoser/pretrained/Vposer_right_mirrored
RESOLVED PATHS {'base_dir': '/scratch/mthakur/Dyn-HaMR', 'DATA_DIR': '/scratch/mthakur/Dyn-HaMR/_DATA/data/', 'vposer': '/scratch/mthakur/Dyn-HaMR/VPoser/pretrained/Vposer_right_mirrored'}
Loading hand model
initializing MANO model with cfgs: {'model_path': '/scratch/mthakur/Dyn-HaMR/_DATA/data//mano', 'gender': 'neutral', 'num_hand_joints': 15, 'mean_params': '/scratch/mthakur/Dyn-HaMR/_DATA/data//mano_mean_params.npz', 'create_body_pose': False}
!!!!!!!!!!!!!!!  /scratch/mthakur/Dyn-HaMR/_DATA/data//mano
WARNING: You are using a MANO model, with only 10 shape coefficients.
USE INIT True
OPT SCALE False
OPT CAMERAS False
Batch size:  2
Initializing scene model with observed data
torch.Size([500, 3, 3]) torch.Size([2, 500, 3, 3])
SETTING PARAM init_body_pose torch.Size([2, 500, 15, 3])
SETTING PARAM latent_pose torch.Size([2, 500, 15, 3])
SETTING PARAM betas torch.Size([2, 10])
SETTING PARAM trans torch.Size([2, 500, 3])
SETTING PARAM root_orient torch.Size([2, 500, 3])
SETTING PARAM is_right torch.Size([2, 500])
{'pose_body': (2, 500, 15, 3), 'trans': (2, 500, 3), 'root_orient': (2, 500, 3)}
saving inputs to /scratch/mthakur/outputs/logs/video-custom/2025-12-10/demo1-all-shot-0-0-500/hamer/demo1_000000_phalp_world_results.npz
go into get_optim_result from output.py save_initial_predictions
running get_optim_result in base_scene.py...
get_extrinsics
saving initial results to /scratch/mthakur/outputs/logs/video-custom/2025-12-10/demo1-all-shot-0-0-500/init/demo1_000000_init_world_results.npz
OPTIMIZER OPTIONS: {'robust_loss_type': 'bisquare', 'robust_tuning_const': 4.6851, 'joints2d_sigma': 100.0, 'lr': 1.0, 'lbfgs_max_iter': 20, 'save_every': 20, 'vis_every': -1, 'max_chunk_steps': 20, 'save_meshes': False}
start optimization
INITIALIZING OPTIMIZER root_fit for ['trans', 'root_orient']
Set param names:
['trans', 'root_orient']
Set parameter grads:
{'latent_pose': False, 'betas': False, 'init_body_pose': False, 'root_orient': True, 'is_right': False, 'trans': True}
Stage loss weights set to:
{'penetration': 0, 'joints2d': 0.001, 'bg2d': 0.0, 'cam_R_smooth': 0.0, 'cam_t_smooth': 0.0, 'bio': 10, 'joints3d': 0.0, 'joints3d_smooth': 1.0, 'joints3d_rollout': 0.0, 'verts3d': 0.0, 'points3d': 0.0, 'pose_prior': 0.04, 'shape_prior': 0.05, 'motion_prior': 0.0, 'init_motion_prior': 0.0, 'joint_consistency': 0.0, 'bone_length': 0.0}
{'ignore_op_joints': None, 'joints2d_sigma': 100.0, 'use_chamfer': False, 'robust_loss': 'bisquare', 'robust_tuning_const': 4.6851, 'faces': tensor([[  1,   2,   0],
        [  0,   2,   3],
        [  4,   5,   7],
        ...,
        [240, 266,   9],
        [  9, 266,   8],
        [  8, 266,  10]], device='cuda:0')}
SEQ NAME demo1 num_iters 30
Error executing job with overrides: ['data=video', 'run_opt=True', 'data.seq=demo1', 'is_static=True']
Traceback (most recent call last):
  File "/scratch/mthakur/Dyn-HaMR/dyn-hamr/run_opt.py", line 206, in <module>
    main()
  File "/scratch/mthakur/Dyn-HaMR/.dynhamr/lib/python3.10/site-packages/hydra/main.py", line 94, in decorated_main
    _run_hydra(
  File "/scratch/mthakur/Dyn-HaMR/.dynhamr/lib/python3.10/site-packages/hydra/_internal/utils.py", line 394, in _run_hydra
    _run_app(
  File "/scratch/mthakur/Dyn-HaMR/.dynhamr/lib/python3.10/site-packages/hydra/_internal/utils.py", line 457, in _run_app
    run_and_report(
  File "/scratch/mthakur/Dyn-HaMR/.dynhamr/lib/python3.10/site-packages/hydra/_internal/utils.py", line 223, in run_and_report
    raise ex
  File "/scratch/mthakur/Dyn-HaMR/.dynhamr/lib/python3.10/site-packages/hydra/_internal/utils.py", line 220, in run_and_report
    return func()
  File "/scratch/mthakur/Dyn-HaMR/.dynhamr/lib/python3.10/site-packages/hydra/_internal/utils.py", line 458, in <lambda>
    lambda: hydra.run(
  File "/scratch/mthakur/Dyn-HaMR/.dynhamr/lib/python3.10/site-packages/hydra/_internal/hydra.py", line 132, in run
    _ = ret.return_value
  File "/scratch/mthakur/Dyn-HaMR/.dynhamr/lib/python3.10/site-packages/hydra/core/utils.py", line 260, in return_value
    raise self._return_value
  File "/scratch/mthakur/Dyn-HaMR/.dynhamr/lib/python3.10/site-packages/hydra/core/utils.py", line 186, in run_job
    ret.return_value = task_function(task_cfg)
  File "/scratch/mthakur/Dyn-HaMR/dyn-hamr/run_opt.py", line 197, in main
    run_opt(cfg, dataset, out_dir, device)
  File "/scratch/mthakur/Dyn-HaMR/dyn-hamr/run_opt.py", line 151, in run_opt
    optim.run(obs_data, cfg.optim.root.num_iters, out_dir, vis, writer)
  File "/scratch/mthakur/Dyn-HaMR/dyn-hamr/optim/optimizers.py", line 287, in run
    self.load_checkpoint(out_dir, device=device)
  File "/scratch/mthakur/Dyn-HaMR/dyn-hamr/optim/optimizers.py", line 92, in load_checkpoint
    param_dict = torch.load(param_path, map_location=device)
  File "/scratch/mthakur/Dyn-HaMR/.dynhamr/lib/python3.10/site-packages/torch/serialization.py", line 789, in load
    return _load(opened_zipfile, map_location, pickle_module, **pickle_load_args)
  File "/scratch/mthakur/Dyn-HaMR/.dynhamr/lib/python3.10/site-packages/torch/serialization.py", line 1131, in _load
    result = unpickler.load()
  File "/scratch/mthakur/Dyn-HaMR/.dynhamr/lib/python3.10/site-packages/torch/serialization.py", line 1101, in persistent_load
    load_tensor(dtype, nbytes, key, _maybe_decode_ascii(location))
  File "/scratch/mthakur/Dyn-HaMR/.dynhamr/lib/python3.10/site-packages/torch/serialization.py", line 1083, in load_tensor
    wrap_storage=restore_location(storage, location),
  File "/scratch/mthakur/Dyn-HaMR/.dynhamr/lib/python3.10/site-packages/torch/serialization.py", line 1055, in restore_location
    return default_restore_location(storage, str(map_location))
  File "/scratch/mthakur/Dyn-HaMR/.dynhamr/lib/python3.10/site-packages/torch/serialization.py", line 215, in default_restore_location
    result = fn(storage, location)
  File "/scratch/mthakur/Dyn-HaMR/.dynhamr/lib/python3.10/site-packages/torch/serialization.py", line 182, in _cuda_deserialize
    device = validate_cuda_device(location)
  File "/scratch/mthakur/Dyn-HaMR/.dynhamr/lib/python3.10/site-packages/torch/serialization.py", line 173, in validate_cuda_device
    raise RuntimeError('Attempting to deserialize object on CUDA device '
RuntimeError: Attempting to deserialize object on CUDA device 0 but torch.cuda.device_count() is 0. Please use torch.load with map_location to map your storages to an existing device.
===============================================
Job finished at: Wed Dec 10 18:24:06 CET 2025
Execution took 0.05 hours
Writing output to SLURM_logs/example_071.out
===============================================
