
Lmod is automatically replacing "2023r1-gcc11" with "2024r1".


Inactive Modules:
  1) openmpi/4.1.4     2) python/3.10.8

Due to MODULEPATH changes, the following have been reloaded:
  1) gcc/11.3.0     2) ninja/1.11.1


Activating Modules:
  1) openmpi/4.1.6


Activating Modules:
  1) python/3.10.13

Activated environment: /scratch/mthakur/Dyn-HaMR/.dynhamr
Python version:
Python 3.10.13
Loaded modules:

Currently Loaded Modules:
  1) slurm/current    4) 2024r1         7) openmpi/4.1.6
  2) DefaultModules   5) ninja/1.11.1   8) python/3.10.13
  3) gcc/11.3.0       6) cuda/11.7      9) py-pip/23.1.2

 

================ SLURM JOB INFO ================
Job ID:         8584571
Job Name:       example
Partition:      gpu-a100-small
Node List:      gpu020
CPUs per task:  2
GPUs per task:  1
Submit dir:     /scratch/mthakur/Dyn-HaMR
Work dir:       /scratch/mthakur/Dyn-HaMR
Job started at: Tue Nov 11 16:33:13 CET 2025
===============================================
/scratch/mthakur/Dyn-HaMR
run_opt.py:  {'data': {'type': 'video', 'split': 'custom', 'root': '/scratch/mthakur/Dyn-HaMR/test', 'video_dir': 'videos', 'seq': 'demo1', 'ext': 'mp4', 'src_path': '${data.root}/${data.video_dir}/${data.seq}.${data.ext}', 'frame_opts': {'ext': 'jpg', 'fps': 25, 'start_sec': 0, 'end_sec': -1}, 'use_cams': True, 'track_ids': 'all', 'shot_idx': 0, 'start_idx': 0, 'end_idx': 500, 'split_cameras': True, 'name': '${data.seq}-${data.track_ids}-shot-${data.shot_idx}-${data.start_idx}-${data.end_idx}', 'sources': {'images': '${data.root}/images/${data.seq}', 'cameras': '${data.root}/dynhamr/cameras/${data.seq}/shot-${data.shot_idx}', 'tracks': '${data.root}/dynhamr/track_preds/${data.seq}', 'shots': '${data.root}/dynhamr/shot_idcs/${data.seq}.json'}}, 'optim': {'options': {'robust_loss_type': 'bisquare', 'robust_tuning_const': 4.6851, 'joints2d_sigma': 100.0, 'lr': 1.0, 'lbfgs_max_iter': 20, 'save_every': 20, 'vis_every': -1, 'max_chunk_steps': 20, 'save_meshes': False}, 'root': {'num_iters': 30}, 'smpl': {'num_iters': 0}, 'smooth': {'opt_scale': False, 'num_iters': 60}, 'motion_chunks': {'chunk_size': 10, 'init_steps': 20, 'chunk_steps': 20, 'opt_cams': True}, 'loss_weights': {'penetration': [0, 0, 0], 'joints2d': [0.001, 0.001, 0.001], 'bg2d': [0.0, 0.0, 0.0], 'cam_R_smooth': [0.0, 0.0, 0.0], 'cam_t_smooth': [0.0, 0.0, 0.0], 'bio': [10, 10, 10], 'joints3d': [0.0, 0.0, 0.0], 'joints3d_smooth': [1.0, 10.0, 0.0], 'joints3d_rollout': [0.0, 0.0, 0.0], 'verts3d': [0.0, 0.0, 0.0], 'points3d': [0.0, 0.0, 0.0], 'pose_prior': [0.04, 0.04, 0.04], 'shape_prior': [0.05, 0.05, 0.05], 'motion_prior': [0.0, 0.0, 0.075], 'init_motion_prior': [0.0, 0.0, 0.075], 'joint_consistency': [0.0, 0.0, 100.0], 'bone_length': [0.0, 2000.0, 2000.0]}}, 'model': {'use_init': True, 'opt_cams': False, 'opt_scale': True, 'async_tracks': True}, 'overwrite': False, 'run_opt': True, 'run_vis': True, 'run_prior': False, 'datatype': '${data.video_dir}', 'vis': {'phases': ['smooth_fit', 'prior'], 'render_views': ['above', 'side', 'front'], 'make_grid': True, 'overwrite': False}, 'MANO': {'MODEL_PATH': '${paths.DATA_DIR}/mano', 'GENDER': 'neutral', 'NUM_HAND_JOINTS': 15, 'MEAN_PARAMS': '${paths.DATA_DIR}/mano_mean_params.npz', 'CREATE_BODY_POSE': False}, 'paths': {'base_dir': 'None', 'DATA_DIR': '_DATA/data/', 'vposer': 'VPoser/pretrained/Vposer_right_mirrored'}, 'HMP': {'config': 'hmp_config.yaml', 'use_hposer': False, 'vid_path': '${data.root}/video/${data.seq}.mp4', 'exp_name': 'None'}, 'fps': 30, 'log_root': '../outputs/logs', 'log_dir': '${log_root}/${data.type}-${data.split}', 'exp_name': '${now:%Y-%m-%d}', 'temporal_smooth': True, 'gpu': 0, 'is_static': True}
out_dir /scratch/mthakur/outputs/logs/video-custom/2025-11-11/demo1-all-shot-0-0-500
init SOURCES {'images': '${data.root}/images/${data.seq}', 'cameras': '${data.root}/dynhamr/cameras/${data.seq}/shot-${data.shot_idx}', 'tracks': '${data.root}/dynhamr/track_preds/${data.seq}', 'shots': '${data.root}/dynhamr/shot_idcs/${data.seq}.json'}
/scratch/mthakur/Dyn-HaMR/test/dynhamr/cameras/demo1/shot-0 does not exist
/scratch/mthakur/Dyn-HaMR/test/dynhamr/track_preds/demo1 does not exist
/scratch/mthakur/Dyn-HaMR/test/dynhamr/shot_idcs/demo1.json does not exist
SOURCES {'images': '/scratch/mthakur/Dyn-HaMR/test/images/demo1', 'cameras': '/scratch/mthakur/Dyn-HaMR/test/dynhamr/cameras/demo1/shot-0', 'tracks': '/scratch/mthakur/Dyn-HaMR/test/dynhamr/track_preds/demo1', 'shots': '/scratch/mthakur/Dyn-HaMR/test/dynhamr/shot_idcs/demo1.json'}
/scratch/mthakur/Dyn-HaMR/test/dynhamr/cameras/demo1/shot-0 does not exist
/scratch/mthakur/Dyn-HaMR/test/dynhamr/track_preds/demo1 does not exist
/scratch/mthakur/Dyn-HaMR/test/dynhamr/shot_idcs/demo1.json does not exist
DATA SOURCES {'images': '/scratch/mthakur/Dyn-HaMR/test/images/demo1', 'cameras': '/scratch/mthakur/Dyn-HaMR/test/dynhamr/cameras/demo1/shot-0', 'tracks': '/scratch/mthakur/Dyn-HaMR/test/dynhamr/track_preds/demo1', 'shots': '/scratch/mthakur/Dyn-HaMR/test/dynhamr/shot_idcs/demo1.json'}

FOUND 671 FRAMES in /scratch/mthakur/Dyn-HaMR/test/images/demo1
RUNNING HAMER ON /scratch/mthakur/Dyn-HaMR/test/images/demo1
PROCESS MainProcess ()
HAMER DIR /scratch/mthakur/Dyn-HaMR/third-party/hamer
cd /scratch/mthakur/Dyn-HaMR/third-party/hamer; CUDA_VISIBLE_DEVICES=0 python -u run.py --img_folder /scratch/mthakur/Dyn-HaMR/test/images/demo1  --res_folder /scratch/mthakur/Dyn-HaMR/test/dynhamr/hamer_out/demo1/results/demo_demo1.pkl  --batch_size=48 --side_view --save_mesh --full_frame --type videos --checkpoint /scratch/mthakur/Dyn-HaMR
apex is not installed
apex is not installed
apex is not installed
/scratch/mthakur/Dyn-HaMR/.dynhamr/lib/python3.10/site-packages/mmcv/cnn/bricks/transformer.py:27: UserWarning: Fail to import ``MultiScaleDeformableAttention`` from ``mmcv.ops.multi_scale_deform_attn``, You should install ``mmcv-full`` if you need this module. 
  warnings.warn('Fail to import ``MultiScaleDeformableAttention`` from '
AttributeError: 'MessageFactory' object has no attribute 'GetPrototype'
args.checkpoint:  /scratch/mthakur/Dyn-HaMR /scratch/mthakur/Dyn-HaMR
/scratch/mthakur/Dyn-HaMR/_DATA/data/mano_mean_params.npz CREATE_BODY_POSE: False
DATA_DIR: /scratch/mthakur/Dyn-HaMR/_DATA/data/
GENDER: neutral
MEAN_PARAMS: /scratch/mthakur/Dyn-HaMR/_DATA/data/mano_mean_params.npz
MODEL_PATH: /scratch/mthakur/Dyn-HaMR/_DATA/data/mano
NUM_HAND_JOINTS: 15
!!!!!!!!!! {'data_dir': '/scratch/mthakur/Dyn-HaMR/_DATA/data/', 'model_path': '/scratch/mthakur/Dyn-HaMR/_DATA/data/mano', 'gender': 'neutral', 'num_hand_joints': 15, 'mean_params': '/scratch/mthakur/Dyn-HaMR/_DATA/data/mano_mean_params.npz', 'create_body_pose': False}
WARNING: You are using a MANO model, with only 10 shape coefficients.
MANO(
  Gender: NEUTRAL
  Number of joints: 16
  Betas: 10
  Number of PCA components: 6
  Flat hand mean: False
  (vertex_joint_selector): VertexJointSelector()
)
libEGL warning: MESA-LOADER: failed to open nouveau: /usr/lib64/dri/nouveau_dri.so: cannot open shared object file: No such file or directory (search paths /usr/lib64/dri, suffix _dri)

libEGL warning: failed to open /dev/dri/card4: Permission denied

Traceback (most recent call last):
  File "/scratch/mthakur/Dyn-HaMR/third-party/hamer/run.py", line 969, in <module>
    main()
  File "/scratch/mthakur/Dyn-HaMR/third-party/hamer/run.py", line 413, in main
    model, model_cfg = load_hamer(args.checkpoint)
  File "/scratch/mthakur/Dyn-HaMR/third-party/hamer/hamer/models/__init__.py", line 60, in load_hamer
    model = HAMER.load_from_checkpoint(checkpoint_path, strict=False, cfg=model_cfg)
  File "/scratch/mthakur/Dyn-HaMR/.dynhamr/lib/python3.10/site-packages/pytorch_lightning/utilities/model_helpers.py", line 125, in wrapper
    return self.method(cls, *args, **kwargs)
  File "/scratch/mthakur/Dyn-HaMR/.dynhamr/lib/python3.10/site-packages/pytorch_lightning/core/module.py", line 1662, in load_from_checkpoint
    loaded = _load_from_checkpoint(
  File "/scratch/mthakur/Dyn-HaMR/.dynhamr/lib/python3.10/site-packages/pytorch_lightning/core/saving.py", line 91, in _load_from_checkpoint
    model = _load_state(cls, checkpoint, strict=strict, **kwargs)
  File "/scratch/mthakur/Dyn-HaMR/.dynhamr/lib/python3.10/site-packages/pytorch_lightning/core/saving.py", line 165, in _load_state
    obj = instantiator(cls, _cls_kwargs) if instantiator else cls(**_cls_kwargs)
  File "/scratch/mthakur/Dyn-HaMR/third-party/hamer/hamer/models/hamer.py", line 62, in __init__
    self.mesh_renderer = MeshRenderer(self.cfg, faces=self.mano.faces)
  File "/scratch/mthakur/Dyn-HaMR/third-party/hamer/hamer/utils/mesh_renderer.py", line 49, in __init__
    self.renderer = pyrender.OffscreenRenderer(viewport_width=self.img_res,
  File "/scratch/mthakur/Dyn-HaMR/.dynhamr/lib/python3.10/site-packages/pyrender/offscreen.py", line 31, in __init__
    self._create()
  File "/scratch/mthakur/Dyn-HaMR/.dynhamr/lib/python3.10/site-packages/pyrender/offscreen.py", line 149, in _create
    self._platform.init_context()
  File "/scratch/mthakur/Dyn-HaMR/.dynhamr/lib/python3.10/site-packages/pyrender/platforms/egl.py", line 177, in init_context
    assert eglInitialize(self._egl_display, major, minor)
  File "/scratch/mthakur/Dyn-HaMR/.dynhamr/lib/python3.10/site-packages/OpenGL/platform/baseplatform.py", line 402, in __call__
    return self( *args, **named )
  File "/scratch/mthakur/Dyn-HaMR/.dynhamr/lib/python3.10/site-packages/OpenGL/error.py", line 228, in glCheckError
    raise GLError(
OpenGL.error.GLError: GLError(
	err = 12289,
	baseOperation = eglInitialize,
	cArguments = (
		<OpenGL._opaque.EGLDisplay_pointer object at 0x1553fec049c0>,
		c_long(0),
		c_long(0),
	),
	result = 0
)
rename /scratch/mthakur/Dyn-HaMR/test/dynhamr/hamer_out/demo1/results/demo_demo1.pkl into  /scratch/mthakur/Dyn-HaMR/test/dynhamr/hamer_out/demo1/demo1.pkl
Error executing job with overrides: ['data=video', 'run_opt=True', 'run_vis=True', 'is_static=True']
Traceback (most recent call last):
  File "/scratch/mthakur/Dyn-HaMR/dyn-hamr/run_opt.py", line 189, in main
    dataset = get_dataset_from_cfg(cfg)
  File "/scratch/mthakur/Dyn-HaMR/dyn-hamr/data/dataset.py", line 45, in get_dataset_from_cfg
    check_data_sources(args, cfg)
  File "/scratch/mthakur/Dyn-HaMR/dyn-hamr/data/dataset.py", line 80, in check_data_sources
    preprocess_tracks(cfg.datatype, args.sources.images, args.sources.tracks, args.sources.shots, gpu=cfg.gpu)
  File "/scratch/mthakur/Dyn-HaMR/dyn-hamr/data/vidproc.py", line 41, in preprocess_tracks
    hamer.process_seq(
  File "/scratch/mthakur/Dyn-HaMR/dyn-hamr/preproc/launch_hamer.py", line 66, in process_seq
    os.rename(f"{res_dir}/demo_{name}.pkl", res_path)
FileNotFoundError: [Errno 2] No such file or directory: '/scratch/mthakur/Dyn-HaMR/test/dynhamr/hamer_out/demo1/results/demo_demo1.pkl' -> '/scratch/mthakur/Dyn-HaMR/test/dynhamr/hamer_out/demo1/demo1.pkl'

Set the environment variable HYDRA_FULL_ERROR=1 for a complete stack trace.
===============================================
Job finished at: Tue Nov 11 16:34:05 CET 2025
Writing output to SLURM_logs/example_017.out
===============================================
