
The following have been reloaded with a version change:
  1) python/3.10.12 => python/3.10.13

Activated environment: /scratch/mthakur/Dyn-HaMR/.dynhamr
Python version:
Python 3.10.13
Loaded modules:

Currently Loaded Modules:
  1) slurm/current    3) gcc/11.3.0   5) cuda/11.7       7) python/3.10.13
  2) DefaultModules   4) 2024r1       6) openmpi/4.1.6   8) py-pip/23.1.2

 

================ SLURM JOB INFO ================
Job ID:         8582166
Job Name:       example
Partition:      gpu-a100-small
Node List:      gpu020
CPUs per task:  2
GPUs per task:  1
Submit dir:     /scratch/mthakur/Dyn-HaMR
Work dir:       /scratch/mthakur/Dyn-HaMR
Job started at: Tue Nov 11 00:02:22 CET 2025
===============================================
/scratch/mthakur/Dyn-HaMR/.dynhamr/lib/python3.10/site-packages/trimesh/grouping.py:15: UserWarning: A NumPy version >=1.23.5 and <2.5.0 is required for this version of SciPy (detected version 1.22.4)
  from scipy.spatial import cKDTree
Traceback (most recent call last):
  File "/scratch/mthakur/Dyn-HaMR/dyn-hamr/run_opt.py", line 17, in <module>
    from optim.optimizers import (
  File "/scratch/mthakur/Dyn-HaMR/dyn-hamr/optim/optimizers.py", line 4, in <module>
    import matplotlib.pyplot as plt
  File "/scratch/mthakur/Dyn-HaMR/.dynhamr/lib/python3.10/site-packages/matplotlib/__init__.py", line 264, in <module>
    _check_versions()
  File "/scratch/mthakur/Dyn-HaMR/.dynhamr/lib/python3.10/site-packages/matplotlib/__init__.py", line 260, in _check_versions
    raise ImportError(f"Matplotlib requires {modname}>={minver}; "
ImportError: Matplotlib requires numpy>=1.23; you have 1.22.4
===============================================
Job finished at: Tue Nov 11 00:04:49 CET 2025
Writing output to SLURM_logs/example_004.out
===============================================
