Loaded modules:

Currently Loaded Modules:
  1) slurm/current    3) gcc/11.3.0   5) cuda/11.7
  2) DefaultModules   4) 2024r1       6) python/3.10.13

 

Thu Mar  5 18:09:15 2026       
+-----------------------------------------------------------------------------------------+
| NVIDIA-SMI 580.105.08             Driver Version: 580.105.08     CUDA Version: 13.0     |
+-----------------------------------------+------------------------+----------------------+
| GPU  Name                 Persistence-M | Bus-Id          Disp.A | Volatile Uncorr. ECC |
| Fan  Temp   Perf          Pwr:Usage/Cap |           Memory-Usage | GPU-Util  Compute M. |
|                                         |                        |               MIG M. |
|=========================================+========================+======================|
|   0  NVIDIA A100 80GB PCIe          On  |   00000000:98:00.0 Off |                   On |
| N/A   50C    P0             72W /  300W |    1104MiB /  81920MiB |     N/A      Default |
|                                         |                        |              Enabled |
+-----------------------------------------+------------------------+----------------------+

+-----------------------------------------------------------------------------------------+
| MIG devices:                                                                            |
+------------------+----------------------------------+-----------+-----------------------+
| GPU  GI  CI  MIG |              Shared Memory-Usage |        Vol|        Shared         |
|      ID  ID  Dev |                Shared BAR1-Usage | SM     Unc| CE ENC  DEC  OFA  JPG |
|                  |                                  |        ECC|                       |
|==================+==================================+===========+=======================|
|  0    7   0   0  |              36MiB /  9728MiB    | 14      0 |  1   0    0    0    0 |
|                  |               0MiB /  6135MiB    |           |                       |
+------------------+----------------------------------+-----------+-----------------------+

+-----------------------------------------------------------------------------------------+
| Processes:                                                                              |
|  GPU   GI   CI              PID   Type   Process name                        GPU Memory |
|        ID   ID                                                               Usage      |
|=========================================================================================|
|  No running processes found                                                             |
+-----------------------------------------------------------------------------------------+
================ SLURM JOB INFO ================
Job ID:         9300868
Job Name:       example
Partition:      gpu-a100-small
Node List:      gpu020
CPUs per task:  2
Memory per CPU: 
GPUs per task:  1
Memory per GPU: 10240
Submit dir:     /scratch/mthakur/manifold/models/dyn-hamr
Work dir:       /scratch/mthakur/manifold/models/dyn-hamr
Job started at: Thu Mar  5 18:09:16 CET 2026
===============================================
Using video: /scratch/mthakur/manifold/data/images/clip_2.mp4
FATAL:   While checking container encryption: could not open image /scratch/mthakur/child-example/apptainer-template/template/template.sif: failed to retrieve path for /scratch/mthakur/child-example/apptainer-template/template/template.sif: lstat /scratch/mthakur/child-example: no such file or directory
srun: error: gpu020: task 0: Exited with exit code 255
srun: launch/slurm: _step_signal: Terminating StepId=9300868.0
FATAL:   While checking container encryption: could not open image /scratch/mthakur/child-example/apptainer-template/template/template.sif: failed to retrieve path for /scratch/mthakur/child-example/apptainer-template/template/template.sif: lstat /scratch/mthakur/child-example: no such file or directory
srun: error: gpu020: task 0: Exited with exit code 255
srun: launch/slurm: _step_signal: Terminating StepId=9300868.1
===============================================
Job finished at: Thu Mar  5 18:09:16 CET 2026
Execution took 0.00 hours
Writing output to SLURM_logs/example_105.out
===============================================
