
Lmod is automatically replacing "2023r1-gcc11" with "2024r1".


The following have been reloaded with a version change:
  1) gcc/13.3.0 => gcc/11.3.0

Activated environment: /scratch/mthakur/Dyn-HaMR/.dynhamr
Python version:
/cm/local/apps/slurm/var/spool/job8589407/slurm_script: line 52: .dynhamr/bin/python3.10: No such file or directory
Loaded modules:

Currently Loaded Modules:
  1) slurm/current    4) gcc/11.3.0   7) openmpi/4.1.6
  2) DefaultModules   5) 2024r1       8) python/3.10.13
  3) compiler         6) cuda/11.7    9) py-pip/23.1.2

 

================ SLURM JOB INFO ================
Job ID:         8589407
Job Name:       example
Partition:      gpu-a100
Node List:      gpu015
CPUs per task:  2
Memory per CPU: 
GPUs per task:  1
Memory per GPU: 12288
Submit dir:     /scratch/mthakur/Dyn-HaMR
Work dir:       /scratch/mthakur/Dyn-HaMR
Job started at: Wed Nov 12 20:37:33 CET 2025
===============================================
/cm/local/apps/slurm/var/spool/job8589407/slurm_script: line 74: .dynhamr/bin/python3.10: No such file or directory
===============================================
Job finished at: Wed Nov 12 20:37:33 CET 2025
Writing output to SLURM_logs/example_031.out
===============================================
