Activated environment: /scratch/mthakur/Dyn-HaMR/.dynhamr
Python version:
Python 3.10.13
Loaded modules:

Currently Loaded Modules:
  1) slurm/current    3) gcc/11.3.0   5) cuda/11.7       7) python/3.10.13
  2) DefaultModules   4) 2024r1       6) openmpi/4.1.6   8) py-pip/23.1.2

 

================ SLURM JOB INFO ================
Job ID:         8588905
Job Name:       example
Partition:      gpu-a100-small
Node List:      gpu020
CPUs per task:  2
GPUs per task:  1
Submit dir:     /scratch/mthakur/Dyn-HaMR
Work dir:       /scratch/mthakur/Dyn-HaMR
Job started at: Wed Nov 12 16:14:05 CET 2025
===============================================
/scratch/mthakur/Dyn-HaMR
apex is not installed
apex is not installed
apex is not installed
/scratch/mthakur/Dyn-HaMR/.dynhamr/lib/python3.10/site-packages/mmcv/cnn/bricks/transformer.py:27: UserWarning: Fail to import ``MultiScaleDeformableAttention`` from ``mmcv.ops.multi_scale_deform_attn``, You should install ``mmcv-full`` if you need this module. 
  warnings.warn('Fail to import ``MultiScaleDeformableAttention`` from '
args.checkpoint:  /scratch/mthakur/Dyn-HaMR /scratch/mthakur/Dyn-HaMR
/scratch/mthakur/Dyn-HaMR/_DATA/data/mano_mean_params.npz CREATE_BODY_POSE: False
DATA_DIR: /scratch/mthakur/Dyn-HaMR/_DATA/data/
GENDER: neutral
MEAN_PARAMS: /scratch/mthakur/Dyn-HaMR/_DATA/data/mano_mean_params.npz
MODEL_PATH: /scratch/mthakur/Dyn-HaMR/_DATA/data/mano
NUM_HAND_JOINTS: 15
!!!!!!!!!! {'data_dir': '/scratch/mthakur/Dyn-HaMR/_DATA/data/', 'model_path': '/scratch/mthakur/Dyn-HaMR/_DATA/data/mano', 'gender': 'neutral', 'num_hand_joints': 15, 'mean_params': '/scratch/mthakur/Dyn-HaMR/_DATA/data/mano_mean_params.npz', 'create_body_pose': False}
WARNING: You are using a MANO model, with only 10 shape coefficients.
MANO(
  Gender: NEUTRAL
  Number of joints: 16
  Betas: 10
  Number of PCA components: 6
  Flat hand mean: False
  (vertex_joint_selector): VertexJointSelector()
)
model_final_f05665.pkl: 0.00B [00:00, ?B/s]model_final_f05665.pkl: 0.00B [00:00, ?B/s]
Failed to download https://dl.fbaipublicfiles.com/detectron2/ViTDet/COCO/cascade_mask_rcnn_vitdet_h/f328730692/model_final_f05665.pkl
Traceback (most recent call last):
  File "/apps/arch/2024r1/software/linux-rhel8-x86_64_v3/gcc-11.3.0/python-3.10.13-yzyb7c5ny3cfwlve7odptc44gctwdp3z/lib/python3.10/urllib/request.py", line 1348, in do_open
    h.request(req.get_method(), req.selector, req.data, headers,
  File "/apps/arch/2024r1/software/linux-rhel8-x86_64_v3/gcc-11.3.0/python-3.10.13-yzyb7c5ny3cfwlve7odptc44gctwdp3z/lib/python3.10/http/client.py", line 1283, in request
    self._send_request(method, url, body, headers, encode_chunked)
  File "/apps/arch/2024r1/software/linux-rhel8-x86_64_v3/gcc-11.3.0/python-3.10.13-yzyb7c5ny3cfwlve7odptc44gctwdp3z/lib/python3.10/http/client.py", line 1329, in _send_request
    self.endheaders(body, encode_chunked=encode_chunked)
  File "/apps/arch/2024r1/software/linux-rhel8-x86_64_v3/gcc-11.3.0/python-3.10.13-yzyb7c5ny3cfwlve7odptc44gctwdp3z/lib/python3.10/http/client.py", line 1278, in endheaders
    self._send_output(message_body, encode_chunked=encode_chunked)
  File "/apps/arch/2024r1/software/linux-rhel8-x86_64_v3/gcc-11.3.0/python-3.10.13-yzyb7c5ny3cfwlve7odptc44gctwdp3z/lib/python3.10/http/client.py", line 1038, in _send_output
    self.send(msg)
  File "/apps/arch/2024r1/software/linux-rhel8-x86_64_v3/gcc-11.3.0/python-3.10.13-yzyb7c5ny3cfwlve7odptc44gctwdp3z/lib/python3.10/http/client.py", line 976, in send
    self.connect()
  File "/apps/arch/2024r1/software/linux-rhel8-x86_64_v3/gcc-11.3.0/python-3.10.13-yzyb7c5ny3cfwlve7odptc44gctwdp3z/lib/python3.10/http/client.py", line 1448, in connect
    super().connect()
  File "/apps/arch/2024r1/software/linux-rhel8-x86_64_v3/gcc-11.3.0/python-3.10.13-yzyb7c5ny3cfwlve7odptc44gctwdp3z/lib/python3.10/http/client.py", line 942, in connect
    self.sock = self._create_connection(
  File "/apps/arch/2024r1/software/linux-rhel8-x86_64_v3/gcc-11.3.0/python-3.10.13-yzyb7c5ny3cfwlve7odptc44gctwdp3z/lib/python3.10/socket.py", line 845, in create_connection
    raise err
  File "/apps/arch/2024r1/software/linux-rhel8-x86_64_v3/gcc-11.3.0/python-3.10.13-yzyb7c5ny3cfwlve7odptc44gctwdp3z/lib/python3.10/socket.py", line 833, in create_connection
    sock.connect(sa)
ConnectionRefusedError: [Errno 111] Connection refused

During handling of the above exception, another exception occurred:

Traceback (most recent call last):
  File "/scratch/mthakur/Dyn-HaMR/third-party/hamer/run.py", line 969, in <module>
    main()
  File "/scratch/mthakur/Dyn-HaMR/third-party/hamer/run.py", line 429, in main
    detector = DefaultPredictor_Lazy(detectron2_cfg)
  File "/scratch/mthakur/Dyn-HaMR/third-party/hamer/hamer/utils/utils_detectron2.py", line 64, in __init__
    checkpointer.load(OmegaConf.select(cfg, "train.init_checkpoint", default=""))
  File "/scratch/mthakur/Dyn-HaMR/.dynhamr/lib/python3.10/site-packages/detectron2/checkpoint/detection_checkpoint.py", line 61, in load
    path = self.path_manager.get_local_path(path)
  File "/scratch/mthakur/Dyn-HaMR/.dynhamr/lib/python3.10/site-packages/iopath/common/file_io.py", line 1197, in get_local_path
    bret = handler._get_local_path(path, force=force, **kwargs)
  File "/scratch/mthakur/Dyn-HaMR/.dynhamr/lib/python3.10/site-packages/iopath/common/file_io.py", line 797, in _get_local_path
    cached = download(path, dirname, filename=filename)
  File "/scratch/mthakur/Dyn-HaMR/.dynhamr/lib/python3.10/site-packages/iopath/common/download.py", line 58, in download
    tmp, _ = request.urlretrieve(url, filename=tmp, reporthook=hook(t))
  File "/apps/arch/2024r1/software/linux-rhel8-x86_64_v3/gcc-11.3.0/python-3.10.13-yzyb7c5ny3cfwlve7odptc44gctwdp3z/lib/python3.10/urllib/request.py", line 241, in urlretrieve
    with contextlib.closing(urlopen(url, data)) as fp:
  File "/apps/arch/2024r1/software/linux-rhel8-x86_64_v3/gcc-11.3.0/python-3.10.13-yzyb7c5ny3cfwlve7odptc44gctwdp3z/lib/python3.10/urllib/request.py", line 216, in urlopen
    return opener.open(url, data, timeout)
  File "/apps/arch/2024r1/software/linux-rhel8-x86_64_v3/gcc-11.3.0/python-3.10.13-yzyb7c5ny3cfwlve7odptc44gctwdp3z/lib/python3.10/urllib/request.py", line 519, in open
    response = self._open(req, data)
  File "/apps/arch/2024r1/software/linux-rhel8-x86_64_v3/gcc-11.3.0/python-3.10.13-yzyb7c5ny3cfwlve7odptc44gctwdp3z/lib/python3.10/urllib/request.py", line 536, in _open
    result = self._call_chain(self.handle_open, protocol, protocol +
  File "/apps/arch/2024r1/software/linux-rhel8-x86_64_v3/gcc-11.3.0/python-3.10.13-yzyb7c5ny3cfwlve7odptc44gctwdp3z/lib/python3.10/urllib/request.py", line 496, in _call_chain
    result = func(*args)
  File "/apps/arch/2024r1/software/linux-rhel8-x86_64_v3/gcc-11.3.0/python-3.10.13-yzyb7c5ny3cfwlve7odptc44gctwdp3z/lib/python3.10/urllib/request.py", line 1391, in https_open
    return self.do_open(http.client.HTTPSConnection, req,
  File "/apps/arch/2024r1/software/linux-rhel8-x86_64_v3/gcc-11.3.0/python-3.10.13-yzyb7c5ny3cfwlve7odptc44gctwdp3z/lib/python3.10/urllib/request.py", line 1351, in do_open
    raise URLError(err)
urllib.error.URLError: <urlopen error [Errno 111] Connection refused>
run_opt.py:  {'data': {'type': 'video', 'split': 'custom', 'root': '/scratch/mthakur/Dyn-HaMR/test', 'video_dir': 'videos', 'seq': 'demo1', 'ext': 'mp4', 'src_path': '${data.root}/${data.video_dir}/${data.seq}.${data.ext}', 'frame_opts': {'ext': 'jpg', 'fps': 25, 'start_sec': 0, 'end_sec': -1}, 'use_cams': True, 'track_ids': 'all', 'shot_idx': 0, 'start_idx': 0, 'end_idx': 500, 'split_cameras': True, 'name': '${data.seq}-${data.track_ids}-shot-${data.shot_idx}-${data.start_idx}-${data.end_idx}', 'sources': {'images': '${data.root}/images/${data.seq}', 'cameras': '${data.root}/dynhamr/cameras/${data.seq}/shot-${data.shot_idx}', 'tracks': '${data.root}/dynhamr/track_preds/${data.seq}', 'shots': '${data.root}/dynhamr/shot_idcs/${data.seq}.json'}}, 'optim': {'options': {'robust_loss_type': 'bisquare', 'robust_tuning_const': 4.6851, 'joints2d_sigma': 100.0, 'lr': 1.0, 'lbfgs_max_iter': 20, 'save_every': 20, 'vis_every': -1, 'max_chunk_steps': 20, 'save_meshes': False}, 'root': {'num_iters': 30}, 'smpl': {'num_iters': 0}, 'smooth': {'opt_scale': False, 'num_iters': 60}, 'motion_chunks': {'chunk_size': 10, 'init_steps': 20, 'chunk_steps': 20, 'opt_cams': True}, 'loss_weights': {'penetration': [0, 0, 0], 'joints2d': [0.001, 0.001, 0.001], 'bg2d': [0.0, 0.0, 0.0], 'cam_R_smooth': [0.0, 0.0, 0.0], 'cam_t_smooth': [0.0, 0.0, 0.0], 'bio': [10, 10, 10], 'joints3d': [0.0, 0.0, 0.0], 'joints3d_smooth': [1.0, 10.0, 0.0], 'joints3d_rollout': [0.0, 0.0, 0.0], 'verts3d': [0.0, 0.0, 0.0], 'points3d': [0.0, 0.0, 0.0], 'pose_prior': [0.04, 0.04, 0.04], 'shape_prior': [0.05, 0.05, 0.05], 'motion_prior': [0.0, 0.0, 0.075], 'init_motion_prior': [0.0, 0.0, 0.075], 'joint_consistency': [0.0, 0.0, 100.0], 'bone_length': [0.0, 2000.0, 2000.0]}}, 'model': {'use_init': True, 'opt_cams': False, 'opt_scale': True, 'async_tracks': True}, 'overwrite': False, 'run_opt': True, 'run_vis': True, 'run_prior': False, 'datatype': '${data.video_dir}', 'vis': {'phases': ['smooth_fit', 'prior'], 'render_views': ['above', 'side', 'front'], 'make_grid': True, 'overwrite': False}, 'MANO': {'MODEL_PATH': '${paths.DATA_DIR}/mano', 'GENDER': 'neutral', 'NUM_HAND_JOINTS': 15, 'MEAN_PARAMS': '${paths.DATA_DIR}/mano_mean_params.npz', 'CREATE_BODY_POSE': False}, 'paths': {'base_dir': 'None', 'DATA_DIR': '_DATA/data/', 'vposer': 'VPoser/pretrained/Vposer_right_mirrored'}, 'HMP': {'config': 'hmp_config.yaml', 'use_hposer': False, 'vid_path': '${data.root}/video/${data.seq}.mp4', 'exp_name': 'None'}, 'fps': 30, 'log_root': '../outputs/logs', 'log_dir': '${log_root}/${data.type}-${data.split}', 'exp_name': '${now:%Y-%m-%d}', 'temporal_smooth': True, 'gpu': 0, 'is_static': True}
out_dir /scratch/mthakur/outputs/logs/video-custom/2025-11-12/demo1-all-shot-0-0-500
init SOURCES {'images': '${data.root}/images/${data.seq}', 'cameras': '${data.root}/dynhamr/cameras/${data.seq}/shot-${data.shot_idx}', 'tracks': '${data.root}/dynhamr/track_preds/${data.seq}', 'shots': '${data.root}/dynhamr/shot_idcs/${data.seq}.json'}
/scratch/mthakur/Dyn-HaMR/test/dynhamr/cameras/demo1/shot-0 does not exist
/scratch/mthakur/Dyn-HaMR/test/dynhamr/track_preds/demo1 does not exist
/scratch/mthakur/Dyn-HaMR/test/dynhamr/shot_idcs/demo1.json does not exist
SOURCES {'images': '/scratch/mthakur/Dyn-HaMR/test/images/demo1', 'cameras': '/scratch/mthakur/Dyn-HaMR/test/dynhamr/cameras/demo1/shot-0', 'tracks': '/scratch/mthakur/Dyn-HaMR/test/dynhamr/track_preds/demo1', 'shots': '/scratch/mthakur/Dyn-HaMR/test/dynhamr/shot_idcs/demo1.json'}
/scratch/mthakur/Dyn-HaMR/test/dynhamr/cameras/demo1/shot-0 does not exist
/scratch/mthakur/Dyn-HaMR/test/dynhamr/track_preds/demo1 does not exist
/scratch/mthakur/Dyn-HaMR/test/dynhamr/shot_idcs/demo1.json does not exist
DATA SOURCES {'images': '/scratch/mthakur/Dyn-HaMR/test/images/demo1', 'cameras': '/scratch/mthakur/Dyn-HaMR/test/dynhamr/cameras/demo1/shot-0', 'tracks': '/scratch/mthakur/Dyn-HaMR/test/dynhamr/track_preds/demo1', 'shots': '/scratch/mthakur/Dyn-HaMR/test/dynhamr/shot_idcs/demo1.json'}

FOUND 671 FRAMES in /scratch/mthakur/Dyn-HaMR/test/images/demo1
RUNNING HAMER ON /scratch/mthakur/Dyn-HaMR/test/images/demo1
PROCESS MainProcess ()
HAMER DIR /scratch/mthakur/Dyn-HaMR/third-party/hamer
cd /scratch/mthakur/Dyn-HaMR/third-party/hamer; CUDA_VISIBLE_DEVICES=0 python -u run.py --img_folder /scratch/mthakur/Dyn-HaMR/test/images/demo1  --res_folder /scratch/mthakur/Dyn-HaMR/test/dynhamr/hamer_out/demo1/results/demo_demo1.pkl  --batch_size=48 --side_view --save_mesh --full_frame --type videos --checkpoint /scratch/mthakur/Dyn-HaMR
rename /scratch/mthakur/Dyn-HaMR/test/dynhamr/hamer_out/demo1/results/demo_demo1.pkl into  /scratch/mthakur/Dyn-HaMR/test/dynhamr/hamer_out/demo1/demo1.pkl
Error executing job with overrides: ['data=video', 'run_opt=True', 'data.seq=demo1', 'is_static=True']
Traceback (most recent call last):
  File "/scratch/mthakur/Dyn-HaMR/dyn-hamr/run_opt.py", line 206, in <module>
    main()
  File "/scratch/mthakur/Dyn-HaMR/.dynhamr/lib/python3.10/site-packages/hydra/main.py", line 94, in decorated_main
    _run_hydra(
  File "/scratch/mthakur/Dyn-HaMR/.dynhamr/lib/python3.10/site-packages/hydra/_internal/utils.py", line 394, in _run_hydra
    _run_app(
  File "/scratch/mthakur/Dyn-HaMR/.dynhamr/lib/python3.10/site-packages/hydra/_internal/utils.py", line 457, in _run_app
    run_and_report(
  File "/scratch/mthakur/Dyn-HaMR/.dynhamr/lib/python3.10/site-packages/hydra/_internal/utils.py", line 223, in run_and_report
    raise ex
  File "/scratch/mthakur/Dyn-HaMR/.dynhamr/lib/python3.10/site-packages/hydra/_internal/utils.py", line 220, in run_and_report
    return func()
  File "/scratch/mthakur/Dyn-HaMR/.dynhamr/lib/python3.10/site-packages/hydra/_internal/utils.py", line 458, in <lambda>
    lambda: hydra.run(
  File "/scratch/mthakur/Dyn-HaMR/.dynhamr/lib/python3.10/site-packages/hydra/_internal/hydra.py", line 132, in run
    _ = ret.return_value
  File "/scratch/mthakur/Dyn-HaMR/.dynhamr/lib/python3.10/site-packages/hydra/core/utils.py", line 260, in return_value
    raise self._return_value
  File "/scratch/mthakur/Dyn-HaMR/.dynhamr/lib/python3.10/site-packages/hydra/core/utils.py", line 186, in run_job
    ret.return_value = task_function(task_cfg)
  File "/scratch/mthakur/Dyn-HaMR/dyn-hamr/run_opt.py", line 189, in main
    dataset = get_dataset_from_cfg(cfg)
  File "/scratch/mthakur/Dyn-HaMR/dyn-hamr/data/dataset.py", line 45, in get_dataset_from_cfg
    check_data_sources(args, cfg)
  File "/scratch/mthakur/Dyn-HaMR/dyn-hamr/data/dataset.py", line 80, in check_data_sources
    preprocess_tracks(cfg.datatype, args.sources.images, args.sources.tracks, args.sources.shots, gpu=cfg.gpu)
  File "/scratch/mthakur/Dyn-HaMR/dyn-hamr/data/vidproc.py", line 41, in preprocess_tracks
    hamer.process_seq(
  File "/scratch/mthakur/Dyn-HaMR/dyn-hamr/preproc/launch_hamer.py", line 66, in process_seq
    os.rename(f"{res_dir}/demo_{name}.pkl", res_path)
FileNotFoundError: [Errno 2] No such file or directory: '/scratch/mthakur/Dyn-HaMR/test/dynhamr/hamer_out/demo1/results/demo_demo1.pkl' -> '/scratch/mthakur/Dyn-HaMR/test/dynhamr/hamer_out/demo1/demo1.pkl'
===============================================
Job finished at: Wed Nov 12 16:17:57 CET 2025
Writing output to SLURM_logs/example_024.out
===============================================
