
Lmod is automatically replacing "2025" with "2024r1".

Loaded modules:

Currently Loaded Modules:
  1) slurm/current    3) desktop/vnc   5) 2024r1
  2) DefaultModules   4) gcc/11.3.0    6) cuda/11.7

 

Tue Feb 17 14:39:38 2026       
+-----------------------------------------------------------------------------------------+
| NVIDIA-SMI 580.105.08             Driver Version: 580.105.08     CUDA Version: 13.0     |
+-----------------------------------------+------------------------+----------------------+
| GPU  Name                 Persistence-M | Bus-Id          Disp.A | Volatile Uncorr. ECC |
| Fan  Temp   Perf          Pwr:Usage/Cap |           Memory-Usage | GPU-Util  Compute M. |
|                                         |                        |               MIG M. |
|=========================================+========================+======================|
|   0  NVIDIA A100 80GB PCIe          On  |   00000000:16:00.0 Off |                   On |
| N/A   58C    P0            125W /  300W |     992MiB /  81920MiB |     N/A      Default |
|                                         |                        |              Enabled |
+-----------------------------------------+------------------------+----------------------+

+-----------------------------------------------------------------------------------------+
| MIG devices:                                                                            |
+------------------+----------------------------------+-----------+-----------------------+
| GPU  GI  CI  MIG |              Shared Memory-Usage |        Vol|        Shared         |
|      ID  ID  Dev |                Shared BAR1-Usage | SM     Unc| CE ENC  DEC  OFA  JPG |
|                  |                                  |        ECC|                       |
|==================+==================================+===========+=======================|
|  0    9   0   0  |              36MiB /  9728MiB    | 14      0 |  1   0    0    0    0 |
|                  |               0MiB /  6135MiB    |           |                       |
+------------------+----------------------------------+-----------+-----------------------+

+-----------------------------------------------------------------------------------------+
| Processes:                                                                              |
|  GPU   GI   CI              PID   Type   Process name                        GPU Memory |
|        ID   ID                                                               Usage      |
|=========================================================================================|
|  No running processes found                                                             |
+-----------------------------------------------------------------------------------------+
================ SLURM JOB INFO ================
Job ID:         9194780
Job Name:       hamba-inference
Partition:      gpu-a100-small
Node List:      gpu020
CPUs per task:  2
Memory per CPU: 
GPUs per task:  1
Memory per GPU: 10240
Submit dir:     /scratch/mthakur/hamba
Work dir:       /scratch/mthakur/hamba
Job started at: Tue Feb 17 14:39:39 CET 2026
===============================================
FATAL:   While checking container encryption: could not open image /scratch/mthakur/Hamba/apptainer/template.sif: failed to retrieve path for /scratch/mthakur/Hamba/apptainer/template.sif: lstat /scratch/mthakur/Hamba: no such file or directory
srun: error: gpu020: task 0: Exited with exit code 255
srun: launch/slurm: _step_signal: Terminating StepId=9194780.0
===============================================
Job finished at: Tue Feb 17 14:39:39 CET 2026
Execution took 0.00 hours
Writing output to SLURM_logs/hamba-inference_003.out
===============================================
