Loaded modules:

Currently Loaded Modules:
  1) slurm/current    3) gcc/11.3.0   5) cuda/11.7
  2) DefaultModules   4) 2024r1

 

================ SLURM JOB INFO ================
Job ID:         9292621
Job Name:       hamba-inference
Partition:      gpu-a100
Node List:      gpu013
CPUs per task:  2
Memory per CPU: 
GPUs per task:  1
Memory per GPU: 24576
Submit dir:     /scratch/mthakur/manifold/models/hamba
Work dir:       /scratch/mthakur/manifold/models/hamba
Job started at: Wed Mar  4 16:53:54 CET 2026
===============================================
/.venv/lib/python3.10/site-packages/timm/models/layers/__init__.py:48: FutureWarning: Importing from timm.models.layers is deprecated, please import via timm.layers
  warnings.warn(f"Importing from {__name__} is deprecated, please import via timm.layers", FutureWarning)
WARNING: can not import selective_scan_cuda_core.
No module named 'selective_scan_cuda_core'
apex is not installed
apex is not installed
apex is not installed
/.venv/lib/python3.10/site-packages/mmcv/cnn/bricks/transformer.py:27: UserWarning: Fail to import ``MultiScaleDeformableAttention`` from ``mmcv.ops.multi_scale_deform_attn``, You should install ``mmcv-full`` if you need this module. 
  warnings.warn('Fail to import ``MultiScaleDeformableAttention`` from '
checkpoint_path:  ckpts/hamba/checkpoints/hamba.ckpt
/.venv/lib/python3.10/site-packages/pytorch_lightning/utilities/migration/utils.py:55: PossibleUserWarning: The loaded checkpoint was produced with Lightning v2.2.0.post0, which is newer than your current Lightning version: v2.0.9
  rank_zero_warn(
WARNING: You are using a MANO model, with only 10 shape coefficients.
Use load_from_local loader
The model and loaded state dict do not match exactly

unexpected key in source state_dict: backbone.blocks.0.mlp.experts.0.weight, backbone.blocks.0.mlp.experts.0.bias, backbone.blocks.0.mlp.experts.1.weight, backbone.blocks.0.mlp.experts.1.bias, backbone.blocks.0.mlp.experts.2.weight, backbone.blocks.0.mlp.experts.2.bias, backbone.blocks.0.mlp.experts.3.weight, backbone.blocks.0.mlp.experts.3.bias, backbone.blocks.0.mlp.experts.4.weight, backbone.blocks.0.mlp.experts.4.bias, backbone.blocks.0.mlp.experts.5.weight, backbone.blocks.0.mlp.experts.5.bias, backbone.blocks.1.mlp.experts.0.weight, backbone.blocks.1.mlp.experts.0.bias, backbone.blocks.1.mlp.experts.1.weight, backbone.blocks.1.mlp.experts.1.bias, backbone.blocks.1.mlp.experts.2.weight, backbone.blocks.1.mlp.experts.2.bias, backbone.blocks.1.mlp.experts.3.weight, backbone.blocks.1.mlp.experts.3.bias, backbone.blocks.1.mlp.experts.4.weight, backbone.blocks.1.mlp.experts.4.bias, backbone.blocks.1.mlp.experts.5.weight, backbone.blocks.1.mlp.experts.5.bias, backbone.blocks.2.mlp.experts.0.weight, backbone.blocks.2.mlp.experts.0.bias, backbone.blocks.2.mlp.experts.1.weight, backbone.blocks.2.mlp.experts.1.bias, backbone.blocks.2.mlp.experts.2.weight, backbone.blocks.2.mlp.experts.2.bias, backbone.blocks.2.mlp.experts.3.weight, backbone.blocks.2.mlp.experts.3.bias, backbone.blocks.2.mlp.experts.4.weight, backbone.blocks.2.mlp.experts.4.bias, backbone.blocks.2.mlp.experts.5.weight, backbone.blocks.2.mlp.experts.5.bias, backbone.blocks.3.mlp.experts.0.weight, backbone.blocks.3.mlp.experts.0.bias, backbone.blocks.3.mlp.experts.1.weight, backbone.blocks.3.mlp.experts.1.bias, backbone.blocks.3.mlp.experts.2.weight, backbone.blocks.3.mlp.experts.2.bias, backbone.blocks.3.mlp.experts.3.weight, backbone.blocks.3.mlp.experts.3.bias, backbone.blocks.3.mlp.experts.4.weight, backbone.blocks.3.mlp.experts.4.bias, backbone.blocks.3.mlp.experts.5.weight, backbone.blocks.3.mlp.experts.5.bias, backbone.blocks.4.mlp.experts.0.weight, backbone.blocks.4.mlp.experts.0.bias, backbone.blocks.4.mlp.experts.1.weight, backbone.blocks.4.mlp.experts.1.bias, backbone.blocks.4.mlp.experts.2.weight, backbone.blocks.4.mlp.experts.2.bias, backbone.blocks.4.mlp.experts.3.weight, backbone.blocks.4.mlp.experts.3.bias, backbone.blocks.4.mlp.experts.4.weight, backbone.blocks.4.mlp.experts.4.bias, backbone.blocks.4.mlp.experts.5.weight, backbone.blocks.4.mlp.experts.5.bias, backbone.blocks.5.mlp.experts.0.weight, backbone.blocks.5.mlp.experts.0.bias, backbone.blocks.5.mlp.experts.1.weight, backbone.blocks.5.mlp.experts.1.bias, backbone.blocks.5.mlp.experts.2.weight, backbone.blocks.5.mlp.experts.2.bias, backbone.blocks.5.mlp.experts.3.weight, backbone.blocks.5.mlp.experts.3.bias, backbone.blocks.5.mlp.experts.4.weight, backbone.blocks.5.mlp.experts.4.bias, backbone.blocks.5.mlp.experts.5.weight, backbone.blocks.5.mlp.experts.5.bias, backbone.blocks.6.mlp.experts.0.weight, backbone.blocks.6.mlp.experts.0.bias, backbone.blocks.6.mlp.experts.1.weight, backbone.blocks.6.mlp.experts.1.bias, backbone.blocks.6.mlp.experts.2.weight, backbone.blocks.6.mlp.experts.2.bias, backbone.blocks.6.mlp.experts.3.weight, backbone.blocks.6.mlp.experts.3.bias, backbone.blocks.6.mlp.experts.4.weight, backbone.blocks.6.mlp.experts.4.bias, backbone.blocks.6.mlp.experts.5.weight, backbone.blocks.6.mlp.experts.5.bias, backbone.blocks.7.mlp.experts.0.weight, backbone.blocks.7.mlp.experts.0.bias, backbone.blocks.7.mlp.experts.1.weight, backbone.blocks.7.mlp.experts.1.bias, backbone.blocks.7.mlp.experts.2.weight, backbone.blocks.7.mlp.experts.2.bias, backbone.blocks.7.mlp.experts.3.weight, backbone.blocks.7.mlp.experts.3.bias, backbone.blocks.7.mlp.experts.4.weight, backbone.blocks.7.mlp.experts.4.bias, backbone.blocks.7.mlp.experts.5.weight, backbone.blocks.7.mlp.experts.5.bias, backbone.blocks.8.mlp.experts.0.weight, backbone.blocks.8.mlp.experts.0.bias, backbone.blocks.8.mlp.experts.1.weight, backbone.blocks.8.mlp.experts.1.bias, backbone.blocks.8.mlp.experts.2.weight, backbone.blocks.8.mlp.experts.2.bias, backbone.blocks.8.mlp.experts.3.weight, backbone.blocks.8.mlp.experts.3.bias, backbone.blocks.8.mlp.experts.4.weight, backbone.blocks.8.mlp.experts.4.bias, backbone.blocks.8.mlp.experts.5.weight, backbone.blocks.8.mlp.experts.5.bias, backbone.blocks.9.mlp.experts.0.weight, backbone.blocks.9.mlp.experts.0.bias, backbone.blocks.9.mlp.experts.1.weight, backbone.blocks.9.mlp.experts.1.bias, backbone.blocks.9.mlp.experts.2.weight, backbone.blocks.9.mlp.experts.2.bias, backbone.blocks.9.mlp.experts.3.weight, backbone.blocks.9.mlp.experts.3.bias, backbone.blocks.9.mlp.experts.4.weight, backbone.blocks.9.mlp.experts.4.bias, backbone.blocks.9.mlp.experts.5.weight, backbone.blocks.9.mlp.experts.5.bias, backbone.blocks.10.mlp.experts.0.weight, backbone.blocks.10.mlp.experts.0.bias, backbone.blocks.10.mlp.experts.1.weight, backbone.blocks.10.mlp.experts.1.bias, backbone.blocks.10.mlp.experts.2.weight, backbone.blocks.10.mlp.experts.2.bias, backbone.blocks.10.mlp.experts.3.weight, backbone.blocks.10.mlp.experts.3.bias, backbone.blocks.10.mlp.experts.4.weight, backbone.blocks.10.mlp.experts.4.bias, backbone.blocks.10.mlp.experts.5.weight, backbone.blocks.10.mlp.experts.5.bias, backbone.blocks.11.mlp.experts.0.weight, backbone.blocks.11.mlp.experts.0.bias, backbone.blocks.11.mlp.experts.1.weight, backbone.blocks.11.mlp.experts.1.bias, backbone.blocks.11.mlp.experts.2.weight, backbone.blocks.11.mlp.experts.2.bias, backbone.blocks.11.mlp.experts.3.weight, backbone.blocks.11.mlp.experts.3.bias, backbone.blocks.11.mlp.experts.4.weight, backbone.blocks.11.mlp.experts.4.bias, backbone.blocks.11.mlp.experts.5.weight, backbone.blocks.11.mlp.experts.5.bias, backbone.blocks.12.mlp.experts.0.weight, backbone.blocks.12.mlp.experts.0.bias, backbone.blocks.12.mlp.experts.1.weight, backbone.blocks.12.mlp.experts.1.bias, backbone.blocks.12.mlp.experts.2.weight, backbone.blocks.12.mlp.experts.2.bias, backbone.blocks.12.mlp.experts.3.weight, backbone.blocks.12.mlp.experts.3.bias, backbone.blocks.12.mlp.experts.4.weight, backbone.blocks.12.mlp.experts.4.bias, backbone.blocks.12.mlp.experts.5.weight, backbone.blocks.12.mlp.experts.5.bias, backbone.blocks.13.mlp.experts.0.weight, backbone.blocks.13.mlp.experts.0.bias, backbone.blocks.13.mlp.experts.1.weight, backbone.blocks.13.mlp.experts.1.bias, backbone.blocks.13.mlp.experts.2.weight, backbone.blocks.13.mlp.experts.2.bias, backbone.blocks.13.mlp.experts.3.weight, backbone.blocks.13.mlp.experts.3.bias, backbone.blocks.13.mlp.experts.4.weight, backbone.blocks.13.mlp.experts.4.bias, backbone.blocks.13.mlp.experts.5.weight, backbone.blocks.13.mlp.experts.5.bias, backbone.blocks.14.mlp.experts.0.weight, backbone.blocks.14.mlp.experts.0.bias, backbone.blocks.14.mlp.experts.1.weight, backbone.blocks.14.mlp.experts.1.bias, backbone.blocks.14.mlp.experts.2.weight, backbone.blocks.14.mlp.experts.2.bias, backbone.blocks.14.mlp.experts.3.weight, backbone.blocks.14.mlp.experts.3.bias, backbone.blocks.14.mlp.experts.4.weight, backbone.blocks.14.mlp.experts.4.bias, backbone.blocks.14.mlp.experts.5.weight, backbone.blocks.14.mlp.experts.5.bias, backbone.blocks.15.mlp.experts.0.weight, backbone.blocks.15.mlp.experts.0.bias, backbone.blocks.15.mlp.experts.1.weight, backbone.blocks.15.mlp.experts.1.bias, backbone.blocks.15.mlp.experts.2.weight, backbone.blocks.15.mlp.experts.2.bias, backbone.blocks.15.mlp.experts.3.weight, backbone.blocks.15.mlp.experts.3.bias, backbone.blocks.15.mlp.experts.4.weight, backbone.blocks.15.mlp.experts.4.bias, backbone.blocks.15.mlp.experts.5.weight, backbone.blocks.15.mlp.experts.5.bias, backbone.blocks.16.mlp.experts.0.weight, backbone.blocks.16.mlp.experts.0.bias, backbone.blocks.16.mlp.experts.1.weight, backbone.blocks.16.mlp.experts.1.bias, backbone.blocks.16.mlp.experts.2.weight, backbone.blocks.16.mlp.experts.2.bias, backbone.blocks.16.mlp.experts.3.weight, backbone.blocks.16.mlp.experts.3.bias, backbone.blocks.16.mlp.experts.4.weight, backbone.blocks.16.mlp.experts.4.bias, backbone.blocks.16.mlp.experts.5.weight, backbone.blocks.16.mlp.experts.5.bias, backbone.blocks.17.mlp.experts.0.weight, backbone.blocks.17.mlp.experts.0.bias, backbone.blocks.17.mlp.experts.1.weight, backbone.blocks.17.mlp.experts.1.bias, backbone.blocks.17.mlp.experts.2.weight, backbone.blocks.17.mlp.experts.2.bias, backbone.blocks.17.mlp.experts.3.weight, backbone.blocks.17.mlp.experts.3.bias, backbone.blocks.17.mlp.experts.4.weight, backbone.blocks.17.mlp.experts.4.bias, backbone.blocks.17.mlp.experts.5.weight, backbone.blocks.17.mlp.experts.5.bias, backbone.blocks.18.mlp.experts.0.weight, backbone.blocks.18.mlp.experts.0.bias, backbone.blocks.18.mlp.experts.1.weight, backbone.blocks.18.mlp.experts.1.bias, backbone.blocks.18.mlp.experts.2.weight, backbone.blocks.18.mlp.experts.2.bias, backbone.blocks.18.mlp.experts.3.weight, backbone.blocks.18.mlp.experts.3.bias, backbone.blocks.18.mlp.experts.4.weight, backbone.blocks.18.mlp.experts.4.bias, backbone.blocks.18.mlp.experts.5.weight, backbone.blocks.18.mlp.experts.5.bias, backbone.blocks.19.mlp.experts.0.weight, backbone.blocks.19.mlp.experts.0.bias, backbone.blocks.19.mlp.experts.1.weight, backbone.blocks.19.mlp.experts.1.bias, backbone.blocks.19.mlp.experts.2.weight, backbone.blocks.19.mlp.experts.2.bias, backbone.blocks.19.mlp.experts.3.weight, backbone.blocks.19.mlp.experts.3.bias, backbone.blocks.19.mlp.experts.4.weight, backbone.blocks.19.mlp.experts.4.bias, backbone.blocks.19.mlp.experts.5.weight, backbone.blocks.19.mlp.experts.5.bias, backbone.blocks.20.mlp.experts.0.weight, backbone.blocks.20.mlp.experts.0.bias, backbone.blocks.20.mlp.experts.1.weight, backbone.blocks.20.mlp.experts.1.bias, backbone.blocks.20.mlp.experts.2.weight, backbone.blocks.20.mlp.experts.2.bias, backbone.blocks.20.mlp.experts.3.weight, backbone.blocks.20.mlp.experts.3.bias, backbone.blocks.20.mlp.experts.4.weight, backbone.blocks.20.mlp.experts.4.bias, backbone.blocks.20.mlp.experts.5.weight, backbone.blocks.20.mlp.experts.5.bias, backbone.blocks.21.mlp.experts.0.weight, backbone.blocks.21.mlp.experts.0.bias, backbone.blocks.21.mlp.experts.1.weight, backbone.blocks.21.mlp.experts.1.bias, backbone.blocks.21.mlp.experts.2.weight, backbone.blocks.21.mlp.experts.2.bias, backbone.blocks.21.mlp.experts.3.weight, backbone.blocks.21.mlp.experts.3.bias, backbone.blocks.21.mlp.experts.4.weight, backbone.blocks.21.mlp.experts.4.bias, backbone.blocks.21.mlp.experts.5.weight, backbone.blocks.21.mlp.experts.5.bias, backbone.blocks.22.mlp.experts.0.weight, backbone.blocks.22.mlp.experts.0.bias, backbone.blocks.22.mlp.experts.1.weight, backbone.blocks.22.mlp.experts.1.bias, backbone.blocks.22.mlp.experts.2.weight, backbone.blocks.22.mlp.experts.2.bias, backbone.blocks.22.mlp.experts.3.weight, backbone.blocks.22.mlp.experts.3.bias, backbone.blocks.22.mlp.experts.4.weight, backbone.blocks.22.mlp.experts.4.bias, backbone.blocks.22.mlp.experts.5.weight, backbone.blocks.22.mlp.experts.5.bias, backbone.blocks.23.mlp.experts.0.weight, backbone.blocks.23.mlp.experts.0.bias, backbone.blocks.23.mlp.experts.1.weight, backbone.blocks.23.mlp.experts.1.bias, backbone.blocks.23.mlp.experts.2.weight, backbone.blocks.23.mlp.experts.2.bias, backbone.blocks.23.mlp.experts.3.weight, backbone.blocks.23.mlp.experts.3.bias, backbone.blocks.23.mlp.experts.4.weight, backbone.blocks.23.mlp.experts.4.bias, backbone.blocks.23.mlp.experts.5.weight, backbone.blocks.23.mlp.experts.5.bias, backbone.blocks.24.mlp.experts.0.weight, backbone.blocks.24.mlp.experts.0.bias, backbone.blocks.24.mlp.experts.1.weight, backbone.blocks.24.mlp.experts.1.bias, backbone.blocks.24.mlp.experts.2.weight, backbone.blocks.24.mlp.experts.2.bias, backbone.blocks.24.mlp.experts.3.weight, backbone.blocks.24.mlp.experts.3.bias, backbone.blocks.24.mlp.experts.4.weight, backbone.blocks.24.mlp.experts.4.bias, backbone.blocks.24.mlp.experts.5.weight, backbone.blocks.24.mlp.experts.5.bias, backbone.blocks.25.mlp.experts.0.weight, backbone.blocks.25.mlp.experts.0.bias, backbone.blocks.25.mlp.experts.1.weight, backbone.blocks.25.mlp.experts.1.bias, backbone.blocks.25.mlp.experts.2.weight, backbone.blocks.25.mlp.experts.2.bias, backbone.blocks.25.mlp.experts.3.weight, backbone.blocks.25.mlp.experts.3.bias, backbone.blocks.25.mlp.experts.4.weight, backbone.blocks.25.mlp.experts.4.bias, backbone.blocks.25.mlp.experts.5.weight, backbone.blocks.25.mlp.experts.5.bias, backbone.blocks.26.mlp.experts.0.weight, backbone.blocks.26.mlp.experts.0.bias, backbone.blocks.26.mlp.experts.1.weight, backbone.blocks.26.mlp.experts.1.bias, backbone.blocks.26.mlp.experts.2.weight, backbone.blocks.26.mlp.experts.2.bias, backbone.blocks.26.mlp.experts.3.weight, backbone.blocks.26.mlp.experts.3.bias, backbone.blocks.26.mlp.experts.4.weight, backbone.blocks.26.mlp.experts.4.bias, backbone.blocks.26.mlp.experts.5.weight, backbone.blocks.26.mlp.experts.5.bias, backbone.blocks.27.mlp.experts.0.weight, backbone.blocks.27.mlp.experts.0.bias, backbone.blocks.27.mlp.experts.1.weight, backbone.blocks.27.mlp.experts.1.bias, backbone.blocks.27.mlp.experts.2.weight, backbone.blocks.27.mlp.experts.2.bias, backbone.blocks.27.mlp.experts.3.weight, backbone.blocks.27.mlp.experts.3.bias, backbone.blocks.27.mlp.experts.4.weight, backbone.blocks.27.mlp.experts.4.bias, backbone.blocks.27.mlp.experts.5.weight, backbone.blocks.27.mlp.experts.5.bias, backbone.blocks.28.mlp.experts.0.weight, backbone.blocks.28.mlp.experts.0.bias, backbone.blocks.28.mlp.experts.1.weight, backbone.blocks.28.mlp.experts.1.bias, backbone.blocks.28.mlp.experts.2.weight, backbone.blocks.28.mlp.experts.2.bias, backbone.blocks.28.mlp.experts.3.weight, backbone.blocks.28.mlp.experts.3.bias, backbone.blocks.28.mlp.experts.4.weight, backbone.blocks.28.mlp.experts.4.bias, backbone.blocks.28.mlp.experts.5.weight, backbone.blocks.28.mlp.experts.5.bias, backbone.blocks.29.mlp.experts.0.weight, backbone.blocks.29.mlp.experts.0.bias, backbone.blocks.29.mlp.experts.1.weight, backbone.blocks.29.mlp.experts.1.bias, backbone.blocks.29.mlp.experts.2.weight, backbone.blocks.29.mlp.experts.2.bias, backbone.blocks.29.mlp.experts.3.weight, backbone.blocks.29.mlp.experts.3.bias, backbone.blocks.29.mlp.experts.4.weight, backbone.blocks.29.mlp.experts.4.bias, backbone.blocks.29.mlp.experts.5.weight, backbone.blocks.29.mlp.experts.5.bias, backbone.blocks.30.mlp.experts.0.weight, backbone.blocks.30.mlp.experts.0.bias, backbone.blocks.30.mlp.experts.1.weight, backbone.blocks.30.mlp.experts.1.bias, backbone.blocks.30.mlp.experts.2.weight, backbone.blocks.30.mlp.experts.2.bias, backbone.blocks.30.mlp.experts.3.weight, backbone.blocks.30.mlp.experts.3.bias, backbone.blocks.30.mlp.experts.4.weight, backbone.blocks.30.mlp.experts.4.bias, backbone.blocks.30.mlp.experts.5.weight, backbone.blocks.30.mlp.experts.5.bias, backbone.blocks.31.mlp.experts.0.weight, backbone.blocks.31.mlp.experts.0.bias, backbone.blocks.31.mlp.experts.1.weight, backbone.blocks.31.mlp.experts.1.bias, backbone.blocks.31.mlp.experts.2.weight, backbone.blocks.31.mlp.experts.2.bias, backbone.blocks.31.mlp.experts.3.weight, backbone.blocks.31.mlp.experts.3.bias, backbone.blocks.31.mlp.experts.4.weight, backbone.blocks.31.mlp.experts.4.bias, backbone.blocks.31.mlp.experts.5.weight, backbone.blocks.31.mlp.experts.5.bias

Found existing frames for 120-2_clip_1, skipping extraction.
Found existing frames for 120-2_clip_1_amplified, skipping extraction.
Found existing frames for 120-2_clip_2, skipping extraction.
Found existing frames for 120-2_clip_2_amplified, skipping extraction.
Found existing frames for 120-2_clip_3, skipping extraction.
Found existing frames for 120-2_clip_3_amplified, skipping extraction.
Found existing frames for 120-2_clip_4, skipping extraction.
Found existing frames for 120-2_clip_4_amplified, skipping extraction.
Found existing frames for 120-2_clip_5, skipping extraction.
Found existing frames for 120-2_clip_5_amplified, skipping extraction.
Found existing frames for 120-2_clip_6, skipping extraction.
Found existing frames for 120-2_clip_7, skipping extraction.
Found existing frames for 120-2_clip_7_amplified, skipping extraction.
Found existing frames for 124-6 DBS uit, skipping extraction.
Found existing frames for 163 (2) FU, skipping extraction.
Found existing frames for clip_1, skipping extraction.
Found existing frames for clip_1_amplified, skipping extraction.
Found existing frames for clip_2, skipping extraction.
Found existing frames for clip_2_amplified, skipping extraction.
Found existing frames for clip_3, skipping extraction.
Found existing frames for clip_3_amplified, skipping extraction.
Found existing frames for clip_4, skipping extraction.

Processing: /scratch/mthakur/manifold/data/images/120-2_clip_3_amplified_frames/frame_000000.jpg
/.venv/lib/python3.10/site-packages/torch/functional.py:504: UserWarning: torch.meshgrid: in an upcoming release, it will be required to pass the indexing argument. (Triggered internally at ../aten/src/ATen/native/TensorShape.cpp:3483.)
  return _VF.meshgrid(tensors, **kwargs)  # type: ignore[attr-defined]
WARNING: All log messages before absl::InitializeLog() is called are written to STDERR
I0000 00:00:1772639787.755771 3471509 gl_context_egl.cc:85] Successfully initialized EGL. Major : 1 Minor: 5
I0000 00:00:1772639788.081424 3472782 gl_context.cc:344] GL version: 3.2 (OpenGL ES 3.2 NVIDIA 580.105.08), renderer: NVIDIA A100 80GB PCIe/PCIe/SSE2
downsampling_factor=2.7964274088541665
cvimg.shape:  (1080, 1440, 3)
keypoints_2d.shape:  (21, 3)
INFO: Created TensorFlow Lite XNNPACK delegate for CPU.
Handedness: [classification {
  index: 0
  score: 0.9895879626274109
  label: "Left"
}
, classification {
  index: 1
  score: 0.9811538457870483
  label: "Right"
}
]
downsampling_factor=3.3115596771240234
cvimg.shape:  (1080, 1440, 3)
keypoints_2d.shape:  (21, 3)
Handedness: [classification {
  index: 0
  score: 0.7885873317718506
  label: "Left"
}
, classification {
  index: 1
  score: 0.9865731000900269
  label: "Right"
}
]
/.venv/lib/python3.10/site-packages/torch/nn/functional.py:4236: UserWarning: Default grid_sample and affine_grid behavior has changed to align_corners=False since 1.3.0. Please specify align_corners=True if the old behavior is desired. See the documentation of grid_sample for details.
  warnings.warn(
Saved visualization: /scratch/mthakur/manifold/outputs/hamba/120-2_clip_3_amplified/visualizations/frame_000000.jpg

Processing: /scratch/mthakur/manifold/data/images/120-2_clip_3_amplified_frames/frame_000001.jpg
I0000 00:00:1772639792.424276 3471509 gl_context_egl.cc:85] Successfully initialized EGL. Major : 1 Minor: 5
I0000 00:00:1772639792.457070 3472913 gl_context.cc:344] GL version: 3.2 (OpenGL ES 3.2 NVIDIA 580.105.08), renderer: NVIDIA A100 80GB PCIe/PCIe/SSE2
downsampling_factor=2.7928975423177085
cvimg.shape:  (1080, 1440, 3)
keypoints_2d.shape:  (21, 3)
Handedness: [classification {
  index: 0
  score: 0.9944623708724976
  label: "Left"
}
, classification {
  index: 1
  score: 0.9772839546203613
  label: "Right"
}
]
downsampling_factor=3.307377815246582
cvimg.shape:  (1080, 1440, 3)
keypoints_2d.shape:  (21, 3)
Handedness: [classification {
  index: 0
  score: 0.8560070991516113
  label: "Left"
}
, classification {
  index: 1
  score: 0.9919043779373169
  label: "Right"
}
]
/.venv/lib/python3.10/site-packages/torch/nn/functional.py:4236: UserWarning: Default grid_sample and affine_grid behavior has changed to align_corners=False since 1.3.0. Please specify align_corners=True if the old behavior is desired. See the documentation of grid_sample for details.
  warnings.warn(
Saved visualization: /scratch/mthakur/manifold/outputs/hamba/120-2_clip_3_amplified/visualizations/frame_000001.jpg

Processing: /scratch/mthakur/manifold/data/images/120-2_clip_3_amplified_frames/frame_000002.jpg
I0000 00:00:1772639793.364097 3471509 gl_context_egl.cc:85] Successfully initialized EGL. Major : 1 Minor: 5
I0000 00:00:1772639793.415608 3472974 gl_context.cc:344] GL version: 3.2 (OpenGL ES 3.2 NVIDIA 580.105.08), renderer: NVIDIA A100 80GB PCIe/PCIe/SSE2
downsampling_factor=2.8043238321940103
cvimg.shape:  (1080, 1440, 3)
keypoints_2d.shape:  (21, 3)
Handedness: [classification {
  index: 0
  score: 0.9880065321922302
  label: "Left"
}
, classification {
  index: 1
  score: 0.9725440144538879
  label: "Right"
}
]
downsampling_factor=3.3209097385406494
cvimg.shape:  (1080, 1440, 3)
keypoints_2d.shape:  (21, 3)
Handedness: [classification {
  index: 0
  score: 0.7236928939819336
  label: "Left"
}
, classification {
  index: 1
  score: 0.9859150648117065
  label: "Right"
}
]
/.venv/lib/python3.10/site-packages/torch/nn/functional.py:4236: UserWarning: Default grid_sample and affine_grid behavior has changed to align_corners=False since 1.3.0. Please specify align_corners=True if the old behavior is desired. See the documentation of grid_sample for details.
  warnings.warn(
Saved visualization: /scratch/mthakur/manifold/outputs/hamba/120-2_clip_3_amplified/visualizations/frame_000002.jpg

Processing: /scratch/mthakur/manifold/data/images/120-2_clip_3_amplified_frames/frame_000003.jpg
I0000 00:00:1772639794.377455 3471509 gl_context_egl.cc:85] Successfully initialized EGL. Major : 1 Minor: 5
I0000 00:00:1772639794.422975 3473089 gl_context.cc:344] GL version: 3.2 (OpenGL ES 3.2 NVIDIA 580.105.08), renderer: NVIDIA A100 80GB PCIe/PCIe/SSE2
downsampling_factor=2.800593058268229
cvimg.shape:  (1080, 1440, 3)
keypoints_2d.shape:  (21, 3)
Handedness: [classification {
  index: 0
  score: 0.9902856945991516
  label: "Left"
}
, classification {
  index: 1
  score: 0.9658367037773132
  label: "Right"
}
]
downsampling_factor=3.31649112701416
cvimg.shape:  (1080, 1440, 3)
keypoints_2d.shape:  (21, 3)
Handedness: [classification {
  index: 0
  score: 0.6982194185256958
  label: "Left"
}
, classification {
  index: 1
  score: 0.9294109344482422
  label: "Right"
}
]
/.venv/lib/python3.10/site-packages/torch/nn/functional.py:4236: UserWarning: Default grid_sample and affine_grid behavior has changed to align_corners=False since 1.3.0. Please specify align_corners=True if the old behavior is desired. See the documentation of grid_sample for details.
  warnings.warn(
Saved visualization: /scratch/mthakur/manifold/outputs/hamba/120-2_clip_3_amplified/visualizations/frame_000003.jpg

Processing: /scratch/mthakur/manifold/data/images/120-2_clip_3_amplified_frames/frame_000004.jpg
I0000 00:00:1772639795.337892 3471509 gl_context_egl.cc:85] Successfully initialized EGL. Major : 1 Minor: 5
I0000 00:00:1772639795.374973 3473197 gl_context.cc:344] GL version: 3.2 (OpenGL ES 3.2 NVIDIA 580.105.08), renderer: NVIDIA A100 80GB PCIe/PCIe/SSE2
downsampling_factor=2.800665537516276
cvimg.shape:  (1080, 1440, 3)
keypoints_2d.shape:  (21, 3)
Handedness: [classification {
  index: 0
  score: 0.9914364218711853
  label: "Left"
}
, classification {
  index: 1
  score: 0.9870547652244568
  label: "Right"
}
]
downsampling_factor=3.3165791034698486
cvimg.shape:  (1080, 1440, 3)
keypoints_2d.shape:  (21, 3)
Handedness: [classification {
  index: 0
  score: 0.7874338626861572
  label: "Left"
}
, classification {
  index: 1
  score: 0.9931122660636902
  label: "Right"
}
]
/.venv/lib/python3.10/site-packages/torch/nn/functional.py:4236: UserWarning: Default grid_sample and affine_grid behavior has changed to align_corners=False since 1.3.0. Please specify align_corners=True if the old behavior is desired. See the documentation of grid_sample for details.
  warnings.warn(
Saved visualization: /scratch/mthakur/manifold/outputs/hamba/120-2_clip_3_amplified/visualizations/frame_000004.jpg

Processing: /scratch/mthakur/manifold/data/images/120-2_clip_3_amplified_frames/frame_000005.jpg
I0000 00:00:1772639796.282247 3471509 gl_context_egl.cc:85] Successfully initialized EGL. Major : 1 Minor: 5
I0000 00:00:1772639796.323122 3473305 gl_context.cc:344] GL version: 3.2 (OpenGL ES 3.2 NVIDIA 580.105.08), renderer: NVIDIA A100 80GB PCIe/PCIe/SSE2
downsampling_factor=2.805914560953776
cvimg.shape:  (1080, 1440, 3)
keypoints_2d.shape:  (21, 3)
Handedness: [classification {
  index: 0
  score: 0.988499104976654
  label: "Left"
}
, classification {
  index: 1
  score: 0.9673389792442322
  label: "Right"
}
]
downsampling_factor=3.3227949142456055
cvimg.shape:  (1080, 1440, 3)
keypoints_2d.shape:  (21, 3)
Handedness: [classification {
  index: 0
  score: 0.7117824554443359
  label: "Left"
}
, classification {
  index: 1
  score: 0.9845921397209167
  label: "Right"
}
]
/.venv/lib/python3.10/site-packages/torch/nn/functional.py:4236: UserWarning: Default grid_sample and affine_grid behavior has changed to align_corners=False since 1.3.0. Please specify align_corners=True if the old behavior is desired. See the documentation of grid_sample for details.
  warnings.warn(
Saved visualization: /scratch/mthakur/manifold/outputs/hamba/120-2_clip_3_amplified/visualizations/frame_000005.jpg

Processing: /scratch/mthakur/manifold/data/images/120-2_clip_3_amplified_frames/frame_000006.jpg
I0000 00:00:1772639797.231391 3471509 gl_context_egl.cc:85] Successfully initialized EGL. Major : 1 Minor: 5
I0000 00:00:1772639797.265897 3473438 gl_context.cc:344] GL version: 3.2 (OpenGL ES 3.2 NVIDIA 580.105.08), renderer: NVIDIA A100 80GB PCIe/PCIe/SSE2
downsampling_factor=2.802403767903646
cvimg.shape:  (1080, 1440, 3)
keypoints_2d.shape:  (21, 3)
Handedness: [classification {
  index: 0
  score: 0.990466296672821
  label: "Left"
}
, classification {
  index: 1
  score: 0.9721149802207947
  label: "Right"
}
]
downsampling_factor=3.3186349868774414
cvimg.shape:  (1080, 1440, 3)
keypoints_2d.shape:  (21, 3)
Handedness: [classification {
  index: 0
  score: 0.7589706182479858
  label: "Left"
}
, classification {
  index: 1
  score: 0.9683100581169128
  label: "Right"
}
]
/.venv/lib/python3.10/site-packages/torch/nn/functional.py:4236: UserWarning: Default grid_sample and affine_grid behavior has changed to align_corners=False since 1.3.0. Please specify align_corners=True if the old behavior is desired. See the documentation of grid_sample for details.
  warnings.warn(
Saved visualization: /scratch/mthakur/manifold/outputs/hamba/120-2_clip_3_amplified/visualizations/frame_000006.jpg

Processing: /scratch/mthakur/manifold/data/images/120-2_clip_3_amplified_frames/frame_000007.jpg
I0000 00:00:1772639798.224911 3471509 gl_context_egl.cc:85] Successfully initialized EGL. Major : 1 Minor: 5
I0000 00:00:1772639798.265375 3473566 gl_context.cc:344] GL version: 3.2 (OpenGL ES 3.2 NVIDIA 580.105.08), renderer: NVIDIA A100 80GB PCIe/PCIe/SSE2
downsampling_factor=2.8044408162434897
cvimg.shape:  (1080, 1440, 3)
keypoints_2d.shape:  (21, 3)
Handedness: [classification {
  index: 0
  score: 0.9937878251075745
  label: "Left"
}
, classification {
  index: 1
  score: 0.9599563479423523
  label: "Right"
}
]
downsampling_factor=3.321049690246582
cvimg.shape:  (1080, 1440, 3)
keypoints_2d.shape:  (21, 3)
Handedness: [classification {
  index: 0
  score: 0.6895310878753662
  label: "Left"
}
, classification {
  index: 1
  score: 0.9830977916717529
  label: "Right"
}
]
/.venv/lib/python3.10/site-packages/torch/nn/functional.py:4236: UserWarning: Default grid_sample and affine_grid behavior has changed to align_corners=False since 1.3.0. Please specify align_corners=True if the old behavior is desired. See the documentation of grid_sample for details.
  warnings.warn(
Saved visualization: /scratch/mthakur/manifold/outputs/hamba/120-2_clip_3_amplified/visualizations/frame_000007.jpg

Processing: /scratch/mthakur/manifold/data/images/120-2_clip_3_amplified_frames/frame_000008.jpg
I0000 00:00:1772639799.189798 3471509 gl_context_egl.cc:85] Successfully initialized EGL. Major : 1 Minor: 5
I0000 00:00:1772639799.238559 3473679 gl_context.cc:344] GL version: 3.2 (OpenGL ES 3.2 NVIDIA 580.105.08), renderer: NVIDIA A100 80GB PCIe/PCIe/SSE2
downsampling_factor=2.812291463216146
cvimg.shape:  (1080, 1440, 3)
keypoints_2d.shape:  (21, 3)
Handedness: [classification {
  index: 0
  score: 0.9901007413864136
  label: "Left"
}
, classification {
  index: 1
  score: 0.9874674677848816
  label: "Right"
}
]
downsampling_factor=3.3303451538085938
cvimg.shape:  (1080, 1440, 3)
keypoints_2d.shape:  (21, 3)
Handedness: [classification {
  index: 0
  score: 0.6892518401145935
  label: "Left"
}
, classification {
  index: 1
  score: 0.8984894752502441
  label: "Right"
}
]
/.venv/lib/python3.10/site-packages/torch/nn/functional.py:4236: UserWarning: Default grid_sample and affine_grid behavior has changed to align_corners=False since 1.3.0. Please specify align_corners=True if the old behavior is desired. See the documentation of grid_sample for details.
  warnings.warn(
Saved visualization: /scratch/mthakur/manifold/outputs/hamba/120-2_clip_3_amplified/visualizations/frame_000008.jpg

Processing: /scratch/mthakur/manifold/data/images/120-2_clip_3_amplified_frames/frame_000009.jpg
I0000 00:00:1772639800.161927 3471509 gl_context_egl.cc:85] Successfully initialized EGL. Major : 1 Minor: 5
I0000 00:00:1772639800.195503 3473802 gl_context.cc:344] GL version: 3.2 (OpenGL ES 3.2 NVIDIA 580.105.08), renderer: NVIDIA A100 80GB PCIe/PCIe/SSE2
downsampling_factor=2.6688143412272134
cvimg.shape:  (1080, 1440, 3)
keypoints_2d.shape:  (21, 3)
Handedness: [classification {
  index: 0
  score: 0.9869645833969116
  label: "Left"
}
]
downsampling_factor=3.336017608642578
cvimg.shape:  (1080, 1440, 3)
keypoints_2d.shape:  (21, 3)
Handedness: [classification {
  index: 1
  score: 0.9991461634635925
  label: "Right"
}
, classification {
  index: 0
  score: 0.7680453062057495
  label: "Left"
}
]
/.venv/lib/python3.10/site-packages/torch/nn/functional.py:4236: UserWarning: Default grid_sample and affine_grid behavior has changed to align_corners=False since 1.3.0. Please specify align_corners=True if the old behavior is desired. See the documentation of grid_sample for details.
  warnings.warn(
Saved visualization: /scratch/mthakur/manifold/outputs/hamba/120-2_clip_3_amplified/visualizations/frame_000009.jpg

Processing: /scratch/mthakur/manifold/data/images/120-2_clip_3_amplified_frames/frame_000010.jpg
I0000 00:00:1772639801.126049 3471509 gl_context_egl.cc:85] Successfully initialized EGL. Major : 1 Minor: 5
I0000 00:00:1772639801.165005 3473910 gl_context.cc:344] GL version: 3.2 (OpenGL ES 3.2 NVIDIA 580.105.08), renderer: NVIDIA A100 80GB PCIe/PCIe/SSE2
downsampling_factor=2.6650962829589844
cvimg.shape:  (1080, 1440, 3)
keypoints_2d.shape:  (21, 3)
Handedness: [classification {
  index: 0
  score: 0.9856650233268738
  label: "Left"
}
]
downsampling_factor=3.331371307373047
cvimg.shape:  (1080, 1440, 3)
keypoints_2d.shape:  (21, 3)
Handedness: [classification {
  index: 1
  score: 0.9993115663528442
  label: "Right"
}
, classification {
  index: 0
  score: 0.7632305026054382
  label: "Left"
}
]
/.venv/lib/python3.10/site-packages/torch/nn/functional.py:4236: UserWarning: Default grid_sample and affine_grid behavior has changed to align_corners=False since 1.3.0. Please specify align_corners=True if the old behavior is desired. See the documentation of grid_sample for details.
  warnings.warn(
Saved visualization: /scratch/mthakur/manifold/outputs/hamba/120-2_clip_3_amplified/visualizations/frame_000010.jpg

Processing: /scratch/mthakur/manifold/data/images/120-2_clip_3_amplified_frames/frame_000011.jpg
I0000 00:00:1772639802.070034 3471509 gl_context_egl.cc:85] Successfully initialized EGL. Major : 1 Minor: 5
I0000 00:00:1772639802.104278 3474018 gl_context.cc:344] GL version: 3.2 (OpenGL ES 3.2 NVIDIA 580.105.08), renderer: NVIDIA A100 80GB PCIe/PCIe/SSE2
downsampling_factor=2.6613693237304688
cvimg.shape:  (1080, 1440, 3)
keypoints_2d.shape:  (21, 3)
Handedness: [classification {
  index: 0
  score: 0.9916494488716125
  label: "Left"
}
]
downsampling_factor=3.326711893081665
cvimg.shape:  (1080, 1440, 3)
keypoints_2d.shape:  (21, 3)
Handedness: [classification {
  index: 1
  score: 0.9988676905632019
  label: "Right"
}
, classification {
  index: 0
  score: 0.7299560308456421
  label: "Left"
}
]
/.venv/lib/python3.10/site-packages/torch/nn/functional.py:4236: UserWarning: Default grid_sample and affine_grid behavior has changed to align_corners=False since 1.3.0. Please specify align_corners=True if the old behavior is desired. See the documentation of grid_sample for details.
  warnings.warn(
Saved visualization: /scratch/mthakur/manifold/outputs/hamba/120-2_clip_3_amplified/visualizations/frame_000011.jpg

Processing: /scratch/mthakur/manifold/data/images/120-2_clip_3_amplified_frames/frame_000012.jpg
I0000 00:00:1772639803.005958 3471509 gl_context_egl.cc:85] Successfully initialized EGL. Major : 1 Minor: 5
I0000 00:00:1772639803.047504 3474126 gl_context.cc:344] GL version: 3.2 (OpenGL ES 3.2 NVIDIA 580.105.08), renderer: NVIDIA A100 80GB PCIe/PCIe/SSE2
downsampling_factor=2.6524314880371094
cvimg.shape:  (1080, 1440, 3)
keypoints_2d.shape:  (21, 3)
Handedness: [classification {
  index: 0
  score: 0.9887837767601013
  label: "Left"
}
]
downsampling_factor=3.315540313720703
cvimg.shape:  (1080, 1440, 3)
keypoints_2d.shape:  (21, 3)
Handedness: [classification {
  index: 1
  score: 0.9987193942070007
  label: "Right"
}
, classification {
  index: 0
  score: 0.8742717504501343
  label: "Left"
}
]
/.venv/lib/python3.10/site-packages/torch/nn/functional.py:4236: UserWarning: Default grid_sample and affine_grid behavior has changed to align_corners=False since 1.3.0. Please specify align_corners=True if the old behavior is desired. See the documentation of grid_sample for details.
  warnings.warn(
Saved visualization: /scratch/mthakur/manifold/outputs/hamba/120-2_clip_3_amplified/visualizations/frame_000012.jpg

Processing: /scratch/mthakur/manifold/data/images/120-2_clip_3_amplified_frames/frame_000013.jpg
I0000 00:00:1772639803.974965 3471509 gl_context_egl.cc:85] Successfully initialized EGL. Major : 1 Minor: 5
I0000 00:00:1772639804.009241 3474180 gl_context.cc:344] GL version: 3.2 (OpenGL ES 3.2 NVIDIA 580.105.08), renderer: NVIDIA A100 80GB PCIe/PCIe/SSE2
downsampling_factor=2.643651326497396
cvimg.shape:  (1080, 1440, 3)
keypoints_2d.shape:  (21, 3)
Handedness: [classification {
  index: 0
  score: 0.9966394305229187
  label: "Left"
}
]
downsampling_factor=3.304563522338867
cvimg.shape:  (1080, 1440, 3)
keypoints_2d.shape:  (21, 3)
Handedness: [classification {
  index: 1
  score: 0.9993447661399841
  label: "Right"
}
, classification {
  index: 0
  score: 0.7695571184158325
  label: "Left"
}
]
/.venv/lib/python3.10/site-packages/torch/nn/functional.py:4236: UserWarning: Default grid_sample and affine_grid behavior has changed to align_corners=False since 1.3.0. Please specify align_corners=True if the old behavior is desired. See the documentation of grid_sample for details.
  warnings.warn(
Saved visualization: /scratch/mthakur/manifold/outputs/hamba/120-2_clip_3_amplified/visualizations/frame_000013.jpg

Processing: /scratch/mthakur/manifold/data/images/120-2_clip_3_amplified_frames/frame_000014.jpg
I0000 00:00:1772639804.934796 3471509 gl_context_egl.cc:85] Successfully initialized EGL. Major : 1 Minor: 5
I0000 00:00:1772639804.973429 3474288 gl_context.cc:344] GL version: 3.2 (OpenGL ES 3.2 NVIDIA 580.105.08), renderer: NVIDIA A100 80GB PCIe/PCIe/SSE2
downsampling_factor=2.8064549763997397
cvimg.shape:  (1080, 1440, 3)
keypoints_2d.shape:  (21, 3)
Handedness: [classification {
  index: 0
  score: 0.9922206997871399
  label: "Left"
}
, classification {
  index: 1
  score: 0.9734665751457214
  label: "Right"
}
]
downsampling_factor=3.323434591293335
cvimg.shape:  (1080, 1440, 3)
keypoints_2d.shape:  (21, 3)
Handedness: [classification {
  index: 0
  score: 0.6416926383972168
  label: "Left"
}
, classification {
  index: 1
  score: 0.9673085808753967
  label: "Right"
}
]
/.venv/lib/python3.10/site-packages/torch/nn/functional.py:4236: UserWarning: Default grid_sample and affine_grid behavior has changed to align_corners=False since 1.3.0. Please specify align_corners=True if the old behavior is desired. See the documentation of grid_sample for details.
  warnings.warn(
Saved visualization: /scratch/mthakur/manifold/outputs/hamba/120-2_clip_3_amplified/visualizations/frame_000014.jpg

Processing: /scratch/mthakur/manifold/data/images/120-2_clip_3_amplified_frames/frame_000015.jpg
I0000 00:00:1772639805.878454 3471509 gl_context_egl.cc:85] Successfully initialized EGL. Major : 1 Minor: 5
I0000 00:00:1772639805.918810 3474396 gl_context.cc:344] GL version: 3.2 (OpenGL ES 3.2 NVIDIA 580.105.08), renderer: NVIDIA A100 80GB PCIe/PCIe/SSE2
downsampling_factor=2.804065704345703
cvimg.shape:  (1080, 1440, 3)
keypoints_2d.shape:  (21, 3)
Handedness: [classification {
  index: 0
  score: 0.9895951747894287
  label: "Left"
}
, classification {
  index: 1
  score: 0.9893710613250732
  label: "Right"
}
]
downsampling_factor=3.320603370666504
cvimg.shape:  (1080, 1440, 3)
keypoints_2d.shape:  (21, 3)
Handedness: [classification {
  index: 0
  score: 0.7236071825027466
  label: "Left"
}
, classification {
  index: 1
  score: 0.9624354243278503
  label: "Right"
}
]
/.venv/lib/python3.10/site-packages/torch/nn/functional.py:4236: UserWarning: Default grid_sample and affine_grid behavior has changed to align_corners=False since 1.3.0. Please specify align_corners=True if the old behavior is desired. See the documentation of grid_sample for details.
  warnings.warn(
Saved visualization: /scratch/mthakur/manifold/outputs/hamba/120-2_clip_3_amplified/visualizations/frame_000015.jpg

Processing: /scratch/mthakur/manifold/data/images/120-2_clip_3_amplified_frames/frame_000016.jpg
I0000 00:00:1772639806.865702 3471509 gl_context_egl.cc:85] Successfully initialized EGL. Major : 1 Minor: 5
I0000 00:00:1772639806.905627 3474504 gl_context.cc:344] GL version: 3.2 (OpenGL ES 3.2 NVIDIA 580.105.08), renderer: NVIDIA A100 80GB PCIe/PCIe/SSE2
downsampling_factor=2.8055076599121094
cvimg.shape:  (1080, 1440, 3)
keypoints_2d.shape:  (21, 3)
Handedness: [classification {
  index: 0
  score: 0.989585280418396
  label: "Left"
}
, classification {
  index: 1
  score: 0.9861037731170654
  label: "Right"
}
]
downsampling_factor=3.322312355041504
cvimg.shape:  (1080, 1440, 3)
keypoints_2d.shape:  (21, 3)
Handedness: [classification {
  index: 0
  score: 0.6287611722946167
  label: "Left"
}
, classification {
  index: 1
  score: 0.9489181041717529
  label: "Right"
}
]
/.venv/lib/python3.10/site-packages/torch/nn/functional.py:4236: UserWarning: Default grid_sample and affine_grid behavior has changed to align_corners=False since 1.3.0. Please specify align_corners=True if the old behavior is desired. See the documentation of grid_sample for details.
  warnings.warn(
Saved visualization: /scratch/mthakur/manifold/outputs/hamba/120-2_clip_3_amplified/visualizations/frame_000016.jpg

Processing: /scratch/mthakur/manifold/data/images/120-2_clip_3_amplified_frames/frame_000017.jpg
I0000 00:00:1772639807.821497 3471509 gl_context_egl.cc:85] Successfully initialized EGL. Major : 1 Minor: 5
I0000 00:00:1772639807.864379 3474632 gl_context.cc:344] GL version: 3.2 (OpenGL ES 3.2 NVIDIA 580.105.08), renderer: NVIDIA A100 80GB PCIe/PCIe/SSE2
downsampling_factor=2.8017756144205728
cvimg.shape:  (1080, 1440, 3)
keypoints_2d.shape:  (21, 3)
Handedness: [classification {
  index: 0
  score: 0.9865840673446655
  label: "Left"
}
, classification {
  index: 1
  score: 0.9766159057617188
  label: "Right"
}
]
downsampling_factor=3.317892074584961
cvimg.shape:  (1080, 1440, 3)
keypoints_2d.shape:  (21, 3)
Handedness: [classification {
  index: 0
  score: 0.6727979183197021
  label: "Left"
}
, classification {
  index: 1
  score: 0.9625579714775085
  label: "Right"
}
]
/.venv/lib/python3.10/site-packages/torch/nn/functional.py:4236: UserWarning: Default grid_sample and affine_grid behavior has changed to align_corners=False since 1.3.0. Please specify align_corners=True if the old behavior is desired. See the documentation of grid_sample for details.
  warnings.warn(
Saved visualization: /scratch/mthakur/manifold/outputs/hamba/120-2_clip_3_amplified/visualizations/frame_000017.jpg

Processing: /scratch/mthakur/manifold/data/images/120-2_clip_3_amplified_frames/frame_000018.jpg
I0000 00:00:1772639808.726291 3471509 gl_context_egl.cc:85] Successfully initialized EGL. Major : 1 Minor: 5
I0000 00:00:1772639808.766178 3474686 gl_context.cc:344] GL version: 3.2 (OpenGL ES 3.2 NVIDIA 580.105.08), renderer: NVIDIA A100 80GB PCIe/PCIe/SSE2
downsampling_factor=2.7993176778157554
cvimg.shape:  (1080, 1440, 3)
keypoints_2d.shape:  (21, 3)
Handedness: [classification {
  index: 0
  score: 0.994802713394165
  label: "Left"
}
, classification {
  index: 1
  score: 0.9718081951141357
  label: "Right"
}
]
downsampling_factor=3.314981698989868
cvimg.shape:  (1080, 1440, 3)
keypoints_2d.shape:  (21, 3)
Handedness: [classification {
  index: 0
  score: 0.7899634838104248
  label: "Left"
}
, classification {
  index: 1
  score: 0.9812425374984741
  label: "Right"
}
]
/.venv/lib/python3.10/site-packages/torch/nn/functional.py:4236: UserWarning: Default grid_sample and affine_grid behavior has changed to align_corners=False since 1.3.0. Please specify align_corners=True if the old behavior is desired. See the documentation of grid_sample for details.
  warnings.warn(
Saved visualization: /scratch/mthakur/manifold/outputs/hamba/120-2_clip_3_amplified/visualizations/frame_000018.jpg

Processing: /scratch/mthakur/manifold/data/images/120-2_clip_3_amplified_frames/frame_000019.jpg
I0000 00:00:1772639809.674975 3471509 gl_context_egl.cc:85] Successfully initialized EGL. Major : 1 Minor: 5
I0000 00:00:1772639809.710568 3474818 gl_context.cc:344] GL version: 3.2 (OpenGL ES 3.2 NVIDIA 580.105.08), renderer: NVIDIA A100 80GB PCIe/PCIe/SSE2
downsampling_factor=2.790472666422526
cvimg.shape:  (1080, 1440, 3)
keypoints_2d.shape:  (21, 3)
Handedness: [classification {
  index: 0
  score: 0.9958465695381165
  label: "Left"
}
]
downsampling_factor=3.304507255554199
cvimg.shape:  (1080, 1440, 3)
keypoints_2d.shape:  (21, 3)
Handedness: [classification {
  index: 1
  score: 0.9983385801315308
  label: "Right"
}
, classification {
  index: 0
  score: 0.7850097417831421
  label: "Left"
}
]
/.venv/lib/python3.10/site-packages/torch/nn/functional.py:4236: UserWarning: Default grid_sample and affine_grid behavior has changed to align_corners=False since 1.3.0. Please specify align_corners=True if the old behavior is desired. See the documentation of grid_sample for details.
  warnings.warn(
Saved visualization: /scratch/mthakur/manifold/outputs/hamba/120-2_clip_3_amplified/visualizations/frame_000019.jpg

Processing: /scratch/mthakur/manifold/data/images/120-2_clip_3_amplified_frames/frame_000020.jpg
I0000 00:00:1772639810.589616 3471509 gl_context_egl.cc:85] Successfully initialized EGL. Major : 1 Minor: 5
I0000 00:00:1772639810.625272 3474926 gl_context.cc:344] GL version: 3.2 (OpenGL ES 3.2 NVIDIA 580.105.08), renderer: NVIDIA A100 80GB PCIe/PCIe/SSE2
downsampling_factor=2.7974116007486978
cvimg.shape:  (1080, 1440, 3)
keypoints_2d.shape:  (21, 3)
Handedness: [classification {
  index: 0
  score: 0.9867024421691895
  label: "Left"
}
]
downsampling_factor=3.3127241134643555
cvimg.shape:  (1080, 1440, 3)
keypoints_2d.shape:  (21, 3)
Handedness: [classification {
  index: 1
  score: 0.9977837204933167
  label: "Right"
}
, classification {
  index: 0
  score: 0.6740617752075195
  label: "Left"
}
]
/.venv/lib/python3.10/site-packages/torch/nn/functional.py:4236: UserWarning: Default grid_sample and affine_grid behavior has changed to align_corners=False since 1.3.0. Please specify align_corners=True if the old behavior is desired. See the documentation of grid_sample for details.
  warnings.warn(
Saved visualization: /scratch/mthakur/manifold/outputs/hamba/120-2_clip_3_amplified/visualizations/frame_000020.jpg

Processing: /scratch/mthakur/manifold/data/images/120-2_clip_3_amplified_frames/frame_000021.jpg
I0000 00:00:1772639811.554730 3471509 gl_context_egl.cc:85] Successfully initialized EGL. Major : 1 Minor: 5
I0000 00:00:1772639811.590015 3475034 gl_context.cc:344] GL version: 3.2 (OpenGL ES 3.2 NVIDIA 580.105.08), renderer: NVIDIA A100 80GB PCIe/PCIe/SSE2
downsampling_factor=2.796253204345703
cvimg.shape:  (1080, 1440, 3)
keypoints_2d.shape:  (21, 3)
Handedness: [classification {
  index: 0
  score: 0.9926758408546448
  label: "Left"
}
, classification {
  index: 1
  score: 0.9913686513900757
  label: "Right"
}
]
downsampling_factor=3.3113508224487305
cvimg.shape:  (1080, 1440, 3)
keypoints_2d.shape:  (21, 3)
Handedness: [classification {
  index: 0
  score: 0.8703436255455017
  label: "Left"
}
, classification {
  index: 1
  score: 0.9627865552902222
  label: "Right"
}
]
/.venv/lib/python3.10/site-packages/torch/nn/functional.py:4236: UserWarning: Default grid_sample and affine_grid behavior has changed to align_corners=False since 1.3.0. Please specify align_corners=True if the old behavior is desired. See the documentation of grid_sample for details.
  warnings.warn(
Saved visualization: /scratch/mthakur/manifold/outputs/hamba/120-2_clip_3_amplified/visualizations/frame_000021.jpg

Processing: /scratch/mthakur/manifold/data/images/120-2_clip_3_amplified_frames/frame_000022.jpg
I0000 00:00:1772639812.473387 3471509 gl_context_egl.cc:85] Successfully initialized EGL. Major : 1 Minor: 5
I0000 00:00:1772639812.510376 3475142 gl_context.cc:344] GL version: 3.2 (OpenGL ES 3.2 NVIDIA 580.105.08), renderer: NVIDIA A100 80GB PCIe/PCIe/SSE2
downsampling_factor=2.7947184244791665
cvimg.shape:  (1080, 1440, 3)
keypoints_2d.shape:  (21, 3)
Handedness: [classification {
  index: 0
  score: 0.9941545128822327
  label: "Left"
}
]
downsampling_factor=3.3095340728759766
cvimg.shape:  (1080, 1440, 3)
keypoints_2d.shape:  (21, 3)
Handedness: [classification {
  index: 1
  score: 0.9985494613647461
  label: "Right"
}
, classification {
  index: 0
  score: 0.8052378296852112
  label: "Left"
}
]
