Loaded modules:

Currently Loaded Modules:
  1) slurm/current    3) gcc/11.3.0   5) cuda/11.7
  2) DefaultModules   4) 2024r1

 

================ SLURM JOB INFO ================
Job ID:         9293855
Job Name:       hamba-inference
Partition:      gpu-a100
Node List:      gpu015
CPUs per task:  2
Memory per CPU: 
GPUs per task:  1
Memory per GPU: 32768
Submit dir:     /scratch/mthakur/manifold/models/hamba
Work dir:       /scratch/mthakur/manifold/models/hamba
Job started at: Wed Mar  4 19:43:50 CET 2026
===============================================
/.venv/lib/python3.10/site-packages/timm/models/layers/__init__.py:48: FutureWarning: Importing from timm.models.layers is deprecated, please import via timm.layers
  warnings.warn(f"Importing from {__name__} is deprecated, please import via timm.layers", FutureWarning)
WARNING: can not import selective_scan_cuda_core.
No module named 'selective_scan_cuda_core'
apex is not installed
apex is not installed
apex is not installed
/.venv/lib/python3.10/site-packages/mmcv/cnn/bricks/transformer.py:27: UserWarning: Fail to import ``MultiScaleDeformableAttention`` from ``mmcv.ops.multi_scale_deform_attn``, You should install ``mmcv-full`` if you need this module. 
  warnings.warn('Fail to import ``MultiScaleDeformableAttention`` from '
usage: main.py [-h] [--image_folder IMAGE_FOLDER]
               [--output_folder OUTPUT_FOLDER]
               [--rescale_factor RESCALE_FACTOR] [--video VIDEO]
               [--visualize | --no-visualize] [--save_mesh | --no-save_mesh]
               [--use_gpu | --no-use_gpu]
main.py: error: unrecognized arguments: DBS uit
srun: error: gpu015: task 0: Exited with exit code 2
srun: launch/slurm: _step_signal: Terminating StepId=9293855.0
===============================================
Job finished at: Wed Mar  4 19:44:11 CET 2026
Execution took 0.01 hours
Writing output to SLURM_logs/hamba-inference_057.out
===============================================
