Loaded modules:

Currently Loaded Modules:
  1) slurm/current    3) gcc/11.3.0   5) cuda/11.7
  2) DefaultModules   4) 2024r1

 

================ SLURM JOB INFO ================
Job ID:         9292622
Job Name:       hamba-inference
Partition:      gpu-a100
Node List:      gpu013
CPUs per task:  2
Memory per CPU: 
GPUs per task:  1
Memory per GPU: 24576
Submit dir:     /scratch/mthakur/manifold/models/hamba
Work dir:       /scratch/mthakur/manifold/models/hamba
Job started at: Wed Mar  4 16:56:25 CET 2026
===============================================
/.venv/lib/python3.10/site-packages/timm/models/layers/__init__.py:48: FutureWarning: Importing from timm.models.layers is deprecated, please import via timm.layers
  warnings.warn(f"Importing from {__name__} is deprecated, please import via timm.layers", FutureWarning)
WARNING: can not import selective_scan_cuda_core.
No module named 'selective_scan_cuda_core'
apex is not installed
apex is not installed
apex is not installed
/.venv/lib/python3.10/site-packages/mmcv/cnn/bricks/transformer.py:27: UserWarning: Fail to import ``MultiScaleDeformableAttention`` from ``mmcv.ops.multi_scale_deform_attn``, You should install ``mmcv-full`` if you need this module. 
  warnings.warn('Fail to import ``MultiScaleDeformableAttention`` from '
checkpoint_path:  ckpts/hamba/checkpoints/hamba.ckpt
