
Lmod is automatically replacing "2025" with "2024r1".


Lmod is automatically replacing "gcc/11.3.0" with "llvm/14.0.6".

Lmod has detected the following error: These module(s) or extension(s) exist
but cannot be loaded as requested: "zstd/1.5.6", "boost/1.86.0", "icu4c/74.2"
   Try: "module spider zstd/1.5.6 boost/1.86.0 icu4c/74.2" to see how to load
the module(s).



Loaded modules:

Currently Loaded Modules:
  1) slurm/current                   34) zlib/1.2.13
  2) DefaultModules                  35) py-pillow/11.0.0
  3) 2025                            36) py-pyparsing/3.1.2
  4) python/3.11.9                   37) py-python-dateutil/2.8.2
  5) gcc-runtime/13.3.0              38) qhull/2020.2
  6) glibc/2.28                      39) py-matplotlib/3.9.2
  7) cpuinfo/2024-09-06              40) py-pytz/2023.3
  8) eigen/3.4.0                     41) py-tzdata/2023.3
  9) fp16/2020-05-14                 42) py-pandas/2.2.3
 10) fxdiv/2020-04-17                43) py-scipy/1.14.1
 11) intel-oneapi-mkl/2024.2.2       44) py-networkx/3.1
 12) numactl/2.0.18                  45) libyaml/0.2.5
 13) openblas/0.3.28_threads_openmp  46) py-pyyaml/6.0.2
 14) psimd/2020-05-17                47) py-certifi/2023.7.22
 15) pthreadpool/2023-08-29          48) py-charset-normalizer/3.3.0
 16) python-venv/1.0                 49) py-idna/3.4
 17) py-six/1.16.0                   50) py-urllib3/2.1.0
 18) py-wheel/0.41.2                 51) py-requests/2.32.3
 19) py-astunparse/1.6.3             52) py-setuptools/69.2.0
 20) py-filelock/3.12.4              53) py-mpmath/1.3.0
 21) py-fsspec/2024.5.0              54) py-sympy/1.13.0
 22) py-markupsafe/2.1.3             55) py-tqdm/4.66.3
 23) py-jinja2/3.1.4                 56) py-typing-extensions/4.12.2
 24) freetype/2.13.2                 57) sleef/3.6.0_2024-03-20
 25) libpng/1.6.39                   58) bzip2/1.0.8
 26) py-numpy/1.26.4                 59) icu4c/74.2
 27) py-pybind11/2.13.5              60) xz/5.4.6
 28) py-contourpy/1.3.0              61) zstd/1.5.6
 29) py-cycler/0.11.0                62) boost/1.86.0
 30) py-fonttools/4.39.4             63) valgrind/3.23.0
 31) py-kiwisolver/1.4.5             64) py-torch/2.5.1
 32) py-packaging/24.1               65) cuda/11.7
 33) libjpeg-turbo/3.0.3

 

Tue Feb 24 15:17:07 2026       
+-----------------------------------------------------------------------------------------+
| NVIDIA-SMI 580.105.08             Driver Version: 580.105.08     CUDA Version: 13.0     |
+-----------------------------------------+------------------------+----------------------+
| GPU  Name                 Persistence-M | Bus-Id          Disp.A | Volatile Uncorr. ECC |
| Fan  Temp   Perf          Pwr:Usage/Cap |           Memory-Usage | GPU-Util  Compute M. |
|                                         |                        |               MIG M. |
|=========================================+========================+======================|
|   0  NVIDIA A100 80GB PCIe          On  |   00000000:AE:00.0 Off |                    0 |
| N/A   38C    P0             47W /  300W |       0MiB /  81920MiB |      0%      Default |
|                                         |                        |             Disabled |
+-----------------------------------------+------------------------+----------------------+

+-----------------------------------------------------------------------------------------+
| Processes:                                                                              |
|  GPU   GI   CI              PID   Type   Process name                        GPU Memory |
|        ID   ID                                                               Usage      |
|=========================================================================================|
|  No running processes found                                                             |
+-----------------------------------------------------------------------------------------+
================ SLURM JOB INFO ================
Job ID:         9247139
Job Name:       hamba-inference
Partition:      gpu-a100
Node List:      gpu012
CPUs per task:  2
Memory per CPU: 
GPUs per task:  1
Memory per GPU: 11264
Submit dir:     /scratch/mthakur/hamba
Work dir:       /scratch/mthakur/hamba
Job started at: Tue Feb 24 15:17:07 CET 2026
===============================================
/.venv/lib/python3.10/site-packages/timm/models/layers/__init__.py:48: FutureWarning: Importing from timm.models.layers is deprecated, please import via timm.layers
  warnings.warn(f"Importing from {__name__} is deprecated, please import via timm.layers", FutureWarning)
WARNING: can not import selective_scan_cuda_core.
No module named 'selective_scan_cuda_core'
apex is not installed
apex is not installed
apex is not installed
/.venv/lib/python3.10/site-packages/mmcv/cnn/bricks/transformer.py:27: UserWarning: Fail to import ``MultiScaleDeformableAttention`` from ``mmcv.ops.multi_scale_deform_attn``, You should install ``mmcv-full`` if you need this module. 
  warnings.warn('Fail to import ``MultiScaleDeformableAttention`` from '
checkpoint_path:  ckpts/hamba/checkpoints/hamba.ckpt
/.venv/lib/python3.10/site-packages/pytorch_lightning/utilities/migration/utils.py:55: PossibleUserWarning: The loaded checkpoint was produced with Lightning v2.2.0.post0, which is newer than your current Lightning version: v2.0.9
  rank_zero_warn(
WARNING: You are using a MANO model, with only 10 shape coefficients.
Use load_from_local loader
Traceback (most recent call last):
  File "/scratch/mthakur/hamba/demo.py", line 237, in <module>
    main()
  File "/scratch/mthakur/hamba/demo.py", line 68, in main
    cpm = ViTPoseModel(device)
  File "/scratch/mthakur/hamba/vitpose_model.py", line 31, in __init__
    self.model = self._load_model(self.model_name)
  File "/scratch/mthakur/hamba/vitpose_model.py", line 40, in _load_model
    model = init_pose_model(dic['config'], ckpt_path, device=self.device)
  File "/.venv/lib/python3.10/site-packages/mmpose/apis/inference.py", line 42, in init_pose_model
    load_checkpoint(model, checkpoint, map_location='cpu')
  File "/.venv/lib/python3.10/site-packages/mmcv/runner/checkpoint.py", line 513, in load_checkpoint
    checkpoint = _load_checkpoint(filename, map_location, logger)
  File "/.venv/lib/python3.10/site-packages/mmcv/runner/checkpoint.py", line 451, in _load_checkpoint
    return CheckpointLoader.load_checkpoint(filename, map_location, logger)
  File "/.venv/lib/python3.10/site-packages/mmcv/runner/checkpoint.py", line 244, in load_checkpoint
    return checkpoint_loader(filename, map_location)
  File "/.venv/lib/python3.10/site-packages/mmcv/runner/checkpoint.py", line 260, in load_from_local
    raise IOError(f'{filename} is not a checkpoint file')
OSError: .//_DATA/vitpose_ckpts/vitpose+_huge/wholebody.pth is not a checkpoint file
srun: error: gpu012: task 0: Exited with exit code 1
srun: launch/slurm: _step_signal: Terminating StepId=9247139.0
===============================================
Job finished at: Tue Feb 24 15:19:14 CET 2026
Execution took 0.04 hours
Writing output to SLURM_logs/hamba-inference_011.out
===============================================
