Loaded modules:

Currently Loaded Modules:
  1) slurm/current    3) gcc/11.3.0   5) cuda/11.7
  2) DefaultModules   4) 2024r1

 

Thu Feb 26 13:12:49 2026       
+-----------------------------------------------------------------------------------------+
| NVIDIA-SMI 580.105.08             Driver Version: 580.105.08     CUDA Version: 13.0     |
+-----------------------------------------+------------------------+----------------------+
| GPU  Name                 Persistence-M | Bus-Id          Disp.A | Volatile Uncorr. ECC |
| Fan  Temp   Perf          Pwr:Usage/Cap |           Memory-Usage | GPU-Util  Compute M. |
|                                         |                        |               MIG M. |
|=========================================+========================+======================|
|   0  NVIDIA A100 80GB PCIe          On  |   00000000:2C:00.0 Off |                    0 |
| N/A   56C    P0             83W /  300W |       0MiB /  81920MiB |      0%      Default |
|                                         |                        |             Disabled |
+-----------------------------------------+------------------------+----------------------+

+-----------------------------------------------------------------------------------------+
| Processes:                                                                              |
|  GPU   GI   CI              PID   Type   Process name                        GPU Memory |
|        ID   ID                                                               Usage      |
|=========================================================================================|
|  No running processes found                                                             |
+-----------------------------------------------------------------------------------------+
================ SLURM JOB INFO ================
Job ID:         9259646
Job Name:       hamba-inference
Partition:      gpu-a100
Node List:      gpu015
CPUs per task:  2
Memory per CPU: 
GPUs per task:  1
Memory per GPU: 11264
Submit dir:     /scratch/mthakur/manifold/models/hamba
Work dir:       /scratch/mthakur/manifold/models/hamba
Job started at: Thu Feb 26 13:12:49 CET 2026
===============================================
/.venv/lib/python3.10/site-packages/timm/models/layers/__init__.py:48: FutureWarning: Importing from timm.models.layers is deprecated, please import via timm.layers
  warnings.warn(f"Importing from {__name__} is deprecated, please import via timm.layers", FutureWarning)
WARNING: can not import selective_scan_cuda_core.
No module named 'selective_scan_cuda_core'
apex is not installed
apex is not installed
apex is not installed
/.venv/lib/python3.10/site-packages/mmcv/cnn/bricks/transformer.py:27: UserWarning: Fail to import ``MultiScaleDeformableAttention`` from ``mmcv.ops.multi_scale_deform_attn``, You should install ``mmcv-full`` if you need this module. 
  warnings.warn('Fail to import ``MultiScaleDeformableAttention`` from '
checkpoint_path:  ckpts/hamba/checkpoints/hamba.ckpt
/.venv/lib/python3.10/site-packages/pytorch_lightning/utilities/migration/utils.py:55: PossibleUserWarning: The loaded checkpoint was produced with Lightning v2.2.0.post0, which is newer than your current Lightning version: v2.0.9
  rank_zero_warn(
WARNING: You are using a MANO model, with only 10 shape coefficients.
Use load_from_local loader
The model and loaded state dict do not match exactly

unexpected key in source state_dict: backbone.blocks.0.mlp.experts.0.weight, backbone.blocks.0.mlp.experts.0.bias, backbone.blocks.0.mlp.experts.1.weight, backbone.blocks.0.mlp.experts.1.bias, backbone.blocks.0.mlp.experts.2.weight, backbone.blocks.0.mlp.experts.2.bias, backbone.blocks.0.mlp.experts.3.weight, backbone.blocks.0.mlp.experts.3.bias, backbone.blocks.0.mlp.experts.4.weight, backbone.blocks.0.mlp.experts.4.bias, backbone.blocks.0.mlp.experts.5.weight, backbone.blocks.0.mlp.experts.5.bias, backbone.blocks.1.mlp.experts.0.weight, backbone.blocks.1.mlp.experts.0.bias, backbone.blocks.1.mlp.experts.1.weight, backbone.blocks.1.mlp.experts.1.bias, backbone.blocks.1.mlp.experts.2.weight, backbone.blocks.1.mlp.experts.2.bias, backbone.blocks.1.mlp.experts.3.weight, backbone.blocks.1.mlp.experts.3.bias, backbone.blocks.1.mlp.experts.4.weight, backbone.blocks.1.mlp.experts.4.bias, backbone.blocks.1.mlp.experts.5.weight, backbone.blocks.1.mlp.experts.5.bias, backbone.blocks.2.mlp.experts.0.weight, backbone.blocks.2.mlp.experts.0.bias, backbone.blocks.2.mlp.experts.1.weight, backbone.blocks.2.mlp.experts.1.bias, backbone.blocks.2.mlp.experts.2.weight, backbone.blocks.2.mlp.experts.2.bias, backbone.blocks.2.mlp.experts.3.weight, backbone.blocks.2.mlp.experts.3.bias, backbone.blocks.2.mlp.experts.4.weight, backbone.blocks.2.mlp.experts.4.bias, backbone.blocks.2.mlp.experts.5.weight, backbone.blocks.2.mlp.experts.5.bias, backbone.blocks.3.mlp.experts.0.weight, backbone.blocks.3.mlp.experts.0.bias, backbone.blocks.3.mlp.experts.1.weight, backbone.blocks.3.mlp.experts.1.bias, backbone.blocks.3.mlp.experts.2.weight, backbone.blocks.3.mlp.experts.2.bias, backbone.blocks.3.mlp.experts.3.weight, backbone.blocks.3.mlp.experts.3.bias, backbone.blocks.3.mlp.experts.4.weight, backbone.blocks.3.mlp.experts.4.bias, backbone.blocks.3.mlp.experts.5.weight, backbone.blocks.3.mlp.experts.5.bias, backbone.blocks.4.mlp.experts.0.weight, backbone.blocks.4.mlp.experts.0.bias, backbone.blocks.4.mlp.experts.1.weight, backbone.blocks.4.mlp.experts.1.bias, backbone.blocks.4.mlp.experts.2.weight, backbone.blocks.4.mlp.experts.2.bias, backbone.blocks.4.mlp.experts.3.weight, backbone.blocks.4.mlp.experts.3.bias, backbone.blocks.4.mlp.experts.4.weight, backbone.blocks.4.mlp.experts.4.bias, backbone.blocks.4.mlp.experts.5.weight, backbone.blocks.4.mlp.experts.5.bias, backbone.blocks.5.mlp.experts.0.weight, backbone.blocks.5.mlp.experts.0.bias, backbone.blocks.5.mlp.experts.1.weight, backbone.blocks.5.mlp.experts.1.bias, backbone.blocks.5.mlp.experts.2.weight, backbone.blocks.5.mlp.experts.2.bias, backbone.blocks.5.mlp.experts.3.weight, backbone.blocks.5.mlp.experts.3.bias, backbone.blocks.5.mlp.experts.4.weight, backbone.blocks.5.mlp.experts.4.bias, backbone.blocks.5.mlp.experts.5.weight, backbone.blocks.5.mlp.experts.5.bias, backbone.blocks.6.mlp.experts.0.weight, backbone.blocks.6.mlp.experts.0.bias, backbone.blocks.6.mlp.experts.1.weight, backbone.blocks.6.mlp.experts.1.bias, backbone.blocks.6.mlp.experts.2.weight, backbone.blocks.6.mlp.experts.2.bias, backbone.blocks.6.mlp.experts.3.weight, backbone.blocks.6.mlp.experts.3.bias, backbone.blocks.6.mlp.experts.4.weight, backbone.blocks.6.mlp.experts.4.bias, backbone.blocks.6.mlp.experts.5.weight, backbone.blocks.6.mlp.experts.5.bias, backbone.blocks.7.mlp.experts.0.weight, backbone.blocks.7.mlp.experts.0.bias, backbone.blocks.7.mlp.experts.1.weight, backbone.blocks.7.mlp.experts.1.bias, backbone.blocks.7.mlp.experts.2.weight, backbone.blocks.7.mlp.experts.2.bias, backbone.blocks.7.mlp.experts.3.weight, backbone.blocks.7.mlp.experts.3.bias, backbone.blocks.7.mlp.experts.4.weight, backbone.blocks.7.mlp.experts.4.bias, backbone.blocks.7.mlp.experts.5.weight, backbone.blocks.7.mlp.experts.5.bias, backbone.blocks.8.mlp.experts.0.weight, backbone.blocks.8.mlp.experts.0.bias, backbone.blocks.8.mlp.experts.1.weight, backbone.blocks.8.mlp.experts.1.bias, backbone.blocks.8.mlp.experts.2.weight, backbone.blocks.8.mlp.experts.2.bias, backbone.blocks.8.mlp.experts.3.weight, backbone.blocks.8.mlp.experts.3.bias, backbone.blocks.8.mlp.experts.4.weight, backbone.blocks.8.mlp.experts.4.bias, backbone.blocks.8.mlp.experts.5.weight, backbone.blocks.8.mlp.experts.5.bias, backbone.blocks.9.mlp.experts.0.weight, backbone.blocks.9.mlp.experts.0.bias, backbone.blocks.9.mlp.experts.1.weight, backbone.blocks.9.mlp.experts.1.bias, backbone.blocks.9.mlp.experts.2.weight, backbone.blocks.9.mlp.experts.2.bias, backbone.blocks.9.mlp.experts.3.weight, backbone.blocks.9.mlp.experts.3.bias, backbone.blocks.9.mlp.experts.4.weight, backbone.blocks.9.mlp.experts.4.bias, backbone.blocks.9.mlp.experts.5.weight, backbone.blocks.9.mlp.experts.5.bias, backbone.blocks.10.mlp.experts.0.weight, backbone.blocks.10.mlp.experts.0.bias, backbone.blocks.10.mlp.experts.1.weight, backbone.blocks.10.mlp.experts.1.bias, backbone.blocks.10.mlp.experts.2.weight, backbone.blocks.10.mlp.experts.2.bias, backbone.blocks.10.mlp.experts.3.weight, backbone.blocks.10.mlp.experts.3.bias, backbone.blocks.10.mlp.experts.4.weight, backbone.blocks.10.mlp.experts.4.bias, backbone.blocks.10.mlp.experts.5.weight, backbone.blocks.10.mlp.experts.5.bias, backbone.blocks.11.mlp.experts.0.weight, backbone.blocks.11.mlp.experts.0.bias, backbone.blocks.11.mlp.experts.1.weight, backbone.blocks.11.mlp.experts.1.bias, backbone.blocks.11.mlp.experts.2.weight, backbone.blocks.11.mlp.experts.2.bias, backbone.blocks.11.mlp.experts.3.weight, backbone.blocks.11.mlp.experts.3.bias, backbone.blocks.11.mlp.experts.4.weight, backbone.blocks.11.mlp.experts.4.bias, backbone.blocks.11.mlp.experts.5.weight, backbone.blocks.11.mlp.experts.5.bias, backbone.blocks.12.mlp.experts.0.weight, backbone.blocks.12.mlp.experts.0.bias, backbone.blocks.12.mlp.experts.1.weight, backbone.blocks.12.mlp.experts.1.bias, backbone.blocks.12.mlp.experts.2.weight, backbone.blocks.12.mlp.experts.2.bias, backbone.blocks.12.mlp.experts.3.weight, backbone.blocks.12.mlp.experts.3.bias, backbone.blocks.12.mlp.experts.4.weight, backbone.blocks.12.mlp.experts.4.bias, backbone.blocks.12.mlp.experts.5.weight, backbone.blocks.12.mlp.experts.5.bias, backbone.blocks.13.mlp.experts.0.weight, backbone.blocks.13.mlp.experts.0.bias, backbone.blocks.13.mlp.experts.1.weight, backbone.blocks.13.mlp.experts.1.bias, backbone.blocks.13.mlp.experts.2.weight, backbone.blocks.13.mlp.experts.2.bias, backbone.blocks.13.mlp.experts.3.weight, backbone.blocks.13.mlp.experts.3.bias, backbone.blocks.13.mlp.experts.4.weight, backbone.blocks.13.mlp.experts.4.bias, backbone.blocks.13.mlp.experts.5.weight, backbone.blocks.13.mlp.experts.5.bias, backbone.blocks.14.mlp.experts.0.weight, backbone.blocks.14.mlp.experts.0.bias, backbone.blocks.14.mlp.experts.1.weight, backbone.blocks.14.mlp.experts.1.bias, backbone.blocks.14.mlp.experts.2.weight, backbone.blocks.14.mlp.experts.2.bias, backbone.blocks.14.mlp.experts.3.weight, backbone.blocks.14.mlp.experts.3.bias, backbone.blocks.14.mlp.experts.4.weight, backbone.blocks.14.mlp.experts.4.bias, backbone.blocks.14.mlp.experts.5.weight, backbone.blocks.14.mlp.experts.5.bias, backbone.blocks.15.mlp.experts.0.weight, backbone.blocks.15.mlp.experts.0.bias, backbone.blocks.15.mlp.experts.1.weight, backbone.blocks.15.mlp.experts.1.bias, backbone.blocks.15.mlp.experts.2.weight, backbone.blocks.15.mlp.experts.2.bias, backbone.blocks.15.mlp.experts.3.weight, backbone.blocks.15.mlp.experts.3.bias, backbone.blocks.15.mlp.experts.4.weight, backbone.blocks.15.mlp.experts.4.bias, backbone.blocks.15.mlp.experts.5.weight, backbone.blocks.15.mlp.experts.5.bias, backbone.blocks.16.mlp.experts.0.weight, backbone.blocks.16.mlp.experts.0.bias, backbone.blocks.16.mlp.experts.1.weight, backbone.blocks.16.mlp.experts.1.bias, backbone.blocks.16.mlp.experts.2.weight, backbone.blocks.16.mlp.experts.2.bias, backbone.blocks.16.mlp.experts.3.weight, backbone.blocks.16.mlp.experts.3.bias, backbone.blocks.16.mlp.experts.4.weight, backbone.blocks.16.mlp.experts.4.bias, backbone.blocks.16.mlp.experts.5.weight, backbone.blocks.16.mlp.experts.5.bias, backbone.blocks.17.mlp.experts.0.weight, backbone.blocks.17.mlp.experts.0.bias, backbone.blocks.17.mlp.experts.1.weight, backbone.blocks.17.mlp.experts.1.bias, backbone.blocks.17.mlp.experts.2.weight, backbone.blocks.17.mlp.experts.2.bias, backbone.blocks.17.mlp.experts.3.weight, backbone.blocks.17.mlp.experts.3.bias, backbone.blocks.17.mlp.experts.4.weight, backbone.blocks.17.mlp.experts.4.bias, backbone.blocks.17.mlp.experts.5.weight, backbone.blocks.17.mlp.experts.5.bias, backbone.blocks.18.mlp.experts.0.weight, backbone.blocks.18.mlp.experts.0.bias, backbone.blocks.18.mlp.experts.1.weight, backbone.blocks.18.mlp.experts.1.bias, backbone.blocks.18.mlp.experts.2.weight, backbone.blocks.18.mlp.experts.2.bias, backbone.blocks.18.mlp.experts.3.weight, backbone.blocks.18.mlp.experts.3.bias, backbone.blocks.18.mlp.experts.4.weight, backbone.blocks.18.mlp.experts.4.bias, backbone.blocks.18.mlp.experts.5.weight, backbone.blocks.18.mlp.experts.5.bias, backbone.blocks.19.mlp.experts.0.weight, backbone.blocks.19.mlp.experts.0.bias, backbone.blocks.19.mlp.experts.1.weight, backbone.blocks.19.mlp.experts.1.bias, backbone.blocks.19.mlp.experts.2.weight, backbone.blocks.19.mlp.experts.2.bias, backbone.blocks.19.mlp.experts.3.weight, backbone.blocks.19.mlp.experts.3.bias, backbone.blocks.19.mlp.experts.4.weight, backbone.blocks.19.mlp.experts.4.bias, backbone.blocks.19.mlp.experts.5.weight, backbone.blocks.19.mlp.experts.5.bias, backbone.blocks.20.mlp.experts.0.weight, backbone.blocks.20.mlp.experts.0.bias, backbone.blocks.20.mlp.experts.1.weight, backbone.blocks.20.mlp.experts.1.bias, backbone.blocks.20.mlp.experts.2.weight, backbone.blocks.20.mlp.experts.2.bias, backbone.blocks.20.mlp.experts.3.weight, backbone.blocks.20.mlp.experts.3.bias, backbone.blocks.20.mlp.experts.4.weight, backbone.blocks.20.mlp.experts.4.bias, backbone.blocks.20.mlp.experts.5.weight, backbone.blocks.20.mlp.experts.5.bias, backbone.blocks.21.mlp.experts.0.weight, backbone.blocks.21.mlp.experts.0.bias, backbone.blocks.21.mlp.experts.1.weight, backbone.blocks.21.mlp.experts.1.bias, backbone.blocks.21.mlp.experts.2.weight, backbone.blocks.21.mlp.experts.2.bias, backbone.blocks.21.mlp.experts.3.weight, backbone.blocks.21.mlp.experts.3.bias, backbone.blocks.21.mlp.experts.4.weight, backbone.blocks.21.mlp.experts.4.bias, backbone.blocks.21.mlp.experts.5.weight, backbone.blocks.21.mlp.experts.5.bias, backbone.blocks.22.mlp.experts.0.weight, backbone.blocks.22.mlp.experts.0.bias, backbone.blocks.22.mlp.experts.1.weight, backbone.blocks.22.mlp.experts.1.bias, backbone.blocks.22.mlp.experts.2.weight, backbone.blocks.22.mlp.experts.2.bias, backbone.blocks.22.mlp.experts.3.weight, backbone.blocks.22.mlp.experts.3.bias, backbone.blocks.22.mlp.experts.4.weight, backbone.blocks.22.mlp.experts.4.bias, backbone.blocks.22.mlp.experts.5.weight, backbone.blocks.22.mlp.experts.5.bias, backbone.blocks.23.mlp.experts.0.weight, backbone.blocks.23.mlp.experts.0.bias, backbone.blocks.23.mlp.experts.1.weight, backbone.blocks.23.mlp.experts.1.bias, backbone.blocks.23.mlp.experts.2.weight, backbone.blocks.23.mlp.experts.2.bias, backbone.blocks.23.mlp.experts.3.weight, backbone.blocks.23.mlp.experts.3.bias, backbone.blocks.23.mlp.experts.4.weight, backbone.blocks.23.mlp.experts.4.bias, backbone.blocks.23.mlp.experts.5.weight, backbone.blocks.23.mlp.experts.5.bias, backbone.blocks.24.mlp.experts.0.weight, backbone.blocks.24.mlp.experts.0.bias, backbone.blocks.24.mlp.experts.1.weight, backbone.blocks.24.mlp.experts.1.bias, backbone.blocks.24.mlp.experts.2.weight, backbone.blocks.24.mlp.experts.2.bias, backbone.blocks.24.mlp.experts.3.weight, backbone.blocks.24.mlp.experts.3.bias, backbone.blocks.24.mlp.experts.4.weight, backbone.blocks.24.mlp.experts.4.bias, backbone.blocks.24.mlp.experts.5.weight, backbone.blocks.24.mlp.experts.5.bias, backbone.blocks.25.mlp.experts.0.weight, backbone.blocks.25.mlp.experts.0.bias, backbone.blocks.25.mlp.experts.1.weight, backbone.blocks.25.mlp.experts.1.bias, backbone.blocks.25.mlp.experts.2.weight, backbone.blocks.25.mlp.experts.2.bias, backbone.blocks.25.mlp.experts.3.weight, backbone.blocks.25.mlp.experts.3.bias, backbone.blocks.25.mlp.experts.4.weight, backbone.blocks.25.mlp.experts.4.bias, backbone.blocks.25.mlp.experts.5.weight, backbone.blocks.25.mlp.experts.5.bias, backbone.blocks.26.mlp.experts.0.weight, backbone.blocks.26.mlp.experts.0.bias, backbone.blocks.26.mlp.experts.1.weight, backbone.blocks.26.mlp.experts.1.bias, backbone.blocks.26.mlp.experts.2.weight, backbone.blocks.26.mlp.experts.2.bias, backbone.blocks.26.mlp.experts.3.weight, backbone.blocks.26.mlp.experts.3.bias, backbone.blocks.26.mlp.experts.4.weight, backbone.blocks.26.mlp.experts.4.bias, backbone.blocks.26.mlp.experts.5.weight, backbone.blocks.26.mlp.experts.5.bias, backbone.blocks.27.mlp.experts.0.weight, backbone.blocks.27.mlp.experts.0.bias, backbone.blocks.27.mlp.experts.1.weight, backbone.blocks.27.mlp.experts.1.bias, backbone.blocks.27.mlp.experts.2.weight, backbone.blocks.27.mlp.experts.2.bias, backbone.blocks.27.mlp.experts.3.weight, backbone.blocks.27.mlp.experts.3.bias, backbone.blocks.27.mlp.experts.4.weight, backbone.blocks.27.mlp.experts.4.bias, backbone.blocks.27.mlp.experts.5.weight, backbone.blocks.27.mlp.experts.5.bias, backbone.blocks.28.mlp.experts.0.weight, backbone.blocks.28.mlp.experts.0.bias, backbone.blocks.28.mlp.experts.1.weight, backbone.blocks.28.mlp.experts.1.bias, backbone.blocks.28.mlp.experts.2.weight, backbone.blocks.28.mlp.experts.2.bias, backbone.blocks.28.mlp.experts.3.weight, backbone.blocks.28.mlp.experts.3.bias, backbone.blocks.28.mlp.experts.4.weight, backbone.blocks.28.mlp.experts.4.bias, backbone.blocks.28.mlp.experts.5.weight, backbone.blocks.28.mlp.experts.5.bias, backbone.blocks.29.mlp.experts.0.weight, backbone.blocks.29.mlp.experts.0.bias, backbone.blocks.29.mlp.experts.1.weight, backbone.blocks.29.mlp.experts.1.bias, backbone.blocks.29.mlp.experts.2.weight, backbone.blocks.29.mlp.experts.2.bias, backbone.blocks.29.mlp.experts.3.weight, backbone.blocks.29.mlp.experts.3.bias, backbone.blocks.29.mlp.experts.4.weight, backbone.blocks.29.mlp.experts.4.bias, backbone.blocks.29.mlp.experts.5.weight, backbone.blocks.29.mlp.experts.5.bias, backbone.blocks.30.mlp.experts.0.weight, backbone.blocks.30.mlp.experts.0.bias, backbone.blocks.30.mlp.experts.1.weight, backbone.blocks.30.mlp.experts.1.bias, backbone.blocks.30.mlp.experts.2.weight, backbone.blocks.30.mlp.experts.2.bias, backbone.blocks.30.mlp.experts.3.weight, backbone.blocks.30.mlp.experts.3.bias, backbone.blocks.30.mlp.experts.4.weight, backbone.blocks.30.mlp.experts.4.bias, backbone.blocks.30.mlp.experts.5.weight, backbone.blocks.30.mlp.experts.5.bias, backbone.blocks.31.mlp.experts.0.weight, backbone.blocks.31.mlp.experts.0.bias, backbone.blocks.31.mlp.experts.1.weight, backbone.blocks.31.mlp.experts.1.bias, backbone.blocks.31.mlp.experts.2.weight, backbone.blocks.31.mlp.experts.2.bias, backbone.blocks.31.mlp.experts.3.weight, backbone.blocks.31.mlp.experts.3.bias, backbone.blocks.31.mlp.experts.4.weight, backbone.blocks.31.mlp.experts.4.bias, backbone.blocks.31.mlp.experts.5.weight, backbone.blocks.31.mlp.experts.5.bias

Traceback (most recent call last):
  File "/usr/lib/python3.10/pathlib.py", line 1175, in mkdir
    self._accessor.mkdir(self, mode)
FileNotFoundError: [Errno 2] No such file or directory: '../../outputs/hamba'

During handling of the above exception, another exception occurred:

Traceback (most recent call last):
  File "/scratch/mthakur/manifold/models/hamba/main.py", line 161, in <module>
    main(parser.parse_args())
  File "/scratch/mthakur/manifold/models/hamba/main.py", line 22, in main
    output_folder.mkdir(parents=True, exist_ok=True)
  File "/usr/lib/python3.10/pathlib.py", line 1179, in mkdir
    self.parent.mkdir(parents=True, exist_ok=True)
  File "/usr/lib/python3.10/pathlib.py", line 1175, in mkdir
    self._accessor.mkdir(self, mode)
OSError: [Errno 30] Read-only file system: '../../outputs'
srun: error: gpu015: task 0: Exited with exit code 1
srun: launch/slurm: _step_signal: Terminating StepId=9259646.0
===============================================
Job finished at: Thu Feb 26 13:14:24 CET 2026
Execution took 0.03 hours
Writing output to SLURM_logs/hamba-inference_018.out
===============================================
