/usr/bin/lua: /usr/share/lmod/lmod/libexec/LocationT.lua:196: attempt to index a nil value (field 'dirT')
stack traceback:
	/usr/share/lmod/lmod/libexec/LocationT.lua:196: in function 'LocationT.search'
	(...tail calls...)
	/usr/share/lmod/lmod/libexec/MName.lua:213: in upvalue 'lazyEval'
	/usr/share/lmod/lmod/libexec/MName.lua:264: in function 'MName.sn'
	/usr/share/lmod/lmod/libexec/Master.lua:298: in function 'Master.load'
	/usr/share/lmod/lmod/libexec/MasterControl.lua:1009: in function 'MC_Load.load'
	/usr/share/lmod/lmod/libexec/MasterControl.lua:985: in function 'MC_Load.load_usr'
	/usr/share/lmod/lmod/libexec/cmdfuncs.lua:459: in function 'Load_Usr'
	/usr/share/lmod/lmod/libexec/lmod:512: in function 'main'
	/usr/share/lmod/lmod/libexec/lmod:570: in main chunk
	[C]: in ?

X.Org X Server 1.20.11
X Protocol Version 11, Revision 0
Build Operating System:  4.18.0-553.34.1.el8_10.x86_64 
Current Operating System: Linux visual01 4.18.0-553.85.1.el8_10.x86_64 #1 SMP Thu Nov 13 12:55:12 EST 2025 x86_64
Kernel command line: BOOT_IMAGE=images/rhel810-visual-20260204/vmlinuz initrd=images/rhel810-visual-20260204/initrd  nouveau.modeset=0 console=tty0 ip=172.21.4.7:172.21.4.1:172.21.7.254:255.255.252.0 BOOTIF=01-4c-52-62-4e-c1-50
Build Date: 30 October 2025  01:22:29PM
Build ID: xorg-x11-server 1.20.11-27.el8_10 
Current version of pixman: 0.38.4
	Before reporting problems, check http://wiki.x.org
	to make sure that you have the latest version.
Markers: (--) probed, (**) from config file, (==) default setting,
	(++) from command line, (!!) notice, (II) informational,
	(WW) warning, (EE) error, (NI) not implemented, (??) unknown.
(==) Log file: "/var/log/Xorg.0.log", Time: Tue Feb 17 16:49:26 2026
(==) Using config file: "/etc/X11/xorg.conf"
(==) Using config directory: "/etc/X11/xorg.conf.d"
(==) Using system config directory "/usr/share/X11/xorg.conf.d"

Desktop 'TurboVNC: visual01:1 (mthakur)' started on display visual01:1

Starting applications specified in /opt/TurboVNC/bin/xstartup.turbovnc
Log file is /home/mthakur/.vnc/visual01:1.log

slurmstepd: error: *** JOB 9197929 ON visual01 CANCELLED AT 2026-02-17T17:49:47 DUE TO TIME LIMIT ***
slurmstepd: error: Detected 20 oom-kill event(s) in StepId=9197929.batch. Some of your processes may have been killed by the cgroup out-of-memory handler.
