
Lmod is automatically replacing "2023r1-gcc11" with "2024r1".


The following have been reloaded with a version change:
  1) gcc/13.3.0 => gcc/11.3.0

Activated environment: /scratch/mthakur/Dyn-HaMR/.dynhamr
Python version:
Python 3.10.8
Loaded modules:

Currently Loaded Modules:
  1) slurm/current    3) compiler     5) 2024r1      7) openmpi/4.1.6    9) py-pip/23.1.2
  2) DefaultModules   4) gcc/11.3.0   6) cuda/11.7   8) python/3.10.12

 

================ SLURM JOB INFO ================
Job ID:         
Job Name:       
Partition:      
Node List:      
CPUs per task:  
Memory per CPU: 
GPUs per task:  
Memory per GPU: 
Submit dir:     
Work dir:       /scratch/mthakur/Dyn-HaMR
Job started at: Wed Nov 12 20:31:15 CET 2025
===============================================
Traceback (most recent call last):
  File "/scratch/mthakur/Dyn-HaMR/dyn-hamr/run_opt.py", line 10, in <module>
    from torch.utils.tensorboard import SummaryWriter
  File "/scratch/mthakur/Dyn-HaMR/.dynhamr/lib/python3.10/site-packages/torch/utils/tensorboard/__init__.py", line 12, in <module>
    from .writer import FileWriter, SummaryWriter  # noqa: F401
  File "/scratch/mthakur/Dyn-HaMR/.dynhamr/lib/python3.10/site-packages/torch/utils/tensorboard/writer.py", line 13, in <module>
    from tensorboard.summary.writer.event_file_writer import EventFileWriter
  File "/scratch/mthakur/Dyn-HaMR/.dynhamr/lib/python3.10/site-packages/tensorboard/summary/__init__.py", line 22, in <module>
    from tensorboard.summary import v1  # noqa: F401
  File "/scratch/mthakur/Dyn-HaMR/.dynhamr/lib/python3.10/site-packages/tensorboard/summary/v1.py", line 27, in <module>
    from tensorboard.plugins.text import summary as _text_summary
  File "/scratch/mthakur/Dyn-HaMR/.dynhamr/lib/python3.10/site-packages/tensorboard/plugins/text/summary.py", line 19, in <module>
    from tensorboard.plugins.text import summary_v2
  File "<frozen importlib._bootstrap>", line 1027, in _find_and_load
  File "<frozen importlib._bootstrap>", line 1006, in _find_and_load_unlocked
  File "<frozen importlib._bootstrap>", line 688, in _load_unlocked
  File "<frozen importlib._bootstrap_external>", line 879, in exec_module
  File "<frozen importlib._bootstrap_external>", line 975, in get_code
  File "<frozen importlib._bootstrap_external>", line 1074, in get_data
KeyboardInterrupt
