Loaded modules:

Currently Loaded Modules:
  1) slurm/current    3) gcc/11.3.0   5) cuda/11.7
  2) DefaultModules   4) 2024r1       6) python/3.10.13

 

Thu Dec 18 23:17:02 2025       
+-----------------------------------------------------------------------------------------+
| NVIDIA-SMI 580.105.08             Driver Version: 580.105.08     CUDA Version: 13.0     |
+-----------------------------------------+------------------------+----------------------+
| GPU  Name                 Persistence-M | Bus-Id          Disp.A | Volatile Uncorr. ECC |
| Fan  Temp   Perf          Pwr:Usage/Cap |           Memory-Usage | GPU-Util  Compute M. |
|                                         |                        |               MIG M. |
|=========================================+========================+======================|
|   0  NVIDIA A100 80GB PCIe          On  |   00000000:16:00.0 Off |                   On |
| N/A   38C    P0             46W /  300W |     249MiB /  81920MiB |     N/A      Default |
|                                         |                        |              Enabled |
+-----------------------------------------+------------------------+----------------------+

+-----------------------------------------------------------------------------------------+
| MIG devices:                                                                            |
+------------------+----------------------------------+-----------+-----------------------+
| GPU  GI  CI  MIG |              Shared Memory-Usage |        Vol|        Shared         |
|      ID  ID  Dev |                Shared BAR1-Usage | SM     Unc| CE ENC  DEC  OFA  JPG |
|                  |                                  |        ECC|                       |
|==================+==================================+===========+=======================|
|  0    7   0   0  |              36MiB /  9728MiB    | 14      0 |  1   0    0    0    0 |
|                  |               0MiB /  6135MiB    |           |                       |
+------------------+----------------------------------+-----------+-----------------------+

+-----------------------------------------------------------------------------------------+
| Processes:                                                                              |
|  GPU   GI   CI              PID   Type   Process name                        GPU Memory |
|        ID   ID                                                               Usage      |
|=========================================================================================|
|  No running processes found                                                             |
+-----------------------------------------------------------------------------------------+
================ SLURM JOB INFO ================
Job ID:         8767832
Job Name:       example
Partition:      gpu-a100-small
Node List:      gpu020
CPUs per task:  2
Memory per CPU: 
GPUs per task:  1
Memory per GPU: 10240
Submit dir:     /scratch/mthakur/Dyn-HaMR
Work dir:       /scratch/mthakur/Dyn-HaMR
Job started at: Thu Dec 18 23:17:03 CET 2025
===============================================
/scratch/mthakur/Dyn-HaMR
run_opt.py:  {'data': {'type': 'video', 'split': 'custom', 'root': '/scratch/mthakur/Dyn-HaMR/test', 'video_dir': 'videos', 'seq': 'tremor', 'ext': 'MTS', 'src_path': '${data.root}/${data.video_dir}/${data.seq}.${data.ext}', 'frame_opts': {'ext': 'jpg', 'fps': 25, 'start_sec': 0, 'end_sec': -1}, 'use_cams': True, 'track_ids': 'all', 'shot_idx': 0, 'start_idx': 0, 'end_idx': 500, 'split_cameras': True, 'name': '${data.seq}-${data.track_ids}-shot-${data.shot_idx}-${data.start_idx}-${data.end_idx}', 'sources': {'images': '${data.root}/images/${data.seq}', 'cameras': '${data.root}/dynhamr/cameras/${data.seq}/shot-${data.shot_idx}', 'tracks': '${data.root}/dynhamr/track_preds/${data.seq}', 'shots': '${data.root}/dynhamr/shot_idcs/${data.seq}.json'}}, 'optim': {'options': {'robust_loss_type': 'bisquare', 'robust_tuning_const': 4.6851, 'joints2d_sigma': 100.0, 'lr': 1.0, 'lbfgs_max_iter': 20, 'save_every': 20, 'vis_every': -1, 'max_chunk_steps': 20, 'save_meshes': False}, 'root': {'num_iters': 30}, 'smpl': {'num_iters': 0}, 'smooth': {'opt_scale': False, 'num_iters': 60}, 'motion_chunks': {'chunk_size': 10, 'init_steps': 20, 'chunk_steps': 20, 'opt_cams': True}, 'loss_weights': {'penetration': [0, 0, 0], 'joints2d': [0.001, 0.001, 0.001], 'bg2d': [0.0, 0.0, 0.0], 'cam_R_smooth': [0.0, 0.0, 0.0], 'cam_t_smooth': [0.0, 0.0, 0.0], 'bio': [10, 10, 10], 'joints3d': [0.0, 0.0, 0.0], 'joints3d_smooth': [1.0, 10.0, 0.0], 'joints3d_rollout': [0.0, 0.0, 0.0], 'verts3d': [0.0, 0.0, 0.0], 'points3d': [0.0, 0.0, 0.0], 'pose_prior': [0.04, 0.04, 0.04], 'shape_prior': [0.05, 0.05, 0.05], 'motion_prior': [0.0, 0.0, 0.075], 'init_motion_prior': [0.0, 0.0, 0.075], 'joint_consistency': [0.0, 0.0, 100.0], 'bone_length': [0.0, 2000.0, 2000.0]}}, 'model': {'use_init': True, 'opt_cams': False, 'opt_scale': True, 'async_tracks': True}, 'overwrite': False, 'run_opt': True, 'run_vis': True, 'run_prior': True, 'datatype': '${data.video_dir}', 'vis': {'phases': ['smooth_fit', 'prior'], 'render_views': ['above', 'side', 'front'], 'make_grid': True, 'overwrite': False}, 'MANO': {'MODEL_PATH': '${paths.DATA_DIR}/mano', 'GENDER': 'neutral', 'NUM_HAND_JOINTS': 15, 'MEAN_PARAMS': '${paths.DATA_DIR}/mano_mean_params.npz', 'CREATE_BODY_POSE': False}, 'paths': {'base_dir': 'None', 'DATA_DIR': '_DATA/data/', 'vposer': 'VPoser/pretrained/Vposer_right_mirrored'}, 'HMP': {'config': 'hmp_config.yaml', 'use_hposer': False, 'vid_path': '${data.root}/video/${data.seq}.mp4', 'exp_name': 'None'}, 'fps': 30, 'log_root': '../outputs/logs', 'log_dir': '${log_root}/${data.type}-${data.split}', 'exp_name': '${now:%Y-%m-%d}', 'temporal_smooth': True, 'gpu': 0, 'is_static': False}
out_dir /scratch/mthakur/outputs/logs/video-custom/2025-12-18/tremor-all-shot-0-0-500
init SOURCES {'images': '${data.root}/images/${data.seq}', 'cameras': '${data.root}/dynhamr/cameras/${data.seq}/shot-${data.shot_idx}', 'tracks': '${data.root}/dynhamr/track_preds/${data.seq}', 'shots': '${data.root}/dynhamr/shot_idcs/${data.seq}.json'}
/scratch/mthakur/Dyn-HaMR/test/dynhamr/cameras/tremor/shot-0 does not exist
/scratch/mthakur/Dyn-HaMR/test/dynhamr/track_preds/tremor does not exist
/scratch/mthakur/Dyn-HaMR/test/dynhamr/shot_idcs/tremor.json does not exist
SOURCES {'images': '/scratch/mthakur/Dyn-HaMR/test/images/tremor', 'cameras': '/scratch/mthakur/Dyn-HaMR/test/dynhamr/cameras/tremor/shot-0', 'tracks': '/scratch/mthakur/Dyn-HaMR/test/dynhamr/track_preds/tremor', 'shots': '/scratch/mthakur/Dyn-HaMR/test/dynhamr/shot_idcs/tremor.json'}
/scratch/mthakur/Dyn-HaMR/test/dynhamr/cameras/tremor/shot-0 does not exist
/scratch/mthakur/Dyn-HaMR/test/dynhamr/track_preds/tremor does not exist
/scratch/mthakur/Dyn-HaMR/test/dynhamr/shot_idcs/tremor.json does not exist
DATA SOURCES {'images': '/scratch/mthakur/Dyn-HaMR/test/images/tremor', 'cameras': '/scratch/mthakur/Dyn-HaMR/test/dynhamr/cameras/tremor/shot-0', 'tracks': '/scratch/mthakur/Dyn-HaMR/test/dynhamr/track_preds/tremor', 'shots': '/scratch/mthakur/Dyn-HaMR/test/dynhamr/shot_idcs/tremor.json'}

FOUND 1092 FRAMES in /scratch/mthakur/Dyn-HaMR/test/images/tremor
RUNNING HAMER ON /scratch/mthakur/Dyn-HaMR/test/images/tremor
PROCESS MainProcess ()
HAMER DIR /scratch/mthakur/Dyn-HaMR/third-party/hamer
cd /scratch/mthakur/Dyn-HaMR/third-party/hamer; CUDA_VISIBLE_DEVICES=0 python -u run.py --img_folder /scratch/mthakur/Dyn-HaMR/test/images/tremor  --res_folder /scratch/mthakur/Dyn-HaMR/test/dynhamr/hamer_out/tremor/results/demo_tremor.pkl  --batch_size=48 --side_view --save_mesh --full_frame --type videos --checkpoint /scratch/mthakur/Dyn-HaMR
Traceback (most recent call last):
  File "/scratch/mthakur/Dyn-HaMR/third-party/hamer/run.py", line 12, in <module>
    from hamer.models import HAMER, download_models, load_hamer
  File "/scratch/mthakur/Dyn-HaMR/third-party/hamer/hamer/models/__init__.py", line 3, in <module>
    from .hamer import HAMER
  File "/scratch/mthakur/Dyn-HaMR/third-party/hamer/hamer/models/hamer.py", line 2, in <module>
    import pytorch_lightning as pl
  File "/usr/local/lib/python3.10/dist-packages/pytorch_lightning/__init__.py", line 25, in <module>
    from lightning_fabric.utilities.seed import seed_everything  # noqa: E402
  File "/usr/local/lib/python3.10/dist-packages/lightning_fabric/__init__.py", line 35, in <module>
    from lightning_fabric.fabric import Fabric  # noqa: E402
  File "/usr/local/lib/python3.10/dist-packages/lightning_fabric/fabric.py", line 41, in <module>
    from lightning_fabric.loggers import Logger
  File "/usr/local/lib/python3.10/dist-packages/lightning_fabric/loggers/__init__.py", line 15, in <module>
    from lightning_fabric.loggers.tensorboard import TensorBoardLogger  # noqa: F401
  File "/usr/local/lib/python3.10/dist-packages/lightning_fabric/loggers/tensorboard.py", line 31, in <module>
    from lightning_fabric.wrappers import _unwrap_objects
  File "/usr/local/lib/python3.10/dist-packages/lightning_fabric/wrappers.py", line 33, in <module>
    from torch._dynamo import OptimizedModule
ModuleNotFoundError: No module named 'torch._dynamo'
rename /scratch/mthakur/Dyn-HaMR/test/dynhamr/hamer_out/tremor/results/demo_tremor.pkl into  /scratch/mthakur/Dyn-HaMR/test/dynhamr/hamer_out/tremor/tremor.pkl
Error executing job with overrides: ['data=video', 'run_opt=True', 'data.seq=tremor', 'is_static=False', 'run_vis=True']
Traceback (most recent call last):
  File "/scratch/mthakur/Dyn-HaMR/dyn-hamr/run_opt.py", line 206, in <module>
    main()
  File "/usr/local/lib/python3.10/dist-packages/hydra/main.py", line 94, in decorated_main
    _run_hydra(
  File "/usr/local/lib/python3.10/dist-packages/hydra/_internal/utils.py", line 394, in _run_hydra
    _run_app(
  File "/usr/local/lib/python3.10/dist-packages/hydra/_internal/utils.py", line 457, in _run_app
    run_and_report(
  File "/usr/local/lib/python3.10/dist-packages/hydra/_internal/utils.py", line 223, in run_and_report
    raise ex
  File "/usr/local/lib/python3.10/dist-packages/hydra/_internal/utils.py", line 220, in run_and_report
    return func()
  File "/usr/local/lib/python3.10/dist-packages/hydra/_internal/utils.py", line 458, in <lambda>
    lambda: hydra.run(
  File "/usr/local/lib/python3.10/dist-packages/hydra/_internal/hydra.py", line 132, in run
    _ = ret.return_value
  File "/usr/local/lib/python3.10/dist-packages/hydra/core/utils.py", line 260, in return_value
    raise self._return_value
  File "/usr/local/lib/python3.10/dist-packages/hydra/core/utils.py", line 186, in run_job
    ret.return_value = task_function(task_cfg)
  File "/scratch/mthakur/Dyn-HaMR/dyn-hamr/run_opt.py", line 189, in main
    dataset = get_dataset_from_cfg(cfg)
  File "/scratch/mthakur/Dyn-HaMR/dyn-hamr/data/dataset.py", line 45, in get_dataset_from_cfg
    check_data_sources(args, cfg)
  File "/scratch/mthakur/Dyn-HaMR/dyn-hamr/data/dataset.py", line 80, in check_data_sources
    preprocess_tracks(cfg.datatype, args.sources.images, args.sources.tracks, args.sources.shots, gpu=cfg.gpu)
  File "/scratch/mthakur/Dyn-HaMR/dyn-hamr/data/vidproc.py", line 41, in preprocess_tracks
    hamer.process_seq(
  File "/scratch/mthakur/Dyn-HaMR/dyn-hamr/preproc/launch_hamer.py", line 66, in process_seq
    os.rename(f"{res_dir}/demo_{name}.pkl", res_path)
FileNotFoundError: [Errno 2] No such file or directory: '/scratch/mthakur/Dyn-HaMR/test/dynhamr/hamer_out/tremor/results/demo_tremor.pkl' -> '/scratch/mthakur/Dyn-HaMR/test/dynhamr/hamer_out/tremor/tremor.pkl'
srun: error: gpu020: task 0: Exited with exit code 1
srun: launch/slurm: _step_signal: Terminating StepId=8767832.0
FOUND 2 TO RENDER
args.save_root:  ./
/scratch/mthakur/outputs/logs/video-custom/2025-12-18/tremor-all-shot-0-0-500
{'data': {'type': 'video', 'split': 'custom', 'root': '/scratch/mthakur/Dyn-HaMR/test', 'video_dir': 'videos', 'seq': 'tremor', 'ext': 'MTS', 'src_path': '${data.root}/${data.video_dir}/${data.seq}.${data.ext}', 'frame_opts': {'ext': 'jpg', 'fps': 25, 'start_sec': 0, 'end_sec': -1}, 'use_cams': True, 'track_ids': 'all', 'shot_idx': 0, 'start_idx': 0, 'end_idx': 500, 'split_cameras': True, 'name': '${data.seq}-${data.track_ids}-shot-${data.shot_idx}-${data.start_idx}-${data.end_idx}', 'sources': {'images': '${data.root}/images/${data.seq}', 'cameras': '${data.root}/dynhamr/cameras/${data.seq}/shot-${data.shot_idx}', 'tracks': '${data.root}/dynhamr/track_preds/${data.seq}', 'shots': '${data.root}/dynhamr/shot_idcs/${data.seq}.json'}}, 'optim': {'options': {'robust_loss_type': 'bisquare', 'robust_tuning_const': 4.6851, 'joints2d_sigma': 100.0, 'lr': 1.0, 'lbfgs_max_iter': 20, 'save_every': 20, 'vis_every': -1, 'max_chunk_steps': 20, 'save_meshes': False}, 'root': {'num_iters': 30}, 'smpl': {'num_iters': 0}, 'smooth': {'opt_scale': False, 'num_iters': 60}, 'motion_chunks': {'chunk_size': 10, 'init_steps': 20, 'chunk_steps': 20, 'opt_cams': True}, 'loss_weights': {'penetration': [0, 0, 0], 'joints2d': [0.001, 0.001, 0.001], 'bg2d': [0.0, 0.0, 0.0], 'cam_R_smooth': [0.0, 0.0, 0.0], 'cam_t_smooth': [0.0, 0.0, 0.0], 'bio': [10, 10, 10], 'joints3d': [0.0, 0.0, 0.0], 'joints3d_smooth': [1.0, 10.0, 0.0], 'joints3d_rollout': [0.0, 0.0, 0.0], 'verts3d': [0.0, 0.0, 0.0], 'points3d': [0.0, 0.0, 0.0], 'pose_prior': [0.04, 0.04, 0.04], 'shape_prior': [0.05, 0.05, 0.05], 'motion_prior': [0.0, 0.0, 0.075], 'init_motion_prior': [0.0, 0.0, 0.075], 'joint_consistency': [0.0, 0.0, 100.0], 'bone_length': [0.0, 2000.0, 2000.0]}}, 'model': {'use_init': True, 'opt_cams': False, 'opt_scale': True, 'async_tracks': True}, 'overwrite': False, 'run_opt': True, 'run_vis': True, 'run_prior': True, 'datatype': '${data.video_dir}', 'vis': {'phases': ['smooth_fit', 'prior'], 'render_views': ['above', 'side', 'front'], 'make_grid': True, 'overwrite': False}, 'MANO': {'MODEL_PATH': '${paths.DATA_DIR}/mano', 'GENDER': 'neutral', 'NUM_HAND_JOINTS': 15, 'MEAN_PARAMS': '${paths.DATA_DIR}/mano_mean_params.npz', 'CREATE_BODY_POSE': False}, 'paths': {'base_dir': 'None', 'DATA_DIR': '_DATA/data/', 'vposer': 'VPoser/pretrained/Vposer_right_mirrored'}, 'HMP': {'config': 'hmp_config.yaml', 'use_hposer': False, 'vid_path': '${data.root}/video/${data.seq}.mp4', 'exp_name': 'None'}, 'fps': 30, 'log_root': '../outputs/logs', 'log_dir': '${log_root}/${data.type}-${data.split}', 'exp_name': '${now:%Y-%m-%d}', 'temporal_smooth': True, 'gpu': 0, 'is_static': False}
{'type': 'video', 'split': 'custom', 'root': '/scratch/mthakur/Dyn-HaMR/test', 'video_dir': 'videos', 'seq': 'tremor', 'ext': 'MTS', 'src_path': '${data.root}/${data.video_dir}/${data.seq}.${data.ext}', 'frame_opts': {'ext': 'jpg', 'fps': 25, 'start_sec': 0, 'end_sec': -1}, 'use_cams': True, 'track_ids': 'all', 'shot_idx': 0, 'start_idx': 0, 'end_idx': 500, 'split_cameras': True, 'name': '${data.seq}-${data.track_ids}-shot-${data.shot_idx}-${data.start_idx}-${data.end_idx}', 'sources': {'images': '${data.root}/images/${data.seq}', 'cameras': '${data.root}/dynhamr/cameras/${data.seq}/shot-${data.shot_idx}', 'tracks': '${data.root}/dynhamr/track_preds/${data.seq}', 'shots': '${data.root}/dynhamr/shot_idcs/${data.seq}.json'}}
{'images': '${data.root}/images/${data.seq}', 'cameras': '${data.root}/dynhamr/cameras/${data.seq}/shot-${data.shot_idx}', 'tracks': '${data.root}/dynhamr/track_preds/${data.seq}', 'shots': '${data.root}/dynhamr/shot_idcs/${data.seq}.json'}
/scratch/mthakur/Dyn-HaMR/test/dynhamr/cameras/tremor/shot-0 does not exist
/scratch/mthakur/Dyn-HaMR/test/dynhamr/track_preds/tremor does not exist
/scratch/mthakur/Dyn-HaMR/test/dynhamr/shot_idcs/tremor.json does not exist
SOURCES {'images': '/scratch/mthakur/Dyn-HaMR/test/images/tremor', 'cameras': '/scratch/mthakur/Dyn-HaMR/test/dynhamr/cameras/tremor/shot-0', 'tracks': '/scratch/mthakur/Dyn-HaMR/test/dynhamr/track_preds/tremor', 'shots': '/scratch/mthakur/Dyn-HaMR/test/dynhamr/shot_idcs/tremor.json'}
/scratch/mthakur/Dyn-HaMR/test/dynhamr/cameras/tremor/shot-0 does not exist
/scratch/mthakur/Dyn-HaMR/test/dynhamr/track_preds/tremor does not exist
/scratch/mthakur/Dyn-HaMR/test/dynhamr/shot_idcs/tremor.json does not exist
DATA SOURCES {'images': '/scratch/mthakur/Dyn-HaMR/test/images/tremor', 'cameras': '/scratch/mthakur/Dyn-HaMR/test/dynhamr/cameras/tremor/shot-0', 'tracks': '/scratch/mthakur/Dyn-HaMR/test/dynhamr/track_preds/tremor', 'shots': '/scratch/mthakur/Dyn-HaMR/test/dynhamr/shot_idcs/tremor.json'}

FOUND 1092 FRAMES in /scratch/mthakur/Dyn-HaMR/test/images/tremor
RUNNING HAMER ON /scratch/mthakur/Dyn-HaMR/test/images/tremor
PROCESS MainProcess ()
HAMER DIR /scratch/mthakur/Dyn-HaMR/third-party/hamer
cd /scratch/mthakur/Dyn-HaMR/third-party/hamer; CUDA_VISIBLE_DEVICES=0 python -u run.py --img_folder /scratch/mthakur/Dyn-HaMR/test/images/tremor  --res_folder /scratch/mthakur/Dyn-HaMR/test/dynhamr/hamer_out/tremor/results/demo_tremor.pkl  --batch_size=48 --side_view --save_mesh --full_frame --type videos --checkpoint /scratch/mthakur/Dyn-HaMR
Traceback (most recent call last):
  File "/scratch/mthakur/Dyn-HaMR/third-party/hamer/run.py", line 12, in <module>
    from hamer.models import HAMER, download_models, load_hamer
  File "/scratch/mthakur/Dyn-HaMR/third-party/hamer/hamer/models/__init__.py", line 3, in <module>
    from .hamer import HAMER
  File "/scratch/mthakur/Dyn-HaMR/third-party/hamer/hamer/models/hamer.py", line 2, in <module>
    import pytorch_lightning as pl
  File "/usr/local/lib/python3.10/dist-packages/pytorch_lightning/__init__.py", line 25, in <module>
    from lightning_fabric.utilities.seed import seed_everything  # noqa: E402
  File "/usr/local/lib/python3.10/dist-packages/lightning_fabric/__init__.py", line 35, in <module>
    from lightning_fabric.fabric import Fabric  # noqa: E402
  File "/usr/local/lib/python3.10/dist-packages/lightning_fabric/fabric.py", line 41, in <module>
    from lightning_fabric.loggers import Logger
  File "/usr/local/lib/python3.10/dist-packages/lightning_fabric/loggers/__init__.py", line 15, in <module>
    from lightning_fabric.loggers.tensorboard import TensorBoardLogger  # noqa: F401
  File "/usr/local/lib/python3.10/dist-packages/lightning_fabric/loggers/tensorboard.py", line 31, in <module>
    from lightning_fabric.wrappers import _unwrap_objects
  File "/usr/local/lib/python3.10/dist-packages/lightning_fabric/wrappers.py", line 33, in <module>
    from torch._dynamo import OptimizedModule
ModuleNotFoundError: No module named 'torch._dynamo'
rename /scratch/mthakur/Dyn-HaMR/test/dynhamr/hamer_out/tremor/results/demo_tremor.pkl into  /scratch/mthakur/Dyn-HaMR/test/dynhamr/hamer_out/tremor/tremor.pkl
Traceback (most recent call last):
  File "/scratch/mthakur/Dyn-HaMR/dyn-hamr/run_vis.py", line 396, in <module>
    main(args)
  File "/scratch/mthakur/Dyn-HaMR/dyn-hamr/run_vis.py", line 371, in main
    launch_vis(i, args)
  File "/scratch/mthakur/Dyn-HaMR/dyn-hamr/run_vis.py", line 332, in launch_vis
    visualize_log(
  File "/scratch/mthakur/Dyn-HaMR/dyn-hamr/run_vis.py", line 304, in visualize_log
    dataset = get_dataset_from_cfg(cfg)
  File "/scratch/mthakur/Dyn-HaMR/dyn-hamr/data/dataset.py", line 45, in get_dataset_from_cfg
    check_data_sources(args, cfg)
  File "/scratch/mthakur/Dyn-HaMR/dyn-hamr/data/dataset.py", line 80, in check_data_sources
    preprocess_tracks(cfg.datatype, args.sources.images, args.sources.tracks, args.sources.shots, gpu=cfg.gpu)
  File "/scratch/mthakur/Dyn-HaMR/dyn-hamr/data/vidproc.py", line 41, in preprocess_tracks
    hamer.process_seq(
  File "/scratch/mthakur/Dyn-HaMR/dyn-hamr/preproc/launch_hamer.py", line 66, in process_seq
    os.rename(f"{res_dir}/demo_{name}.pkl", res_path)
FileNotFoundError: [Errno 2] No such file or directory: '/scratch/mthakur/Dyn-HaMR/test/dynhamr/hamer_out/tremor/results/demo_tremor.pkl' -> '/scratch/mthakur/Dyn-HaMR/test/dynhamr/hamer_out/tremor/tremor.pkl'
srun: error: gpu020: task 0: Exited with exit code 1
srun: launch/slurm: _step_signal: Terminating StepId=8767832.1
===============================================
Job finished at: Thu Dec 18 23:18:37 CET 2025
Execution took 0.03 hours
Writing output to SLURM_logs/example_098.out
===============================================
