Loaded modules:

Currently Loaded Modules:
  1) slurm/current    3) gcc/11.3.0   5) cuda/11.7
  2) DefaultModules   4) 2024r1       6) python/3.10.13

 

Thu Mar  5 18:59:51 2026       
+-----------------------------------------------------------------------------------------+
| NVIDIA-SMI 580.105.08             Driver Version: 580.105.08     CUDA Version: 13.0     |
+-----------------------------------------+------------------------+----------------------+
| GPU  Name                 Persistence-M | Bus-Id          Disp.A | Volatile Uncorr. ECC |
| Fan  Temp   Perf          Pwr:Usage/Cap |           Memory-Usage | GPU-Util  Compute M. |
|                                         |                        |               MIG M. |
|=========================================+========================+======================|
|   0  NVIDIA A100 80GB PCIe          On  |   00000000:2C:00.0 Off |                   On |
| N/A   37C    P0             44W /  300W |     251MiB /  81920MiB |     N/A      Default |
|                                         |                        |              Enabled |
+-----------------------------------------+------------------------+----------------------+

+-----------------------------------------------------------------------------------------+
| MIG devices:                                                                            |
+------------------+----------------------------------+-----------+-----------------------+
| GPU  GI  CI  MIG |              Shared Memory-Usage |        Vol|        Shared         |
|      ID  ID  Dev |                Shared BAR1-Usage | SM     Unc| CE ENC  DEC  OFA  JPG |
|                  |                                  |        ECC|                       |
|==================+==================================+===========+=======================|
|  0    9   0   0  |              36MiB /  9728MiB    | 14      0 |  1   0    0    0    0 |
|                  |               0MiB /  6135MiB    |           |                       |
+------------------+----------------------------------+-----------+-----------------------+

+-----------------------------------------------------------------------------------------+
| Processes:                                                                              |
|  GPU   GI   CI              PID   Type   Process name                        GPU Memory |
|        ID   ID                                                               Usage      |
|=========================================================================================|
|  No running processes found                                                             |
+-----------------------------------------------------------------------------------------+
================ SLURM JOB INFO ================
Job ID:         9301010
Job Name:       example
Partition:      gpu-a100-small
Node List:      gpu020
CPUs per task:  2
Memory per CPU: 
GPUs per task:  1
Memory per GPU: 10240
Submit dir:     /scratch/mthakur/manifold/models/dyn-hamr
Work dir:       /scratch/mthakur/manifold/models/dyn-hamr
Job started at: Thu Mar  5 18:59:52 CET 2026
===============================================
Using video: /scratch/mthakur/manifold/data/images/clip_2.mp4
Using local Detectron2 checkpoint: /home/mthakur/.cache/torch/hub/detectron2/model_final_f05665.pkl
run_opt.py:  {'data': {'type': 'video', 'split': 'custom', 'root': '/scratch/mthakur/manifold/data', 'video_dir': 'images', 'seq': 'clip_2', 'ext': 'mp4', 'src_path': '/scratch/mthakur/manifold/data/images/clip_2.mp4', 'frame_opts': {'ext': 'jpg', 'fps': 25, 'start_sec': 0, 'end_sec': -1}, 'use_cams': True, 'track_ids': 'all', 'shot_idx': 0, 'start_idx': 0, 'end_idx': 500, 'split_cameras': True, 'name': '${data.seq}-${data.track_ids}-shot-${data.shot_idx}-${data.start_idx}-${data.end_idx}', 'sources': {'images': '${data.root}/images/${data.seq}', 'cameras': '${data.root}/dynhamr/cameras/${data.seq}/shot-${data.shot_idx}', 'tracks': '${data.root}/dynhamr/track_preds/${data.seq}', 'shots': '${data.root}/dynhamr/shot_idcs/${data.seq}.json'}}, 'optim': {'options': {'robust_loss_type': 'bisquare', 'robust_tuning_const': 4.6851, 'joints2d_sigma': 100.0, 'lr': 1.0, 'lbfgs_max_iter': 20, 'save_every': 20, 'vis_every': -1, 'max_chunk_steps': 20, 'save_meshes': False}, 'root': {'num_iters': 30}, 'smpl': {'num_iters': 0}, 'smooth': {'opt_scale': False, 'num_iters': 60}, 'motion_chunks': {'chunk_size': 10, 'init_steps': 20, 'chunk_steps': 20, 'opt_cams': True}, 'loss_weights': {'penetration': [0, 0, 0], 'joints2d': [0.001, 0.001, 0.001], 'bg2d': [0.0, 0.0, 0.0], 'cam_R_smooth': [0.0, 0.0, 0.0], 'cam_t_smooth': [0.0, 0.0, 0.0], 'bio': [10, 10, 10], 'joints3d': [0.0, 0.0, 0.0], 'joints3d_smooth': [1.0, 10.0, 0.0], 'joints3d_rollout': [0.0, 0.0, 0.0], 'verts3d': [0.0, 0.0, 0.0], 'points3d': [0.0, 0.0, 0.0], 'pose_prior': [0.04, 0.04, 0.04], 'shape_prior': [0.05, 0.05, 0.05], 'motion_prior': [0.0, 0.0, 0.075], 'init_motion_prior': [0.0, 0.0, 0.075], 'joint_consistency': [0.0, 0.0, 100.0], 'bone_length': [0.0, 2000.0, 2000.0]}}, 'model': {'use_init': True, 'opt_cams': False, 'opt_scale': True, 'async_tracks': True}, 'overwrite': False, 'run_opt': True, 'run_vis': True, 'run_prior': True, 'datatype': '${data.video_dir}', 'vis': {'phases': ['smooth_fit', 'prior'], 'render_views': ['above', 'side', 'front'], 'make_grid': True, 'overwrite': False}, 'MANO': {'MODEL_PATH': '${paths.DATA_DIR}/mano', 'GENDER': 'neutral', 'NUM_HAND_JOINTS': 15, 'MEAN_PARAMS': '${paths.DATA_DIR}/mano_mean_params.npz', 'CREATE_BODY_POSE': False}, 'paths': {'base_dir': 'None', 'DATA_DIR': '_DATA/data/', 'vposer': 'VPoser/pretrained/Vposer_right_mirrored'}, 'HMP': {'config': 'hmp_config.yaml', 'use_hposer': False, 'vid_path': '${data.root}/video/${data.seq}.mp4', 'exp_name': 'None'}, 'fps': 30, 'log_root': 'outputs/logs', 'log_dir': '${log_root}/${data.type}-${data.split}', 'exp_name': '${now:%Y-%m-%d}', 'temporal_smooth': True, 'gpu': 0, 'is_static': False}
out_dir /scratch/mthakur/manifold/models/dyn-hamr/outputs/logs/video-custom/2026-03-05/clip_2-all-shot-0-0-500
init SOURCES {'images': '${data.root}/images/${data.seq}', 'cameras': '${data.root}/dynhamr/cameras/${data.seq}/shot-${data.shot_idx}', 'tracks': '${data.root}/dynhamr/track_preds/${data.seq}', 'shots': '${data.root}/dynhamr/shot_idcs/${data.seq}.json'}
/scratch/mthakur/manifold/data/dynhamr/cameras/clip_2/shot-0 does not exist
/scratch/mthakur/manifold/data/dynhamr/track_preds/clip_2 does not exist
/scratch/mthakur/manifold/data/dynhamr/shot_idcs/clip_2.json does not exist
SOURCES {'images': '/scratch/mthakur/manifold/data/images/clip_2', 'cameras': '/scratch/mthakur/manifold/data/dynhamr/cameras/clip_2/shot-0', 'tracks': '/scratch/mthakur/manifold/data/dynhamr/track_preds/clip_2', 'shots': '/scratch/mthakur/manifold/data/dynhamr/shot_idcs/clip_2.json'}
/scratch/mthakur/manifold/data/dynhamr/cameras/clip_2/shot-0 does not exist
/scratch/mthakur/manifold/data/dynhamr/track_preds/clip_2 does not exist
/scratch/mthakur/manifold/data/dynhamr/shot_idcs/clip_2.json does not exist
DATA SOURCES {'images': '/scratch/mthakur/manifold/data/images/clip_2', 'cameras': '/scratch/mthakur/manifold/data/dynhamr/cameras/clip_2/shot-0', 'tracks': '/scratch/mthakur/manifold/data/dynhamr/track_preds/clip_2', 'shots': '/scratch/mthakur/manifold/data/dynhamr/shot_idcs/clip_2.json'}

FOUND 519 FRAMES in /scratch/mthakur/manifold/data/images/clip_2
RUNNING HAMER ON /scratch/mthakur/manifold/data/images/clip_2
PROCESS MainProcess ()
HAMER DIR /scratch/mthakur/manifold/models/dyn-hamr/third-party/hamer
cd /scratch/mthakur/manifold/models/dyn-hamr/third-party/hamer; CUDA_VISIBLE_DEVICES=0 python -u run.py --img_folder /scratch/mthakur/manifold/data/images/clip_2  --res_folder /scratch/mthakur/manifold/data/dynhamr/hamer_out/clip_2/results/demo_clip_2.pkl  --batch_size=48 --side_view --save_mesh --full_frame --type images --checkpoint /scratch/mthakur/manifold/models/dyn-hamr
apex is not installed
apex is not installed
apex is not installed
/usr/local/lib/python3.10/dist-packages/mmcv/cnn/bricks/transformer.py:27: UserWarning: Fail to import ``MultiScaleDeformableAttention`` from ``mmcv.ops.multi_scale_deform_attn``, You should install ``mmcv-full`` if you need this module. 
  warnings.warn('Fail to import ``MultiScaleDeformableAttention`` from '
args.checkpoint:  /scratch/mthakur/manifold/models/dyn-hamr /scratch/mthakur/manifold/models/dyn-hamr
/usr/local/lib/python3.10/dist-packages/pytorch_lightning/utilities/migration/utils.py:49: PossibleUserWarning: The loaded checkpoint was produced with Lightning v2.0.3, which is newer than your current Lightning version: v1.9.5
  rank_zero_warn(
/scratch/mthakur/manifold/models/dyn-hamr/_DATA/data/mano_mean_params.npz CREATE_BODY_POSE: False
DATA_DIR: /scratch/mthakur/manifold/models/dyn-hamr/_DATA/data/
GENDER: neutral
MEAN_PARAMS: /scratch/mthakur/manifold/models/dyn-hamr/_DATA/data/mano_mean_params.npz
MODEL_PATH: /scratch/mthakur/manifold/models/dyn-hamr/_DATA/data/mano
NUM_HAND_JOINTS: 15
!!!!!!!!!! {'data_dir': '/scratch/mthakur/manifold/models/dyn-hamr/_DATA/data/', 'model_path': '/scratch/mthakur/manifold/models/dyn-hamr/_DATA/data/mano', 'gender': 'neutral', 'num_hand_joints': 15, 'mean_params': '/scratch/mthakur/manifold/models/dyn-hamr/_DATA/data/mano_mean_params.npz', 'create_body_pose': False}
WARNING: You are using a MANO model, with only 10 shape coefficients.
MANO(
  Gender: NEUTRAL
  Number of joints: 16
  Betas: 10
  Number of PCA components: 6
  Flat hand mean: False
  (vertex_joint_selector): VertexJointSelector()
)
Using Detectron2 checkpoint: /home/mthakur/.cache/torch/hub/detectron2/model_final_f05665.pkl
Use load_from_local loader
The model and loaded state dict do not match exactly

unexpected key in source state_dict: backbone.blocks.0.mlp.experts.0.weight, backbone.blocks.0.mlp.experts.0.bias, backbone.blocks.0.mlp.experts.1.weight, backbone.blocks.0.mlp.experts.1.bias, backbone.blocks.0.mlp.experts.2.weight, backbone.blocks.0.mlp.experts.2.bias, backbone.blocks.0.mlp.experts.3.weight, backbone.blocks.0.mlp.experts.3.bias, backbone.blocks.0.mlp.experts.4.weight, backbone.blocks.0.mlp.experts.4.bias, backbone.blocks.0.mlp.experts.5.weight, backbone.blocks.0.mlp.experts.5.bias, backbone.blocks.1.mlp.experts.0.weight, backbone.blocks.1.mlp.experts.0.bias, backbone.blocks.1.mlp.experts.1.weight, backbone.blocks.1.mlp.experts.1.bias, backbone.blocks.1.mlp.experts.2.weight, backbone.blocks.1.mlp.experts.2.bias, backbone.blocks.1.mlp.experts.3.weight, backbone.blocks.1.mlp.experts.3.bias, backbone.blocks.1.mlp.experts.4.weight, backbone.blocks.1.mlp.experts.4.bias, backbone.blocks.1.mlp.experts.5.weight, backbone.blocks.1.mlp.experts.5.bias, backbone.blocks.2.mlp.experts.0.weight, backbone.blocks.2.mlp.experts.0.bias, backbone.blocks.2.mlp.experts.1.weight, backbone.blocks.2.mlp.experts.1.bias, backbone.blocks.2.mlp.experts.2.weight, backbone.blocks.2.mlp.experts.2.bias, backbone.blocks.2.mlp.experts.3.weight, backbone.blocks.2.mlp.experts.3.bias, backbone.blocks.2.mlp.experts.4.weight, backbone.blocks.2.mlp.experts.4.bias, backbone.blocks.2.mlp.experts.5.weight, backbone.blocks.2.mlp.experts.5.bias, backbone.blocks.3.mlp.experts.0.weight, backbone.blocks.3.mlp.experts.0.bias, backbone.blocks.3.mlp.experts.1.weight, backbone.blocks.3.mlp.experts.1.bias, backbone.blocks.3.mlp.experts.2.weight, backbone.blocks.3.mlp.experts.2.bias, backbone.blocks.3.mlp.experts.3.weight, backbone.blocks.3.mlp.experts.3.bias, backbone.blocks.3.mlp.experts.4.weight, backbone.blocks.3.mlp.experts.4.bias, backbone.blocks.3.mlp.experts.5.weight, backbone.blocks.3.mlp.experts.5.bias, backbone.blocks.4.mlp.experts.0.weight, backbone.blocks.4.mlp.experts.0.bias, backbone.blocks.4.mlp.experts.1.weight, backbone.blocks.4.mlp.experts.1.bias, backbone.blocks.4.mlp.experts.2.weight, backbone.blocks.4.mlp.experts.2.bias, backbone.blocks.4.mlp.experts.3.weight, backbone.blocks.4.mlp.experts.3.bias, backbone.blocks.4.mlp.experts.4.weight, backbone.blocks.4.mlp.experts.4.bias, backbone.blocks.4.mlp.experts.5.weight, backbone.blocks.4.mlp.experts.5.bias, backbone.blocks.5.mlp.experts.0.weight, backbone.blocks.5.mlp.experts.0.bias, backbone.blocks.5.mlp.experts.1.weight, backbone.blocks.5.mlp.experts.1.bias, backbone.blocks.5.mlp.experts.2.weight, backbone.blocks.5.mlp.experts.2.bias, backbone.blocks.5.mlp.experts.3.weight, backbone.blocks.5.mlp.experts.3.bias, backbone.blocks.5.mlp.experts.4.weight, backbone.blocks.5.mlp.experts.4.bias, backbone.blocks.5.mlp.experts.5.weight, backbone.blocks.5.mlp.experts.5.bias, backbone.blocks.6.mlp.experts.0.weight, backbone.blocks.6.mlp.experts.0.bias, backbone.blocks.6.mlp.experts.1.weight, backbone.blocks.6.mlp.experts.1.bias, backbone.blocks.6.mlp.experts.2.weight, backbone.blocks.6.mlp.experts.2.bias, backbone.blocks.6.mlp.experts.3.weight, backbone.blocks.6.mlp.experts.3.bias, backbone.blocks.6.mlp.experts.4.weight, backbone.blocks.6.mlp.experts.4.bias, backbone.blocks.6.mlp.experts.5.weight, backbone.blocks.6.mlp.experts.5.bias, backbone.blocks.7.mlp.experts.0.weight, backbone.blocks.7.mlp.experts.0.bias, backbone.blocks.7.mlp.experts.1.weight, backbone.blocks.7.mlp.experts.1.bias, backbone.blocks.7.mlp.experts.2.weight, backbone.blocks.7.mlp.experts.2.bias, backbone.blocks.7.mlp.experts.3.weight, backbone.blocks.7.mlp.experts.3.bias, backbone.blocks.7.mlp.experts.4.weight, backbone.blocks.7.mlp.experts.4.bias, backbone.blocks.7.mlp.experts.5.weight, backbone.blocks.7.mlp.experts.5.bias, backbone.blocks.8.mlp.experts.0.weight, backbone.blocks.8.mlp.experts.0.bias, backbone.blocks.8.mlp.experts.1.weight, backbone.blocks.8.mlp.experts.1.bias, backbone.blocks.8.mlp.experts.2.weight, backbone.blocks.8.mlp.experts.2.bias, backbone.blocks.8.mlp.experts.3.weight, backbone.blocks.8.mlp.experts.3.bias, backbone.blocks.8.mlp.experts.4.weight, backbone.blocks.8.mlp.experts.4.bias, backbone.blocks.8.mlp.experts.5.weight, backbone.blocks.8.mlp.experts.5.bias, backbone.blocks.9.mlp.experts.0.weight, backbone.blocks.9.mlp.experts.0.bias, backbone.blocks.9.mlp.experts.1.weight, backbone.blocks.9.mlp.experts.1.bias, backbone.blocks.9.mlp.experts.2.weight, backbone.blocks.9.mlp.experts.2.bias, backbone.blocks.9.mlp.experts.3.weight, backbone.blocks.9.mlp.experts.3.bias, backbone.blocks.9.mlp.experts.4.weight, backbone.blocks.9.mlp.experts.4.bias, backbone.blocks.9.mlp.experts.5.weight, backbone.blocks.9.mlp.experts.5.bias, backbone.blocks.10.mlp.experts.0.weight, backbone.blocks.10.mlp.experts.0.bias, backbone.blocks.10.mlp.experts.1.weight, backbone.blocks.10.mlp.experts.1.bias, backbone.blocks.10.mlp.experts.2.weight, backbone.blocks.10.mlp.experts.2.bias, backbone.blocks.10.mlp.experts.3.weight, backbone.blocks.10.mlp.experts.3.bias, backbone.blocks.10.mlp.experts.4.weight, backbone.blocks.10.mlp.experts.4.bias, backbone.blocks.10.mlp.experts.5.weight, backbone.blocks.10.mlp.experts.5.bias, backbone.blocks.11.mlp.experts.0.weight, backbone.blocks.11.mlp.experts.0.bias, backbone.blocks.11.mlp.experts.1.weight, backbone.blocks.11.mlp.experts.1.bias, backbone.blocks.11.mlp.experts.2.weight, backbone.blocks.11.mlp.experts.2.bias, backbone.blocks.11.mlp.experts.3.weight, backbone.blocks.11.mlp.experts.3.bias, backbone.blocks.11.mlp.experts.4.weight, backbone.blocks.11.mlp.experts.4.bias, backbone.blocks.11.mlp.experts.5.weight, backbone.blocks.11.mlp.experts.5.bias, backbone.blocks.12.mlp.experts.0.weight, backbone.blocks.12.mlp.experts.0.bias, backbone.blocks.12.mlp.experts.1.weight, backbone.blocks.12.mlp.experts.1.bias, backbone.blocks.12.mlp.experts.2.weight, backbone.blocks.12.mlp.experts.2.bias, backbone.blocks.12.mlp.experts.3.weight, backbone.blocks.12.mlp.experts.3.bias, backbone.blocks.12.mlp.experts.4.weight, backbone.blocks.12.mlp.experts.4.bias, backbone.blocks.12.mlp.experts.5.weight, backbone.blocks.12.mlp.experts.5.bias, backbone.blocks.13.mlp.experts.0.weight, backbone.blocks.13.mlp.experts.0.bias, backbone.blocks.13.mlp.experts.1.weight, backbone.blocks.13.mlp.experts.1.bias, backbone.blocks.13.mlp.experts.2.weight, backbone.blocks.13.mlp.experts.2.bias, backbone.blocks.13.mlp.experts.3.weight, backbone.blocks.13.mlp.experts.3.bias, backbone.blocks.13.mlp.experts.4.weight, backbone.blocks.13.mlp.experts.4.bias, backbone.blocks.13.mlp.experts.5.weight, backbone.blocks.13.mlp.experts.5.bias, backbone.blocks.14.mlp.experts.0.weight, backbone.blocks.14.mlp.experts.0.bias, backbone.blocks.14.mlp.experts.1.weight, backbone.blocks.14.mlp.experts.1.bias, backbone.blocks.14.mlp.experts.2.weight, backbone.blocks.14.mlp.experts.2.bias, backbone.blocks.14.mlp.experts.3.weight, backbone.blocks.14.mlp.experts.3.bias, backbone.blocks.14.mlp.experts.4.weight, backbone.blocks.14.mlp.experts.4.bias, backbone.blocks.14.mlp.experts.5.weight, backbone.blocks.14.mlp.experts.5.bias, backbone.blocks.15.mlp.experts.0.weight, backbone.blocks.15.mlp.experts.0.bias, backbone.blocks.15.mlp.experts.1.weight, backbone.blocks.15.mlp.experts.1.bias, backbone.blocks.15.mlp.experts.2.weight, backbone.blocks.15.mlp.experts.2.bias, backbone.blocks.15.mlp.experts.3.weight, backbone.blocks.15.mlp.experts.3.bias, backbone.blocks.15.mlp.experts.4.weight, backbone.blocks.15.mlp.experts.4.bias, backbone.blocks.15.mlp.experts.5.weight, backbone.blocks.15.mlp.experts.5.bias, backbone.blocks.16.mlp.experts.0.weight, backbone.blocks.16.mlp.experts.0.bias, backbone.blocks.16.mlp.experts.1.weight, backbone.blocks.16.mlp.experts.1.bias, backbone.blocks.16.mlp.experts.2.weight, backbone.blocks.16.mlp.experts.2.bias, backbone.blocks.16.mlp.experts.3.weight, backbone.blocks.16.mlp.experts.3.bias, backbone.blocks.16.mlp.experts.4.weight, backbone.blocks.16.mlp.experts.4.bias, backbone.blocks.16.mlp.experts.5.weight, backbone.blocks.16.mlp.experts.5.bias, backbone.blocks.17.mlp.experts.0.weight, backbone.blocks.17.mlp.experts.0.bias, backbone.blocks.17.mlp.experts.1.weight, backbone.blocks.17.mlp.experts.1.bias, backbone.blocks.17.mlp.experts.2.weight, backbone.blocks.17.mlp.experts.2.bias, backbone.blocks.17.mlp.experts.3.weight, backbone.blocks.17.mlp.experts.3.bias, backbone.blocks.17.mlp.experts.4.weight, backbone.blocks.17.mlp.experts.4.bias, backbone.blocks.17.mlp.experts.5.weight, backbone.blocks.17.mlp.experts.5.bias, backbone.blocks.18.mlp.experts.0.weight, backbone.blocks.18.mlp.experts.0.bias, backbone.blocks.18.mlp.experts.1.weight, backbone.blocks.18.mlp.experts.1.bias, backbone.blocks.18.mlp.experts.2.weight, backbone.blocks.18.mlp.experts.2.bias, backbone.blocks.18.mlp.experts.3.weight, backbone.blocks.18.mlp.experts.3.bias, backbone.blocks.18.mlp.experts.4.weight, backbone.blocks.18.mlp.experts.4.bias, backbone.blocks.18.mlp.experts.5.weight, backbone.blocks.18.mlp.experts.5.bias, backbone.blocks.19.mlp.experts.0.weight, backbone.blocks.19.mlp.experts.0.bias, backbone.blocks.19.mlp.experts.1.weight, backbone.blocks.19.mlp.experts.1.bias, backbone.blocks.19.mlp.experts.2.weight, backbone.blocks.19.mlp.experts.2.bias, backbone.blocks.19.mlp.experts.3.weight, backbone.blocks.19.mlp.experts.3.bias, backbone.blocks.19.mlp.experts.4.weight, backbone.blocks.19.mlp.experts.4.bias, backbone.blocks.19.mlp.experts.5.weight, backbone.blocks.19.mlp.experts.5.bias, backbone.blocks.20.mlp.experts.0.weight, backbone.blocks.20.mlp.experts.0.bias, backbone.blocks.20.mlp.experts.1.weight, backbone.blocks.20.mlp.experts.1.bias, backbone.blocks.20.mlp.experts.2.weight, backbone.blocks.20.mlp.experts.2.bias, backbone.blocks.20.mlp.experts.3.weight, backbone.blocks.20.mlp.experts.3.bias, backbone.blocks.20.mlp.experts.4.weight, backbone.blocks.20.mlp.experts.4.bias, backbone.blocks.20.mlp.experts.5.weight, backbone.blocks.20.mlp.experts.5.bias, backbone.blocks.21.mlp.experts.0.weight, backbone.blocks.21.mlp.experts.0.bias, backbone.blocks.21.mlp.experts.1.weight, backbone.blocks.21.mlp.experts.1.bias, backbone.blocks.21.mlp.experts.2.weight, backbone.blocks.21.mlp.experts.2.bias, backbone.blocks.21.mlp.experts.3.weight, backbone.blocks.21.mlp.experts.3.bias, backbone.blocks.21.mlp.experts.4.weight, backbone.blocks.21.mlp.experts.4.bias, backbone.blocks.21.mlp.experts.5.weight, backbone.blocks.21.mlp.experts.5.bias, backbone.blocks.22.mlp.experts.0.weight, backbone.blocks.22.mlp.experts.0.bias, backbone.blocks.22.mlp.experts.1.weight, backbone.blocks.22.mlp.experts.1.bias, backbone.blocks.22.mlp.experts.2.weight, backbone.blocks.22.mlp.experts.2.bias, backbone.blocks.22.mlp.experts.3.weight, backbone.blocks.22.mlp.experts.3.bias, backbone.blocks.22.mlp.experts.4.weight, backbone.blocks.22.mlp.experts.4.bias, backbone.blocks.22.mlp.experts.5.weight, backbone.blocks.22.mlp.experts.5.bias, backbone.blocks.23.mlp.experts.0.weight, backbone.blocks.23.mlp.experts.0.bias, backbone.blocks.23.mlp.experts.1.weight, backbone.blocks.23.mlp.experts.1.bias, backbone.blocks.23.mlp.experts.2.weight, backbone.blocks.23.mlp.experts.2.bias, backbone.blocks.23.mlp.experts.3.weight, backbone.blocks.23.mlp.experts.3.bias, backbone.blocks.23.mlp.experts.4.weight, backbone.blocks.23.mlp.experts.4.bias, backbone.blocks.23.mlp.experts.5.weight, backbone.blocks.23.mlp.experts.5.bias, backbone.blocks.24.mlp.experts.0.weight, backbone.blocks.24.mlp.experts.0.bias, backbone.blocks.24.mlp.experts.1.weight, backbone.blocks.24.mlp.experts.1.bias, backbone.blocks.24.mlp.experts.2.weight, backbone.blocks.24.mlp.experts.2.bias, backbone.blocks.24.mlp.experts.3.weight, backbone.blocks.24.mlp.experts.3.bias, backbone.blocks.24.mlp.experts.4.weight, backbone.blocks.24.mlp.experts.4.bias, backbone.blocks.24.mlp.experts.5.weight, backbone.blocks.24.mlp.experts.5.bias, backbone.blocks.25.mlp.experts.0.weight, backbone.blocks.25.mlp.experts.0.bias, backbone.blocks.25.mlp.experts.1.weight, backbone.blocks.25.mlp.experts.1.bias, backbone.blocks.25.mlp.experts.2.weight, backbone.blocks.25.mlp.experts.2.bias, backbone.blocks.25.mlp.experts.3.weight, backbone.blocks.25.mlp.experts.3.bias, backbone.blocks.25.mlp.experts.4.weight, backbone.blocks.25.mlp.experts.4.bias, backbone.blocks.25.mlp.experts.5.weight, backbone.blocks.25.mlp.experts.5.bias, backbone.blocks.26.mlp.experts.0.weight, backbone.blocks.26.mlp.experts.0.bias, backbone.blocks.26.mlp.experts.1.weight, backbone.blocks.26.mlp.experts.1.bias, backbone.blocks.26.mlp.experts.2.weight, backbone.blocks.26.mlp.experts.2.bias, backbone.blocks.26.mlp.experts.3.weight, backbone.blocks.26.mlp.experts.3.bias, backbone.blocks.26.mlp.experts.4.weight, backbone.blocks.26.mlp.experts.4.bias, backbone.blocks.26.mlp.experts.5.weight, backbone.blocks.26.mlp.experts.5.bias, backbone.blocks.27.mlp.experts.0.weight, backbone.blocks.27.mlp.experts.0.bias, backbone.blocks.27.mlp.experts.1.weight, backbone.blocks.27.mlp.experts.1.bias, backbone.blocks.27.mlp.experts.2.weight, backbone.blocks.27.mlp.experts.2.bias, backbone.blocks.27.mlp.experts.3.weight, backbone.blocks.27.mlp.experts.3.bias, backbone.blocks.27.mlp.experts.4.weight, backbone.blocks.27.mlp.experts.4.bias, backbone.blocks.27.mlp.experts.5.weight, backbone.blocks.27.mlp.experts.5.bias, backbone.blocks.28.mlp.experts.0.weight, backbone.blocks.28.mlp.experts.0.bias, backbone.blocks.28.mlp.experts.1.weight, backbone.blocks.28.mlp.experts.1.bias, backbone.blocks.28.mlp.experts.2.weight, backbone.blocks.28.mlp.experts.2.bias, backbone.blocks.28.mlp.experts.3.weight, backbone.blocks.28.mlp.experts.3.bias, backbone.blocks.28.mlp.experts.4.weight, backbone.blocks.28.mlp.experts.4.bias, backbone.blocks.28.mlp.experts.5.weight, backbone.blocks.28.mlp.experts.5.bias, backbone.blocks.29.mlp.experts.0.weight, backbone.blocks.29.mlp.experts.0.bias, backbone.blocks.29.mlp.experts.1.weight, backbone.blocks.29.mlp.experts.1.bias, backbone.blocks.29.mlp.experts.2.weight, backbone.blocks.29.mlp.experts.2.bias, backbone.blocks.29.mlp.experts.3.weight, backbone.blocks.29.mlp.experts.3.bias, backbone.blocks.29.mlp.experts.4.weight, backbone.blocks.29.mlp.experts.4.bias, backbone.blocks.29.mlp.experts.5.weight, backbone.blocks.29.mlp.experts.5.bias, backbone.blocks.30.mlp.experts.0.weight, backbone.blocks.30.mlp.experts.0.bias, backbone.blocks.30.mlp.experts.1.weight, backbone.blocks.30.mlp.experts.1.bias, backbone.blocks.30.mlp.experts.2.weight, backbone.blocks.30.mlp.experts.2.bias, backbone.blocks.30.mlp.experts.3.weight, backbone.blocks.30.mlp.experts.3.bias, backbone.blocks.30.mlp.experts.4.weight, backbone.blocks.30.mlp.experts.4.bias, backbone.blocks.30.mlp.experts.5.weight, backbone.blocks.30.mlp.experts.5.bias, backbone.blocks.31.mlp.experts.0.weight, backbone.blocks.31.mlp.experts.0.bias, backbone.blocks.31.mlp.experts.1.weight, backbone.blocks.31.mlp.experts.1.bias, backbone.blocks.31.mlp.experts.2.weight, backbone.blocks.31.mlp.experts.2.bias, backbone.blocks.31.mlp.experts.3.weight, backbone.blocks.31.mlp.experts.3.bias, backbone.blocks.31.mlp.experts.4.weight, backbone.blocks.31.mlp.experts.4.bias, backbone.blocks.31.mlp.experts.5.weight, backbone.blocks.31.mlp.experts.5.bias

start iteration.
  0%|                                                  | 0/519 [00:00<?, ?it/s]  0%|                                                  | 0/519 [00:17<?, ?it/s]
Traceback (most recent call last):
  File "/scratch/mthakur/manifold/models/dyn-hamr/third-party/hamer/run.py", line 972, in <module>
    main()
  File "/scratch/mthakur/manifold/models/dyn-hamr/third-party/hamer/run.py", line 493, in main
    det_out = detector(img_cv2)
  File "/scratch/mthakur/manifold/models/dyn-hamr/third-party/hamer/hamer/utils/utils_detectron2.py", line 92, in __call__
    predictions = self.model([inputs])[0]
  File "/usr/local/lib/python3.10/dist-packages/torch/nn/modules/module.py", line 1190, in _call_impl
    return forward_call(*input, **kwargs)
  File "/usr/local/lib/python3.10/dist-packages/detectron2/modeling/meta_arch/rcnn.py", line 150, in forward
    return self.inference(batched_inputs)
  File "/usr/local/lib/python3.10/dist-packages/detectron2/modeling/meta_arch/rcnn.py", line 204, in inference
    features = self.backbone(images.tensor)
  File "/usr/local/lib/python3.10/dist-packages/torch/nn/modules/module.py", line 1190, in _call_impl
    return forward_call(*input, **kwargs)
  File "/usr/local/lib/python3.10/dist-packages/detectron2/modeling/backbone/vit.py", line 489, in forward
    bottom_up_features = self.net(x)
  File "/usr/local/lib/python3.10/dist-packages/torch/nn/modules/module.py", line 1190, in _call_impl
    return forward_call(*input, **kwargs)
  File "/usr/local/lib/python3.10/dist-packages/detectron2/modeling/backbone/vit.py", line 357, in forward
    x = blk(x)
  File "/usr/local/lib/python3.10/dist-packages/torch/nn/modules/module.py", line 1190, in _call_impl
    return forward_call(*input, **kwargs)
  File "/usr/local/lib/python3.10/dist-packages/detectron2/modeling/backbone/vit.py", line 218, in forward
    x = self.attn(x)
  File "/usr/local/lib/python3.10/dist-packages/torch/nn/modules/module.py", line 1190, in _call_impl
    return forward_call(*input, **kwargs)
  File "/usr/local/lib/python3.10/dist-packages/detectron2/modeling/backbone/vit.py", line 72, in forward
    attn = (q * self.scale) @ k.transpose(-2, -1)
torch.cuda.OutOfMemoryError: CUDA out of memory. Tried to allocate 1024.00 MiB (GPU 0; 9.50 GiB total capacity; 7.78 GiB already allocated; 881.94 MiB free; 7.96 GiB reserved in total by PyTorch) If reserved memory is >> allocated memory try setting max_split_size_mb to avoid fragmentation.  See documentation for Memory Management and PYTORCH_CUDA_ALLOC_CONF
rename /scratch/mthakur/manifold/data/dynhamr/hamer_out/clip_2/results/demo_clip_2.pkl into  /scratch/mthakur/manifold/data/dynhamr/hamer_out/clip_2/clip_2.pkl
Error executing job with overrides: ['data=video', 'run_opt=True', 'run_vis=True', 'data.root=/scratch/mthakur/manifold/data', 'data.video_dir=images', 'data.seq=clip_2', 'data.ext=mp4', 'data.src_path=/scratch/mthakur/manifold/data/images/clip_2.mp4', 'is_static=False', 'log_root=outputs/logs']
Traceback (most recent call last):
  File "/scratch/mthakur/manifold/models/dyn-hamr/dyn-hamr/run_opt.py", line 207, in <module>
    main()
  File "/usr/local/lib/python3.10/dist-packages/hydra/main.py", line 94, in decorated_main
    _run_hydra(
  File "/usr/local/lib/python3.10/dist-packages/hydra/_internal/utils.py", line 394, in _run_hydra
    _run_app(
  File "/usr/local/lib/python3.10/dist-packages/hydra/_internal/utils.py", line 457, in _run_app
    run_and_report(
  File "/usr/local/lib/python3.10/dist-packages/hydra/_internal/utils.py", line 223, in run_and_report
    raise ex
  File "/usr/local/lib/python3.10/dist-packages/hydra/_internal/utils.py", line 220, in run_and_report
    return func()
  File "/usr/local/lib/python3.10/dist-packages/hydra/_internal/utils.py", line 458, in <lambda>
    lambda: hydra.run(
  File "/usr/local/lib/python3.10/dist-packages/hydra/_internal/hydra.py", line 132, in run
    _ = ret.return_value
  File "/usr/local/lib/python3.10/dist-packages/hydra/core/utils.py", line 260, in return_value
    raise self._return_value
  File "/usr/local/lib/python3.10/dist-packages/hydra/core/utils.py", line 186, in run_job
    ret.return_value = task_function(task_cfg)
  File "/scratch/mthakur/manifold/models/dyn-hamr/dyn-hamr/run_opt.py", line 190, in main
    dataset = get_dataset_from_cfg(cfg)
  File "/scratch/mthakur/manifold/models/dyn-hamr/dyn-hamr/data/dataset.py", line 45, in get_dataset_from_cfg
    check_data_sources(args, cfg)
  File "/scratch/mthakur/manifold/models/dyn-hamr/dyn-hamr/data/dataset.py", line 80, in check_data_sources
    preprocess_tracks(cfg.datatype, args.sources.images, args.sources.tracks, args.sources.shots, gpu=cfg.gpu)
  File "/scratch/mthakur/manifold/models/dyn-hamr/dyn-hamr/data/vidproc.py", line 41, in preprocess_tracks
    hamer.process_seq(
  File "/scratch/mthakur/manifold/models/dyn-hamr/dyn-hamr/preproc/launch_hamer.py", line 68, in process_seq
    raise FileNotFoundError(
FileNotFoundError: HaMeR did not produce /scratch/mthakur/manifold/data/dynhamr/hamer_out/clip_2/results/demo_clip_2.pkl. HaMeR exit code=1. Check the HaMeR traceback above. If network is blocked, set HAMER_DETECTRON2_CKPT to a local model_final_f05665.pkl path.
srun: error: gpu020: task 0: Exited with exit code 1
srun: launch/slurm: _step_signal: Terminating StepId=9301010.0
===============================================
Job finished at: Thu Mar  5 19:02:05 CET 2026
Execution took 0.04 hours
Writing output to SLURM_logs/example_114.out
===============================================
