
Lmod is automatically replacing "2023r1-gcc11" with "2024r1".


Inactive Modules:
  1) openmpi/4.1.4     2) python/3.10.8

Due to MODULEPATH changes, the following have been reloaded:
  1) gcc/11.3.0     2) ninja/1.11.1


Activating Modules:
  1) openmpi/4.1.6


Activating Modules:
  1) python/3.10.13

Activated environment: /scratch/mthakur/Dyn-HaMR/.dynhamr
Python version:
Python 3.10.13
Loaded modules:

Currently Loaded Modules:
  1) slurm/current    4) 2024r1         7) openmpi/4.1.6
  2) DefaultModules   5) ninja/1.11.1   8) python/3.10.13
  3) gcc/11.3.0       6) cuda/11.7      9) py-pip/23.1.2

 

================ SLURM JOB INFO ================
Job ID:         8584428
Job Name:       example
Partition:      gpu-a100-small
Node List:      gpu020
CPUs per task:  2
GPUs per task:  1
Submit dir:     /scratch/mthakur/Dyn-HaMR
Work dir:       /scratch/mthakur/Dyn-HaMR
Job started at: Tue Nov 11 15:38:08 CET 2025
===============================================
/scratch/mthakur/Dyn-HaMR
Traceback (most recent call last):
  File "/scratch/mthakur/Dyn-HaMR/dyn-hamr/run_opt.py", line 51, in <module>
    from HMP.fitting import run_prior
  File "/scratch/mthakur/Dyn-HaMR/dyn-hamr/HMP/fitting.py", line 46, in <module>
    bmc = BMCLoss(lambda_bl=1, lambda_rb=1, lambda_a=1)
  File "/scratch/mthakur/Dyn-HaMR/dyn-hamr/HMP/fitting_utils.py", line 938, in __init__
    self.bone_len_max = np.load(os.path.join(self.lp, "bone_len_max.npy"))
  File "/scratch/mthakur/Dyn-HaMR/.dynhamr/lib/python3.10/site-packages/numpy/lib/npyio.py", line 405, in load
    fid = stack.enter_context(open(os_fspath(file), "rb"))
FileNotFoundError: [Errno 2] No such file or directory: '/scratch/mthakur/Dyn-HaMR/dyn-hamr/HMP/../../_DATA/BMC/bone_len_max.npy'
===============================================
Job finished at: Tue Nov 11 15:39:17 CET 2025
Writing output to SLURM_logs/example_013.out
===============================================
