
The following have been reloaded with a version change:
  1) python/3.10.12 => python/3.10.13

Activated environment: /scratch/mthakur/Dyn-HaMR/.dynhamr
Python version:
Python 3.10.13
Loaded modules:

Currently Loaded Modules:
  1) slurm/current    3) gcc/11.3.0   5) cuda/11.7       7) python/3.10.13
  2) DefaultModules   4) 2024r1       6) openmpi/4.1.6   8) py-pip/23.1.2

 

================ SLURM JOB INFO ================
Job ID:         8582124
Job Name:       example
Partition:      gpu-a100-small
Node List:      gpu020
CPUs per task:  2
GPUs per task:  1
Submit dir:     /scratch/mthakur/Dyn-HaMR
Work dir:       /scratch/mthakur/Dyn-HaMR
Job started at: Mon Nov 10 23:30:18 CET 2025
===============================================
/scratch/mthakur/Dyn-HaMR/.dynhamr/lib/python3.10/site-packages/trimesh/grouping.py:15: UserWarning: A NumPy version >=1.23.5 and <2.5.0 is required for this version of SciPy (detected version 1.22.4)
  from scipy.spatial import cKDTree
Traceback (most recent call last):
  File "/scratch/mthakur/Dyn-HaMR/dyn-hamr/run_opt.py", line 15, in <module>
    from optim.base_scene import BaseSceneModel
  File "/scratch/mthakur/Dyn-HaMR/dyn-hamr/optim/base_scene.py", line 18, in <module>
    import mano
ModuleNotFoundError: No module named 'mano'
===============================================
Job finished at: Mon Nov 10 23:34:05 CET 2025
Writing output to SLURM_logs/example_003.out
===============================================
