Activated environment: /scratch/mthakur/Dyn-HaMR/.dynhamr
Python version:
/cm/local/apps/slurm/var/spool/job8593871/slurm_script: line 51: .dynhamr/bin/python3.10: No such file or directory
Python 3.6.8
Python 3.6.8
Loaded modules:

Currently Loaded Modules:
  1) slurm/current    3) gcc/11.3.0   5) cuda/11.7       7) python/3.10.13
  2) DefaultModules   4) 2024r1       6) openmpi/4.1.6   8) py-pip/23.1.2

 

================ SLURM JOB INFO ================
Job ID:         8593871
Job Name:       example
Partition:      gpu-a100-small
Node List:      gpu020
CPUs per task:  2
Memory per CPU: 
GPUs per task:  1
Memory per GPU: 10240
Submit dir:     /scratch/mthakur/Dyn-HaMR
Work dir:       /scratch/mthakur/Dyn-HaMR
Job started at: Fri Nov 14 12:10:09 CET 2025
===============================================
/cm/local/apps/slurm/var/spool/job8593871/slurm_script: line 75: .dynhamr/bin/python3.10: No such file or directory
===============================================
Job finished at: Fri Nov 14 12:10:09 CET 2025
Writing output to SLURM_logs/example_034.out
===============================================
