Activated environment: /scratch/mthakur/Dyn-HaMR/.dynhamr
Python version:
Python 3.6.8
Loaded modules:

Currently Loaded Modules:
  1) slurm/current    3) gcc/11.3.0   5) cuda/11.7       7) python/3.10.13
  2) DefaultModules   4) 2024r1       6) openmpi/4.1.6   8) py-pip/23.1.2

 

================ SLURM JOB INFO ================
Job ID:         8583311
Job Name:       example
Partition:      gpu-a100-small
Node List:      gpu020
CPUs per task:  2
GPUs per task:  1
Submit dir:     /scratch/mthakur/Dyn-HaMR
Work dir:       /scratch/mthakur/Dyn-HaMR
Job started at: Tue Nov 11 12:01:26 CET 2025
===============================================
Traceback (most recent call last):
  File "dyn-hamr/run_opt.py", line 6, in <module>
    import numpy as np
ModuleNotFoundError: No module named 'numpy'
===============================================
Job finished at: Tue Nov 11 12:01:26 CET 2025
Writing output to SLURM_logs/example_008.out
===============================================
