
Inactive Modules:
  1) python/3.10.12


Activating Modules:
  1) python/3.10.13

[venv] Adjusting Python3.10 symlinks for this node...
Activated environment: /scratch/mthakur/Dyn-HaMR/.dynhamr
Python version:
Python 3.10.13
Loaded modules:

Currently Loaded Modules:
  1) slurm/current    3) gcc/11.3.0   5) cuda/11.7       7) python/3.10.13
  2) DefaultModules   4) 2024r1       6) openmpi/4.1.6   8) py-pip/23.1.2

 

================ SLURM JOB INFO ================
Job ID:         8594034
Job Name:       example
Partition:      gpu-a100-small
Node List:      gpu020
CPUs per task:  2
Memory per CPU: 
GPUs per task:  1
Memory per GPU: 10240
Submit dir:     /scratch/mthakur/Dyn-HaMR
Work dir:       /scratch/mthakur/Dyn-HaMR
Job started at: Fri Nov 14 13:01:29 CET 2025
===============================================
/scratch/mthakur/Dyn-HaMR
PROJ SRC /scratch/mthakur/Dyn-HaMR
DROID SRC /scratch/mthakur/Dyn-HaMR/third-party/DROID-SLAM
Traceback (most recent call last):
  File "/scratch/mthakur/Dyn-HaMR/dyn-hamr/preproc/run_slam.py", line 16, in <module>
    from tqdm import tqdm
ModuleNotFoundError: No module named 'tqdm'
run_opt.py:  {'data': {'type': 'video', 'split': 'custom', 'root': '/scratch/mthakur/Dyn-HaMR/test', 'video_dir': 'videos', 'seq': 'demo1', 'ext': 'mp4', 'src_path': '${data.root}/${data.video_dir}/${data.seq}.${data.ext}', 'frame_opts': {'ext': 'jpg', 'fps': 25, 'start_sec': 0, 'end_sec': -1}, 'use_cams': True, 'track_ids': 'all', 'shot_idx': 0, 'start_idx': 0, 'end_idx': 500, 'split_cameras': True, 'name': '${data.seq}-${data.track_ids}-shot-${data.shot_idx}-${data.start_idx}-${data.end_idx}', 'sources': {'images': '${data.root}/images/${data.seq}', 'cameras': '${data.root}/dynhamr/cameras/${data.seq}/shot-${data.shot_idx}', 'tracks': '${data.root}/dynhamr/track_preds/${data.seq}', 'shots': '${data.root}/dynhamr/shot_idcs/${data.seq}.json'}}, 'optim': {'options': {'robust_loss_type': 'bisquare', 'robust_tuning_const': 4.6851, 'joints2d_sigma': 100.0, 'lr': 1.0, 'lbfgs_max_iter': 20, 'save_every': 20, 'vis_every': -1, 'max_chunk_steps': 20, 'save_meshes': False}, 'root': {'num_iters': 30}, 'smpl': {'num_iters': 0}, 'smooth': {'opt_scale': False, 'num_iters': 60}, 'motion_chunks': {'chunk_size': 10, 'init_steps': 20, 'chunk_steps': 20, 'opt_cams': True}, 'loss_weights': {'penetration': [0, 0, 0], 'joints2d': [0.001, 0.001, 0.001], 'bg2d': [0.0, 0.0, 0.0], 'cam_R_smooth': [0.0, 0.0, 0.0], 'cam_t_smooth': [0.0, 0.0, 0.0], 'bio': [10, 10, 10], 'joints3d': [0.0, 0.0, 0.0], 'joints3d_smooth': [1.0, 10.0, 0.0], 'joints3d_rollout': [0.0, 0.0, 0.0], 'verts3d': [0.0, 0.0, 0.0], 'points3d': [0.0, 0.0, 0.0], 'pose_prior': [0.04, 0.04, 0.04], 'shape_prior': [0.05, 0.05, 0.05], 'motion_prior': [0.0, 0.0, 0.075], 'init_motion_prior': [0.0, 0.0, 0.075], 'joint_consistency': [0.0, 0.0, 100.0], 'bone_length': [0.0, 2000.0, 2000.0]}}, 'model': {'use_init': True, 'opt_cams': False, 'opt_scale': True, 'async_tracks': True}, 'overwrite': False, 'run_opt': True, 'run_vis': True, 'run_prior': False, 'datatype': '${data.video_dir}', 'vis': {'phases': ['smooth_fit', 'prior'], 'render_views': ['above', 'side', 'front'], 'make_grid': True, 'overwrite': False}, 'MANO': {'MODEL_PATH': '${paths.DATA_DIR}/mano', 'GENDER': 'neutral', 'NUM_HAND_JOINTS': 15, 'MEAN_PARAMS': '${paths.DATA_DIR}/mano_mean_params.npz', 'CREATE_BODY_POSE': False}, 'paths': {'base_dir': 'None', 'DATA_DIR': '_DATA/data/', 'vposer': 'VPoser/pretrained/Vposer_right_mirrored'}, 'HMP': {'config': 'hmp_config.yaml', 'use_hposer': False, 'vid_path': '${data.root}/video/${data.seq}.mp4', 'exp_name': 'None'}, 'fps': 30, 'log_root': '../outputs/logs', 'log_dir': '${log_root}/${data.type}-${data.split}', 'exp_name': '${now:%Y-%m-%d}', 'temporal_smooth': True, 'gpu': 0, 'is_static': True}
out_dir /scratch/mthakur/outputs/logs/video-custom/2025-11-14/demo1-all-shot-0-0-500
init SOURCES {'images': '${data.root}/images/${data.seq}', 'cameras': '${data.root}/dynhamr/cameras/${data.seq}/shot-${data.shot_idx}', 'tracks': '${data.root}/dynhamr/track_preds/${data.seq}', 'shots': '${data.root}/dynhamr/shot_idcs/${data.seq}.json'}
/scratch/mthakur/Dyn-HaMR/test/dynhamr/cameras/demo1/shot-0 does not exist
SOURCES {'images': '/scratch/mthakur/Dyn-HaMR/test/images/demo1', 'cameras': '/scratch/mthakur/Dyn-HaMR/test/dynhamr/cameras/demo1/shot-0', 'tracks': '/scratch/mthakur/Dyn-HaMR/test/dynhamr/track_preds/demo1', 'shots': '/scratch/mthakur/Dyn-HaMR/test/dynhamr/shot_idcs/demo1.json'}
/scratch/mthakur/Dyn-HaMR/test/dynhamr/cameras/demo1/shot-0 does not exist
DATA SOURCES {'images': '/scratch/mthakur/Dyn-HaMR/test/images/demo1', 'cameras': '/scratch/mthakur/Dyn-HaMR/test/dynhamr/cameras/demo1/shot-0', 'tracks': '/scratch/mthakur/Dyn-HaMR/test/dynhamr/track_preds/demo1', 'shots': '/scratch/mthakur/Dyn-HaMR/test/dynhamr/shot_idcs/demo1.json'}

FOUND 671 FRAMES in /scratch/mthakur/Dyn-HaMR/test/images/demo1
FOUND TRACKS IN /scratch/mthakur/Dyn-HaMR/test/dynhamr/track_preds/demo1
RUNNING SLAM ON demo1
[0] 0 (array([0]),) /scratch/mthakur/Dyn-HaMR/test/images/demo1 /scratch/mthakur/Dyn-HaMR/test/dynhamr/shot_idcs/demo1.json
[(0, 671)]
img_dir, map_dir, start, end, intrins_path /scratch/mthakur/Dyn-HaMR/test/images/demo1 /scratch/mthakur/Dyn-HaMR/test/dynhamr/cameras/demo1/shot-0 0 671 None
python /scratch/mthakur/Dyn-HaMR/dyn-hamr/preproc/run_slam.py -i /scratch/mthakur/Dyn-HaMR/test/images/demo1 --map_dir /scratch/mthakur/Dyn-HaMR/test/dynhamr/cameras/demo1/shot-0 --disable_vis --end 671
Error executing job with overrides: ['data=video', 'run_opt=True', 'data.seq=demo1', 'is_static=True']
Traceback (most recent call last):
  File "/scratch/mthakur/Dyn-HaMR/dyn-hamr/run_opt.py", line 206, in <module>
    main()
  File "/scratch/mthakur/Dyn-HaMR/.dynhamr/lib/python3.10/site-packages/hydra/main.py", line 94, in decorated_main
    _run_hydra(
  File "/scratch/mthakur/Dyn-HaMR/.dynhamr/lib/python3.10/site-packages/hydra/_internal/utils.py", line 394, in _run_hydra
    _run_app(
  File "/scratch/mthakur/Dyn-HaMR/.dynhamr/lib/python3.10/site-packages/hydra/_internal/utils.py", line 457, in _run_app
    run_and_report(
  File "/scratch/mthakur/Dyn-HaMR/.dynhamr/lib/python3.10/site-packages/hydra/_internal/utils.py", line 223, in run_and_report
    raise ex
  File "/scratch/mthakur/Dyn-HaMR/.dynhamr/lib/python3.10/site-packages/hydra/_internal/utils.py", line 220, in run_and_report
    return func()
  File "/scratch/mthakur/Dyn-HaMR/.dynhamr/lib/python3.10/site-packages/hydra/_internal/utils.py", line 458, in <lambda>
    lambda: hydra.run(
  File "/scratch/mthakur/Dyn-HaMR/.dynhamr/lib/python3.10/site-packages/hydra/_internal/hydra.py", line 132, in run
    _ = ret.return_value
  File "/scratch/mthakur/Dyn-HaMR/.dynhamr/lib/python3.10/site-packages/hydra/core/utils.py", line 260, in return_value
    raise self._return_value
  File "/scratch/mthakur/Dyn-HaMR/.dynhamr/lib/python3.10/site-packages/hydra/core/utils.py", line 186, in run_job
    ret.return_value = task_function(task_cfg)
  File "/scratch/mthakur/Dyn-HaMR/dyn-hamr/run_opt.py", line 189, in main
    dataset = get_dataset_from_cfg(cfg)
  File "/scratch/mthakur/Dyn-HaMR/dyn-hamr/data/dataset.py", line 45, in get_dataset_from_cfg
    check_data_sources(args, cfg)
  File "/scratch/mthakur/Dyn-HaMR/dyn-hamr/data/dataset.py", line 82, in check_data_sources
    preprocess_cameras(args, overwrite=args.get("overwrite_cams", False))
  File "/scratch/mthakur/Dyn-HaMR/dyn-hamr/data/vidproc.py", line 88, in preprocess_cameras
    assert out == 0, "SLAM FAILED"
AssertionError: SLAM FAILED
===============================================
Job finished at: Fri Nov 14 13:02:49 CET 2025
Writing output to SLURM_logs/example_037.out
===============================================
