
Lmod is automatically replacing "2023r1-gcc11" with "2024r1".


Inactive Modules:
  1) openmpi/4.1.4     2) python/3.10.8

Due to MODULEPATH changes, the following have been reloaded:
  1) gcc/11.3.0     2) ninja/1.11.1


Activating Modules:
  1) openmpi/4.1.6


Activating Modules:
  1) python/3.10.13

Activated environment: /scratch/mthakur/Dyn-HaMR/.dynhamr
Python version:
Python 3.10.13
Loaded modules:

Currently Loaded Modules:
  1) slurm/current    4) 2024r1         7) openmpi/4.1.6
  2) DefaultModules   5) ninja/1.11.1   8) python/3.10.13
  3) gcc/11.3.0       6) cuda/11.7      9) py-pip/23.1.2

 

================ SLURM JOB INFO ================
Job ID:         8584441
Job Name:       example
Partition:      gpu-a100-small
Node List:      gpu020
CPUs per task:  2
GPUs per task:  1
Submit dir:     /scratch/mthakur/Dyn-HaMR
Work dir:       /scratch/mthakur/Dyn-HaMR
Job started at: Tue Nov 11 15:41:55 CET 2025
===============================================
/scratch/mthakur/Dyn-HaMR
run_opt.py:  {'data': {'type': 'video', 'split': 'custom', 'root': '/data/home/zy3023/code/hand/Dyn-HaMR/test', 'video_dir': 'videos', 'seq': 'demo1', 'ext': 'mp4', 'src_path': '${data.root}/${data.video_dir}/${data.seq}.${data.ext}', 'frame_opts': {'ext': 'jpg', 'fps': 25, 'start_sec': 0, 'end_sec': -1}, 'use_cams': True, 'track_ids': 'all', 'shot_idx': 0, 'start_idx': 0, 'end_idx': 500, 'split_cameras': True, 'name': '${data.seq}-${data.track_ids}-shot-${data.shot_idx}-${data.start_idx}-${data.end_idx}', 'sources': {'images': '${data.root}/images/${data.seq}', 'cameras': '${data.root}/dynhamr/cameras/${data.seq}/shot-${data.shot_idx}', 'tracks': '${data.root}/dynhamr/track_preds/${data.seq}', 'shots': '${data.root}/dynhamr/shot_idcs/${data.seq}.json'}}, 'optim': {'options': {'robust_loss_type': 'bisquare', 'robust_tuning_const': 4.6851, 'joints2d_sigma': 100.0, 'lr': 1.0, 'lbfgs_max_iter': 20, 'save_every': 20, 'vis_every': -1, 'max_chunk_steps': 20, 'save_meshes': False}, 'root': {'num_iters': 30}, 'smpl': {'num_iters': 0}, 'smooth': {'opt_scale': False, 'num_iters': 60}, 'motion_chunks': {'chunk_size': 10, 'init_steps': 20, 'chunk_steps': 20, 'opt_cams': True}, 'loss_weights': {'penetration': [0, 0, 0], 'joints2d': [0.001, 0.001, 0.001], 'bg2d': [0.0, 0.0, 0.0], 'cam_R_smooth': [0.0, 0.0, 0.0], 'cam_t_smooth': [0.0, 0.0, 0.0], 'bio': [10, 10, 10], 'joints3d': [0.0, 0.0, 0.0], 'joints3d_smooth': [1.0, 10.0, 0.0], 'joints3d_rollout': [0.0, 0.0, 0.0], 'verts3d': [0.0, 0.0, 0.0], 'points3d': [0.0, 0.0, 0.0], 'pose_prior': [0.04, 0.04, 0.04], 'shape_prior': [0.05, 0.05, 0.05], 'motion_prior': [0.0, 0.0, 0.075], 'init_motion_prior': [0.0, 0.0, 0.075], 'joint_consistency': [0.0, 0.0, 100.0], 'bone_length': [0.0, 2000.0, 2000.0]}}, 'model': {'use_init': True, 'opt_cams': False, 'opt_scale': True, 'async_tracks': True}, 'overwrite': False, 'run_opt': True, 'run_vis': True, 'run_prior': False, 'datatype': '${data.video_dir}', 'vis': {'phases': ['smooth_fit', 'prior'], 'render_views': ['above', 'side', 'front'], 'make_grid': True, 'overwrite': False}, 'MANO': {'MODEL_PATH': '${paths.DATA_DIR}/mano', 'GENDER': 'neutral', 'NUM_HAND_JOINTS': 15, 'MEAN_PARAMS': '${paths.DATA_DIR}/mano_mean_params.npz', 'CREATE_BODY_POSE': False}, 'paths': {'base_dir': 'None', 'DATA_DIR': '_DATA/data/', 'vposer': 'VPoser/pretrained/Vposer_right_mirrored'}, 'HMP': {'config': 'hmp_config.yaml', 'use_hposer': False, 'vid_path': '${data.root}/video/${data.seq}.mp4', 'exp_name': 'None'}, 'fps': 30, 'log_root': '../outputs/logs', 'log_dir': '${log_root}/${data.type}-${data.split}', 'exp_name': '${now:%Y-%m-%d}', 'temporal_smooth': True, 'gpu': 0, 'is_static': True}
out_dir /scratch/mthakur/outputs/logs/video-custom/2025-11-11/demo1-all-shot-0-0-500
init SOURCES {'images': '${data.root}/images/${data.seq}', 'cameras': '${data.root}/dynhamr/cameras/${data.seq}/shot-${data.shot_idx}', 'tracks': '${data.root}/dynhamr/track_preds/${data.seq}', 'shots': '${data.root}/dynhamr/shot_idcs/${data.seq}.json'}
/data/home/zy3023/code/hand/Dyn-HaMR/test/images/demo1 does not exist
/data/home/zy3023/code/hand/Dyn-HaMR/test/dynhamr/cameras/demo1/shot-0 does not exist
/data/home/zy3023/code/hand/Dyn-HaMR/test/dynhamr/track_preds/demo1 does not exist
/data/home/zy3023/code/hand/Dyn-HaMR/test/dynhamr/shot_idcs/demo1.json does not exist
SOURCES {'images': '/data/home/zy3023/code/hand/Dyn-HaMR/test/images/demo1', 'cameras': '/data/home/zy3023/code/hand/Dyn-HaMR/test/dynhamr/cameras/demo1/shot-0', 'tracks': '/data/home/zy3023/code/hand/Dyn-HaMR/test/dynhamr/track_preds/demo1', 'shots': '/data/home/zy3023/code/hand/Dyn-HaMR/test/dynhamr/shot_idcs/demo1.json'}
/data/home/zy3023/code/hand/Dyn-HaMR/test/images/demo1 does not exist
/data/home/zy3023/code/hand/Dyn-HaMR/test/dynhamr/cameras/demo1/shot-0 does not exist
/data/home/zy3023/code/hand/Dyn-HaMR/test/dynhamr/track_preds/demo1 does not exist
/data/home/zy3023/code/hand/Dyn-HaMR/test/dynhamr/shot_idcs/demo1.json does not exist
DATA SOURCES {'images': '/data/home/zy3023/code/hand/Dyn-HaMR/test/images/demo1', 'cameras': '/data/home/zy3023/code/hand/Dyn-HaMR/test/dynhamr/cameras/demo1/shot-0', 'tracks': '/data/home/zy3023/code/hand/Dyn-HaMR/test/dynhamr/track_preds/demo1', 'shots': '/data/home/zy3023/code/hand/Dyn-HaMR/test/dynhamr/shot_idcs/demo1.json'}

EXTRACTING FRAMES FROM /data/home/zy3023/code/hand/Dyn-HaMR/test/videos/demo1.mp4 TO /data/home/zy3023/code/hand/Dyn-HaMR/test/images/demo1
{'ext': 'jpg', 'fps': 25, 'start_sec': 0, 'end_sec': -1}
/data/home/zy3023/code/hand/Dyn-HaMR/test/videos/demo1.mp4 False
Error executing job with overrides: ['data=video', 'run_opt=True', 'run_vis=True', 'is_static=True']
Traceback (most recent call last):
  File "/scratch/mthakur/Dyn-HaMR/dyn-hamr/run_opt.py", line 189, in main
    dataset = get_dataset_from_cfg(cfg)
  File "/scratch/mthakur/Dyn-HaMR/dyn-hamr/data/dataset.py", line 45, in get_dataset_from_cfg
    check_data_sources(args, cfg)
  File "/scratch/mthakur/Dyn-HaMR/dyn-hamr/data/dataset.py", line 78, in check_data_sources
    preprocess_frames(args.sources.images, args.src_path, **args.frame_opts)
  File "/scratch/mthakur/Dyn-HaMR/dyn-hamr/data/vidproc.py", line 22, in preprocess_frames
    out = split_frame(src_path, img_dir, overwrite=overwrite, **kwargs)
  File "/scratch/mthakur/Dyn-HaMR/dyn-hamr/preproc/extract_frames.py", line 62, in split_frame
    raise ValueError(f"{videopath} does not exist or is not a valid file or directory.")
ValueError: /data/home/zy3023/code/hand/Dyn-HaMR/test/videos/demo1.mp4 does not exist or is not a valid file or directory.

Set the environment variable HYDRA_FULL_ERROR=1 for a complete stack trace.
===============================================
Job finished at: Tue Nov 11 15:42:04 CET 2025
Writing output to SLURM_logs/example_014.out
===============================================
