Loaded modules:

Currently Loaded Modules:
  1) slurm/current   2) DefaultModules   3) gcc/11.3.0   4) 2024r1

 

================ SLURM JOB INFO ================
Job ID:         9590235
Job Name:       mediapipe-inference
Partition:      compute-p2
Node List:      cmp234
CPUs per task:  8
Submit dir:     /scratch/mthakur/manifold/models/mediapipe
Work dir:       /scratch/mthakur/manifold/models/mediapipe
Video file:     5DCo_bZ0PEo.mp4
Job started at: Sat Apr 11 02:35:17 CEST 2026
===============================================
Mediapipe video: /scratch/mthakur/manifold/data/images/5DCo_bZ0PEo.mp4
Mediapipe output root: /scratch/mthakur/manifold/outputs/mediapipe
Mediapipe completion marker: /scratch/mthakur/manifold/outputs/mediapipe/_completed/5DCo_bZ0PEo.json

Processing: 5DCo_bZ0PEo.mp4
[av1 @ 0x5555594390c0] Your platform doesn't suppport hardware accelerated AV1 decoding.
[av1 @ 0x5555594390c0] Failed to get pixel format.
[av1 @ 0x5555594390c0] Missing Sequence Header.
[av1 @ 0x5555594390c0] Missing Sequence Header.
[av1 @ 0x5555594390c0] Missing Sequence Header.
[av1 @ 0x5555594390c0] Missing Sequence Header.
[av1 @ 0x5555594390c0] Missing Sequence Header.
[av1 @ 0x5555594390c0] Missing Sequence Header.
[av1 @ 0x5555594390c0] Missing Sequence Header.
[av1 @ 0x5555594390c0] Missing Sequence Header.
[av1 @ 0x5555594390c0] Missing Sequence Header.
[av1 @ 0x5555594390c0] Missing Sequence Header.
[av1 @ 0x5555594390c0] Missing Sequence Header.
[av1 @ 0x5555594390c0] Missing Sequence Header.
[av1 @ 0x5555594390c0] Missing Sequence Header.
[av1 @ 0x5555594390c0] Missing Sequence Header.
[av1 @ 0x5555594390c0] Missing Sequence Header.
[av1 @ 0x5555594390c0] Missing Sequence Header.
[av1 @ 0x5555594390c0] Missing Sequence Header.
[av1 @ 0x5555594390c0] Missing Sequence Header.
[av1 @ 0x5555594390c0] Missing Sequence Header.
[av1 @ 0x5555594390c0] Missing Sequence Header.
[av1 @ 0x5555594390c0] Missing Sequence Header.
[av1 @ 0x5555594390c0] Missing Sequence Header.
[av1 @ 0x5555594390c0] Missing Sequence Header.
[av1 @ 0x5555594390c0] Missing Sequence Header.
[av1 @ 0x5555594390c0] Missing Sequence Header.
[av1 @ 0x5555594390c0] Missing Sequence Header.
[av1 @ 0x5555594390c0] Missing Sequence Header.
[av1 @ 0x5555594390c0] Missing Sequence Header.
[av1 @ 0x5555594390c0] Missing Sequence Header.
[av1 @ 0x5555594390c0] Missing Sequence Header.
[av1 @ 0x5555594390c0] Missing Sequence Header.
[av1 @ 0x5555594390c0] Missing Sequence Header.
[av1 @ 0x5555594390c0] Missing Sequence Header.
[av1 @ 0x5555594390c0] Missing Sequence Header.
[av1 @ 0x5555594390c0] Missing Sequence Header.
[av1 @ 0x5555594390c0] Missing Sequence Header.
[av1 @ 0x5555594390c0] Missing Sequence Header.
[av1 @ 0x5555594390c0] Missing Sequence Header.
[av1 @ 0x5555594390c0] Missing Sequence Header.
[av1 @ 0x5555594390c0] Missing Sequence Header.
[av1 @ 0x5555594390c0] Missing Sequence Header.
[av1 @ 0x5555594390c0] Missing Sequence Header.
[av1 @ 0x5555594390c0] Missing Sequence Header.
[av1 @ 0x5555594390c0] Missing Sequence Header.
[av1 @ 0x5555594390c0] Missing Sequence Header.
[av1 @ 0x5555594390c0] Missing Sequence Header.
[av1 @ 0x5555594390c0] Missing Sequence Header.
[av1 @ 0x5555594390c0] Missing Sequence Header.
[av1 @ 0x5555594390c0] Missing Sequence Header.
[av1 @ 0x5555594390c0] Missing Sequence Header.
[av1 @ 0x5555594390c0] Missing Sequence Header.
[av1 @ 0x5555594390c0] Missing Sequence Header.
[av1 @ 0x5555594390c0] Missing Sequence Header.
[av1 @ 0x5555594390c0] Missing Sequence Header.
[av1 @ 0x5555594390c0] Missing Sequence Header.
[av1 @ 0x5555594390c0] Missing Sequence Header.
[av1 @ 0x5555594390c0] Missing Sequence Header.
[av1 @ 0x5555594390c0] Missing Sequence Header.
[av1 @ 0x5555594390c0] Missing Sequence Header.
[av1 @ 0x5555594390c0] Missing Sequence Header.
[av1 @ 0x5555594390c0] Missing Sequence Header.
[av1 @ 0x5555594390c0] Missing Sequence Header.
[av1 @ 0x5555594390c0] Missing Sequence Header.
[av1 @ 0x5555594390c0] Missing Sequence Header.
[av1 @ 0x5555594390c0] Missing Sequence Header.
[av1 @ 0x5555594390c0] Missing Sequence Header.
[av1 @ 0x5555594390c0] Missing Sequence Header.
[av1 @ 0x5555594390c0] Missing Sequence Header.
[av1 @ 0x5555594390c0] Missing Sequence Header.
[av1 @ 0x5555594390c0] Missing Sequence Header.
[av1 @ 0x5555594390c0] Missing Sequence Header.
[av1 @ 0x5555594390c0] Missing Sequence Header.
[av1 @ 0x5555594390c0] Missing Sequence Header.
[av1 @ 0x5555594390c0] Missing Sequence Header.
[av1 @ 0x5555594390c0] Missing Sequence Header.
[av1 @ 0x5555594390c0] Missing Sequence Header.
[av1 @ 0x5555594390c0] Missing Sequence Header.
[av1 @ 0x5555594390c0] Missing Sequence Header.
[av1 @ 0x5555594390c0] Missing Sequence Header.
[av1 @ 0x5555594390c0] Missing Sequence Header.
[av1 @ 0x5555594390c0] Missing Sequence Header.
[av1 @ 0x5555594390c0] Missing Sequence Header.
[av1 @ 0x5555594390c0] Missing Sequence Header.
[av1 @ 0x5555594390c0] Missing Sequence Header.
[av1 @ 0x5555594390c0] Missing Sequence Header.
[av1 @ 0x5555594390c0] Missing Sequence Header.
[av1 @ 0x5555594390c0] Missing Sequence Header.
[av1 @ 0x5555594390c0] Missing Sequence Header.
[av1 @ 0x5555594390c0] Missing Sequence Header.
[av1 @ 0x5555594390c0] Missing Sequence Header.
[av1 @ 0x5555594390c0] Missing Sequence Header.
[av1 @ 0x5555594390c0] Missing Sequence Header.
[av1 @ 0x5555594390c0] Missing Sequence Header.
[av1 @ 0x5555594390c0] Missing Sequence Header.
[av1 @ 0x5555594390c0] Missing Sequence Header.
[av1 @ 0x5555594390c0] Missing Sequence Header.
[av1 @ 0x5555594390c0] Missing Sequence Header.
[av1 @ 0x5555594390c0] Missing Sequence Header.
[av1 @ 0x5555594390c0] Missing Sequence Header.
[av1 @ 0x5555594390c0] Missing Sequence Header.
[av1 @ 0x5555594390c0] Missing Sequence Header.
[av1 @ 0x5555594390c0] Missing Sequence Header.
[av1 @ 0x5555594390c0] Missing Sequence Header.
[av1 @ 0x5555594390c0] Missing Sequence Header.
[av1 @ 0x5555594390c0] Missing Sequence Header.
[av1 @ 0x5555594390c0] Missing Sequence Header.
[av1 @ 0x5555594390c0] Missing Sequence Header.
[av1 @ 0x5555594390c0] Missing Sequence Header.
[av1 @ 0x5555594390c0] Missing Sequence Header.
[av1 @ 0x5555594390c0] Missing Sequence Header.
[av1 @ 0x5555594390c0] Missing Sequence Header.
[av1 @ 0x5555594390c0] Missing Sequence Header.
[av1 @ 0x5555594390c0] Missing Sequence Header.
[av1 @ 0x5555594390c0] Missing Sequence Header.
[av1 @ 0x5555594390c0] Missing Sequence Header.
[av1 @ 0x5555594390c0] Missing Sequence Header.
[av1 @ 0x5555594390c0] Missing Sequence Header.
[av1 @ 0x5555594390c0] Missing Sequence Header.
[av1 @ 0x5555594390c0] Missing Sequence Header.
[av1 @ 0x5555594390c0] Missing Sequence Header.
[av1 @ 0x5555594390c0] Missing Sequence Header.
[av1 @ 0x5555594390c0] Missing Sequence Header.
[av1 @ 0x5555594390c0] Missing Sequence Header.
[av1 @ 0x5555594390c0] Missing Sequence Header.
[av1 @ 0x5555594390c0] Missing Sequence Header.
[av1 @ 0x5555594390c0] Missing Sequence Header.
[av1 @ 0x5555594390c0] Missing Sequence Header.
[av1 @ 0x5555594390c0] Missing Sequence Header.
[av1 @ 0x5555594390c0] Missing Sequence Header.
[av1 @ 0x5555594390c0] Missing Sequence Header.
[av1 @ 0x5555594390c0] Missing Sequence Header.
[av1 @ 0x5555594390c0] Missing Sequence Header.
[av1 @ 0x5555594390c0] Missing Sequence Header.
[av1 @ 0x5555594390c0] Missing Sequence Header.
[av1 @ 0x5555594390c0] Missing Sequence Header.
[av1 @ 0x5555594390c0] Missing Sequence Header.
[av1 @ 0x5555594390c0] Missing Sequence Header.
[av1 @ 0x5555594390c0] Missing Sequence Header.
[av1 @ 0x5555594390c0] Missing Sequence Header.
[av1 @ 0x5555594390c0] Missing Sequence Header.
[av1 @ 0x5555594390c0] Missing Sequence Header.
[av1 @ 0x5555594390c0] Missing Sequence Header.
[av1 @ 0x5555594390c0] Missing Sequence Header.
[av1 @ 0x5555594390c0] Missing Sequence Header.
[av1 @ 0x5555594390c0] Missing Sequence Header.
[av1 @ 0x5555594390c0] Missing Sequence Header.
[av1 @ 0x5555594390c0] Missing Sequence Header.
[av1 @ 0x5555594390c0] Missing Sequence Header.
[av1 @ 0x5555594390c0] Missing Sequence Header.
[av1 @ 0x5555594390c0] Missing Sequence Header.
[av1 @ 0x5555594390c0] Missing Sequence Header.
[av1 @ 0x5555594390c0] Missing Sequence Header.
[av1 @ 0x5555594390c0] Missing Sequence Header.
[av1 @ 0x5555594390c0] Missing Sequence Header.
[av1 @ 0x5555594390c0] Missing Sequence Header.
[av1 @ 0x5555594390c0] Missing Sequence Header.
[av1 @ 0x5555594390c0] Missing Sequence Header.
[av1 @ 0x5555594390c0] Missing Sequence Header.
[av1 @ 0x5555594390c0] Missing Sequence Header.
[av1 @ 0x5555594390c0] Missing Sequence Header.
[av1 @ 0x5555594390c0] Missing Sequence Header.
[av1 @ 0x5555594390c0] Missing Sequence Header.
[av1 @ 0x5555594390c0] Missing Sequence Header.
[av1 @ 0x5555594390c0] Missing Sequence Header.
[av1 @ 0x5555594390c0] Missing Sequence Header.
[av1 @ 0x5555594390c0] Missing Sequence Header.
[av1 @ 0x5555594390c0] Missing Sequence Header.
[av1 @ 0x5555594390c0] Missing Sequence Header.
[av1 @ 0x5555594390c0] Missing Sequence Header.
[av1 @ 0x5555594390c0] Missing Sequence Header.
[av1 @ 0x5555594390c0] Missing Sequence Header.
[av1 @ 0x5555594390c0] Missing Sequence Header.
[av1 @ 0x5555594390c0] Missing Sequence Header.
[av1 @ 0x5555594390c0] Missing Sequence Header.
[av1 @ 0x5555594390c0] Missing Sequence Header.
[av1 @ 0x5555594390c0] Missing Sequence Header.
[av1 @ 0x5555594390c0] Missing Sequence Header.
[av1 @ 0x5555594390c0] Missing Sequence Header.
[av1 @ 0x5555594390c0] Missing Sequence Header.
[av1 @ 0x5555594390c0] Your platform doesn't suppport hardware accelerated AV1 decoding.
[av1 @ 0x5555594390c0] Failed to get pixel format.
[av1 @ 0x5555594390c0] Missing Sequence Header.
[av1 @ 0x5555594390c0] Missing Sequence Header.
[av1 @ 0x5555594390c0] Missing Sequence Header.
[av1 @ 0x5555594390c0] Missing Sequence Header.
[av1 @ 0x5555594390c0] Missing Sequence Header.
[av1 @ 0x5555594390c0] Missing Sequence Header.
[av1 @ 0x5555594390c0] Missing Sequence Header.
[av1 @ 0x5555594390c0] Missing Sequence Header.
[av1 @ 0x5555594390c0] Missing Sequence Header.
[av1 @ 0x5555594390c0] Missing Sequence Header.
[av1 @ 0x5555594390c0] Missing Sequence Header.
[av1 @ 0x5555594390c0] Missing Sequence Header.
[av1 @ 0x5555594390c0] Missing Sequence Header.
[av1 @ 0x5555594390c0] Missing Sequence Header.
[av1 @ 0x5555594390c0] Missing Sequence Header.
[av1 @ 0x5555594390c0] Missing Sequence Header.
[av1 @ 0x5555594390c0] Missing Sequence Header.
[av1 @ 0x5555594390c0] Missing Sequence Header.
[av1 @ 0x5555594390c0] Missing Sequence Header.
[av1 @ 0x5555594390c0] Missing Sequence Header.
[av1 @ 0x5555594390c0] Missing Sequence Header.
[av1 @ 0x5555594390c0] Missing Sequence Header.
[av1 @ 0x5555594390c0] Missing Sequence Header.
[av1 @ 0x5555594390c0] Missing Sequence Header.
[av1 @ 0x5555594390c0] Missing Sequence Header.
[av1 @ 0x5555594390c0] Missing Sequence Header.
[av1 @ 0x5555594390c0] Missing Sequence Header.
[av1 @ 0x5555594390c0] Missing Sequence Header.
[av1 @ 0x5555594390c0] Missing Sequence Header.
[av1 @ 0x5555594390c0] Missing Sequence Header.
[av1 @ 0x5555594390c0] Missing Sequence Header.
[av1 @ 0x5555594390c0] Missing Sequence Header.
[av1 @ 0x5555594390c0] Missing Sequence Header.
[av1 @ 0x5555594390c0] Missing Sequence Header.
[av1 @ 0x5555594390c0] Missing Sequence Header.
[av1 @ 0x5555594390c0] Missing Sequence Header.
[av1 @ 0x5555594390c0] Missing Sequence Header.
[av1 @ 0x5555594390c0] Missing Sequence Header.
[av1 @ 0x5555594390c0] Missing Sequence Header.
[av1 @ 0x5555594390c0] Missing Sequence Header.
[av1 @ 0x5555594390c0] Missing Sequence Header.
[av1 @ 0x5555594390c0] Missing Sequence Header.
[av1 @ 0x5555594390c0] Missing Sequence Header.
[av1 @ 0x5555594390c0] Missing Sequence Header.
[av1 @ 0x5555594390c0] Missing Sequence Header.
[av1 @ 0x5555594390c0] Missing Sequence Header.
[av1 @ 0x5555594390c0] Missing Sequence Header.
[av1 @ 0x5555594390c0] Missing Sequence Header.
[av1 @ 0x5555594390c0] Missing Sequence Header.
[av1 @ 0x5555594390c0] Missing Sequence Header.
[av1 @ 0x5555594390c0] Missing Sequence Header.
[av1 @ 0x5555594390c0] Missing Sequence Header.
[av1 @ 0x5555594390c0] Missing Sequence Header.
[av1 @ 0x5555594390c0] Missing Sequence Header.
[av1 @ 0x5555594390c0] Missing Sequence Header.
[av1 @ 0x5555594390c0] Missing Sequence Header.
[av1 @ 0x5555594390c0] Missing Sequence Header.
[av1 @ 0x5555594390c0] Missing Sequence Header.
[av1 @ 0x5555594390c0] Missing Sequence Header.
[av1 @ 0x5555594390c0] Missing Sequence Header.
[av1 @ 0x5555594390c0] Missing Sequence Header.
[av1 @ 0x5555594390c0] Missing Sequence Header.
[av1 @ 0x5555594390c0] Missing Sequence Header.
[av1 @ 0x5555594390c0] Missing Sequence Header.
[av1 @ 0x5555594390c0] Missing Sequence Header.
[av1 @ 0x5555594390c0] Missing Sequence Header.
[av1 @ 0x5555594390c0] Missing Sequence Header.
[av1 @ 0x5555594390c0] Missing Sequence Header.
[av1 @ 0x5555594390c0] Missing Sequence Header.
[av1 @ 0x5555594390c0] Missing Sequence Header.
[av1 @ 0x5555594390c0] Missing Sequence Header.
[av1 @ 0x5555594390c0] Missing Sequence Header.
[av1 @ 0x5555594390c0] Missing Sequence Header.
[av1 @ 0x5555594390c0] Missing Sequence Header.
[av1 @ 0x5555594390c0] Missing Sequence Header.
[av1 @ 0x5555594390c0] Missing Sequence Header.
[av1 @ 0x5555594390c0] Missing Sequence Header.
[av1 @ 0x5555594390c0] Missing Sequence Header.
[av1 @ 0x5555594390c0] Missing Sequence Header.
[av1 @ 0x5555594390c0] Missing Sequence Header.
[av1 @ 0x5555594390c0] Missing Sequence Header.
[av1 @ 0x5555594390c0] Missing Sequence Header.
[av1 @ 0x5555594390c0] Missing Sequence Header.
[av1 @ 0x5555594390c0] Missing Sequence Header.
[av1 @ 0x5555594390c0] Missing Sequence Header.
[av1 @ 0x5555594390c0] Missing Sequence Header.
[av1 @ 0x5555594390c0] Missing Sequence Header.
[av1 @ 0x5555594390c0] Missing Sequence Header.
[av1 @ 0x5555594390c0] Missing Sequence Header.
[av1 @ 0x5555594390c0] Missing Sequence Header.
[av1 @ 0x5555594390c0] Missing Sequence Header.
[av1 @ 0x5555594390c0] Missing Sequence Header.
[av1 @ 0x5555594390c0] Missing Sequence Header.
[av1 @ 0x5555594390c0] Missing Sequence Header.
[av1 @ 0x5555594390c0] Missing Sequence Header.
[av1 @ 0x5555594390c0] Missing Sequence Header.
[av1 @ 0x5555594390c0] Missing Sequence Header.
[av1 @ 0x5555594390c0] Missing Sequence Header.
[av1 @ 0x5555594390c0] Missing Sequence Header.
[av1 @ 0x5555594390c0] Missing Sequence Header.
[av1 @ 0x5555594390c0] Missing Sequence Header.
[av1 @ 0x5555594390c0] Missing Sequence Header.
[av1 @ 0x5555594390c0] Missing Sequence Header.
[av1 @ 0x5555594390c0] Missing Sequence Header.
[av1 @ 0x5555594390c0] Missing Sequence Header.
[av1 @ 0x5555594390c0] Missing Sequence Header.
[av1 @ 0x5555594390c0] Missing Sequence Header.
[av1 @ 0x5555594390c0] Missing Sequence Header.
[av1 @ 0x5555594390c0] Missing Sequence Header.
[av1 @ 0x5555594390c0] Missing Sequence Header.
[av1 @ 0x5555594390c0] Missing Sequence Header.
[av1 @ 0x5555594390c0] Missing Sequence Header.
[av1 @ 0x5555594390c0] Missing Sequence Header.
[av1 @ 0x5555594390c0] Missing Sequence Header.
[av1 @ 0x5555594390c0] Missing Sequence Header.
[av1 @ 0x5555594390c0] Missing Sequence Header.
[av1 @ 0x5555594390c0] Missing Sequence Header.
[av1 @ 0x5555594390c0] Missing Sequence Header.
[av1 @ 0x5555594390c0] Missing Sequence Header.
[av1 @ 0x55555943be80] Your platform doesn't suppport hardware accelerated AV1 decoding.
[av1 @ 0x55555943be80] Failed to get pixel format.
INFO: Created TensorFlow Lite XNNPACK delegate for CPU.
WARNING: All log messages before absl::InitializeLog() is called are written to STDERR
W0000 00:00:1775867719.850844 1125573 inference_feedback_manager.cc:114] Feedback manager requires a model with a single signature inference. Disabling support for feedback tensors.
W0000 00:00:1775867719.862677 1125573 inference_feedback_manager.cc:114] Feedback manager requires a model with a single signature inference. Disabling support for feedback tensors.
Saved CSV: /scratch/mthakur/manifold/outputs/mediapipe/keypoints/5DCo_bZ0PEo_keypoints.csv

All videos processed.
===============================================
Job finished at: Sat Apr 11 02:35:20 CEST 2026
Execution took 0.00 hours
Writing output to SLURM_logs/mediapipe-inference_329.out
Retained Mediapipe outputs: /scratch/mthakur/manifold/outputs/mediapipe/keypoints/5DCo_bZ0PEo_keypoints.csv
===============================================
