Loaded modules:

Currently Loaded Modules:
  1) slurm/current   2) DefaultModules   3) gcc/11.3.0   4) 2024r1

 

================ SLURM JOB INFO ================
Job ID:         9590480
Job Name:       mediapipe-inference
Partition:      compute-p2
Node List:      cmp287
CPUs per task:  8
Submit dir:     /scratch/mthakur/manifold/models/mediapipe
Work dir:       /scratch/mthakur/manifold/models/mediapipe
Video file:     Jv5DjxNK4xI.mp4
Job started at: Sat Apr 11 04:24:22 CEST 2026
===============================================
Mediapipe video: /scratch/mthakur/manifold/data/images/ivyqQreoVQA.mp4
Mediapipe output root: /scratch/mthakur/manifold/outputs/mediapipe
Mediapipe completion marker: /scratch/mthakur/manifold/outputs/mediapipe/_completed/ivyqQreoVQA.json

Processing: ivyqQreoVQA.mp4
INFO: Created TensorFlow Lite XNNPACK delegate for CPU.
WARNING: All log messages before absl::InitializeLog() is called are written to STDERR
W0000 00:00:1775874264.501185 1201190 inference_feedback_manager.cc:114] Feedback manager requires a model with a single signature inference. Disabling support for feedback tensors.
W0000 00:00:1775874264.536838 1201221 inference_feedback_manager.cc:114] Feedback manager requires a model with a single signature inference. Disabling support for feedback tensors.
/scratch/mthakur/manifold/models/mediapipe/.venv/lib/python3.9/site-packages/google/protobuf/symbol_database.py:55: UserWarning: SymbolDatabase.GetPrototype() is deprecated. Please use message_factory.GetMessageClass() instead. SymbolDatabase.GetPrototype() will be removed soon.
  warnings.warn('SymbolDatabase.GetPrototype() is deprecated. Please '
Saved CSV: /scratch/mthakur/manifold/outputs/mediapipe/keypoints/ivyqQreoVQA_keypoints.csv

All videos processed.
===============================================
Job finished at: Sat Apr 11 04:26:47 CEST 2026
Execution took 0.04 hours
Writing output to SLURM_logs/mediapipe-inference_490.out
Retained Mediapipe outputs: /scratch/mthakur/manifold/outputs/mediapipe/keypoints/ivyqQreoVQA_keypoints.csv
===============================================
94390c0] Missing Sequence Header.
[av1 @ 0x5555594390c0] Missing Sequence Header.
[av1 @ 0x5555594390c0] Missing Sequence Header.
[av1 @ 0x5555594390c0] Missing Sequence Header.
[av1 @ 0x5555594390c0] Missing Sequence Header.
[av1 @ 0x5555594390c0] Missing Sequence Header.
[av1 @ 0x5555594390c0] Missing Sequence Header.
[av1 @ 0x5555594390c0] Missing Sequence Header.
[av1 @ 0x5555594390c0] Missing Sequence Header.
[av1 @ 0x5555594390c0] Missing Sequence Header.
[av1 @ 0x5555594390c0] Missing Sequence Header.
[av1 @ 0x5555594390c0] Missing Sequence Header.
[av1 @ 0x5555594390c0] Missing Sequence Header.
[av1 @ 0x5555594390c0] Missing Sequence Header.
[av1 @ 0x5555594390c0] Missing Sequence Header.
[av1 @ 0x5555594390c0] Missing Sequence Header.
[av1 @ 0x5555594390c0] Missing Sequence Header.
[av1 @ 0x5555594390c0] Missing Sequence Header.
[av1 @ 0x5555594390c0] Missing Sequence Header.
[av1 @ 0x5555594390c0] Missing Sequence Header.
[av1 @ 0x5555594390c0] Missing Sequence Header.
[av1 @ 0x5555594390c0] Missing Sequence Header.
[av1 @ 0x5555594390c0] Missing Sequence Header.
[av1 @ 0x5555594390c0] Missing Sequence Header.
[av1 @ 0x5555594390c0] Missing Sequence Header.
[av1 @ 0x5555594390c0] Missing Sequence Header.
[av1 @ 0x5555594390c0] Missing Sequence Header.
[av1 @ 0x5555594390c0] Missing Sequence Header.
[av1 @ 0x5555594390c0] Missing Sequence Header.
[av1 @ 0x5555594390c0] Missing Sequence Header.
[av1 @ 0x5555594390c0] Missing Sequence Header.
[av1 @ 0x5555594390c0] Missing Sequence Header.
[av1 @ 0x5555594390c0] Missing Sequence Header.
[av1 @ 0x5555594390c0] Missing Sequence Header.
[av1 @ 0x5555594390c0] Missing Sequence Header.
[av1 @ 0x5555594390c0] Missing Sequence Header.
[av1 @ 0x5555594390c0] Missing Sequence Header.
[av1 @ 0x5555594390c0] Missing Sequence Header.
[av1 @ 0x5555594390c0] Missing Sequence Header.
[av1 @ 0x5555594390c0] Missing Sequence Header.
[av1 @ 0x5555594390c0] Missing Sequence Header.
[av1 @ 0x5555594390c0] Missing Sequence Header.
[av1 @ 0x5555594390c0] Missing Sequence Header.
[av1 @ 0x5555594390c0] Missing Sequence Header.
[av1 @ 0x5555594390c0] Missing Sequence Header.
[av1 @ 0x5555594390c0] Missing Sequence Header.
[av1 @ 0x5555594390c0] Missing Sequence Header.
[av1 @ 0x5555594390c0] Missing Sequence Header.
[av1 @ 0x5555594390c0] Missing Sequence Header.
[av1 @ 0x5555594390c0] Missing Sequence Header.
[av1 @ 0x5555594390c0] Missing Sequence Header.
[av1 @ 0x5555594390c0] Missing Sequence Header.
[av1 @ 0x5555594390c0] Missing Sequence Header.
[av1 @ 0x5555594390c0] Missing Sequence Header.
[av1 @ 0x5555594390c0] Missing Sequence Header.
[av1 @ 0x5555594390c0] Missing Sequence Header.
[av1 @ 0x5555594390c0] Missing Sequence Header.
[av1 @ 0x5555594390c0] Missing Sequence Header.
[av1 @ 0x5555594390c0] Missing Sequence Header.
[av1 @ 0x5555594390c0] Missing Sequence Header.
[av1 @ 0x5555594390c0] Missing Sequence Header.
[av1 @ 0x5555594390c0] Missing Sequence Header.
[av1 @ 0x5555594390c0] Missing Sequence Header.
[av1 @ 0x5555594390c0] Missing Sequence Header.
[av1 @ 0x5555594390c0] Missing Sequence Header.
[av1 @ 0x5555594390c0] Missing Sequence Header.
[av1 @ 0x5555594390c0] Missing Sequence Header.
[av1 @ 0x5555594390c0] Missing Sequence Header.
[av1 @ 0x5555594390c0] Missing Sequence Header.
[av1 @ 0x5555594390c0] Missing Sequence Header.
[av1 @ 0x5555594390c0] Missing Sequence Header.
[av1 @ 0x5555594390c0] Your platform doesn't suppport hardware accelerated AV1 decoding.
[av1 @ 0x5555594390c0] Failed to get pixel format.
[av1 @ 0x5555594390c0] Missing Sequence Header.
[av1 @ 0x5555594390c0] Missing Sequence Header.
[av1 @ 0x5555594390c0] Missing Sequence Header.
[av1 @ 0x5555594390c0] Missing Sequence Header.
[av1 @ 0x5555594390c0] Missing Sequence Header.
[av1 @ 0x5555594390c0] Missing Sequence Header.
[av1 @ 0x5555594390c0] Missing Sequence Header.
[av1 @ 0x5555594390c0] Missing Sequence Header.
[av1 @ 0x5555594390c0] Missing Sequence Header.
[av1 @ 0x5555594390c0] Missing Sequence Header.
[av1 @ 0x5555594390c0] Missing Sequence Header.
[av1 @ 0x5555594390c0] Missing Sequence Header.
[av1 @ 0x5555594390c0] Missing Sequence Header.
[av1 @ 0x5555594390c0] Missing Sequence Header.
[av1 @ 0x5555594390c0] Missing Sequence Header.
[av1 @ 0x5555594390c0] Missing Sequence Header.
[av1 @ 0x5555594390c0] Missing Sequence Header.
[av1 @ 0x5555594390c0] Missing Sequence Header.
[av1 @ 0x5555594390c0] Missing Sequence Header.
[av1 @ 0x5555594390c0] Missing Sequence Header.
[av1 @ 0x5555594390c0] Missing Sequence Header.
[av1 @ 0x5555594390c0] Missing Sequence Header.
[av1 @ 0x5555594390c0] Missing Sequence Header.
[av1 @ 0x5555594390c0] Missing Sequence Header.
[av1 @ 0x5555594390c0] Missing Sequence Header.
[av1 @ 0x5555594390c0] Missing Sequence Header.
[av1 @ 0x5555594390c0] Missing Sequence Header.
[av1 @ 0x5555594390c0] Missing Sequence Header.
[av1 @ 0x5555594390c0] Missing Sequence Header.
[av1 @ 0x5555594390c0] Missing Sequence Header.
[av1 @ 0x5555594390c0] Missing Sequence Header.
[av1 @ 0x5555594390c0] Missing Sequence Header.
[av1 @ 0x5555594390c0] Missing Sequence Header.
[av1 @ 0x5555594390c0] Missing Sequence Header.
[av1 @ 0x5555594390c0] Missing Sequence Header.
[av1 @ 0x5555594390c0] Missing Sequence Header.
[av1 @ 0x5555594390c0] Missing Sequence Header.
[av1 @ 0x5555594390c0] Missing Sequence Header.
[av1 @ 0x5555594390c0] Missing Sequence Header.
[av1 @ 0x5555594390c0] Missing Sequence Header.
[av1 @ 0x5555594390c0] Missing Sequence Header.
[av1 @ 0x5555594390c0] Missing Sequence Header.
[av1 @ 0x5555594390c0] Missing Sequence Header.
[av1 @ 0x5555594390c0] Missing Sequence Header.
[av1 @ 0x5555594390c0] Missing Sequence Header.
[av1 @ 0x5555594390c0] Missing Sequence Header.
[av1 @ 0x5555594390c0] Missing Sequence Header.
[av1 @ 0x5555594390c0] Missing Sequence Header.
[av1 @ 0x5555594390c0] Missing Sequence Header.
[av1 @ 0x5555594390c0] Missing Sequence Header.
[av1 @ 0x5555594390c0] Missing Sequence Header.
[av1 @ 0x5555594390c0] Missing Sequence Header.
[av1 @ 0x5555594390c0] Missing Sequence Header.
[av1 @ 0x5555594390c0] Missing Sequence Header.
[av1 @ 0x555559465480] Your platform doesn't suppport hardware accelerated AV1 decoding.
[av1 @ 0x555559465480] Failed to get pixel format.
INFO: Created TensorFlow Lite XNNPACK delegate for CPU.
WARNING: All log messages before absl::InitializeLog() is called are written to STDERR
W0000 00:00:1775874265.225572 2096739 inference_feedback_manager.cc:114] Feedback manager requires a model with a single signature inference. Disabling support for feedback tensors.
W0000 00:00:1775874265.240344 2096739 inference_feedback_manager.cc:114] Feedback manager requires a model with a single signature inference. Disabling support for feedback tensors.
Saved CSV: /scratch/mthakur/manifold/outputs/mediapipe/keypoints/Jv5DjxNK4xI_keypoints.csv

All videos processed.
===============================================
Job finished at: Sat Apr 11 04:24:25 CEST 2026
Execution took 0.00 hours
Writing output to SLURM_logs/mediapipe-inference_490.out
Retained Mediapipe outputs: /scratch/mthakur/manifold/outputs/mediapipe/keypoints/Jv5DjxNK4xI_keypoints.csv
===============================================
