Loaded modules:

Currently Loaded Modules:
  1) slurm/current   2) DefaultModules   3) gcc/11.3.0   4) 2024r1

 

================ SLURM JOB INFO ================
Job ID:         9589837
Job Name:       mediapipe-inference
Partition:      compute-p2
Node List:      cmp247
CPUs per task:  8
Submit dir:     /scratch/mthakur/manifold/models/mediapipe
Work dir:       /scratch/mthakur/manifold/models/mediapipe
Video file:     0s6E7uGXjRc.mp4
Job started at: Fri Apr 10 05:09:13 CEST 2026
===============================================
Mediapipe video: /scratch/mthakur/manifold/data/images/0s6E7uGXjRc.mp4
Mediapipe output root: /scratch/mthakur/manifold/outputs/mediapipe
Mediapipe completion marker: /scratch/mthakur/manifold/outputs/mediapipe/_completed/0s6E7uGXjRc.json

Processing: 0s6E7uGXjRc.mp4
INFO: Created TensorFlow Lite XNNPACK delegate for CPU.
WARNING: All log messages before absl::InitializeLog() is called are written to STDERR
W0000 00:00:1775790555.490625 1911412 inference_feedback_manager.cc:114] Feedback manager requires a model with a single signature inference. Disabling support for feedback tensors.
W0000 00:00:1775790555.505960 1911437 inference_feedback_manager.cc:114] Feedback manager requires a model with a single signature inference. Disabling support for feedback tensors.
/scratch/mthakur/manifold/models/mediapipe/.venv/lib/python3.9/site-packages/google/protobuf/symbol_database.py:55: UserWarning: SymbolDatabase.GetPrototype() is deprecated. Please use message_factory.GetMessageClass() instead. SymbolDatabase.GetPrototype() will be removed soon.
  warnings.warn('SymbolDatabase.GetPrototype() is deprecated. Please '
Saved CSV: /scratch/mthakur/manifold/outputs/mediapipe/keypoints/0s6E7uGXjRc_keypoints.csv

All videos processed.
===============================================
Job finished at: Fri Apr 10 05:10:44 CEST 2026
Execution took 0.03 hours
Writing output to SLURM_logs/mediapipe-inference_054.out
Retained Mediapipe outputs: /scratch/mthakur/manifold/outputs/mediapipe/keypoints/0s6E7uGXjRc_keypoints.csv
===============================================
