Loaded modules:

Currently Loaded Modules:
  1) slurm/current   2) DefaultModules   3) gcc/11.3.0   4) 2024r1

 

================ SLURM JOB INFO ================
Job ID:         9589851
Job Name:       mediapipe-inference
Partition:      compute-p2
Node List:      cmp261
CPUs per task:  8
Submit dir:     /scratch/mthakur/manifold/models/mediapipe
Work dir:       /scratch/mthakur/manifold/models/mediapipe
Video file:     0vqnjAecNI4.mp4
Job started at: Fri Apr 10 13:39:27 CEST 2026
===============================================
Mediapipe video: /scratch/mthakur/manifold/data/images/0VQ9H3AxdGc.mp4
Mediapipe output root: /scratch/mthakur/manifold/outputs/mediapipe
Mediapipe completion marker: /scratch/mthakur/manifold/outputs/mediapipe/_completed/0VQ9H3AxdGc.json

Processing: 0vqnjAecNI4.mp4
INFO: Created TensorFlow Lite XNNPACK delegate for CPU.
WARNING: All log messages before absl::InitializeLog() is called are written to STDERR
W0000 00:00:1775821169.171151 3928692 inference_feedback_manager.cc:114] Feedback manager requires a model with a single signature inference. Disabling support for feedback tensors.
W0000 00:00:1775821169.184794 3928709 inference_feedback_manager.cc:114] Feedback manager requires a model with a single signature inference. Disabling support for feedback tensors.
/scratch/mthakur/manifold/models/mediapipe/.venv/lib/python3.9/site-packages/google/protobuf/symbol_database.py:55: UserWarning: SymbolDatabase.GetPrototype() is deprecated. Please use message_factory.GetMessageClass() instead. SymbolDatabase.GetPrototype() will be removed soon.
  warnings.warn('SymbolDatabase.GetPrototype() is deprecated. Please '
Saved CSV: /scratch/mthakur/manifold/outputs/mediapipe/keypoints/0VQ9H3AxdGc_keypoints.csv

All videos processed.
===============================================
Job finished at: Fri Apr 10 13:49:28 CEST 2026
Execution took 0.17 hours
Writing output to SLURM_logs/mediapipe-inference_063.out
Retained Mediapipe outputs: /scratch/mthakur/manifold/outputs/mediapipe/keypoints/0VQ9H3AxdGc_keypoints.csv
===============================================
