Loaded modules:

Currently Loaded Modules:
  1) slurm/current   2) DefaultModules   3) gcc/11.3.0   4) 2024r1

 

================ SLURM JOB INFO ================
Job ID:         9589827
Job Name:       mediapipe-inference
Partition:      compute-p2
Node List:      cmp224
CPUs per task:  8
Submit dir:     /scratch/mthakur/manifold/models/mediapipe
Work dir:       /scratch/mthakur/manifold/models/mediapipe
Video file:     0mlwYkrlmGs.mp4
Job started at: Fri Apr 10 04:57:12 CEST 2026
===============================================
Mediapipe video: /scratch/mthakur/manifold/data/images/0m3glzoQMfI.mp4
Mediapipe output root: /scratch/mthakur/manifold/outputs/mediapipe
Mediapipe completion marker: /scratch/mthakur/manifold/outputs/mediapipe/_completed/0m3glzoQMfI.json

Processing: 0m3glzoQMfI.mp4
INFO: Created TensorFlow Lite XNNPACK delegate for CPU.
WARNING: All log messages before absl::InitializeLog() is called are written to STDERR
W0000 00:00:1775789834.880608 1977182 inference_feedback_manager.cc:114] Feedback manager requires a model with a single signature inference. Disabling support for feedback tensors.
W0000 00:00:1775789834.894449 1977182 inference_feedback_manager.cc:114] Feedback manager requires a model with a single signature inference. Disabling support for feedback tensors.
Saved CSV: /scratch/mthakur/manifold/outputs/mediapipe/keypoints/0mlwYkrlmGs_keypoints.csv

All videos processed.
===============================================
Job finished at: Fri Apr 10 05:03:55 CEST 2026
Execution took 0.11 hours
Writing output to SLURM_logs/mediapipe-inference_045.out
Retained Mediapipe outputs: /scratch/mthakur/manifold/outputs/mediapipe/keypoints/0mlwYkrlmGs_keypoints.csv
===============================================
ideos processed.
===============================================
Job finished at: Fri Apr 10 04:58:54 CEST 2026
Execution took 0.03 hours
Writing output to SLURM_logs/mediapipe-inference_045.out
Retained Mediapipe outputs: /scratch/mthakur/manifold/outputs/mediapipe/keypoints/0m3glzoQMfI_keypoints.csv
===============================================
