Loaded modules:

Currently Loaded Modules:
  1) slurm/current   2) DefaultModules   3) gcc/11.3.0   4) 2024r1

 

================ SLURM JOB INFO ================
Job ID:         9590127
Job Name:       mediapipe-inference
Partition:      compute-p2
Node List:      cmp234
CPUs per task:  8
Submit dir:     /scratch/mthakur/manifold/models/mediapipe
Work dir:       /scratch/mthakur/manifold/models/mediapipe
Video file:     41ZdIWjZilo.mp4
Job started at: Sat Apr 11 01:32:18 CEST 2026
===============================================
Mediapipe video: /scratch/mthakur/manifold/data/images/41ZdIWjZilo.mp4
Mediapipe output root: /scratch/mthakur/manifold/outputs/mediapipe
Mediapipe completion marker: /scratch/mthakur/manifold/outputs/mediapipe/_completed/41ZdIWjZilo.json

Processing: 41ZdIWjZilo.mp4
INFO: Created TensorFlow Lite XNNPACK delegate for CPU.
WARNING: All log messages before absl::InitializeLog() is called are written to STDERR
W0000 00:00:1775863941.977677 1081828 inference_feedback_manager.cc:114] Feedback manager requires a model with a single signature inference. Disabling support for feedback tensors.
W0000 00:00:1775863941.994005 1081828 inference_feedback_manager.cc:114] Feedback manager requires a model with a single signature inference. Disabling support for feedback tensors.
/scratch/mthakur/manifold/models/mediapipe/.venv/lib/python3.9/site-packages/google/protobuf/symbol_database.py:55: UserWarning: SymbolDatabase.GetPrototype() is deprecated. Please use message_factory.GetMessageClass() instead. SymbolDatabase.GetPrototype() will be removed soon.
  warnings.warn('SymbolDatabase.GetPrototype() is deprecated. Please '
Saved CSV: /scratch/mthakur/manifold/outputs/mediapipe/keypoints/41ZdIWjZilo_keypoints.csv

All videos processed.
===============================================
Job finished at: Sat Apr 11 01:38:02 CEST 2026
Execution took 0.10 hours
Writing output to SLURM_logs/mediapipe-inference_254.out
Retained Mediapipe outputs: /scratch/mthakur/manifold/outputs/mediapipe/keypoints/41ZdIWjZilo_keypoints.csv
===============================================
