Loaded modules:

Currently Loaded Modules:
  1) slurm/current   2) DefaultModules   3) gcc/11.3.0   4) 2024r1   5) cuda/12.9

 

./inference.sh: line 67: nvidia-smi: command not found
================ SLURM JOB INFO ================
Job ID:         
Job Name:       
Partition:      
Node List:      
CPUs per task:  
Memory per CPU: 
GPUs per task:  
Memory per GPU: 
Submit dir:     
Work dir:       /scratch/mthakur/vipe
Job started at: Thu Jan 29 17:18:42 CET 2026
===============================================
2026-01-29 17:18:52,701 - vipe - INFO - Processing video data/120-2_clip_1.mp4...

No CUDA runtime is found, using CUDA_HOME='/beegfs/apps/generic/cuda/12.9'
/opt/conda/envs/vipe/lib/python3.10/site-packages/torch/amp/autocast_mode.py:266: UserWarning: User provided device_type of 'cuda', but CUDA is not available. Disabling
  warnings.warn(
/opt/conda/envs/vipe/lib/python3.10/site-packages/torch/amp/autocast_mode.py:266: UserWarning: User provided device_type of 'cuda', but CUDA is not available. Disabling
  warnings.warn(
Reading video stream:   0%|          | 0/155 [00:00<?, ?it/s]Reading video stream:   0%|          | 0/155 [00:00<?, ?it/s]
Traceback (most recent call last):
  File "/opt/conda/envs/vipe/bin/vipe", line 7, in <module>
    sys.exit(main())
  File "/opt/conda/envs/vipe/lib/python3.10/site-packages/click/core.py", line 1161, in __call__
    return self.main(*args, **kwargs)
  File "/opt/conda/envs/vipe/lib/python3.10/site-packages/click/core.py", line 1082, in main
    rv = self.invoke(ctx)
  File "/opt/conda/envs/vipe/lib/python3.10/site-packages/click/core.py", line 1697, in invoke
    return _process_result(sub_ctx.command.invoke(sub_ctx))
  File "/opt/conda/envs/vipe/lib/python3.10/site-packages/click/core.py", line 1443, in invoke
    return ctx.invoke(self.callback, **ctx.params)
  File "/opt/conda/envs/vipe/lib/python3.10/site-packages/click/core.py", line 788, in invoke
    return __callback(*args, **kwargs)
  File "/app/ViPE/vipe/cli/main.py", line 89, in infer
    video_stream = ProcessedVideoStream(RawMp4Stream(video), []).cache(desc="Reading video stream")
  File "/app/ViPE/vipe/streams/base.py", line 491, in cache
    _ = vs[len(vs) - 1]
  File "/app/ViPE/vipe/streams/base.py", line 388, in __getitem__
    self.data.append(next(self.iterator).cpu())
  File "/app/ViPE/vipe/streams/raw_mp4_stream.py", line 90, in __next__
    frame_rgb = frame_rgb.cuda()
  File "/opt/conda/envs/vipe/lib/python3.10/site-packages/torch/cuda/__init__.py", line 372, in _lazy_init
    torch._C._cuda_init()
RuntimeError: Found no NVIDIA driver on your system. Please check that you have an NVIDIA GPU and installed a driver from http://www.nvidia.com/Download/index.aspx

ERROR conda.cli.main_run:execute(124): `conda run vipe infer data/120-2_clip_1.mp4 --output output/` failed. (See above for error)
===============================================
Job finished at: Thu Jan 29 17:19:02 CET 2026
Execution took 0.01 hours
Writing output to SLURM_logs/_001.out
===============================================
