Loaded modules:

Currently Loaded Modules:
  1) slurm/current   2) DefaultModules   3) gcc/11.3.0   4) 2024r1   5) cuda/12.9

 

./inference.sh: line 67: nvidia-smi: command not found
================ SLURM JOB INFO ================
Job ID:         
Job Name:       
Partition:      
Node List:      
CPUs per task:  
Memory per CPU: 
GPUs per task:  
Memory per GPU: 
Submit dir:     
Work dir:       /scratch/mthakur/vipe
Job started at: Thu Jan 29 19:47:50 CET 2026
===============================================
/tmp/tmp615t_vmk: line 3: vipe/priors/track_anything/groundingdino/util/get_tokenlizer.py: Permission denied

ERROR conda.cli.main_run:execute(124): `conda run vipe/priors/track_anything/groundingdino/util/get_tokenlizer.py` failed. (See above for error)
===============================================
Job finished at: Thu Jan 29 19:47:57 CET 2026
Execution took 0.00 hours
Writing output to SLURM_logs/_002.out
===============================================
