Loaded modules:

Currently Loaded Modules:
  1) slurm/current    3) gcc/11.3.0   5) cuda/12.9
  2) DefaultModules   4) 2024r1

 

Thu Mar 12 17:48:39 2026       
+-----------------------------------------------------------------------------------------+
| NVIDIA-SMI 580.105.08             Driver Version: 580.105.08     CUDA Version: 13.0     |
+-----------------------------------------+------------------------+----------------------+
| GPU  Name                 Persistence-M | Bus-Id          Disp.A | Volatile Uncorr. ECC |
| Fan  Temp   Perf          Pwr:Usage/Cap |           Memory-Usage | GPU-Util  Compute M. |
|                                         |                        |               MIG M. |
|=========================================+========================+======================|
|   0  NVIDIA A100 80GB PCIe          On  |   00000000:2C:00.0 Off |                    0 |
| N/A   46C    P0             47W /  300W |       0MiB /  81920MiB |      0%      Default |
|                                         |                        |             Disabled |
+-----------------------------------------+------------------------+----------------------+

+-----------------------------------------------------------------------------------------+
| Processes:                                                                              |
|  GPU   GI   CI              PID   Type   Process name                        GPU Memory |
|        ID   ID                                                               Usage      |
|=========================================================================================|
|  No running processes found                                                             |
+-----------------------------------------------------------------------------------------+
================ SLURM JOB INFO ================
Job ID:         9339395
Job Name:       vipe-inference
Partition:      gpu-a100
Node List:      gpu014
CPUs per task:  2
Memory per CPU: 
GPUs per task:  1
Memory per GPU: 65536
Submit dir:     /scratch/mthakur/manifold/models/vipe
Work dir:       /scratch/mthakur/manifold/models/vipe
Job started at: Thu Mar 12 17:48:39 CET 2026
===============================================
2026-03-12 17:49:07,186 - vipe - INFO - Processing video /scratch/mthakur/manifold/data/images/me 1.mp4...
2026-03-12 17:50:55,229 - vipe.slam.components.buffer - INFO - BA iters = 16, energy: 1.4974713623523712 -> 0.030593852512538433
2026-03-12 17:50:55,413 - vipe.slam.components.buffer - INFO - BA iters = 16, energy: 0.01550449337810278 -> 0.002377304481342435
2026-03-12 17:50:55,596 - vipe.slam.components.buffer - INFO - BA iters = 16, energy: 0.010304120427463204 -> 0.0040962513303384185
2026-03-12 17:50:55,786 - vipe.slam.components.buffer - INFO - BA iters = 16, energy: 0.2597375027835369 -> 0.004319373285397887
2026-03-12 17:50:55,908 - vipe.slam.components.buffer - INFO - BA iters = 16, energy: 0.012394125456921756 -> 0.007863572798669338
2026-03-12 17:50:56,029 - vipe.slam.components.buffer - INFO - BA iters = 16, energy: 0.006583359325304627 -> 0.003612018481362611
2026-03-12 17:50:56,151 - vipe.slam.components.buffer - INFO - BA iters = 16, energy: 0.01036181696690619 -> 0.008840747643262148
2026-03-12 17:50:56,345 - vipe.slam.components.buffer - INFO - BA iters = 16, energy: 0.17469468072522432 -> 0.04836547188460827
2026-03-12 17:50:56,528 - vipe.slam.components.buffer - INFO - BA iters = 16, energy: 0.043524207547307014 -> 0.011540854815393686
2026-03-12 17:50:56,711 - vipe.slam.components.buffer - INFO - BA iters = 16, energy: 0.01389289041981101 -> 0.009493269812082872
2026-03-12 17:50:56,893 - vipe.slam.components.buffer - INFO - BA iters = 16, energy: 0.01262612029677257 -> 0.011859570906381123
2026-03-12 17:50:57,076 - vipe.slam.components.buffer - INFO - BA iters = 16, energy: 0.021961701670079492 -> 0.018037952482700348
2026-03-12 17:50:57,258 - vipe.slam.components.buffer - INFO - BA iters = 16, energy: 0.017819764092564583 -> 0.007813082658685744
2026-03-12 17:50:57,441 - vipe.slam.components.buffer - INFO - BA iters = 16, energy: 0.005245539825409651 -> 0.004163303354289383
2026-03-12 17:50:57,624 - vipe.slam.components.buffer - INFO - BA iters = 16, energy: 0.045283612416824326 -> 0.020328055135905743
2026-03-12 17:50:57,808 - vipe.slam.components.buffer - INFO - BA iters = 16, energy: 0.0202544080093503 -> 0.013584644999355078
2026-03-12 17:50:57,992 - vipe.slam.components.buffer - INFO - BA iters = 16, energy: 0.01487408159300685 -> 0.006937721278518438
2026-03-12 17:50:58,175 - vipe.slam.components.buffer - INFO - BA iters = 16, energy: 0.005351529456675053 -> 0.004246486350893974
2026-03-12 17:50:58,358 - vipe.slam.components.buffer - INFO - BA iters = 16, energy: 0.022988065902609378 -> 0.014540269039571285
2026-03-12 17:50:58,550 - vipe.slam.components.buffer - INFO - BA iters = 16, energy: 0.08191732503473759 -> 0.009426175151020288
2026-03-12 17:50:58,672 - vipe.slam.components.buffer - INFO - BA iters = 16, energy: 0.010794740868732333 -> 0.00614843238145113
2026-03-12 17:50:58,793 - vipe.slam.components.buffer - INFO - BA iters = 16, energy: 0.004823860013857484 -> 0.0038162804557941854
2026-03-12 17:50:58,917 - vipe.slam.components.buffer - INFO - BA iters = 16, energy: 0.016215471900068223 -> 0.010457204654812813
2026-03-12 17:50:59,040 - vipe.slam.components.buffer - INFO - BA iters = 16, energy: 0.012762756086885929 -> 0.008072059135884047
2026-03-12 17:50:59,167 - vipe.slam.components.buffer - INFO - BA iters = 16, energy: 0.006292186910286546 -> 0.00476130738388747
2026-03-12 17:50:59,287 - vipe.slam.components.buffer - INFO - BA iters = 16, energy: 0.01470146153587848 -> 0.013679089708602987
2026-03-12 17:50:59,408 - vipe.slam.components.buffer - INFO - BA iters = 16, energy: 0.00989501312142238 -> 0.009277963312342763
2026-03-12 17:50:59,528 - vipe.slam.components.buffer - INFO - BA iters = 16, energy: 0.008076397469267249 -> 0.007423811359331012
2026-03-12 17:50:59,649 - vipe.slam.components.buffer - INFO - BA iters = 16, energy: 0.00717209349386394 -> 0.0068236761726439
2026-03-12 17:50:59,769 - vipe.slam.components.buffer - INFO - BA iters = 16, energy: 0.007955636596307158 -> 0.00776891247369349
2026-03-12 17:50:59,891 - vipe.slam.components.buffer - INFO - BA iters = 16, energy: 0.008674896089360118 -> 0.008500198717229068
2026-03-12 17:51:30,503 - vipe.pipeline.default - INFO - Saving artifacts to ArtifactPath(base_path=PosixPath('/scratch/mthakur/manifold/outputs/vipe'), artifact_name='me 1')
2026-03-12 17:51:30,528 - vipe.pipeline.processors - INFO - Minimum UV score: 0.7400
2026-03-12 17:52:55,222 - vipe - INFO - Finished


Reading video stream:   0%|          | 0/332 [00:00<?, ?it/s]
Reading video stream:   0%|          | 1/332 [00:00<01:53,  2.92it/s]
Reading video stream:   2%|▏         | 5/332 [00:00<00:24, 13.33it/s]
Reading video stream:   3%|▎         | 9/332 [00:00<00:16, 19.89it/s]
Reading video stream:   4%|▍         | 13/332 [00:00<00:12, 24.89it/s]
Reading video stream:   5%|▌         | 17/332 [00:00<00:11, 28.22it/s]
Reading video stream:   6%|▋         | 21/332 [00:00<00:10, 29.74it/s]
Reading video stream:   8%|▊         | 25/332 [00:01<00:09, 31.31it/s]
Reading video stream:   9%|▊         | 29/332 [00:01<00:09, 32.01it/s]
Reading video stream:  10%|▉         | 33/332 [00:01<00:09, 32.23it/s]
Reading video stream:  11%|█         | 37/332 [00:01<00:08, 33.67it/s]
Reading video stream:  13%|█▎        | 42/332 [00:01<00:08, 36.05it/s]
Reading video stream:  14%|█▍        | 46/332 [00:01<00:07, 36.66it/s]
Reading video stream:  15%|█▌        | 50/332 [00:01<00:07, 36.75it/s]
Reading video stream:  17%|█▋        | 55/332 [00:01<00:07, 37.35it/s]
Reading video stream:  18%|█▊        | 59/332 [00:01<00:07, 37.13it/s]
Reading video stream:  19%|█▉        | 63/332 [00:02<00:07, 35.13it/s]
Reading video stream:  20%|██        | 67/332 [00:02<00:07, 36.04it/s]
Reading video stream:  21%|██▏       | 71/332 [00:02<00:07, 36.96it/s]
Reading video stream:  23%|██▎       | 75/332 [00:02<00:07, 36.60it/s]
Reading video stream:  24%|██▍       | 79/332 [00:02<00:06, 37.16it/s]
Reading video stream:  25%|██▌       | 83/332 [00:02<00:06, 37.94it/s]
Reading video stream:  27%|██▋       | 88/332 [00:02<00:06, 39.44it/s]
Reading video stream:  28%|██▊       | 92/332 [00:02<00:06, 37.85it/s]
Reading video stream:  29%|██▉       | 96/332 [00:02<00:06, 37.46it/s]
Reading video stream:  30%|███       | 100/332 [00:03<00:06, 37.98it/s]
Reading video stream:  31%|███▏      | 104/332 [00:03<00:06, 37.97it/s]
Reading video stream:  33%|███▎      | 108/332 [00:03<00:05, 38.16it/s]
Reading video stream:  34%|███▍      | 113/332 [00:03<00:05, 38.98it/s]
Reading video stream:  35%|███▌      | 117/332 [00:03<00:05, 37.81it/s]
Reading video stream:  36%|███▋      | 121/332 [00:03<00:05, 36.55it/s]
Reading video stream:  38%|███▊      | 125/332 [00:03<00:05, 36.66it/s]
Reading video stream:  39%|███▉      | 129/332 [00:03<00:05, 36.88it/s]
Reading video stream:  40%|████      | 133/332 [00:03<00:05, 37.46it/s]
Reading video stream:  41%|████▏     | 137/332 [00:04<00:05, 36.51it/s]
Reading video stream:  42%|████▏     | 141/332 [00:04<00:05, 35.96it/s]
Reading video stream:  44%|████▎     | 145/332 [00:04<00:05, 35.39it/s]
Reading video stream:  45%|████▍     | 149/332 [00:04<00:05, 36.41it/s]
Reading video stream:  46%|████▌     | 153/332 [00:04<00:05, 35.37it/s]
Reading video stream:  47%|████▋     | 157/332 [00:04<00:04, 36.36it/s]
Reading video stream:  48%|████▊     | 161/332 [00:04<00:04, 36.85it/s]
Reading video stream:  50%|████▉     | 165/332 [00:04<00:04, 36.89it/s]
Reading video stream:  51%|█████     | 169/332 [00:04<00:04, 37.53it/s]
Reading video stream:  52%|█████▏    | 173/332 [00:05<00:04, 36.54it/s]
Reading video stream:  53%|█████▎    | 177/332 [00:05<00:04, 36.86it/s]
Reading video stream:  55%|█████▍    | 181/332 [00:05<00:04, 35.48it/s]
Reading video stream:  56%|█████▌    | 185/332 [00:05<00:04, 35.38it/s]
Reading video stream:  57%|█████▋    | 190/332 [00:05<00:03, 36.46it/s]
Reading video stream:  59%|█████▊    | 195/332 [00:05<00:03, 38.22it/s]
Reading video stream:  60%|█████▉    | 199/332 [00:05<00:03, 38.59it/s]
Reading video stream:  61%|██████    | 203/332 [00:05<00:03, 38.60it/s]
Reading video stream:  62%|██████▏   | 207/332 [00:05<00:03, 37.76it/s]
Reading video stream:  64%|██████▎   | 211/332 [00:06<00:03, 36.53it/s]
Reading video stream:  65%|██████▌   | 216/332 [00:06<00:03, 38.66it/s]
Reading video stream:  66%|██████▋   | 220/332 [00:06<00:02, 38.53it/s]
Reading video stream:  67%|██████▋   | 224/332 [00:06<00:02, 38.39it/s]
Reading video stream:  69%|██████▊   | 228/332 [00:06<00:02, 37.79it/s]
Reading video stream:  70%|███████   | 233/332 [00:06<00:02, 38.60it/s]
Reading video stream:  72%|███████▏  | 238/332 [00:06<00:02, 39.11it/s]
Reading video stream:  73%|███████▎  | 242/332 [00:06<00:02, 37.44it/s]
Reading video stream:  74%|███████▍  | 247/332 [00:06<00:02, 39.07it/s]
Reading video stream:  76%|███████▌  | 251/332 [00:07<00:02, 38.62it/s]
Reading video stream:  77%|███████▋  | 255/332 [00:07<00:01, 38.79it/s]
Reading video stream:  78%|███████▊  | 259/332 [00:07<00:01, 37.94it/s]
Reading video stream:  79%|███████▉  | 263/332 [00:07<00:01, 37.83it/s]
Reading video stream:  80%|████████  | 267/332 [00:07<00:01, 38.34it/s]
Reading video stream:  82%|████████▏ | 271/332 [00:07<00:01, 37.87it/s]
Reading video stream:  83%|████████▎ | 275/332 [00:07<00:01, 37.94it/s]
Reading video stream:  84%|████████▍ | 279/332 [00:07<00:01, 37.13it/s]
Reading video stream:  86%|████████▌ | 284/332 [00:07<00:01, 38.16it/s]
Reading video stream:  87%|████████▋ | 288/332 [00:08<00:01, 37.82it/s]
Reading video stream:  88%|████████▊ | 292/332 [00:08<00:01, 37.97it/s]
Reading video stream:  89%|████████▉ | 297/332 [00:08<00:00, 39.43it/s]
Reading video stream:  91%|█████████ | 301/332 [00:08<00:00, 36.37it/s]
Reading video stream:  92%|█████████▏| 305/332 [00:08<00:00, 36.00it/s]
Reading video stream:  93%|█████████▎| 309/332 [00:08<00:00, 36.13it/s]
Reading video stream:  94%|█████████▍| 313/332 [00:08<00:00, 36.26it/s]
Reading video stream:  96%|█████████▌| 318/332 [00:08<00:00, 38.13it/s]
Reading video stream:  97%|█████████▋| 322/332 [00:08<00:00, 37.97it/s]
Reading video stream:  98%|█████████▊| 326/332 [00:09<00:00, 38.07it/s]
Reading video stream:  99%|█████████▉| 330/332 [00:09<00:00, 36.58it/s]
Reading video stream: 100%|██████████| 332/332 [00:09<00:00, 35.93it/s]

Caching:   0%|          | 0/30 [00:00<?, ?it/s]
Caching:  47%|████▋     | 14/30 [00:00<00:00, 130.81it/s]
Caching:  93%|█████████▎| 28/30 [00:00<00:00, 125.29it/s]
Caching: 100%|██████████| 30/30 [00:00<00:00, 125.57it/s]

Caching:   0%|          | 0/30 [00:00<?, ?it/s]
Caching:  43%|████▎     | 13/30 [00:00<00:00, 122.91it/s]
Caching:  87%|████████▋ | 26/30 [00:00<00:00, 123.38it/s]
Caching: 100%|██████████| 30/30 [00:00<00:00, 123.15it/s]

SLAM Pass (1/2):   0%|          | 0/332 [00:00<?, ?it/s]
SLAM Pass (1/2):   0%|          | 1/332 [00:08<46:24,  8.41s/it]
SLAM Pass (1/2):   1%|          | 2/332 [00:09<21:01,  3.82s/it]
SLAM Pass (1/2):   1%|          | 4/332 [00:09<08:01,  1.47s/it]
SLAM Pass (1/2):   2%|▏         | 6/332 [00:09<04:22,  1.24it/s]
SLAM Pass (1/2):   2%|▏         | 8/332 [00:09<02:44,  1.97it/s]
SLAM Pass (1/2):   3%|▎         | 10/332 [00:09<01:51,  2.88it/s]
SLAM Pass (1/2):   4%|▎         | 12/332 [00:09<01:20,  4.00it/s]
SLAM Pass (1/2):   4%|▍         | 14/332 [00:09<01:00,  5.26it/s]
SLAM Pass (1/2):   5%|▍         | 16/332 [00:09<00:47,  6.62it/s]
SLAM Pass (1/2):   5%|▌         | 18/332 [00:10<00:38,  8.07it/s]
SLAM Pass (1/2):   6%|▌         | 20/332 [00:10<00:32,  9.47it/s]
SLAM Pass (1/2):   7%|▋         | 22/332 [00:10<00:29, 10.67it/s]
SLAM Pass (1/2):   7%|▋         | 24/332 [00:10<00:26, 11.69it/s]
SLAM Pass (1/2):   8%|▊         | 26/332 [00:10<00:24, 12.62it/s]
SLAM Pass (1/2):   8%|▊         | 28/332 [00:10<00:22, 13.34it/s]
SLAM Pass (1/2):   9%|▉         | 30/332 [00:10<00:21, 13.93it/s]
SLAM Pass (1/2):  10%|▉         | 32/332 [00:11<00:20, 14.30it/s]
SLAM Pass (1/2):  10%|█         | 34/332 [00:11<00:20, 14.55it/s]
SLAM Pass (1/2):  11%|█         | 36/332 [00:11<00:20, 14.78it/s]
SLAM Pass (1/2):  11%|█▏        | 38/332 [00:11<00:19, 14.95it/s]
SLAM Pass (1/2):  12%|█▏        | 40/332 [00:11<00:19, 14.95it/s]
SLAM Pass (1/2):  13%|█▎        | 42/332 [00:11<00:19, 15.10it/s]
SLAM Pass (1/2):  13%|█▎        | 44/332 [00:11<00:18, 15.21it/s]
SLAM Pass (1/2):  14%|█▍        | 46/332 [00:11<00:18, 15.37it/s]
SLAM Pass (1/2):  14%|█▍        | 48/332 [00:12<00:18, 15.40it/s]
SLAM Pass (1/2):  15%|█▌        | 50/332 [00:12<00:18, 15.42it/s]
SLAM Pass (1/2):  16%|█▌        | 52/332 [00:12<00:18, 15.48it/s]
SLAM Pass (1/2):  16%|█▋        | 54/332 [00:12<00:17, 15.46it/s]
SLAM Pass (1/2):  17%|█▋        | 56/332 [00:12<00:17, 15.40it/s]
SLAM Pass (1/2):  17%|█▋        | 58/332 [00:12<00:17, 15.39it/s]
SLAM Pass (1/2):  18%|█▊        | 60/332 [00:12<00:17, 15.29it/s]
SLAM Pass (1/2):  19%|█▊        | 62/332 [00:13<00:33,  8.00it/s]
SLAM Pass (1/2):  19%|█▉        | 64/332 [00:13<00:28,  9.30it/s]
SLAM Pass (1/2):  20%|█▉        | 66/332 [00:13<00:25, 10.53it/s]
SLAM Pass (1/2):  20%|██        | 68/332 [00:13<00:22, 11.60it/s]
SLAM Pass (1/2):  21%|██        | 70/332 [00:13<00:21, 12.39it/s]
SLAM Pass (1/2):  22%|██▏       | 72/332 [00:14<00:19, 13.10it/s]
SLAM Pass (1/2):  22%|██▏       | 74/332 [00:14<00:18, 13.67it/s]
SLAM Pass (1/2):  23%|██▎       | 76/332 [00:14<00:18, 14.08it/s]
SLAM Pass (1/2):  23%|██▎       | 78/332 [00:14<00:17, 14.40it/s]
SLAM Pass (1/2):  24%|██▍       | 80/332 [00:14<00:17, 14.62it/s]
SLAM Pass (1/2):  25%|██▍       | 82/332 [00:14<00:16, 14.78it/s]
SLAM Pass (1/2):  25%|██▌       | 84/332 [00:14<00:16, 14.92it/s]
SLAM Pass (1/2):  26%|██▌       | 86/332 [00:14<00:16, 14.96it/s]
SLAM Pass (1/2):  27%|██▋       | 88/332 [00:15<00:16, 14.97it/s]
SLAM Pass (1/2):  27%|██▋       | 90/332 [00:15<00:16, 15.00it/s]
SLAM Pass (1/2):  28%|██▊       | 92/332 [00:15<00:15, 15.09it/s]
SLAM Pass (1/2):  28%|██▊       | 94/332 [00:15<00:15, 15.07it/s]
SLAM Pass (1/2):  29%|██▉       | 96/332 [00:15<00:15, 15.07it/s]
SLAM Pass (1/2):  30%|██▉       | 98/332 [00:15<00:15, 15.10it/s]
SLAM Pass (1/2):  30%|███       | 100/332 [00:15<00:15, 15.06it/s]
SLAM Pass (1/2):  31%|███       | 102/332 [00:16<00:15, 15.00it/s]
SLAM Pass (1/2):  31%|███▏      | 104/332 [00:16<00:15, 14.93it/s]
SLAM Pass (1/2):  32%|███▏      | 106/332 [00:16<00:15, 14.87it/s]
SLAM Pass (1/2):  33%|███▎      | 108/332 [00:16<00:15, 14.75it/s]
SLAM Pass (1/2):  33%|███▎      | 110/332 [00:16<00:15, 14.73it/s]
SLAM Pass (1/2):  34%|███▎      | 112/332 [00:16<00:14, 14.69it/s]
SLAM Pass (1/2):  34%|███▍      | 114/332 [00:16<00:14, 14.75it/s]
SLAM Pass (1/2):  35%|███▍      | 116/332 [00:16<00:14, 14.78it/s]
SLAM Pass (1/2):  36%|███▌      | 118/332 [00:17<00:14, 14.69it/s]
SLAM Pass (1/2):  36%|███▌      | 120/332 [00:17<00:14, 14.70it/s]
SLAM Pass (1/2):  37%|███▋      | 122/332 [00:17<00:26,  7.89it/s]
SLAM Pass (1/2):  37%|███▋      | 124/332 [00:17<00:22,  9.23it/s]
SLAM Pass (1/2):  38%|███▊      | 126/332 [00:18<00:19, 10.35it/s]
SLAM Pass (1/2):  39%|███▊      | 128/332 [00:18<00:18, 11.20it/s]
SLAM Pass (1/2):  39%|███▉      | 130/332 [00:18<00:16, 11.91it/s]
SLAM Pass (1/2):  40%|███▉      | 132/332 [00:18<00:16, 12.35it/s]
SLAM Pass (1/2):  40%|████      | 134/332 [00:18<00:15, 12.72it/s]
SLAM Pass (1/2):  41%|████      | 136/332 [00:18<00:15, 12.96it/s]
SLAM Pass (1/2):  42%|████▏     | 138/332 [00:18<00:14, 13.10it/s]
SLAM Pass (1/2):  42%|████▏     | 140/332 [00:19<00:14, 13.26it/s]
SLAM Pass (1/2):  43%|████▎     | 142/332 [00:19<00:14, 13.46it/s]
SLAM Pass (1/2):  43%|████▎     | 144/332 [00:19<00:13, 13.52it/s]
SLAM Pass (1/2):  44%|████▍     | 146/332 [00:19<00:13, 13.61it/s]
SLAM Pass (1/2):  45%|████▍     | 148/332 [00:19<00:13, 13.53it/s]
SLAM Pass (1/2):  45%|████▌     | 150/332 [00:19<00:13, 13.52it/s]
SLAM Pass (1/2):  46%|████▌     | 152/332 [00:19<00:13, 13.47it/s]
SLAM Pass (1/2):  46%|████▋     | 154/332 [00:20<00:13, 13.55it/s]
SLAM Pass (1/2):  47%|████▋     | 156/332 [00:20<00:12, 13.63it/s]
SLAM Pass (1/2):  48%|████▊     | 158/332 [00:20<00:12, 13.68it/s]
SLAM Pass (1/2):  48%|████▊     | 160/332 [00:20<00:12, 13.71it/s]
SLAM Pass (1/2):  49%|████▉     | 162/332 [00:20<00:12, 13.71it/s]
SLAM Pass (1/2):  49%|████▉     | 164/332 [00:20<00:12, 13.69it/s]
SLAM Pass (1/2):  50%|█████     | 166/332 [00:20<00:12, 13.70it/s]
SLAM Pass (1/2):  51%|█████     | 168/332 [00:21<00:12, 13.58it/s]
SLAM Pass (1/2):  51%|█████     | 170/332 [00:21<00:11, 13.53it/s]
SLAM Pass (1/2):  52%|█████▏    | 172/332 [00:21<00:11, 13.48it/s]
SLAM Pass (1/2):  52%|█████▏    | 174/332 [00:21<00:11, 13.43it/s]
SLAM Pass (1/2):  53%|█████▎    | 176/332 [00:21<00:11, 13.39it/s]
SLAM Pass (1/2):  54%|█████▎    | 178/332 [00:21<00:11, 13.35it/s]
SLAM Pass (1/2):  54%|█████▍    | 180/332 [00:21<00:11, 13.39it/s]
SLAM Pass (1/2):  55%|█████▍    | 182/332 [00:22<00:20,  7.47it/s]
SLAM Pass (1/2):  55%|█████▌    | 184/332 [00:22<00:17,  8.63it/s]
SLAM Pass (1/2):  56%|█████▌    | 186/332 [00:22<00:15,  9.72it/s]
SLAM Pass (1/2):  57%|█████▋    | 188/332 [00:22<00:13, 10.63it/s]
SLAM Pass (1/2):  57%|█████▋    | 190/332 [00:23<00:12, 11.37it/s]
SLAM Pass (1/2):  58%|█████▊    | 192/332 [00:23<00:11, 11.94it/s]
SLAM Pass (1/2):  58%|█████▊    | 194/332 [00:23<00:11, 12.36it/s]
SLAM Pass (1/2):  59%|█████▉    | 196/332 [00:23<00:10, 12.75it/s]
SLAM Pass (1/2):  60%|█████▉    | 198/332 [00:23<00:10, 12.98it/s]
SLAM Pass (1/2):  60%|██████    | 200/332 [00:23<00:10, 13.13it/s]
SLAM Pass (1/2):  61%|██████    | 202/332 [00:24<00:09, 13.33it/s]
SLAM Pass (1/2):  61%|██████▏   | 204/332 [00:24<00:09, 13.40it/s]
SLAM Pass (1/2):  62%|██████▏   | 206/332 [00:24<00:09, 13.45it/s]
SLAM Pass (1/2):  63%|██████▎   | 208/332 [00:24<00:09, 13.59it/s]
SLAM Pass (1/2):  63%|██████▎   | 210/332 [00:24<00:08, 13.63it/s]
SLAM Pass (1/2):  64%|██████▍   | 212/332 [00:24<00:08, 13.62it/s]
SLAM Pass (1/2):  64%|██████▍   | 214/332 [00:24<00:08, 13.61it/s]
SLAM Pass (1/2):  65%|██████▌   | 216/332 [00:25<00:08, 13.63it/s]
SLAM Pass (1/2):  66%|██████▌   | 218/332 [00:25<00:08, 13.67it/s]
SLAM Pass (1/2):  66%|██████▋   | 220/332 [00:25<00:08, 13.63it/s]
SLAM Pass (1/2):  67%|██████▋   | 222/332 [00:25<00:08, 13.67it/s]
SLAM Pass (1/2):  67%|██████▋   | 224/332 [00:25<00:07, 13.69it/s]
SLAM Pass (1/2):  68%|██████▊   | 226/332 [00:25<00:07, 13.72it/s]
SLAM Pass (1/2):  69%|██████▊   | 228/332 [00:25<00:07, 13.76it/s]
SLAM Pass (1/2):  69%|██████▉   | 230/332 [00:26<00:07, 13.68it/s]
SLAM Pass (1/2):  70%|██████▉   | 232/332 [00:26<00:07, 13.67it/s]
SLAM Pass (1/2):  70%|███████   | 234/332 [00:26<00:07, 13.52it/s]
SLAM Pass (1/2):  71%|███████   | 236/332 [00:26<00:07, 13.48it/s]
SLAM Pass (1/2):  72%|███████▏  | 238/332 [00:26<00:07, 13.38it/s]
SLAM Pass (1/2):  72%|███████▏  | 240/332 [00:26<00:06, 13.38it/s]
SLAM Pass (1/2):  73%|███████▎  | 242/332 [00:27<00:12,  7.50it/s]
SLAM Pass (1/2):  73%|███████▎  | 244/332 [00:27<00:10,  8.66it/s]
SLAM Pass (1/2):  74%|███████▍  | 246/332 [00:27<00:08,  9.69it/s]
SLAM Pass (1/2):  75%|███████▍  | 248/332 [00:27<00:07, 10.57it/s]
SLAM Pass (1/2):  75%|███████▌  | 250/332 [00:27<00:07, 11.28it/s]
SLAM Pass (1/2):  76%|███████▌  | 252/332 [00:28<00:06, 11.86it/s]
SLAM Pass (1/2):  77%|███████▋  | 254/332 [00:28<00:06, 12.20it/s]
SLAM Pass (1/2):  77%|███████▋  | 256/332 [00:28<00:06, 12.52it/s]
SLAM Pass (1/2):  78%|███████▊  | 258/332 [00:28<00:05, 12.73it/s]
SLAM Pass (1/2):  78%|███████▊  | 260/332 [00:28<00:05, 12.94it/s]
SLAM Pass (1/2):  79%|███████▉  | 262/332 [00:28<00:05, 13.12it/s]
SLAM Pass (1/2):  80%|███████▉  | 264/332 [00:28<00:05, 13.35it/s]
SLAM Pass (1/2):  80%|████████  | 266/332 [00:29<00:04, 13.35it/s]
SLAM Pass (1/2):  81%|████████  | 268/332 [00:29<00:04, 13.52it/s]
SLAM Pass (1/2):  81%|████████▏ | 270/332 [00:29<00:04, 13.53it/s]
SLAM Pass (1/2):  82%|████████▏ | 272/332 [00:29<00:04, 13.61it/s]
SLAM Pass (1/2):  83%|████████▎ | 274/332 [00:29<00:04, 13.55it/s]
SLAM Pass (1/2):  83%|████████▎ | 276/332 [00:29<00:04, 13.38it/s]
SLAM Pass (1/2):  84%|████████▎ | 278/332 [00:30<00:04, 13.45it/s]
SLAM Pass (1/2):  84%|████████▍ | 280/332 [00:30<00:03, 13.52it/s]
SLAM Pass (1/2):  85%|████████▍ | 282/332 [00:30<00:03, 13.65it/s]
SLAM Pass (1/2):  86%|████████▌ | 284/332 [00:30<00:03, 13.68it/s]
SLAM Pass (1/2):  86%|████████▌ | 286/332 [00:30<00:03, 13.71it/s]
SLAM Pass (1/2):  87%|████████▋ | 288/332 [00:30<00:03, 13.63it/s]
SLAM Pass (1/2):  87%|████████▋ | 290/332 [00:30<00:03, 13.58it/s]
SLAM Pass (1/2):  88%|████████▊ | 292/332 [00:31<00:02, 13.68it/s]
SLAM Pass (1/2):  89%|████████▊ | 294/332 [00:31<00:02, 13.67it/s]
SLAM Pass (1/2):  89%|████████▉ | 296/332 [00:31<00:02, 13.59it/s]
SLAM Pass (1/2):  90%|████████▉ | 298/332 [00:31<00:02, 13.63it/s]
SLAM Pass (1/2):  90%|█████████ | 300/332 [00:31<00:02, 13.67it/s]
SLAM Pass (1/2):  91%|█████████ | 302/332 [00:32<00:03,  7.53it/s]
SLAM Pass (1/2):  92%|█████████▏| 304/332 [00:32<00:03,  8.70it/s]
SLAM Pass (1/2):  92%|█████████▏| 306/332 [00:32<00:02,  9.78it/s]
SLAM Pass (1/2):  93%|█████████▎| 308/332 [00:32<00:02, 10.69it/s]
SLAM Pass (1/2):  93%|█████████▎| 310/332 [00:32<00:01, 11.45it/s]
SLAM Pass (1/2):  94%|█████████▍| 312/332 [00:32<00:01, 11.95it/s]
SLAM Pass (1/2):  95%|█████████▍| 314/332 [00:33<00:01, 12.41it/s]
SLAM Pass (1/2):  95%|█████████▌| 316/332 [00:33<00:01, 12.74it/s]
SLAM Pass (1/2):  96%|█████████▌| 318/332 [00:33<00:01, 12.89it/s]
SLAM Pass (1/2):  96%|█████████▋| 320/332 [00:33<00:00, 13.02it/s]
SLAM Pass (1/2):  97%|█████████▋| 322/332 [00:33<00:00, 13.04it/s]
SLAM Pass (1/2):  98%|█████████▊| 324/332 [00:33<00:00, 13.13it/s]
SLAM Pass (1/2):  98%|█████████▊| 326/332 [00:33<00:00, 13.21it/s]
SLAM Pass (1/2):  99%|█████████▉| 328/332 [00:34<00:00, 13.20it/s]
SLAM Pass (1/2):  99%|█████████▉| 330/332 [00:34<00:00, 13.27it/s]
SLAM Pass (1/2): 100%|██████████| 332/332 [00:34<00:00, 11.22it/s]
SLAM Pass (1/2): 100%|██████████| 332/332 [00:34<00:00,  9.62it/s]

Update depth:   0%|          | 0/2 [00:00<?, ?it/s]
Update depth: 100%|██████████| 2/2 [00:00<00:00, 35.87it/s]

Update depth:   0%|          | 0/2 [00:00<?, ?it/s]
Update depth: 100%|██████████| 2/2 [00:00<00:00, 35.18it/s]

SLAM Pass (2/2):   0%|          | 0/332 [00:00<?, ?it/s]
SLAM Pass (2/2):   5%|▍         | 16/332 [00:00<00:06, 51.44it/s]
SLAM Pass (2/2):  10%|▉         | 32/332 [00:00<00:05, 52.07it/s]
SLAM Pass (2/2):  14%|█▍        | 48/332 [00:00<00:05, 52.24it/s]
SLAM Pass (2/2):  19%|█▉        | 64/332 [00:01<00:05, 52.18it/s]
SLAM Pass (2/2):  24%|██▍       | 80/332 [00:01<00:04, 52.36it/s]
SLAM Pass (2/2):  29%|██▉       | 96/332 [00:01<00:04, 52.55it/s]
SLAM Pass (2/2):  34%|███▎      | 112/332 [00:02<00:04, 52.59it/s]
SLAM Pass (2/2):  39%|███▊      | 128/332 [00:02<00:03, 52.43it/s]
SLAM Pass (2/2):  43%|████▎     | 144/332 [00:02<00:03, 51.90it/s]
SLAM Pass (2/2):  48%|████▊     | 160/332 [00:03<00:03, 51.40it/s]
SLAM Pass (2/2):  53%|█████▎    | 176/332 [00:03<00:03, 51.29it/s]
SLAM Pass (2/2):  58%|█████▊    | 192/332 [00:03<00:02, 51.23it/s]
SLAM Pass (2/2):  63%|██████▎   | 208/332 [00:04<00:02, 51.33it/s]
SLAM Pass (2/2):  67%|██████▋   | 224/332 [00:04<00:02, 51.42it/s]
SLAM Pass (2/2):  72%|███████▏  | 240/332 [00:04<00:01, 51.45it/s]
SLAM Pass (2/2):  77%|███████▋  | 256/332 [00:04<00:01, 51.49it/s]
SLAM Pass (2/2):  82%|████████▏ | 272/332 [00:05<00:01, 51.51it/s]
SLAM Pass (2/2):  87%|████████▋ | 288/332 [00:05<00:00, 51.54it/s]
SLAM Pass (2/2):  92%|█████████▏| 304/332 [00:05<00:00, 51.57it/s]
SLAM Pass (2/2):  96%|█████████▋| 320/332 [00:06<00:00, 51.55it/s]
SLAM Pass (2/2): 100%|██████████| 332/332 [00:06<00:00, 49.63it/s]
SLAM Pass (2/2): 100%|██████████| 332/332 [00:06<00:00, 51.42it/s]

Aligning depth: 0it [00:00, ?it/s]
                                  

Aligning depth: 0it [00:00, ?it/s]
Aligning depth: 1it [00:00,  1.06it/s]
Aligning depth: 2it [00:01,  2.10it/s]
Aligning depth: 3it [00:01,  3.08it/s]
Aligning depth: 4it [00:01,  3.93it/s]
Aligning depth: 5it [00:01,  4.65it/s]
Aligning depth: 6it [00:01,  5.22it/s]
Aligning depth: 7it [00:01,  5.67it/s]
Aligning depth: 8it [00:01,  5.98it/s]
Aligning depth: 9it [00:02,  6.23it/s]
Aligning depth: 10it [00:02,  6.41it/s]
Aligning depth: 11it [00:02,  6.54it/s]
Aligning depth: 12it [00:02,  6.63it/s]
Aligning depth: 13it [00:02,  6.70it/s]
Aligning depth: 14it [00:02,  6.74it/s]
Aligning depth: 15it [00:02,  6.77it/s]
Aligning depth: 16it [00:03,  6.79it/s]
Aligning depth: 17it [00:03,  6.80it/s]
Aligning depth: 18it [00:03,  6.82it/s]
Aligning depth: 19it [00:03,  6.82it/s]
Aligning depth: 20it [00:03,  6.83it/s]
Aligning depth: 21it [00:03,  6.82it/s]
Aligning depth: 22it [00:04,  6.81it/s]
Aligning depth: 23it [00:04,  6.81it/s]
Aligning depth: 24it [00:04,  6.80it/s]
Aligning depth: 25it [00:04,  6.80it/s]
Aligning depth: 26it [00:04,  6.73it/s]
Aligning depth: 27it [00:04,  6.65it/s]
Aligning depth: 28it [00:04,  6.55it/s]
Aligning depth: 29it [00:05,  6.47it/s]
Aligning depth: 30it [00:05,  6.44it/s]
Aligning depth: 31it [00:05,  6.42it/s]
Aligning depth: 32it [00:05,  6.40it/s]
Aligning depth: 33it [00:05,  6.39it/s]
Aligning depth: 34it [00:05,  6.38it/s]
Aligning depth: 35it [00:06,  6.38it/s]
Aligning depth: 36it [00:06,  6.36it/s]
Aligning depth: 37it [00:06,  6.36it/s]
Aligning depth: 38it [00:06,  6.36it/s]
Aligning depth: 39it [00:06,  6.36it/s]
Aligning depth: 40it [00:06,  6.35it/s]
Aligning depth: 41it [00:06,  6.35it/s]
Aligning depth: 42it [00:07,  6.35it/s]
Aligning depth: 43it [00:07,  6.35it/s]
Aligning depth: 44it [00:07,  6.34it/s]
Aligning depth: 45it [00:07,  6.35it/s]
Aligning depth: 46it [00:07,  6.35it/s]
Aligning depth: 47it [00:07,  6.35it/s]
Aligning depth: 48it [00:08,  6.35it/s]
Aligning depth: 49it [00:08,  6.35it/s]
Aligning depth: 50it [00:08,  6.35it/s]
Aligning depth: 51it [00:08,  6.33it/s]
Aligning depth: 52it [00:08,  6.30it/s]
Aligning depth: 53it [00:08,  6.32it/s]
Aligning depth: 54it [00:09,  6.32it/s]
Aligning depth: 55it [00:09,  6.32it/s]
Aligning depth: 56it [00:09,  6.32it/s]
Aligning depth: 57it [00:09,  6.31it/s]
Aligning depth: 58it [00:09,  6.31it/s]
Aligning depth: 59it [00:09,  6.29it/s]
Aligning depth: 60it [00:09,  6.26it/s]
Aligning depth: 61it [00:10,  6.25it/s]
Aligning depth: 62it [00:10,  6.23it/s]
Aligning depth: 63it [00:10,  6.23it/s]
Aligning depth: 64it [00:10,  6.22it/s]
Aligning depth: 65it [00:10,  6.20it/s]
Aligning depth: 66it [00:10,  6.20it/s]
Aligning depth: 67it [00:11,  6.19it/s]
Aligning depth: 68it [00:11,  6.20it/s]
Aligning depth: 69it [00:11,  6.20it/s]
Aligning depth: 70it [00:11,  6.20it/s]
Aligning depth: 71it [00:11,  6.20it/s]
Aligning depth: 72it [00:11,  6.20it/s]
Aligning depth: 73it [00:12,  6.19it/s]
Aligning depth: 74it [00:12,  6.19it/s]
Aligning depth: 75it [00:12,  6.18it/s]
Aligning depth: 76it [00:12,  6.17it/s]
Aligning depth: 77it [00:12,  6.16it/s]
Aligning depth: 78it [00:12,  6.16it/s]
Aligning depth: 79it [00:13,  6.17it/s]
Aligning depth: 80it [00:13,  6.16it/s]
Aligning depth: 81it [00:13,  6.16it/s]
Aligning depth: 82it [00:13,  6.17it/s]
Aligning depth: 83it [00:13,  6.15it/s]
Aligning depth: 84it [00:13,  6.16it/s]
Aligning depth: 85it [00:14,  6.17it/s]
Aligning depth: 86it [00:14,  6.19it/s]
Aligning depth: 87it [00:14,  6.20it/s]
Aligning depth: 88it [00:14,  6.19it/s]
Aligning depth: 89it [00:14,  6.20it/s]
Aligning depth: 90it [00:14,  6.20it/s]
Aligning depth: 91it [00:14,  6.21it/s]
Aligning depth: 92it [00:15,  6.21it/s]
Aligning depth: 93it [00:15,  6.20it/s]
Aligning depth: 94it [00:15,  6.21it/s]
Aligning depth: 95it [00:15,  6.21it/s]
Aligning depth: 96it [00:15,  6.21it/s]
Aligning depth: 97it [00:15,  6.20it/s]
Aligning depth: 98it [00:16,  6.20it/s]
Aligning depth: 99it [00:16,  6.20it/s]
Aligning depth: 100it [00:16,  6.20it/s]
Aligning depth: 101it [00:16,  6.20it/s]
Aligning depth: 102it [00:16,  6.19it/s]
Aligning depth: 103it [00:16,  6.16it/s]
Aligning depth: 104it [00:17,  6.16it/s]
Aligning depth: 105it [00:17,  6.16it/s]
Aligning depth: 106it [00:17,  6.16it/s]
Aligning depth: 107it [00:17,  6.15it/s]
Aligning depth: 108it [00:17,  6.15it/s]
Aligning depth: 109it [00:17,  6.15it/s]
Aligning depth: 110it [00:18,  6.15it/s]
Aligning depth: 111it [00:18,  6.15it/s]
Aligning depth: 112it [00:18,  6.15it/s]
Aligning depth: 113it [00:18,  6.13it/s]
Aligning depth: 114it [00:18,  6.13it/s]
Aligning depth: 115it [00:18,  6.15it/s]
Aligning depth: 116it [00:19,  6.16it/s]
Aligning depth: 117it [00:19,  6.16it/s]
Aligning depth: 118it [00:19,  6.17it/s]
Aligning depth: 119it [00:19,  6.17it/s]
Aligning depth: 120it [00:19,  6.18it/s]
Aligning depth: 121it [00:19,  6.18it/s]
Aligning depth: 122it [00:20,  6.16it/s]
Aligning depth: 123it [00:20,  6.15it/s]
Aligning depth: 124it [00:20,  6.15it/s]
Aligning depth: 125it [00:20,  6.14it/s]
Aligning depth: 126it [00:20,  6.14it/s]
Aligning depth: 127it [00:20,  6.13it/s]
Aligning depth: 128it [00:20,  6.13it/s]
Aligning depth: 129it [00:21,  6.14it/s]
Aligning depth: 130it [00:21,  6.14it/s]
Aligning depth: 131it [00:21,  6.15it/s]
Aligning depth: 132it [00:21,  6.14it/s]
Aligning depth: 133it [00:21,  6.15it/s]
Aligning depth: 134it [00:21,  6.17it/s]
Aligning depth: 135it [00:22,  6.17it/s]
Aligning depth: 136it [00:22,  6.18it/s]
Aligning depth: 137it [00:22,  6.18it/s]
Aligning depth: 138it [00:22,  6.18it/s]
Aligning depth: 139it [00:22,  6.18it/s]
Aligning depth: 140it [00:22,  6.19it/s]
Aligning depth: 141it [00:23,  6.19it/s]
Aligning depth: 142it [00:23,  6.20it/s]
Aligning depth: 143it [00:23,  6.19it/s]
Aligning depth: 144it [00:23,  6.19it/s]
Aligning depth: 145it [00:23,  6.19it/s]
Aligning depth: 146it [00:23,  6.19it/s]
Aligning depth: 147it [00:24,  6.20it/s]
Aligning depth: 148it [00:24,  6.20it/s]
Aligning depth: 149it [00:24,  6.19it/s]
Aligning depth: 150it [00:24,  6.17it/s]
Aligning depth: 151it [00:24,  6.16it/s]
Aligning depth: 152it [00:24,  6.17it/s]
Aligning depth: 153it [00:25,  6.17it/s]
Aligning depth: 154it [00:25,  6.15it/s]
Aligning depth: 155it [00:25,  6.15it/s]
Aligning depth: 156it [00:25,  6.15it/s]
Aligning depth: 157it [00:25,  6.16it/s]
Aligning depth: 158it [00:25,  6.16it/s]
Aligning depth: 159it [00:26,  6.15it/s]
Aligning depth: 160it [00:26,  6.15it/s]
Aligning depth: 161it [00:26,  6.16it/s]
Aligning depth: 162it [00:26,  6.18it/s]
Aligning depth: 163it [00:26,  6.18it/s]
Aligning depth: 164it [00:26,  6.17it/s]
Aligning depth: 165it [00:26,  6.17it/s]
Aligning depth: 166it [00:27,  6.17it/s]
Aligning depth: 167it [00:27,  6.17it/s]
Aligning depth: 168it [00:27,  6.16it/s]
Aligning depth: 169it [00:27,  6.17it/s]
Aligning depth: 170it [00:27,  6.18it/s]
Aligning depth: 171it [00:27,  6.18it/s]
Aligning depth: 172it [00:28,  6.19it/s]
Aligning depth: 173it [00:28,  6.19it/s]
Aligning depth: 174it [00:28,  6.19it/s]
Aligning depth: 175it [00:28,  6.19it/s]
Aligning depth: 176it [00:28,  6.19it/s]
Aligning depth: 177it [00:28,  6.19it/s]
Aligning depth: 178it [00:29,  6.20it/s]
Aligning depth: 179it [00:29,  6.20it/s]
Aligning depth: 180it [00:29,  6.20it/s]
Aligning depth: 181it [00:29,  6.20it/s]
Aligning depth: 182it [00:29,  6.17it/s]
Aligning depth: 183it [00:29,  6.18it/s]
Aligning depth: 184it [00:30,  6.19it/s]
Aligning depth: 185it [00:30,  6.18it/s]
Aligning depth: 186it [00:30,  6.17it/s]
Aligning depth: 187it [00:30,  6.13it/s]
Aligning depth: 188it [00:30,  6.15it/s]
Aligning depth: 189it [00:30,  6.15it/s]
Aligning depth: 190it [00:31,  6.15it/s]
Aligning depth: 191it [00:31,  6.16it/s]
Aligning depth: 192it [00:31,  6.17it/s]
Aligning depth: 193it [00:31,  6.18it/s]
Aligning depth: 194it [00:31,  6.19it/s]
Aligning depth: 195it [00:31,  6.19it/s]
Aligning depth: 196it [00:32,  6.18it/s]
Aligning depth: 197it [00:32,  6.17it/s]
Aligning depth: 198it [00:32,  6.18it/s]
Aligning depth: 199it [00:32,  6.19it/s]
Aligning depth: 200it [00:32,  6.20it/s]
Aligning depth: 201it [00:32,  6.20it/s]
Aligning depth: 202it [00:32,  6.18it/s]
Aligning depth: 203it [00:33,  6.18it/s]
Aligning depth: 204it [00:33,  6.18it/s]
Aligning depth: 205it [00:33,  6.17it/s]
Aligning depth: 206it [00:33,  6.17it/s]
Aligning depth: 207it [00:33,  6.15it/s]
Aligning depth: 208it [00:33,  6.16it/s]
Aligning depth: 209it [00:34,  6.16it/s]
Aligning depth: 210it [00:34,  6.16it/s]
Aligning depth: 211it [00:34,  6.15it/s]
Aligning depth: 212it [00:34,  6.14it/s]
Aligning depth: 213it [00:34,  6.15it/s]
Aligning depth: 214it [00:34,  6.16it/s]
Aligning depth: 215it [00:35,  6.17it/s]
Aligning depth: 216it [00:35,  6.17it/s]
Aligning depth: 217it [00:35,  6.17it/s]
Aligning depth: 218it [00:35,  6.18it/s]
Aligning depth: 219it [00:35,  6.18it/s]
Aligning depth: 220it [00:35,  6.18it/s]
Aligning depth: 221it [00:36,  6.18it/s]
Aligning depth: 222it [00:36,  6.18it/s]
Aligning depth: 223it [00:36,  6.17it/s]
Aligning depth: 224it [00:36,  6.18it/s]
Aligning depth: 225it [00:36,  6.19it/s]
Aligning depth: 226it [00:36,  6.19it/s]
Aligning depth: 227it [00:37,  6.19it/s]
Aligning depth: 228it [00:37,  6.20it/s]
Aligning depth: 229it [00:37,  6.20it/s]
Aligning depth: 230it [00:37,  6.20it/s]
Aligning depth: 231it [00:37,  6.19it/s]
Aligning depth: 232it [00:37,  6.19it/s]
Aligning depth: 233it [00:37,  6.20it/s]
Aligning depth: 234it [00:38,  6.20it/s]
Aligning depth: 235it [00:38,  6.20it/s]
Aligning depth: 236it [00:38,  6.20it/s]
Aligning depth: 237it [00:38,  6.19it/s]
Aligning depth: 238it [00:38,  6.18it/s]
Aligning depth: 239it [00:38,  6.18it/s]
Aligning depth: 240it [00:39,  6.18it/s]
Aligning depth: 241it [00:39,  6.19it/s]
Aligning depth: 242it [00:39,  6.18it/s]
Aligning depth: 243it [00:39,  6.19it/s]
Aligning depth: 244it [00:39,  6.19it/s]
Aligning depth: 245it [00:39,  6.19it/s]
Aligning depth: 246it [00:40,  6.20it/s]
Aligning depth: 247it [00:40,  6.20it/s]
Aligning depth: 248it [00:40,  6.20it/s]
Aligning depth: 249it [00:40,  6.19it/s]
Aligning depth: 250it [00:40,  6.18it/s]
Aligning depth: 251it [00:40,  6.19it/s]
Aligning depth: 252it [00:41,  6.18it/s]
Aligning depth: 253it [00:41,  6.16it/s]
Aligning depth: 254it [00:41,  6.16it/s]
Aligning depth: 255it [00:41,  6.15it/s]
Aligning depth: 256it [00:41,  6.16it/s]
Aligning depth: 257it [00:41,  6.15it/s]
Aligning depth: 258it [00:42,  6.16it/s]
Aligning depth: 259it [00:42,  6.16it/s]
Aligning depth: 260it [00:42,  6.16it/s]
Aligning depth: 261it [00:42,  6.17it/s]
Aligning depth: 262it [00:42,  6.18it/s]
Aligning depth: 263it [00:42,  6.18it/s]
Aligning depth: 264it [00:43,  6.19it/s]
Aligning depth: 265it [00:43,  6.17it/s]
Aligning depth: 266it [00:43,  6.16it/s]
Aligning depth: 267it [00:43,  6.16it/s]
Aligning depth: 268it [00:43,  6.15it/s]
Aligning depth: 269it [00:43,  6.15it/s]
Aligning depth: 270it [00:43,  6.15it/s]
Aligning depth: 271it [00:44,  6.16it/s]
Aligning depth: 272it [00:44,  6.16it/s]
Aligning depth: 273it [00:44,  6.15it/s]
Aligning depth: 274it [00:44,  6.16it/s]
Aligning depth: 275it [00:44,  6.16it/s]
Aligning depth: 276it [00:44,  6.17it/s]
Aligning depth: 277it [00:45,  6.17it/s]
Aligning depth: 278it [00:45,  6.16it/s]
Aligning depth: 279it [00:45,  6.17it/s]
Aligning depth: 280it [00:45,  6.17it/s]
Aligning depth: 281it [00:45,  6.16it/s]
Aligning depth: 282it [00:45,  6.16it/s]
Aligning depth: 283it [00:46,  6.16it/s]
Aligning depth: 284it [00:46,  6.17it/s]
Aligning depth: 285it [00:46,  6.19it/s]
Aligning depth: 286it [00:46,  6.19it/s]
Aligning depth: 287it [00:46,  6.20it/s]
Aligning depth: 288it [00:46,  6.20it/s]
Aligning depth: 289it [00:47,  6.20it/s]
Aligning depth: 290it [00:47,  6.20it/s]
Aligning depth: 291it [00:47,  6.19it/s]
Aligning depth: 292it [00:47,  6.18it/s]
Aligning depth: 293it [00:47,  6.18it/s]
Aligning depth: 294it [00:47,  6.19it/s]
Aligning depth: 295it [00:48,  6.18it/s]
Aligning depth: 296it [00:48,  6.18it/s]
Aligning depth: 297it [00:48,  6.18it/s]
Aligning depth: 298it [00:48,  6.18it/s]
Aligning depth: 299it [00:48,  6.18it/s]
Aligning depth: 300it [00:48,  6.19it/s]
Aligning depth: 301it [00:49,  6.19it/s]
Aligning depth: 302it [00:49,  6.21it/s]
Aligning depth: 303it [00:49,  6.22it/s]
Aligning depth: 304it [00:49,  6.23it/s]
Aligning depth: 305it [00:49,  6.23it/s]
Aligning depth: 306it [00:49,  6.22it/s]
Aligning depth: 307it [00:49,  6.23it/s]
Aligning depth: 308it [00:50,  6.22it/s]
Aligning depth: 309it [00:50,  6.22it/s]
Aligning depth: 310it [00:50,  6.20it/s]
Aligning depth: 311it [00:50,  6.19it/s]
Aligning depth: 312it [00:50,  6.20it/s]
Aligning depth: 313it [00:50,  6.21it/s]
Aligning depth: 314it [00:51,  6.22it/s]
Aligning depth: 315it [00:51,  6.22it/s]
Aligning depth: 316it [00:51,  6.22it/s]
Aligning depth: 317it [00:51,  6.23it/s]
Aligning depth: 318it [00:51,  6.22it/s]
Aligning depth: 319it [00:51,  6.21it/s]
Aligning depth: 320it [00:52,  6.21it/s]
Aligning depth: 321it [00:52,  6.22it/s]
Aligning depth: 322it [00:52,  6.21it/s]
Aligning depth: 323it [00:52,  6.23it/s]
Aligning depth: 324it [00:52,  6.22it/s]
Aligning depth: 325it [00:52,  6.21it/s]
Aligning depth: 326it [00:53,  6.21it/s]
Aligning depth: 327it [00:53,  6.21it/s]
Aligning depth: 328it [00:53,  6.22it/s]
Aligning depth: 329it [00:53,  6.21it/s]
Aligning depth: 330it [00:53,  6.20it/s]
Aligning depth: 331it [00:53,  6.20it/s]
Aligning depth: 331it [00:53,  6.13it/s]
huggingface/tokenizers: The current process just got forked, after parallelism has already been used. Disabling parallelism to avoid deadlocks...
To disable this warning, you can either:
	- Avoid using `tokenizers` before the fork if possible
	- Explicitly set the environment variable TOKENIZERS_PARALLELISM=(true | false)

===============================================
Job finished at: Thu Mar 12 17:53:05 CET 2026
Execution took 0.07 hours
Writing output to SLURM_logs/vipe-inference_196.out
===============================================
