Loaded modules:

Currently Loaded Modules:
  1) slurm/current    3) gcc/11.3.0   5) cuda/12.9
  2) DefaultModules   4) 2024r1

 

Wed Mar  4 16:53:48 2026       
+-----------------------------------------------------------------------------------------+
| NVIDIA-SMI 580.105.08             Driver Version: 580.105.08     CUDA Version: 13.0     |
+-----------------------------------------+------------------------+----------------------+
| GPU  Name                 Persistence-M | Bus-Id          Disp.A | Volatile Uncorr. ECC |
| Fan  Temp   Perf          Pwr:Usage/Cap |           Memory-Usage | GPU-Util  Compute M. |
|                                         |                        |               MIG M. |
|=========================================+========================+======================|
|   0  NVIDIA A100 80GB PCIe          On  |   00000000:98:00.0 Off |                    0 |
| N/A   46C    P0             50W /  300W |       0MiB /  81920MiB |      0%      Default |
|                                         |                        |             Disabled |
+-----------------------------------------+------------------------+----------------------+

+-----------------------------------------------------------------------------------------+
| Processes:                                                                              |
|  GPU   GI   CI              PID   Type   Process name                        GPU Memory |
|        ID   ID                                                               Usage      |
|=========================================================================================|
|  No running processes found                                                             |
+-----------------------------------------------------------------------------------------+
================ SLURM JOB INFO ================
Job ID:         9292536
Job Name:       vipe-inference
Partition:      gpu-a100
Node List:      gpu015
CPUs per task:  2
Memory per CPU: 
GPUs per task:  1
Memory per GPU: 32768
Submit dir:     /scratch/mthakur/manifold/models/vipe
Work dir:       /scratch/mthakur/manifold/models/vipe
Job started at: Wed Mar  4 16:53:48 CET 2026
===============================================
/usr/bin/bash: -c: line 1: syntax error near unexpected token `('
/usr/bin/bash: -c: line 1: `/opt/conda/bin/conda run -n vipe vipe infer data/163 (2) FU.MTS --output output/'
===============================================
Job finished at: Wed Mar  4 16:53:48 CET 2026
Execution took 0.00 hours
Writing output to SLURM_logs/vipe-inference_126.out
===============================================
