Loaded modules:

Currently Loaded Modules:
  1) slurm/current    3) gcc/11.3.0   5) cuda/12.9
  2) DefaultModules   4) 2024r1

 

Sun May  3 20:39:08 2026       
+-----------------------------------------------------------------------------------------+
| NVIDIA-SMI 580.126.20             Driver Version: 580.126.20     CUDA Version: 13.0     |
+-----------------------------------------+------------------------+----------------------+
| GPU  Name                 Persistence-M | Bus-Id          Disp.A | Volatile Uncorr. ECC |
| Fan  Temp   Perf          Pwr:Usage/Cap |           Memory-Usage | GPU-Util  Compute M. |
|                                         |                        |               MIG M. |
|=========================================+========================+======================|
|   0  NVIDIA A100 80GB PCIe          On  |   00000000:16:00.0 Off |                    0 |
| N/A   60C    P0             52W /  300W |       0MiB /  81920MiB |      0%      Default |
|                                         |                        |             Disabled |
+-----------------------------------------+------------------------+----------------------+

+-----------------------------------------------------------------------------------------+
| Processes:                                                                              |
|  GPU   GI   CI              PID   Type   Process name                        GPU Memory |
|        ID   ID                                                               Usage      |
|=========================================================================================|
|  No running processes found                                                             |
+-----------------------------------------------------------------------------------------+
================ SLURM JOB INFO ================
Job ID:         9823611
Job Name:       vipe-inference
Partition:      gpu-a100
Node List:      gpu019
CPUs per task:  2
GPUs per task:  1
Memory per GPU: 81920
Submit dir:     /scratch/mthakur/manifold/models/vipe
Work dir:       /scratch/mthakur/manifold/models/vipe
Job started at: Sun May  3 20:39:09 CEST 2026
===============================================
Could not resolve a supported video under /scratch/mthakur/manifold/data/images for VIDEO_NAME='me 1' VIDEO_FILE='me 1.mp4'
