Loaded modules:

Currently Loaded Modules:
  1) slurm/current    3) gcc/11.3.0   5) cuda/12.9
  2) DefaultModules   4) 2024r1

 

Thu Mar  5 16:35:06 2026       
+-----------------------------------------------------------------------------------------+
| NVIDIA-SMI 580.105.08             Driver Version: 580.105.08     CUDA Version: 13.0     |
+-----------------------------------------+------------------------+----------------------+
| GPU  Name                 Persistence-M | Bus-Id          Disp.A | Volatile Uncorr. ECC |
| Fan  Temp   Perf          Pwr:Usage/Cap |           Memory-Usage | GPU-Util  Compute M. |
|                                         |                        |               MIG M. |
|=========================================+========================+======================|
|   0  NVIDIA A100 80GB PCIe          On  |   00000000:AE:00.0 Off |                    0 |
| N/A   41C    P0             66W /  300W |       0MiB /  81920MiB |      0%      Default |
|                                         |                        |             Disabled |
+-----------------------------------------+------------------------+----------------------+

+-----------------------------------------------------------------------------------------+
| Processes:                                                                              |
|  GPU   GI   CI              PID   Type   Process name                        GPU Memory |
|        ID   ID                                                               Usage      |
|=========================================================================================|
|  No running processes found                                                             |
+-----------------------------------------------------------------------------------------+
================ SLURM JOB INFO ================
Job ID:         9299800
Job Name:       vipe-inference
Partition:      gpu-a100
Node List:      gpu013
CPUs per task:  2
Memory per CPU: 
GPUs per task:  1
Memory per GPU: 40960
Submit dir:     /scratch/mthakur/manifold/models/vipe
Work dir:       /scratch/mthakur/manifold/models/vipe
Job started at: Thu Mar  5 16:35:07 CET 2026
===============================================
Usage: vipe infer [OPTIONS] [VIDEO]
Try 'vipe infer --help' for help.

Error: Got unexpected extra arguments (DBS uit.MTS)

ERROR conda.cli.main_run:execute(124): `conda run vipe infer /scratch/mthakur/manifold/data/images/124-6 DBS uit.MTS --output /scratch/mthakur/manifold/outputs/vipe/ --pipeline no_vda` failed. (See above for error)
===============================================
Job finished at: Thu Mar  5 16:35:14 CET 2026
Execution took 0.00 hours
Writing output to SLURM_logs/vipe-inference_190.out
===============================================
