Loaded modules:

Currently Loaded Modules:
  1) slurm/current    3) gcc/11.3.0   5) cuda/12.9
  2) DefaultModules   4) 2024r1

 

Thu Apr  9 11:44:54 2026       
+-----------------------------------------------------------------------------------------+
| NVIDIA-SMI 580.126.20             Driver Version: 580.126.20     CUDA Version: 13.0     |
+-----------------------------------------+------------------------+----------------------+
| GPU  Name                 Persistence-M | Bus-Id          Disp.A | Volatile Uncorr. ECC |
| Fan  Temp   Perf          Pwr:Usage/Cap |           Memory-Usage | GPU-Util  Compute M. |
|                                         |                        |               MIG M. |
|=========================================+========================+======================|
|   0  NVIDIA A100 80GB PCIe          On  |   00000000:AE:00.0 Off |                    0 |
| N/A   37C    P0             46W /  300W |       0MiB /  81920MiB |      0%      Default |
|                                         |                        |             Disabled |
+-----------------------------------------+------------------------+----------------------+

+-----------------------------------------------------------------------------------------+
| Processes:                                                                              |
|  GPU   GI   CI              PID   Type   Process name                        GPU Memory |
|        ID   ID                                                               Usage      |
|=========================================================================================|
|  No running processes found                                                             |
+-----------------------------------------------------------------------------------------+
================ SLURM JOB INFO ================
Job ID:         9570489
Job Name:       vipe-inference
Partition:      gpu-a100
Node List:      gpu012
CPUs per task:  2
GPUs per task:  1
Memory per GPU: 65536
Submit dir:     /scratch/mthakur/manifold/models/vipe
Work dir:       /scratch/mthakur/manifold/models/vipe
Job started at: Thu Apr  9 11:44:54 CEST 2026
===============================================
ViPE video: /scratch/mthakur/manifold/data/images/8NqJiAu9W3Y.mp4
ViPE output root: /scratch/mthakur/manifold/outputs/vipe
ViPE completion marker: /scratch/mthakur/manifold/outputs/vipe/_completed/8NqJiAu9W3Y.json
Processing 8NqJiAu9W3Y in 1 chunk(s) of up to 600 seconds from frame 0 to 4738.
Skipping chunk [0, 4738) for 8NqJiAu9W3Y: outputs already exist
Merged pose/intrinsics for 8NqJiAu9W3Y into /scratch/mthakur/manifold/outputs/vipe

===============================================
Job finished at: Thu Apr  9 11:45:09 CEST 2026
Execution took 0.00 hours
Writing output to SLURM_logs/vipe-inference_319.out
Retained ViPE outputs: /scratch/mthakur/manifold/outputs/vipe/pose/8NqJiAu9W3Y.npz and /scratch/mthakur/manifold/outputs/vipe/intrinsics/8NqJiAu9W3Y.npz
===============================================
