Loaded modules:

Currently Loaded Modules:
  1) slurm/current    3) gcc/11.3.0   5) cuda/12.9
  2) DefaultModules   4) 2024r1

 

Thu Jan 29 17:24:49 2026       
+-----------------------------------------------------------------------------------------+
| NVIDIA-SMI 580.105.08             Driver Version: 580.105.08     CUDA Version: 13.0     |
+-----------------------------------------+------------------------+----------------------+
| GPU  Name                 Persistence-M | Bus-Id          Disp.A | Volatile Uncorr. ECC |
| Fan  Temp   Perf          Pwr:Usage/Cap |           Memory-Usage | GPU-Util  Compute M. |
|                                         |                        |               MIG M. |
|=========================================+========================+======================|
|   0  NVIDIA A100 80GB PCIe          On  |   00000000:16:00.0 Off |                   On |
| N/A   57C    P0            103W /  300W |    7674MiB /  81920MiB |     N/A      Default |
|                                         |                        |              Enabled |
+-----------------------------------------+------------------------+----------------------+

+-----------------------------------------------------------------------------------------+
| MIG devices:                                                                            |
+------------------+----------------------------------+-----------+-----------------------+
| GPU  GI  CI  MIG |              Shared Memory-Usage |        Vol|        Shared         |
|      ID  ID  Dev |                Shared BAR1-Usage | SM     Unc| CE ENC  DEC  OFA  JPG |
|                  |                                  |        ECC|                       |
|==================+==================================+===========+=======================|
|  0    8   0   0  |              36MiB /  9728MiB    | 14      0 |  1   0    0    0    0 |
|                  |               0MiB /  6135MiB    |           |                       |
+------------------+----------------------------------+-----------+-----------------------+

+-----------------------------------------------------------------------------------------+
| Processes:                                                                              |
|  GPU   GI   CI              PID   Type   Process name                        GPU Memory |
|        ID   ID                                                               Usage      |
|=========================================================================================|
|  No running processes found                                                             |
+-----------------------------------------------------------------------------------------+
================ SLURM JOB INFO ================
Job ID:         9011694
Job Name:       vipe-inference
Partition:      gpu-a100-small
Node List:      gpu020
CPUs per task:  2
Memory per CPU: 
GPUs per task:  1
Memory per GPU: 10240
Submit dir:     /scratch/mthakur/vipe
Work dir:       /scratch/mthakur/vipe
Job started at: Thu Jan 29 17:24:49 CET 2026
===============================================
2026-01-29 17:25:15,766 - vipe - INFO - Processing video data/120-2_clip_1.mp4...
Downloading: "https://github.com/cvg/GeoCalib/releases/download/v1.0/geocalib-pinhole.tar" to /home/mthakur/.cache/torch/hub/geocalib/pinhole.tar

Reading video stream:   0%|          | 0/155 [00:00<?, ?it/s]Reading video stream:   1%|          | 1/155 [00:00<00:40,  3.84it/s]Reading video stream:   8%|▊         | 12/155 [00:00<00:03, 40.62it/s]Reading video stream:  15%|█▍        | 23/155 [00:00<00:02, 62.34it/s]Reading video stream:  21%|██        | 32/155 [00:00<00:01, 64.01it/s]Reading video stream:  28%|██▊       | 43/155 [00:00<00:01, 76.22it/s]Reading video stream:  34%|███▎      | 52/155 [00:00<00:01, 79.42it/s]Reading video stream:  41%|████      | 63/155 [00:00<00:01, 86.97it/s]Reading video stream:  48%|████▊     | 74/155 [00:01<00:00, 92.02it/s]Reading video stream:  55%|█████▍    | 85/155 [00:01<00:00, 94.78it/s]Reading video stream:  62%|██████▏   | 96/155 [00:01<00:00, 96.93it/s]Reading video stream:  68%|██████▊   | 106/155 [00:01<00:00, 97.78it/s]Reading video stream:  75%|███████▍  | 116/155 [00:01<00:00, 97.21it/s]Reading video stream:  81%|████████▏ | 126/155 [00:01<00:00, 97.09it/s]Reading video stream:  88%|████████▊ | 137/155 [00:01<00:00, 99.50it/s]Reading video stream:  95%|█████████▌| 148/155 [00:01<00:00, 101.30it/s]Reading video stream: 100%|██████████| 155/155 [00:01<00:00, 84.89it/s] 
Traceback (most recent call last):
  File "/opt/conda/envs/vipe/lib/python3.10/urllib/request.py", line 1348, in do_open
    h.request(req.get_method(), req.selector, req.data, headers,
  File "/opt/conda/envs/vipe/lib/python3.10/http/client.py", line 1283, in request
    self._send_request(method, url, body, headers, encode_chunked)
  File "/opt/conda/envs/vipe/lib/python3.10/http/client.py", line 1329, in _send_request
    self.endheaders(body, encode_chunked=encode_chunked)
  File "/opt/conda/envs/vipe/lib/python3.10/http/client.py", line 1278, in endheaders
    self._send_output(message_body, encode_chunked=encode_chunked)
  File "/opt/conda/envs/vipe/lib/python3.10/http/client.py", line 1038, in _send_output
    self.send(msg)
  File "/opt/conda/envs/vipe/lib/python3.10/http/client.py", line 976, in send
    self.connect()
  File "/opt/conda/envs/vipe/lib/python3.10/http/client.py", line 1448, in connect
    super().connect()
  File "/opt/conda/envs/vipe/lib/python3.10/http/client.py", line 942, in connect
    self.sock = self._create_connection(
  File "/opt/conda/envs/vipe/lib/python3.10/socket.py", line 857, in create_connection
    raise err
  File "/opt/conda/envs/vipe/lib/python3.10/socket.py", line 845, in create_connection
    sock.connect(sa)
ConnectionRefusedError: [Errno 111] Connection refused

During handling of the above exception, another exception occurred:

Traceback (most recent call last):
  File "/opt/conda/envs/vipe/bin/vipe", line 7, in <module>
    sys.exit(main())
  File "/opt/conda/envs/vipe/lib/python3.10/site-packages/click/core.py", line 1161, in __call__
    return self.main(*args, **kwargs)
  File "/opt/conda/envs/vipe/lib/python3.10/site-packages/click/core.py", line 1082, in main
    rv = self.invoke(ctx)
  File "/opt/conda/envs/vipe/lib/python3.10/site-packages/click/core.py", line 1697, in invoke
    return _process_result(sub_ctx.command.invoke(sub_ctx))
  File "/opt/conda/envs/vipe/lib/python3.10/site-packages/click/core.py", line 1443, in invoke
    return ctx.invoke(self.callback, **ctx.params)
  File "/opt/conda/envs/vipe/lib/python3.10/site-packages/click/core.py", line 788, in invoke
    return __callback(*args, **kwargs)
  File "/app/ViPE/vipe/cli/main.py", line 91, in infer
    vipe_pipeline.run(video_stream)
  File "/app/ViPE/vipe/pipeline/default.py", line 119, in run
    slam_streams: list[VideoStream] = [
  File "/app/ViPE/vipe/pipeline/default.py", line 120, in <listcomp>
    self._add_init_processors(video_stream).cache("process", online=True) for video_stream in video_streams
  File "/app/ViPE/vipe/pipeline/default.py", line 72, in _add_init_processors
    init_processors.append(GeoCalibIntrinsicsProcessor(video_stream, camera_type=self.camera_type))
  File "/app/ViPE/vipe/pipeline/processors.py", line 78, in __init__
    model = GeoCalib(weights=weights).cuda()
  File "/app/ViPE/vipe/priors/geocalib/extractor.py", line 38, in __init__
    state_dict = torch.hub.load_state_dict_from_url(
  File "/opt/conda/envs/vipe/lib/python3.10/site-packages/torch/hub.py", line 871, in load_state_dict_from_url
    download_url_to_file(url, cached_file, hash_prefix, progress=progress)
  File "/opt/conda/envs/vipe/lib/python3.10/site-packages/torch/hub.py", line 712, in download_url_to_file
    u = urlopen(req)
  File "/opt/conda/envs/vipe/lib/python3.10/urllib/request.py", line 216, in urlopen
    return opener.open(url, data, timeout)
  File "/opt/conda/envs/vipe/lib/python3.10/urllib/request.py", line 519, in open
    response = self._open(req, data)
  File "/opt/conda/envs/vipe/lib/python3.10/urllib/request.py", line 536, in _open
    result = self._call_chain(self.handle_open, protocol, protocol +
  File "/opt/conda/envs/vipe/lib/python3.10/urllib/request.py", line 496, in _call_chain
    result = func(*args)
  File "/opt/conda/envs/vipe/lib/python3.10/urllib/request.py", line 1391, in https_open
    return self.do_open(http.client.HTTPSConnection, req,
  File "/opt/conda/envs/vipe/lib/python3.10/urllib/request.py", line 1351, in do_open
    raise URLError(err)
urllib.error.URLError: <urlopen error [Errno 111] Connection refused>

ERROR conda.cli.main_run:execute(124): `conda run vipe infer data/120-2_clip_1.mp4 --output output/` failed. (See above for error)
===============================================
Job finished at: Thu Jan 29 17:25:36 CET 2026
Execution took 0.01 hours
Writing output to SLURM_logs/vipe-inference_017.out
===============================================
