Loaded modules:

Currently Loaded Modules:
  1) slurm/current    3) gcc/11.3.0   5) cuda/12.9
  2) DefaultModules   4) 2024r1

 

Thu Jan 29 17:16:59 2026       
+-----------------------------------------------------------------------------------------+
| NVIDIA-SMI 580.105.08             Driver Version: 580.105.08     CUDA Version: 13.0     |
+-----------------------------------------+------------------------+----------------------+
| GPU  Name                 Persistence-M | Bus-Id          Disp.A | Volatile Uncorr. ECC |
| Fan  Temp   Perf          Pwr:Usage/Cap |           Memory-Usage | GPU-Util  Compute M. |
|                                         |                        |               MIG M. |
|=========================================+========================+======================|
|   0  NVIDIA A100 80GB PCIe          On  |   00000000:2C:00.0 Off |                   On |
| N/A   38C    P0             44W /  300W |     249MiB /  81920MiB |     N/A      Default |
|                                         |                        |              Enabled |
+-----------------------------------------+------------------------+----------------------+

+-----------------------------------------------------------------------------------------+
| MIG devices:                                                                            |
+------------------+----------------------------------+-----------+-----------------------+
| GPU  GI  CI  MIG |              Shared Memory-Usage |        Vol|        Shared         |
|      ID  ID  Dev |                Shared BAR1-Usage | SM     Unc| CE ENC  DEC  OFA  JPG |
|                  |                                  |        ECC|                       |
|==================+==================================+===========+=======================|
|  0    7   0   0  |              36MiB /  9728MiB    | 14      0 |  1   0    0    0    0 |
|                  |               0MiB /  6135MiB    |           |                       |
+------------------+----------------------------------+-----------+-----------------------+

+-----------------------------------------------------------------------------------------+
| Processes:                                                                              |
|  GPU   GI   CI              PID   Type   Process name                        GPU Memory |
|        ID   ID                                                               Usage      |
|=========================================================================================|
|  No running processes found                                                             |
+-----------------------------------------------------------------------------------------+
================ SLURM JOB INFO ================
Job ID:         9011638
Job Name:       vipe-inference
Partition:      gpu-a100-small
Node List:      gpu020
CPUs per task:  2
Memory per CPU: 
GPUs per task:  1
Memory per GPU: 10240
Submit dir:     /scratch/mthakur/vipe
Work dir:       /scratch/mthakur/vipe
Job started at: Thu Jan 29 17:17:00 CET 2026
===============================================
Error for command "exec": requires at least 2 arg(s), only received 0

Usage:
  apptainer [global options...] exec [exec options...] <container> <command>

Run 'apptainer --help' for more detailed usage information.
/cm/local/apps/slurm/var/spool/job9011638/slurm_script: line 86: --bind: command not found
==============================
WiLoR Apptainer Container
==============================
/.singularity.d/runscript: 6: python: not found
Python: 
/.singularity.d/runscript: 7: python: not found
PyTorch: 
/.singularity.d/runscript: 8: python: not found
CUDA Available: 
2026-01-29 17:17:05,838 - vipe - INFO - Processing video data/120-2_clip_1.mp4...

No CUDA runtime is found, using CUDA_HOME='/beegfs/apps/generic/cuda/12.9'
/opt/conda/envs/vipe/lib/python3.10/site-packages/torch/amp/autocast_mode.py:266: UserWarning: User provided device_type of 'cuda', but CUDA is not available. Disabling
  warnings.warn(
/opt/conda/envs/vipe/lib/python3.10/site-packages/torch/amp/autocast_mode.py:266: UserWarning: User provided device_type of 'cuda', but CUDA is not available. Disabling
  warnings.warn(
Reading video stream:   0%|          | 0/155 [00:00<?, ?it/s]Reading video stream:   0%|          | 0/155 [00:00<?, ?it/s]
Traceback (most recent call last):
  File "/opt/conda/envs/vipe/bin/vipe", line 7, in <module>
    sys.exit(main())
  File "/opt/conda/envs/vipe/lib/python3.10/site-packages/click/core.py", line 1161, in __call__
    return self.main(*args, **kwargs)
  File "/opt/conda/envs/vipe/lib/python3.10/site-packages/click/core.py", line 1082, in main
    rv = self.invoke(ctx)
  File "/opt/conda/envs/vipe/lib/python3.10/site-packages/click/core.py", line 1697, in invoke
    return _process_result(sub_ctx.command.invoke(sub_ctx))
  File "/opt/conda/envs/vipe/lib/python3.10/site-packages/click/core.py", line 1443, in invoke
    return ctx.invoke(self.callback, **ctx.params)
  File "/opt/conda/envs/vipe/lib/python3.10/site-packages/click/core.py", line 788, in invoke
    return __callback(*args, **kwargs)
  File "/app/ViPE/vipe/cli/main.py", line 89, in infer
    video_stream = ProcessedVideoStream(RawMp4Stream(video), []).cache(desc="Reading video stream")
  File "/app/ViPE/vipe/streams/base.py", line 491, in cache
    _ = vs[len(vs) - 1]
  File "/app/ViPE/vipe/streams/base.py", line 388, in __getitem__
    self.data.append(next(self.iterator).cpu())
  File "/app/ViPE/vipe/streams/raw_mp4_stream.py", line 90, in __next__
    frame_rgb = frame_rgb.cuda()
  File "/opt/conda/envs/vipe/lib/python3.10/site-packages/torch/cuda/__init__.py", line 372, in _lazy_init
    torch._C._cuda_init()
RuntimeError: Found no NVIDIA driver on your system. Please check that you have an NVIDIA GPU and installed a driver from http://www.nvidia.com/Download/index.aspx

ERROR conda.cli.main_run:execute(124): `conda run vipe infer data/120-2_clip_1.mp4 --output output/` failed. (See above for error)
===============================================
Job finished at: Thu Jan 29 17:17:20 CET 2026
Execution took 0.01 hours
Writing output to SLURM_logs/vipe-inference_015.out
===============================================
