Loaded modules:

Currently Loaded Modules:
  1) slurm/current    3) gcc/11.3.0   5) cuda/11.7
  2) DefaultModules   4) 2024r1

 

Fri Jun 12 13:25:08 2026       
+-----------------------------------------------------------------------------------------+
| NVIDIA-SMI 580.159.04             Driver Version: 580.159.04     CUDA Version: 13.0     |
+-----------------------------------------+------------------------+----------------------+
| GPU  Name                 Persistence-M | Bus-Id          Disp.A | Volatile Uncorr. ECC |
| Fan  Temp   Perf          Pwr:Usage/Cap |           Memory-Usage | GPU-Util  Compute M. |
|                                         |                        |               MIG M. |
|=========================================+========================+======================|
|   0  NVIDIA A100 80GB PCIe          On  |   00000000:2C:00.0 Off |                   On |
| N/A   57C    P0            133W /  300W |    7874MiB /  81920MiB |     N/A      Default |
|                                         |                        |              Enabled |
+-----------------------------------------+------------------------+----------------------+

+-----------------------------------------------------------------------------------------+
| MIG devices:                                                                            |
+------------------+----------------------------------+-----------+-----------------------+
| GPU  GI  CI  MIG |              Shared Memory-Usage |        Vol|        Shared         |
|      ID  ID  Dev |                Shared BAR1-Usage | SM     Unc| CE ENC  DEC  OFA  JPG |
|                  |                                  |        ECC|                       |
|==================+==================================+===========+=======================|
|  0    7   0   0  |              36MiB /  9728MiB    | 14      0 |  1   0    0    0    0 |
|                  |               0MiB /  6135MiB    |           |                       |
+------------------+----------------------------------+-----------+-----------------------+

+-----------------------------------------------------------------------------------------+
| Processes:                                                                              |
|  GPU   GI   CI              PID   Type   Process name                        GPU Memory |
|        ID   ID                                                               Usage      |
|=========================================================================================|
|  No running processes found                                                             |
+-----------------------------------------------------------------------------------------+
================ SLURM JOB INFO ================
Job ID:         10143960
Job Name:       stride-inference
Partition:      gpu-a100-small
Node List:      gpu020
CPUs per task:  2
GPUs per task:  1
Memory per GPU: 24576
Submit dir:     /scratch/mthakur/manifold/models/wilor_hands
Work dir:       /scratch/mthakur/manifold/models/wilor_hands
Job started at: Fri Jun 12 13:25:09 CEST 2026
===============================================
STRIDE video: /scratch/mthakur/manifold/data/test/tremor_simulation_small_spiral_tremor_45_soumen.mp4
WiLoR cache root: /scratch/mthakur/manifold/outputs/wilor
STRIDE output root: /scratch/mthakur/manifold/outputs/stride
STRIDE completion marker: /scratch/mthakur/manifold/outputs/stride/_completed/tremor_simulation_small_spiral_tremor_45_soumen.json
STRIDE frame cache root: /scratch/mthakur/manifold/data/test
STRIDE backend: hmp
STRIDE config: /scratch/mthakur/manifold/models/wilor_hands/stride_configs/hmp.yaml
Apptainer image: /scratch/mthakur/manifold/models/wilor_hands/apptainer/template-hmp.sif
/.venv/lib/python3.10/site-packages/timm/models/layers/__init__.py:49: FutureWarning: Importing from timm.models.layers is deprecated, please import via timm.layers
  warnings.warn(f"Importing from {__name__} is deprecated, please import via timm.layers", FutureWarning)

[INFO] Running STRIDE refinement for tremor_simulation_small_spiral_tremor_45_soumen
Traceback (most recent call last):
  File "/scratch/mthakur/manifold/models/wilor_hands/main.py", line 297, in <module>
    main(make_argparser().parse_args())
  File "/scratch/mthakur/manifold/models/wilor_hands/main.py", line 233, in main
    _run_stride_pass(args)
  File "/scratch/mthakur/manifold/models/wilor_hands/main.py", line 186, in _run_stride_pass
    run_stride_hmp(
  File "/scratch/mthakur/manifold/models/wilor_hands/stride_hmp.py", line 574, in run_stride_hmp
    raise FileNotFoundError(f"WiLoR mesh cache not found: {mesh_root}")
FileNotFoundError: WiLoR mesh cache not found: /scratch/mthakur/manifold/outputs/wilor/tremor_simulation_small_spiral_tremor_45_soumen/meshes
srun: error: gpu020: task 0: Exited with exit code 1
srun: launch/slurm: _step_signal: Terminating StepId=10143960.0
