Loaded modules:

Currently Loaded Modules:
  1) slurm/current    3) gcc/11.3.0   5) cuda/11.7
  2) DefaultModules   4) 2024r1

 

Fri May  1 12:56:30 2026       
+-----------------------------------------------------------------------------------------+
| NVIDIA-SMI 580.126.20             Driver Version: 580.126.20     CUDA Version: 13.0     |
+-----------------------------------------+------------------------+----------------------+
| GPU  Name                 Persistence-M | Bus-Id          Disp.A | Volatile Uncorr. ECC |
| Fan  Temp   Perf          Pwr:Usage/Cap |           Memory-Usage | GPU-Util  Compute M. |
|                                         |                        |               MIG M. |
|=========================================+========================+======================|
|   0  NVIDIA A100 80GB PCIe          On  |   00000000:2C:00.0 Off |                   On |
| N/A   39C    P0             45W /  300W |     249MiB /  81920MiB |     N/A      Default |
|                                         |                        |              Enabled |
+-----------------------------------------+------------------------+----------------------+

+-----------------------------------------------------------------------------------------+
| MIG devices:                                                                            |
+------------------+----------------------------------+-----------+-----------------------+
| GPU  GI  CI  MIG |              Shared Memory-Usage |        Vol|        Shared         |
|      ID  ID  Dev |                Shared BAR1-Usage | SM     Unc| CE ENC  DEC  OFA  JPG |
|                  |                                  |        ECC|                       |
|==================+==================================+===========+=======================|
|  0    7   0   0  |              36MiB /  9728MiB    | 14      0 |  1   0    0    0    0 |
|                  |               0MiB /  6135MiB    |           |                       |
+------------------+----------------------------------+-----------+-----------------------+

+-----------------------------------------------------------------------------------------+
| Processes:                                                                              |
|  GPU   GI   CI              PID   Type   Process name                        GPU Memory |
|        ID   ID                                                               Usage      |
|=========================================================================================|
|  No running processes found                                                             |
+-----------------------------------------------------------------------------------------+
================ SLURM JOB INFO ================
Job ID:         9804718
Job Name:       stride-inference
Partition:      gpu-a100-small
Node List:      gpu020
CPUs per task:  2
GPUs per task:  1
Memory per GPU: 10240
Submit dir:     /scratch/mthakur/manifold/models/wilor_hands
Work dir:       /scratch/mthakur/manifold/models/wilor_hands
Job started at: Fri May  1 12:56:31 CEST 2026
===============================================
STRIDE video: /scratch/mthakur/manifold/data/test/me 1.mp4
WiLoR cache root: /scratch/mthakur/manifold/outputs/wilor
STRIDE output root: /scratch/mthakur/manifold/outputs/stride
STRIDE backend: hmp
HMP assets root: /scratch/mthakur/manifold/models/wilor_hands/_DATA/hmp_model
STRIDE completion marker: /scratch/mthakur/manifold/outputs/stride/_completed/me 1.json
/.venv/lib/python3.10/site-packages/timm/models/layers/__init__.py:49: FutureWarning: Importing from timm.models.layers is deprecated, please import via timm.layers
  warnings.warn(f"Importing from {__name__} is deprecated, please import via timm.layers", FutureWarning)
Traceback (most recent call last):
  File "/scratch/mthakur/manifold/models/wilor_hands/main.py", line 10, in <module>
    from stride_hmp import HMPConfig, run_stride_hmp
  File "/scratch/mthakur/manifold/models/wilor_hands/stride_hmp.py", line 11, in <module>
    from hmp_prior.fitting import fitting_prior
  File "/scratch/mthakur/manifold/models/wilor_hands/hmp_prior/fitting.py", line 47, in <module>
    bmc = BMCLoss(lambda_bl=1, lambda_rb=1, lambda_a=1)
  File "/scratch/mthakur/manifold/models/wilor_hands/hmp_prior/fitting_utils.py", line 938, in __init__
    self.bone_len_max = np.load(os.path.join(self.lp, "bone_len_max.npy"))
  File "/.venv/lib/python3.10/site-packages/numpy/lib/npyio.py", line 427, in load
    fid = stack.enter_context(open(os_fspath(file), "rb"))
FileNotFoundError: [Errno 2] No such file or directory: '/scratch/mthakur/manifold/models/wilor_hands/hmp_prior/../../_DATA/BMC/bone_len_max.npy'
