Loaded modules:

Currently Loaded Modules:
  1) slurm/current    3) gcc/11.3.0   5) cuda/11.7
  2) DefaultModules   4) 2024r1

 

Fri May  1 15:29:41 2026       
+-----------------------------------------------------------------------------------------+
| NVIDIA-SMI 580.126.20             Driver Version: 580.126.20     CUDA Version: 13.0     |
+-----------------------------------------+------------------------+----------------------+
| GPU  Name                 Persistence-M | Bus-Id          Disp.A | Volatile Uncorr. ECC |
| Fan  Temp   Perf          Pwr:Usage/Cap |           Memory-Usage | GPU-Util  Compute M. |
|                                         |                        |               MIG M. |
|=========================================+========================+======================|
|   0  NVIDIA A100 80GB PCIe          On  |   00000000:2C:00.0 Off |                   On |
| N/A   39C    P0             45W /  300W |     249MiB /  81920MiB |     N/A      Default |
|                                         |                        |              Enabled |
+-----------------------------------------+------------------------+----------------------+

+-----------------------------------------------------------------------------------------+
| MIG devices:                                                                            |
+------------------+----------------------------------+-----------+-----------------------+
| GPU  GI  CI  MIG |              Shared Memory-Usage |        Vol|        Shared         |
|      ID  ID  Dev |                Shared BAR1-Usage | SM     Unc| CE ENC  DEC  OFA  JPG |
|                  |                                  |        ECC|                       |
|==================+==================================+===========+=======================|
|  0    7   0   0  |              36MiB /  9728MiB    | 14      0 |  1   0    0    0    0 |
|                  |               0MiB /  6135MiB    |           |                       |
+------------------+----------------------------------+-----------+-----------------------+

+-----------------------------------------------------------------------------------------+
| Processes:                                                                              |
|  GPU   GI   CI              PID   Type   Process name                        GPU Memory |
|        ID   ID                                                               Usage      |
|=========================================================================================|
|  No running processes found                                                             |
+-----------------------------------------------------------------------------------------+
================ SLURM JOB INFO ================
Job ID:         9805435
Job Name:       stride-inference
Partition:      gpu-a100-small
Node List:      gpu020
CPUs per task:  2
GPUs per task:  1
Memory per GPU: 10240
Submit dir:     /scratch/mthakur/manifold/models/wilor_hands
Work dir:       /scratch/mthakur/manifold/models/wilor_hands
Job started at: Fri May  1 15:29:41 CEST 2026
===============================================
STRIDE video: /scratch/mthakur/manifold/data/test/me 1.mp4
WiLoR cache root: /scratch/mthakur/manifold/outputs/wilor
STRIDE output root: /scratch/mthakur/manifold/outputs/stride
STRIDE backend: hmp
HMP assets root: /scratch/mthakur/manifold/models/wilor_hands/_DATA/hmp_model
STRIDE completion marker: /scratch/mthakur/manifold/outputs/stride/_completed/me 1.json
/.venv/lib/python3.10/site-packages/timm/models/layers/__init__.py:49: FutureWarning: Importing from timm.models.layers is deprecated, please import via timm.layers
  warnings.warn(f"Importing from {__name__} is deprecated, please import via timm.layers", FutureWarning)

[INFO] Running STRIDE refinement for me 1
WARNING: You are using a MANO model, with only 10 shape coefficients.
2
[0, 1]
/scratch/mthakur/manifold/models/wilor_hands ... /scratch/mthakur/manifold/models/wilor_hands/_DATA/hmp_model/mean-neutral-128-30fps.pt
mean: ['rotmat', 'pos', 'trans', 'root_vel', 'height', 'rot6d', 'angular', 'global_xform', 'velocity', 'root_orient']
std: ['rotmat', 'pos', 'trans', 'root_vel', 'height', 'rot6d', 'angular', 'global_xform', 'velocity', 'root_orient']
Loading from /scratch/mthakur/manifold/models/wilor_hands/_DATA/hmp_model/results/model
Load succeeded
[INFO] Running reconstruction with prior
loading data...
obs_data:  dict_keys(['joints2d', 'vis_mask', 'is_right'])
res_dict:  dict_keys(['pose_body', 'betas', 'trans', 'root_orient', 'is_right', 'cam_R', 'cam_t', 'intrins'])
pose_body (1, 115, 15, 3)
betas (1, 10)
trans (1, 115, 3)
root_orient (1, 115, 3)
is_right (1, 115)
cam_R (1, 115, 3, 3)
cam_t (1, 115, 3)
intrins (4,)
Sequence has 128 frames
Traceback (most recent call last):
  File "/scratch/mthakur/manifold/models/wilor_hands/main.py", line 321, in <module>
    main(args)
  File "/scratch/mthakur/manifold/models/wilor_hands/main.py", line 229, in main
    _run_stride_pass(args)
  File "/scratch/mthakur/manifold/models/wilor_hands/main.py", line 179, in _run_stride_pass
    run_stride_hmp(
  File "/scratch/mthakur/manifold/models/wilor_hands/stride_hmp.py", line 371, in run_stride_hmp
    fitting_prior(obs_data, res_dict, hand_model, opt, data_args, str(out_dir), device)
  File "/scratch/mthakur/manifold/models/wilor_hands/hmp_prior/fitting.py", line 1602, in fitting_prior
    multi_stage_opt(opt, device, obs_data, res_dict, hand_model, os.path.join(os.path.dirname(__file__), opt.HMP.config), opt.HMP.exp_name, init_method)
  File "/scratch/mthakur/manifold/models/wilor_hands/hmp_prior/fitting.py", line 789, in multi_stage_opt
    data = get_stage2_res(opt.paths.base_dir, device, init_dict, hand_model)
  File "/scratch/mthakur/manifold/models/wilor_hands/hmp_prior/fitting.py", line 272, in get_stage2_res
    out_mano = pred_mano(hand_model, \
  File "/scratch/mthakur/manifold/models/wilor_hands/hmp_prior/fitting.py", line 163, in pred_mano
    mano_out = run_mano(hand_model, trans, root_orient, body_pose, is_right, betas=betas, only_right=only_right)
  File "/scratch/mthakur/manifold/models/wilor_hands/hmp_prior/fitting.py", line 115, in run_mano
    mano_output = body_model(
  File "/.venv/lib/python3.10/site-packages/torch/nn/modules/module.py", line 1501, in _call_impl
    return forward_call(*args, **kwargs)
  File "/scratch/mthakur/manifold/models/wilor_hands/wilor/models/mano_wrapper.py", line 32, in forward
    mano_output = super(MANO, self).forward(*args, **kwargs)
  File "/.venv/lib/python3.10/site-packages/smplx/body_models.py", line 1743, in forward
    vertices, joints = lbs(betas, full_pose, self.v_template,
  File "/.venv/lib/python3.10/site-packages/smplx/lbs.py", line 223, in lbs
    pose_feature = pose[:, 1:].view(batch_size, -1, 3, 3) - ident
RuntimeError: shape '[128, -1, 3, 3]' is invalid for input of size 6016
