Loaded modules:

Currently Loaded Modules:
  1) slurm/current    3) gcc/11.3.0   5) cuda/11.7
  2) DefaultModules   4) 2024r1

 

Wed May  6 04:29:23 2026       
+-----------------------------------------------------------------------------------------+
| NVIDIA-SMI 580.126.20             Driver Version: 580.126.20     CUDA Version: 13.0     |
+-----------------------------------------+------------------------+----------------------+
| GPU  Name                 Persistence-M | Bus-Id          Disp.A | Volatile Uncorr. ECC |
| Fan  Temp   Perf          Pwr:Usage/Cap |           Memory-Usage | GPU-Util  Compute M. |
|                                         |                        |               MIG M. |
|=========================================+========================+======================|
|   0  NVIDIA A100 80GB PCIe          On  |   00000000:16:00.0 Off |                   On |
| N/A   39C    P0             46W /  300W |     249MiB /  81920MiB |     N/A      Default |
|                                         |                        |              Enabled |
+-----------------------------------------+------------------------+----------------------+

+-----------------------------------------------------------------------------------------+
| MIG devices:                                                                            |
+------------------+----------------------------------+-----------+-----------------------+
| GPU  GI  CI  MIG |              Shared Memory-Usage |        Vol|        Shared         |
|      ID  ID  Dev |                Shared BAR1-Usage | SM     Unc| CE ENC  DEC  OFA  JPG |
|                  |                                  |        ECC|                       |
|==================+==================================+===========+=======================|
|  0    7   0   0  |              36MiB /  9728MiB    | 14      0 |  1   0    0    0    0 |
|                  |               0MiB /  6135MiB    |           |                       |
+------------------+----------------------------------+-----------+-----------------------+

+-----------------------------------------------------------------------------------------+
| Processes:                                                                              |
|  GPU   GI   CI              PID   Type   Process name                        GPU Memory |
|        ID   ID                                                               Usage      |
|=========================================================================================|
|  No running processes found                                                             |
+-----------------------------------------------------------------------------------------+
================ SLURM JOB INFO ================
Job ID:         9842846
Job Name:       stride-inference
Partition:      gpu-a100-small
Node List:      gpu020
CPUs per task:  2
GPUs per task:  1
Memory per GPU: 10240
Submit dir:     /scratch/mthakur/manifold/models/wilor_hands
Work dir:       /scratch/mthakur/manifold/models/wilor_hands
Job started at: Wed May  6 04:29:24 CEST 2026
===============================================
STRIDE video: /scratch/mthakur/manifold/data/test/me/me 1.mp4
WiLoR cache root: /scratch/mthakur/manifold/outputs/wilor
STRIDE output root: /scratch/mthakur/manifold/outputs/stride
ViPE output root: /scratch/mthakur/manifold/outputs/vipe
STRIDE completion marker: /scratch/mthakur/manifold/outputs/stride/_completed/me 1.json
STRIDE temp frame dir: /tmp/wilor_me 1.U4VrFg/me 1_frames
Extracted 332 frame(s) from /scratch/mthakur/manifold/data/test/me/me 1.mp4 into /tmp/wilor_me 1.U4VrFg/me 1_frames
/.venv/lib/python3.10/site-packages/timm/models/layers/__init__.py:49: FutureWarning: Importing from timm.models.layers is deprecated, please import via timm.layers
  warnings.warn(f"Importing from {__name__} is deprecated, please import via timm.layers", FutureWarning)
Traceback (most recent call last):
  File "/scratch/mthakur/manifold/models/wilor_hands/main.py", line 12, in <module>
    from stride_hmp import HMPConfig, run_stride_hmp, run_stride_vipe_hmp
  File "/scratch/mthakur/manifold/models/wilor_hands/stride_hmp.py", line 12, in <module>
    from hmp_stride_adapter import fitting_prior
  File "/scratch/mthakur/manifold/models/wilor_hands/hmp_stride_adapter.py", line 35, in <module>
    from nemf.generative import Architecture
  File "/scratch/mthakur/manifold/models/wilor_hands/hmp_clean/nemf/generative.py", line 12, in <module>
    from utils import align_joints, compute_trajectory, estimate_angular_velocity, estimate_linear_velocity, normalize
  File "/scratch/mthakur/manifold/models/wilor_hands/hmp_clean/utils.py", line 4, in <module>
    import plyfile
ModuleNotFoundError: No module named 'plyfile'
srun: error: gpu020: task 0: Exited with exit code 1
srun: launch/slurm: _step_signal: Terminating StepId=9842846.0
