
The following have been reloaded with a version change:
  1) python/3.10.12 => python/3.10.13

Loaded modules:

Currently Loaded Modules:
  1) slurm/current    3) gcc/11.3.0   5) cuda/11.7
  2) DefaultModules   4) 2024r1       6) python/3.10.13

 

Thu Apr 16 02:13:26 2026       
+-----------------------------------------------------------------------------------------+
| NVIDIA-SMI 580.126.20             Driver Version: 580.126.20     CUDA Version: 13.0     |
+-----------------------------------------+------------------------+----------------------+
| GPU  Name                 Persistence-M | Bus-Id          Disp.A | Volatile Uncorr. ECC |
| Fan  Temp   Perf          Pwr:Usage/Cap |           Memory-Usage | GPU-Util  Compute M. |
|                                         |                        |               MIG M. |
|=========================================+========================+======================|
|   0  NVIDIA A100 80GB PCIe          On  |   00000000:2C:00.0 Off |                   On |
| N/A   55C    P0            146W /  300W |   16922MiB /  81920MiB |     N/A      Default |
|                                         |                        |              Enabled |
+-----------------------------------------+------------------------+----------------------+

+-----------------------------------------------------------------------------------------+
| MIG devices:                                                                            |
+------------------+----------------------------------+-----------+-----------------------+
| GPU  GI  CI  MIG |              Shared Memory-Usage |        Vol|        Shared         |
|      ID  ID  Dev |                Shared BAR1-Usage | SM     Unc| CE ENC  DEC  OFA  JPG |
|                  |                                  |        ECC|                       |
|==================+==================================+===========+=======================|
|  0    7   0   0  |              36MiB /  9728MiB    | 14      0 |  1   0    0    0    0 |
|                  |               0MiB /  6135MiB    |           |                       |
+------------------+----------------------------------+-----------+-----------------------+

+-----------------------------------------------------------------------------------------+
| Processes:                                                                              |
|  GPU   GI   CI              PID   Type   Process name                        GPU Memory |
|        ID   ID                                                               Usage      |
|=========================================================================================|
|  No running processes found                                                             |
+-----------------------------------------------------------------------------------------+
================ SLURM JOB INFO ================
Job ID:         9672555
Job Name:       wilor-train
Partition:      gpu-a100-small
Node List:      gpu020
CPUs per task:  2
GPUs per task:  1
Memory per GPU: 12288
Submit dir:     /scratch/mthakur/manifold/models/wilor_hands
Work dir:       /scratch/mthakur/manifold/models/wilor_hands
Job started at: Thu Apr 16 02:13:26 CEST 2026
===============================================
[progress] Created temporary training image root: /tmp/wilor_train_9672555.cySEqu/images
[progress] Extracting frames for 0KuJ2t4S_TY into /tmp/wilor_train_9672555.cySEqu/images/0KuJ2t4S_TY_frames
Extracted 2410 frame(s) from /scratch/mthakur/manifold/data/images/0KuJ2t4S_TY.mp4 into /tmp/wilor_train_9672555.cySEqu/images/0KuJ2t4S_TY_frames
[progress] Extracting frames for 0gzQAgjx39o into /tmp/wilor_train_9672555.cySEqu/images/0gzQAgjx39o_frames
Extracted 992 frame(s) from /scratch/mthakur/manifold/data/images/0gzQAgjx39o.mp4 into /tmp/wilor_train_9672555.cySEqu/images/0gzQAgjx39o_frames
[progress] Extracting frames for 0rq4nkWlO2E into /tmp/wilor_train_9672555.cySEqu/images/0rq4nkWlO2E_frames
Extracted 728 frame(s) from /scratch/mthakur/manifold/data/images/0rq4nkWlO2E.mp4 into /tmp/wilor_train_9672555.cySEqu/images/0rq4nkWlO2E_frames
[progress] Extracting frames for 0ElPjqY4Cq8 into /tmp/wilor_train_9672555.cySEqu/images/0ElPjqY4Cq8_frames
Extracted 726 frame(s) from /scratch/mthakur/manifold/data/images/0ElPjqY4Cq8.mp4 into /tmp/wilor_train_9672555.cySEqu/images/0ElPjqY4Cq8_frames
[progress] Extracting frames for SlksdQT5JRE into /tmp/wilor_train_9672555.cySEqu/images/SlksdQT5JRE_frames
Extracted 946 frame(s) from /scratch/mthakur/manifold/data/images/SlksdQT5JRE.mp4 into /tmp/wilor_train_9672555.cySEqu/images/SlksdQT5JRE_frames
Project root:    /scratch/mthakur/manifold
Model root:      /scratch/mthakur/manifold/models/wilor_hands
Output dir:      /scratch/mthakur/manifold/outputs/wilor_finetune/hp_c_tw_0p10_sw_0p001
Train mode:      distill
Loss config:     /scratch/mthakur/manifold/models/wilor_hands/experiments/hparam_stage_c_temporal_weights.yaml
Experiment:      hp_c_tw_0p10_sw_0p001
Train scope:     refine_net
Max steps:       200
Log every:       10
Save every:      100
Sample limit:    256
Validation split:0.2
Checkpoint:      /scratch/mthakur/manifold/models/wilor_hands/pretrained_models/wilor_final.ckpt
Source images:   /scratch/mthakur/manifold/data//images
Prepared images: /tmp/wilor_train_9672555.cySEqu/images
Videos:          0KuJ2t4S_TY|0gzQAgjx39o|0rq4nkWlO2E|0ElPjqY4Cq8|SlksdQT5JRE
Temporal win:    size=3 stride=2 gap=1
Pose dir:        /scratch/mthakur/manifold/outputs/vipe/pose
Intrinsics dir:  /scratch/mthakur/manifold/outputs/vipe/intrinsics
Command: python -u /scratch/mthakur/manifold/models/wilor_hands/finetune_wilor_distill_vipe.py --checkpoint /scratch/mthakur/manifold/models/wilor_hands/pretrained_models/wilor_final.ckpt --cfg_path /scratch/mthakur/manifold/models/wilor_hands/pretrained_models/model_config.yaml --detector_path /scratch/mthakur/manifold/models/wilor_hands/pretrained_models/detector.pt --image_folder /tmp/wilor_train_9672555.cySEqu/images --pose_dir /scratch/mthakur/manifold/outputs/vipe/pose --intrinsics_dir /scratch/mthakur/manifold/outputs/vipe/intrinsics --output_dir /scratch/mthakur/manifold/outputs/wilor_finetune/hp_c_tw_0p10_sw_0p001 --train_scope refine_net --camera_loss_weight 0.01 --validation_split 0.2 --lr 1e-5 --weight_decay 1e-4 --batch_size 8 --num_workers 2 --max_steps 200 --log_every 10 --save_every 100 --seed 42 --rescale_factor 2.0 --detection_conf 0.3 --loss_config /scratch/mthakur/manifold/models/wilor_hands/experiments/hparam_stage_c_temporal_weights.yaml --experiment_name hp_c_tw_0p10_sw_0p001 --sample_limit 256 --detection_cache /scratch/mthakur/manifold/outputs/wilor_finetune/hp_c_tw_0p10_sw_0p001/detections_selected_videos.json --video=0KuJ2t4S_TY --video=0gzQAgjx39o --video=0rq4nkWlO2E --video=0ElPjqY4Cq8 --video=SlksdQT5JRE --temporal_window_size 3 --temporal_window_stride 2 --temporal_max_frame_gap 1 --temporal_reduction smooth_l1 --temporal_scorer_hidden_dim 64 --temporal_scorer_layers 2 --temporal_scorer_dropout 0.0 --vipe_camera_weight 0.01 --vipe_camera_enabled --temporal_camera_enabled --temporal_camera_formulation learnable --temporal_camera_weight 0.1 --temporal_camera_scorer_weight 0.001 --temporal_bbox_projected_enabled --temporal_bbox_projected_formulation learnable --temporal_bbox_projected_weight 0.1 --temporal_bbox_projected_scorer_weight 0.001 --temporal_bbox_input_enabled --temporal_bbox_input_formulation learnable --temporal_bbox_input_weight 0.1 --temporal_bbox_input_scorer_weight 0.001 --use_gpu --amp
[progress] About to launch Apptainer via srun.
[progress] SLURM wrapper log: SLURM_logs/wilor-train_071.out
[progress] Python run output dir: /scratch/mthakur/manifold/outputs/wilor_finetune/hp_c_tw_0p10_sw_0p001
[progress] Starting containerized training process now...
/.venv/lib/python3.10/site-packages/timm/models/layers/__init__.py:49: FutureWarning: Importing from timm.models.layers is deprecated, please import via timm.layers
  warnings.warn(f"Importing from {__name__} is deprecated, please import via timm.layers", FutureWarning)
[progress] Starting fine-tuning entrypoint.
[progress] Resolving experiment config from /scratch/mthakur/manifold/models/wilor_hands/experiments/hparam_stage_c_temporal_weights.yaml (experiment=hp_c_tw_0p10_sw_0p001)
[progress] Resolved experiment 'hp_c_tw_0p10_sw_0p001'.
[progress] Using device cuda; output directory is /scratch/mthakur/manifold/outputs/wilor_finetune/hp_c_tw_0p10_sw_0p001
[progress] Saved resolved experiment snapshot.
[progress] Using explicitly requested video selection: 0ElPjqY4Cq8, 0KuJ2t4S_TY, 0gzQAgjx39o, 0rq4nkWlO2E, SlksdQT5JRE
[progress] Filtering 5 selected video(s) for matching ViPE artifacts.
[progress] Proceeding with video(s): 0ElPjqY4Cq8, 0KuJ2t4S_TY, 0gzQAgjx39o, 0rq4nkWlO2E, SlksdQT5JRE
[progress] Loading student checkpoint and cloning teacher model.
Loading  /scratch/mthakur/manifold/models/wilor_hands/pretrained_models/wilor_final.ckpt
Lightning automatically upgraded your loaded checkpoint from v1.8.1 to v2.0.9. To apply the upgrade to your files permanently, run `python -m pytorch_lightning.utilities.upgrade_checkpoint --file pretrained_models/wilor_final.ckpt`
WARNING: You are using a MANO model, with only 10 shape coefficients.
[progress] Loading detector and ViPE camera index.
[progress] Loading YOLO detector from /scratch/mthakur/manifold/models/wilor_hands/pretrained_models/detector.pt onto cuda
[progress] Detector ready.
[progress] Building detection samples (cache path: /scratch/mthakur/manifold/outputs/wilor_finetune/hp_c_tw_0p10_sw_0p001/detections_selected_videos.json).
[progress] Scanning image folder for existing extracted frames: /tmp/wilor_train_9672555.cySEqu/images
[progress] Prepared 256 frame(s) for detection across 5 selected video(s).
[progress] Running detector on frame 1/256: /tmp/wilor_train_9672555.cySEqu/images/0ElPjqY4Cq8_frames/frame_000000.jpg
[progress] Running detector on frame 25/256: /tmp/wilor_train_9672555.cySEqu/images/0ElPjqY4Cq8_frames/frame_000024.jpg
[progress] Running detector on frame 50/256: /tmp/wilor_train_9672555.cySEqu/images/0ElPjqY4Cq8_frames/frame_000049.jpg
[progress] Running detector on frame 75/256: /tmp/wilor_train_9672555.cySEqu/images/0ElPjqY4Cq8_frames/frame_000074.jpg
[progress] Running detector on frame 100/256: /tmp/wilor_train_9672555.cySEqu/images/0ElPjqY4Cq8_frames/frame_000099.jpg
[progress] Running detector on frame 125/256: /tmp/wilor_train_9672555.cySEqu/images/0ElPjqY4Cq8_frames/frame_000124.jpg
[progress] Running detector on frame 150/256: /tmp/wilor_train_9672555.cySEqu/images/0ElPjqY4Cq8_frames/frame_000149.jpg
[progress] Running detector on frame 175/256: /tmp/wilor_train_9672555.cySEqu/images/0ElPjqY4Cq8_frames/frame_000174.jpg
[progress] Running detector on frame 200/256: /tmp/wilor_train_9672555.cySEqu/images/0ElPjqY4Cq8_frames/frame_000199.jpg
[progress] Running detector on frame 225/256: /tmp/wilor_train_9672555.cySEqu/images/0ElPjqY4Cq8_frames/frame_000224.jpg
[progress] Running detector on frame 250/256: /tmp/wilor_train_9672555.cySEqu/images/0ElPjqY4Cq8_frames/frame_000249.jpg
[progress] Running detector on frame 256/256: /tmp/wilor_train_9672555.cySEqu/images/0ElPjqY4Cq8_frames/frame_000255.jpg
[progress] Saved 507 detection samples to /scratch/mthakur/manifold/outputs/wilor_finetune/hp_c_tw_0p10_sw_0p001/detections_selected_videos.json
[progress] Finished detection sampling with 507 sample(s).
[progress] Collected 507 detector sample(s).
[progress] Splitting samples into train/val with validation_split=0.2.
[progress] Building temporal training windows with size=3, stride=2, gap=1.
[progress] Constructing training dataset and dataloader.
[progress] Building validation temporal windows and dataloader.
[progress] Configuring trainable scope: refine_net
[progress] Initialized learnable temporal scorer.
[progress] Creating optimizer and AMP scaler.
[progress] Metrics will be appended to /scratch/mthakur/manifold/outputs/wilor_finetune/hp_c_tw_0p10_sw_0p001/metrics.jsonl
Device: cuda
Experiment: hp_c_tw_0p10_sw_0p001
Videos: 0ElPjqY4Cq8, 0KuJ2t4S_TY, 0gzQAgjx39o, 0rq4nkWlO2E, SlksdQT5JRE
Frames: total=256 train=205 val=51
Samples: total=507 train=405 val=102
Temporal windows: train=144 val=4 dropped_train=46 dropped_val=72
Train scope: refine_net
Trainable params: 8,342,224
Temporal families: temporal_camera, temporal_bbox_projected, temporal_bbox_input
[progress] Entering optimization loop.
[progress] Fetching first training batch.
[step 00001] loss=3.9910 cam=394.6509 temp_cam=0.0000 bbox_p=0.0001 bbox_i=0.0006
[progress] Running validation at step 1.
             val_loss=1.8621 val_cam=185.4206 val_temp_cam=0.0000 val_bbox_p=0.0002 val_bbox_i=0.0027
[step 00010] loss=4.3728 cam=352.3944 temp_cam=0.0000 bbox_p=0.0009 bbox_i=0.0022
[progress] Running validation at step 10.
             val_loss=1.8950 val_cam=183.0368 val_temp_cam=0.0000 val_bbox_p=0.0002 val_bbox_i=0.0027
[step 00020] loss=3.8509 cam=342.2841 temp_cam=0.0000 bbox_p=0.0001 bbox_i=0.0004
[progress] Running validation at step 20.
             val_loss=1.8877 val_cam=177.2546 val_temp_cam=0.0000 val_bbox_p=0.0002 val_bbox_i=0.0027
[step 00030] loss=3.6068 cam=319.9666 temp_cam=0.0000 bbox_p=0.0000 bbox_i=0.0002
[progress] Running validation at step 30.
             val_loss=1.8051 val_cam=172.0922 val_temp_cam=0.0000 val_bbox_p=0.0003 val_bbox_i=0.0027
[step 00040] loss=3.8142 cam=352.6630 temp_cam=0.0000 bbox_p=0.0000 bbox_i=0.0001
[progress] Running validation at step 40.
             val_loss=1.8397 val_cam=167.3623 val_temp_cam=0.0000 val_bbox_p=0.0003 val_bbox_i=0.0027
[step 00050] loss=4.0704 cam=324.0964 temp_cam=0.0000 bbox_p=0.0000 bbox_i=0.0001
[progress] Running validation at step 50.
             val_loss=1.8952 val_cam=163.1327 val_temp_cam=0.0000 val_bbox_p=0.0003 val_bbox_i=0.0027
[step 00060] loss=3.9857 cam=326.8478 temp_cam=0.0000 bbox_p=0.0000 bbox_i=0.0000
[progress] Running validation at step 60.
             val_loss=1.7951 val_cam=159.7144 val_temp_cam=0.0000 val_bbox_p=0.0002 val_bbox_i=0.0027
[step 00070] loss=3.4951 cam=310.3133 temp_cam=0.0000 bbox_p=0.0003 bbox_i=0.0010
[progress] Running validation at step 70.
             val_loss=1.6362 val_cam=156.6578 val_temp_cam=0.0000 val_bbox_p=0.0002 val_bbox_i=0.0027
[step 00080] loss=3.7170 cam=325.6734 temp_cam=0.0000 bbox_p=0.0004 bbox_i=0.0002
[progress] Running validation at step 80.
             val_loss=1.6298 val_cam=153.7255 val_temp_cam=0.0000 val_bbox_p=0.0003 val_bbox_i=0.0027
[step 00090] loss=3.9942 cam=316.6887 temp_cam=0.0000 bbox_p=0.0003 bbox_i=0.0010
[progress] Running validation at step 90.
             val_loss=1.7474 val_cam=150.6416 val_temp_cam=0.0000 val_bbox_p=0.0003 val_bbox_i=0.0027
[step 00100] loss=2.9406 cam=273.7416 temp_cam=0.0000 bbox_p=0.0014 bbox_i=0.0022
[progress] Running validation at step 100.
             val_loss=1.6234 val_cam=147.9610 val_temp_cam=0.0000 val_bbox_p=0.0003 val_bbox_i=0.0027
[progress] Saved latest checkpoint at step 100.
[step 00110] loss=3.0529 cam=276.5737 temp_cam=0.0000 bbox_p=0.0001 bbox_i=0.0004
[progress] Running validation at step 110.
             val_loss=1.5894 val_cam=145.5189 val_temp_cam=0.0000 val_bbox_p=0.0003 val_bbox_i=0.0027
[step 00120] loss=3.4633 cam=272.7644 temp_cam=0.0000 bbox_p=0.0000 bbox_i=0.0002
[progress] Running validation at step 120.
             val_loss=1.6267 val_cam=142.8165 val_temp_cam=0.0000 val_bbox_p=0.0004 val_bbox_i=0.0027
[step 00130] loss=3.1992 cam=291.0306 temp_cam=0.0000 bbox_p=0.0000 bbox_i=0.0001
[progress] Running validation at step 130.
             val_loss=1.5365 val_cam=140.3320 val_temp_cam=0.0000 val_bbox_p=0.0004 val_bbox_i=0.0027
[step 00140] loss=4.5219 cam=278.5648 temp_cam=0.0000 bbox_p=0.0000 bbox_i=0.0001
[progress] Running validation at step 140.
             val_loss=1.7620 val_cam=137.9422 val_temp_cam=0.0000 val_bbox_p=0.0005 val_bbox_i=0.0027
[step 00150] loss=3.6125 cam=275.3522 temp_cam=0.0000 bbox_p=0.0000 bbox_i=0.0000
[progress] Running validation at step 150.
             val_loss=1.5751 val_cam=136.1089 val_temp_cam=0.0000 val_bbox_p=0.0005 val_bbox_i=0.0027
[step 00160] loss=3.6270 cam=262.6457 temp_cam=0.0000 bbox_p=0.0004 bbox_i=0.0010
[progress] Running validation at step 160.
             val_loss=1.4904 val_cam=134.5459 val_temp_cam=0.0000 val_bbox_p=0.0005 val_bbox_i=0.0027
[step 00170] loss=3.9690 cam=280.2878 temp_cam=0.0000 bbox_p=0.0006 bbox_i=0.0002
[progress] Running validation at step 170.
             val_loss=1.5287 val_cam=133.1700 val_temp_cam=0.0000 val_bbox_p=0.0005 val_bbox_i=0.0027
[step 00180] loss=4.0531 cam=277.1898 temp_cam=0.0000 bbox_p=0.0004 bbox_i=0.0010
[progress] Running validation at step 180.
             val_loss=1.5344 val_cam=131.9249 val_temp_cam=0.0000 val_bbox_p=0.0004 val_bbox_i=0.0027
[step 00190] loss=3.2168 cam=238.8990 temp_cam=0.0000 bbox_p=0.0019 bbox_i=0.0022
[progress] Running validation at step 190.
             val_loss=1.4657 val_cam=130.9848 val_temp_cam=0.0000 val_bbox_p=0.0004 val_bbox_i=0.0027
[step 00200] loss=2.8694 cam=244.5705 temp_cam=0.0000 bbox_p=0.0001 bbox_i=0.0004
[progress] Running validation at step 200.
             val_loss=1.5843 val_cam=129.7516 val_temp_cam=0.0000 val_bbox_p=0.0003 val_bbox_i=0.0027
[progress] Saved latest checkpoint at step 200.
Finished fine-tuning. Best val_loss_total: 1.4657
Saved checkpoints under: /scratch/mthakur/manifold/outputs/wilor_finetune/hp_c_tw_0p10_sw_0p001
[progress] Containerized training process exited cleanly.
===============================================
Job finished at: Thu Apr 16 02:35:50 CEST 2026
Execution took 0.37 hours
Writing output to SLURM_logs/wilor-train_071.out
===============================================
