Loaded modules:

Currently Loaded Modules:
  1) slurm/current    3) gcc/11.3.0   5) cuda/11.7
  2) DefaultModules   4) 2024r1

 

Wed Jun 10 05:49:07 2026       
+-----------------------------------------------------------------------------------------+
| NVIDIA-SMI 580.159.04             Driver Version: 580.159.04     CUDA Version: 13.0     |
+-----------------------------------------+------------------------+----------------------+
| GPU  Name                 Persistence-M | Bus-Id          Disp.A | Volatile Uncorr. ECC |
| Fan  Temp   Perf          Pwr:Usage/Cap |           Memory-Usage | GPU-Util  Compute M. |
|                                         |                        |               MIG M. |
|=========================================+========================+======================|
|   0  NVIDIA A100 80GB PCIe          On  |   00000000:16:00.0 Off |                   On |
| N/A   48C    P0             98W /  300W |    8896MiB /  81920MiB |     N/A      Default |
|                                         |                        |              Enabled |
+-----------------------------------------+------------------------+----------------------+

+-----------------------------------------------------------------------------------------+
| MIG devices:                                                                            |
+------------------+----------------------------------+-----------+-----------------------+
| GPU  GI  CI  MIG |              Shared Memory-Usage |        Vol|        Shared         |
|      ID  ID  Dev |                Shared BAR1-Usage | SM     Unc| CE ENC  DEC  OFA  JPG |
|                  |                                  |        ECC|                       |
|==================+==================================+===========+=======================|
|  0    7   0   0  |              36MiB /  9728MiB    | 14      0 |  1   0    0    0    0 |
|                  |               0MiB /  6135MiB    |           |                       |
+------------------+----------------------------------+-----------+-----------------------+

+-----------------------------------------------------------------------------------------+
| Processes:                                                                              |
|  GPU   GI   CI              PID   Type   Process name                        GPU Memory |
|        ID   ID                                                               Usage      |
|=========================================================================================|
|  No running processes found                                                             |
+-----------------------------------------------------------------------------------------+
================ SLURM JOB INFO ================
Job ID:         10143342
Job Name:       wilor-inference
Partition:      gpu-a100-small
Node List:      gpu020
CPUs per task:  2
GPUs per task:  1
Memory per GPU: 10240
Submit dir:     /scratch/mthakur/manifold/models/wilor_hands
Work dir:       /scratch/mthakur/manifold/models/wilor_hands
Job started at: Wed Jun 10 05:49:07 CEST 2026
===============================================
WiLoR video: /scratch/mthakur/manifold/data/test/tremor_simulation_big_spiral_normal_90_meenakshi.mp4
WiLoR output root: /scratch/mthakur/manifold/outputs/wilor
WiLoR completion marker: /scratch/mthakur/manifold/outputs/wilor/_completed/tremor_simulation_big_spiral_normal_90_meenakshi.json
WiLoR frame cache root: /scratch/mthakur/manifold/data/test
/.venv/lib/python3.10/site-packages/timm/models/layers/__init__.py:49: FutureWarning: Importing from timm.models.layers is deprecated, please import via timm.layers
  warnings.warn(f"Importing from {__name__} is deprecated, please import via timm.layers", FutureWarning)
[progress] Loading WiLoR checkpoint: ./pretrained_models/wilor_final.ckpt
Loading  ./pretrained_models/wilor_final.ckpt
WARNING: You are using a MANO model, with only 10 shape coefficients.
[progress] Loading detector: ./pretrained_models/detector.pt

Processing: tremor_simulation_big_spiral_normal_90_meenakshi:frame_000000

Processing: tremor_simulation_big_spiral_normal_90_meenakshi:frame_000001

Processing: tremor_simulation_big_spiral_normal_90_meenakshi:frame_000002

Processing: tremor_simulation_big_spiral_normal_90_meenakshi:frame_000003

Processing: tremor_simulation_big_spiral_normal_90_meenakshi:frame_000004

Processing: tremor_simulation_big_spiral_normal_90_meenakshi:frame_000005

Processing: tremor_simulation_big_spiral_normal_90_meenakshi:frame_000006

Processing: tremor_simulation_big_spiral_normal_90_meenakshi:frame_000007

Processing: tremor_simulation_big_spiral_normal_90_meenakshi:frame_000008

Processing: tremor_simulation_big_spiral_normal_90_meenakshi:frame_000009

Processing: tremor_simulation_big_spiral_normal_90_meenakshi:frame_000010

Processing: tremor_simulation_big_spiral_normal_90_meenakshi:frame_000011

Processing: tremor_simulation_big_spiral_normal_90_meenakshi:frame_000012

Processing: tremor_simulation_big_spiral_normal_90_meenakshi:frame_000013

Processing: tremor_simulation_big_spiral_normal_90_meenakshi:frame_000014

Processing: tremor_simulation_big_spiral_normal_90_meenakshi:frame_000015

Processing: tremor_simulation_big_spiral_normal_90_meenakshi:frame_000016

Processing: tremor_simulation_big_spiral_normal_90_meenakshi:frame_000017

Processing: tremor_simulation_big_spiral_normal_90_meenakshi:frame_000018

Processing: tremor_simulation_big_spiral_normal_90_meenakshi:frame_000019

Processing: tremor_simulation_big_spiral_normal_90_meenakshi:frame_000020

Processing: tremor_simulation_big_spiral_normal_90_meenakshi:frame_000021

Processing: tremor_simulation_big_spiral_normal_90_meenakshi:frame_000022

Processing: tremor_simulation_big_spiral_normal_90_meenakshi:frame_000023

Processing: tremor_simulation_big_spiral_normal_90_meenakshi:frame_000024

Processing: tremor_simulation_big_spiral_normal_90_meenakshi:frame_000025

Processing: tremor_simulation_big_spiral_normal_90_meenakshi:frame_000026

Processing: tremor_simulation_big_spiral_normal_90_meenakshi:frame_000027

Processing: tremor_simulation_big_spiral_normal_90_meenakshi:frame_000028

Processing: tremor_simulation_big_spiral_normal_90_meenakshi:frame_000029

Processing: tremor_simulation_big_spiral_normal_90_meenakshi:frame_000030

Processing: tremor_simulation_big_spiral_normal_90_meenakshi:frame_000031

Processing: tremor_simulation_big_spiral_normal_90_meenakshi:frame_000032

Processing: tremor_simulation_big_spiral_normal_90_meenakshi:frame_000033

Processing: tremor_simulation_big_spiral_normal_90_meenakshi:frame_000034

Processing: tremor_simulation_big_spiral_normal_90_meenakshi:frame_000035

Processing: tremor_simulation_big_spiral_normal_90_meenakshi:frame_000036

Processing: tremor_simulation_big_spiral_normal_90_meenakshi:frame_000037

Processing: tremor_simulation_big_spiral_normal_90_meenakshi:frame_000038

Processing: tremor_simulation_big_spiral_normal_90_meenakshi:frame_000039

Processing: tremor_simulation_big_spiral_normal_90_meenakshi:frame_000040

Processing: tremor_simulation_big_spiral_normal_90_meenakshi:frame_000041

Processing: tremor_simulation_big_spiral_normal_90_meenakshi:frame_000042

Processing: tremor_simulation_big_spiral_normal_90_meenakshi:frame_000043

Processing: tremor_simulation_big_spiral_normal_90_meenakshi:frame_000044

Processing: tremor_simulation_big_spiral_normal_90_meenakshi:frame_000045

Processing: tremor_simulation_big_spiral_normal_90_meenakshi:frame_000046

Processing: tremor_simulation_big_spiral_normal_90_meenakshi:frame_000047

Processing: tremor_simulation_big_spiral_normal_90_meenakshi:frame_000048

Processing: tremor_simulation_big_spiral_normal_90_meenakshi:frame_000049

Processing: tremor_simulation_big_spiral_normal_90_meenakshi:frame_000050

Processing: tremor_simulation_big_spiral_normal_90_meenakshi:frame_000051

Processing: tremor_simulation_big_spiral_normal_90_meenakshi:frame_000052

Processing: tremor_simulation_big_spiral_normal_90_meenakshi:frame_000053

Processing: tremor_simulation_big_spiral_normal_90_meenakshi:frame_000054

Processing: tremor_simulation_big_spiral_normal_90_meenakshi:frame_000055

Processing: tremor_simulation_big_spiral_normal_90_meenakshi:frame_000056

Processing: tremor_simulation_big_spiral_normal_90_meenakshi:frame_000057

Processing: tremor_simulation_big_spiral_normal_90_meenakshi:frame_000058

Processing: tremor_simulation_big_spiral_normal_90_meenakshi:frame_000059

Processing: tremor_simulation_big_spiral_normal_90_meenakshi:frame_000060

Processing: tremor_simulation_big_spiral_normal_90_meenakshi:frame_000061

Processing: tremor_simulation_big_spiral_normal_90_meenakshi:frame_000062

Processing: tremor_simulation_big_spiral_normal_90_meenakshi:frame_000063

Processing: tremor_simulation_big_spiral_normal_90_meenakshi:frame_000064

Processing: tremor_simulation_big_spiral_normal_90_meenakshi:frame_000065

Processing: tremor_simulation_big_spiral_normal_90_meenakshi:frame_000066

Processing: tremor_simulation_big_spiral_normal_90_meenakshi:frame_000067

Processing: tremor_simulation_big_spiral_normal_90_meenakshi:frame_000068

Processing: tremor_simulation_big_spiral_normal_90_meenakshi:frame_000069

Processing: tremor_simulation_big_spiral_normal_90_meenakshi:frame_000070

Processing: tremor_simulation_big_spiral_normal_90_meenakshi:frame_000071

Processing: tremor_simulation_big_spiral_normal_90_meenakshi:frame_000072

Processing: tremor_simulation_big_spiral_normal_90_meenakshi:frame_000073

Processing: tremor_simulation_big_spiral_normal_90_meenakshi:frame_000074

Processing: tremor_simulation_big_spiral_normal_90_meenakshi:frame_000075

Processing: tremor_simulation_big_spiral_normal_90_meenakshi:frame_000076

Processing: tremor_simulation_big_spiral_normal_90_meenakshi:frame_000077

Processing: tremor_simulation_big_spiral_normal_90_meenakshi:frame_000078

Processing: tremor_simulation_big_spiral_normal_90_meenakshi:frame_000079

Processing: tremor_simulation_big_spiral_normal_90_meenakshi:frame_000080

Processing: tremor_simulation_big_spiral_normal_90_meenakshi:frame_000081

Processing: tremor_simulation_big_spiral_normal_90_meenakshi:frame_000082

Processing: tremor_simulation_big_spiral_normal_90_meenakshi:frame_000083

Processing: tremor_simulation_big_spiral_normal_90_meenakshi:frame_000084

Processing: tremor_simulation_big_spiral_normal_90_meenakshi:frame_000085

Processing: tremor_simulation_big_spiral_normal_90_meenakshi:frame_000086

Processing: tremor_simulation_big_spiral_normal_90_meenakshi:frame_000087

Processing: tremor_simulation_big_spiral_normal_90_meenakshi:frame_000088

Processing: tremor_simulation_big_spiral_normal_90_meenakshi:frame_000089

Processing: tremor_simulation_big_spiral_normal_90_meenakshi:frame_000090

Processing: tremor_simulation_big_spiral_normal_90_meenakshi:frame_000091

Processing: tremor_simulation_big_spiral_normal_90_meenakshi:frame_000092

Processing: tremor_simulation_big_spiral_normal_90_meenakshi:frame_000093

Processing: tremor_simulation_big_spiral_normal_90_meenakshi:frame_000094

Processing: tremor_simulation_big_spiral_normal_90_meenakshi:frame_000095

Processing: tremor_simulation_big_spiral_normal_90_meenakshi:frame_000096

Processing: tremor_simulation_big_spiral_normal_90_meenakshi:frame_000097

Processing: tremor_simulation_big_spiral_normal_90_meenakshi:frame_000098

Processing: tremor_simulation_big_spiral_normal_90_meenakshi:frame_000099

Processing: tremor_simulation_big_spiral_normal_90_meenakshi:frame_000100

Processing: tremor_simulation_big_spiral_normal_90_meenakshi:frame_000101

Processing: tremor_simulation_big_spiral_normal_90_meenakshi:frame_000102

Processing: tremor_simulation_big_spiral_normal_90_meenakshi:frame_000103

Processing: tremor_simulation_big_spiral_normal_90_meenakshi:frame_000104

Processing: tremor_simulation_big_spiral_normal_90_meenakshi:frame_000105

Processing: tremor_simulation_big_spiral_normal_90_meenakshi:frame_000106

Processing: tremor_simulation_big_spiral_normal_90_meenakshi:frame_000107

Processing: tremor_simulation_big_spiral_normal_90_meenakshi:frame_000108

Processing: tremor_simulation_big_spiral_normal_90_meenakshi:frame_000109

Processing: tremor_simulation_big_spiral_normal_90_meenakshi:frame_000110

Processing: tremor_simulation_big_spiral_normal_90_meenakshi:frame_000111

Processing: tremor_simulation_big_spiral_normal_90_meenakshi:frame_000112

Processing: tremor_simulation_big_spiral_normal_90_meenakshi:frame_000113

Processing: tremor_simulation_big_spiral_normal_90_meenakshi:frame_000114

Processing: tremor_simulation_big_spiral_normal_90_meenakshi:frame_000115

Processing: tremor_simulation_big_spiral_normal_90_meenakshi:frame_000116

Processing: tremor_simulation_big_spiral_normal_90_meenakshi:frame_000117

Processing: tremor_simulation_big_spiral_normal_90_meenakshi:frame_000118

Processing: tremor_simulation_big_spiral_normal_90_meenakshi:frame_000119

Processing: tremor_simulation_big_spiral_normal_90_meenakshi:frame_000120

Processing: tremor_simulation_big_spiral_normal_90_meenakshi:frame_000121

Processing: tremor_simulation_big_spiral_normal_90_meenakshi:frame_000122

Processing: tremor_simulation_big_spiral_normal_90_meenakshi:frame_000123

Processing: tremor_simulation_big_spiral_normal_90_meenakshi:frame_000124

Processing: tremor_simulation_big_spiral_normal_90_meenakshi:frame_000125

Processing: tremor_simulation_big_spiral_normal_90_meenakshi:frame_000126

Processing: tremor_simulation_big_spiral_normal_90_meenakshi:frame_000127

Processing: tremor_simulation_big_spiral_normal_90_meenakshi:frame_000128

Processing: tremor_simulation_big_spiral_normal_90_meenakshi:frame_000129

Processing: tremor_simulation_big_spiral_normal_90_meenakshi:frame_000130

Processing: tremor_simulation_big_spiral_normal_90_meenakshi:frame_000131

Processing: tremor_simulation_big_spiral_normal_90_meenakshi:frame_000132

Processing: tremor_simulation_big_spiral_normal_90_meenakshi:frame_000133

Processing: tremor_simulation_big_spiral_normal_90_meenakshi:frame_000134

Processing: tremor_simulation_big_spiral_normal_90_meenakshi:frame_000135

Processing: tremor_simulation_big_spiral_normal_90_meenakshi:frame_000136

Processing: tremor_simulation_big_spiral_normal_90_meenakshi:frame_000137

Processing: tremor_simulation_big_spiral_normal_90_meenakshi:frame_000138

Processing: tremor_simulation_big_spiral_normal_90_meenakshi:frame_000139

Processing: tremor_simulation_big_spiral_normal_90_meenakshi:frame_000140

Processing: tremor_simulation_big_spiral_normal_90_meenakshi:frame_000141

Processing: tremor_simulation_big_spiral_normal_90_meenakshi:frame_000142

Processing: tremor_simulation_big_spiral_normal_90_meenakshi:frame_000143

Processing: tremor_simulation_big_spiral_normal_90_meenakshi:frame_000144

Processing: tremor_simulation_big_spiral_normal_90_meenakshi:frame_000145

Processing: tremor_simulation_big_spiral_normal_90_meenakshi:frame_000146

Processing: tremor_simulation_big_spiral_normal_90_meenakshi:frame_000147

Processing: tremor_simulation_big_spiral_normal_90_meenakshi:frame_000148

Processing: tremor_simulation_big_spiral_normal_90_meenakshi:frame_000149

Processing: tremor_simulation_big_spiral_normal_90_meenakshi:frame_000150

Processing: tremor_simulation_big_spiral_normal_90_meenakshi:frame_000151

Processing: tremor_simulation_big_spiral_normal_90_meenakshi:frame_000152

Processing: tremor_simulation_big_spiral_normal_90_meenakshi:frame_000153

Processing: tremor_simulation_big_spiral_normal_90_meenakshi:frame_000154

Processing: tremor_simulation_big_spiral_normal_90_meenakshi:frame_000155

Processing: tremor_simulation_big_spiral_normal_90_meenakshi:frame_000156

Processing: tremor_simulation_big_spiral_normal_90_meenakshi:frame_000157

Processing: tremor_simulation_big_spiral_normal_90_meenakshi:frame_000158

Processing: tremor_simulation_big_spiral_normal_90_meenakshi:frame_000159

Processing: tremor_simulation_big_spiral_normal_90_meenakshi:frame_000160

Processing: tremor_simulation_big_spiral_normal_90_meenakshi:frame_000161

Processing: tremor_simulation_big_spiral_normal_90_meenakshi:frame_000162

Processing: tremor_simulation_big_spiral_normal_90_meenakshi:frame_000163

Processing: tremor_simulation_big_spiral_normal_90_meenakshi:frame_000164

Processing: tremor_simulation_big_spiral_normal_90_meenakshi:frame_000165

Processing: tremor_simulation_big_spiral_normal_90_meenakshi:frame_000166

Processing: tremor_simulation_big_spiral_normal_90_meenakshi:frame_000167

Processing: tremor_simulation_big_spiral_normal_90_meenakshi:frame_000168

Processing: tremor_simulation_big_spiral_normal_90_meenakshi:frame_000169

Processing: tremor_simulation_big_spiral_normal_90_meenakshi:frame_000170

Processing: tremor_simulation_big_spiral_normal_90_meenakshi:frame_000171

Processing: tremor_simulation_big_spiral_normal_90_meenakshi:frame_000172

Processing: tremor_simulation_big_spiral_normal_90_meenakshi:frame_000173

Processing: tremor_simulation_big_spiral_normal_90_meenakshi:frame_000174

Processing: tremor_simulation_big_spiral_normal_90_meenakshi:frame_000175

Processing: tremor_simulation_big_spiral_normal_90_meenakshi:frame_000176

Processing: tremor_simulation_big_spiral_normal_90_meenakshi:frame_000177

Processing: tremor_simulation_big_spiral_normal_90_meenakshi:frame_000178

Processing: tremor_simulation_big_spiral_normal_90_meenakshi:frame_000179

Processing: tremor_simulation_big_spiral_normal_90_meenakshi:frame_000180

Processing: tremor_simulation_big_spiral_normal_90_meenakshi:frame_000181

Processing: tremor_simulation_big_spiral_normal_90_meenakshi:frame_000182

Processing: tremor_simulation_big_spiral_normal_90_meenakshi:frame_000183

Processing: tremor_simulation_big_spiral_normal_90_meenakshi:frame_000184

Processing: tremor_simulation_big_spiral_normal_90_meenakshi:frame_000185

Processing: tremor_simulation_big_spiral_normal_90_meenakshi:frame_000186

Processing: tremor_simulation_big_spiral_normal_90_meenakshi:frame_000187

Processing: tremor_simulation_big_spiral_normal_90_meenakshi:frame_000188

Processing: tremor_simulation_big_spiral_normal_90_meenakshi:frame_000189

Processing: tremor_simulation_big_spiral_normal_90_meenakshi:frame_000190

Processing: tremor_simulation_big_spiral_normal_90_meenakshi:frame_000191

Processing: tremor_simulation_big_spiral_normal_90_meenakshi:frame_000192

Processing: tremor_simulation_big_spiral_normal_90_meenakshi:frame_000193

Processing: tremor_simulation_big_spiral_normal_90_meenakshi:frame_000194

Processing: tremor_simulation_big_spiral_normal_90_meenakshi:frame_000195

Processing: tremor_simulation_big_spiral_normal_90_meenakshi:frame_000196

Processing: tremor_simulation_big_spiral_normal_90_meenakshi:frame_000197

Processing: tremor_simulation_big_spiral_normal_90_meenakshi:frame_000198

Processing: tremor_simulation_big_spiral_normal_90_meenakshi:frame_000199

Processing: tremor_simulation_big_spiral_normal_90_meenakshi:frame_000200

Processing: tremor_simulation_big_spiral_normal_90_meenakshi:frame_000201

Processing: tremor_simulation_big_spiral_normal_90_meenakshi:frame_000202

Processing: tremor_simulation_big_spiral_normal_90_meenakshi:frame_000203

Processing: tremor_simulation_big_spiral_normal_90_meenakshi:frame_000204

Processing: tremor_simulation_big_spiral_normal_90_meenakshi:frame_000205

Processing: tremor_simulation_big_spiral_normal_90_meenakshi:frame_000206

Processing: tremor_simulation_big_spiral_normal_90_meenakshi:frame_000207

Processing: tremor_simulation_big_spiral_normal_90_meenakshi:frame_000208

Processing: tremor_simulation_big_spiral_normal_90_meenakshi:frame_000209

Processing: tremor_simulation_big_spiral_normal_90_meenakshi:frame_000210

Processing: tremor_simulation_big_spiral_normal_90_meenakshi:frame_000211

Processing: tremor_simulation_big_spiral_normal_90_meenakshi:frame_000212

Processing: tremor_simulation_big_spiral_normal_90_meenakshi:frame_000213

Processing: tremor_simulation_big_spiral_normal_90_meenakshi:frame_000214

Processing: tremor_simulation_big_spiral_normal_90_meenakshi:frame_000215

Processing: tremor_simulation_big_spiral_normal_90_meenakshi:frame_000216

Processing: tremor_simulation_big_spiral_normal_90_meenakshi:frame_000217

Processing: tremor_simulation_big_spiral_normal_90_meenakshi:frame_000218

Processing: tremor_simulation_big_spiral_normal_90_meenakshi:frame_000219

Processing: tremor_simulation_big_spiral_normal_90_meenakshi:frame_000220

Processing: tremor_simulation_big_spiral_normal_90_meenakshi:frame_000221

Processing: tremor_simulation_big_spiral_normal_90_meenakshi:frame_000222

Processing: tremor_simulation_big_spiral_normal_90_meenakshi:frame_000223

Processing: tremor_simulation_big_spiral_normal_90_meenakshi:frame_000224

Processing: tremor_simulation_big_spiral_normal_90_meenakshi:frame_000225

Processing: tremor_simulation_big_spiral_normal_90_meenakshi:frame_000226

Processing: tremor_simulation_big_spiral_normal_90_meenakshi:frame_000227

Processing: tremor_simulation_big_spiral_normal_90_meenakshi:frame_000228

Processing: tremor_simulation_big_spiral_normal_90_meenakshi:frame_000229

Processing: tremor_simulation_big_spiral_normal_90_meenakshi:frame_000230

Processing: tremor_simulation_big_spiral_normal_90_meenakshi:frame_000231

Processing: tremor_simulation_big_spiral_normal_90_meenakshi:frame_000232

Processing: tremor_simulation_big_spiral_normal_90_meenakshi:frame_000233

Processing: tremor_simulation_big_spiral_normal_90_meenakshi:frame_000234

Processing: tremor_simulation_big_spiral_normal_90_meenakshi:frame_000235

Processing: tremor_simulation_big_spiral_normal_90_meenakshi:frame_000236

Processing: tremor_simulation_big_spiral_normal_90_meenakshi:frame_000237

Processing: tremor_simulation_big_spiral_normal_90_meenakshi:frame_000238

Processing: tremor_simulation_big_spiral_normal_90_meenakshi:frame_000239

Processing: tremor_simulation_big_spiral_normal_90_meenakshi:frame_000240

Processing: tremor_simulation_big_spiral_normal_90_meenakshi:frame_000241

Processing: tremor_simulation_big_spiral_normal_90_meenakshi:frame_000242

Processing: tremor_simulation_big_spiral_normal_90_meenakshi:frame_000243

Processing: tremor_simulation_big_spiral_normal_90_meenakshi:frame_000244

Processing: tremor_simulation_big_spiral_normal_90_meenakshi:frame_000245

Processing: tremor_simulation_big_spiral_normal_90_meenakshi:frame_000246

Processing: tremor_simulation_big_spiral_normal_90_meenakshi:frame_000247

Processing: tremor_simulation_big_spiral_normal_90_meenakshi:frame_000248

Processing: tremor_simulation_big_spiral_normal_90_meenakshi:frame_000249

Processing: tremor_simulation_big_spiral_normal_90_meenakshi:frame_000250

Processing: tremor_simulation_big_spiral_normal_90_meenakshi:frame_000251

Processing: tremor_simulation_big_spiral_normal_90_meenakshi:frame_000252

Processing: tremor_simulation_big_spiral_normal_90_meenakshi:frame_000253

Processing: tremor_simulation_big_spiral_normal_90_meenakshi:frame_000254

Processing: tremor_simulation_big_spiral_normal_90_meenakshi:frame_000255

Processing: tremor_simulation_big_spiral_normal_90_meenakshi:frame_000256

Processing: tremor_simulation_big_spiral_normal_90_meenakshi:frame_000257

Processing: tremor_simulation_big_spiral_normal_90_meenakshi:frame_000258

Processing: tremor_simulation_big_spiral_normal_90_meenakshi:frame_000259

Processing: tremor_simulation_big_spiral_normal_90_meenakshi:frame_000260

Processing: tremor_simulation_big_spiral_normal_90_meenakshi:frame_000261

Processing: tremor_simulation_big_spiral_normal_90_meenakshi:frame_000262

Processing: tremor_simulation_big_spiral_normal_90_meenakshi:frame_000263

Processing: tremor_simulation_big_spiral_normal_90_meenakshi:frame_000264

Processing: tremor_simulation_big_spiral_normal_90_meenakshi:frame_000265

Processing: tremor_simulation_big_spiral_normal_90_meenakshi:frame_000266

Processing: tremor_simulation_big_spiral_normal_90_meenakshi:frame_000267

Processing: tremor_simulation_big_spiral_normal_90_meenakshi:frame_000268

Processing: tremor_simulation_big_spiral_normal_90_meenakshi:frame_000269

Processing: tremor_simulation_big_spiral_normal_90_meenakshi:frame_000270

Processing: tremor_simulation_big_spiral_normal_90_meenakshi:frame_000271

Processing: tremor_simulation_big_spiral_normal_90_meenakshi:frame_000272

Processing: tremor_simulation_big_spiral_normal_90_meenakshi:frame_000273

Processing: tremor_simulation_big_spiral_normal_90_meenakshi:frame_000274

Processing: tremor_simulation_big_spiral_normal_90_meenakshi:frame_000275

Processing: tremor_simulation_big_spiral_normal_90_meenakshi:frame_000276

Processing: tremor_simulation_big_spiral_normal_90_meenakshi:frame_000277

Processing: tremor_simulation_big_spiral_normal_90_meenakshi:frame_000278

Processing: tremor_simulation_big_spiral_normal_90_meenakshi:frame_000279

Processing: tremor_simulation_big_spiral_normal_90_meenakshi:frame_000280

Processing: tremor_simulation_big_spiral_normal_90_meenakshi:frame_000281

Processing: tremor_simulation_big_spiral_normal_90_meenakshi:frame_000282

Processing: tremor_simulation_big_spiral_normal_90_meenakshi:frame_000283

Processing: tremor_simulation_big_spiral_normal_90_meenakshi:frame_000284

Processing: tremor_simulation_big_spiral_normal_90_meenakshi:frame_000285

Processing: tremor_simulation_big_spiral_normal_90_meenakshi:frame_000286

Processing: tremor_simulation_big_spiral_normal_90_meenakshi:frame_000287

Processing: tremor_simulation_big_spiral_normal_90_meenakshi:frame_000288

Processing: tremor_simulation_big_spiral_normal_90_meenakshi:frame_000289

Processing: tremor_simulation_big_spiral_normal_90_meenakshi:frame_000290

Processing: tremor_simulation_big_spiral_normal_90_meenakshi:frame_000291

Processing: tremor_simulation_big_spiral_normal_90_meenakshi:frame_000292

Processing: tremor_simulation_big_spiral_normal_90_meenakshi:frame_000293

Processing: tremor_simulation_big_spiral_normal_90_meenakshi:frame_000294

Processing: tremor_simulation_big_spiral_normal_90_meenakshi:frame_000295

Processing: tremor_simulation_big_spiral_normal_90_meenakshi:frame_000296

Processing: tremor_simulation_big_spiral_normal_90_meenakshi:frame_000297

Processing: tremor_simulation_big_spiral_normal_90_meenakshi:frame_000298

Processing: tremor_simulation_big_spiral_normal_90_meenakshi:frame_000299

Processing: tremor_simulation_big_spiral_normal_90_meenakshi:frame_000300

Processing: tremor_simulation_big_spiral_normal_90_meenakshi:frame_000301

Processing: tremor_simulation_big_spiral_normal_90_meenakshi:frame_000302

Processing: tremor_simulation_big_spiral_normal_90_meenakshi:frame_000303

Processing: tremor_simulation_big_spiral_normal_90_meenakshi:frame_000304

Processing: tremor_simulation_big_spiral_normal_90_meenakshi:frame_000305

Processing: tremor_simulation_big_spiral_normal_90_meenakshi:frame_000306

Processing: tremor_simulation_big_spiral_normal_90_meenakshi:frame_000307

Processing: tremor_simulation_big_spiral_normal_90_meenakshi:frame_000308

Processing: tremor_simulation_big_spiral_normal_90_meenakshi:frame_000309

Processing: tremor_simulation_big_spiral_normal_90_meenakshi:frame_000310

Processing: tremor_simulation_big_spiral_normal_90_meenakshi:frame_000311

Processing: tremor_simulation_big_spiral_normal_90_meenakshi:frame_000312

Processing: tremor_simulation_big_spiral_normal_90_meenakshi:frame_000313

Processing: tremor_simulation_big_spiral_normal_90_meenakshi:frame_000314

Processing: tremor_simulation_big_spiral_normal_90_meenakshi:frame_000315

Processing: tremor_simulation_big_spiral_normal_90_meenakshi:frame_000316

Processing: tremor_simulation_big_spiral_normal_90_meenakshi:frame_000317

Processing: tremor_simulation_big_spiral_normal_90_meenakshi:frame_000318

Processing: tremor_simulation_big_spiral_normal_90_meenakshi:frame_000319

Processing: tremor_simulation_big_spiral_normal_90_meenakshi:frame_000320

Processing: tremor_simulation_big_spiral_normal_90_meenakshi:frame_000321

Processing: tremor_simulation_big_spiral_normal_90_meenakshi:frame_000322

Processing: tremor_simulation_big_spiral_normal_90_meenakshi:frame_000323

Processing: tremor_simulation_big_spiral_normal_90_meenakshi:frame_000324

Processing: tremor_simulation_big_spiral_normal_90_meenakshi:frame_000325

Processing: tremor_simulation_big_spiral_normal_90_meenakshi:frame_000326

Processing: tremor_simulation_big_spiral_normal_90_meenakshi:frame_000327

Processing: tremor_simulation_big_spiral_normal_90_meenakshi:frame_000328

Processing: tremor_simulation_big_spiral_normal_90_meenakshi:frame_000329

Processing: tremor_simulation_big_spiral_normal_90_meenakshi:frame_000330

Processing: tremor_simulation_big_spiral_normal_90_meenakshi:frame_000331

Processing: tremor_simulation_big_spiral_normal_90_meenakshi:frame_000332

Processing: tremor_simulation_big_spiral_normal_90_meenakshi:frame_000333

Processing: tremor_simulation_big_spiral_normal_90_meenakshi:frame_000334

Processing: tremor_simulation_big_spiral_normal_90_meenakshi:frame_000335

Processing: tremor_simulation_big_spiral_normal_90_meenakshi:frame_000336

Processing: tremor_simulation_big_spiral_normal_90_meenakshi:frame_000337

Processing: tremor_simulation_big_spiral_normal_90_meenakshi:frame_000338

Processing: tremor_simulation_big_spiral_normal_90_meenakshi:frame_000339

Processing: tremor_simulation_big_spiral_normal_90_meenakshi:frame_000340

Processing: tremor_simulation_big_spiral_normal_90_meenakshi:frame_000341

Processing: tremor_simulation_big_spiral_normal_90_meenakshi:frame_000342

Processing: tremor_simulation_big_spiral_normal_90_meenakshi:frame_000343

Processing: tremor_simulation_big_spiral_normal_90_meenakshi:frame_000344

Processing: tremor_simulation_big_spiral_normal_90_meenakshi:frame_000345

Processing: tremor_simulation_big_spiral_normal_90_meenakshi:frame_000346

Processing: tremor_simulation_big_spiral_normal_90_meenakshi:frame_000347

Processing: tremor_simulation_big_spiral_normal_90_meenakshi:frame_000348

Processing: tremor_simulation_big_spiral_normal_90_meenakshi:frame_000349

Processing: tremor_simulation_big_spiral_normal_90_meenakshi:frame_000350

Processing: tremor_simulation_big_spiral_normal_90_meenakshi:frame_000351

Processing: tremor_simulation_big_spiral_normal_90_meenakshi:frame_000352

Processing: tremor_simulation_big_spiral_normal_90_meenakshi:frame_000353

Processing: tremor_simulation_big_spiral_normal_90_meenakshi:frame_000354

Processing: tremor_simulation_big_spiral_normal_90_meenakshi:frame_000355

Processing: tremor_simulation_big_spiral_normal_90_meenakshi:frame_000356

Processing: tremor_simulation_big_spiral_normal_90_meenakshi:frame_000357

Processing: tremor_simulation_big_spiral_normal_90_meenakshi:frame_000358

Processing: tremor_simulation_big_spiral_normal_90_meenakshi:frame_000359

Processing: tremor_simulation_big_spiral_normal_90_meenakshi:frame_000360

Processing: tremor_simulation_big_spiral_normal_90_meenakshi:frame_000361

Processing: tremor_simulation_big_spiral_normal_90_meenakshi:frame_000362

Processing: tremor_simulation_big_spiral_normal_90_meenakshi:frame_000363

Processing: tremor_simulation_big_spiral_normal_90_meenakshi:frame_000364

Processing: tremor_simulation_big_spiral_normal_90_meenakshi:frame_000365

Processing: tremor_simulation_big_spiral_normal_90_meenakshi:frame_000366

Processing: tremor_simulation_big_spiral_normal_90_meenakshi:frame_000367

Processing: tremor_simulation_big_spiral_normal_90_meenakshi:frame_000368

Processing: tremor_simulation_big_spiral_normal_90_meenakshi:frame_000369

Processing: tremor_simulation_big_spiral_normal_90_meenakshi:frame_000370

Processing: tremor_simulation_big_spiral_normal_90_meenakshi:frame_000371

Processing: tremor_simulation_big_spiral_normal_90_meenakshi:frame_000372

Processing: tremor_simulation_big_spiral_normal_90_meenakshi:frame_000373

Processing: tremor_simulation_big_spiral_normal_90_meenakshi:frame_000374

Processing: tremor_simulation_big_spiral_normal_90_meenakshi:frame_000375

Processing: tremor_simulation_big_spiral_normal_90_meenakshi:frame_000376

Processing: tremor_simulation_big_spiral_normal_90_meenakshi:frame_000377

Processing: tremor_simulation_big_spiral_normal_90_meenakshi:frame_000378

Processing: tremor_simulation_big_spiral_normal_90_meenakshi:frame_000379

Processing: tremor_simulation_big_spiral_normal_90_meenakshi:frame_000380

Processing: tremor_simulation_big_spiral_normal_90_meenakshi:frame_000381

Processing: tremor_simulation_big_spiral_normal_90_meenakshi:frame_000382

Processing: tremor_simulation_big_spiral_normal_90_meenakshi:frame_000383

Processing: tremor_simulation_big_spiral_normal_90_meenakshi:frame_000384

Processing: tremor_simulation_big_spiral_normal_90_meenakshi:frame_000385

Processing: tremor_simulation_big_spiral_normal_90_meenakshi:frame_000386

Processing: tremor_simulation_big_spiral_normal_90_meenakshi:frame_000387

Processing: tremor_simulation_big_spiral_normal_90_meenakshi:frame_000388

Processing: tremor_simulation_big_spiral_normal_90_meenakshi:frame_000389

Processing: tremor_simulation_big_spiral_normal_90_meenakshi:frame_000390

Processing: tremor_simulation_big_spiral_normal_90_meenakshi:frame_000391

Processing: tremor_simulation_big_spiral_normal_90_meenakshi:frame_000392

Processing: tremor_simulation_big_spiral_normal_90_meenakshi:frame_000393

Processing: tremor_simulation_big_spiral_normal_90_meenakshi:frame_000394

Processing: tremor_simulation_big_spiral_normal_90_meenakshi:frame_000395

Processing: tremor_simulation_big_spiral_normal_90_meenakshi:frame_000396

Processing: tremor_simulation_big_spiral_normal_90_meenakshi:frame_000397

Processing: tremor_simulation_big_spiral_normal_90_meenakshi:frame_000398

Processing: tremor_simulation_big_spiral_normal_90_meenakshi:frame_000399

Processing: tremor_simulation_big_spiral_normal_90_meenakshi:frame_000400

Processing: tremor_simulation_big_spiral_normal_90_meenakshi:frame_000401

Processing: tremor_simulation_big_spiral_normal_90_meenakshi:frame_000402

Processing: tremor_simulation_big_spiral_normal_90_meenakshi:frame_000403

Processing: tremor_simulation_big_spiral_normal_90_meenakshi:frame_000404

Processing: tremor_simulation_big_spiral_normal_90_meenakshi:frame_000405

Processing: tremor_simulation_big_spiral_normal_90_meenakshi:frame_000406

Processing: tremor_simulation_big_spiral_normal_90_meenakshi:frame_000407

Processing: tremor_simulation_big_spiral_normal_90_meenakshi:frame_000408

Processing: tremor_simulation_big_spiral_normal_90_meenakshi:frame_000409

Processing: tremor_simulation_big_spiral_normal_90_meenakshi:frame_000410

Processing: tremor_simulation_big_spiral_normal_90_meenakshi:frame_000411

Processing: tremor_simulation_big_spiral_normal_90_meenakshi:frame_000412

Processing: tremor_simulation_big_spiral_normal_90_meenakshi:frame_000413

Processing: tremor_simulation_big_spiral_normal_90_meenakshi:frame_000414

Processing: tremor_simulation_big_spiral_normal_90_meenakshi:frame_000415

Processing: tremor_simulation_big_spiral_normal_90_meenakshi:frame_000416

Processing: tremor_simulation_big_spiral_normal_90_meenakshi:frame_000417

Processing: tremor_simulation_big_spiral_normal_90_meenakshi:frame_000418

Processing: tremor_simulation_big_spiral_normal_90_meenakshi:frame_000419

Processing: tremor_simulation_big_spiral_normal_90_meenakshi:frame_000420

Processing: tremor_simulation_big_spiral_normal_90_meenakshi:frame_000421

Processing: tremor_simulation_big_spiral_normal_90_meenakshi:frame_000422

Processing: tremor_simulation_big_spiral_normal_90_meenakshi:frame_000423

Processing: tremor_simulation_big_spiral_normal_90_meenakshi:frame_000424

Processing: tremor_simulation_big_spiral_normal_90_meenakshi:frame_000425

Processing: tremor_simulation_big_spiral_normal_90_meenakshi:frame_000426

Processing: tremor_simulation_big_spiral_normal_90_meenakshi:frame_000427

Processing: tremor_simulation_big_spiral_normal_90_meenakshi:frame_000428

Processing: tremor_simulation_big_spiral_normal_90_meenakshi:frame_000429

Processing: tremor_simulation_big_spiral_normal_90_meenakshi:frame_000430

Processing: tremor_simulation_big_spiral_normal_90_meenakshi:frame_000431

Processing: tremor_simulation_big_spiral_normal_90_meenakshi:frame_000432

Processing: tremor_simulation_big_spiral_normal_90_meenakshi:frame_000433

Processing: tremor_simulation_big_spiral_normal_90_meenakshi:frame_000434

Processing: tremor_simulation_big_spiral_normal_90_meenakshi:frame_000435

Processing: tremor_simulation_big_spiral_normal_90_meenakshi:frame_000436

Processing: tremor_simulation_big_spiral_normal_90_meenakshi:frame_000437

Processing: tremor_simulation_big_spiral_normal_90_meenakshi:frame_000438

Processing: tremor_simulation_big_spiral_normal_90_meenakshi:frame_000439

Processing: tremor_simulation_big_spiral_normal_90_meenakshi:frame_000440

Processing: tremor_simulation_big_spiral_normal_90_meenakshi:frame_000441

Processing: tremor_simulation_big_spiral_normal_90_meenakshi:frame_000442

All images processed.
===============================================
Job finished at: Wed Jun 10 05:51:13 CEST 2026
Execution took 0.03 hours
Writing output to SLURM_logs/wilor-inference_936.out
Retained WiLoR outputs: /scratch/mthakur/manifold/outputs/wilor/tremor_simulation_big_spiral_normal_90_meenakshi/meshes
===============================================
