Loaded modules:

Currently Loaded Modules:
  1) slurm/current    3) gcc/11.3.0   5) cuda/11.7
  2) DefaultModules   4) 2024r1

 

Wed Jun 10 00:28:20 2026       
+-----------------------------------------------------------------------------------------+
| NVIDIA-SMI 580.159.04             Driver Version: 580.159.04     CUDA Version: 13.0     |
+-----------------------------------------+------------------------+----------------------+
| GPU  Name                 Persistence-M | Bus-Id          Disp.A | Volatile Uncorr. ECC |
| Fan  Temp   Perf          Pwr:Usage/Cap |           Memory-Usage | GPU-Util  Compute M. |
|                                         |                        |               MIG M. |
|=========================================+========================+======================|
|   0  NVIDIA A100 80GB PCIe          On  |   00000000:2C:00.0 Off |                   On |
| N/A   59C    P0            179W /  300W |   19483MiB /  81920MiB |     N/A      Default |
|                                         |                        |              Enabled |
+-----------------------------------------+------------------------+----------------------+

+-----------------------------------------------------------------------------------------+
| MIG devices:                                                                            |
+------------------+----------------------------------+-----------+-----------------------+
| GPU  GI  CI  MIG |              Shared Memory-Usage |        Vol|        Shared         |
|      ID  ID  Dev |                Shared BAR1-Usage | SM     Unc| CE ENC  DEC  OFA  JPG |
|                  |                                  |        ECC|                       |
|==================+==================================+===========+=======================|
|  0    7   0   0  |              36MiB /  9728MiB    | 14      0 |  1   0    0    0    0 |
|                  |               0MiB /  6135MiB    |           |                       |
+------------------+----------------------------------+-----------+-----------------------+

+-----------------------------------------------------------------------------------------+
| Processes:                                                                              |
|  GPU   GI   CI              PID   Type   Process name                        GPU Memory |
|        ID   ID                                                               Usage      |
|=========================================================================================|
|  No running processes found                                                             |
+-----------------------------------------------------------------------------------------+
================ SLURM JOB INFO ================
Job ID:         10143231
Job Name:       wilor-inference
Partition:      gpu-a100-small
Node List:      gpu020
CPUs per task:  2
GPUs per task:  1
Memory per GPU: 10240
Submit dir:     /scratch/mthakur/manifold/models/wilor_hands
Work dir:       /scratch/mthakur/manifold/models/wilor_hands
Job started at: Wed Jun 10 00:28:20 CEST 2026
===============================================
WiLoR video: /scratch/mthakur/manifold/data/test/edge_cases_leaving_135_niti.mp4
WiLoR output root: /scratch/mthakur/manifold/outputs/wilor
WiLoR completion marker: /scratch/mthakur/manifold/outputs/wilor/_completed/edge_cases_leaving_135_niti.json
WiLoR frame cache root: /scratch/mthakur/manifold/data/test
/.venv/lib/python3.10/site-packages/timm/models/layers/__init__.py:49: FutureWarning: Importing from timm.models.layers is deprecated, please import via timm.layers
  warnings.warn(f"Importing from {__name__} is deprecated, please import via timm.layers", FutureWarning)
[progress] Loading WiLoR checkpoint: ./pretrained_models/wilor_final.ckpt
Loading  ./pretrained_models/wilor_final.ckpt
WARNING: You are using a MANO model, with only 10 shape coefficients.
[progress] Loading detector: ./pretrained_models/detector.pt

Processing: edge_cases_leaving_135_niti:frame_000000
No detections, skipping.

Processing: edge_cases_leaving_135_niti:frame_000001
No detections, skipping.

Processing: edge_cases_leaving_135_niti:frame_000002
No detections, skipping.

Processing: edge_cases_leaving_135_niti:frame_000003
No detections, skipping.

Processing: edge_cases_leaving_135_niti:frame_000004
No detections, skipping.

Processing: edge_cases_leaving_135_niti:frame_000005
No detections, skipping.

Processing: edge_cases_leaving_135_niti:frame_000006
No detections, skipping.

Processing: edge_cases_leaving_135_niti:frame_000007
No detections, skipping.

Processing: edge_cases_leaving_135_niti:frame_000008
No detections, skipping.

Processing: edge_cases_leaving_135_niti:frame_000009
No detections, skipping.

Processing: edge_cases_leaving_135_niti:frame_000010
No detections, skipping.

Processing: edge_cases_leaving_135_niti:frame_000011
No detections, skipping.

Processing: edge_cases_leaving_135_niti:frame_000012

Processing: edge_cases_leaving_135_niti:frame_000013

Processing: edge_cases_leaving_135_niti:frame_000014

Processing: edge_cases_leaving_135_niti:frame_000015

Processing: edge_cases_leaving_135_niti:frame_000016

Processing: edge_cases_leaving_135_niti:frame_000017

Processing: edge_cases_leaving_135_niti:frame_000018

Processing: edge_cases_leaving_135_niti:frame_000019

Processing: edge_cases_leaving_135_niti:frame_000020

Processing: edge_cases_leaving_135_niti:frame_000021

Processing: edge_cases_leaving_135_niti:frame_000022

Processing: edge_cases_leaving_135_niti:frame_000023

Processing: edge_cases_leaving_135_niti:frame_000024

Processing: edge_cases_leaving_135_niti:frame_000025

Processing: edge_cases_leaving_135_niti:frame_000026

Processing: edge_cases_leaving_135_niti:frame_000027

Processing: edge_cases_leaving_135_niti:frame_000028

Processing: edge_cases_leaving_135_niti:frame_000029
No detections, skipping.

Processing: edge_cases_leaving_135_niti:frame_000030
No detections, skipping.

Processing: edge_cases_leaving_135_niti:frame_000031
No detections, skipping.

Processing: edge_cases_leaving_135_niti:frame_000032
No detections, skipping.

Processing: edge_cases_leaving_135_niti:frame_000033
No detections, skipping.

Processing: edge_cases_leaving_135_niti:frame_000034
No detections, skipping.

Processing: edge_cases_leaving_135_niti:frame_000035

Processing: edge_cases_leaving_135_niti:frame_000036
No detections, skipping.

Processing: edge_cases_leaving_135_niti:frame_000037

Processing: edge_cases_leaving_135_niti:frame_000038
No detections, skipping.

Processing: edge_cases_leaving_135_niti:frame_000039
No detections, skipping.

Processing: edge_cases_leaving_135_niti:frame_000040
No detections, skipping.

Processing: edge_cases_leaving_135_niti:frame_000041
No detections, skipping.

Processing: edge_cases_leaving_135_niti:frame_000042

Processing: edge_cases_leaving_135_niti:frame_000043

Processing: edge_cases_leaving_135_niti:frame_000044

Processing: edge_cases_leaving_135_niti:frame_000045

Processing: edge_cases_leaving_135_niti:frame_000046

Processing: edge_cases_leaving_135_niti:frame_000047

Processing: edge_cases_leaving_135_niti:frame_000048

Processing: edge_cases_leaving_135_niti:frame_000049

Processing: edge_cases_leaving_135_niti:frame_000050

Processing: edge_cases_leaving_135_niti:frame_000051

Processing: edge_cases_leaving_135_niti:frame_000052

Processing: edge_cases_leaving_135_niti:frame_000053

Processing: edge_cases_leaving_135_niti:frame_000054

Processing: edge_cases_leaving_135_niti:frame_000055

Processing: edge_cases_leaving_135_niti:frame_000056

Processing: edge_cases_leaving_135_niti:frame_000057

Processing: edge_cases_leaving_135_niti:frame_000058

Processing: edge_cases_leaving_135_niti:frame_000059

Processing: edge_cases_leaving_135_niti:frame_000060

Processing: edge_cases_leaving_135_niti:frame_000061

Processing: edge_cases_leaving_135_niti:frame_000062

Processing: edge_cases_leaving_135_niti:frame_000063

Processing: edge_cases_leaving_135_niti:frame_000064

Processing: edge_cases_leaving_135_niti:frame_000065
No detections, skipping.

Processing: edge_cases_leaving_135_niti:frame_000066

Processing: edge_cases_leaving_135_niti:frame_000067

Processing: edge_cases_leaving_135_niti:frame_000068

Processing: edge_cases_leaving_135_niti:frame_000069

Processing: edge_cases_leaving_135_niti:frame_000070

Processing: edge_cases_leaving_135_niti:frame_000071

Processing: edge_cases_leaving_135_niti:frame_000072

Processing: edge_cases_leaving_135_niti:frame_000073

Processing: edge_cases_leaving_135_niti:frame_000074

Processing: edge_cases_leaving_135_niti:frame_000075

Processing: edge_cases_leaving_135_niti:frame_000076

Processing: edge_cases_leaving_135_niti:frame_000077

Processing: edge_cases_leaving_135_niti:frame_000078

Processing: edge_cases_leaving_135_niti:frame_000079
No detections, skipping.

Processing: edge_cases_leaving_135_niti:frame_000080
No detections, skipping.

Processing: edge_cases_leaving_135_niti:frame_000081
No detections, skipping.

Processing: edge_cases_leaving_135_niti:frame_000082
No detections, skipping.

Processing: edge_cases_leaving_135_niti:frame_000083
No detections, skipping.

Processing: edge_cases_leaving_135_niti:frame_000084
No detections, skipping.

Processing: edge_cases_leaving_135_niti:frame_000085

Processing: edge_cases_leaving_135_niti:frame_000086

Processing: edge_cases_leaving_135_niti:frame_000087

Processing: edge_cases_leaving_135_niti:frame_000088
No detections, skipping.

Processing: edge_cases_leaving_135_niti:frame_000089
No detections, skipping.

Processing: edge_cases_leaving_135_niti:frame_000090
No detections, skipping.

Processing: edge_cases_leaving_135_niti:frame_000091
No detections, skipping.

Processing: edge_cases_leaving_135_niti:frame_000092
No detections, skipping.

Processing: edge_cases_leaving_135_niti:frame_000093
No detections, skipping.

Processing: edge_cases_leaving_135_niti:frame_000094
No detections, skipping.

Processing: edge_cases_leaving_135_niti:frame_000095
No detections, skipping.

Processing: edge_cases_leaving_135_niti:frame_000096
No detections, skipping.

Processing: edge_cases_leaving_135_niti:frame_000097
No detections, skipping.

Processing: edge_cases_leaving_135_niti:frame_000098
No detections, skipping.

Processing: edge_cases_leaving_135_niti:frame_000099
No detections, skipping.

Processing: edge_cases_leaving_135_niti:frame_000100
No detections, skipping.

Processing: edge_cases_leaving_135_niti:frame_000101
No detections, skipping.

Processing: edge_cases_leaving_135_niti:frame_000102
No detections, skipping.

Processing: edge_cases_leaving_135_niti:frame_000103
No detections, skipping.

Processing: edge_cases_leaving_135_niti:frame_000104

Processing: edge_cases_leaving_135_niti:frame_000105

Processing: edge_cases_leaving_135_niti:frame_000106

Processing: edge_cases_leaving_135_niti:frame_000107

Processing: edge_cases_leaving_135_niti:frame_000108

Processing: edge_cases_leaving_135_niti:frame_000109

Processing: edge_cases_leaving_135_niti:frame_000110

Processing: edge_cases_leaving_135_niti:frame_000111

Processing: edge_cases_leaving_135_niti:frame_000112
No detections, skipping.

Processing: edge_cases_leaving_135_niti:frame_000113
No detections, skipping.

Processing: edge_cases_leaving_135_niti:frame_000114
No detections, skipping.

Processing: edge_cases_leaving_135_niti:frame_000115
No detections, skipping.

Processing: edge_cases_leaving_135_niti:frame_000116
No detections, skipping.

Processing: edge_cases_leaving_135_niti:frame_000117
No detections, skipping.

Processing: edge_cases_leaving_135_niti:frame_000118
No detections, skipping.

Processing: edge_cases_leaving_135_niti:frame_000119
No detections, skipping.

Processing: edge_cases_leaving_135_niti:frame_000120
No detections, skipping.

Processing: edge_cases_leaving_135_niti:frame_000121
No detections, skipping.

Processing: edge_cases_leaving_135_niti:frame_000122
No detections, skipping.

Processing: edge_cases_leaving_135_niti:frame_000123
No detections, skipping.

Processing: edge_cases_leaving_135_niti:frame_000124
No detections, skipping.

Processing: edge_cases_leaving_135_niti:frame_000125
No detections, skipping.

Processing: edge_cases_leaving_135_niti:frame_000126
No detections, skipping.

Processing: edge_cases_leaving_135_niti:frame_000127
No detections, skipping.

Processing: edge_cases_leaving_135_niti:frame_000128
No detections, skipping.

Processing: edge_cases_leaving_135_niti:frame_000129
No detections, skipping.

Processing: edge_cases_leaving_135_niti:frame_000130
No detections, skipping.

Processing: edge_cases_leaving_135_niti:frame_000131
No detections, skipping.

Processing: edge_cases_leaving_135_niti:frame_000132
No detections, skipping.

Processing: edge_cases_leaving_135_niti:frame_000133
No detections, skipping.

Processing: edge_cases_leaving_135_niti:frame_000134
No detections, skipping.

Processing: edge_cases_leaving_135_niti:frame_000135
No detections, skipping.

Processing: edge_cases_leaving_135_niti:frame_000136
No detections, skipping.

Processing: edge_cases_leaving_135_niti:frame_000137
No detections, skipping.

Processing: edge_cases_leaving_135_niti:frame_000138
No detections, skipping.

Processing: edge_cases_leaving_135_niti:frame_000139
No detections, skipping.

Processing: edge_cases_leaving_135_niti:frame_000140
No detections, skipping.

Processing: edge_cases_leaving_135_niti:frame_000141
No detections, skipping.

Processing: edge_cases_leaving_135_niti:frame_000142
No detections, skipping.

Processing: edge_cases_leaving_135_niti:frame_000143
No detections, skipping.

Processing: edge_cases_leaving_135_niti:frame_000144
No detections, skipping.

Processing: edge_cases_leaving_135_niti:frame_000145
No detections, skipping.

Processing: edge_cases_leaving_135_niti:frame_000146
No detections, skipping.

Processing: edge_cases_leaving_135_niti:frame_000147
No detections, skipping.

Processing: edge_cases_leaving_135_niti:frame_000148

Processing: edge_cases_leaving_135_niti:frame_000149

Processing: edge_cases_leaving_135_niti:frame_000150

Processing: edge_cases_leaving_135_niti:frame_000151

Processing: edge_cases_leaving_135_niti:frame_000152

Processing: edge_cases_leaving_135_niti:frame_000153

Processing: edge_cases_leaving_135_niti:frame_000154

Processing: edge_cases_leaving_135_niti:frame_000155

Processing: edge_cases_leaving_135_niti:frame_000156

Processing: edge_cases_leaving_135_niti:frame_000157
No detections, skipping.

Processing: edge_cases_leaving_135_niti:frame_000158

Processing: edge_cases_leaving_135_niti:frame_000159

Processing: edge_cases_leaving_135_niti:frame_000160

Processing: edge_cases_leaving_135_niti:frame_000161

Processing: edge_cases_leaving_135_niti:frame_000162

Processing: edge_cases_leaving_135_niti:frame_000163

Processing: edge_cases_leaving_135_niti:frame_000164

Processing: edge_cases_leaving_135_niti:frame_000165

Processing: edge_cases_leaving_135_niti:frame_000166

Processing: edge_cases_leaving_135_niti:frame_000167

Processing: edge_cases_leaving_135_niti:frame_000168

Processing: edge_cases_leaving_135_niti:frame_000169

Processing: edge_cases_leaving_135_niti:frame_000170

Processing: edge_cases_leaving_135_niti:frame_000171

Processing: edge_cases_leaving_135_niti:frame_000172

Processing: edge_cases_leaving_135_niti:frame_000173

Processing: edge_cases_leaving_135_niti:frame_000174

Processing: edge_cases_leaving_135_niti:frame_000175

Processing: edge_cases_leaving_135_niti:frame_000176

Processing: edge_cases_leaving_135_niti:frame_000177
No detections, skipping.

Processing: edge_cases_leaving_135_niti:frame_000178

Processing: edge_cases_leaving_135_niti:frame_000179
No detections, skipping.

Processing: edge_cases_leaving_135_niti:frame_000180

Processing: edge_cases_leaving_135_niti:frame_000181

Processing: edge_cases_leaving_135_niti:frame_000182

Processing: edge_cases_leaving_135_niti:frame_000183

Processing: edge_cases_leaving_135_niti:frame_000184

Processing: edge_cases_leaving_135_niti:frame_000185
No detections, skipping.

Processing: edge_cases_leaving_135_niti:frame_000186

Processing: edge_cases_leaving_135_niti:frame_000187

Processing: edge_cases_leaving_135_niti:frame_000188

Processing: edge_cases_leaving_135_niti:frame_000189
No detections, skipping.

Processing: edge_cases_leaving_135_niti:frame_000190

Processing: edge_cases_leaving_135_niti:frame_000191

Processing: edge_cases_leaving_135_niti:frame_000192

Processing: edge_cases_leaving_135_niti:frame_000193

Processing: edge_cases_leaving_135_niti:frame_000194

Processing: edge_cases_leaving_135_niti:frame_000195

Processing: edge_cases_leaving_135_niti:frame_000196

Processing: edge_cases_leaving_135_niti:frame_000197

Processing: edge_cases_leaving_135_niti:frame_000198

Processing: edge_cases_leaving_135_niti:frame_000199

Processing: edge_cases_leaving_135_niti:frame_000200

Processing: edge_cases_leaving_135_niti:frame_000201

Processing: edge_cases_leaving_135_niti:frame_000202

Processing: edge_cases_leaving_135_niti:frame_000203

Processing: edge_cases_leaving_135_niti:frame_000204

Processing: edge_cases_leaving_135_niti:frame_000205

Processing: edge_cases_leaving_135_niti:frame_000206

Processing: edge_cases_leaving_135_niti:frame_000207

Processing: edge_cases_leaving_135_niti:frame_000208

Processing: edge_cases_leaving_135_niti:frame_000209

Processing: edge_cases_leaving_135_niti:frame_000210

Processing: edge_cases_leaving_135_niti:frame_000211

Processing: edge_cases_leaving_135_niti:frame_000212

Processing: edge_cases_leaving_135_niti:frame_000213

Processing: edge_cases_leaving_135_niti:frame_000214

Processing: edge_cases_leaving_135_niti:frame_000215
No detections, skipping.

Processing: edge_cases_leaving_135_niti:frame_000216
No detections, skipping.

Processing: edge_cases_leaving_135_niti:frame_000217
No detections, skipping.

Processing: edge_cases_leaving_135_niti:frame_000218
No detections, skipping.

Processing: edge_cases_leaving_135_niti:frame_000219
No detections, skipping.

Processing: edge_cases_leaving_135_niti:frame_000220
No detections, skipping.

Processing: edge_cases_leaving_135_niti:frame_000221

Processing: edge_cases_leaving_135_niti:frame_000222
No detections, skipping.

Processing: edge_cases_leaving_135_niti:frame_000223
No detections, skipping.

Processing: edge_cases_leaving_135_niti:frame_000224
No detections, skipping.

Processing: edge_cases_leaving_135_niti:frame_000225
No detections, skipping.

Processing: edge_cases_leaving_135_niti:frame_000226
No detections, skipping.

Processing: edge_cases_leaving_135_niti:frame_000227
No detections, skipping.

Processing: edge_cases_leaving_135_niti:frame_000228
No detections, skipping.

Processing: edge_cases_leaving_135_niti:frame_000229
No detections, skipping.

Processing: edge_cases_leaving_135_niti:frame_000230
No detections, skipping.

Processing: edge_cases_leaving_135_niti:frame_000231
No detections, skipping.

Processing: edge_cases_leaving_135_niti:frame_000232
No detections, skipping.

Processing: edge_cases_leaving_135_niti:frame_000233
No detections, skipping.

Processing: edge_cases_leaving_135_niti:frame_000234
No detections, skipping.

Processing: edge_cases_leaving_135_niti:frame_000235
No detections, skipping.

Processing: edge_cases_leaving_135_niti:frame_000236

Processing: edge_cases_leaving_135_niti:frame_000237

Processing: edge_cases_leaving_135_niti:frame_000238

Processing: edge_cases_leaving_135_niti:frame_000239

Processing: edge_cases_leaving_135_niti:frame_000240

Processing: edge_cases_leaving_135_niti:frame_000241

Processing: edge_cases_leaving_135_niti:frame_000242
No detections, skipping.

Processing: edge_cases_leaving_135_niti:frame_000243
No detections, skipping.

Processing: edge_cases_leaving_135_niti:frame_000244
No detections, skipping.

Processing: edge_cases_leaving_135_niti:frame_000245
No detections, skipping.

Processing: edge_cases_leaving_135_niti:frame_000246
No detections, skipping.

Processing: edge_cases_leaving_135_niti:frame_000247
No detections, skipping.

Processing: edge_cases_leaving_135_niti:frame_000248
No detections, skipping.

Processing: edge_cases_leaving_135_niti:frame_000249
No detections, skipping.

Processing: edge_cases_leaving_135_niti:frame_000250
No detections, skipping.

Processing: edge_cases_leaving_135_niti:frame_000251
No detections, skipping.

Processing: edge_cases_leaving_135_niti:frame_000252

Processing: edge_cases_leaving_135_niti:frame_000253
No detections, skipping.

Processing: edge_cases_leaving_135_niti:frame_000254
No detections, skipping.

Processing: edge_cases_leaving_135_niti:frame_000255
No detections, skipping.

Processing: edge_cases_leaving_135_niti:frame_000256
No detections, skipping.

Processing: edge_cases_leaving_135_niti:frame_000257
No detections, skipping.

Processing: edge_cases_leaving_135_niti:frame_000258
No detections, skipping.

Processing: edge_cases_leaving_135_niti:frame_000259
No detections, skipping.

Processing: edge_cases_leaving_135_niti:frame_000260
No detections, skipping.

Processing: edge_cases_leaving_135_niti:frame_000261
No detections, skipping.

Processing: edge_cases_leaving_135_niti:frame_000262
No detections, skipping.

Processing: edge_cases_leaving_135_niti:frame_000263
No detections, skipping.

Processing: edge_cases_leaving_135_niti:frame_000264
No detections, skipping.

Processing: edge_cases_leaving_135_niti:frame_000265
No detections, skipping.

Processing: edge_cases_leaving_135_niti:frame_000266
No detections, skipping.

Processing: edge_cases_leaving_135_niti:frame_000267
No detections, skipping.

Processing: edge_cases_leaving_135_niti:frame_000268
No detections, skipping.

Processing: edge_cases_leaving_135_niti:frame_000269
No detections, skipping.

Processing: edge_cases_leaving_135_niti:frame_000270

Processing: edge_cases_leaving_135_niti:frame_000271

Processing: edge_cases_leaving_135_niti:frame_000272

Processing: edge_cases_leaving_135_niti:frame_000273

Processing: edge_cases_leaving_135_niti:frame_000274

Processing: edge_cases_leaving_135_niti:frame_000275

Processing: edge_cases_leaving_135_niti:frame_000276

Processing: edge_cases_leaving_135_niti:frame_000277

Processing: edge_cases_leaving_135_niti:frame_000278

Processing: edge_cases_leaving_135_niti:frame_000279

Processing: edge_cases_leaving_135_niti:frame_000280

Processing: edge_cases_leaving_135_niti:frame_000281

Processing: edge_cases_leaving_135_niti:frame_000282

Processing: edge_cases_leaving_135_niti:frame_000283

Processing: edge_cases_leaving_135_niti:frame_000284

Processing: edge_cases_leaving_135_niti:frame_000285
No detections, skipping.

Processing: edge_cases_leaving_135_niti:frame_000286
No detections, skipping.

Processing: edge_cases_leaving_135_niti:frame_000287
No detections, skipping.

Processing: edge_cases_leaving_135_niti:frame_000288
No detections, skipping.

Processing: edge_cases_leaving_135_niti:frame_000289
No detections, skipping.

Processing: edge_cases_leaving_135_niti:frame_000290
No detections, skipping.

Processing: edge_cases_leaving_135_niti:frame_000291
No detections, skipping.

Processing: edge_cases_leaving_135_niti:frame_000292
No detections, skipping.

Processing: edge_cases_leaving_135_niti:frame_000293
No detections, skipping.

Processing: edge_cases_leaving_135_niti:frame_000294
No detections, skipping.

Processing: edge_cases_leaving_135_niti:frame_000295

Processing: edge_cases_leaving_135_niti:frame_000296

Processing: edge_cases_leaving_135_niti:frame_000297

Processing: edge_cases_leaving_135_niti:frame_000298

Processing: edge_cases_leaving_135_niti:frame_000299

Processing: edge_cases_leaving_135_niti:frame_000300

Processing: edge_cases_leaving_135_niti:frame_000301

Processing: edge_cases_leaving_135_niti:frame_000302

Processing: edge_cases_leaving_135_niti:frame_000303

Processing: edge_cases_leaving_135_niti:frame_000304

Processing: edge_cases_leaving_135_niti:frame_000305

Processing: edge_cases_leaving_135_niti:frame_000306

Processing: edge_cases_leaving_135_niti:frame_000307

Processing: edge_cases_leaving_135_niti:frame_000308

Processing: edge_cases_leaving_135_niti:frame_000309

Processing: edge_cases_leaving_135_niti:frame_000310

Processing: edge_cases_leaving_135_niti:frame_000311

Processing: edge_cases_leaving_135_niti:frame_000312

Processing: edge_cases_leaving_135_niti:frame_000313
No detections, skipping.

Processing: edge_cases_leaving_135_niti:frame_000314

Processing: edge_cases_leaving_135_niti:frame_000315

Processing: edge_cases_leaving_135_niti:frame_000316

Processing: edge_cases_leaving_135_niti:frame_000317

Processing: edge_cases_leaving_135_niti:frame_000318

Processing: edge_cases_leaving_135_niti:frame_000319

Processing: edge_cases_leaving_135_niti:frame_000320

Processing: edge_cases_leaving_135_niti:frame_000321

Processing: edge_cases_leaving_135_niti:frame_000322

Processing: edge_cases_leaving_135_niti:frame_000323

Processing: edge_cases_leaving_135_niti:frame_000324

Processing: edge_cases_leaving_135_niti:frame_000325
No detections, skipping.

Processing: edge_cases_leaving_135_niti:frame_000326

Processing: edge_cases_leaving_135_niti:frame_000327

Processing: edge_cases_leaving_135_niti:frame_000328

Processing: edge_cases_leaving_135_niti:frame_000329

Processing: edge_cases_leaving_135_niti:frame_000330

Processing: edge_cases_leaving_135_niti:frame_000331

Processing: edge_cases_leaving_135_niti:frame_000332

Processing: edge_cases_leaving_135_niti:frame_000333

Processing: edge_cases_leaving_135_niti:frame_000334

Processing: edge_cases_leaving_135_niti:frame_000335

Processing: edge_cases_leaving_135_niti:frame_000336

All images processed.
===============================================
Job finished at: Wed Jun 10 00:30:01 CEST 2026
Execution took 0.03 hours
Writing output to SLURM_logs/wilor-inference_832.out
Retained WiLoR outputs: /scratch/mthakur/manifold/outputs/wilor/edge_cases_leaving_135_niti/meshes
===============================================
