
The following have been reloaded with a version change:
  1) python/3.10.12 => python/3.10.13

Loaded modules:

Currently Loaded Modules:
  1) slurm/current    3) gcc/11.3.0   5) cuda/11.7
  2) DefaultModules   4) 2024r1       6) python/3.10.13

 

Wed Apr 15 20:57:52 2026       
+-----------------------------------------------------------------------------------------+
| NVIDIA-SMI 580.126.20             Driver Version: 580.126.20     CUDA Version: 13.0     |
+-----------------------------------------+------------------------+----------------------+
| GPU  Name                 Persistence-M | Bus-Id          Disp.A | Volatile Uncorr. ECC |
| Fan  Temp   Perf          Pwr:Usage/Cap |           Memory-Usage | GPU-Util  Compute M. |
|                                         |                        |               MIG M. |
|=========================================+========================+======================|
|   0  NVIDIA A100 80GB PCIe          On  |   00000000:2C:00.0 Off |                   On |
| N/A   58C    P0            110W /  300W |    7638MiB /  81920MiB |     N/A      Default |
|                                         |                        |              Enabled |
+-----------------------------------------+------------------------+----------------------+

+-----------------------------------------------------------------------------------------+
| MIG devices:                                                                            |
+------------------+----------------------------------+-----------+-----------------------+
| GPU  GI  CI  MIG |              Shared Memory-Usage |        Vol|        Shared         |
|      ID  ID  Dev |                Shared BAR1-Usage | SM     Unc| CE ENC  DEC  OFA  JPG |
|                  |                                  |        ECC|                       |
|==================+==================================+===========+=======================|
|  0    8   0   0  |              36MiB /  9728MiB    | 14      0 |  1   0    0    0    0 |
|                  |               0MiB /  6135MiB    |           |                       |
+------------------+----------------------------------+-----------+-----------------------+

+-----------------------------------------------------------------------------------------+
| Processes:                                                                              |
|  GPU   GI   CI              PID   Type   Process name                        GPU Memory |
|        ID   ID                                                               Usage      |
|=========================================================================================|
|  No running processes found                                                             |
+-----------------------------------------------------------------------------------------+
================ SLURM JOB INFO ================
Job ID:         9671953
Job Name:       wilor-train
Partition:      gpu-a100-small
Node List:      gpu020
CPUs per task:  2
GPUs per task:  1
Memory per GPU: 12288
Submit dir:     /scratch/mthakur/manifold/models/wilor_hands
Work dir:       /scratch/mthakur/manifold/models/wilor_hands
Job started at: Wed Apr 15 20:57:52 CEST 2026
===============================================
[progress] Created temporary training image root: /tmp/wilor_train_9671953.GauF3G/images
[progress] Extracting frames for 0KuJ2t4S_TY into /tmp/wilor_train_9671953.GauF3G/images/0KuJ2t4S_TY_frames
Extracted 2410 frame(s) from /scratch/mthakur/manifold/data/images/0KuJ2t4S_TY.mp4 into /tmp/wilor_train_9671953.GauF3G/images/0KuJ2t4S_TY_frames
[progress] Extracting frames for 0gzQAgjx39o into /tmp/wilor_train_9671953.GauF3G/images/0gzQAgjx39o_frames
Extracted 992 frame(s) from /scratch/mthakur/manifold/data/images/0gzQAgjx39o.mp4 into /tmp/wilor_train_9671953.GauF3G/images/0gzQAgjx39o_frames
[progress] Extracting frames for 0rq4nkWlO2E into /tmp/wilor_train_9671953.GauF3G/images/0rq4nkWlO2E_frames
Extracted 728 frame(s) from /scratch/mthakur/manifold/data/images/0rq4nkWlO2E.mp4 into /tmp/wilor_train_9671953.GauF3G/images/0rq4nkWlO2E_frames
[progress] Extracting frames for 0ElPjqY4Cq8 into /tmp/wilor_train_9671953.GauF3G/images/0ElPjqY4Cq8_frames
Extracted 726 frame(s) from /scratch/mthakur/manifold/data/images/0ElPjqY4Cq8.mp4 into /tmp/wilor_train_9671953.GauF3G/images/0ElPjqY4Cq8_frames
[progress] Extracting frames for SlksdQT5JRE into /tmp/wilor_train_9671953.GauF3G/images/SlksdQT5JRE_frames
Extracted 946 frame(s) from /scratch/mthakur/manifold/data/images/SlksdQT5JRE.mp4 into /tmp/wilor_train_9671953.GauF3G/images/SlksdQT5JRE_frames
Project root:    /scratch/mthakur/manifold
Model root:      /scratch/mthakur/manifold/models/wilor_hands
Output dir:      /scratch/mthakur/manifold/outputs/wilor_finetune/hp_b_lr_1e5
Train mode:      distill
Loss config:     /scratch/mthakur/manifold/models/wilor_hands/experiments/hparam_stage_b_optimizer.yaml
Experiment:      hp_b_lr_1e5
Train scope:     refine_net
Max steps:       200
Log every:       10
Save every:      100
Sample limit:    256
Validation split:0.2
Checkpoint:      /scratch/mthakur/manifold/models/wilor_hands/pretrained_models/wilor_final.ckpt
Source images:   /scratch/mthakur/manifold/data//images
Prepared images: /tmp/wilor_train_9671953.GauF3G/images
Videos:          0KuJ2t4S_TY|0gzQAgjx39o|0rq4nkWlO2E|0ElPjqY4Cq8|SlksdQT5JRE
Temporal win:    size=3 stride=2 gap=1
Pose dir:        /scratch/mthakur/manifold/outputs/vipe/pose
Intrinsics dir:  /scratch/mthakur/manifold/outputs/vipe/intrinsics
Command: python -u /scratch/mthakur/manifold/models/wilor_hands/finetune_wilor_distill_vipe.py --checkpoint /scratch/mthakur/manifold/models/wilor_hands/pretrained_models/wilor_final.ckpt --cfg_path /scratch/mthakur/manifold/models/wilor_hands/pretrained_models/model_config.yaml --detector_path /scratch/mthakur/manifold/models/wilor_hands/pretrained_models/detector.pt --image_folder /tmp/wilor_train_9671953.GauF3G/images --pose_dir /scratch/mthakur/manifold/outputs/vipe/pose --intrinsics_dir /scratch/mthakur/manifold/outputs/vipe/intrinsics --output_dir /scratch/mthakur/manifold/outputs/wilor_finetune/hp_b_lr_1e5 --train_scope refine_net --camera_loss_weight 0.01 --validation_split 0.2 --lr 1e-5 --weight_decay 1e-4 --batch_size 8 --num_workers 2 --max_steps 200 --log_every 10 --save_every 100 --seed 42 --rescale_factor 2.0 --detection_conf 0.3 --loss_config /scratch/mthakur/manifold/models/wilor_hands/experiments/hparam_stage_b_optimizer.yaml --experiment_name hp_b_lr_1e5 --sample_limit 256 --detection_cache /scratch/mthakur/manifold/outputs/wilor_finetune/hp_b_lr_1e5/detections_selected_videos.json --video=0KuJ2t4S_TY --video=0gzQAgjx39o --video=0rq4nkWlO2E --video=0ElPjqY4Cq8 --video=SlksdQT5JRE --temporal_window_size 3 --temporal_window_stride 2 --temporal_max_frame_gap 1 --temporal_reduction smooth_l1 --temporal_scorer_hidden_dim 64 --temporal_scorer_layers 2 --temporal_scorer_dropout 0.0 --vipe_camera_weight 0.01 --vipe_camera_enabled --temporal_camera_enabled --temporal_camera_formulation learnable --temporal_camera_weight 0.01 --temporal_camera_scorer_weight 0.001 --temporal_bbox_projected_enabled --temporal_bbox_projected_formulation learnable --temporal_bbox_projected_weight 0.01 --temporal_bbox_projected_scorer_weight 0.001 --temporal_bbox_input_enabled --temporal_bbox_input_formulation learnable --temporal_bbox_input_weight 0.01 --temporal_bbox_input_scorer_weight 0.001 --use_gpu --amp
[progress] About to launch Apptainer via srun.
[progress] SLURM wrapper log: SLURM_logs/wilor-train_065.out
[progress] Python run output dir: /scratch/mthakur/manifold/outputs/wilor_finetune/hp_b_lr_1e5
[progress] Starting containerized training process now...
/.venv/lib/python3.10/site-packages/timm/models/layers/__init__.py:49: FutureWarning: Importing from timm.models.layers is deprecated, please import via timm.layers
  warnings.warn(f"Importing from {__name__} is deprecated, please import via timm.layers", FutureWarning)
[progress] Starting fine-tuning entrypoint.
[progress] Resolving experiment config from /scratch/mthakur/manifold/models/wilor_hands/experiments/hparam_stage_b_optimizer.yaml (experiment=hp_b_lr_1e5)
[progress] Resolved experiment 'hp_b_lr_1e5'.
[progress] Using device cuda; output directory is /scratch/mthakur/manifold/outputs/wilor_finetune/hp_b_lr_1e5
[progress] Saved resolved experiment snapshot.
[progress] Using explicitly requested video selection: 0ElPjqY4Cq8, 0KuJ2t4S_TY, 0gzQAgjx39o, 0rq4nkWlO2E, SlksdQT5JRE
[progress] Filtering 5 selected video(s) for matching ViPE artifacts.
[progress] Proceeding with video(s): 0ElPjqY4Cq8, 0KuJ2t4S_TY, 0gzQAgjx39o, 0rq4nkWlO2E, SlksdQT5JRE
[progress] Loading student checkpoint and cloning teacher model.
Loading  /scratch/mthakur/manifold/models/wilor_hands/pretrained_models/wilor_final.ckpt
Lightning automatically upgraded your loaded checkpoint from v1.8.1 to v2.0.9. To apply the upgrade to your files permanently, run `python -m pytorch_lightning.utilities.upgrade_checkpoint --file pretrained_models/wilor_final.ckpt`
WARNING: You are using a MANO model, with only 10 shape coefficients.
[progress] Loading detector and ViPE camera index.
[progress] Loading YOLO detector from /scratch/mthakur/manifold/models/wilor_hands/pretrained_models/detector.pt onto cuda
[progress] Detector ready.
[progress] Building detection samples (cache path: /scratch/mthakur/manifold/outputs/wilor_finetune/hp_b_lr_1e5/detections_selected_videos.json).
[progress] Scanning image folder for existing extracted frames: /tmp/wilor_train_9671953.GauF3G/images
[progress] Prepared 256 frame(s) for detection across 5 selected video(s).
[progress] Running detector on frame 1/256: /tmp/wilor_train_9671953.GauF3G/images/0ElPjqY4Cq8_frames/frame_000000.jpg
[progress] Running detector on frame 25/256: /tmp/wilor_train_9671953.GauF3G/images/0ElPjqY4Cq8_frames/frame_000024.jpg
[progress] Running detector on frame 50/256: /tmp/wilor_train_9671953.GauF3G/images/0ElPjqY4Cq8_frames/frame_000049.jpg
[progress] Running detector on frame 75/256: /tmp/wilor_train_9671953.GauF3G/images/0ElPjqY4Cq8_frames/frame_000074.jpg
[progress] Running detector on frame 100/256: /tmp/wilor_train_9671953.GauF3G/images/0ElPjqY4Cq8_frames/frame_000099.jpg
[progress] Running detector on frame 125/256: /tmp/wilor_train_9671953.GauF3G/images/0ElPjqY4Cq8_frames/frame_000124.jpg
[progress] Running detector on frame 150/256: /tmp/wilor_train_9671953.GauF3G/images/0ElPjqY4Cq8_frames/frame_000149.jpg
[progress] Running detector on frame 175/256: /tmp/wilor_train_9671953.GauF3G/images/0ElPjqY4Cq8_frames/frame_000174.jpg
[progress] Running detector on frame 200/256: /tmp/wilor_train_9671953.GauF3G/images/0ElPjqY4Cq8_frames/frame_000199.jpg
[progress] Running detector on frame 225/256: /tmp/wilor_train_9671953.GauF3G/images/0ElPjqY4Cq8_frames/frame_000224.jpg
[progress] Running detector on frame 250/256: /tmp/wilor_train_9671953.GauF3G/images/0ElPjqY4Cq8_frames/frame_000249.jpg
[progress] Running detector on frame 256/256: /tmp/wilor_train_9671953.GauF3G/images/0ElPjqY4Cq8_frames/frame_000255.jpg
[progress] Saved 507 detection samples to /scratch/mthakur/manifold/outputs/wilor_finetune/hp_b_lr_1e5/detections_selected_videos.json
[progress] Finished detection sampling with 507 sample(s).
[progress] Collected 507 detector sample(s).
[progress] Splitting samples into train/val with validation_split=0.2.
[progress] Building temporal training windows with size=3, stride=2, gap=1.
[progress] Constructing training dataset and dataloader.
[progress] Building validation temporal windows and dataloader.
[progress] Configuring trainable scope: refine_net
[progress] Initialized learnable temporal scorer.
[progress] Creating optimizer and AMP scaler.
[progress] Metrics will be appended to /scratch/mthakur/manifold/outputs/wilor_finetune/hp_b_lr_1e5/metrics.jsonl
Device: cuda
Experiment: hp_b_lr_1e5
Videos: 0ElPjqY4Cq8, 0KuJ2t4S_TY, 0gzQAgjx39o, 0rq4nkWlO2E, SlksdQT5JRE
Frames: total=256 train=205 val=51
Samples: total=507 train=405 val=102
Temporal windows: train=144 val=4 dropped_train=46 dropped_val=72
Train scope: refine_net
Trainable params: 8,342,224
Temporal families: temporal_camera, temporal_bbox_projected, temporal_bbox_input
[progress] Entering optimization loop.
[progress] Fetching first training batch.
[step 00001] loss=3.9909 cam=394.6509 temp_cam=0.0000 bbox_p=0.0001 bbox_i=0.0006
[progress] Running validation at step 1.
             val_loss=1.8618 val_cam=185.4206 val_temp_cam=0.0000 val_bbox_p=0.0002 val_bbox_i=0.0027
[step 00010] loss=3.9137 cam=355.6298 temp_cam=0.0000 bbox_p=0.0009 bbox_i=0.0022
[progress] Running validation at step 10.
             val_loss=1.8682 val_cam=184.1737 val_temp_cam=0.0000 val_bbox_p=0.0002 val_bbox_i=0.0027
[step 00020] loss=4.0060 cam=353.1668 temp_cam=0.0000 bbox_p=0.0001 bbox_i=0.0004
[progress] Running validation at step 20.
             val_loss=1.8706 val_cam=181.4168 val_temp_cam=0.0000 val_bbox_p=0.0002 val_bbox_i=0.0027
[step 00030] loss=3.9391 cam=332.0703 temp_cam=0.0000 bbox_p=0.0000 bbox_i=0.0002
[progress] Running validation at step 30.
             val_loss=1.9135 val_cam=178.9587 val_temp_cam=0.0000 val_bbox_p=0.0002 val_bbox_i=0.0027
[step 00040] loss=4.0217 cam=376.2259 temp_cam=0.0000 bbox_p=0.0000 bbox_i=0.0001
[progress] Running validation at step 40.
             val_loss=1.8315 val_cam=176.7082 val_temp_cam=0.0000 val_bbox_p=0.0002 val_bbox_i=0.0027
[step 00050] loss=4.2894 cam=344.5827 temp_cam=0.0000 bbox_p=0.0000 bbox_i=0.0001
[progress] Running validation at step 50.
             val_loss=1.9185 val_cam=174.4805 val_temp_cam=0.0000 val_bbox_p=0.0002 val_bbox_i=0.0027
[step 00060] loss=4.0233 cam=356.0307 temp_cam=0.0000 bbox_p=0.0000 bbox_i=0.0000
[progress] Running validation at step 60.
             val_loss=1.8451 val_cam=172.4631 val_temp_cam=0.0000 val_bbox_p=0.0003 val_bbox_i=0.0027
[step 00070] loss=3.7096 cam=341.8969 temp_cam=0.0000 bbox_p=0.0003 bbox_i=0.0010
[progress] Running validation at step 70.
             val_loss=1.8187 val_cam=170.5549 val_temp_cam=0.0000 val_bbox_p=0.0003 val_bbox_i=0.0027
[step 00080] loss=3.8650 cam=360.3731 temp_cam=0.0000 bbox_p=0.0003 bbox_i=0.0002
[progress] Running validation at step 80.
             val_loss=1.7530 val_cam=168.7867 val_temp_cam=0.0000 val_bbox_p=0.0003 val_bbox_i=0.0027
[step 00090] loss=3.6811 cam=353.1196 temp_cam=0.0000 bbox_p=0.0002 bbox_i=0.0010
[progress] Running validation at step 90.
             val_loss=1.7152 val_cam=166.9397 val_temp_cam=0.0000 val_bbox_p=0.0003 val_bbox_i=0.0027
[step 00100] loss=3.3416 cam=311.8613 temp_cam=0.0000 bbox_p=0.0011 bbox_i=0.0022
[progress] Running validation at step 100.
             val_loss=1.7058 val_cam=165.2160 val_temp_cam=0.0000 val_bbox_p=0.0003 val_bbox_i=0.0027
[progress] Saved latest checkpoint at step 100.
[step 00110] loss=3.2663 cam=314.5844 temp_cam=0.0000 bbox_p=0.0001 bbox_i=0.0004
[progress] Running validation at step 110.
             val_loss=1.6860 val_cam=163.4189 val_temp_cam=0.0000 val_bbox_p=0.0003 val_bbox_i=0.0027
[step 00120] loss=3.7675 cam=304.4218 temp_cam=0.0000 bbox_p=0.0000 bbox_i=0.0002
[progress] Running validation at step 120.
             val_loss=1.6706 val_cam=161.6377 val_temp_cam=0.0000 val_bbox_p=0.0003 val_bbox_i=0.0027
[step 00130] loss=3.5047 cam=336.3952 temp_cam=0.0000 bbox_p=0.0000 bbox_i=0.0001
[progress] Running validation at step 130.
             val_loss=1.6552 val_cam=159.8886 val_temp_cam=0.0000 val_bbox_p=0.0003 val_bbox_i=0.0027
[step 00140] loss=3.7226 cam=316.0016 temp_cam=0.0000 bbox_p=0.0000 bbox_i=0.0001
[progress] Running validation at step 140.
             val_loss=1.7273 val_cam=158.2660 val_temp_cam=0.0000 val_bbox_p=0.0003 val_bbox_i=0.0027
[step 00150] loss=3.5474 cam=320.4617 temp_cam=0.0000 bbox_p=0.0000 bbox_i=0.0000
[progress] Running validation at step 150.
             val_loss=1.6427 val_cam=156.7015 val_temp_cam=0.0000 val_bbox_p=0.0004 val_bbox_i=0.0027
[step 00160] loss=3.5400 cam=307.4084 temp_cam=0.0000 bbox_p=0.0003 bbox_i=0.0010
[progress] Running validation at step 160.
             val_loss=1.6337 val_cam=155.2039 val_temp_cam=0.0000 val_bbox_p=0.0003 val_bbox_i=0.0027
[step 00170] loss=3.5987 cam=326.6780 temp_cam=0.0000 bbox_p=0.0004 bbox_i=0.0002
[progress] Running validation at step 170.
             val_loss=1.6085 val_cam=153.9219 val_temp_cam=0.0000 val_bbox_p=0.0003 val_bbox_i=0.0027
[step 00180] loss=3.5922 cam=321.4761 temp_cam=0.0000 bbox_p=0.0003 bbox_i=0.0010
[progress] Running validation at step 180.
             val_loss=1.5959 val_cam=152.5205 val_temp_cam=0.0000 val_bbox_p=0.0003 val_bbox_i=0.0027
[step 00190] loss=3.0173 cam=280.9460 temp_cam=0.0000 bbox_p=0.0014 bbox_i=0.0022
[progress] Running validation at step 190.
             val_loss=1.5847 val_cam=151.1703 val_temp_cam=0.0000 val_bbox_p=0.0003 val_bbox_i=0.0027
[step 00200] loss=3.0854 cam=285.1934 temp_cam=0.0000 bbox_p=0.0001 bbox_i=0.0004
[progress] Running validation at step 200.
             val_loss=1.5752 val_cam=149.5844 val_temp_cam=0.0000 val_bbox_p=0.0003 val_bbox_i=0.0027
[progress] Saved latest checkpoint at step 200.
Finished fine-tuning. Best val_loss_total: 1.5752
Saved checkpoints under: /scratch/mthakur/manifold/outputs/wilor_finetune/hp_b_lr_1e5
[progress] Containerized training process exited cleanly.
===============================================
Job finished at: Wed Apr 15 21:15:53 CEST 2026
Execution took 0.30 hours
Writing output to SLURM_logs/wilor-train_065.out
===============================================
