
The following have been reloaded with a version change:
  1) python/3.10.12 => python/3.10.13

Loaded modules:

Currently Loaded Modules:
  1) slurm/current    3) gcc/11.3.0   5) cuda/11.7
  2) DefaultModules   4) 2024r1       6) python/3.10.13

 

Tue May  5 03:29:15 2026       
+-----------------------------------------------------------------------------------------+
| NVIDIA-SMI 580.126.20             Driver Version: 580.126.20     CUDA Version: 13.0     |
+-----------------------------------------+------------------------+----------------------+
| GPU  Name                 Persistence-M | Bus-Id          Disp.A | Volatile Uncorr. ECC |
| Fan  Temp   Perf          Pwr:Usage/Cap |           Memory-Usage | GPU-Util  Compute M. |
|                                         |                        |               MIG M. |
|=========================================+========================+======================|
|   0  NVIDIA A100 80GB PCIe          On  |   00000000:16:00.0 Off |                   On |
| N/A   52C    P0             51W /  300W |     249MiB /  81920MiB |     N/A      Default |
|                                         |                        |              Enabled |
+-----------------------------------------+------------------------+----------------------+

+-----------------------------------------------------------------------------------------+
| MIG devices:                                                                            |
+------------------+----------------------------------+-----------+-----------------------+
| GPU  GI  CI  MIG |              Shared Memory-Usage |        Vol|        Shared         |
|      ID  ID  Dev |                Shared BAR1-Usage | SM     Unc| CE ENC  DEC  OFA  JPG |
|                  |                                  |        ECC|                       |
|==================+==================================+===========+=======================|
|  0    7   0   0  |              36MiB /  9728MiB    | 14      0 |  1   0    0    0    0 |
|                  |               0MiB /  6135MiB    |           |                       |
+------------------+----------------------------------+-----------+-----------------------+

+-----------------------------------------------------------------------------------------+
| Processes:                                                                              |
|  GPU   GI   CI              PID   Type   Process name                        GPU Memory |
|        ID   ID                                                               Usage      |
|=========================================================================================|
|  No running processes found                                                             |
+-----------------------------------------------------------------------------------------+
================ SLURM JOB INFO ================
Job ID:         9837662
Job Name:       wilor-train
Partition:      gpu-a100-small
Node List:      gpu020
CPUs per task:  2
GPUs per task:  1
Memory per GPU: 12288
Submit dir:     /scratch/mthakur/manifold/models/wilor_hands
Work dir:       /scratch/mthakur/manifold/models/wilor_hands
Job started at: Tue May  5 03:29:16 CEST 2026
===============================================
[progress] Created temporary training image root: /tmp/wilor_train_9837662.6GKo5p/images
[progress] Extracting frames for 0KuJ2t4S_TY into /tmp/wilor_train_9837662.6GKo5p/images/0KuJ2t4S_TY_frames
Extracted 2410 frame(s) from /scratch/mthakur/manifold/data/images/0KuJ2t4S_TY.mp4 into /tmp/wilor_train_9837662.6GKo5p/images/0KuJ2t4S_TY_frames
[progress] Extracting frames for 0gzQAgjx39o into /tmp/wilor_train_9837662.6GKo5p/images/0gzQAgjx39o_frames
Extracted 992 frame(s) from /scratch/mthakur/manifold/data/images/0gzQAgjx39o.mp4 into /tmp/wilor_train_9837662.6GKo5p/images/0gzQAgjx39o_frames
[progress] Extracting frames for 0rq4nkWlO2E into /tmp/wilor_train_9837662.6GKo5p/images/0rq4nkWlO2E_frames
Extracted 728 frame(s) from /scratch/mthakur/manifold/data/images/0rq4nkWlO2E.mp4 into /tmp/wilor_train_9837662.6GKo5p/images/0rq4nkWlO2E_frames
[progress] Extracting frames for 0ElPjqY4Cq8 into /tmp/wilor_train_9837662.6GKo5p/images/0ElPjqY4Cq8_frames
Extracted 726 frame(s) from /scratch/mthakur/manifold/data/images/0ElPjqY4Cq8.mp4 into /tmp/wilor_train_9837662.6GKo5p/images/0ElPjqY4Cq8_frames
[progress] Extracting frames for SlksdQT5JRE into /tmp/wilor_train_9837662.6GKo5p/images/SlksdQT5JRE_frames
Extracted 946 frame(s) from /scratch/mthakur/manifold/data/images/SlksdQT5JRE.mp4 into /tmp/wilor_train_9837662.6GKo5p/images/SlksdQT5JRE_frames
Project root:    /scratch/mthakur/manifold
Model root:      /scratch/mthakur/manifold/models/wilor_hands
Output dir:      /scratch/mthakur/manifold/outputs/wilor_finetune/lora_hp_d_vipe_0p01
Train mode:      distill
Loss config:     /scratch/mthakur/manifold/models/wilor_hands/experiments/lora/hparam_stage_d_vipe_camera.yaml
Experiment:      lora_hp_d_vipe_0p01
Train scope:     refine_net
LoRA:            enabled=true rank=8 alpha=16.0 blocks=24-32 targets=qkv
Max steps:       200
Log every:       10
Save every:      100
Sample limit:    256
Validation split:0.2
Checkpoint:      /scratch/mthakur/manifold/models/wilor_hands/pretrained_models/wilor_final.ckpt
Source images:   /scratch/mthakur/manifold/data//images
Prepared images: /tmp/wilor_train_9837662.6GKo5p/images
Videos:          0KuJ2t4S_TY|0gzQAgjx39o|0rq4nkWlO2E|0ElPjqY4Cq8|SlksdQT5JRE
Temporal win:    size=3 stride=2 gap=1
Pose dir:        /scratch/mthakur/manifold/outputs/vipe/pose
Intrinsics dir:  /scratch/mthakur/manifold/outputs/vipe/intrinsics
Command: python -u /scratch/mthakur/manifold/models/wilor_hands/finetune_wilor_distill_vipe.py --checkpoint /scratch/mthakur/manifold/models/wilor_hands/pretrained_models/wilor_final.ckpt --cfg_path /scratch/mthakur/manifold/models/wilor_hands/pretrained_models/model_config.yaml --detector_path /scratch/mthakur/manifold/models/wilor_hands/pretrained_models/detector.pt --image_folder /tmp/wilor_train_9837662.6GKo5p/images --pose_dir /scratch/mthakur/manifold/outputs/vipe/pose --intrinsics_dir /scratch/mthakur/manifold/outputs/vipe/intrinsics --output_dir /scratch/mthakur/manifold/outputs/wilor_finetune/lora_hp_d_vipe_0p01 --train_scope refine_net --camera_loss_weight 0.01 --validation_split 0.2 --lr 3e-05 --weight_decay 0.0001 --batch_size 8 --num_workers 2 --max_steps 200 --log_every 10 --save_every 100 --seed 42 --rescale_factor 2.0 --detection_conf 0.3 --loss_config /scratch/mthakur/manifold/models/wilor_hands/experiments/lora/hparam_stage_d_vipe_camera.yaml --experiment_name lora_hp_d_vipe_0p01 --lora_enabled --lora_rank 8 --lora_alpha 16.0 --lora_dropout 0.0 --lora_block_start 24 --lora_block_end 32 --lora_target_modules qkv --sample_limit 256 --detection_cache /scratch/mthakur/manifold/outputs/wilor_finetune/lora_hp_d_vipe_0p01/detections_selected_videos.json --video=0KuJ2t4S_TY --video=0gzQAgjx39o --video=0rq4nkWlO2E --video=0ElPjqY4Cq8 --video=SlksdQT5JRE --temporal_window_size 3 --temporal_window_stride 2 --temporal_max_frame_gap 1 --temporal_reduction smooth_l1 --temporal_scorer_hidden_dim 64 --temporal_scorer_layers 2 --temporal_scorer_dropout 0.0 --vipe_camera_weight 0.01 --vipe_camera_enabled --temporal_camera_enabled --temporal_camera_formulation learnable --temporal_camera_weight 0.1 --temporal_camera_scorer_weight 0.001 --temporal_bbox_projected_enabled --temporal_bbox_projected_formulation learnable --temporal_bbox_projected_weight 0.1 --temporal_bbox_projected_scorer_weight 0.001 --no-temporal_vipe_camera_enabled --temporal_vipe_camera_formulation learnable --temporal_vipe_camera_weight 0.0 --temporal_vipe_camera_smoothness_weight 0.0 --temporal_vipe_camera_anchor_weight 0.0 --use_gpu --amp
[progress] About to launch Apptainer via srun.
[progress] SLURM wrapper log: SLURM_logs/wilor-train_173.out
[progress] Python run output dir: /scratch/mthakur/manifold/outputs/wilor_finetune/lora_hp_d_vipe_0p01
[progress] Starting containerized training process now...
/.venv/lib/python3.10/site-packages/timm/models/layers/__init__.py:49: FutureWarning: Importing from timm.models.layers is deprecated, please import via timm.layers
  warnings.warn(f"Importing from {__name__} is deprecated, please import via timm.layers", FutureWarning)
[progress] Starting fine-tuning entrypoint.
[progress] Resolving experiment config from /scratch/mthakur/manifold/models/wilor_hands/experiments/lora/hparam_stage_d_vipe_camera.yaml (experiment=lora_hp_d_vipe_0p01)
[progress] Resolved experiment 'lora_hp_d_vipe_0p01'.
[progress] Using device cuda; output directory is /scratch/mthakur/manifold/outputs/wilor_finetune/lora_hp_d_vipe_0p01
[progress] Saved resolved experiment snapshot.
[progress] Loading student checkpoint and cloning teacher model.
Loading  /scratch/mthakur/manifold/models/wilor_hands/pretrained_models/wilor_final.ckpt
WARNING: You are using a MANO model, with only 10 shape coefficients.
[progress] LoRA is enabled with targets=qkv, blocks=[24, 32).
[progress] Wrapped 8 attention linear(s) with LoRA adapters.
[progress] Loading detector and ViPE camera index.
[progress] Loading YOLO detector from /scratch/mthakur/manifold/models/wilor_hands/pretrained_models/detector.pt onto cuda
[progress] Detector ready.
[progress] Using explicitly requested video selection: 0ElPjqY4Cq8, 0KuJ2t4S_TY, 0gzQAgjx39o, 0rq4nkWlO2E, SlksdQT5JRE
[progress] Filtering 5 selected video(s) for matching ViPE artifacts.
[progress] Proceeding with video(s): 0ElPjqY4Cq8, 0KuJ2t4S_TY, 0gzQAgjx39o, 0rq4nkWlO2E, SlksdQT5JRE
[progress] Building detection samples (cache path: /scratch/mthakur/manifold/outputs/wilor_finetune/lora_hp_d_vipe_0p01/detections_selected_videos.json).
[progress] Scanning image folder for existing extracted frames: /tmp/wilor_train_9837662.6GKo5p/images
[progress] Prepared 256 frame(s) for detection across 5 selected video(s).
[progress] Running detector on frame 1/256: /tmp/wilor_train_9837662.6GKo5p/images/0ElPjqY4Cq8_frames/frame_000000.jpg
[progress] Running detector on frame 25/256: /tmp/wilor_train_9837662.6GKo5p/images/0ElPjqY4Cq8_frames/frame_000024.jpg
[progress] Running detector on frame 50/256: /tmp/wilor_train_9837662.6GKo5p/images/0ElPjqY4Cq8_frames/frame_000049.jpg
[progress] Running detector on frame 75/256: /tmp/wilor_train_9837662.6GKo5p/images/0ElPjqY4Cq8_frames/frame_000074.jpg
[progress] Running detector on frame 100/256: /tmp/wilor_train_9837662.6GKo5p/images/0ElPjqY4Cq8_frames/frame_000099.jpg
[progress] Running detector on frame 125/256: /tmp/wilor_train_9837662.6GKo5p/images/0ElPjqY4Cq8_frames/frame_000124.jpg
[progress] Running detector on frame 150/256: /tmp/wilor_train_9837662.6GKo5p/images/0ElPjqY4Cq8_frames/frame_000149.jpg
[progress] Running detector on frame 175/256: /tmp/wilor_train_9837662.6GKo5p/images/0ElPjqY4Cq8_frames/frame_000174.jpg
[progress] Running detector on frame 200/256: /tmp/wilor_train_9837662.6GKo5p/images/0ElPjqY4Cq8_frames/frame_000199.jpg
[progress] Running detector on frame 225/256: /tmp/wilor_train_9837662.6GKo5p/images/0ElPjqY4Cq8_frames/frame_000224.jpg
[progress] Running detector on frame 250/256: /tmp/wilor_train_9837662.6GKo5p/images/0ElPjqY4Cq8_frames/frame_000249.jpg
[progress] Running detector on frame 256/256: /tmp/wilor_train_9837662.6GKo5p/images/0ElPjqY4Cq8_frames/frame_000255.jpg
[progress] Saved 507 detection samples to /scratch/mthakur/manifold/outputs/wilor_finetune/lora_hp_d_vipe_0p01/detections_selected_videos.json
[progress] Finished detection sampling with 507 sample(s).
[progress] Collected 507 detector sample(s).
[progress] Splitting samples into train/val with validation_split=0.2.
[progress] Building temporal training windows with size=3, stride=2, gap=1.
[progress] Constructing training dataset and dataloader.
[progress] Building validation temporal windows and dataloader.
[progress] Configuring trainable scope: refine_net
[progress] Initialized learnable temporal scorer.
[progress] Creating optimizer and AMP scaler.
[progress] Metrics will be appended to /scratch/mthakur/manifold/outputs/wilor_finetune/lora_hp_d_vipe_0p01/metrics.jsonl
Device: cuda
Experiment: lora_hp_d_vipe_0p01
Videos: 0ElPjqY4Cq8, 0KuJ2t4S_TY, 0gzQAgjx39o, 0rq4nkWlO2E, SlksdQT5JRE
Frames: total=256 train=205 val=51
Samples: total=507 train=405 val=102
Temporal windows: train=144 val=4 dropped_train=46 dropped_val=72
Train scope: refine_net
LoRA: enabled rank=8 alpha=16.0 dropout=0.0 blocks=[24, 32) targets=qkv
Trainable params: 8,669,519
Temporal families: temporal_camera, temporal_bbox_projected
[progress] Entering optimization loop.
[progress] Fetching first training batch.
[step 00001] loss=4.1820 cam=393.4523 temp_cam=0.0000 bbox_p=0.0002 vipe_t=0.0000
[progress] Running validation at step 1.
             val_loss=1.8608 val_cam=185.4041 val_temp_cam=0.0000 val_bbox_p=0.0002 val_vipe_t=0.0000
[step 00010] loss=4.7301 cam=358.9563 temp_cam=0.0000 bbox_p=0.0010 vipe_t=0.0000
[progress] Running validation at step 10.
             val_loss=1.8884 val_cam=183.8313 val_temp_cam=0.0000 val_bbox_p=0.0002 val_vipe_t=0.0000
[step 00020] loss=4.7856 cam=352.8680 temp_cam=0.0000 bbox_p=0.0001 vipe_t=0.0000
[progress] Running validation at step 20.
             val_loss=2.1165 val_cam=179.7079 val_temp_cam=0.0000 val_bbox_p=0.0002 val_vipe_t=0.0000
[step 00030] loss=5.9857 cam=327.0648 temp_cam=0.0000 bbox_p=0.0001 vipe_t=0.0000
[progress] Running validation at step 30.
             val_loss=2.1052 val_cam=174.8532 val_temp_cam=0.0000 val_bbox_p=0.0003 val_vipe_t=0.0000
[step 00040] loss=4.5429 cam=362.0283 temp_cam=0.0000 bbox_p=0.0001 vipe_t=0.0000
[progress] Running validation at step 40.
             val_loss=1.9220 val_cam=170.3526 val_temp_cam=0.0000 val_bbox_p=0.0003 val_vipe_t=0.0000
[step 00050] loss=4.1607 cam=329.3707 temp_cam=0.0000 bbox_p=0.0001 vipe_t=0.0000
[progress] Running validation at step 50.
             val_loss=1.8405 val_cam=165.5733 val_temp_cam=0.0000 val_bbox_p=0.0003 val_vipe_t=0.0000
[step 00060] loss=4.2308 cam=330.7212 temp_cam=0.0000 bbox_p=0.0001 vipe_t=0.0000
[progress] Running validation at step 60.
             val_loss=1.8180 val_cam=160.6824 val_temp_cam=0.0000 val_bbox_p=0.0003 val_vipe_t=0.0000
[step 00070] loss=4.1447 cam=311.1284 temp_cam=0.0000 bbox_p=0.0004 vipe_t=0.0000
[progress] Running validation at step 70.
             val_loss=1.8560 val_cam=156.3028 val_temp_cam=0.0000 val_bbox_p=0.0003 val_vipe_t=0.0000
[step 00080] loss=4.0469 cam=324.4583 temp_cam=0.0000 bbox_p=0.0006 vipe_t=0.0000
[progress] Running validation at step 80.
             val_loss=1.7681 val_cam=151.6591 val_temp_cam=0.0000 val_bbox_p=0.0004 val_vipe_t=0.0000
[step 00090] loss=3.7778 cam=310.5006 temp_cam=0.0000 bbox_p=0.0004 vipe_t=0.0000
[progress] Running validation at step 90.
             val_loss=1.5983 val_cam=147.3784 val_temp_cam=0.0000 val_bbox_p=0.0003 val_vipe_t=0.0000
[step 00100] loss=3.7732 cam=266.7135 temp_cam=0.0000 bbox_p=0.0018 vipe_t=0.0000
[progress] Running validation at step 100.
             val_loss=1.8465 val_cam=142.9016 val_temp_cam=0.0000 val_bbox_p=0.0003 val_vipe_t=0.0000
[progress] Saved latest checkpoint at step 100.
[step 00110] loss=3.2810 cam=267.9083 temp_cam=0.0000 bbox_p=0.0008 vipe_t=0.0000
[progress] Running validation at step 110.
             val_loss=1.5121 val_cam=139.0702 val_temp_cam=0.0000 val_bbox_p=0.0003 val_vipe_t=0.0000
[step 00120] loss=3.5131 cam=260.1170 temp_cam=0.0000 bbox_p=0.0001 vipe_t=0.0000
[progress] Running validation at step 120.
             val_loss=1.4791 val_cam=135.0157 val_temp_cam=0.0000 val_bbox_p=0.0004 val_vipe_t=0.0000
[step 00130] loss=3.2504 cam=275.0218 temp_cam=0.0000 bbox_p=0.0003 vipe_t=0.0000
[progress] Running validation at step 130.
             val_loss=1.4637 val_cam=131.0602 val_temp_cam=0.0000 val_bbox_p=0.0004 val_vipe_t=0.0000
[step 00140] loss=3.2196 cam=263.2776 temp_cam=0.0000 bbox_p=0.0003 vipe_t=0.0000
[progress] Running validation at step 140.
             val_loss=1.4242 val_cam=127.0715 val_temp_cam=0.0000 val_bbox_p=0.0004 val_vipe_t=0.0000
[step 00150] loss=2.9704 cam=249.4916 temp_cam=0.0000 bbox_p=0.0005 vipe_t=0.0000
[progress] Running validation at step 150.
             val_loss=1.3968 val_cam=123.1747 val_temp_cam=0.0000 val_bbox_p=0.0005 val_vipe_t=0.0000
[step 00160] loss=3.1268 cam=239.5473 temp_cam=0.0000 bbox_p=0.0007 vipe_t=0.0000
[progress] Running validation at step 160.
             val_loss=1.4607 val_cam=119.3512 val_temp_cam=0.0000 val_bbox_p=0.0005 val_vipe_t=0.0000
[step 00170] loss=3.1335 cam=252.3739 temp_cam=0.0000 bbox_p=0.0008 vipe_t=0.0000
[progress] Running validation at step 170.
             val_loss=1.3739 val_cam=115.8101 val_temp_cam=0.0000 val_bbox_p=0.0005 val_vipe_t=0.0000
[step 00180] loss=3.0109 cam=235.3900 temp_cam=0.0000 bbox_p=0.0005 vipe_t=0.0000
[progress] Running validation at step 180.
             val_loss=1.3687 val_cam=112.5451 val_temp_cam=0.0000 val_bbox_p=0.0005 val_vipe_t=0.0000
[step 00190] loss=3.1103 cam=201.3013 temp_cam=0.0000 bbox_p=0.0027 vipe_t=0.0000
[progress] Running validation at step 190.
             val_loss=1.3278 val_cam=109.4915 val_temp_cam=0.0000 val_bbox_p=0.0006 val_vipe_t=0.0000
[step 00200] loss=3.2167 cam=208.7617 temp_cam=0.0000 bbox_p=0.0015 vipe_t=0.0000
[progress] Running validation at step 200.
             val_loss=1.3197 val_cam=106.9237 val_temp_cam=0.0000 val_bbox_p=0.0006 val_vipe_t=0.0000
[progress] Saved latest checkpoint at step 200.
Finished fine-tuning. Best val_loss_total: 1.3197
Saved checkpoints under: /scratch/mthakur/manifold/outputs/wilor_finetune/lora_hp_d_vipe_0p01
[progress] Containerized training process exited cleanly.
===============================================
Job finished at: Tue May  5 03:46:21 CEST 2026
Execution took 0.28 hours
Writing output to SLURM_logs/wilor-train_173.out
===============================================
