Loaded modules:

Currently Loaded Modules:
  1) slurm/current    3) gcc/11.3.0   5) cuda/11.7
  2) DefaultModules   4) 2024r1

 

================ SLURM JOB INFO ================
Job ID:         9254901
Job Name:       wilor-inference
Partition:      gpu-a100-small
Node List:      gpu020
CPUs per task:  2
Memory per CPU: 
GPUs per task:  1
Memory per GPU: 10240
Submit dir:     /scratch/mthakur/manifold/models/wilor_hands
Work dir:       /scratch/mthakur/manifold/models/wilor_hands
Job started at: Wed Feb 25 16:28:33 CET 2026
===============================================
WARNING: skipping mount of /scratch/mthakur/manifold/data/images/120-2_clip_1_amplified.avi_frames: stat /scratch/mthakur/manifold/data/images/120-2_clip_1_amplified.avi_frames: no such file or directory
INFO:    Terminating squashfuse_ll after timeout
INFO:    Timeouts can be caused by a running background process
FATAL:   container creation failed: mount hook function failure: mount /scratch/mthakur/manifold/data/images/120-2_clip_1_amplified.avi_frames->/app/images/120-2_clip_1_amplified.avi_frames error: while mounting /scratch/mthakur/manifold/data/images/120-2_clip_1_amplified.avi_frames: mount source /scratch/mthakur/manifold/data/images/120-2_clip_1_amplified.avi_frames doesn't exist
srun: error: gpu020: task 0: Exited with exit code 255
srun: launch/slurm: _step_signal: Terminating StepId=9254901.0
===============================================
Job finished at: Wed Feb 25 16:28:35 CET 2026
Execution took 0.00 hours
Writing output to SLURM_logs/wilor-inference_035.out
===============================================
