
The following have been reloaded with a version change:
  1) python/3.10.12 => python/3.10.13

Loaded modules:

Currently Loaded Modules:
  1) slurm/current    3) gcc/11.3.0   5) cuda/11.7
  2) DefaultModules   4) 2024r1       6) python/3.10.13

 

Tue Apr 28 17:49:26 2026       
+-----------------------------------------------------------------------------------------+
| NVIDIA-SMI 580.126.20             Driver Version: 580.126.20     CUDA Version: 13.0     |
+-----------------------------------------+------------------------+----------------------+
| GPU  Name                 Persistence-M | Bus-Id          Disp.A | Volatile Uncorr. ECC |
| Fan  Temp   Perf          Pwr:Usage/Cap |           Memory-Usage | GPU-Util  Compute M. |
|                                         |                        |               MIG M. |
|=========================================+========================+======================|
|   0  NVIDIA A100 80GB PCIe          On  |   00000000:2C:00.0 Off |                   On |
| N/A   55C    P0            104W /  300W |    1286MiB /  81920MiB |     N/A      Default |
|                                         |                        |              Enabled |
+-----------------------------------------+------------------------+----------------------+

+-----------------------------------------------------------------------------------------+
| MIG devices:                                                                            |
+------------------+----------------------------------+-----------+-----------------------+
| GPU  GI  CI  MIG |              Shared Memory-Usage |        Vol|        Shared         |
|      ID  ID  Dev |                Shared BAR1-Usage | SM     Unc| CE ENC  DEC  OFA  JPG |
|                  |                                  |        ECC|                       |
|==================+==================================+===========+=======================|
|  0    7   0   0  |              36MiB /  9728MiB    | 14      0 |  1   0    0    0    0 |
|                  |               0MiB /  6135MiB    |           |                       |
+------------------+----------------------------------+-----------+-----------------------+

+-----------------------------------------------------------------------------------------+
| Processes:                                                                              |
|  GPU   GI   CI              PID   Type   Process name                        GPU Memory |
|        ID   ID                                                               Usage      |
|=========================================================================================|
|  No running processes found                                                             |
+-----------------------------------------------------------------------------------------+
================ SLURM JOB INFO ================
Job ID:         9776484
Job Name:       wilor-train
Partition:      gpu-a100-small
Node List:      gpu020
CPUs per task:  2
GPUs per task:  1
Memory per GPU: 12288
Submit dir:     /scratch/mthakur/manifold/models/wilor_hands
Work dir:       /scratch/mthakur/manifold/models/wilor_hands
Job started at: Tue Apr 28 17:49:26 CEST 2026
===============================================
[progress] Created temporary training image root: /tmp/wilor_train_9776484.7X0FfC/images
[progress] Extracting frames for 0KuJ2t4S_TY into /tmp/wilor_train_9776484.7X0FfC/images/0KuJ2t4S_TY_frames
Extracted 2410 frame(s) from /scratch/mthakur/manifold/data/images/0KuJ2t4S_TY.mp4 into /tmp/wilor_train_9776484.7X0FfC/images/0KuJ2t4S_TY_frames
[progress] Extracting frames for 0gzQAgjx39o into /tmp/wilor_train_9776484.7X0FfC/images/0gzQAgjx39o_frames
Extracted 992 frame(s) from /scratch/mthakur/manifold/data/images/0gzQAgjx39o.mp4 into /tmp/wilor_train_9776484.7X0FfC/images/0gzQAgjx39o_frames
[progress] Extracting frames for 0rq4nkWlO2E into /tmp/wilor_train_9776484.7X0FfC/images/0rq4nkWlO2E_frames
Extracted 728 frame(s) from /scratch/mthakur/manifold/data/images/0rq4nkWlO2E.mp4 into /tmp/wilor_train_9776484.7X0FfC/images/0rq4nkWlO2E_frames
[progress] Extracting frames for 0ElPjqY4Cq8 into /tmp/wilor_train_9776484.7X0FfC/images/0ElPjqY4Cq8_frames
Extracted 726 frame(s) from /scratch/mthakur/manifold/data/images/0ElPjqY4Cq8.mp4 into /tmp/wilor_train_9776484.7X0FfC/images/0ElPjqY4Cq8_frames
[progress] Extracting frames for SlksdQT5JRE into /tmp/wilor_train_9776484.7X0FfC/images/SlksdQT5JRE_frames
Extracted 946 frame(s) from /scratch/mthakur/manifold/data/images/SlksdQT5JRE.mp4 into /tmp/wilor_train_9776484.7X0FfC/images/SlksdQT5JRE_frames
Project root:    /scratch/mthakur/manifold
Model root:      /scratch/mthakur/manifold/models/wilor_hands
Output dir:      /scratch/mthakur/manifold/outputs/wilor_finetune/lora_hp_a_ws3_s1_b8
Train mode:      distill
Loss config:     /scratch/mthakur/manifold/models/wilor_hands/experiments/lora/hparam_stage_a_windows.yaml
Experiment:      lora_hp_a_ws3_s1_b8
Train scope:     refine_net
LoRA:            enabled=true rank=8 alpha=16.0 blocks=24-32 targets=qkv
Max steps:       200
Log every:       10
Save every:      100
Sample limit:    256
Validation split:0.2
Checkpoint:      /scratch/mthakur/manifold/models/wilor_hands/pretrained_models/wilor_final.ckpt
Source images:   /scratch/mthakur/manifold/data//images
Prepared images: /tmp/wilor_train_9776484.7X0FfC/images
Videos:          0KuJ2t4S_TY|0gzQAgjx39o|0rq4nkWlO2E|0ElPjqY4Cq8|SlksdQT5JRE
Temporal win:    size=3 stride=1 gap=1
Pose dir:        /scratch/mthakur/manifold/outputs/vipe/pose
Intrinsics dir:  /scratch/mthakur/manifold/outputs/vipe/intrinsics
Command: python -u /scratch/mthakur/manifold/models/wilor_hands/finetune_wilor_distill_vipe.py --checkpoint /scratch/mthakur/manifold/models/wilor_hands/pretrained_models/wilor_final.ckpt --cfg_path /scratch/mthakur/manifold/models/wilor_hands/pretrained_models/model_config.yaml --detector_path /scratch/mthakur/manifold/models/wilor_hands/pretrained_models/detector.pt --image_folder /tmp/wilor_train_9776484.7X0FfC/images --pose_dir /scratch/mthakur/manifold/outputs/vipe/pose --intrinsics_dir /scratch/mthakur/manifold/outputs/vipe/intrinsics --output_dir /scratch/mthakur/manifold/outputs/wilor_finetune/lora_hp_a_ws3_s1_b8 --train_scope refine_net --camera_loss_weight 0.01 --validation_split 0.2 --lr 1e-05 --weight_decay 0.0001 --batch_size 8 --num_workers 2 --max_steps 200 --log_every 10 --save_every 100 --seed 42 --rescale_factor 2.0 --detection_conf 0.3 --loss_config /scratch/mthakur/manifold/models/wilor_hands/experiments/lora/hparam_stage_a_windows.yaml --experiment_name lora_hp_a_ws3_s1_b8 --lora_enabled --lora_rank 8 --lora_alpha 16.0 --lora_dropout 0.0 --lora_block_start 24 --lora_block_end 32 --lora_target_modules qkv --sample_limit 256 --detection_cache /scratch/mthakur/manifold/outputs/wilor_finetune/lora_hp_a_ws3_s1_b8/detections_selected_videos.json --video=0KuJ2t4S_TY --video=0gzQAgjx39o --video=0rq4nkWlO2E --video=0ElPjqY4Cq8 --video=SlksdQT5JRE --temporal_window_size 3 --temporal_window_stride 1 --temporal_max_frame_gap 1 --temporal_reduction smooth_l1 --temporal_scorer_hidden_dim 64 --temporal_scorer_layers 2 --temporal_scorer_dropout 0.0 --vipe_camera_weight 0.005 --vipe_camera_enabled --temporal_camera_enabled --temporal_camera_formulation learnable --temporal_camera_weight 0.03 --temporal_camera_scorer_weight 0.001 --temporal_bbox_projected_enabled --temporal_bbox_projected_formulation learnable --temporal_bbox_projected_weight 0.03 --temporal_bbox_projected_scorer_weight 0.001 --no-temporal_vipe_camera_enabled --temporal_vipe_camera_formulation learnable --temporal_vipe_camera_weight 0.0 --temporal_vipe_camera_smoothness_weight 0.0 --temporal_vipe_camera_anchor_weight 0.0 --use_gpu --amp
[progress] About to launch Apptainer via srun.
[progress] SLURM wrapper log: SLURM_logs/wilor-train_130.out
[progress] Python run output dir: /scratch/mthakur/manifold/outputs/wilor_finetune/lora_hp_a_ws3_s1_b8
[progress] Starting containerized training process now...
/.venv/lib/python3.10/site-packages/timm/models/layers/__init__.py:49: FutureWarning: Importing from timm.models.layers is deprecated, please import via timm.layers
  warnings.warn(f"Importing from {__name__} is deprecated, please import via timm.layers", FutureWarning)
[progress] Starting fine-tuning entrypoint.
[progress] Resolving experiment config from /scratch/mthakur/manifold/models/wilor_hands/experiments/lora/hparam_stage_a_windows.yaml (experiment=lora_hp_a_ws3_s1_b8)
[progress] Resolved experiment 'lora_hp_a_ws3_s1_b8'.
[progress] Using device cuda; output directory is /scratch/mthakur/manifold/outputs/wilor_finetune/lora_hp_a_ws3_s1_b8
[progress] Saved resolved experiment snapshot.
[progress] Using explicitly requested video selection: 0ElPjqY4Cq8, 0KuJ2t4S_TY, 0gzQAgjx39o, 0rq4nkWlO2E, SlksdQT5JRE
[progress] Filtering 5 selected video(s) for matching ViPE artifacts.
[progress] Proceeding with video(s): 0ElPjqY4Cq8, 0KuJ2t4S_TY, 0gzQAgjx39o, 0rq4nkWlO2E, SlksdQT5JRE
[progress] Loading student checkpoint and cloning teacher model.
Loading  /scratch/mthakur/manifold/models/wilor_hands/pretrained_models/wilor_final.ckpt
WARNING: You are using a MANO model, with only 10 shape coefficients.
[progress] LoRA is enabled with targets=qkv, blocks=[24, 32).
[progress] Wrapped 8 attention linear(s) with LoRA adapters.
[progress] Loading detector and ViPE camera index.
[progress] Loading YOLO detector from /scratch/mthakur/manifold/models/wilor_hands/pretrained_models/detector.pt onto cuda
[progress] Detector ready.
[progress] Building detection samples (cache path: /scratch/mthakur/manifold/outputs/wilor_finetune/lora_hp_a_ws3_s1_b8/detections_selected_videos.json).
[progress] Scanning image folder for existing extracted frames: /tmp/wilor_train_9776484.7X0FfC/images
[progress] Prepared 256 frame(s) for detection across 5 selected video(s).
[progress] Running detector on frame 1/256: /tmp/wilor_train_9776484.7X0FfC/images/0ElPjqY4Cq8_frames/frame_000000.jpg
[progress] Running detector on frame 25/256: /tmp/wilor_train_9776484.7X0FfC/images/0ElPjqY4Cq8_frames/frame_000024.jpg
[progress] Running detector on frame 50/256: /tmp/wilor_train_9776484.7X0FfC/images/0ElPjqY4Cq8_frames/frame_000049.jpg
[progress] Running detector on frame 75/256: /tmp/wilor_train_9776484.7X0FfC/images/0ElPjqY4Cq8_frames/frame_000074.jpg
[progress] Running detector on frame 100/256: /tmp/wilor_train_9776484.7X0FfC/images/0ElPjqY4Cq8_frames/frame_000099.jpg
[progress] Running detector on frame 125/256: /tmp/wilor_train_9776484.7X0FfC/images/0ElPjqY4Cq8_frames/frame_000124.jpg
[progress] Running detector on frame 150/256: /tmp/wilor_train_9776484.7X0FfC/images/0ElPjqY4Cq8_frames/frame_000149.jpg
[progress] Running detector on frame 175/256: /tmp/wilor_train_9776484.7X0FfC/images/0ElPjqY4Cq8_frames/frame_000174.jpg
[progress] Running detector on frame 200/256: /tmp/wilor_train_9776484.7X0FfC/images/0ElPjqY4Cq8_frames/frame_000199.jpg
[progress] Running detector on frame 225/256: /tmp/wilor_train_9776484.7X0FfC/images/0ElPjqY4Cq8_frames/frame_000224.jpg
[progress] Running detector on frame 250/256: /tmp/wilor_train_9776484.7X0FfC/images/0ElPjqY4Cq8_frames/frame_000249.jpg
[progress] Running detector on frame 256/256: /tmp/wilor_train_9776484.7X0FfC/images/0ElPjqY4Cq8_frames/frame_000255.jpg
[progress] Saved 507 detection samples to /scratch/mthakur/manifold/outputs/wilor_finetune/lora_hp_a_ws3_s1_b8/detections_selected_videos.json
[progress] Finished detection sampling with 507 sample(s).
[progress] Collected 507 detector sample(s).
[progress] Splitting samples into train/val with validation_split=0.2.
[progress] Building temporal training windows with size=3, stride=1, gap=1.
[progress] Constructing training dataset and dataloader.
[progress] Building validation temporal windows and dataloader.
[progress] Configuring trainable scope: refine_net
[progress] Initialized learnable temporal scorer.
[progress] Creating optimizer and AMP scaler.
[progress] Metrics will be appended to /scratch/mthakur/manifold/outputs/wilor_finetune/lora_hp_a_ws3_s1_b8/metrics.jsonl
Device: cuda
Experiment: lora_hp_a_ws3_s1_b8
Videos: 0ElPjqY4Cq8, 0KuJ2t4S_TY, 0gzQAgjx39o, 0rq4nkWlO2E, SlksdQT5JRE
Frames: total=256 train=205 val=51
Samples: total=507 train=405 val=102
Temporal windows: train=255 val=4 dropped_train=20 dropped_val=72
Train scope: refine_net
LoRA: enabled rank=8 alpha=16.0 dropout=0.0 blocks=[24, 32) targets=qkv
Trainable params: 8,669,519
Temporal families: temporal_camera, temporal_bbox_projected
[progress] Entering optimization loop.
[progress] Fetching first training batch.
[step 00001] loss=2.3782 cam=424.9370 temp_cam=0.0000 bbox_p=0.0001 vipe_t=0.0000
[progress] Running validation at step 1.
             val_loss=0.9343 val_cam=185.3913 val_temp_cam=0.0000 val_bbox_p=0.0002 val_vipe_t=0.0000
[step 00010] loss=2.3987 cam=396.2764 temp_cam=0.0000 bbox_p=0.0000 vipe_t=0.0000
[progress] Running validation at step 10.
             val_loss=0.9800 val_cam=185.0173 val_temp_cam=0.0000 val_bbox_p=0.0002 val_vipe_t=0.0000
[step 00020] loss=1.8891 cam=315.8472 temp_cam=0.0000 bbox_p=0.0001 vipe_t=0.0000
[progress] Running validation at step 20.
             val_loss=0.9588 val_cam=183.5913 val_temp_cam=0.0000 val_bbox_p=0.0003 val_vipe_t=0.0000
[step 00030] loss=2.1385 cam=369.1196 temp_cam=0.0000 bbox_p=0.0004 vipe_t=0.0000
[progress] Running validation at step 30.
             val_loss=0.9819 val_cam=181.9667 val_temp_cam=0.0000 val_bbox_p=0.0003 val_vipe_t=0.0000
[step 00040] loss=2.3558 cam=382.7838 temp_cam=0.0000 bbox_p=0.0001 vipe_t=0.0000
[progress] Running validation at step 40.
             val_loss=0.9444 val_cam=180.3318 val_temp_cam=0.0000 val_bbox_p=0.0003 val_vipe_t=0.0000
[step 00050] loss=2.3457 cam=368.4582 temp_cam=0.0000 bbox_p=0.0003 vipe_t=0.0000
[progress] Running validation at step 50.
             val_loss=0.9755 val_cam=178.7002 val_temp_cam=0.0000 val_bbox_p=0.0003 val_vipe_t=0.0000
[step 00060] loss=2.2169 cam=351.0310 temp_cam=0.0000 bbox_p=0.0004 vipe_t=0.0000
[progress] Running validation at step 60.
             val_loss=0.9387 val_cam=177.0119 val_temp_cam=0.0000 val_bbox_p=0.0003 val_vipe_t=0.0000
[step 00070] loss=2.6606 cam=375.7411 temp_cam=0.0000 bbox_p=0.0000 vipe_t=0.0000
[progress] Running validation at step 70.
             val_loss=1.0224 val_cam=175.6370 val_temp_cam=0.0000 val_bbox_p=0.0003 val_vipe_t=0.0000
[step 00080] loss=2.3029 cam=349.8448 temp_cam=0.0000 bbox_p=0.0001 vipe_t=0.0000
[progress] Running validation at step 80.
             val_loss=1.0041 val_cam=174.1404 val_temp_cam=0.0000 val_bbox_p=0.0003 val_vipe_t=0.0000
[step 00090] loss=2.3247 cam=397.8419 temp_cam=0.0000 bbox_p=0.0003 vipe_t=0.0000
[progress] Running validation at step 90.
             val_loss=0.9510 val_cam=172.6085 val_temp_cam=0.0000 val_bbox_p=0.0003 val_vipe_t=0.0000
[step 00100] loss=2.0855 cam=329.9979 temp_cam=0.0000 bbox_p=0.0001 vipe_t=0.0000
[progress] Running validation at step 100.
             val_loss=0.9299 val_cam=171.2452 val_temp_cam=0.0000 val_bbox_p=0.0003 val_vipe_t=0.0000
[progress] Saved latest checkpoint at step 100.
[step 00110] loss=2.3855 cam=360.8976 temp_cam=0.0000 bbox_p=0.0005 vipe_t=0.0000
[progress] Running validation at step 110.
             val_loss=0.9073 val_cam=169.7691 val_temp_cam=0.0000 val_bbox_p=0.0003 val_vipe_t=0.0000
[step 00120] loss=2.2287 cam=328.2390 temp_cam=0.0000 bbox_p=0.0001 vipe_t=0.0000
[progress] Running validation at step 120.
             val_loss=0.9520 val_cam=168.3646 val_temp_cam=0.0000 val_bbox_p=0.0003 val_vipe_t=0.0000
[step 00130] loss=2.2994 cam=325.9725 temp_cam=0.0000 bbox_p=0.0002 vipe_t=0.0000
[progress] Running validation at step 130.
             val_loss=0.9358 val_cam=167.1818 val_temp_cam=0.0000 val_bbox_p=0.0003 val_vipe_t=0.0000
[step 00140] loss=2.1430 cam=349.9834 temp_cam=0.0000 bbox_p=0.0000 vipe_t=0.0000
[progress] Running validation at step 140.
             val_loss=0.8937 val_cam=165.7990 val_temp_cam=0.0000 val_bbox_p=0.0003 val_vipe_t=0.0000
[step 00150] loss=1.7608 cam=302.4209 temp_cam=0.0000 bbox_p=0.0001 vipe_t=0.0000
[progress] Running validation at step 150.
             val_loss=0.9084 val_cam=164.5238 val_temp_cam=0.0000 val_bbox_p=0.0003 val_vipe_t=0.0000
[step 00160] loss=1.9229 cam=328.6265 temp_cam=0.0000 bbox_p=0.0003 vipe_t=0.0000
[progress] Running validation at step 160.
             val_loss=0.8818 val_cam=163.2750 val_temp_cam=0.0000 val_bbox_p=0.0003 val_vipe_t=0.0000
[step 00170] loss=1.9814 cam=340.7679 temp_cam=0.0000 bbox_p=0.0001 vipe_t=0.0000
[progress] Running validation at step 170.
             val_loss=0.8834 val_cam=161.8595 val_temp_cam=0.0000 val_bbox_p=0.0003 val_vipe_t=0.0000
[step 00180] loss=1.9146 cam=281.7858 temp_cam=0.0000 bbox_p=0.0002 vipe_t=0.0000
[progress] Running validation at step 180.
             val_loss=0.8859 val_cam=160.7712 val_temp_cam=0.0000 val_bbox_p=0.0003 val_vipe_t=0.0000
[step 00190] loss=2.2690 cam=324.1924 temp_cam=0.0000 bbox_p=0.0006 vipe_t=0.0000
[progress] Running validation at step 190.
             val_loss=0.9220 val_cam=159.5567 val_temp_cam=0.0000 val_bbox_p=0.0003 val_vipe_t=0.0000
[step 00200] loss=2.3166 cam=331.4819 temp_cam=0.0000 bbox_p=0.0001 vipe_t=0.0000
[progress] Running validation at step 200.
             val_loss=0.9335 val_cam=158.2851 val_temp_cam=0.0000 val_bbox_p=0.0003 val_vipe_t=0.0000
[progress] Saved latest checkpoint at step 200.
Finished fine-tuning. Best val_loss_total: 0.8818
Saved checkpoints under: /scratch/mthakur/manifold/outputs/wilor_finetune/lora_hp_a_ws3_s1_b8
[progress] Containerized training process exited cleanly.
===============================================
Job finished at: Tue Apr 28 18:05:10 CEST 2026
Execution took 0.26 hours
Writing output to SLURM_logs/wilor-train_130.out
===============================================
