Loaded modules:

Currently Loaded Modules:
  1) slurm/current    3) gcc/11.3.0   5) cuda/11.7
  2) DefaultModules   4) 2024r1

 

Wed Jun 10 01:17:01 2026       
+-----------------------------------------------------------------------------------------+
| NVIDIA-SMI 580.159.04             Driver Version: 580.159.04     CUDA Version: 13.0     |
+-----------------------------------------+------------------------+----------------------+
| GPU  Name                 Persistence-M | Bus-Id          Disp.A | Volatile Uncorr. ECC |
| Fan  Temp   Perf          Pwr:Usage/Cap |           Memory-Usage | GPU-Util  Compute M. |
|                                         |                        |               MIG M. |
|=========================================+========================+======================|
|   0  NVIDIA A100 80GB PCIe          On  |   00000000:16:00.0 Off |                   On |
| N/A   50C    P0            131W /  300W |   19027MiB /  81920MiB |     N/A      Default |
|                                         |                        |              Enabled |
+-----------------------------------------+------------------------+----------------------+

+-----------------------------------------------------------------------------------------+
| MIG devices:                                                                            |
+------------------+----------------------------------+-----------+-----------------------+
| GPU  GI  CI  MIG |              Shared Memory-Usage |        Vol|        Shared         |
|      ID  ID  Dev |                Shared BAR1-Usage | SM     Unc| CE ENC  DEC  OFA  JPG |
|                  |                                  |        ECC|                       |
|==================+==================================+===========+=======================|
|  0    7   0   0  |              36MiB /  9728MiB    | 14      0 |  1   0    0    0    0 |
|                  |               0MiB /  6135MiB    |           |                       |
+------------------+----------------------------------+-----------+-----------------------+

+-----------------------------------------------------------------------------------------+
| Processes:                                                                              |
|  GPU   GI   CI              PID   Type   Process name                        GPU Memory |
|        ID   ID                                                               Usage      |
|=========================================================================================|
|  No running processes found                                                             |
+-----------------------------------------------------------------------------------------+
================ SLURM JOB INFO ================
Job ID:         10143247
Job Name:       wilor-inference
Partition:      gpu-a100-small
Node List:      gpu020
CPUs per task:  2
GPUs per task:  1
Memory per GPU: 10240
Submit dir:     /scratch/mthakur/manifold/models/wilor_hands
Work dir:       /scratch/mthakur/manifold/models/wilor_hands
Job started at: Wed Jun 10 01:17:02 CEST 2026
===============================================
WiLoR video: /scratch/mthakur/manifold/data/test/edge_cases_leaving_90_soumen.mp4
WiLoR output root: /scratch/mthakur/manifold/outputs/wilor
WiLoR completion marker: /scratch/mthakur/manifold/outputs/wilor/_completed/edge_cases_leaving_90_soumen.json
WiLoR frame cache root: /scratch/mthakur/manifold/data/test
/.venv/lib/python3.10/site-packages/timm/models/layers/__init__.py:49: FutureWarning: Importing from timm.models.layers is deprecated, please import via timm.layers
  warnings.warn(f"Importing from {__name__} is deprecated, please import via timm.layers", FutureWarning)
[progress] Loading WiLoR checkpoint: ./pretrained_models/wilor_final.ckpt
Loading  ./pretrained_models/wilor_final.ckpt
WARNING: You are using a MANO model, with only 10 shape coefficients.
[progress] Loading detector: ./pretrained_models/detector.pt

Processing: edge_cases_leaving_90_soumen:frame_000000
No detections, skipping.

Processing: edge_cases_leaving_90_soumen:frame_000001
No detections, skipping.

Processing: edge_cases_leaving_90_soumen:frame_000002
No detections, skipping.

Processing: edge_cases_leaving_90_soumen:frame_000003
No detections, skipping.

Processing: edge_cases_leaving_90_soumen:frame_000004
No detections, skipping.

Processing: edge_cases_leaving_90_soumen:frame_000005
No detections, skipping.

Processing: edge_cases_leaving_90_soumen:frame_000006
No detections, skipping.

Processing: edge_cases_leaving_90_soumen:frame_000007
No detections, skipping.

Processing: edge_cases_leaving_90_soumen:frame_000008
No detections, skipping.

Processing: edge_cases_leaving_90_soumen:frame_000009
No detections, skipping.

Processing: edge_cases_leaving_90_soumen:frame_000010
No detections, skipping.

Processing: edge_cases_leaving_90_soumen:frame_000011
No detections, skipping.

Processing: edge_cases_leaving_90_soumen:frame_000012

Processing: edge_cases_leaving_90_soumen:frame_000013
No detections, skipping.

Processing: edge_cases_leaving_90_soumen:frame_000014

Processing: edge_cases_leaving_90_soumen:frame_000015

Processing: edge_cases_leaving_90_soumen:frame_000016

Processing: edge_cases_leaving_90_soumen:frame_000017

Processing: edge_cases_leaving_90_soumen:frame_000018

Processing: edge_cases_leaving_90_soumen:frame_000019

Processing: edge_cases_leaving_90_soumen:frame_000020

Processing: edge_cases_leaving_90_soumen:frame_000021

Processing: edge_cases_leaving_90_soumen:frame_000022

Processing: edge_cases_leaving_90_soumen:frame_000023

Processing: edge_cases_leaving_90_soumen:frame_000024

Processing: edge_cases_leaving_90_soumen:frame_000025

Processing: edge_cases_leaving_90_soumen:frame_000026

Processing: edge_cases_leaving_90_soumen:frame_000027
No detections, skipping.

Processing: edge_cases_leaving_90_soumen:frame_000028
No detections, skipping.

Processing: edge_cases_leaving_90_soumen:frame_000029

Processing: edge_cases_leaving_90_soumen:frame_000030
No detections, skipping.

Processing: edge_cases_leaving_90_soumen:frame_000031

Processing: edge_cases_leaving_90_soumen:frame_000032
No detections, skipping.

Processing: edge_cases_leaving_90_soumen:frame_000033

Processing: edge_cases_leaving_90_soumen:frame_000034

Processing: edge_cases_leaving_90_soumen:frame_000035

Processing: edge_cases_leaving_90_soumen:frame_000036
No detections, skipping.

Processing: edge_cases_leaving_90_soumen:frame_000037
No detections, skipping.

Processing: edge_cases_leaving_90_soumen:frame_000038
No detections, skipping.

Processing: edge_cases_leaving_90_soumen:frame_000039
No detections, skipping.

Processing: edge_cases_leaving_90_soumen:frame_000040

Processing: edge_cases_leaving_90_soumen:frame_000041

Processing: edge_cases_leaving_90_soumen:frame_000042
No detections, skipping.

Processing: edge_cases_leaving_90_soumen:frame_000043
No detections, skipping.

Processing: edge_cases_leaving_90_soumen:frame_000044
No detections, skipping.

Processing: edge_cases_leaving_90_soumen:frame_000045
No detections, skipping.

Processing: edge_cases_leaving_90_soumen:frame_000046

Processing: edge_cases_leaving_90_soumen:frame_000047

Processing: edge_cases_leaving_90_soumen:frame_000048

Processing: edge_cases_leaving_90_soumen:frame_000049
No detections, skipping.

Processing: edge_cases_leaving_90_soumen:frame_000050

Processing: edge_cases_leaving_90_soumen:frame_000051

Processing: edge_cases_leaving_90_soumen:frame_000052

Processing: edge_cases_leaving_90_soumen:frame_000053

Processing: edge_cases_leaving_90_soumen:frame_000054

Processing: edge_cases_leaving_90_soumen:frame_000055

Processing: edge_cases_leaving_90_soumen:frame_000056

Processing: edge_cases_leaving_90_soumen:frame_000057

Processing: edge_cases_leaving_90_soumen:frame_000058

Processing: edge_cases_leaving_90_soumen:frame_000059

Processing: edge_cases_leaving_90_soumen:frame_000060

Processing: edge_cases_leaving_90_soumen:frame_000061

Processing: edge_cases_leaving_90_soumen:frame_000062
No detections, skipping.

Processing: edge_cases_leaving_90_soumen:frame_000063
No detections, skipping.

Processing: edge_cases_leaving_90_soumen:frame_000064
No detections, skipping.

Processing: edge_cases_leaving_90_soumen:frame_000065

Processing: edge_cases_leaving_90_soumen:frame_000066

Processing: edge_cases_leaving_90_soumen:frame_000067

Processing: edge_cases_leaving_90_soumen:frame_000068
No detections, skipping.

Processing: edge_cases_leaving_90_soumen:frame_000069
No detections, skipping.

Processing: edge_cases_leaving_90_soumen:frame_000070
No detections, skipping.

Processing: edge_cases_leaving_90_soumen:frame_000071
No detections, skipping.

Processing: edge_cases_leaving_90_soumen:frame_000072

Processing: edge_cases_leaving_90_soumen:frame_000073

Processing: edge_cases_leaving_90_soumen:frame_000074

Processing: edge_cases_leaving_90_soumen:frame_000075
No detections, skipping.

Processing: edge_cases_leaving_90_soumen:frame_000076
No detections, skipping.

Processing: edge_cases_leaving_90_soumen:frame_000077

Processing: edge_cases_leaving_90_soumen:frame_000078
No detections, skipping.

Processing: edge_cases_leaving_90_soumen:frame_000079
No detections, skipping.

Processing: edge_cases_leaving_90_soumen:frame_000080

Processing: edge_cases_leaving_90_soumen:frame_000081

Processing: edge_cases_leaving_90_soumen:frame_000082

Processing: edge_cases_leaving_90_soumen:frame_000083

Processing: edge_cases_leaving_90_soumen:frame_000084

Processing: edge_cases_leaving_90_soumen:frame_000085

Processing: edge_cases_leaving_90_soumen:frame_000086

Processing: edge_cases_leaving_90_soumen:frame_000087

Processing: edge_cases_leaving_90_soumen:frame_000088

Processing: edge_cases_leaving_90_soumen:frame_000089

Processing: edge_cases_leaving_90_soumen:frame_000090
No detections, skipping.

Processing: edge_cases_leaving_90_soumen:frame_000091
No detections, skipping.

Processing: edge_cases_leaving_90_soumen:frame_000092
No detections, skipping.

Processing: edge_cases_leaving_90_soumen:frame_000093
No detections, skipping.

Processing: edge_cases_leaving_90_soumen:frame_000094
No detections, skipping.

Processing: edge_cases_leaving_90_soumen:frame_000095
No detections, skipping.

Processing: edge_cases_leaving_90_soumen:frame_000096
No detections, skipping.

Processing: edge_cases_leaving_90_soumen:frame_000097
No detections, skipping.

Processing: edge_cases_leaving_90_soumen:frame_000098
No detections, skipping.

Processing: edge_cases_leaving_90_soumen:frame_000099

Processing: edge_cases_leaving_90_soumen:frame_000100

Processing: edge_cases_leaving_90_soumen:frame_000101

Processing: edge_cases_leaving_90_soumen:frame_000102

Processing: edge_cases_leaving_90_soumen:frame_000103

Processing: edge_cases_leaving_90_soumen:frame_000104

Processing: edge_cases_leaving_90_soumen:frame_000105

Processing: edge_cases_leaving_90_soumen:frame_000106
No detections, skipping.

Processing: edge_cases_leaving_90_soumen:frame_000107
No detections, skipping.

Processing: edge_cases_leaving_90_soumen:frame_000108
No detections, skipping.

Processing: edge_cases_leaving_90_soumen:frame_000109
No detections, skipping.

Processing: edge_cases_leaving_90_soumen:frame_000110

Processing: edge_cases_leaving_90_soumen:frame_000111

Processing: edge_cases_leaving_90_soumen:frame_000112

Processing: edge_cases_leaving_90_soumen:frame_000113

Processing: edge_cases_leaving_90_soumen:frame_000114

Processing: edge_cases_leaving_90_soumen:frame_000115

Processing: edge_cases_leaving_90_soumen:frame_000116

Processing: edge_cases_leaving_90_soumen:frame_000117

Processing: edge_cases_leaving_90_soumen:frame_000118

Processing: edge_cases_leaving_90_soumen:frame_000119

Processing: edge_cases_leaving_90_soumen:frame_000120

Processing: edge_cases_leaving_90_soumen:frame_000121

Processing: edge_cases_leaving_90_soumen:frame_000122

Processing: edge_cases_leaving_90_soumen:frame_000123
No detections, skipping.

Processing: edge_cases_leaving_90_soumen:frame_000124
No detections, skipping.

Processing: edge_cases_leaving_90_soumen:frame_000125
No detections, skipping.

Processing: edge_cases_leaving_90_soumen:frame_000126

Processing: edge_cases_leaving_90_soumen:frame_000127

Processing: edge_cases_leaving_90_soumen:frame_000128
No detections, skipping.

Processing: edge_cases_leaving_90_soumen:frame_000129
No detections, skipping.

Processing: edge_cases_leaving_90_soumen:frame_000130

Processing: edge_cases_leaving_90_soumen:frame_000131
No detections, skipping.

Processing: edge_cases_leaving_90_soumen:frame_000132
No detections, skipping.

Processing: edge_cases_leaving_90_soumen:frame_000133
No detections, skipping.

Processing: edge_cases_leaving_90_soumen:frame_000134

Processing: edge_cases_leaving_90_soumen:frame_000135

Processing: edge_cases_leaving_90_soumen:frame_000136
No detections, skipping.

Processing: edge_cases_leaving_90_soumen:frame_000137
No detections, skipping.

Processing: edge_cases_leaving_90_soumen:frame_000138
No detections, skipping.

Processing: edge_cases_leaving_90_soumen:frame_000139

Processing: edge_cases_leaving_90_soumen:frame_000140
No detections, skipping.

Processing: edge_cases_leaving_90_soumen:frame_000141
No detections, skipping.

Processing: edge_cases_leaving_90_soumen:frame_000142
No detections, skipping.

Processing: edge_cases_leaving_90_soumen:frame_000143
No detections, skipping.

Processing: edge_cases_leaving_90_soumen:frame_000144
No detections, skipping.

Processing: edge_cases_leaving_90_soumen:frame_000145
No detections, skipping.

Processing: edge_cases_leaving_90_soumen:frame_000146
No detections, skipping.

Processing: edge_cases_leaving_90_soumen:frame_000147
No detections, skipping.

Processing: edge_cases_leaving_90_soumen:frame_000148
No detections, skipping.

Processing: edge_cases_leaving_90_soumen:frame_000149
No detections, skipping.

Processing: edge_cases_leaving_90_soumen:frame_000150
No detections, skipping.

Processing: edge_cases_leaving_90_soumen:frame_000151
No detections, skipping.

Processing: edge_cases_leaving_90_soumen:frame_000152

Processing: edge_cases_leaving_90_soumen:frame_000153

Processing: edge_cases_leaving_90_soumen:frame_000154

Processing: edge_cases_leaving_90_soumen:frame_000155

Processing: edge_cases_leaving_90_soumen:frame_000156

Processing: edge_cases_leaving_90_soumen:frame_000157

Processing: edge_cases_leaving_90_soumen:frame_000158

Processing: edge_cases_leaving_90_soumen:frame_000159

Processing: edge_cases_leaving_90_soumen:frame_000160

Processing: edge_cases_leaving_90_soumen:frame_000161

Processing: edge_cases_leaving_90_soumen:frame_000162

Processing: edge_cases_leaving_90_soumen:frame_000163
No detections, skipping.

Processing: edge_cases_leaving_90_soumen:frame_000164
No detections, skipping.

Processing: edge_cases_leaving_90_soumen:frame_000165

Processing: edge_cases_leaving_90_soumen:frame_000166

Processing: edge_cases_leaving_90_soumen:frame_000167
No detections, skipping.

Processing: edge_cases_leaving_90_soumen:frame_000168

Processing: edge_cases_leaving_90_soumen:frame_000169

Processing: edge_cases_leaving_90_soumen:frame_000170

Processing: edge_cases_leaving_90_soumen:frame_000171

Processing: edge_cases_leaving_90_soumen:frame_000172
No detections, skipping.

Processing: edge_cases_leaving_90_soumen:frame_000173
No detections, skipping.

Processing: edge_cases_leaving_90_soumen:frame_000174
No detections, skipping.

Processing: edge_cases_leaving_90_soumen:frame_000175
No detections, skipping.

Processing: edge_cases_leaving_90_soumen:frame_000176
No detections, skipping.

Processing: edge_cases_leaving_90_soumen:frame_000177
No detections, skipping.

Processing: edge_cases_leaving_90_soumen:frame_000178
No detections, skipping.

Processing: edge_cases_leaving_90_soumen:frame_000179
No detections, skipping.

Processing: edge_cases_leaving_90_soumen:frame_000180
No detections, skipping.

Processing: edge_cases_leaving_90_soumen:frame_000181
No detections, skipping.

Processing: edge_cases_leaving_90_soumen:frame_000182
No detections, skipping.

Processing: edge_cases_leaving_90_soumen:frame_000183
No detections, skipping.

Processing: edge_cases_leaving_90_soumen:frame_000184
No detections, skipping.

Processing: edge_cases_leaving_90_soumen:frame_000185
No detections, skipping.

Processing: edge_cases_leaving_90_soumen:frame_000186
No detections, skipping.

Processing: edge_cases_leaving_90_soumen:frame_000187
No detections, skipping.

Processing: edge_cases_leaving_90_soumen:frame_000188

Processing: edge_cases_leaving_90_soumen:frame_000189
No detections, skipping.

Processing: edge_cases_leaving_90_soumen:frame_000190

Processing: edge_cases_leaving_90_soumen:frame_000191

Processing: edge_cases_leaving_90_soumen:frame_000192

Processing: edge_cases_leaving_90_soumen:frame_000193
No detections, skipping.

Processing: edge_cases_leaving_90_soumen:frame_000194
No detections, skipping.

Processing: edge_cases_leaving_90_soumen:frame_000195
No detections, skipping.

Processing: edge_cases_leaving_90_soumen:frame_000196

Processing: edge_cases_leaving_90_soumen:frame_000197

Processing: edge_cases_leaving_90_soumen:frame_000198

Processing: edge_cases_leaving_90_soumen:frame_000199

Processing: edge_cases_leaving_90_soumen:frame_000200

Processing: edge_cases_leaving_90_soumen:frame_000201

Processing: edge_cases_leaving_90_soumen:frame_000202

Processing: edge_cases_leaving_90_soumen:frame_000203

Processing: edge_cases_leaving_90_soumen:frame_000204

Processing: edge_cases_leaving_90_soumen:frame_000205

Processing: edge_cases_leaving_90_soumen:frame_000206
No detections, skipping.

Processing: edge_cases_leaving_90_soumen:frame_000207
No detections, skipping.

Processing: edge_cases_leaving_90_soumen:frame_000208
No detections, skipping.

Processing: edge_cases_leaving_90_soumen:frame_000209
No detections, skipping.

Processing: edge_cases_leaving_90_soumen:frame_000210
No detections, skipping.

Processing: edge_cases_leaving_90_soumen:frame_000211
No detections, skipping.

Processing: edge_cases_leaving_90_soumen:frame_000212

Processing: edge_cases_leaving_90_soumen:frame_000213

Processing: edge_cases_leaving_90_soumen:frame_000214

Processing: edge_cases_leaving_90_soumen:frame_000215

Processing: edge_cases_leaving_90_soumen:frame_000216

Processing: edge_cases_leaving_90_soumen:frame_000217

Processing: edge_cases_leaving_90_soumen:frame_000218

Processing: edge_cases_leaving_90_soumen:frame_000219

Processing: edge_cases_leaving_90_soumen:frame_000220

Processing: edge_cases_leaving_90_soumen:frame_000221

Processing: edge_cases_leaving_90_soumen:frame_000222

Processing: edge_cases_leaving_90_soumen:frame_000223

Processing: edge_cases_leaving_90_soumen:frame_000224

Processing: edge_cases_leaving_90_soumen:frame_000225

Processing: edge_cases_leaving_90_soumen:frame_000226
No detections, skipping.

Processing: edge_cases_leaving_90_soumen:frame_000227

Processing: edge_cases_leaving_90_soumen:frame_000228

Processing: edge_cases_leaving_90_soumen:frame_000229

Processing: edge_cases_leaving_90_soumen:frame_000230

Processing: edge_cases_leaving_90_soumen:frame_000231

Processing: edge_cases_leaving_90_soumen:frame_000232

Processing: edge_cases_leaving_90_soumen:frame_000233

Processing: edge_cases_leaving_90_soumen:frame_000234

Processing: edge_cases_leaving_90_soumen:frame_000235

Processing: edge_cases_leaving_90_soumen:frame_000236

Processing: edge_cases_leaving_90_soumen:frame_000237

Processing: edge_cases_leaving_90_soumen:frame_000238

Processing: edge_cases_leaving_90_soumen:frame_000239

Processing: edge_cases_leaving_90_soumen:frame_000240

Processing: edge_cases_leaving_90_soumen:frame_000241

Processing: edge_cases_leaving_90_soumen:frame_000242

Processing: edge_cases_leaving_90_soumen:frame_000243

Processing: edge_cases_leaving_90_soumen:frame_000244

Processing: edge_cases_leaving_90_soumen:frame_000245
No detections, skipping.

Processing: edge_cases_leaving_90_soumen:frame_000246
No detections, skipping.

Processing: edge_cases_leaving_90_soumen:frame_000247
No detections, skipping.

Processing: edge_cases_leaving_90_soumen:frame_000248
No detections, skipping.

Processing: edge_cases_leaving_90_soumen:frame_000249

Processing: edge_cases_leaving_90_soumen:frame_000250

Processing: edge_cases_leaving_90_soumen:frame_000251
No detections, skipping.

Processing: edge_cases_leaving_90_soumen:frame_000252

Processing: edge_cases_leaving_90_soumen:frame_000253

Processing: edge_cases_leaving_90_soumen:frame_000254

Processing: edge_cases_leaving_90_soumen:frame_000255

Processing: edge_cases_leaving_90_soumen:frame_000256
No detections, skipping.

Processing: edge_cases_leaving_90_soumen:frame_000257
No detections, skipping.

Processing: edge_cases_leaving_90_soumen:frame_000258
No detections, skipping.

Processing: edge_cases_leaving_90_soumen:frame_000259
No detections, skipping.

Processing: edge_cases_leaving_90_soumen:frame_000260
No detections, skipping.

Processing: edge_cases_leaving_90_soumen:frame_000261
No detections, skipping.

Processing: edge_cases_leaving_90_soumen:frame_000262
No detections, skipping.

Processing: edge_cases_leaving_90_soumen:frame_000263
No detections, skipping.

Processing: edge_cases_leaving_90_soumen:frame_000264

Processing: edge_cases_leaving_90_soumen:frame_000265

Processing: edge_cases_leaving_90_soumen:frame_000266

Processing: edge_cases_leaving_90_soumen:frame_000267

Processing: edge_cases_leaving_90_soumen:frame_000268

Processing: edge_cases_leaving_90_soumen:frame_000269

Processing: edge_cases_leaving_90_soumen:frame_000270

Processing: edge_cases_leaving_90_soumen:frame_000271

Processing: edge_cases_leaving_90_soumen:frame_000272

Processing: edge_cases_leaving_90_soumen:frame_000273

Processing: edge_cases_leaving_90_soumen:frame_000274

Processing: edge_cases_leaving_90_soumen:frame_000275

Processing: edge_cases_leaving_90_soumen:frame_000276

Processing: edge_cases_leaving_90_soumen:frame_000277

Processing: edge_cases_leaving_90_soumen:frame_000278

Processing: edge_cases_leaving_90_soumen:frame_000279

Processing: edge_cases_leaving_90_soumen:frame_000280
No detections, skipping.

Processing: edge_cases_leaving_90_soumen:frame_000281

Processing: edge_cases_leaving_90_soumen:frame_000282

Processing: edge_cases_leaving_90_soumen:frame_000283

Processing: edge_cases_leaving_90_soumen:frame_000284

Processing: edge_cases_leaving_90_soumen:frame_000285

Processing: edge_cases_leaving_90_soumen:frame_000286

Processing: edge_cases_leaving_90_soumen:frame_000287

Processing: edge_cases_leaving_90_soumen:frame_000288
No detections, skipping.

Processing: edge_cases_leaving_90_soumen:frame_000289
No detections, skipping.

Processing: edge_cases_leaving_90_soumen:frame_000290
No detections, skipping.

Processing: edge_cases_leaving_90_soumen:frame_000291
No detections, skipping.

Processing: edge_cases_leaving_90_soumen:frame_000292
No detections, skipping.

Processing: edge_cases_leaving_90_soumen:frame_000293
No detections, skipping.

Processing: edge_cases_leaving_90_soumen:frame_000294
No detections, skipping.

Processing: edge_cases_leaving_90_soumen:frame_000295

Processing: edge_cases_leaving_90_soumen:frame_000296
No detections, skipping.

Processing: edge_cases_leaving_90_soumen:frame_000297

Processing: edge_cases_leaving_90_soumen:frame_000298

Processing: edge_cases_leaving_90_soumen:frame_000299

Processing: edge_cases_leaving_90_soumen:frame_000300
No detections, skipping.

Processing: edge_cases_leaving_90_soumen:frame_000301

Processing: edge_cases_leaving_90_soumen:frame_000302

Processing: edge_cases_leaving_90_soumen:frame_000303
No detections, skipping.

Processing: edge_cases_leaving_90_soumen:frame_000304
No detections, skipping.

Processing: edge_cases_leaving_90_soumen:frame_000305

Processing: edge_cases_leaving_90_soumen:frame_000306

Processing: edge_cases_leaving_90_soumen:frame_000307

Processing: edge_cases_leaving_90_soumen:frame_000308

Processing: edge_cases_leaving_90_soumen:frame_000309

Processing: edge_cases_leaving_90_soumen:frame_000310

Processing: edge_cases_leaving_90_soumen:frame_000311

Processing: edge_cases_leaving_90_soumen:frame_000312

Processing: edge_cases_leaving_90_soumen:frame_000313

Processing: edge_cases_leaving_90_soumen:frame_000314

Processing: edge_cases_leaving_90_soumen:frame_000315

Processing: edge_cases_leaving_90_soumen:frame_000316

Processing: edge_cases_leaving_90_soumen:frame_000317

Processing: edge_cases_leaving_90_soumen:frame_000318
No detections, skipping.

Processing: edge_cases_leaving_90_soumen:frame_000319
No detections, skipping.

Processing: edge_cases_leaving_90_soumen:frame_000320

Processing: edge_cases_leaving_90_soumen:frame_000321

Processing: edge_cases_leaving_90_soumen:frame_000322

Processing: edge_cases_leaving_90_soumen:frame_000323

All images processed.
===============================================
Job finished at: Wed Jun 10 01:20:08 CEST 2026
Execution took 0.05 hours
Writing output to SLURM_logs/wilor-inference_848.out
Retained WiLoR outputs: /scratch/mthakur/manifold/outputs/wilor/edge_cases_leaving_90_soumen/meshes
===============================================
