Loaded modules:

Currently Loaded Modules:
  1) slurm/current    3) gcc/11.3.0   5) cuda/11.7
  2) DefaultModules   4) 2024r1

 

================ SLURM JOB INFO ================
Job ID:         9291025
Job Name:       wilor-inference
Partition:      gpu-a100
Node List:      gpu019
CPUs per task:  2
Memory per CPU: 
GPUs per task:  1
Memory per GPU: 10240
Submit dir:     /scratch/mthakur/manifold/models/wilor_hands
Work dir:       /scratch/mthakur/manifold/models/wilor_hands
Job started at: Wed Mar  4 14:27:43 CET 2026
===============================================
/.venv/lib/python3.10/site-packages/timm/models/layers/__init__.py:49: FutureWarning: Importing from timm.models.layers is deprecated, please import via timm.layers
  warnings.warn(f"Importing from {__name__} is deprecated, please import via timm.layers", FutureWarning)
Loading  ./pretrained_models/wilor_final.ckpt
Lightning automatically upgraded your loaded checkpoint from v1.8.1 to v2.0.9. To apply the upgrade to your files permanently, run `python -m pytorch_lightning.utilities.upgrade_checkpoint --file pretrained_models/wilor_final.ckpt`
WARNING: You are using a MANO model, with only 10 shape coefficients.
Found existing frames for 120-2_clip_5, skipping extraction.
Found existing frames for 120-2_clip_7_amplified, skipping extraction.
Found existing frames for clip_2, skipping extraction.
Found existing frames for 120-2_clip_1_amplified, skipping extraction.
Found existing frames for 163 (2) FU, skipping extraction.
Found existing frames for clip_2_amplified, skipping extraction.
Found existing frames for clip_1_amplified, skipping extraction.
Found existing frames for clip_3_amplified, skipping extraction.
Found existing frames for 120-2_clip_1, skipping extraction.
Found existing frames for 124-6 DBS uit, skipping extraction.
Found existing frames for 120-2_clip_5_amplified, skipping extraction.
Found existing frames for 120-2_clip_4_amplified, skipping extraction.
Found existing frames for 120-2_clip_3, skipping extraction.
Found existing frames for 120-2_clip_4, skipping extraction.
Found existing frames for 120-2_clip_7, skipping extraction.
Found existing frames for 120-2_clip_3_amplified, skipping extraction.
Found existing frames for clip_1, skipping extraction.
Found existing frames for 120-2_clip_2, skipping extraction.
Found existing frames for clip_3, skipping extraction.
Found existing frames for 120-2_clip_6, skipping extraction.
Found existing frames for 120-2_clip_2_amplified, skipping extraction.
Found existing frames for clip_4, skipping extraction.

Processing: ../../data/images/clip_2_frames/frame_000000.jpg
Saved visualization: ../../outputs/wilor/clip_2/visualizations/frame_000000.jpg

Processing: ../../data/images/clip_2_frames/frame_000001.jpg
Saved visualization: ../../outputs/wilor/clip_2/visualizations/frame_000001.jpg

Processing: ../../data/images/clip_2_frames/frame_000002.jpg
Saved visualization: ../../outputs/wilor/clip_2/visualizations/frame_000002.jpg

Processing: ../../data/images/clip_2_frames/frame_000003.jpg
Saved visualization: ../../outputs/wilor/clip_2/visualizations/frame_000003.jpg

Processing: ../../data/images/clip_2_frames/frame_000004.jpg
Saved visualization: ../../outputs/wilor/clip_2/visualizations/frame_000004.jpg

Processing: ../../data/images/clip_2_frames/frame_000005.jpg
Saved visualization: ../../outputs/wilor/clip_2/visualizations/frame_000005.jpg

Processing: ../../data/images/clip_2_frames/frame_000006.jpg
Saved visualization: ../../outputs/wilor/clip_2/visualizations/frame_000006.jpg

Processing: ../../data/images/clip_2_frames/frame_000007.jpg
Saved visualization: ../../outputs/wilor/clip_2/visualizations/frame_000007.jpg

Processing: ../../data/images/clip_2_frames/frame_000008.jpg
Saved visualization: ../../outputs/wilor/clip_2/visualizations/frame_000008.jpg

Processing: ../../data/images/clip_2_frames/frame_000009.jpg
Saved visualization: ../../outputs/wilor/clip_2/visualizations/frame_000009.jpg

Processing: ../../data/images/clip_2_frames/frame_000010.jpg
Saved visualization: ../../outputs/wilor/clip_2/visualizations/frame_000010.jpg

Processing: ../../data/images/clip_2_frames/frame_000011.jpg
Saved visualization: ../../outputs/wilor/clip_2/visualizations/frame_000011.jpg

Processing: ../../data/images/clip_2_frames/frame_000012.jpg
Saved visualization: ../../outputs/wilor/clip_2/visualizations/frame_000012.jpg

Processing: ../../data/images/clip_2_frames/frame_000013.jpg
Saved visualization: ../../outputs/wilor/clip_2/visualizations/frame_000013.jpg

Processing: ../../data/images/clip_2_frames/frame_000014.jpg
Saved visualization: ../../outputs/wilor/clip_2/visualizations/frame_000014.jpg

Processing: ../../data/images/clip_2_frames/frame_000015.jpg
Saved visualization: ../../outputs/wilor/clip_2/visualizations/frame_000015.jpg

Processing: ../../data/images/clip_2_frames/frame_000016.jpg
Saved visualization: ../../outputs/wilor/clip_2/visualizations/frame_000016.jpg

Processing: ../../data/images/clip_2_frames/frame_000017.jpg
Saved visualization: ../../outputs/wilor/clip_2/visualizations/frame_000017.jpg

Processing: ../../data/images/clip_2_frames/frame_000018.jpg
Saved visualization: ../../outputs/wilor/clip_2/visualizations/frame_000018.jpg

Processing: ../../data/images/clip_2_frames/frame_000019.jpg
Saved visualization: ../../outputs/wilor/clip_2/visualizations/frame_000019.jpg

Processing: ../../data/images/clip_2_frames/frame_000020.jpg
Saved visualization: ../../outputs/wilor/clip_2/visualizations/frame_000020.jpg

Processing: ../../data/images/clip_2_frames/frame_000021.jpg
Saved visualization: ../../outputs/wilor/clip_2/visualizations/frame_000021.jpg

Processing: ../../data/images/clip_2_frames/frame_000022.jpg
Saved visualization: ../../outputs/wilor/clip_2/visualizations/frame_000022.jpg

Processing: ../../data/images/clip_2_frames/frame_000023.jpg
Saved visualization: ../../outputs/wilor/clip_2/visualizations/frame_000023.jpg

Processing: ../../data/images/clip_2_frames/frame_000024.jpg
Saved visualization: ../../outputs/wilor/clip_2/visualizations/frame_000024.jpg

Processing: ../../data/images/clip_2_frames/frame_000025.jpg
Saved visualization: ../../outputs/wilor/clip_2/visualizations/frame_000025.jpg

Processing: ../../data/images/clip_2_frames/frame_000026.jpg
Saved visualization: ../../outputs/wilor/clip_2/visualizations/frame_000026.jpg

Processing: ../../data/images/clip_2_frames/frame_000027.jpg
Saved visualization: ../../outputs/wilor/clip_2/visualizations/frame_000027.jpg

Processing: ../../data/images/clip_2_frames/frame_000028.jpg
Saved visualization: ../../outputs/wilor/clip_2/visualizations/frame_000028.jpg

Processing: ../../data/images/clip_2_frames/frame_000029.jpg
Saved visualization: ../../outputs/wilor/clip_2/visualizations/frame_000029.jpg

Processing: ../../data/images/clip_2_frames/frame_000030.jpg
Saved visualization: ../../outputs/wilor/clip_2/visualizations/frame_000030.jpg

Processing: ../../data/images/clip_2_frames/frame_000031.jpg
Saved visualization: ../../outputs/wilor/clip_2/visualizations/frame_000031.jpg

Processing: ../../data/images/clip_2_frames/frame_000032.jpg
Saved visualization: ../../outputs/wilor/clip_2/visualizations/frame_000032.jpg

Processing: ../../data/images/clip_2_frames/frame_000033.jpg
Saved visualization: ../../outputs/wilor/clip_2/visualizations/frame_000033.jpg

Processing: ../../data/images/clip_2_frames/frame_000034.jpg
Saved visualization: ../../outputs/wilor/clip_2/visualizations/frame_000034.jpg

Processing: ../../data/images/clip_2_frames/frame_000035.jpg
Saved visualization: ../../outputs/wilor/clip_2/visualizations/frame_000035.jpg

Processing: ../../data/images/clip_2_frames/frame_000036.jpg
Saved visualization: ../../outputs/wilor/clip_2/visualizations/frame_000036.jpg

Processing: ../../data/images/clip_2_frames/frame_000037.jpg
Saved visualization: ../../outputs/wilor/clip_2/visualizations/frame_000037.jpg

Processing: ../../data/images/clip_2_frames/frame_000038.jpg
Saved visualization: ../../outputs/wilor/clip_2/visualizations/frame_000038.jpg

Processing: ../../data/images/clip_2_frames/frame_000039.jpg
Saved visualization: ../../outputs/wilor/clip_2/visualizations/frame_000039.jpg

Processing: ../../data/images/clip_2_frames/frame_000040.jpg
Saved visualization: ../../outputs/wilor/clip_2/visualizations/frame_000040.jpg

Processing: ../../data/images/clip_2_frames/frame_000041.jpg
Saved visualization: ../../outputs/wilor/clip_2/visualizations/frame_000041.jpg

Processing: ../../data/images/clip_2_frames/frame_000042.jpg
Saved visualization: ../../outputs/wilor/clip_2/visualizations/frame_000042.jpg

Processing: ../../data/images/clip_2_frames/frame_000043.jpg
Saved visualization: ../../outputs/wilor/clip_2/visualizations/frame_000043.jpg

Processing: ../../data/images/clip_2_frames/frame_000044.jpg
Saved visualization: ../../outputs/wilor/clip_2/visualizations/frame_000044.jpg

Processing: ../../data/images/clip_2_frames/frame_000045.jpg
Saved visualization: ../../outputs/wilor/clip_2/visualizations/frame_000045.jpg

Processing: ../../data/images/clip_2_frames/frame_000046.jpg
Saved visualization: ../../outputs/wilor/clip_2/visualizations/frame_000046.jpg

Processing: ../../data/images/clip_2_frames/frame_000047.jpg
Saved visualization: ../../outputs/wilor/clip_2/visualizations/frame_000047.jpg

Processing: ../../data/images/clip_2_frames/frame_000048.jpg
Saved visualization: ../../outputs/wilor/clip_2/visualizations/frame_000048.jpg

Processing: ../../data/images/clip_2_frames/frame_000049.jpg
Saved visualization: ../../outputs/wilor/clip_2/visualizations/frame_000049.jpg

Processing: ../../data/images/clip_2_frames/frame_000050.jpg
Saved visualization: ../../outputs/wilor/clip_2/visualizations/frame_000050.jpg

Processing: ../../data/images/clip_2_frames/frame_000051.jpg
Saved visualization: ../../outputs/wilor/clip_2/visualizations/frame_000051.jpg

Processing: ../../data/images/clip_2_frames/frame_000052.jpg
Saved visualization: ../../outputs/wilor/clip_2/visualizations/frame_000052.jpg

Processing: ../../data/images/clip_2_frames/frame_000053.jpg
Saved visualization: ../../outputs/wilor/clip_2/visualizations/frame_000053.jpg

Processing: ../../data/images/clip_2_frames/frame_000054.jpg
Saved visualization: ../../outputs/wilor/clip_2/visualizations/frame_000054.jpg

Processing: ../../data/images/clip_2_frames/frame_000055.jpg
Saved visualization: ../../outputs/wilor/clip_2/visualizations/frame_000055.jpg

Processing: ../../data/images/clip_2_frames/frame_000056.jpg
Saved visualization: ../../outputs/wilor/clip_2/visualizations/frame_000056.jpg

Processing: ../../data/images/clip_2_frames/frame_000057.jpg
Saved visualization: ../../outputs/wilor/clip_2/visualizations/frame_000057.jpg

Processing: ../../data/images/clip_2_frames/frame_000058.jpg
Saved visualization: ../../outputs/wilor/clip_2/visualizations/frame_000058.jpg

Processing: ../../data/images/clip_2_frames/frame_000059.jpg
Saved visualization: ../../outputs/wilor/clip_2/visualizations/frame_000059.jpg

Processing: ../../data/images/clip_2_frames/frame_000060.jpg
Saved visualization: ../../outputs/wilor/clip_2/visualizations/frame_000060.jpg

Processing: ../../data/images/clip_2_frames/frame_000061.jpg
Saved visualization: ../../outputs/wilor/clip_2/visualizations/frame_000061.jpg

Processing: ../../data/images/clip_2_frames/frame_000062.jpg
Saved visualization: ../../outputs/wilor/clip_2/visualizations/frame_000062.jpg

Processing: ../../data/images/clip_2_frames/frame_000063.jpg
Saved visualization: ../../outputs/wilor/clip_2/visualizations/frame_000063.jpg

Processing: ../../data/images/clip_2_frames/frame_000064.jpg
Saved visualization: ../../outputs/wilor/clip_2/visualizations/frame_000064.jpg

Processing: ../../data/images/clip_2_frames/frame_000065.jpg
Saved visualization: ../../outputs/wilor/clip_2/visualizations/frame_000065.jpg

Processing: ../../data/images/clip_2_frames/frame_000066.jpg
Saved visualization: ../../outputs/wilor/clip_2/visualizations/frame_000066.jpg

Processing: ../../data/images/clip_2_frames/frame_000067.jpg
Saved visualization: ../../outputs/wilor/clip_2/visualizations/frame_000067.jpg

Processing: ../../data/images/clip_2_frames/frame_000068.jpg
Saved visualization: ../../outputs/wilor/clip_2/visualizations/frame_000068.jpg

Processing: ../../data/images/clip_2_frames/frame_000069.jpg
Saved visualization: ../../outputs/wilor/clip_2/visualizations/frame_000069.jpg

Processing: ../../data/images/clip_2_frames/frame_000070.jpg
Saved visualization: ../../outputs/wilor/clip_2/visualizations/frame_000070.jpg

Processing: ../../data/images/clip_2_frames/frame_000071.jpg
Saved visualization: ../../outputs/wilor/clip_2/visualizations/frame_000071.jpg

Processing: ../../data/images/clip_2_frames/frame_000072.jpg
Saved visualization: ../../outputs/wilor/clip_2/visualizations/frame_000072.jpg

Processing: ../../data/images/clip_2_frames/frame_000073.jpg
Saved visualization: ../../outputs/wilor/clip_2/visualizations/frame_000073.jpg

Processing: ../../data/images/clip_2_frames/frame_000074.jpg
Saved visualization: ../../outputs/wilor/clip_2/visualizations/frame_000074.jpg

Processing: ../../data/images/clip_2_frames/frame_000075.jpg
Saved visualization: ../../outputs/wilor/clip_2/visualizations/frame_000075.jpg

Processing: ../../data/images/clip_2_frames/frame_000076.jpg
Saved visualization: ../../outputs/wilor/clip_2/visualizations/frame_000076.jpg

Processing: ../../data/images/clip_2_frames/frame_000077.jpg
Saved visualization: ../../outputs/wilor/clip_2/visualizations/frame_000077.jpg

Processing: ../../data/images/clip_2_frames/frame_000078.jpg
Saved visualization: ../../outputs/wilor/clip_2/visualizations/frame_000078.jpg

Processing: ../../data/images/clip_2_frames/frame_000079.jpg
Saved visualization: ../../outputs/wilor/clip_2/visualizations/frame_000079.jpg

Processing: ../../data/images/clip_2_frames/frame_000080.jpg
Saved visualization: ../../outputs/wilor/clip_2/visualizations/frame_000080.jpg

Processing: ../../data/images/clip_2_frames/frame_000081.jpg
Saved visualization: ../../outputs/wilor/clip_2/visualizations/frame_000081.jpg

Processing: ../../data/images/clip_2_frames/frame_000082.jpg
Saved visualization: ../../outputs/wilor/clip_2/visualizations/frame_000082.jpg

Processing: ../../data/images/clip_2_frames/frame_000083.jpg
Saved visualization: ../../outputs/wilor/clip_2/visualizations/frame_000083.jpg

Processing: ../../data/images/clip_2_frames/frame_000084.jpg
Saved visualization: ../../outputs/wilor/clip_2/visualizations/frame_000084.jpg

Processing: ../../data/images/clip_2_frames/frame_000085.jpg
Saved visualization: ../../outputs/wilor/clip_2/visualizations/frame_000085.jpg

Processing: ../../data/images/clip_2_frames/frame_000086.jpg
Saved visualization: ../../outputs/wilor/clip_2/visualizations/frame_000086.jpg

Processing: ../../data/images/clip_2_frames/frame_000087.jpg
Saved visualization: ../../outputs/wilor/clip_2/visualizations/frame_000087.jpg

Processing: ../../data/images/clip_2_frames/frame_000088.jpg
Saved visualization: ../../outputs/wilor/clip_2/visualizations/frame_000088.jpg

Processing: ../../data/images/clip_2_frames/frame_000089.jpg
Saved visualization: ../../outputs/wilor/clip_2/visualizations/frame_000089.jpg

Processing: ../../data/images/clip_2_frames/frame_000090.jpg
Saved visualization: ../../outputs/wilor/clip_2/visualizations/frame_000090.jpg

Processing: ../../data/images/clip_2_frames/frame_000091.jpg
Saved visualization: ../../outputs/wilor/clip_2/visualizations/frame_000091.jpg

Processing: ../../data/images/clip_2_frames/frame_000092.jpg
Saved visualization: ../../outputs/wilor/clip_2/visualizations/frame_000092.jpg

Processing: ../../data/images/clip_2_frames/frame_000093.jpg
Saved visualization: ../../outputs/wilor/clip_2/visualizations/frame_000093.jpg

Processing: ../../data/images/clip_2_frames/frame_000094.jpg
Saved visualization: ../../outputs/wilor/clip_2/visualizations/frame_000094.jpg

Processing: ../../data/images/clip_2_frames/frame_000095.jpg
Saved visualization: ../../outputs/wilor/clip_2/visualizations/frame_000095.jpg

Processing: ../../data/images/clip_2_frames/frame_000096.jpg
Saved visualization: ../../outputs/wilor/clip_2/visualizations/frame_000096.jpg

Processing: ../../data/images/clip_2_frames/frame_000097.jpg
Saved visualization: ../../outputs/wilor/clip_2/visualizations/frame_000097.jpg

Processing: ../../data/images/clip_2_frames/frame_000098.jpg
Saved visualization: ../../outputs/wilor/clip_2/visualizations/frame_000098.jpg

Processing: ../../data/images/clip_2_frames/frame_000099.jpg
Saved visualization: ../../outputs/wilor/clip_2/visualizations/frame_000099.jpg

Processing: ../../data/images/clip_2_frames/frame_000100.jpg
Saved visualization: ../../outputs/wilor/clip_2/visualizations/frame_000100.jpg

Processing: ../../data/images/clip_2_frames/frame_000101.jpg
Saved visualization: ../../outputs/wilor/clip_2/visualizations/frame_000101.jpg

Processing: ../../data/images/clip_2_frames/frame_000102.jpg
Saved visualization: ../../outputs/wilor/clip_2/visualizations/frame_000102.jpg

Processing: ../../data/images/clip_2_frames/frame_000103.jpg
Saved visualization: ../../outputs/wilor/clip_2/visualizations/frame_000103.jpg

Processing: ../../data/images/clip_2_frames/frame_000104.jpg
Saved visualization: ../../outputs/wilor/clip_2/visualizations/frame_000104.jpg

Processing: ../../data/images/clip_2_frames/frame_000105.jpg
Saved visualization: ../../outputs/wilor/clip_2/visualizations/frame_000105.jpg

Processing: ../../data/images/clip_2_frames/frame_000106.jpg
Saved visualization: ../../outputs/wilor/clip_2/visualizations/frame_000106.jpg

Processing: ../../data/images/clip_2_frames/frame_000107.jpg
Saved visualization: ../../outputs/wilor/clip_2/visualizations/frame_000107.jpg

Processing: ../../data/images/clip_2_frames/frame_000108.jpg
Saved visualization: ../../outputs/wilor/clip_2/visualizations/frame_000108.jpg

Processing: ../../data/images/clip_2_frames/frame_000109.jpg
Saved visualization: ../../outputs/wilor/clip_2/visualizations/frame_000109.jpg

Processing: ../../data/images/clip_2_frames/frame_000110.jpg
Saved visualization: ../../outputs/wilor/clip_2/visualizations/frame_000110.jpg

Processing: ../../data/images/clip_2_frames/frame_000111.jpg
Saved visualization: ../../outputs/wilor/clip_2/visualizations/frame_000111.jpg

Processing: ../../data/images/clip_2_frames/frame_000112.jpg
Saved visualization: ../../outputs/wilor/clip_2/visualizations/frame_000112.jpg

Processing: ../../data/images/clip_2_frames/frame_000113.jpg
Saved visualization: ../../outputs/wilor/clip_2/visualizations/frame_000113.jpg

Processing: ../../data/images/clip_2_frames/frame_000114.jpg
Saved visualization: ../../outputs/wilor/clip_2/visualizations/frame_000114.jpg

Processing: ../../data/images/clip_2_frames/frame_000115.jpg
Saved visualization: ../../outputs/wilor/clip_2/visualizations/frame_000115.jpg

Processing: ../../data/images/clip_2_frames/frame_000116.jpg
Saved visualization: ../../outputs/wilor/clip_2/visualizations/frame_000116.jpg

Processing: ../../data/images/clip_2_frames/frame_000117.jpg
Saved visualization: ../../outputs/wilor/clip_2/visualizations/frame_000117.jpg

Processing: ../../data/images/clip_2_frames/frame_000118.jpg
Saved visualization: ../../outputs/wilor/clip_2/visualizations/frame_000118.jpg

Processing: ../../data/images/clip_2_frames/frame_000119.jpg
Saved visualization: ../../outputs/wilor/clip_2/visualizations/frame_000119.jpg

Processing: ../../data/images/clip_2_frames/frame_000120.jpg
Saved visualization: ../../outputs/wilor/clip_2/visualizations/frame_000120.jpg

Processing: ../../data/images/clip_2_frames/frame_000121.jpg
Saved visualization: ../../outputs/wilor/clip_2/visualizations/frame_000121.jpg

Processing: ../../data/images/clip_2_frames/frame_000122.jpg
Saved visualization: ../../outputs/wilor/clip_2/visualizations/frame_000122.jpg

Processing: ../../data/images/clip_2_frames/frame_000123.jpg
Saved visualization: ../../outputs/wilor/clip_2/visualizations/frame_000123.jpg

Processing: ../../data/images/clip_2_frames/frame_000124.jpg
Saved visualization: ../../outputs/wilor/clip_2/visualizations/frame_000124.jpg

Processing: ../../data/images/clip_2_frames/frame_000125.jpg
Saved visualization: ../../outputs/wilor/clip_2/visualizations/frame_000125.jpg

Processing: ../../data/images/clip_2_frames/frame_000126.jpg
Saved visualization: ../../outputs/wilor/clip_2/visualizations/frame_000126.jpg

Processing: ../../data/images/clip_2_frames/frame_000127.jpg
Saved visualization: ../../outputs/wilor/clip_2/visualizations/frame_000127.jpg

Processing: ../../data/images/clip_2_frames/frame_000128.jpg
Saved visualization: ../../outputs/wilor/clip_2/visualizations/frame_000128.jpg

Processing: ../../data/images/clip_2_frames/frame_000129.jpg
Saved visualization: ../../outputs/wilor/clip_2/visualizations/frame_000129.jpg

Processing: ../../data/images/clip_2_frames/frame_000130.jpg
Saved visualization: ../../outputs/wilor/clip_2/visualizations/frame_000130.jpg

Processing: ../../data/images/clip_2_frames/frame_000131.jpg
Saved visualization: ../../outputs/wilor/clip_2/visualizations/frame_000131.jpg

Processing: ../../data/images/clip_2_frames/frame_000132.jpg
Saved visualization: ../../outputs/wilor/clip_2/visualizations/frame_000132.jpg

Processing: ../../data/images/clip_2_frames/frame_000133.jpg
Saved visualization: ../../outputs/wilor/clip_2/visualizations/frame_000133.jpg

Processing: ../../data/images/clip_2_frames/frame_000134.jpg
Saved visualization: ../../outputs/wilor/clip_2/visualizations/frame_000134.jpg

Processing: ../../data/images/clip_2_frames/frame_000135.jpg
Saved visualization: ../../outputs/wilor/clip_2/visualizations/frame_000135.jpg

Processing: ../../data/images/clip_2_frames/frame_000136.jpg
Saved visualization: ../../outputs/wilor/clip_2/visualizations/frame_000136.jpg

Processing: ../../data/images/clip_2_frames/frame_000137.jpg
Saved visualization: ../../outputs/wilor/clip_2/visualizations/frame_000137.jpg

Processing: ../../data/images/clip_2_frames/frame_000138.jpg
Saved visualization: ../../outputs/wilor/clip_2/visualizations/frame_000138.jpg

Processing: ../../data/images/clip_2_frames/frame_000139.jpg
Saved visualization: ../../outputs/wilor/clip_2/visualizations/frame_000139.jpg

Processing: ../../data/images/clip_2_frames/frame_000140.jpg
Saved visualization: ../../outputs/wilor/clip_2/visualizations/frame_000140.jpg

Processing: ../../data/images/clip_2_frames/frame_000141.jpg
Saved visualization: ../../outputs/wilor/clip_2/visualizations/frame_000141.jpg

Processing: ../../data/images/clip_2_frames/frame_000142.jpg
Saved visualization: ../../outputs/wilor/clip_2/visualizations/frame_000142.jpg

Processing: ../../data/images/clip_2_frames/frame_000143.jpg
Saved visualization: ../../outputs/wilor/clip_2/visualizations/frame_000143.jpg

Processing: ../../data/images/clip_2_frames/frame_000144.jpg
Saved visualization: ../../outputs/wilor/clip_2/visualizations/frame_000144.jpg

Processing: ../../data/images/clip_2_frames/frame_000145.jpg
Saved visualization: ../../outputs/wilor/clip_2/visualizations/frame_000145.jpg

Processing: ../../data/images/clip_2_frames/frame_000146.jpg
Saved visualization: ../../outputs/wilor/clip_2/visualizations/frame_000146.jpg

Processing: ../../data/images/clip_2_frames/frame_000147.jpg
Saved visualization: ../../outputs/wilor/clip_2/visualizations/frame_000147.jpg

Processing: ../../data/images/clip_2_frames/frame_000148.jpg
Saved visualization: ../../outputs/wilor/clip_2/visualizations/frame_000148.jpg

Processing: ../../data/images/clip_2_frames/frame_000149.jpg
Saved visualization: ../../outputs/wilor/clip_2/visualizations/frame_000149.jpg

Processing: ../../data/images/clip_2_frames/frame_000150.jpg
Saved visualization: ../../outputs/wilor/clip_2/visualizations/frame_000150.jpg

Processing: ../../data/images/clip_2_frames/frame_000151.jpg
Saved visualization: ../../outputs/wilor/clip_2/visualizations/frame_000151.jpg

Processing: ../../data/images/clip_2_frames/frame_000152.jpg
Saved visualization: ../../outputs/wilor/clip_2/visualizations/frame_000152.jpg

Processing: ../../data/images/clip_2_frames/frame_000153.jpg
Saved visualization: ../../outputs/wilor/clip_2/visualizations/frame_000153.jpg

Processing: ../../data/images/clip_2_frames/frame_000154.jpg
Saved visualization: ../../outputs/wilor/clip_2/visualizations/frame_000154.jpg

Processing: ../../data/images/clip_2_frames/frame_000155.jpg
Saved visualization: ../../outputs/wilor/clip_2/visualizations/frame_000155.jpg

Processing: ../../data/images/clip_2_frames/frame_000156.jpg
Saved visualization: ../../outputs/wilor/clip_2/visualizations/frame_000156.jpg

Processing: ../../data/images/clip_2_frames/frame_000157.jpg
Saved visualization: ../../outputs/wilor/clip_2/visualizations/frame_000157.jpg

Processing: ../../data/images/clip_2_frames/frame_000158.jpg
Saved visualization: ../../outputs/wilor/clip_2/visualizations/frame_000158.jpg

Processing: ../../data/images/clip_2_frames/frame_000159.jpg
Saved visualization: ../../outputs/wilor/clip_2/visualizations/frame_000159.jpg

Processing: ../../data/images/clip_2_frames/frame_000160.jpg
Saved visualization: ../../outputs/wilor/clip_2/visualizations/frame_000160.jpg

Processing: ../../data/images/clip_2_frames/frame_000161.jpg
Saved visualization: ../../outputs/wilor/clip_2/visualizations/frame_000161.jpg

Processing: ../../data/images/clip_2_frames/frame_000162.jpg
Saved visualization: ../../outputs/wilor/clip_2/visualizations/frame_000162.jpg

Processing: ../../data/images/clip_2_frames/frame_000163.jpg
Saved visualization: ../../outputs/wilor/clip_2/visualizations/frame_000163.jpg

Processing: ../../data/images/clip_2_frames/frame_000164.jpg
Saved visualization: ../../outputs/wilor/clip_2/visualizations/frame_000164.jpg

Processing: ../../data/images/clip_2_frames/frame_000165.jpg
Saved visualization: ../../outputs/wilor/clip_2/visualizations/frame_000165.jpg

Processing: ../../data/images/clip_2_frames/frame_000166.jpg
Saved visualization: ../../outputs/wilor/clip_2/visualizations/frame_000166.jpg

Processing: ../../data/images/clip_2_frames/frame_000167.jpg
Saved visualization: ../../outputs/wilor/clip_2/visualizations/frame_000167.jpg

Processing: ../../data/images/clip_2_frames/frame_000168.jpg
Saved visualization: ../../outputs/wilor/clip_2/visualizations/frame_000168.jpg

Processing: ../../data/images/clip_2_frames/frame_000169.jpg
Saved visualization: ../../outputs/wilor/clip_2/visualizations/frame_000169.jpg

Processing: ../../data/images/clip_2_frames/frame_000170.jpg
Saved visualization: ../../outputs/wilor/clip_2/visualizations/frame_000170.jpg

Processing: ../../data/images/clip_2_frames/frame_000171.jpg
Saved visualization: ../../outputs/wilor/clip_2/visualizations/frame_000171.jpg

Processing: ../../data/images/clip_2_frames/frame_000172.jpg
Saved visualization: ../../outputs/wilor/clip_2/visualizations/frame_000172.jpg

Processing: ../../data/images/clip_2_frames/frame_000173.jpg
Saved visualization: ../../outputs/wilor/clip_2/visualizations/frame_000173.jpg

Processing: ../../data/images/clip_2_frames/frame_000174.jpg
Saved visualization: ../../outputs/wilor/clip_2/visualizations/frame_000174.jpg

Processing: ../../data/images/clip_2_frames/frame_000175.jpg
Saved visualization: ../../outputs/wilor/clip_2/visualizations/frame_000175.jpg

Processing: ../../data/images/clip_2_frames/frame_000176.jpg
Saved visualization: ../../outputs/wilor/clip_2/visualizations/frame_000176.jpg

Processing: ../../data/images/clip_2_frames/frame_000177.jpg
Saved visualization: ../../outputs/wilor/clip_2/visualizations/frame_000177.jpg

Processing: ../../data/images/clip_2_frames/frame_000178.jpg
Saved visualization: ../../outputs/wilor/clip_2/visualizations/frame_000178.jpg

Processing: ../../data/images/clip_2_frames/frame_000179.jpg
Saved visualization: ../../outputs/wilor/clip_2/visualizations/frame_000179.jpg

Processing: ../../data/images/clip_2_frames/frame_000180.jpg
Saved visualization: ../../outputs/wilor/clip_2/visualizations/frame_000180.jpg

Processing: ../../data/images/clip_2_frames/frame_000181.jpg
Saved visualization: ../../outputs/wilor/clip_2/visualizations/frame_000181.jpg

Processing: ../../data/images/clip_2_frames/frame_000182.jpg
Saved visualization: ../../outputs/wilor/clip_2/visualizations/frame_000182.jpg

Processing: ../../data/images/clip_2_frames/frame_000183.jpg
Saved visualization: ../../outputs/wilor/clip_2/visualizations/frame_000183.jpg

Processing: ../../data/images/clip_2_frames/frame_000184.jpg
Saved visualization: ../../outputs/wilor/clip_2/visualizations/frame_000184.jpg

Processing: ../../data/images/clip_2_frames/frame_000185.jpg
Saved visualization: ../../outputs/wilor/clip_2/visualizations/frame_000185.jpg

Processing: ../../data/images/clip_2_frames/frame_000186.jpg
Saved visualization: ../../outputs/wilor/clip_2/visualizations/frame_000186.jpg

Processing: ../../data/images/clip_2_frames/frame_000187.jpg
Saved visualization: ../../outputs/wilor/clip_2/visualizations/frame_000187.jpg

Processing: ../../data/images/clip_2_frames/frame_000188.jpg
Saved visualization: ../../outputs/wilor/clip_2/visualizations/frame_000188.jpg

Processing: ../../data/images/clip_2_frames/frame_000189.jpg
Saved visualization: ../../outputs/wilor/clip_2/visualizations/frame_000189.jpg

Processing: ../../data/images/clip_2_frames/frame_000190.jpg
Saved visualization: ../../outputs/wilor/clip_2/visualizations/frame_000190.jpg

Processing: ../../data/images/clip_2_frames/frame_000191.jpg
Saved visualization: ../../outputs/wilor/clip_2/visualizations/frame_000191.jpg

Processing: ../../data/images/clip_2_frames/frame_000192.jpg
Saved visualization: ../../outputs/wilor/clip_2/visualizations/frame_000192.jpg

Processing: ../../data/images/clip_2_frames/frame_000193.jpg
Saved visualization: ../../outputs/wilor/clip_2/visualizations/frame_000193.jpg

Processing: ../../data/images/clip_2_frames/frame_000194.jpg
Saved visualization: ../../outputs/wilor/clip_2/visualizations/frame_000194.jpg

Processing: ../../data/images/clip_2_frames/frame_000195.jpg
Saved visualization: ../../outputs/wilor/clip_2/visualizations/frame_000195.jpg

Processing: ../../data/images/clip_2_frames/frame_000196.jpg
Saved visualization: ../../outputs/wilor/clip_2/visualizations/frame_000196.jpg

Processing: ../../data/images/clip_2_frames/frame_000197.jpg
Saved visualization: ../../outputs/wilor/clip_2/visualizations/frame_000197.jpg

Processing: ../../data/images/clip_2_frames/frame_000198.jpg
Saved visualization: ../../outputs/wilor/clip_2/visualizations/frame_000198.jpg

Processing: ../../data/images/clip_2_frames/frame_000199.jpg
Saved visualization: ../../outputs/wilor/clip_2/visualizations/frame_000199.jpg

Processing: ../../data/images/clip_2_frames/frame_000200.jpg
Saved visualization: ../../outputs/wilor/clip_2/visualizations/frame_000200.jpg

Processing: ../../data/images/clip_2_frames/frame_000201.jpg
Saved visualization: ../../outputs/wilor/clip_2/visualizations/frame_000201.jpg

Processing: ../../data/images/clip_2_frames/frame_000202.jpg
Saved visualization: ../../outputs/wilor/clip_2/visualizations/frame_000202.jpg

Processing: ../../data/images/clip_2_frames/frame_000203.jpg
Saved visualization: ../../outputs/wilor/clip_2/visualizations/frame_000203.jpg

Processing: ../../data/images/clip_2_frames/frame_000204.jpg
Saved visualization: ../../outputs/wilor/clip_2/visualizations/frame_000204.jpg

Processing: ../../data/images/clip_2_frames/frame_000205.jpg
Saved visualization: ../../outputs/wilor/clip_2/visualizations/frame_000205.jpg

Processing: ../../data/images/clip_2_frames/frame_000206.jpg
Saved visualization: ../../outputs/wilor/clip_2/visualizations/frame_000206.jpg

Processing: ../../data/images/clip_2_frames/frame_000207.jpg
Saved visualization: ../../outputs/wilor/clip_2/visualizations/frame_000207.jpg

Processing: ../../data/images/clip_2_frames/frame_000208.jpg
Saved visualization: ../../outputs/wilor/clip_2/visualizations/frame_000208.jpg

Processing: ../../data/images/clip_2_frames/frame_000209.jpg
Saved visualization: ../../outputs/wilor/clip_2/visualizations/frame_000209.jpg

Processing: ../../data/images/clip_2_frames/frame_000210.jpg
Saved visualization: ../../outputs/wilor/clip_2/visualizations/frame_000210.jpg

Processing: ../../data/images/clip_2_frames/frame_000211.jpg
Saved visualization: ../../outputs/wilor/clip_2/visualizations/frame_000211.jpg

Processing: ../../data/images/clip_2_frames/frame_000212.jpg
Saved visualization: ../../outputs/wilor/clip_2/visualizations/frame_000212.jpg

Processing: ../../data/images/clip_2_frames/frame_000213.jpg
Saved visualization: ../../outputs/wilor/clip_2/visualizations/frame_000213.jpg

Processing: ../../data/images/clip_2_frames/frame_000214.jpg
Saved visualization: ../../outputs/wilor/clip_2/visualizations/frame_000214.jpg

Processing: ../../data/images/clip_2_frames/frame_000215.jpg
Saved visualization: ../../outputs/wilor/clip_2/visualizations/frame_000215.jpg

Processing: ../../data/images/clip_2_frames/frame_000216.jpg
Saved visualization: ../../outputs/wilor/clip_2/visualizations/frame_000216.jpg

Processing: ../../data/images/clip_2_frames/frame_000217.jpg
Saved visualization: ../../outputs/wilor/clip_2/visualizations/frame_000217.jpg

Processing: ../../data/images/clip_2_frames/frame_000218.jpg
Saved visualization: ../../outputs/wilor/clip_2/visualizations/frame_000218.jpg

Processing: ../../data/images/clip_2_frames/frame_000219.jpg
Saved visualization: ../../outputs/wilor/clip_2/visualizations/frame_000219.jpg

Processing: ../../data/images/clip_2_frames/frame_000220.jpg
Saved visualization: ../../outputs/wilor/clip_2/visualizations/frame_000220.jpg

Processing: ../../data/images/clip_2_frames/frame_000221.jpg
Saved visualization: ../../outputs/wilor/clip_2/visualizations/frame_000221.jpg

Processing: ../../data/images/clip_2_frames/frame_000222.jpg
Saved visualization: ../../outputs/wilor/clip_2/visualizations/frame_000222.jpg

Processing: ../../data/images/clip_2_frames/frame_000223.jpg
Saved visualization: ../../outputs/wilor/clip_2/visualizations/frame_000223.jpg

Processing: ../../data/images/clip_2_frames/frame_000224.jpg
Saved visualization: ../../outputs/wilor/clip_2/visualizations/frame_000224.jpg

Processing: ../../data/images/clip_2_frames/frame_000225.jpg
Saved visualization: ../../outputs/wilor/clip_2/visualizations/frame_000225.jpg

Processing: ../../data/images/clip_2_frames/frame_000226.jpg
Saved visualization: ../../outputs/wilor/clip_2/visualizations/frame_000226.jpg

Processing: ../../data/images/clip_2_frames/frame_000227.jpg
Saved visualization: ../../outputs/wilor/clip_2/visualizations/frame_000227.jpg

Processing: ../../data/images/clip_2_frames/frame_000228.jpg
Saved visualization: ../../outputs/wilor/clip_2/visualizations/frame_000228.jpg

Processing: ../../data/images/clip_2_frames/frame_000229.jpg
Saved visualization: ../../outputs/wilor/clip_2/visualizations/frame_000229.jpg

Processing: ../../data/images/clip_2_frames/frame_000230.jpg
Saved visualization: ../../outputs/wilor/clip_2/visualizations/frame_000230.jpg

Processing: ../../data/images/clip_2_frames/frame_000231.jpg
Saved visualization: ../../outputs/wilor/clip_2/visualizations/frame_000231.jpg

Processing: ../../data/images/clip_2_frames/frame_000232.jpg
Saved visualization: ../../outputs/wilor/clip_2/visualizations/frame_000232.jpg

Processing: ../../data/images/clip_2_frames/frame_000233.jpg
Saved visualization: ../../outputs/wilor/clip_2/visualizations/frame_000233.jpg

Processing: ../../data/images/clip_2_frames/frame_000234.jpg
Saved visualization: ../../outputs/wilor/clip_2/visualizations/frame_000234.jpg

Processing: ../../data/images/clip_2_frames/frame_000235.jpg
Saved visualization: ../../outputs/wilor/clip_2/visualizations/frame_000235.jpg

Processing: ../../data/images/clip_2_frames/frame_000236.jpg
Saved visualization: ../../outputs/wilor/clip_2/visualizations/frame_000236.jpg

Processing: ../../data/images/clip_2_frames/frame_000237.jpg
Saved visualization: ../../outputs/wilor/clip_2/visualizations/frame_000237.jpg

Processing: ../../data/images/clip_2_frames/frame_000238.jpg
Saved visualization: ../../outputs/wilor/clip_2/visualizations/frame_000238.jpg

Processing: ../../data/images/clip_2_frames/frame_000239.jpg
Saved visualization: ../../outputs/wilor/clip_2/visualizations/frame_000239.jpg

Processing: ../../data/images/clip_2_frames/frame_000240.jpg
Saved visualization: ../../outputs/wilor/clip_2/visualizations/frame_000240.jpg

Processing: ../../data/images/clip_2_frames/frame_000241.jpg
Saved visualization: ../../outputs/wilor/clip_2/visualizations/frame_000241.jpg

Processing: ../../data/images/clip_2_frames/frame_000242.jpg
Saved visualization: ../../outputs/wilor/clip_2/visualizations/frame_000242.jpg

Processing: ../../data/images/clip_2_frames/frame_000243.jpg
Saved visualization: ../../outputs/wilor/clip_2/visualizations/frame_000243.jpg

Processing: ../../data/images/clip_2_frames/frame_000244.jpg
Saved visualization: ../../outputs/wilor/clip_2/visualizations/frame_000244.jpg

Processing: ../../data/images/clip_2_frames/frame_000245.jpg
Saved visualization: ../../outputs/wilor/clip_2/visualizations/frame_000245.jpg

Processing: ../../data/images/clip_2_frames/frame_000246.jpg
Saved visualization: ../../outputs/wilor/clip_2/visualizations/frame_000246.jpg

Processing: ../../data/images/clip_2_frames/frame_000247.jpg
Saved visualization: ../../outputs/wilor/clip_2/visualizations/frame_000247.jpg

Processing: ../../data/images/clip_2_frames/frame_000248.jpg
Saved visualization: ../../outputs/wilor/clip_2/visualizations/frame_000248.jpg

Processing: ../../data/images/clip_2_frames/frame_000249.jpg
Saved visualization: ../../outputs/wilor/clip_2/visualizations/frame_000249.jpg

Processing: ../../data/images/clip_2_frames/frame_000250.jpg
Saved visualization: ../../outputs/wilor/clip_2/visualizations/frame_000250.jpg

Processing: ../../data/images/clip_2_frames/frame_000251.jpg
Saved visualization: ../../outputs/wilor/clip_2/visualizations/frame_000251.jpg

Processing: ../../data/images/clip_2_frames/frame_000252.jpg
Saved visualization: ../../outputs/wilor/clip_2/visualizations/frame_000252.jpg

Processing: ../../data/images/clip_2_frames/frame_000253.jpg
Saved visualization: ../../outputs/wilor/clip_2/visualizations/frame_000253.jpg

Processing: ../../data/images/clip_2_frames/frame_000254.jpg
Saved visualization: ../../outputs/wilor/clip_2/visualizations/frame_000254.jpg

Processing: ../../data/images/clip_2_frames/frame_000255.jpg
Saved visualization: ../../outputs/wilor/clip_2/visualizations/frame_000255.jpg

Processing: ../../data/images/clip_2_frames/frame_000256.jpg
Saved visualization: ../../outputs/wilor/clip_2/visualizations/frame_000256.jpg

Processing: ../../data/images/clip_2_frames/frame_000257.jpg
Saved visualization: ../../outputs/wilor/clip_2/visualizations/frame_000257.jpg

Processing: ../../data/images/clip_2_frames/frame_000258.jpg
Saved visualization: ../../outputs/wilor/clip_2/visualizations/frame_000258.jpg

Processing: ../../data/images/clip_2_frames/frame_000259.jpg
Saved visualization: ../../outputs/wilor/clip_2/visualizations/frame_000259.jpg

Processing: ../../data/images/clip_2_frames/frame_000260.jpg
Saved visualization: ../../outputs/wilor/clip_2/visualizations/frame_000260.jpg

Processing: ../../data/images/clip_2_frames/frame_000261.jpg
Saved visualization: ../../outputs/wilor/clip_2/visualizations/frame_000261.jpg

Processing: ../../data/images/clip_2_frames/frame_000262.jpg
Saved visualization: ../../outputs/wilor/clip_2/visualizations/frame_000262.jpg

Processing: ../../data/images/clip_2_frames/frame_000263.jpg
Saved visualization: ../../outputs/wilor/clip_2/visualizations/frame_000263.jpg

Processing: ../../data/images/clip_2_frames/frame_000264.jpg
Saved visualization: ../../outputs/wilor/clip_2/visualizations/frame_000264.jpg

Processing: ../../data/images/clip_2_frames/frame_000265.jpg
Saved visualization: ../../outputs/wilor/clip_2/visualizations/frame_000265.jpg

Processing: ../../data/images/clip_2_frames/frame_000266.jpg
Saved visualization: ../../outputs/wilor/clip_2/visualizations/frame_000266.jpg

Processing: ../../data/images/clip_2_frames/frame_000267.jpg
Saved visualization: ../../outputs/wilor/clip_2/visualizations/frame_000267.jpg

Processing: ../../data/images/clip_2_frames/frame_000268.jpg
Saved visualization: ../../outputs/wilor/clip_2/visualizations/frame_000268.jpg

Processing: ../../data/images/clip_2_frames/frame_000269.jpg
Saved visualization: ../../outputs/wilor/clip_2/visualizations/frame_000269.jpg

Processing: ../../data/images/clip_2_frames/frame_000270.jpg
Saved visualization: ../../outputs/wilor/clip_2/visualizations/frame_000270.jpg

Processing: ../../data/images/clip_2_frames/frame_000271.jpg
Saved visualization: ../../outputs/wilor/clip_2/visualizations/frame_000271.jpg

Processing: ../../data/images/clip_2_frames/frame_000272.jpg
Saved visualization: ../../outputs/wilor/clip_2/visualizations/frame_000272.jpg

Processing: ../../data/images/clip_2_frames/frame_000273.jpg
Saved visualization: ../../outputs/wilor/clip_2/visualizations/frame_000273.jpg

Processing: ../../data/images/clip_2_frames/frame_000274.jpg
Saved visualization: ../../outputs/wilor/clip_2/visualizations/frame_000274.jpg

Processing: ../../data/images/clip_2_frames/frame_000275.jpg
Saved visualization: ../../outputs/wilor/clip_2/visualizations/frame_000275.jpg

Processing: ../../data/images/clip_2_frames/frame_000276.jpg
Saved visualization: ../../outputs/wilor/clip_2/visualizations/frame_000276.jpg

Processing: ../../data/images/clip_2_frames/frame_000277.jpg
Saved visualization: ../../outputs/wilor/clip_2/visualizations/frame_000277.jpg

Processing: ../../data/images/clip_2_frames/frame_000278.jpg
Saved visualization: ../../outputs/wilor/clip_2/visualizations/frame_000278.jpg

Processing: ../../data/images/clip_2_frames/frame_000279.jpg
Saved visualization: ../../outputs/wilor/clip_2/visualizations/frame_000279.jpg

Processing: ../../data/images/clip_2_frames/frame_000280.jpg
Saved visualization: ../../outputs/wilor/clip_2/visualizations/frame_000280.jpg

Processing: ../../data/images/clip_2_frames/frame_000281.jpg
Saved visualization: ../../outputs/wilor/clip_2/visualizations/frame_000281.jpg

Processing: ../../data/images/clip_2_frames/frame_000282.jpg
Saved visualization: ../../outputs/wilor/clip_2/visualizations/frame_000282.jpg

Processing: ../../data/images/clip_2_frames/frame_000283.jpg
Saved visualization: ../../outputs/wilor/clip_2/visualizations/frame_000283.jpg

Processing: ../../data/images/clip_2_frames/frame_000284.jpg
Saved visualization: ../../outputs/wilor/clip_2/visualizations/frame_000284.jpg

Processing: ../../data/images/clip_2_frames/frame_000285.jpg
Saved visualization: ../../outputs/wilor/clip_2/visualizations/frame_000285.jpg

Processing: ../../data/images/clip_2_frames/frame_000286.jpg
Saved visualization: ../../outputs/wilor/clip_2/visualizations/frame_000286.jpg

Processing: ../../data/images/clip_2_frames/frame_000287.jpg
Saved visualization: ../../outputs/wilor/clip_2/visualizations/frame_000287.jpg

Processing: ../../data/images/clip_2_frames/frame_000288.jpg
Saved visualization: ../../outputs/wilor/clip_2/visualizations/frame_000288.jpg

Processing: ../../data/images/clip_2_frames/frame_000289.jpg
Saved visualization: ../../outputs/wilor/clip_2/visualizations/frame_000289.jpg

Processing: ../../data/images/clip_2_frames/frame_000290.jpg
Saved visualization: ../../outputs/wilor/clip_2/visualizations/frame_000290.jpg

Processing: ../../data/images/clip_2_frames/frame_000291.jpg
Saved visualization: ../../outputs/wilor/clip_2/visualizations/frame_000291.jpg

Processing: ../../data/images/clip_2_frames/frame_000292.jpg
Saved visualization: ../../outputs/wilor/clip_2/visualizations/frame_000292.jpg

Processing: ../../data/images/clip_2_frames/frame_000293.jpg
Saved visualization: ../../outputs/wilor/clip_2/visualizations/frame_000293.jpg

Processing: ../../data/images/clip_2_frames/frame_000294.jpg
Saved visualization: ../../outputs/wilor/clip_2/visualizations/frame_000294.jpg

Processing: ../../data/images/clip_2_frames/frame_000295.jpg
Saved visualization: ../../outputs/wilor/clip_2/visualizations/frame_000295.jpg

Processing: ../../data/images/clip_2_frames/frame_000296.jpg
Saved visualization: ../../outputs/wilor/clip_2/visualizations/frame_000296.jpg

Processing: ../../data/images/clip_2_frames/frame_000297.jpg
Saved visualization: ../../outputs/wilor/clip_2/visualizations/frame_000297.jpg

Processing: ../../data/images/clip_2_frames/frame_000298.jpg
Saved visualization: ../../outputs/wilor/clip_2/visualizations/frame_000298.jpg

Processing: ../../data/images/clip_2_frames/frame_000299.jpg
Saved visualization: ../../outputs/wilor/clip_2/visualizations/frame_000299.jpg

Processing: ../../data/images/clip_2_frames/frame_000300.jpg
Saved visualization: ../../outputs/wilor/clip_2/visualizations/frame_000300.jpg

Processing: ../../data/images/clip_2_frames/frame_000301.jpg
Saved visualization: ../../outputs/wilor/clip_2/visualizations/frame_000301.jpg

Processing: ../../data/images/clip_2_frames/frame_000302.jpg
Saved visualization: ../../outputs/wilor/clip_2/visualizations/frame_000302.jpg

Processing: ../../data/images/clip_2_frames/frame_000303.jpg
Saved visualization: ../../outputs/wilor/clip_2/visualizations/frame_000303.jpg

Processing: ../../data/images/clip_2_frames/frame_000304.jpg
Saved visualization: ../../outputs/wilor/clip_2/visualizations/frame_000304.jpg

Processing: ../../data/images/clip_2_frames/frame_000305.jpg
Saved visualization: ../../outputs/wilor/clip_2/visualizations/frame_000305.jpg

Processing: ../../data/images/clip_2_frames/frame_000306.jpg
Saved visualization: ../../outputs/wilor/clip_2/visualizations/frame_000306.jpg

Processing: ../../data/images/clip_2_frames/frame_000307.jpg
Saved visualization: ../../outputs/wilor/clip_2/visualizations/frame_000307.jpg

Processing: ../../data/images/clip_2_frames/frame_000308.jpg
Saved visualization: ../../outputs/wilor/clip_2/visualizations/frame_000308.jpg

Processing: ../../data/images/clip_2_frames/frame_000309.jpg
Saved visualization: ../../outputs/wilor/clip_2/visualizations/frame_000309.jpg

Processing: ../../data/images/clip_2_frames/frame_000310.jpg
Saved visualization: ../../outputs/wilor/clip_2/visualizations/frame_000310.jpg

Processing: ../../data/images/clip_2_frames/frame_000311.jpg
Saved visualization: ../../outputs/wilor/clip_2/visualizations/frame_000311.jpg

Processing: ../../data/images/clip_2_frames/frame_000312.jpg
Saved visualization: ../../outputs/wilor/clip_2/visualizations/frame_000312.jpg

Processing: ../../data/images/clip_2_frames/frame_000313.jpg
Saved visualization: ../../outputs/wilor/clip_2/visualizations/frame_000313.jpg

Processing: ../../data/images/clip_2_frames/frame_000314.jpg
Saved visualization: ../../outputs/wilor/clip_2/visualizations/frame_000314.jpg

Processing: ../../data/images/clip_2_frames/frame_000315.jpg
Saved visualization: ../../outputs/wilor/clip_2/visualizations/frame_000315.jpg

Processing: ../../data/images/clip_2_frames/frame_000316.jpg
Saved visualization: ../../outputs/wilor/clip_2/visualizations/frame_000316.jpg

Processing: ../../data/images/clip_2_frames/frame_000317.jpg
Saved visualization: ../../outputs/wilor/clip_2/visualizations/frame_000317.jpg

Processing: ../../data/images/clip_2_frames/frame_000318.jpg
Saved visualization: ../../outputs/wilor/clip_2/visualizations/frame_000318.jpg

Processing: ../../data/images/clip_2_frames/frame_000319.jpg
Saved visualization: ../../outputs/wilor/clip_2/visualizations/frame_000319.jpg

Processing: ../../data/images/clip_2_frames/frame_000320.jpg
Saved visualization: ../../outputs/wilor/clip_2/visualizations/frame_000320.jpg

Processing: ../../data/images/clip_2_frames/frame_000321.jpg
Saved visualization: ../../outputs/wilor/clip_2/visualizations/frame_000321.jpg

Processing: ../../data/images/clip_2_frames/frame_000322.jpg
Saved visualization: ../../outputs/wilor/clip_2/visualizations/frame_000322.jpg

Processing: ../../data/images/clip_2_frames/frame_000323.jpg
Saved visualization: ../../outputs/wilor/clip_2/visualizations/frame_000323.jpg

Processing: ../../data/images/clip_2_frames/frame_000324.jpg
Saved visualization: ../../outputs/wilor/clip_2/visualizations/frame_000324.jpg

Processing: ../../data/images/clip_2_frames/frame_000325.jpg
Saved visualization: ../../outputs/wilor/clip_2/visualizations/frame_000325.jpg

Processing: ../../data/images/clip_2_frames/frame_000326.jpg
Saved visualization: ../../outputs/wilor/clip_2/visualizations/frame_000326.jpg

Processing: ../../data/images/clip_2_frames/frame_000327.jpg
Saved visualization: ../../outputs/wilor/clip_2/visualizations/frame_000327.jpg

Processing: ../../data/images/clip_2_frames/frame_000328.jpg
Saved visualization: ../../outputs/wilor/clip_2/visualizations/frame_000328.jpg

Processing: ../../data/images/clip_2_frames/frame_000329.jpg
Saved visualization: ../../outputs/wilor/clip_2/visualizations/frame_000329.jpg

Processing: ../../data/images/clip_2_frames/frame_000330.jpg
Saved visualization: ../../outputs/wilor/clip_2/visualizations/frame_000330.jpg

Processing: ../../data/images/clip_2_frames/frame_000331.jpg
Saved visualization: ../../outputs/wilor/clip_2/visualizations/frame_000331.jpg

Processing: ../../data/images/clip_2_frames/frame_000332.jpg
Saved visualization: ../../outputs/wilor/clip_2/visualizations/frame_000332.jpg

Processing: ../../data/images/clip_2_frames/frame_000333.jpg
Saved visualization: ../../outputs/wilor/clip_2/visualizations/frame_000333.jpg

Processing: ../../data/images/clip_2_frames/frame_000334.jpg
Saved visualization: ../../outputs/wilor/clip_2/visualizations/frame_000334.jpg

Processing: ../../data/images/clip_2_frames/frame_000335.jpg
Saved visualization: ../../outputs/wilor/clip_2/visualizations/frame_000335.jpg

Processing: ../../data/images/clip_2_frames/frame_000336.jpg
Saved visualization: ../../outputs/wilor/clip_2/visualizations/frame_000336.jpg

Processing: ../../data/images/clip_2_frames/frame_000337.jpg
Saved visualization: ../../outputs/wilor/clip_2/visualizations/frame_000337.jpg

Processing: ../../data/images/clip_2_frames/frame_000338.jpg
Saved visualization: ../../outputs/wilor/clip_2/visualizations/frame_000338.jpg

Processing: ../../data/images/clip_2_frames/frame_000339.jpg
Saved visualization: ../../outputs/wilor/clip_2/visualizations/frame_000339.jpg

Processing: ../../data/images/clip_2_frames/frame_000340.jpg
Saved visualization: ../../outputs/wilor/clip_2/visualizations/frame_000340.jpg

Processing: ../../data/images/clip_2_frames/frame_000341.jpg
Saved visualization: ../../outputs/wilor/clip_2/visualizations/frame_000341.jpg

Processing: ../../data/images/clip_2_frames/frame_000342.jpg
Saved visualization: ../../outputs/wilor/clip_2/visualizations/frame_000342.jpg

Processing: ../../data/images/clip_2_frames/frame_000343.jpg
Saved visualization: ../../outputs/wilor/clip_2/visualizations/frame_000343.jpg

Processing: ../../data/images/clip_2_frames/frame_000344.jpg
Saved visualization: ../../outputs/wilor/clip_2/visualizations/frame_000344.jpg

Processing: ../../data/images/clip_2_frames/frame_000345.jpg
Saved visualization: ../../outputs/wilor/clip_2/visualizations/frame_000345.jpg

Processing: ../../data/images/clip_2_frames/frame_000346.jpg
Saved visualization: ../../outputs/wilor/clip_2/visualizations/frame_000346.jpg

Processing: ../../data/images/clip_2_frames/frame_000347.jpg
Saved visualization: ../../outputs/wilor/clip_2/visualizations/frame_000347.jpg

Processing: ../../data/images/clip_2_frames/frame_000348.jpg
Saved visualization: ../../outputs/wilor/clip_2/visualizations/frame_000348.jpg

Processing: ../../data/images/clip_2_frames/frame_000349.jpg
Saved visualization: ../../outputs/wilor/clip_2/visualizations/frame_000349.jpg

Processing: ../../data/images/clip_2_frames/frame_000350.jpg
Saved visualization: ../../outputs/wilor/clip_2/visualizations/frame_000350.jpg

Processing: ../../data/images/clip_2_frames/frame_000351.jpg
Saved visualization: ../../outputs/wilor/clip_2/visualizations/frame_000351.jpg

Processing: ../../data/images/clip_2_frames/frame_000352.jpg
Saved visualization: ../../outputs/wilor/clip_2/visualizations/frame_000352.jpg

Processing: ../../data/images/clip_2_frames/frame_000353.jpg
Saved visualization: ../../outputs/wilor/clip_2/visualizations/frame_000353.jpg

Processing: ../../data/images/clip_2_frames/frame_000354.jpg
Saved visualization: ../../outputs/wilor/clip_2/visualizations/frame_000354.jpg

Processing: ../../data/images/clip_2_frames/frame_000355.jpg
Saved visualization: ../../outputs/wilor/clip_2/visualizations/frame_000355.jpg

Processing: ../../data/images/clip_2_frames/frame_000356.jpg
Saved visualization: ../../outputs/wilor/clip_2/visualizations/frame_000356.jpg

Processing: ../../data/images/clip_2_frames/frame_000357.jpg
Saved visualization: ../../outputs/wilor/clip_2/visualizations/frame_000357.jpg

Processing: ../../data/images/clip_2_frames/frame_000358.jpg
Saved visualization: ../../outputs/wilor/clip_2/visualizations/frame_000358.jpg

Processing: ../../data/images/clip_2_frames/frame_000359.jpg
Saved visualization: ../../outputs/wilor/clip_2/visualizations/frame_000359.jpg

Processing: ../../data/images/clip_2_frames/frame_000360.jpg
Saved visualization: ../../outputs/wilor/clip_2/visualizations/frame_000360.jpg

Processing: ../../data/images/clip_2_frames/frame_000361.jpg
Saved visualization: ../../outputs/wilor/clip_2/visualizations/frame_000361.jpg

Processing: ../../data/images/clip_2_frames/frame_000362.jpg
Saved visualization: ../../outputs/wilor/clip_2/visualizations/frame_000362.jpg

Processing: ../../data/images/clip_2_frames/frame_000363.jpg
Saved visualization: ../../outputs/wilor/clip_2/visualizations/frame_000363.jpg

Processing: ../../data/images/clip_2_frames/frame_000364.jpg
Saved visualization: ../../outputs/wilor/clip_2/visualizations/frame_000364.jpg

Processing: ../../data/images/clip_2_frames/frame_000365.jpg
Saved visualization: ../../outputs/wilor/clip_2/visualizations/frame_000365.jpg

Processing: ../../data/images/clip_2_frames/frame_000366.jpg
Saved visualization: ../../outputs/wilor/clip_2/visualizations/frame_000366.jpg

Processing: ../../data/images/clip_2_frames/frame_000367.jpg
Saved visualization: ../../outputs/wilor/clip_2/visualizations/frame_000367.jpg

Processing: ../../data/images/clip_2_frames/frame_000368.jpg
Saved visualization: ../../outputs/wilor/clip_2/visualizations/frame_000368.jpg

Processing: ../../data/images/clip_2_frames/frame_000369.jpg
Saved visualization: ../../outputs/wilor/clip_2/visualizations/frame_000369.jpg

Processing: ../../data/images/clip_2_frames/frame_000370.jpg
Saved visualization: ../../outputs/wilor/clip_2/visualizations/frame_000370.jpg

Processing: ../../data/images/clip_2_frames/frame_000371.jpg
Saved visualization: ../../outputs/wilor/clip_2/visualizations/frame_000371.jpg

Processing: ../../data/images/clip_2_frames/frame_000372.jpg
Saved visualization: ../../outputs/wilor/clip_2/visualizations/frame_000372.jpg

Processing: ../../data/images/clip_2_frames/frame_000373.jpg
Saved visualization: ../../outputs/wilor/clip_2/visualizations/frame_000373.jpg

Processing: ../../data/images/clip_2_frames/frame_000374.jpg
Saved visualization: ../../outputs/wilor/clip_2/visualizations/frame_000374.jpg

Processing: ../../data/images/clip_2_frames/frame_000375.jpg
Saved visualization: ../../outputs/wilor/clip_2/visualizations/frame_000375.jpg

Processing: ../../data/images/clip_2_frames/frame_000376.jpg
Saved visualization: ../../outputs/wilor/clip_2/visualizations/frame_000376.jpg

Processing: ../../data/images/clip_2_frames/frame_000377.jpg
Saved visualization: ../../outputs/wilor/clip_2/visualizations/frame_000377.jpg

Processing: ../../data/images/clip_2_frames/frame_000378.jpg
Saved visualization: ../../outputs/wilor/clip_2/visualizations/frame_000378.jpg

Processing: ../../data/images/clip_2_frames/frame_000379.jpg
Saved visualization: ../../outputs/wilor/clip_2/visualizations/frame_000379.jpg

Processing: ../../data/images/clip_2_frames/frame_000380.jpg
Saved visualization: ../../outputs/wilor/clip_2/visualizations/frame_000380.jpg

Processing: ../../data/images/clip_2_frames/frame_000381.jpg
Saved visualization: ../../outputs/wilor/clip_2/visualizations/frame_000381.jpg

Processing: ../../data/images/clip_2_frames/frame_000382.jpg
Saved visualization: ../../outputs/wilor/clip_2/visualizations/frame_000382.jpg

Processing: ../../data/images/clip_2_frames/frame_000383.jpg
Saved visualization: ../../outputs/wilor/clip_2/visualizations/frame_000383.jpg

Processing: ../../data/images/clip_2_frames/frame_000384.jpg
Saved visualization: ../../outputs/wilor/clip_2/visualizations/frame_000384.jpg

Processing: ../../data/images/clip_2_frames/frame_000385.jpg
Saved visualization: ../../outputs/wilor/clip_2/visualizations/frame_000385.jpg

Processing: ../../data/images/clip_2_frames/frame_000386.jpg
Saved visualization: ../../outputs/wilor/clip_2/visualizations/frame_000386.jpg

Processing: ../../data/images/clip_2_frames/frame_000387.jpg
Saved visualization: ../../outputs/wilor/clip_2/visualizations/frame_000387.jpg

Processing: ../../data/images/clip_2_frames/frame_000388.jpg
Saved visualization: ../../outputs/wilor/clip_2/visualizations/frame_000388.jpg

Processing: ../../data/images/clip_2_frames/frame_000389.jpg
Saved visualization: ../../outputs/wilor/clip_2/visualizations/frame_000389.jpg

Processing: ../../data/images/clip_2_frames/frame_000390.jpg
Saved visualization: ../../outputs/wilor/clip_2/visualizations/frame_000390.jpg

Processing: ../../data/images/clip_2_frames/frame_000391.jpg
Saved visualization: ../../outputs/wilor/clip_2/visualizations/frame_000391.jpg

Processing: ../../data/images/clip_2_frames/frame_000392.jpg
Saved visualization: ../../outputs/wilor/clip_2/visualizations/frame_000392.jpg

Processing: ../../data/images/clip_2_frames/frame_000393.jpg
Saved visualization: ../../outputs/wilor/clip_2/visualizations/frame_000393.jpg

Processing: ../../data/images/clip_2_frames/frame_000394.jpg
Saved visualization: ../../outputs/wilor/clip_2/visualizations/frame_000394.jpg

Processing: ../../data/images/clip_2_frames/frame_000395.jpg
Saved visualization: ../../outputs/wilor/clip_2/visualizations/frame_000395.jpg

Processing: ../../data/images/clip_2_frames/frame_000396.jpg
Saved visualization: ../../outputs/wilor/clip_2/visualizations/frame_000396.jpg

Processing: ../../data/images/clip_2_frames/frame_000397.jpg
Saved visualization: ../../outputs/wilor/clip_2/visualizations/frame_000397.jpg

Processing: ../../data/images/clip_2_frames/frame_000398.jpg
Saved visualization: ../../outputs/wilor/clip_2/visualizations/frame_000398.jpg

Processing: ../../data/images/clip_2_frames/frame_000399.jpg
Saved visualization: ../../outputs/wilor/clip_2/visualizations/frame_000399.jpg

Processing: ../../data/images/clip_2_frames/frame_000400.jpg
Saved visualization: ../../outputs/wilor/clip_2/visualizations/frame_000400.jpg

Processing: ../../data/images/clip_2_frames/frame_000401.jpg
Saved visualization: ../../outputs/wilor/clip_2/visualizations/frame_000401.jpg

Processing: ../../data/images/clip_2_frames/frame_000402.jpg
Saved visualization: ../../outputs/wilor/clip_2/visualizations/frame_000402.jpg

Processing: ../../data/images/clip_2_frames/frame_000403.jpg
Saved visualization: ../../outputs/wilor/clip_2/visualizations/frame_000403.jpg

Processing: ../../data/images/clip_2_frames/frame_000404.jpg
Saved visualization: ../../outputs/wilor/clip_2/visualizations/frame_000404.jpg

Processing: ../../data/images/clip_2_frames/frame_000405.jpg
Saved visualization: ../../outputs/wilor/clip_2/visualizations/frame_000405.jpg

Processing: ../../data/images/clip_2_frames/frame_000406.jpg
Saved visualization: ../../outputs/wilor/clip_2/visualizations/frame_000406.jpg

Processing: ../../data/images/clip_2_frames/frame_000407.jpg
Saved visualization: ../../outputs/wilor/clip_2/visualizations/frame_000407.jpg

Processing: ../../data/images/clip_2_frames/frame_000408.jpg
Saved visualization: ../../outputs/wilor/clip_2/visualizations/frame_000408.jpg

Processing: ../../data/images/clip_2_frames/frame_000409.jpg
Saved visualization: ../../outputs/wilor/clip_2/visualizations/frame_000409.jpg

Processing: ../../data/images/clip_2_frames/frame_000410.jpg
Saved visualization: ../../outputs/wilor/clip_2/visualizations/frame_000410.jpg

Processing: ../../data/images/clip_2_frames/frame_000411.jpg
Saved visualization: ../../outputs/wilor/clip_2/visualizations/frame_000411.jpg

Processing: ../../data/images/clip_2_frames/frame_000412.jpg
Saved visualization: ../../outputs/wilor/clip_2/visualizations/frame_000412.jpg

Processing: ../../data/images/clip_2_frames/frame_000413.jpg
Saved visualization: ../../outputs/wilor/clip_2/visualizations/frame_000413.jpg

Processing: ../../data/images/clip_2_frames/frame_000414.jpg
Saved visualization: ../../outputs/wilor/clip_2/visualizations/frame_000414.jpg

Processing: ../../data/images/clip_2_frames/frame_000415.jpg
Saved visualization: ../../outputs/wilor/clip_2/visualizations/frame_000415.jpg

Processing: ../../data/images/clip_2_frames/frame_000416.jpg
Saved visualization: ../../outputs/wilor/clip_2/visualizations/frame_000416.jpg

Processing: ../../data/images/clip_2_frames/frame_000417.jpg
Saved visualization: ../../outputs/wilor/clip_2/visualizations/frame_000417.jpg

Processing: ../../data/images/clip_2_frames/frame_000418.jpg
Saved visualization: ../../outputs/wilor/clip_2/visualizations/frame_000418.jpg

Processing: ../../data/images/clip_2_frames/frame_000419.jpg
Saved visualization: ../../outputs/wilor/clip_2/visualizations/frame_000419.jpg

Processing: ../../data/images/clip_2_frames/frame_000420.jpg
Saved visualization: ../../outputs/wilor/clip_2/visualizations/frame_000420.jpg

Processing: ../../data/images/clip_2_frames/frame_000421.jpg
Saved visualization: ../../outputs/wilor/clip_2/visualizations/frame_000421.jpg

Processing: ../../data/images/clip_2_frames/frame_000422.jpg
Saved visualization: ../../outputs/wilor/clip_2/visualizations/frame_000422.jpg

Processing: ../../data/images/clip_2_frames/frame_000423.jpg
Saved visualization: ../../outputs/wilor/clip_2/visualizations/frame_000423.jpg

Processing: ../../data/images/clip_2_frames/frame_000424.jpg
Saved visualization: ../../outputs/wilor/clip_2/visualizations/frame_000424.jpg

Processing: ../../data/images/clip_2_frames/frame_000425.jpg
Saved visualization: ../../outputs/wilor/clip_2/visualizations/frame_000425.jpg

Processing: ../../data/images/clip_2_frames/frame_000426.jpg
Saved visualization: ../../outputs/wilor/clip_2/visualizations/frame_000426.jpg

Processing: ../../data/images/clip_2_frames/frame_000427.jpg
Saved visualization: ../../outputs/wilor/clip_2/visualizations/frame_000427.jpg

Processing: ../../data/images/clip_2_frames/frame_000428.jpg
Saved visualization: ../../outputs/wilor/clip_2/visualizations/frame_000428.jpg

Processing: ../../data/images/clip_2_frames/frame_000429.jpg
Saved visualization: ../../outputs/wilor/clip_2/visualizations/frame_000429.jpg

Processing: ../../data/images/clip_2_frames/frame_000430.jpg
Saved visualization: ../../outputs/wilor/clip_2/visualizations/frame_000430.jpg

Processing: ../../data/images/clip_2_frames/frame_000431.jpg
Saved visualization: ../../outputs/wilor/clip_2/visualizations/frame_000431.jpg

Processing: ../../data/images/clip_2_frames/frame_000432.jpg
Saved visualization: ../../outputs/wilor/clip_2/visualizations/frame_000432.jpg

Processing: ../../data/images/clip_2_frames/frame_000433.jpg
Saved visualization: ../../outputs/wilor/clip_2/visualizations/frame_000433.jpg

Processing: ../../data/images/clip_2_frames/frame_000434.jpg
Saved visualization: ../../outputs/wilor/clip_2/visualizations/frame_000434.jpg

Processing: ../../data/images/clip_2_frames/frame_000435.jpg
Saved visualization: ../../outputs/wilor/clip_2/visualizations/frame_000435.jpg

Processing: ../../data/images/clip_2_frames/frame_000436.jpg
Saved visualization: ../../outputs/wilor/clip_2/visualizations/frame_000436.jpg

Processing: ../../data/images/clip_2_frames/frame_000437.jpg
Saved visualization: ../../outputs/wilor/clip_2/visualizations/frame_000437.jpg

Processing: ../../data/images/clip_2_frames/frame_000438.jpg
Saved visualization: ../../outputs/wilor/clip_2/visualizations/frame_000438.jpg

Processing: ../../data/images/clip_2_frames/frame_000439.jpg
Saved visualization: ../../outputs/wilor/clip_2/visualizations/frame_000439.jpg

Processing: ../../data/images/clip_2_frames/frame_000440.jpg
Saved visualization: ../../outputs/wilor/clip_2/visualizations/frame_000440.jpg

Processing: ../../data/images/clip_2_frames/frame_000441.jpg
Saved visualization: ../../outputs/wilor/clip_2/visualizations/frame_000441.jpg

Processing: ../../data/images/clip_2_frames/frame_000442.jpg
Saved visualization: ../../outputs/wilor/clip_2/visualizations/frame_000442.jpg

Processing: ../../data/images/clip_2_frames/frame_000443.jpg
Saved visualization: ../../outputs/wilor/clip_2/visualizations/frame_000443.jpg

Processing: ../../data/images/clip_2_frames/frame_000444.jpg
Saved visualization: ../../outputs/wilor/clip_2/visualizations/frame_000444.jpg

Processing: ../../data/images/clip_2_frames/frame_000445.jpg
Saved visualization: ../../outputs/wilor/clip_2/visualizations/frame_000445.jpg

Processing: ../../data/images/clip_2_frames/frame_000446.jpg
Saved visualization: ../../outputs/wilor/clip_2/visualizations/frame_000446.jpg

Processing: ../../data/images/clip_2_frames/frame_000447.jpg
Saved visualization: ../../outputs/wilor/clip_2/visualizations/frame_000447.jpg

Processing: ../../data/images/clip_2_frames/frame_000448.jpg
Saved visualization: ../../outputs/wilor/clip_2/visualizations/frame_000448.jpg

Processing: ../../data/images/clip_2_frames/frame_000449.jpg
Saved visualization: ../../outputs/wilor/clip_2/visualizations/frame_000449.jpg

Processing: ../../data/images/clip_2_frames/frame_000450.jpg
Saved visualization: ../../outputs/wilor/clip_2/visualizations/frame_000450.jpg

Processing: ../../data/images/clip_2_frames/frame_000451.jpg
Saved visualization: ../../outputs/wilor/clip_2/visualizations/frame_000451.jpg

Processing: ../../data/images/clip_2_frames/frame_000452.jpg
Saved visualization: ../../outputs/wilor/clip_2/visualizations/frame_000452.jpg

Processing: ../../data/images/clip_2_frames/frame_000453.jpg
Saved visualization: ../../outputs/wilor/clip_2/visualizations/frame_000453.jpg

Processing: ../../data/images/clip_2_frames/frame_000454.jpg
Saved visualization: ../../outputs/wilor/clip_2/visualizations/frame_000454.jpg

Processing: ../../data/images/clip_2_frames/frame_000455.jpg
Saved visualization: ../../outputs/wilor/clip_2/visualizations/frame_000455.jpg

Processing: ../../data/images/clip_2_frames/frame_000456.jpg
Saved visualization: ../../outputs/wilor/clip_2/visualizations/frame_000456.jpg

Processing: ../../data/images/clip_2_frames/frame_000457.jpg
Saved visualization: ../../outputs/wilor/clip_2/visualizations/frame_000457.jpg

Processing: ../../data/images/clip_2_frames/frame_000458.jpg
Saved visualization: ../../outputs/wilor/clip_2/visualizations/frame_000458.jpg

Processing: ../../data/images/clip_2_frames/frame_000459.jpg
Saved visualization: ../../outputs/wilor/clip_2/visualizations/frame_000459.jpg

Processing: ../../data/images/clip_2_frames/frame_000460.jpg
Saved visualization: ../../outputs/wilor/clip_2/visualizations/frame_000460.jpg

Processing: ../../data/images/clip_2_frames/frame_000461.jpg
Saved visualization: ../../outputs/wilor/clip_2/visualizations/frame_000461.jpg

Processing: ../../data/images/clip_2_frames/frame_000462.jpg
Saved visualization: ../../outputs/wilor/clip_2/visualizations/frame_000462.jpg

Processing: ../../data/images/clip_2_frames/frame_000463.jpg
Saved visualization: ../../outputs/wilor/clip_2/visualizations/frame_000463.jpg

Processing: ../../data/images/clip_2_frames/frame_000464.jpg
Saved visualization: ../../outputs/wilor/clip_2/visualizations/frame_000464.jpg

Processing: ../../data/images/clip_2_frames/frame_000465.jpg
Saved visualization: ../../outputs/wilor/clip_2/visualizations/frame_000465.jpg

Processing: ../../data/images/clip_2_frames/frame_000466.jpg
Saved visualization: ../../outputs/wilor/clip_2/visualizations/frame_000466.jpg

Processing: ../../data/images/clip_2_frames/frame_000467.jpg
Saved visualization: ../../outputs/wilor/clip_2/visualizations/frame_000467.jpg

Processing: ../../data/images/clip_2_frames/frame_000468.jpg
Saved visualization: ../../outputs/wilor/clip_2/visualizations/frame_000468.jpg

Processing: ../../data/images/clip_2_frames/frame_000469.jpg
Saved visualization: ../../outputs/wilor/clip_2/visualizations/frame_000469.jpg

Processing: ../../data/images/clip_2_frames/frame_000470.jpg
Saved visualization: ../../outputs/wilor/clip_2/visualizations/frame_000470.jpg

Processing: ../../data/images/clip_2_frames/frame_000471.jpg
Saved visualization: ../../outputs/wilor/clip_2/visualizations/frame_000471.jpg

Processing: ../../data/images/clip_2_frames/frame_000472.jpg
Saved visualization: ../../outputs/wilor/clip_2/visualizations/frame_000472.jpg

Processing: ../../data/images/clip_2_frames/frame_000473.jpg
Saved visualization: ../../outputs/wilor/clip_2/visualizations/frame_000473.jpg

Processing: ../../data/images/clip_2_frames/frame_000474.jpg
Saved visualization: ../../outputs/wilor/clip_2/visualizations/frame_000474.jpg

Processing: ../../data/images/clip_2_frames/frame_000475.jpg
Saved visualization: ../../outputs/wilor/clip_2/visualizations/frame_000475.jpg

Processing: ../../data/images/clip_2_frames/frame_000476.jpg
Saved visualization: ../../outputs/wilor/clip_2/visualizations/frame_000476.jpg

Processing: ../../data/images/clip_2_frames/frame_000477.jpg
Saved visualization: ../../outputs/wilor/clip_2/visualizations/frame_000477.jpg

Processing: ../../data/images/clip_2_frames/frame_000478.jpg
Saved visualization: ../../outputs/wilor/clip_2/visualizations/frame_000478.jpg

Processing: ../../data/images/clip_2_frames/frame_000479.jpg
Saved visualization: ../../outputs/wilor/clip_2/visualizations/frame_000479.jpg

Processing: ../../data/images/clip_2_frames/frame_000480.jpg
Saved visualization: ../../outputs/wilor/clip_2/visualizations/frame_000480.jpg

Processing: ../../data/images/clip_2_frames/frame_000481.jpg
Saved visualization: ../../outputs/wilor/clip_2/visualizations/frame_000481.jpg

Processing: ../../data/images/clip_2_frames/frame_000482.jpg
Saved visualization: ../../outputs/wilor/clip_2/visualizations/frame_000482.jpg

Processing: ../../data/images/clip_2_frames/frame_000483.jpg
Saved visualization: ../../outputs/wilor/clip_2/visualizations/frame_000483.jpg

Processing: ../../data/images/clip_2_frames/frame_000484.jpg
Saved visualization: ../../outputs/wilor/clip_2/visualizations/frame_000484.jpg

Processing: ../../data/images/clip_2_frames/frame_000485.jpg
Saved visualization: ../../outputs/wilor/clip_2/visualizations/frame_000485.jpg

Processing: ../../data/images/clip_2_frames/frame_000486.jpg
Saved visualization: ../../outputs/wilor/clip_2/visualizations/frame_000486.jpg

Processing: ../../data/images/clip_2_frames/frame_000487.jpg
Saved visualization: ../../outputs/wilor/clip_2/visualizations/frame_000487.jpg

Processing: ../../data/images/clip_2_frames/frame_000488.jpg
Saved visualization: ../../outputs/wilor/clip_2/visualizations/frame_000488.jpg

Processing: ../../data/images/clip_2_frames/frame_000489.jpg
Saved visualization: ../../outputs/wilor/clip_2/visualizations/frame_000489.jpg

Processing: ../../data/images/clip_2_frames/frame_000490.jpg
Saved visualization: ../../outputs/wilor/clip_2/visualizations/frame_000490.jpg

Processing: ../../data/images/clip_2_frames/frame_000491.jpg
Saved visualization: ../../outputs/wilor/clip_2/visualizations/frame_000491.jpg

Processing: ../../data/images/clip_2_frames/frame_000492.jpg
Saved visualization: ../../outputs/wilor/clip_2/visualizations/frame_000492.jpg

Processing: ../../data/images/clip_2_frames/frame_000493.jpg
Saved visualization: ../../outputs/wilor/clip_2/visualizations/frame_000493.jpg

Processing: ../../data/images/clip_2_frames/frame_000494.jpg
Saved visualization: ../../outputs/wilor/clip_2/visualizations/frame_000494.jpg

Processing: ../../data/images/clip_2_frames/frame_000495.jpg
Saved visualization: ../../outputs/wilor/clip_2/visualizations/frame_000495.jpg

Processing: ../../data/images/clip_2_frames/frame_000496.jpg
slurmstepd: error: *** STEP 9291025.0 ON gpu019 CANCELLED AT 2026-03-04T14:55:52 DUE TO TIME LIMIT ***
