Loaded modules:

Currently Loaded Modules:
  1) slurm/current    3) gcc/11.3.0   5) cuda/11.7
  2) DefaultModules   4) 2024r1

 

Wed Jun 10 08:56:14 2026       
+-----------------------------------------------------------------------------------------+
| NVIDIA-SMI 580.159.04             Driver Version: 580.159.04     CUDA Version: 13.0     |
+-----------------------------------------+------------------------+----------------------+
| GPU  Name                 Persistence-M | Bus-Id          Disp.A | Volatile Uncorr. ECC |
| Fan  Temp   Perf          Pwr:Usage/Cap |           Memory-Usage | GPU-Util  Compute M. |
|                                         |                        |               MIG M. |
|=========================================+========================+======================|
|   0  NVIDIA A100 80GB PCIe          On  |   00000000:2C:00.0 Off |                   On |
| N/A   53C    P0            113W /  300W |    2780MiB /  81920MiB |     N/A      Default |
|                                         |                        |              Enabled |
+-----------------------------------------+------------------------+----------------------+

+-----------------------------------------------------------------------------------------+
| MIG devices:                                                                            |
+------------------+----------------------------------+-----------+-----------------------+
| GPU  GI  CI  MIG |              Shared Memory-Usage |        Vol|        Shared         |
|      ID  ID  Dev |                Shared BAR1-Usage | SM     Unc| CE ENC  DEC  OFA  JPG |
|                  |                                  |        ECC|                       |
|==================+==================================+===========+=======================|
|  0    7   0   0  |              36MiB /  9728MiB    | 14      0 |  1   0    0    0    0 |
|                  |               0MiB /  6135MiB    |           |                       |
+------------------+----------------------------------+-----------+-----------------------+

+-----------------------------------------------------------------------------------------+
| Processes:                                                                              |
|  GPU   GI   CI              PID   Type   Process name                        GPU Memory |
|        ID   ID                                                               Usage      |
|=========================================================================================|
|  No running processes found                                                             |
+-----------------------------------------------------------------------------------------+
================ SLURM JOB INFO ================
Job ID:         10143373
Job Name:       wilor-inference
Partition:      gpu-a100-small
Node List:      gpu020
CPUs per task:  2
GPUs per task:  1
Memory per GPU: 10240
Submit dir:     /scratch/mthakur/manifold/models/wilor_hands
Work dir:       /scratch/mthakur/manifold/models/wilor_hands
Job started at: Wed Jun 10 08:56:14 CEST 2026
===============================================
WiLoR video: /scratch/mthakur/manifold/data/test/tremor_simulation_big_spiral_tremor_90_meenakshi.mp4
WiLoR output root: /scratch/mthakur/manifold/outputs/wilor
WiLoR completion marker: /scratch/mthakur/manifold/outputs/wilor/_completed/tremor_simulation_big_spiral_tremor_90_meenakshi.json
WiLoR frame cache root: /scratch/mthakur/manifold/data/test
/.venv/lib/python3.10/site-packages/timm/models/layers/__init__.py:49: FutureWarning: Importing from timm.models.layers is deprecated, please import via timm.layers
  warnings.warn(f"Importing from {__name__} is deprecated, please import via timm.layers", FutureWarning)
[progress] Loading WiLoR checkpoint: ./pretrained_models/wilor_final.ckpt
Loading  ./pretrained_models/wilor_final.ckpt
WARNING: You are using a MANO model, with only 10 shape coefficients.
[progress] Loading detector: ./pretrained_models/detector.pt

Processing: tremor_simulation_big_spiral_tremor_90_meenakshi:frame_000000

Processing: tremor_simulation_big_spiral_tremor_90_meenakshi:frame_000001

Processing: tremor_simulation_big_spiral_tremor_90_meenakshi:frame_000002

Processing: tremor_simulation_big_spiral_tremor_90_meenakshi:frame_000003

Processing: tremor_simulation_big_spiral_tremor_90_meenakshi:frame_000004

Processing: tremor_simulation_big_spiral_tremor_90_meenakshi:frame_000005

Processing: tremor_simulation_big_spiral_tremor_90_meenakshi:frame_000006

Processing: tremor_simulation_big_spiral_tremor_90_meenakshi:frame_000007

Processing: tremor_simulation_big_spiral_tremor_90_meenakshi:frame_000008

Processing: tremor_simulation_big_spiral_tremor_90_meenakshi:frame_000009

Processing: tremor_simulation_big_spiral_tremor_90_meenakshi:frame_000010

Processing: tremor_simulation_big_spiral_tremor_90_meenakshi:frame_000011

Processing: tremor_simulation_big_spiral_tremor_90_meenakshi:frame_000012

Processing: tremor_simulation_big_spiral_tremor_90_meenakshi:frame_000013

Processing: tremor_simulation_big_spiral_tremor_90_meenakshi:frame_000014

Processing: tremor_simulation_big_spiral_tremor_90_meenakshi:frame_000015

Processing: tremor_simulation_big_spiral_tremor_90_meenakshi:frame_000016

Processing: tremor_simulation_big_spiral_tremor_90_meenakshi:frame_000017

Processing: tremor_simulation_big_spiral_tremor_90_meenakshi:frame_000018

Processing: tremor_simulation_big_spiral_tremor_90_meenakshi:frame_000019

Processing: tremor_simulation_big_spiral_tremor_90_meenakshi:frame_000020

Processing: tremor_simulation_big_spiral_tremor_90_meenakshi:frame_000021

Processing: tremor_simulation_big_spiral_tremor_90_meenakshi:frame_000022

Processing: tremor_simulation_big_spiral_tremor_90_meenakshi:frame_000023

Processing: tremor_simulation_big_spiral_tremor_90_meenakshi:frame_000024

Processing: tremor_simulation_big_spiral_tremor_90_meenakshi:frame_000025

Processing: tremor_simulation_big_spiral_tremor_90_meenakshi:frame_000026

Processing: tremor_simulation_big_spiral_tremor_90_meenakshi:frame_000027

Processing: tremor_simulation_big_spiral_tremor_90_meenakshi:frame_000028

Processing: tremor_simulation_big_spiral_tremor_90_meenakshi:frame_000029

Processing: tremor_simulation_big_spiral_tremor_90_meenakshi:frame_000030

Processing: tremor_simulation_big_spiral_tremor_90_meenakshi:frame_000031

Processing: tremor_simulation_big_spiral_tremor_90_meenakshi:frame_000032

Processing: tremor_simulation_big_spiral_tremor_90_meenakshi:frame_000033

Processing: tremor_simulation_big_spiral_tremor_90_meenakshi:frame_000034

Processing: tremor_simulation_big_spiral_tremor_90_meenakshi:frame_000035

Processing: tremor_simulation_big_spiral_tremor_90_meenakshi:frame_000036

Processing: tremor_simulation_big_spiral_tremor_90_meenakshi:frame_000037

Processing: tremor_simulation_big_spiral_tremor_90_meenakshi:frame_000038

Processing: tremor_simulation_big_spiral_tremor_90_meenakshi:frame_000039

Processing: tremor_simulation_big_spiral_tremor_90_meenakshi:frame_000040

Processing: tremor_simulation_big_spiral_tremor_90_meenakshi:frame_000041

Processing: tremor_simulation_big_spiral_tremor_90_meenakshi:frame_000042

Processing: tremor_simulation_big_spiral_tremor_90_meenakshi:frame_000043

Processing: tremor_simulation_big_spiral_tremor_90_meenakshi:frame_000044

Processing: tremor_simulation_big_spiral_tremor_90_meenakshi:frame_000045

Processing: tremor_simulation_big_spiral_tremor_90_meenakshi:frame_000046

Processing: tremor_simulation_big_spiral_tremor_90_meenakshi:frame_000047

Processing: tremor_simulation_big_spiral_tremor_90_meenakshi:frame_000048

Processing: tremor_simulation_big_spiral_tremor_90_meenakshi:frame_000049

Processing: tremor_simulation_big_spiral_tremor_90_meenakshi:frame_000050

Processing: tremor_simulation_big_spiral_tremor_90_meenakshi:frame_000051

Processing: tremor_simulation_big_spiral_tremor_90_meenakshi:frame_000052

Processing: tremor_simulation_big_spiral_tremor_90_meenakshi:frame_000053

Processing: tremor_simulation_big_spiral_tremor_90_meenakshi:frame_000054

Processing: tremor_simulation_big_spiral_tremor_90_meenakshi:frame_000055

Processing: tremor_simulation_big_spiral_tremor_90_meenakshi:frame_000056

Processing: tremor_simulation_big_spiral_tremor_90_meenakshi:frame_000057

Processing: tremor_simulation_big_spiral_tremor_90_meenakshi:frame_000058

Processing: tremor_simulation_big_spiral_tremor_90_meenakshi:frame_000059

Processing: tremor_simulation_big_spiral_tremor_90_meenakshi:frame_000060

Processing: tremor_simulation_big_spiral_tremor_90_meenakshi:frame_000061

Processing: tremor_simulation_big_spiral_tremor_90_meenakshi:frame_000062

Processing: tremor_simulation_big_spiral_tremor_90_meenakshi:frame_000063

Processing: tremor_simulation_big_spiral_tremor_90_meenakshi:frame_000064

Processing: tremor_simulation_big_spiral_tremor_90_meenakshi:frame_000065

Processing: tremor_simulation_big_spiral_tremor_90_meenakshi:frame_000066

Processing: tremor_simulation_big_spiral_tremor_90_meenakshi:frame_000067

Processing: tremor_simulation_big_spiral_tremor_90_meenakshi:frame_000068

Processing: tremor_simulation_big_spiral_tremor_90_meenakshi:frame_000069

Processing: tremor_simulation_big_spiral_tremor_90_meenakshi:frame_000070

Processing: tremor_simulation_big_spiral_tremor_90_meenakshi:frame_000071

Processing: tremor_simulation_big_spiral_tremor_90_meenakshi:frame_000072

Processing: tremor_simulation_big_spiral_tremor_90_meenakshi:frame_000073

Processing: tremor_simulation_big_spiral_tremor_90_meenakshi:frame_000074

Processing: tremor_simulation_big_spiral_tremor_90_meenakshi:frame_000075

Processing: tremor_simulation_big_spiral_tremor_90_meenakshi:frame_000076

Processing: tremor_simulation_big_spiral_tremor_90_meenakshi:frame_000077

Processing: tremor_simulation_big_spiral_tremor_90_meenakshi:frame_000078

Processing: tremor_simulation_big_spiral_tremor_90_meenakshi:frame_000079

Processing: tremor_simulation_big_spiral_tremor_90_meenakshi:frame_000080

Processing: tremor_simulation_big_spiral_tremor_90_meenakshi:frame_000081

Processing: tremor_simulation_big_spiral_tremor_90_meenakshi:frame_000082

Processing: tremor_simulation_big_spiral_tremor_90_meenakshi:frame_000083

Processing: tremor_simulation_big_spiral_tremor_90_meenakshi:frame_000084

Processing: tremor_simulation_big_spiral_tremor_90_meenakshi:frame_000085

Processing: tremor_simulation_big_spiral_tremor_90_meenakshi:frame_000086

Processing: tremor_simulation_big_spiral_tremor_90_meenakshi:frame_000087

Processing: tremor_simulation_big_spiral_tremor_90_meenakshi:frame_000088

Processing: tremor_simulation_big_spiral_tremor_90_meenakshi:frame_000089

Processing: tremor_simulation_big_spiral_tremor_90_meenakshi:frame_000090

Processing: tremor_simulation_big_spiral_tremor_90_meenakshi:frame_000091

Processing: tremor_simulation_big_spiral_tremor_90_meenakshi:frame_000092

Processing: tremor_simulation_big_spiral_tremor_90_meenakshi:frame_000093

Processing: tremor_simulation_big_spiral_tremor_90_meenakshi:frame_000094

Processing: tremor_simulation_big_spiral_tremor_90_meenakshi:frame_000095

Processing: tremor_simulation_big_spiral_tremor_90_meenakshi:frame_000096

Processing: tremor_simulation_big_spiral_tremor_90_meenakshi:frame_000097

Processing: tremor_simulation_big_spiral_tremor_90_meenakshi:frame_000098

Processing: tremor_simulation_big_spiral_tremor_90_meenakshi:frame_000099

Processing: tremor_simulation_big_spiral_tremor_90_meenakshi:frame_000100

Processing: tremor_simulation_big_spiral_tremor_90_meenakshi:frame_000101

Processing: tremor_simulation_big_spiral_tremor_90_meenakshi:frame_000102

Processing: tremor_simulation_big_spiral_tremor_90_meenakshi:frame_000103

Processing: tremor_simulation_big_spiral_tremor_90_meenakshi:frame_000104

Processing: tremor_simulation_big_spiral_tremor_90_meenakshi:frame_000105

Processing: tremor_simulation_big_spiral_tremor_90_meenakshi:frame_000106

Processing: tremor_simulation_big_spiral_tremor_90_meenakshi:frame_000107

Processing: tremor_simulation_big_spiral_tremor_90_meenakshi:frame_000108

Processing: tremor_simulation_big_spiral_tremor_90_meenakshi:frame_000109

Processing: tremor_simulation_big_spiral_tremor_90_meenakshi:frame_000110

Processing: tremor_simulation_big_spiral_tremor_90_meenakshi:frame_000111

Processing: tremor_simulation_big_spiral_tremor_90_meenakshi:frame_000112

Processing: tremor_simulation_big_spiral_tremor_90_meenakshi:frame_000113

Processing: tremor_simulation_big_spiral_tremor_90_meenakshi:frame_000114

Processing: tremor_simulation_big_spiral_tremor_90_meenakshi:frame_000115

Processing: tremor_simulation_big_spiral_tremor_90_meenakshi:frame_000116

Processing: tremor_simulation_big_spiral_tremor_90_meenakshi:frame_000117

Processing: tremor_simulation_big_spiral_tremor_90_meenakshi:frame_000118

Processing: tremor_simulation_big_spiral_tremor_90_meenakshi:frame_000119

Processing: tremor_simulation_big_spiral_tremor_90_meenakshi:frame_000120

Processing: tremor_simulation_big_spiral_tremor_90_meenakshi:frame_000121

Processing: tremor_simulation_big_spiral_tremor_90_meenakshi:frame_000122

Processing: tremor_simulation_big_spiral_tremor_90_meenakshi:frame_000123

Processing: tremor_simulation_big_spiral_tremor_90_meenakshi:frame_000124

Processing: tremor_simulation_big_spiral_tremor_90_meenakshi:frame_000125

Processing: tremor_simulation_big_spiral_tremor_90_meenakshi:frame_000126

Processing: tremor_simulation_big_spiral_tremor_90_meenakshi:frame_000127

Processing: tremor_simulation_big_spiral_tremor_90_meenakshi:frame_000128

Processing: tremor_simulation_big_spiral_tremor_90_meenakshi:frame_000129

Processing: tremor_simulation_big_spiral_tremor_90_meenakshi:frame_000130

Processing: tremor_simulation_big_spiral_tremor_90_meenakshi:frame_000131

Processing: tremor_simulation_big_spiral_tremor_90_meenakshi:frame_000132

Processing: tremor_simulation_big_spiral_tremor_90_meenakshi:frame_000133

Processing: tremor_simulation_big_spiral_tremor_90_meenakshi:frame_000134

Processing: tremor_simulation_big_spiral_tremor_90_meenakshi:frame_000135

Processing: tremor_simulation_big_spiral_tremor_90_meenakshi:frame_000136

Processing: tremor_simulation_big_spiral_tremor_90_meenakshi:frame_000137

Processing: tremor_simulation_big_spiral_tremor_90_meenakshi:frame_000138

Processing: tremor_simulation_big_spiral_tremor_90_meenakshi:frame_000139

Processing: tremor_simulation_big_spiral_tremor_90_meenakshi:frame_000140

Processing: tremor_simulation_big_spiral_tremor_90_meenakshi:frame_000141

Processing: tremor_simulation_big_spiral_tremor_90_meenakshi:frame_000142

Processing: tremor_simulation_big_spiral_tremor_90_meenakshi:frame_000143

Processing: tremor_simulation_big_spiral_tremor_90_meenakshi:frame_000144

Processing: tremor_simulation_big_spiral_tremor_90_meenakshi:frame_000145

Processing: tremor_simulation_big_spiral_tremor_90_meenakshi:frame_000146

Processing: tremor_simulation_big_spiral_tremor_90_meenakshi:frame_000147

Processing: tremor_simulation_big_spiral_tremor_90_meenakshi:frame_000148

Processing: tremor_simulation_big_spiral_tremor_90_meenakshi:frame_000149

Processing: tremor_simulation_big_spiral_tremor_90_meenakshi:frame_000150

Processing: tremor_simulation_big_spiral_tremor_90_meenakshi:frame_000151

Processing: tremor_simulation_big_spiral_tremor_90_meenakshi:frame_000152

Processing: tremor_simulation_big_spiral_tremor_90_meenakshi:frame_000153

Processing: tremor_simulation_big_spiral_tremor_90_meenakshi:frame_000154

Processing: tremor_simulation_big_spiral_tremor_90_meenakshi:frame_000155

Processing: tremor_simulation_big_spiral_tremor_90_meenakshi:frame_000156

Processing: tremor_simulation_big_spiral_tremor_90_meenakshi:frame_000157

Processing: tremor_simulation_big_spiral_tremor_90_meenakshi:frame_000158

Processing: tremor_simulation_big_spiral_tremor_90_meenakshi:frame_000159

Processing: tremor_simulation_big_spiral_tremor_90_meenakshi:frame_000160

Processing: tremor_simulation_big_spiral_tremor_90_meenakshi:frame_000161

Processing: tremor_simulation_big_spiral_tremor_90_meenakshi:frame_000162

Processing: tremor_simulation_big_spiral_tremor_90_meenakshi:frame_000163

Processing: tremor_simulation_big_spiral_tremor_90_meenakshi:frame_000164

Processing: tremor_simulation_big_spiral_tremor_90_meenakshi:frame_000165

Processing: tremor_simulation_big_spiral_tremor_90_meenakshi:frame_000166

Processing: tremor_simulation_big_spiral_tremor_90_meenakshi:frame_000167

Processing: tremor_simulation_big_spiral_tremor_90_meenakshi:frame_000168

Processing: tremor_simulation_big_spiral_tremor_90_meenakshi:frame_000169

Processing: tremor_simulation_big_spiral_tremor_90_meenakshi:frame_000170

Processing: tremor_simulation_big_spiral_tremor_90_meenakshi:frame_000171

Processing: tremor_simulation_big_spiral_tremor_90_meenakshi:frame_000172

Processing: tremor_simulation_big_spiral_tremor_90_meenakshi:frame_000173

Processing: tremor_simulation_big_spiral_tremor_90_meenakshi:frame_000174

Processing: tremor_simulation_big_spiral_tremor_90_meenakshi:frame_000175

Processing: tremor_simulation_big_spiral_tremor_90_meenakshi:frame_000176

Processing: tremor_simulation_big_spiral_tremor_90_meenakshi:frame_000177

Processing: tremor_simulation_big_spiral_tremor_90_meenakshi:frame_000178

Processing: tremor_simulation_big_spiral_tremor_90_meenakshi:frame_000179

Processing: tremor_simulation_big_spiral_tremor_90_meenakshi:frame_000180

Processing: tremor_simulation_big_spiral_tremor_90_meenakshi:frame_000181

Processing: tremor_simulation_big_spiral_tremor_90_meenakshi:frame_000182

Processing: tremor_simulation_big_spiral_tremor_90_meenakshi:frame_000183

Processing: tremor_simulation_big_spiral_tremor_90_meenakshi:frame_000184

Processing: tremor_simulation_big_spiral_tremor_90_meenakshi:frame_000185

Processing: tremor_simulation_big_spiral_tremor_90_meenakshi:frame_000186

Processing: tremor_simulation_big_spiral_tremor_90_meenakshi:frame_000187

Processing: tremor_simulation_big_spiral_tremor_90_meenakshi:frame_000188

Processing: tremor_simulation_big_spiral_tremor_90_meenakshi:frame_000189

Processing: tremor_simulation_big_spiral_tremor_90_meenakshi:frame_000190

Processing: tremor_simulation_big_spiral_tremor_90_meenakshi:frame_000191

Processing: tremor_simulation_big_spiral_tremor_90_meenakshi:frame_000192

Processing: tremor_simulation_big_spiral_tremor_90_meenakshi:frame_000193

Processing: tremor_simulation_big_spiral_tremor_90_meenakshi:frame_000194

Processing: tremor_simulation_big_spiral_tremor_90_meenakshi:frame_000195

Processing: tremor_simulation_big_spiral_tremor_90_meenakshi:frame_000196

Processing: tremor_simulation_big_spiral_tremor_90_meenakshi:frame_000197

Processing: tremor_simulation_big_spiral_tremor_90_meenakshi:frame_000198

Processing: tremor_simulation_big_spiral_tremor_90_meenakshi:frame_000199

Processing: tremor_simulation_big_spiral_tremor_90_meenakshi:frame_000200

Processing: tremor_simulation_big_spiral_tremor_90_meenakshi:frame_000201

Processing: tremor_simulation_big_spiral_tremor_90_meenakshi:frame_000202

Processing: tremor_simulation_big_spiral_tremor_90_meenakshi:frame_000203

Processing: tremor_simulation_big_spiral_tremor_90_meenakshi:frame_000204

Processing: tremor_simulation_big_spiral_tremor_90_meenakshi:frame_000205

Processing: tremor_simulation_big_spiral_tremor_90_meenakshi:frame_000206

Processing: tremor_simulation_big_spiral_tremor_90_meenakshi:frame_000207

Processing: tremor_simulation_big_spiral_tremor_90_meenakshi:frame_000208

Processing: tremor_simulation_big_spiral_tremor_90_meenakshi:frame_000209

Processing: tremor_simulation_big_spiral_tremor_90_meenakshi:frame_000210

Processing: tremor_simulation_big_spiral_tremor_90_meenakshi:frame_000211

Processing: tremor_simulation_big_spiral_tremor_90_meenakshi:frame_000212

Processing: tremor_simulation_big_spiral_tremor_90_meenakshi:frame_000213

Processing: tremor_simulation_big_spiral_tremor_90_meenakshi:frame_000214

Processing: tremor_simulation_big_spiral_tremor_90_meenakshi:frame_000215

Processing: tremor_simulation_big_spiral_tremor_90_meenakshi:frame_000216

Processing: tremor_simulation_big_spiral_tremor_90_meenakshi:frame_000217

Processing: tremor_simulation_big_spiral_tremor_90_meenakshi:frame_000218

Processing: tremor_simulation_big_spiral_tremor_90_meenakshi:frame_000219

Processing: tremor_simulation_big_spiral_tremor_90_meenakshi:frame_000220

Processing: tremor_simulation_big_spiral_tremor_90_meenakshi:frame_000221

Processing: tremor_simulation_big_spiral_tremor_90_meenakshi:frame_000222

Processing: tremor_simulation_big_spiral_tremor_90_meenakshi:frame_000223

Processing: tremor_simulation_big_spiral_tremor_90_meenakshi:frame_000224

Processing: tremor_simulation_big_spiral_tremor_90_meenakshi:frame_000225

Processing: tremor_simulation_big_spiral_tremor_90_meenakshi:frame_000226

Processing: tremor_simulation_big_spiral_tremor_90_meenakshi:frame_000227

Processing: tremor_simulation_big_spiral_tremor_90_meenakshi:frame_000228

Processing: tremor_simulation_big_spiral_tremor_90_meenakshi:frame_000229

Processing: tremor_simulation_big_spiral_tremor_90_meenakshi:frame_000230

Processing: tremor_simulation_big_spiral_tremor_90_meenakshi:frame_000231

Processing: tremor_simulation_big_spiral_tremor_90_meenakshi:frame_000232

Processing: tremor_simulation_big_spiral_tremor_90_meenakshi:frame_000233

Processing: tremor_simulation_big_spiral_tremor_90_meenakshi:frame_000234

Processing: tremor_simulation_big_spiral_tremor_90_meenakshi:frame_000235

Processing: tremor_simulation_big_spiral_tremor_90_meenakshi:frame_000236

Processing: tremor_simulation_big_spiral_tremor_90_meenakshi:frame_000237

Processing: tremor_simulation_big_spiral_tremor_90_meenakshi:frame_000238

Processing: tremor_simulation_big_spiral_tremor_90_meenakshi:frame_000239

Processing: tremor_simulation_big_spiral_tremor_90_meenakshi:frame_000240

Processing: tremor_simulation_big_spiral_tremor_90_meenakshi:frame_000241

Processing: tremor_simulation_big_spiral_tremor_90_meenakshi:frame_000242

Processing: tremor_simulation_big_spiral_tremor_90_meenakshi:frame_000243

Processing: tremor_simulation_big_spiral_tremor_90_meenakshi:frame_000244

Processing: tremor_simulation_big_spiral_tremor_90_meenakshi:frame_000245

Processing: tremor_simulation_big_spiral_tremor_90_meenakshi:frame_000246

Processing: tremor_simulation_big_spiral_tremor_90_meenakshi:frame_000247

Processing: tremor_simulation_big_spiral_tremor_90_meenakshi:frame_000248

Processing: tremor_simulation_big_spiral_tremor_90_meenakshi:frame_000249

Processing: tremor_simulation_big_spiral_tremor_90_meenakshi:frame_000250

Processing: tremor_simulation_big_spiral_tremor_90_meenakshi:frame_000251

Processing: tremor_simulation_big_spiral_tremor_90_meenakshi:frame_000252

Processing: tremor_simulation_big_spiral_tremor_90_meenakshi:frame_000253

Processing: tremor_simulation_big_spiral_tremor_90_meenakshi:frame_000254

Processing: tremor_simulation_big_spiral_tremor_90_meenakshi:frame_000255

Processing: tremor_simulation_big_spiral_tremor_90_meenakshi:frame_000256

Processing: tremor_simulation_big_spiral_tremor_90_meenakshi:frame_000257

Processing: tremor_simulation_big_spiral_tremor_90_meenakshi:frame_000258

Processing: tremor_simulation_big_spiral_tremor_90_meenakshi:frame_000259

Processing: tremor_simulation_big_spiral_tremor_90_meenakshi:frame_000260

Processing: tremor_simulation_big_spiral_tremor_90_meenakshi:frame_000261

Processing: tremor_simulation_big_spiral_tremor_90_meenakshi:frame_000262

Processing: tremor_simulation_big_spiral_tremor_90_meenakshi:frame_000263

Processing: tremor_simulation_big_spiral_tremor_90_meenakshi:frame_000264

Processing: tremor_simulation_big_spiral_tremor_90_meenakshi:frame_000265

Processing: tremor_simulation_big_spiral_tremor_90_meenakshi:frame_000266

Processing: tremor_simulation_big_spiral_tremor_90_meenakshi:frame_000267

Processing: tremor_simulation_big_spiral_tremor_90_meenakshi:frame_000268

Processing: tremor_simulation_big_spiral_tremor_90_meenakshi:frame_000269

Processing: tremor_simulation_big_spiral_tremor_90_meenakshi:frame_000270

Processing: tremor_simulation_big_spiral_tremor_90_meenakshi:frame_000271

Processing: tremor_simulation_big_spiral_tremor_90_meenakshi:frame_000272

Processing: tremor_simulation_big_spiral_tremor_90_meenakshi:frame_000273

Processing: tremor_simulation_big_spiral_tremor_90_meenakshi:frame_000274

Processing: tremor_simulation_big_spiral_tremor_90_meenakshi:frame_000275

Processing: tremor_simulation_big_spiral_tremor_90_meenakshi:frame_000276

Processing: tremor_simulation_big_spiral_tremor_90_meenakshi:frame_000277

Processing: tremor_simulation_big_spiral_tremor_90_meenakshi:frame_000278

Processing: tremor_simulation_big_spiral_tremor_90_meenakshi:frame_000279

Processing: tremor_simulation_big_spiral_tremor_90_meenakshi:frame_000280

Processing: tremor_simulation_big_spiral_tremor_90_meenakshi:frame_000281

Processing: tremor_simulation_big_spiral_tremor_90_meenakshi:frame_000282

Processing: tremor_simulation_big_spiral_tremor_90_meenakshi:frame_000283

Processing: tremor_simulation_big_spiral_tremor_90_meenakshi:frame_000284

Processing: tremor_simulation_big_spiral_tremor_90_meenakshi:frame_000285

Processing: tremor_simulation_big_spiral_tremor_90_meenakshi:frame_000286

Processing: tremor_simulation_big_spiral_tremor_90_meenakshi:frame_000287

Processing: tremor_simulation_big_spiral_tremor_90_meenakshi:frame_000288

Processing: tremor_simulation_big_spiral_tremor_90_meenakshi:frame_000289

Processing: tremor_simulation_big_spiral_tremor_90_meenakshi:frame_000290

Processing: tremor_simulation_big_spiral_tremor_90_meenakshi:frame_000291

Processing: tremor_simulation_big_spiral_tremor_90_meenakshi:frame_000292

Processing: tremor_simulation_big_spiral_tremor_90_meenakshi:frame_000293

Processing: tremor_simulation_big_spiral_tremor_90_meenakshi:frame_000294

Processing: tremor_simulation_big_spiral_tremor_90_meenakshi:frame_000295

Processing: tremor_simulation_big_spiral_tremor_90_meenakshi:frame_000296

Processing: tremor_simulation_big_spiral_tremor_90_meenakshi:frame_000297

Processing: tremor_simulation_big_spiral_tremor_90_meenakshi:frame_000298

Processing: tremor_simulation_big_spiral_tremor_90_meenakshi:frame_000299

Processing: tremor_simulation_big_spiral_tremor_90_meenakshi:frame_000300

Processing: tremor_simulation_big_spiral_tremor_90_meenakshi:frame_000301

Processing: tremor_simulation_big_spiral_tremor_90_meenakshi:frame_000302

Processing: tremor_simulation_big_spiral_tremor_90_meenakshi:frame_000303

Processing: tremor_simulation_big_spiral_tremor_90_meenakshi:frame_000304

Processing: tremor_simulation_big_spiral_tremor_90_meenakshi:frame_000305

Processing: tremor_simulation_big_spiral_tremor_90_meenakshi:frame_000306

Processing: tremor_simulation_big_spiral_tremor_90_meenakshi:frame_000307

Processing: tremor_simulation_big_spiral_tremor_90_meenakshi:frame_000308

Processing: tremor_simulation_big_spiral_tremor_90_meenakshi:frame_000309

Processing: tremor_simulation_big_spiral_tremor_90_meenakshi:frame_000310

Processing: tremor_simulation_big_spiral_tremor_90_meenakshi:frame_000311

Processing: tremor_simulation_big_spiral_tremor_90_meenakshi:frame_000312

Processing: tremor_simulation_big_spiral_tremor_90_meenakshi:frame_000313

Processing: tremor_simulation_big_spiral_tremor_90_meenakshi:frame_000314

Processing: tremor_simulation_big_spiral_tremor_90_meenakshi:frame_000315

Processing: tremor_simulation_big_spiral_tremor_90_meenakshi:frame_000316

Processing: tremor_simulation_big_spiral_tremor_90_meenakshi:frame_000317

Processing: tremor_simulation_big_spiral_tremor_90_meenakshi:frame_000318

Processing: tremor_simulation_big_spiral_tremor_90_meenakshi:frame_000319

Processing: tremor_simulation_big_spiral_tremor_90_meenakshi:frame_000320

Processing: tremor_simulation_big_spiral_tremor_90_meenakshi:frame_000321

Processing: tremor_simulation_big_spiral_tremor_90_meenakshi:frame_000322

Processing: tremor_simulation_big_spiral_tremor_90_meenakshi:frame_000323

Processing: tremor_simulation_big_spiral_tremor_90_meenakshi:frame_000324

Processing: tremor_simulation_big_spiral_tremor_90_meenakshi:frame_000325

Processing: tremor_simulation_big_spiral_tremor_90_meenakshi:frame_000326

Processing: tremor_simulation_big_spiral_tremor_90_meenakshi:frame_000327

Processing: tremor_simulation_big_spiral_tremor_90_meenakshi:frame_000328

Processing: tremor_simulation_big_spiral_tremor_90_meenakshi:frame_000329

Processing: tremor_simulation_big_spiral_tremor_90_meenakshi:frame_000330

Processing: tremor_simulation_big_spiral_tremor_90_meenakshi:frame_000331

Processing: tremor_simulation_big_spiral_tremor_90_meenakshi:frame_000332

Processing: tremor_simulation_big_spiral_tremor_90_meenakshi:frame_000333

Processing: tremor_simulation_big_spiral_tremor_90_meenakshi:frame_000334

Processing: tremor_simulation_big_spiral_tremor_90_meenakshi:frame_000335

Processing: tremor_simulation_big_spiral_tremor_90_meenakshi:frame_000336

Processing: tremor_simulation_big_spiral_tremor_90_meenakshi:frame_000337

Processing: tremor_simulation_big_spiral_tremor_90_meenakshi:frame_000338

Processing: tremor_simulation_big_spiral_tremor_90_meenakshi:frame_000339

Processing: tremor_simulation_big_spiral_tremor_90_meenakshi:frame_000340

Processing: tremor_simulation_big_spiral_tremor_90_meenakshi:frame_000341

Processing: tremor_simulation_big_spiral_tremor_90_meenakshi:frame_000342

Processing: tremor_simulation_big_spiral_tremor_90_meenakshi:frame_000343

Processing: tremor_simulation_big_spiral_tremor_90_meenakshi:frame_000344

Processing: tremor_simulation_big_spiral_tremor_90_meenakshi:frame_000345

Processing: tremor_simulation_big_spiral_tremor_90_meenakshi:frame_000346

Processing: tremor_simulation_big_spiral_tremor_90_meenakshi:frame_000347

Processing: tremor_simulation_big_spiral_tremor_90_meenakshi:frame_000348

Processing: tremor_simulation_big_spiral_tremor_90_meenakshi:frame_000349

Processing: tremor_simulation_big_spiral_tremor_90_meenakshi:frame_000350

Processing: tremor_simulation_big_spiral_tremor_90_meenakshi:frame_000351

Processing: tremor_simulation_big_spiral_tremor_90_meenakshi:frame_000352

Processing: tremor_simulation_big_spiral_tremor_90_meenakshi:frame_000353

Processing: tremor_simulation_big_spiral_tremor_90_meenakshi:frame_000354

Processing: tremor_simulation_big_spiral_tremor_90_meenakshi:frame_000355

Processing: tremor_simulation_big_spiral_tremor_90_meenakshi:frame_000356

Processing: tremor_simulation_big_spiral_tremor_90_meenakshi:frame_000357

Processing: tremor_simulation_big_spiral_tremor_90_meenakshi:frame_000358

Processing: tremor_simulation_big_spiral_tremor_90_meenakshi:frame_000359

Processing: tremor_simulation_big_spiral_tremor_90_meenakshi:frame_000360

Processing: tremor_simulation_big_spiral_tremor_90_meenakshi:frame_000361

Processing: tremor_simulation_big_spiral_tremor_90_meenakshi:frame_000362

Processing: tremor_simulation_big_spiral_tremor_90_meenakshi:frame_000363

Processing: tremor_simulation_big_spiral_tremor_90_meenakshi:frame_000364

Processing: tremor_simulation_big_spiral_tremor_90_meenakshi:frame_000365

Processing: tremor_simulation_big_spiral_tremor_90_meenakshi:frame_000366

Processing: tremor_simulation_big_spiral_tremor_90_meenakshi:frame_000367

Processing: tremor_simulation_big_spiral_tremor_90_meenakshi:frame_000368

Processing: tremor_simulation_big_spiral_tremor_90_meenakshi:frame_000369

Processing: tremor_simulation_big_spiral_tremor_90_meenakshi:frame_000370

Processing: tremor_simulation_big_spiral_tremor_90_meenakshi:frame_000371

Processing: tremor_simulation_big_spiral_tremor_90_meenakshi:frame_000372

Processing: tremor_simulation_big_spiral_tremor_90_meenakshi:frame_000373

Processing: tremor_simulation_big_spiral_tremor_90_meenakshi:frame_000374

Processing: tremor_simulation_big_spiral_tremor_90_meenakshi:frame_000375

Processing: tremor_simulation_big_spiral_tremor_90_meenakshi:frame_000376

Processing: tremor_simulation_big_spiral_tremor_90_meenakshi:frame_000377

Processing: tremor_simulation_big_spiral_tremor_90_meenakshi:frame_000378

Processing: tremor_simulation_big_spiral_tremor_90_meenakshi:frame_000379

Processing: tremor_simulation_big_spiral_tremor_90_meenakshi:frame_000380

Processing: tremor_simulation_big_spiral_tremor_90_meenakshi:frame_000381

Processing: tremor_simulation_big_spiral_tremor_90_meenakshi:frame_000382

Processing: tremor_simulation_big_spiral_tremor_90_meenakshi:frame_000383

Processing: tremor_simulation_big_spiral_tremor_90_meenakshi:frame_000384

Processing: tremor_simulation_big_spiral_tremor_90_meenakshi:frame_000385

Processing: tremor_simulation_big_spiral_tremor_90_meenakshi:frame_000386

Processing: tremor_simulation_big_spiral_tremor_90_meenakshi:frame_000387

Processing: tremor_simulation_big_spiral_tremor_90_meenakshi:frame_000388

Processing: tremor_simulation_big_spiral_tremor_90_meenakshi:frame_000389

Processing: tremor_simulation_big_spiral_tremor_90_meenakshi:frame_000390

Processing: tremor_simulation_big_spiral_tremor_90_meenakshi:frame_000391

Processing: tremor_simulation_big_spiral_tremor_90_meenakshi:frame_000392

Processing: tremor_simulation_big_spiral_tremor_90_meenakshi:frame_000393

Processing: tremor_simulation_big_spiral_tremor_90_meenakshi:frame_000394

Processing: tremor_simulation_big_spiral_tremor_90_meenakshi:frame_000395

Processing: tremor_simulation_big_spiral_tremor_90_meenakshi:frame_000396

Processing: tremor_simulation_big_spiral_tremor_90_meenakshi:frame_000397

Processing: tremor_simulation_big_spiral_tremor_90_meenakshi:frame_000398

Processing: tremor_simulation_big_spiral_tremor_90_meenakshi:frame_000399

Processing: tremor_simulation_big_spiral_tremor_90_meenakshi:frame_000400

Processing: tremor_simulation_big_spiral_tremor_90_meenakshi:frame_000401

Processing: tremor_simulation_big_spiral_tremor_90_meenakshi:frame_000402

Processing: tremor_simulation_big_spiral_tremor_90_meenakshi:frame_000403

Processing: tremor_simulation_big_spiral_tremor_90_meenakshi:frame_000404

Processing: tremor_simulation_big_spiral_tremor_90_meenakshi:frame_000405

Processing: tremor_simulation_big_spiral_tremor_90_meenakshi:frame_000406

Processing: tremor_simulation_big_spiral_tremor_90_meenakshi:frame_000407

Processing: tremor_simulation_big_spiral_tremor_90_meenakshi:frame_000408

Processing: tremor_simulation_big_spiral_tremor_90_meenakshi:frame_000409

Processing: tremor_simulation_big_spiral_tremor_90_meenakshi:frame_000410

Processing: tremor_simulation_big_spiral_tremor_90_meenakshi:frame_000411

Processing: tremor_simulation_big_spiral_tremor_90_meenakshi:frame_000412

Processing: tremor_simulation_big_spiral_tremor_90_meenakshi:frame_000413

Processing: tremor_simulation_big_spiral_tremor_90_meenakshi:frame_000414

Processing: tremor_simulation_big_spiral_tremor_90_meenakshi:frame_000415

Processing: tremor_simulation_big_spiral_tremor_90_meenakshi:frame_000416

Processing: tremor_simulation_big_spiral_tremor_90_meenakshi:frame_000417

Processing: tremor_simulation_big_spiral_tremor_90_meenakshi:frame_000418

Processing: tremor_simulation_big_spiral_tremor_90_meenakshi:frame_000419

Processing: tremor_simulation_big_spiral_tremor_90_meenakshi:frame_000420

Processing: tremor_simulation_big_spiral_tremor_90_meenakshi:frame_000421

Processing: tremor_simulation_big_spiral_tremor_90_meenakshi:frame_000422

Processing: tremor_simulation_big_spiral_tremor_90_meenakshi:frame_000423

Processing: tremor_simulation_big_spiral_tremor_90_meenakshi:frame_000424

Processing: tremor_simulation_big_spiral_tremor_90_meenakshi:frame_000425

Processing: tremor_simulation_big_spiral_tremor_90_meenakshi:frame_000426

Processing: tremor_simulation_big_spiral_tremor_90_meenakshi:frame_000427

Processing: tremor_simulation_big_spiral_tremor_90_meenakshi:frame_000428

Processing: tremor_simulation_big_spiral_tremor_90_meenakshi:frame_000429

Processing: tremor_simulation_big_spiral_tremor_90_meenakshi:frame_000430

Processing: tremor_simulation_big_spiral_tremor_90_meenakshi:frame_000431

Processing: tremor_simulation_big_spiral_tremor_90_meenakshi:frame_000432

Processing: tremor_simulation_big_spiral_tremor_90_meenakshi:frame_000433

Processing: tremor_simulation_big_spiral_tremor_90_meenakshi:frame_000434

Processing: tremor_simulation_big_spiral_tremor_90_meenakshi:frame_000435

Processing: tremor_simulation_big_spiral_tremor_90_meenakshi:frame_000436

Processing: tremor_simulation_big_spiral_tremor_90_meenakshi:frame_000437

Processing: tremor_simulation_big_spiral_tremor_90_meenakshi:frame_000438

Processing: tremor_simulation_big_spiral_tremor_90_meenakshi:frame_000439

Processing: tremor_simulation_big_spiral_tremor_90_meenakshi:frame_000440

Processing: tremor_simulation_big_spiral_tremor_90_meenakshi:frame_000441

Processing: tremor_simulation_big_spiral_tremor_90_meenakshi:frame_000442

Processing: tremor_simulation_big_spiral_tremor_90_meenakshi:frame_000443

Processing: tremor_simulation_big_spiral_tremor_90_meenakshi:frame_000444

Processing: tremor_simulation_big_spiral_tremor_90_meenakshi:frame_000445

Processing: tremor_simulation_big_spiral_tremor_90_meenakshi:frame_000446

Processing: tremor_simulation_big_spiral_tremor_90_meenakshi:frame_000447

Processing: tremor_simulation_big_spiral_tremor_90_meenakshi:frame_000448

Processing: tremor_simulation_big_spiral_tremor_90_meenakshi:frame_000449

Processing: tremor_simulation_big_spiral_tremor_90_meenakshi:frame_000450

Processing: tremor_simulation_big_spiral_tremor_90_meenakshi:frame_000451

Processing: tremor_simulation_big_spiral_tremor_90_meenakshi:frame_000452

Processing: tremor_simulation_big_spiral_tremor_90_meenakshi:frame_000453

Processing: tremor_simulation_big_spiral_tremor_90_meenakshi:frame_000454

Processing: tremor_simulation_big_spiral_tremor_90_meenakshi:frame_000455

Processing: tremor_simulation_big_spiral_tremor_90_meenakshi:frame_000456

Processing: tremor_simulation_big_spiral_tremor_90_meenakshi:frame_000457

Processing: tremor_simulation_big_spiral_tremor_90_meenakshi:frame_000458

Processing: tremor_simulation_big_spiral_tremor_90_meenakshi:frame_000459

Processing: tremor_simulation_big_spiral_tremor_90_meenakshi:frame_000460

Processing: tremor_simulation_big_spiral_tremor_90_meenakshi:frame_000461

Processing: tremor_simulation_big_spiral_tremor_90_meenakshi:frame_000462

Processing: tremor_simulation_big_spiral_tremor_90_meenakshi:frame_000463

Processing: tremor_simulation_big_spiral_tremor_90_meenakshi:frame_000464

Processing: tremor_simulation_big_spiral_tremor_90_meenakshi:frame_000465

Processing: tremor_simulation_big_spiral_tremor_90_meenakshi:frame_000466

Processing: tremor_simulation_big_spiral_tremor_90_meenakshi:frame_000467

Processing: tremor_simulation_big_spiral_tremor_90_meenakshi:frame_000468

Processing: tremor_simulation_big_spiral_tremor_90_meenakshi:frame_000469

Processing: tremor_simulation_big_spiral_tremor_90_meenakshi:frame_000470

Processing: tremor_simulation_big_spiral_tremor_90_meenakshi:frame_000471

Processing: tremor_simulation_big_spiral_tremor_90_meenakshi:frame_000472

Processing: tremor_simulation_big_spiral_tremor_90_meenakshi:frame_000473

Processing: tremor_simulation_big_spiral_tremor_90_meenakshi:frame_000474

Processing: tremor_simulation_big_spiral_tremor_90_meenakshi:frame_000475

Processing: tremor_simulation_big_spiral_tremor_90_meenakshi:frame_000476

Processing: tremor_simulation_big_spiral_tremor_90_meenakshi:frame_000477

Processing: tremor_simulation_big_spiral_tremor_90_meenakshi:frame_000478

Processing: tremor_simulation_big_spiral_tremor_90_meenakshi:frame_000479

Processing: tremor_simulation_big_spiral_tremor_90_meenakshi:frame_000480

Processing: tremor_simulation_big_spiral_tremor_90_meenakshi:frame_000481

Processing: tremor_simulation_big_spiral_tremor_90_meenakshi:frame_000482

Processing: tremor_simulation_big_spiral_tremor_90_meenakshi:frame_000483

Processing: tremor_simulation_big_spiral_tremor_90_meenakshi:frame_000484

Processing: tremor_simulation_big_spiral_tremor_90_meenakshi:frame_000485

Processing: tremor_simulation_big_spiral_tremor_90_meenakshi:frame_000486

Processing: tremor_simulation_big_spiral_tremor_90_meenakshi:frame_000487

Processing: tremor_simulation_big_spiral_tremor_90_meenakshi:frame_000488

Processing: tremor_simulation_big_spiral_tremor_90_meenakshi:frame_000489

Processing: tremor_simulation_big_spiral_tremor_90_meenakshi:frame_000490

Processing: tremor_simulation_big_spiral_tremor_90_meenakshi:frame_000491

Processing: tremor_simulation_big_spiral_tremor_90_meenakshi:frame_000492

Processing: tremor_simulation_big_spiral_tremor_90_meenakshi:frame_000493

Processing: tremor_simulation_big_spiral_tremor_90_meenakshi:frame_000494

Processing: tremor_simulation_big_spiral_tremor_90_meenakshi:frame_000495

Processing: tremor_simulation_big_spiral_tremor_90_meenakshi:frame_000496

Processing: tremor_simulation_big_spiral_tremor_90_meenakshi:frame_000497

Processing: tremor_simulation_big_spiral_tremor_90_meenakshi:frame_000498

Processing: tremor_simulation_big_spiral_tremor_90_meenakshi:frame_000499

Processing: tremor_simulation_big_spiral_tremor_90_meenakshi:frame_000500

Processing: tremor_simulation_big_spiral_tremor_90_meenakshi:frame_000501

Processing: tremor_simulation_big_spiral_tremor_90_meenakshi:frame_000502

Processing: tremor_simulation_big_spiral_tremor_90_meenakshi:frame_000503

Processing: tremor_simulation_big_spiral_tremor_90_meenakshi:frame_000504

Processing: tremor_simulation_big_spiral_tremor_90_meenakshi:frame_000505

Processing: tremor_simulation_big_spiral_tremor_90_meenakshi:frame_000506

Processing: tremor_simulation_big_spiral_tremor_90_meenakshi:frame_000507

Processing: tremor_simulation_big_spiral_tremor_90_meenakshi:frame_000508

Processing: tremor_simulation_big_spiral_tremor_90_meenakshi:frame_000509

Processing: tremor_simulation_big_spiral_tremor_90_meenakshi:frame_000510

Processing: tremor_simulation_big_spiral_tremor_90_meenakshi:frame_000511

Processing: tremor_simulation_big_spiral_tremor_90_meenakshi:frame_000512

Processing: tremor_simulation_big_spiral_tremor_90_meenakshi:frame_000513

Processing: tremor_simulation_big_spiral_tremor_90_meenakshi:frame_000514

Processing: tremor_simulation_big_spiral_tremor_90_meenakshi:frame_000515

Processing: tremor_simulation_big_spiral_tremor_90_meenakshi:frame_000516

Processing: tremor_simulation_big_spiral_tremor_90_meenakshi:frame_000517

Processing: tremor_simulation_big_spiral_tremor_90_meenakshi:frame_000518

Processing: tremor_simulation_big_spiral_tremor_90_meenakshi:frame_000519

Processing: tremor_simulation_big_spiral_tremor_90_meenakshi:frame_000520

Processing: tremor_simulation_big_spiral_tremor_90_meenakshi:frame_000521

Processing: tremor_simulation_big_spiral_tremor_90_meenakshi:frame_000522

Processing: tremor_simulation_big_spiral_tremor_90_meenakshi:frame_000523

Processing: tremor_simulation_big_spiral_tremor_90_meenakshi:frame_000524

Processing: tremor_simulation_big_spiral_tremor_90_meenakshi:frame_000525

Processing: tremor_simulation_big_spiral_tremor_90_meenakshi:frame_000526

Processing: tremor_simulation_big_spiral_tremor_90_meenakshi:frame_000527

Processing: tremor_simulation_big_spiral_tremor_90_meenakshi:frame_000528

Processing: tremor_simulation_big_spiral_tremor_90_meenakshi:frame_000529

Processing: tremor_simulation_big_spiral_tremor_90_meenakshi:frame_000530

Processing: tremor_simulation_big_spiral_tremor_90_meenakshi:frame_000531

Processing: tremor_simulation_big_spiral_tremor_90_meenakshi:frame_000532

Processing: tremor_simulation_big_spiral_tremor_90_meenakshi:frame_000533

Processing: tremor_simulation_big_spiral_tremor_90_meenakshi:frame_000534

Processing: tremor_simulation_big_spiral_tremor_90_meenakshi:frame_000535

Processing: tremor_simulation_big_spiral_tremor_90_meenakshi:frame_000536

Processing: tremor_simulation_big_spiral_tremor_90_meenakshi:frame_000537

Processing: tremor_simulation_big_spiral_tremor_90_meenakshi:frame_000538

Processing: tremor_simulation_big_spiral_tremor_90_meenakshi:frame_000539

Processing: tremor_simulation_big_spiral_tremor_90_meenakshi:frame_000540

Processing: tremor_simulation_big_spiral_tremor_90_meenakshi:frame_000541

Processing: tremor_simulation_big_spiral_tremor_90_meenakshi:frame_000542

Processing: tremor_simulation_big_spiral_tremor_90_meenakshi:frame_000543

Processing: tremor_simulation_big_spiral_tremor_90_meenakshi:frame_000544

Processing: tremor_simulation_big_spiral_tremor_90_meenakshi:frame_000545

Processing: tremor_simulation_big_spiral_tremor_90_meenakshi:frame_000546

Processing: tremor_simulation_big_spiral_tremor_90_meenakshi:frame_000547

Processing: tremor_simulation_big_spiral_tremor_90_meenakshi:frame_000548

Processing: tremor_simulation_big_spiral_tremor_90_meenakshi:frame_000549

Processing: tremor_simulation_big_spiral_tremor_90_meenakshi:frame_000550

Processing: tremor_simulation_big_spiral_tremor_90_meenakshi:frame_000551

Processing: tremor_simulation_big_spiral_tremor_90_meenakshi:frame_000552

Processing: tremor_simulation_big_spiral_tremor_90_meenakshi:frame_000553

Processing: tremor_simulation_big_spiral_tremor_90_meenakshi:frame_000554

Processing: tremor_simulation_big_spiral_tremor_90_meenakshi:frame_000555

Processing: tremor_simulation_big_spiral_tremor_90_meenakshi:frame_000556

Processing: tremor_simulation_big_spiral_tremor_90_meenakshi:frame_000557

Processing: tremor_simulation_big_spiral_tremor_90_meenakshi:frame_000558

Processing: tremor_simulation_big_spiral_tremor_90_meenakshi:frame_000559

Processing: tremor_simulation_big_spiral_tremor_90_meenakshi:frame_000560

Processing: tremor_simulation_big_spiral_tremor_90_meenakshi:frame_000561

Processing: tremor_simulation_big_spiral_tremor_90_meenakshi:frame_000562

Processing: tremor_simulation_big_spiral_tremor_90_meenakshi:frame_000563

Processing: tremor_simulation_big_spiral_tremor_90_meenakshi:frame_000564

Processing: tremor_simulation_big_spiral_tremor_90_meenakshi:frame_000565

Processing: tremor_simulation_big_spiral_tremor_90_meenakshi:frame_000566

Processing: tremor_simulation_big_spiral_tremor_90_meenakshi:frame_000567

Processing: tremor_simulation_big_spiral_tremor_90_meenakshi:frame_000568

Processing: tremor_simulation_big_spiral_tremor_90_meenakshi:frame_000569

Processing: tremor_simulation_big_spiral_tremor_90_meenakshi:frame_000570

Processing: tremor_simulation_big_spiral_tremor_90_meenakshi:frame_000571

Processing: tremor_simulation_big_spiral_tremor_90_meenakshi:frame_000572

Processing: tremor_simulation_big_spiral_tremor_90_meenakshi:frame_000573

Processing: tremor_simulation_big_spiral_tremor_90_meenakshi:frame_000574

Processing: tremor_simulation_big_spiral_tremor_90_meenakshi:frame_000575

Processing: tremor_simulation_big_spiral_tremor_90_meenakshi:frame_000576

Processing: tremor_simulation_big_spiral_tremor_90_meenakshi:frame_000577

Processing: tremor_simulation_big_spiral_tremor_90_meenakshi:frame_000578

Processing: tremor_simulation_big_spiral_tremor_90_meenakshi:frame_000579

Processing: tremor_simulation_big_spiral_tremor_90_meenakshi:frame_000580

Processing: tremor_simulation_big_spiral_tremor_90_meenakshi:frame_000581

Processing: tremor_simulation_big_spiral_tremor_90_meenakshi:frame_000582

Processing: tremor_simulation_big_spiral_tremor_90_meenakshi:frame_000583

Processing: tremor_simulation_big_spiral_tremor_90_meenakshi:frame_000584

Processing: tremor_simulation_big_spiral_tremor_90_meenakshi:frame_000585

Processing: tremor_simulation_big_spiral_tremor_90_meenakshi:frame_000586

Processing: tremor_simulation_big_spiral_tremor_90_meenakshi:frame_000587

Processing: tremor_simulation_big_spiral_tremor_90_meenakshi:frame_000588

Processing: tremor_simulation_big_spiral_tremor_90_meenakshi:frame_000589

Processing: tremor_simulation_big_spiral_tremor_90_meenakshi:frame_000590

Processing: tremor_simulation_big_spiral_tremor_90_meenakshi:frame_000591

Processing: tremor_simulation_big_spiral_tremor_90_meenakshi:frame_000592

Processing: tremor_simulation_big_spiral_tremor_90_meenakshi:frame_000593

Processing: tremor_simulation_big_spiral_tremor_90_meenakshi:frame_000594

Processing: tremor_simulation_big_spiral_tremor_90_meenakshi:frame_000595

Processing: tremor_simulation_big_spiral_tremor_90_meenakshi:frame_000596

Processing: tremor_simulation_big_spiral_tremor_90_meenakshi:frame_000597

Processing: tremor_simulation_big_spiral_tremor_90_meenakshi:frame_000598

Processing: tremor_simulation_big_spiral_tremor_90_meenakshi:frame_000599

Processing: tremor_simulation_big_spiral_tremor_90_meenakshi:frame_000600

Processing: tremor_simulation_big_spiral_tremor_90_meenakshi:frame_000601

Processing: tremor_simulation_big_spiral_tremor_90_meenakshi:frame_000602

Processing: tremor_simulation_big_spiral_tremor_90_meenakshi:frame_000603

Processing: tremor_simulation_big_spiral_tremor_90_meenakshi:frame_000604

Processing: tremor_simulation_big_spiral_tremor_90_meenakshi:frame_000605

Processing: tremor_simulation_big_spiral_tremor_90_meenakshi:frame_000606

Processing: tremor_simulation_big_spiral_tremor_90_meenakshi:frame_000607

Processing: tremor_simulation_big_spiral_tremor_90_meenakshi:frame_000608

Processing: tremor_simulation_big_spiral_tremor_90_meenakshi:frame_000609

Processing: tremor_simulation_big_spiral_tremor_90_meenakshi:frame_000610

Processing: tremor_simulation_big_spiral_tremor_90_meenakshi:frame_000611

Processing: tremor_simulation_big_spiral_tremor_90_meenakshi:frame_000612

Processing: tremor_simulation_big_spiral_tremor_90_meenakshi:frame_000613

Processing: tremor_simulation_big_spiral_tremor_90_meenakshi:frame_000614

Processing: tremor_simulation_big_spiral_tremor_90_meenakshi:frame_000615

Processing: tremor_simulation_big_spiral_tremor_90_meenakshi:frame_000616

Processing: tremor_simulation_big_spiral_tremor_90_meenakshi:frame_000617

Processing: tremor_simulation_big_spiral_tremor_90_meenakshi:frame_000618

Processing: tremor_simulation_big_spiral_tremor_90_meenakshi:frame_000619

Processing: tremor_simulation_big_spiral_tremor_90_meenakshi:frame_000620

Processing: tremor_simulation_big_spiral_tremor_90_meenakshi:frame_000621

Processing: tremor_simulation_big_spiral_tremor_90_meenakshi:frame_000622

Processing: tremor_simulation_big_spiral_tremor_90_meenakshi:frame_000623

Processing: tremor_simulation_big_spiral_tremor_90_meenakshi:frame_000624

Processing: tremor_simulation_big_spiral_tremor_90_meenakshi:frame_000625

Processing: tremor_simulation_big_spiral_tremor_90_meenakshi:frame_000626

Processing: tremor_simulation_big_spiral_tremor_90_meenakshi:frame_000627

Processing: tremor_simulation_big_spiral_tremor_90_meenakshi:frame_000628

Processing: tremor_simulation_big_spiral_tremor_90_meenakshi:frame_000629

Processing: tremor_simulation_big_spiral_tremor_90_meenakshi:frame_000630

Processing: tremor_simulation_big_spiral_tremor_90_meenakshi:frame_000631

Processing: tremor_simulation_big_spiral_tremor_90_meenakshi:frame_000632

Processing: tremor_simulation_big_spiral_tremor_90_meenakshi:frame_000633

Processing: tremor_simulation_big_spiral_tremor_90_meenakshi:frame_000634

Processing: tremor_simulation_big_spiral_tremor_90_meenakshi:frame_000635

Processing: tremor_simulation_big_spiral_tremor_90_meenakshi:frame_000636

Processing: tremor_simulation_big_spiral_tremor_90_meenakshi:frame_000637

Processing: tremor_simulation_big_spiral_tremor_90_meenakshi:frame_000638

Processing: tremor_simulation_big_spiral_tremor_90_meenakshi:frame_000639

Processing: tremor_simulation_big_spiral_tremor_90_meenakshi:frame_000640

Processing: tremor_simulation_big_spiral_tremor_90_meenakshi:frame_000641

Processing: tremor_simulation_big_spiral_tremor_90_meenakshi:frame_000642

Processing: tremor_simulation_big_spiral_tremor_90_meenakshi:frame_000643

Processing: tremor_simulation_big_spiral_tremor_90_meenakshi:frame_000644

Processing: tremor_simulation_big_spiral_tremor_90_meenakshi:frame_000645

Processing: tremor_simulation_big_spiral_tremor_90_meenakshi:frame_000646

Processing: tremor_simulation_big_spiral_tremor_90_meenakshi:frame_000647

Processing: tremor_simulation_big_spiral_tremor_90_meenakshi:frame_000648

Processing: tremor_simulation_big_spiral_tremor_90_meenakshi:frame_000649

Processing: tremor_simulation_big_spiral_tremor_90_meenakshi:frame_000650

Processing: tremor_simulation_big_spiral_tremor_90_meenakshi:frame_000651

Processing: tremor_simulation_big_spiral_tremor_90_meenakshi:frame_000652

Processing: tremor_simulation_big_spiral_tremor_90_meenakshi:frame_000653

Processing: tremor_simulation_big_spiral_tremor_90_meenakshi:frame_000654

Processing: tremor_simulation_big_spiral_tremor_90_meenakshi:frame_000655

Processing: tremor_simulation_big_spiral_tremor_90_meenakshi:frame_000656

Processing: tremor_simulation_big_spiral_tremor_90_meenakshi:frame_000657

Processing: tremor_simulation_big_spiral_tremor_90_meenakshi:frame_000658

Processing: tremor_simulation_big_spiral_tremor_90_meenakshi:frame_000659

Processing: tremor_simulation_big_spiral_tremor_90_meenakshi:frame_000660

Processing: tremor_simulation_big_spiral_tremor_90_meenakshi:frame_000661

Processing: tremor_simulation_big_spiral_tremor_90_meenakshi:frame_000662

Processing: tremor_simulation_big_spiral_tremor_90_meenakshi:frame_000663

Processing: tremor_simulation_big_spiral_tremor_90_meenakshi:frame_000664

Processing: tremor_simulation_big_spiral_tremor_90_meenakshi:frame_000665

Processing: tremor_simulation_big_spiral_tremor_90_meenakshi:frame_000666

Processing: tremor_simulation_big_spiral_tremor_90_meenakshi:frame_000667

Processing: tremor_simulation_big_spiral_tremor_90_meenakshi:frame_000668

Processing: tremor_simulation_big_spiral_tremor_90_meenakshi:frame_000669

Processing: tremor_simulation_big_spiral_tremor_90_meenakshi:frame_000670

Processing: tremor_simulation_big_spiral_tremor_90_meenakshi:frame_000671

Processing: tremor_simulation_big_spiral_tremor_90_meenakshi:frame_000672

Processing: tremor_simulation_big_spiral_tremor_90_meenakshi:frame_000673

Processing: tremor_simulation_big_spiral_tremor_90_meenakshi:frame_000674

Processing: tremor_simulation_big_spiral_tremor_90_meenakshi:frame_000675

Processing: tremor_simulation_big_spiral_tremor_90_meenakshi:frame_000676

Processing: tremor_simulation_big_spiral_tremor_90_meenakshi:frame_000677

Processing: tremor_simulation_big_spiral_tremor_90_meenakshi:frame_000678

Processing: tremor_simulation_big_spiral_tremor_90_meenakshi:frame_000679

Processing: tremor_simulation_big_spiral_tremor_90_meenakshi:frame_000680

Processing: tremor_simulation_big_spiral_tremor_90_meenakshi:frame_000681

Processing: tremor_simulation_big_spiral_tremor_90_meenakshi:frame_000682

Processing: tremor_simulation_big_spiral_tremor_90_meenakshi:frame_000683

Processing: tremor_simulation_big_spiral_tremor_90_meenakshi:frame_000684

Processing: tremor_simulation_big_spiral_tremor_90_meenakshi:frame_000685

Processing: tremor_simulation_big_spiral_tremor_90_meenakshi:frame_000686

Processing: tremor_simulation_big_spiral_tremor_90_meenakshi:frame_000687

Processing: tremor_simulation_big_spiral_tremor_90_meenakshi:frame_000688

Processing: tremor_simulation_big_spiral_tremor_90_meenakshi:frame_000689

Processing: tremor_simulation_big_spiral_tremor_90_meenakshi:frame_000690

Processing: tremor_simulation_big_spiral_tremor_90_meenakshi:frame_000691

Processing: tremor_simulation_big_spiral_tremor_90_meenakshi:frame_000692

Processing: tremor_simulation_big_spiral_tremor_90_meenakshi:frame_000693

Processing: tremor_simulation_big_spiral_tremor_90_meenakshi:frame_000694

Processing: tremor_simulation_big_spiral_tremor_90_meenakshi:frame_000695

Processing: tremor_simulation_big_spiral_tremor_90_meenakshi:frame_000696

Processing: tremor_simulation_big_spiral_tremor_90_meenakshi:frame_000697

Processing: tremor_simulation_big_spiral_tremor_90_meenakshi:frame_000698

Processing: tremor_simulation_big_spiral_tremor_90_meenakshi:frame_000699

Processing: tremor_simulation_big_spiral_tremor_90_meenakshi:frame_000700

Processing: tremor_simulation_big_spiral_tremor_90_meenakshi:frame_000701

Processing: tremor_simulation_big_spiral_tremor_90_meenakshi:frame_000702

Processing: tremor_simulation_big_spiral_tremor_90_meenakshi:frame_000703

Processing: tremor_simulation_big_spiral_tremor_90_meenakshi:frame_000704

Processing: tremor_simulation_big_spiral_tremor_90_meenakshi:frame_000705

Processing: tremor_simulation_big_spiral_tremor_90_meenakshi:frame_000706

Processing: tremor_simulation_big_spiral_tremor_90_meenakshi:frame_000707

Processing: tremor_simulation_big_spiral_tremor_90_meenakshi:frame_000708

Processing: tremor_simulation_big_spiral_tremor_90_meenakshi:frame_000709

Processing: tremor_simulation_big_spiral_tremor_90_meenakshi:frame_000710

Processing: tremor_simulation_big_spiral_tremor_90_meenakshi:frame_000711

Processing: tremor_simulation_big_spiral_tremor_90_meenakshi:frame_000712

Processing: tremor_simulation_big_spiral_tremor_90_meenakshi:frame_000713

Processing: tremor_simulation_big_spiral_tremor_90_meenakshi:frame_000714

Processing: tremor_simulation_big_spiral_tremor_90_meenakshi:frame_000715

Processing: tremor_simulation_big_spiral_tremor_90_meenakshi:frame_000716

Processing: tremor_simulation_big_spiral_tremor_90_meenakshi:frame_000717

Processing: tremor_simulation_big_spiral_tremor_90_meenakshi:frame_000718

Processing: tremor_simulation_big_spiral_tremor_90_meenakshi:frame_000719

Processing: tremor_simulation_big_spiral_tremor_90_meenakshi:frame_000720

Processing: tremor_simulation_big_spiral_tremor_90_meenakshi:frame_000721

Processing: tremor_simulation_big_spiral_tremor_90_meenakshi:frame_000722

Processing: tremor_simulation_big_spiral_tremor_90_meenakshi:frame_000723

Processing: tremor_simulation_big_spiral_tremor_90_meenakshi:frame_000724

Processing: tremor_simulation_big_spiral_tremor_90_meenakshi:frame_000725

Processing: tremor_simulation_big_spiral_tremor_90_meenakshi:frame_000726

Processing: tremor_simulation_big_spiral_tremor_90_meenakshi:frame_000727

Processing: tremor_simulation_big_spiral_tremor_90_meenakshi:frame_000728

Processing: tremor_simulation_big_spiral_tremor_90_meenakshi:frame_000729

Processing: tremor_simulation_big_spiral_tremor_90_meenakshi:frame_000730

Processing: tremor_simulation_big_spiral_tremor_90_meenakshi:frame_000731

Processing: tremor_simulation_big_spiral_tremor_90_meenakshi:frame_000732

Processing: tremor_simulation_big_spiral_tremor_90_meenakshi:frame_000733

Processing: tremor_simulation_big_spiral_tremor_90_meenakshi:frame_000734

Processing: tremor_simulation_big_spiral_tremor_90_meenakshi:frame_000735

Processing: tremor_simulation_big_spiral_tremor_90_meenakshi:frame_000736

Processing: tremor_simulation_big_spiral_tremor_90_meenakshi:frame_000737

Processing: tremor_simulation_big_spiral_tremor_90_meenakshi:frame_000738

Processing: tremor_simulation_big_spiral_tremor_90_meenakshi:frame_000739

Processing: tremor_simulation_big_spiral_tremor_90_meenakshi:frame_000740

Processing: tremor_simulation_big_spiral_tremor_90_meenakshi:frame_000741

Processing: tremor_simulation_big_spiral_tremor_90_meenakshi:frame_000742

Processing: tremor_simulation_big_spiral_tremor_90_meenakshi:frame_000743

Processing: tremor_simulation_big_spiral_tremor_90_meenakshi:frame_000744

Processing: tremor_simulation_big_spiral_tremor_90_meenakshi:frame_000745

Processing: tremor_simulation_big_spiral_tremor_90_meenakshi:frame_000746

Processing: tremor_simulation_big_spiral_tremor_90_meenakshi:frame_000747

Processing: tremor_simulation_big_spiral_tremor_90_meenakshi:frame_000748

Processing: tremor_simulation_big_spiral_tremor_90_meenakshi:frame_000749

Processing: tremor_simulation_big_spiral_tremor_90_meenakshi:frame_000750

Processing: tremor_simulation_big_spiral_tremor_90_meenakshi:frame_000751

Processing: tremor_simulation_big_spiral_tremor_90_meenakshi:frame_000752

Processing: tremor_simulation_big_spiral_tremor_90_meenakshi:frame_000753

Processing: tremor_simulation_big_spiral_tremor_90_meenakshi:frame_000754

Processing: tremor_simulation_big_spiral_tremor_90_meenakshi:frame_000755

Processing: tremor_simulation_big_spiral_tremor_90_meenakshi:frame_000756

Processing: tremor_simulation_big_spiral_tremor_90_meenakshi:frame_000757

Processing: tremor_simulation_big_spiral_tremor_90_meenakshi:frame_000758

Processing: tremor_simulation_big_spiral_tremor_90_meenakshi:frame_000759

Processing: tremor_simulation_big_spiral_tremor_90_meenakshi:frame_000760

Processing: tremor_simulation_big_spiral_tremor_90_meenakshi:frame_000761

Processing: tremor_simulation_big_spiral_tremor_90_meenakshi:frame_000762

Processing: tremor_simulation_big_spiral_tremor_90_meenakshi:frame_000763

Processing: tremor_simulation_big_spiral_tremor_90_meenakshi:frame_000764

Processing: tremor_simulation_big_spiral_tremor_90_meenakshi:frame_000765

Processing: tremor_simulation_big_spiral_tremor_90_meenakshi:frame_000766

Processing: tremor_simulation_big_spiral_tremor_90_meenakshi:frame_000767

Processing: tremor_simulation_big_spiral_tremor_90_meenakshi:frame_000768

Processing: tremor_simulation_big_spiral_tremor_90_meenakshi:frame_000769

Processing: tremor_simulation_big_spiral_tremor_90_meenakshi:frame_000770

Processing: tremor_simulation_big_spiral_tremor_90_meenakshi:frame_000771

Processing: tremor_simulation_big_spiral_tremor_90_meenakshi:frame_000772

Processing: tremor_simulation_big_spiral_tremor_90_meenakshi:frame_000773

Processing: tremor_simulation_big_spiral_tremor_90_meenakshi:frame_000774

Processing: tremor_simulation_big_spiral_tremor_90_meenakshi:frame_000775

Processing: tremor_simulation_big_spiral_tremor_90_meenakshi:frame_000776

Processing: tremor_simulation_big_spiral_tremor_90_meenakshi:frame_000777

Processing: tremor_simulation_big_spiral_tremor_90_meenakshi:frame_000778

Processing: tremor_simulation_big_spiral_tremor_90_meenakshi:frame_000779

Processing: tremor_simulation_big_spiral_tremor_90_meenakshi:frame_000780

Processing: tremor_simulation_big_spiral_tremor_90_meenakshi:frame_000781

Processing: tremor_simulation_big_spiral_tremor_90_meenakshi:frame_000782

Processing: tremor_simulation_big_spiral_tremor_90_meenakshi:frame_000783

Processing: tremor_simulation_big_spiral_tremor_90_meenakshi:frame_000784

Processing: tremor_simulation_big_spiral_tremor_90_meenakshi:frame_000785

Processing: tremor_simulation_big_spiral_tremor_90_meenakshi:frame_000786

Processing: tremor_simulation_big_spiral_tremor_90_meenakshi:frame_000787

Processing: tremor_simulation_big_spiral_tremor_90_meenakshi:frame_000788

Processing: tremor_simulation_big_spiral_tremor_90_meenakshi:frame_000789

Processing: tremor_simulation_big_spiral_tremor_90_meenakshi:frame_000790

Processing: tremor_simulation_big_spiral_tremor_90_meenakshi:frame_000791

Processing: tremor_simulation_big_spiral_tremor_90_meenakshi:frame_000792

Processing: tremor_simulation_big_spiral_tremor_90_meenakshi:frame_000793

Processing: tremor_simulation_big_spiral_tremor_90_meenakshi:frame_000794

Processing: tremor_simulation_big_spiral_tremor_90_meenakshi:frame_000795

Processing: tremor_simulation_big_spiral_tremor_90_meenakshi:frame_000796

Processing: tremor_simulation_big_spiral_tremor_90_meenakshi:frame_000797

Processing: tremor_simulation_big_spiral_tremor_90_meenakshi:frame_000798

Processing: tremor_simulation_big_spiral_tremor_90_meenakshi:frame_000799

Processing: tremor_simulation_big_spiral_tremor_90_meenakshi:frame_000800

Processing: tremor_simulation_big_spiral_tremor_90_meenakshi:frame_000801

Processing: tremor_simulation_big_spiral_tremor_90_meenakshi:frame_000802

Processing: tremor_simulation_big_spiral_tremor_90_meenakshi:frame_000803

Processing: tremor_simulation_big_spiral_tremor_90_meenakshi:frame_000804

Processing: tremor_simulation_big_spiral_tremor_90_meenakshi:frame_000805

Processing: tremor_simulation_big_spiral_tremor_90_meenakshi:frame_000806

Processing: tremor_simulation_big_spiral_tremor_90_meenakshi:frame_000807

Processing: tremor_simulation_big_spiral_tremor_90_meenakshi:frame_000808

Processing: tremor_simulation_big_spiral_tremor_90_meenakshi:frame_000809

Processing: tremor_simulation_big_spiral_tremor_90_meenakshi:frame_000810

Processing: tremor_simulation_big_spiral_tremor_90_meenakshi:frame_000811

Processing: tremor_simulation_big_spiral_tremor_90_meenakshi:frame_000812

Processing: tremor_simulation_big_spiral_tremor_90_meenakshi:frame_000813

Processing: tremor_simulation_big_spiral_tremor_90_meenakshi:frame_000814

Processing: tremor_simulation_big_spiral_tremor_90_meenakshi:frame_000815

Processing: tremor_simulation_big_spiral_tremor_90_meenakshi:frame_000816

Processing: tremor_simulation_big_spiral_tremor_90_meenakshi:frame_000817

Processing: tremor_simulation_big_spiral_tremor_90_meenakshi:frame_000818

Processing: tremor_simulation_big_spiral_tremor_90_meenakshi:frame_000819

Processing: tremor_simulation_big_spiral_tremor_90_meenakshi:frame_000820

Processing: tremor_simulation_big_spiral_tremor_90_meenakshi:frame_000821

Processing: tremor_simulation_big_spiral_tremor_90_meenakshi:frame_000822

Processing: tremor_simulation_big_spiral_tremor_90_meenakshi:frame_000823

Processing: tremor_simulation_big_spiral_tremor_90_meenakshi:frame_000824

Processing: tremor_simulation_big_spiral_tremor_90_meenakshi:frame_000825

Processing: tremor_simulation_big_spiral_tremor_90_meenakshi:frame_000826

Processing: tremor_simulation_big_spiral_tremor_90_meenakshi:frame_000827

Processing: tremor_simulation_big_spiral_tremor_90_meenakshi:frame_000828

Processing: tremor_simulation_big_spiral_tremor_90_meenakshi:frame_000829

Processing: tremor_simulation_big_spiral_tremor_90_meenakshi:frame_000830

Processing: tremor_simulation_big_spiral_tremor_90_meenakshi:frame_000831

Processing: tremor_simulation_big_spiral_tremor_90_meenakshi:frame_000832

Processing: tremor_simulation_big_spiral_tremor_90_meenakshi:frame_000833

Processing: tremor_simulation_big_spiral_tremor_90_meenakshi:frame_000834

Processing: tremor_simulation_big_spiral_tremor_90_meenakshi:frame_000835

Processing: tremor_simulation_big_spiral_tremor_90_meenakshi:frame_000836

Processing: tremor_simulation_big_spiral_tremor_90_meenakshi:frame_000837

Processing: tremor_simulation_big_spiral_tremor_90_meenakshi:frame_000838

Processing: tremor_simulation_big_spiral_tremor_90_meenakshi:frame_000839

Processing: tremor_simulation_big_spiral_tremor_90_meenakshi:frame_000840

Processing: tremor_simulation_big_spiral_tremor_90_meenakshi:frame_000841

Processing: tremor_simulation_big_spiral_tremor_90_meenakshi:frame_000842

Processing: tremor_simulation_big_spiral_tremor_90_meenakshi:frame_000843

Processing: tremor_simulation_big_spiral_tremor_90_meenakshi:frame_000844

Processing: tremor_simulation_big_spiral_tremor_90_meenakshi:frame_000845

Processing: tremor_simulation_big_spiral_tremor_90_meenakshi:frame_000846

Processing: tremor_simulation_big_spiral_tremor_90_meenakshi:frame_000847

Processing: tremor_simulation_big_spiral_tremor_90_meenakshi:frame_000848

Processing: tremor_simulation_big_spiral_tremor_90_meenakshi:frame_000849

Processing: tremor_simulation_big_spiral_tremor_90_meenakshi:frame_000850

Processing: tremor_simulation_big_spiral_tremor_90_meenakshi:frame_000851

Processing: tremor_simulation_big_spiral_tremor_90_meenakshi:frame_000852

Processing: tremor_simulation_big_spiral_tremor_90_meenakshi:frame_000853

Processing: tremor_simulation_big_spiral_tremor_90_meenakshi:frame_000854

Processing: tremor_simulation_big_spiral_tremor_90_meenakshi:frame_000855

Processing: tremor_simulation_big_spiral_tremor_90_meenakshi:frame_000856

Processing: tremor_simulation_big_spiral_tremor_90_meenakshi:frame_000857

Processing: tremor_simulation_big_spiral_tremor_90_meenakshi:frame_000858

Processing: tremor_simulation_big_spiral_tremor_90_meenakshi:frame_000859

Processing: tremor_simulation_big_spiral_tremor_90_meenakshi:frame_000860

Processing: tremor_simulation_big_spiral_tremor_90_meenakshi:frame_000861

Processing: tremor_simulation_big_spiral_tremor_90_meenakshi:frame_000862

Processing: tremor_simulation_big_spiral_tremor_90_meenakshi:frame_000863

Processing: tremor_simulation_big_spiral_tremor_90_meenakshi:frame_000864

Processing: tremor_simulation_big_spiral_tremor_90_meenakshi:frame_000865

Processing: tremor_simulation_big_spiral_tremor_90_meenakshi:frame_000866

Processing: tremor_simulation_big_spiral_tremor_90_meenakshi:frame_000867

Processing: tremor_simulation_big_spiral_tremor_90_meenakshi:frame_000868

Processing: tremor_simulation_big_spiral_tremor_90_meenakshi:frame_000869

Processing: tremor_simulation_big_spiral_tremor_90_meenakshi:frame_000870

Processing: tremor_simulation_big_spiral_tremor_90_meenakshi:frame_000871

Processing: tremor_simulation_big_spiral_tremor_90_meenakshi:frame_000872

Processing: tremor_simulation_big_spiral_tremor_90_meenakshi:frame_000873

Processing: tremor_simulation_big_spiral_tremor_90_meenakshi:frame_000874

Processing: tremor_simulation_big_spiral_tremor_90_meenakshi:frame_000875

Processing: tremor_simulation_big_spiral_tremor_90_meenakshi:frame_000876

Processing: tremor_simulation_big_spiral_tremor_90_meenakshi:frame_000877

Processing: tremor_simulation_big_spiral_tremor_90_meenakshi:frame_000878

Processing: tremor_simulation_big_spiral_tremor_90_meenakshi:frame_000879

Processing: tremor_simulation_big_spiral_tremor_90_meenakshi:frame_000880

Processing: tremor_simulation_big_spiral_tremor_90_meenakshi:frame_000881

Processing: tremor_simulation_big_spiral_tremor_90_meenakshi:frame_000882

Processing: tremor_simulation_big_spiral_tremor_90_meenakshi:frame_000883

Processing: tremor_simulation_big_spiral_tremor_90_meenakshi:frame_000884

Processing: tremor_simulation_big_spiral_tremor_90_meenakshi:frame_000885

Processing: tremor_simulation_big_spiral_tremor_90_meenakshi:frame_000886

Processing: tremor_simulation_big_spiral_tremor_90_meenakshi:frame_000887

Processing: tremor_simulation_big_spiral_tremor_90_meenakshi:frame_000888

Processing: tremor_simulation_big_spiral_tremor_90_meenakshi:frame_000889

Processing: tremor_simulation_big_spiral_tremor_90_meenakshi:frame_000890

Processing: tremor_simulation_big_spiral_tremor_90_meenakshi:frame_000891

Processing: tremor_simulation_big_spiral_tremor_90_meenakshi:frame_000892

Processing: tremor_simulation_big_spiral_tremor_90_meenakshi:frame_000893

Processing: tremor_simulation_big_spiral_tremor_90_meenakshi:frame_000894

Processing: tremor_simulation_big_spiral_tremor_90_meenakshi:frame_000895

Processing: tremor_simulation_big_spiral_tremor_90_meenakshi:frame_000896

Processing: tremor_simulation_big_spiral_tremor_90_meenakshi:frame_000897

Processing: tremor_simulation_big_spiral_tremor_90_meenakshi:frame_000898

Processing: tremor_simulation_big_spiral_tremor_90_meenakshi:frame_000899

Processing: tremor_simulation_big_spiral_tremor_90_meenakshi:frame_000900

Processing: tremor_simulation_big_spiral_tremor_90_meenakshi:frame_000901

Processing: tremor_simulation_big_spiral_tremor_90_meenakshi:frame_000902

Processing: tremor_simulation_big_spiral_tremor_90_meenakshi:frame_000903

Processing: tremor_simulation_big_spiral_tremor_90_meenakshi:frame_000904

Processing: tremor_simulation_big_spiral_tremor_90_meenakshi:frame_000905

Processing: tremor_simulation_big_spiral_tremor_90_meenakshi:frame_000906

Processing: tremor_simulation_big_spiral_tremor_90_meenakshi:frame_000907

Processing: tremor_simulation_big_spiral_tremor_90_meenakshi:frame_000908

Processing: tremor_simulation_big_spiral_tremor_90_meenakshi:frame_000909

Processing: tremor_simulation_big_spiral_tremor_90_meenakshi:frame_000910

Processing: tremor_simulation_big_spiral_tremor_90_meenakshi:frame_000911

Processing: tremor_simulation_big_spiral_tremor_90_meenakshi:frame_000912

Processing: tremor_simulation_big_spiral_tremor_90_meenakshi:frame_000913

Processing: tremor_simulation_big_spiral_tremor_90_meenakshi:frame_000914

Processing: tremor_simulation_big_spiral_tremor_90_meenakshi:frame_000915

Processing: tremor_simulation_big_spiral_tremor_90_meenakshi:frame_000916

Processing: tremor_simulation_big_spiral_tremor_90_meenakshi:frame_000917

Processing: tremor_simulation_big_spiral_tremor_90_meenakshi:frame_000918

Processing: tremor_simulation_big_spiral_tremor_90_meenakshi:frame_000919

Processing: tremor_simulation_big_spiral_tremor_90_meenakshi:frame_000920

Processing: tremor_simulation_big_spiral_tremor_90_meenakshi:frame_000921

Processing: tremor_simulation_big_spiral_tremor_90_meenakshi:frame_000922

Processing: tremor_simulation_big_spiral_tremor_90_meenakshi:frame_000923

Processing: tremor_simulation_big_spiral_tremor_90_meenakshi:frame_000924

Processing: tremor_simulation_big_spiral_tremor_90_meenakshi:frame_000925

Processing: tremor_simulation_big_spiral_tremor_90_meenakshi:frame_000926

Processing: tremor_simulation_big_spiral_tremor_90_meenakshi:frame_000927

Processing: tremor_simulation_big_spiral_tremor_90_meenakshi:frame_000928

Processing: tremor_simulation_big_spiral_tremor_90_meenakshi:frame_000929

Processing: tremor_simulation_big_spiral_tremor_90_meenakshi:frame_000930

Processing: tremor_simulation_big_spiral_tremor_90_meenakshi:frame_000931

Processing: tremor_simulation_big_spiral_tremor_90_meenakshi:frame_000932

Processing: tremor_simulation_big_spiral_tremor_90_meenakshi:frame_000933

Processing: tremor_simulation_big_spiral_tremor_90_meenakshi:frame_000934

Processing: tremor_simulation_big_spiral_tremor_90_meenakshi:frame_000935

Processing: tremor_simulation_big_spiral_tremor_90_meenakshi:frame_000936

Processing: tremor_simulation_big_spiral_tremor_90_meenakshi:frame_000937

Processing: tremor_simulation_big_spiral_tremor_90_meenakshi:frame_000938

Processing: tremor_simulation_big_spiral_tremor_90_meenakshi:frame_000939

Processing: tremor_simulation_big_spiral_tremor_90_meenakshi:frame_000940

Processing: tremor_simulation_big_spiral_tremor_90_meenakshi:frame_000941

Processing: tremor_simulation_big_spiral_tremor_90_meenakshi:frame_000942

Processing: tremor_simulation_big_spiral_tremor_90_meenakshi:frame_000943

Processing: tremor_simulation_big_spiral_tremor_90_meenakshi:frame_000944

Processing: tremor_simulation_big_spiral_tremor_90_meenakshi:frame_000945

Processing: tremor_simulation_big_spiral_tremor_90_meenakshi:frame_000946

Processing: tremor_simulation_big_spiral_tremor_90_meenakshi:frame_000947

Processing: tremor_simulation_big_spiral_tremor_90_meenakshi:frame_000948

Processing: tremor_simulation_big_spiral_tremor_90_meenakshi:frame_000949

Processing: tremor_simulation_big_spiral_tremor_90_meenakshi:frame_000950

Processing: tremor_simulation_big_spiral_tremor_90_meenakshi:frame_000951

Processing: tremor_simulation_big_spiral_tremor_90_meenakshi:frame_000952

Processing: tremor_simulation_big_spiral_tremor_90_meenakshi:frame_000953

Processing: tremor_simulation_big_spiral_tremor_90_meenakshi:frame_000954

Processing: tremor_simulation_big_spiral_tremor_90_meenakshi:frame_000955

Processing: tremor_simulation_big_spiral_tremor_90_meenakshi:frame_000956

Processing: tremor_simulation_big_spiral_tremor_90_meenakshi:frame_000957

Processing: tremor_simulation_big_spiral_tremor_90_meenakshi:frame_000958

Processing: tremor_simulation_big_spiral_tremor_90_meenakshi:frame_000959

Processing: tremor_simulation_big_spiral_tremor_90_meenakshi:frame_000960

Processing: tremor_simulation_big_spiral_tremor_90_meenakshi:frame_000961

Processing: tremor_simulation_big_spiral_tremor_90_meenakshi:frame_000962

Processing: tremor_simulation_big_spiral_tremor_90_meenakshi:frame_000963

Processing: tremor_simulation_big_spiral_tremor_90_meenakshi:frame_000964

Processing: tremor_simulation_big_spiral_tremor_90_meenakshi:frame_000965

Processing: tremor_simulation_big_spiral_tremor_90_meenakshi:frame_000966

Processing: tremor_simulation_big_spiral_tremor_90_meenakshi:frame_000967

Processing: tremor_simulation_big_spiral_tremor_90_meenakshi:frame_000968

Processing: tremor_simulation_big_spiral_tremor_90_meenakshi:frame_000969

Processing: tremor_simulation_big_spiral_tremor_90_meenakshi:frame_000970

Processing: tremor_simulation_big_spiral_tremor_90_meenakshi:frame_000971

Processing: tremor_simulation_big_spiral_tremor_90_meenakshi:frame_000972

Processing: tremor_simulation_big_spiral_tremor_90_meenakshi:frame_000973

Processing: tremor_simulation_big_spiral_tremor_90_meenakshi:frame_000974

Processing: tremor_simulation_big_spiral_tremor_90_meenakshi:frame_000975

Processing: tremor_simulation_big_spiral_tremor_90_meenakshi:frame_000976

Processing: tremor_simulation_big_spiral_tremor_90_meenakshi:frame_000977

Processing: tremor_simulation_big_spiral_tremor_90_meenakshi:frame_000978

Processing: tremor_simulation_big_spiral_tremor_90_meenakshi:frame_000979

Processing: tremor_simulation_big_spiral_tremor_90_meenakshi:frame_000980

Processing: tremor_simulation_big_spiral_tremor_90_meenakshi:frame_000981

Processing: tremor_simulation_big_spiral_tremor_90_meenakshi:frame_000982

Processing: tremor_simulation_big_spiral_tremor_90_meenakshi:frame_000983

Processing: tremor_simulation_big_spiral_tremor_90_meenakshi:frame_000984

Processing: tremor_simulation_big_spiral_tremor_90_meenakshi:frame_000985

Processing: tremor_simulation_big_spiral_tremor_90_meenakshi:frame_000986

Processing: tremor_simulation_big_spiral_tremor_90_meenakshi:frame_000987

Processing: tremor_simulation_big_spiral_tremor_90_meenakshi:frame_000988

Processing: tremor_simulation_big_spiral_tremor_90_meenakshi:frame_000989

Processing: tremor_simulation_big_spiral_tremor_90_meenakshi:frame_000990

Processing: tremor_simulation_big_spiral_tremor_90_meenakshi:frame_000991

Processing: tremor_simulation_big_spiral_tremor_90_meenakshi:frame_000992

Processing: tremor_simulation_big_spiral_tremor_90_meenakshi:frame_000993

Processing: tremor_simulation_big_spiral_tremor_90_meenakshi:frame_000994

Processing: tremor_simulation_big_spiral_tremor_90_meenakshi:frame_000995

Processing: tremor_simulation_big_spiral_tremor_90_meenakshi:frame_000996

Processing: tremor_simulation_big_spiral_tremor_90_meenakshi:frame_000997

Processing: tremor_simulation_big_spiral_tremor_90_meenakshi:frame_000998

Processing: tremor_simulation_big_spiral_tremor_90_meenakshi:frame_000999

Processing: tremor_simulation_big_spiral_tremor_90_meenakshi:frame_001000

Processing: tremor_simulation_big_spiral_tremor_90_meenakshi:frame_001001

Processing: tremor_simulation_big_spiral_tremor_90_meenakshi:frame_001002

Processing: tremor_simulation_big_spiral_tremor_90_meenakshi:frame_001003

Processing: tremor_simulation_big_spiral_tremor_90_meenakshi:frame_001004

Processing: tremor_simulation_big_spiral_tremor_90_meenakshi:frame_001005

Processing: tremor_simulation_big_spiral_tremor_90_meenakshi:frame_001006

Processing: tremor_simulation_big_spiral_tremor_90_meenakshi:frame_001007

Processing: tremor_simulation_big_spiral_tremor_90_meenakshi:frame_001008

Processing: tremor_simulation_big_spiral_tremor_90_meenakshi:frame_001009

Processing: tremor_simulation_big_spiral_tremor_90_meenakshi:frame_001010

Processing: tremor_simulation_big_spiral_tremor_90_meenakshi:frame_001011

Processing: tremor_simulation_big_spiral_tremor_90_meenakshi:frame_001012

Processing: tremor_simulation_big_spiral_tremor_90_meenakshi:frame_001013

Processing: tremor_simulation_big_spiral_tremor_90_meenakshi:frame_001014

Processing: tremor_simulation_big_spiral_tremor_90_meenakshi:frame_001015

Processing: tremor_simulation_big_spiral_tremor_90_meenakshi:frame_001016

Processing: tremor_simulation_big_spiral_tremor_90_meenakshi:frame_001017

Processing: tremor_simulation_big_spiral_tremor_90_meenakshi:frame_001018

Processing: tremor_simulation_big_spiral_tremor_90_meenakshi:frame_001019

Processing: tremor_simulation_big_spiral_tremor_90_meenakshi:frame_001020

Processing: tremor_simulation_big_spiral_tremor_90_meenakshi:frame_001021

Processing: tremor_simulation_big_spiral_tremor_90_meenakshi:frame_001022

Processing: tremor_simulation_big_spiral_tremor_90_meenakshi:frame_001023

Processing: tremor_simulation_big_spiral_tremor_90_meenakshi:frame_001024

Processing: tremor_simulation_big_spiral_tremor_90_meenakshi:frame_001025

Processing: tremor_simulation_big_spiral_tremor_90_meenakshi:frame_001026

Processing: tremor_simulation_big_spiral_tremor_90_meenakshi:frame_001027

Processing: tremor_simulation_big_spiral_tremor_90_meenakshi:frame_001028

Processing: tremor_simulation_big_spiral_tremor_90_meenakshi:frame_001029

Processing: tremor_simulation_big_spiral_tremor_90_meenakshi:frame_001030

Processing: tremor_simulation_big_spiral_tremor_90_meenakshi:frame_001031

Processing: tremor_simulation_big_spiral_tremor_90_meenakshi:frame_001032

Processing: tremor_simulation_big_spiral_tremor_90_meenakshi:frame_001033

Processing: tremor_simulation_big_spiral_tremor_90_meenakshi:frame_001034

Processing: tremor_simulation_big_spiral_tremor_90_meenakshi:frame_001035

Processing: tremor_simulation_big_spiral_tremor_90_meenakshi:frame_001036

Processing: tremor_simulation_big_spiral_tremor_90_meenakshi:frame_001037

Processing: tremor_simulation_big_spiral_tremor_90_meenakshi:frame_001038

Processing: tremor_simulation_big_spiral_tremor_90_meenakshi:frame_001039

Processing: tremor_simulation_big_spiral_tremor_90_meenakshi:frame_001040

Processing: tremor_simulation_big_spiral_tremor_90_meenakshi:frame_001041

Processing: tremor_simulation_big_spiral_tremor_90_meenakshi:frame_001042

Processing: tremor_simulation_big_spiral_tremor_90_meenakshi:frame_001043

Processing: tremor_simulation_big_spiral_tremor_90_meenakshi:frame_001044

Processing: tremor_simulation_big_spiral_tremor_90_meenakshi:frame_001045

Processing: tremor_simulation_big_spiral_tremor_90_meenakshi:frame_001046

Processing: tremor_simulation_big_spiral_tremor_90_meenakshi:frame_001047

Processing: tremor_simulation_big_spiral_tremor_90_meenakshi:frame_001048

Processing: tremor_simulation_big_spiral_tremor_90_meenakshi:frame_001049

Processing: tremor_simulation_big_spiral_tremor_90_meenakshi:frame_001050

Processing: tremor_simulation_big_spiral_tremor_90_meenakshi:frame_001051

Processing: tremor_simulation_big_spiral_tremor_90_meenakshi:frame_001052

Processing: tremor_simulation_big_spiral_tremor_90_meenakshi:frame_001053

Processing: tremor_simulation_big_spiral_tremor_90_meenakshi:frame_001054

Processing: tremor_simulation_big_spiral_tremor_90_meenakshi:frame_001055

Processing: tremor_simulation_big_spiral_tremor_90_meenakshi:frame_001056

Processing: tremor_simulation_big_spiral_tremor_90_meenakshi:frame_001057

Processing: tremor_simulation_big_spiral_tremor_90_meenakshi:frame_001058

Processing: tremor_simulation_big_spiral_tremor_90_meenakshi:frame_001059

Processing: tremor_simulation_big_spiral_tremor_90_meenakshi:frame_001060

Processing: tremor_simulation_big_spiral_tremor_90_meenakshi:frame_001061

Processing: tremor_simulation_big_spiral_tremor_90_meenakshi:frame_001062

Processing: tremor_simulation_big_spiral_tremor_90_meenakshi:frame_001063

Processing: tremor_simulation_big_spiral_tremor_90_meenakshi:frame_001064

Processing: tremor_simulation_big_spiral_tremor_90_meenakshi:frame_001065

Processing: tremor_simulation_big_spiral_tremor_90_meenakshi:frame_001066

Processing: tremor_simulation_big_spiral_tremor_90_meenakshi:frame_001067

Processing: tremor_simulation_big_spiral_tremor_90_meenakshi:frame_001068

Processing: tremor_simulation_big_spiral_tremor_90_meenakshi:frame_001069

Processing: tremor_simulation_big_spiral_tremor_90_meenakshi:frame_001070

Processing: tremor_simulation_big_spiral_tremor_90_meenakshi:frame_001071

Processing: tremor_simulation_big_spiral_tremor_90_meenakshi:frame_001072

Processing: tremor_simulation_big_spiral_tremor_90_meenakshi:frame_001073

Processing: tremor_simulation_big_spiral_tremor_90_meenakshi:frame_001074

Processing: tremor_simulation_big_spiral_tremor_90_meenakshi:frame_001075

Processing: tremor_simulation_big_spiral_tremor_90_meenakshi:frame_001076

Processing: tremor_simulation_big_spiral_tremor_90_meenakshi:frame_001077

Processing: tremor_simulation_big_spiral_tremor_90_meenakshi:frame_001078

Processing: tremor_simulation_big_spiral_tremor_90_meenakshi:frame_001079

Processing: tremor_simulation_big_spiral_tremor_90_meenakshi:frame_001080

Processing: tremor_simulation_big_spiral_tremor_90_meenakshi:frame_001081

Processing: tremor_simulation_big_spiral_tremor_90_meenakshi:frame_001082

Processing: tremor_simulation_big_spiral_tremor_90_meenakshi:frame_001083

Processing: tremor_simulation_big_spiral_tremor_90_meenakshi:frame_001084

Processing: tremor_simulation_big_spiral_tremor_90_meenakshi:frame_001085

Processing: tremor_simulation_big_spiral_tremor_90_meenakshi:frame_001086

Processing: tremor_simulation_big_spiral_tremor_90_meenakshi:frame_001087

Processing: tremor_simulation_big_spiral_tremor_90_meenakshi:frame_001088

Processing: tremor_simulation_big_spiral_tremor_90_meenakshi:frame_001089

Processing: tremor_simulation_big_spiral_tremor_90_meenakshi:frame_001090

Processing: tremor_simulation_big_spiral_tremor_90_meenakshi:frame_001091

Processing: tremor_simulation_big_spiral_tremor_90_meenakshi:frame_001092

Processing: tremor_simulation_big_spiral_tremor_90_meenakshi:frame_001093

Processing: tremor_simulation_big_spiral_tremor_90_meenakshi:frame_001094

Processing: tremor_simulation_big_spiral_tremor_90_meenakshi:frame_001095

Processing: tremor_simulation_big_spiral_tremor_90_meenakshi:frame_001096

Processing: tremor_simulation_big_spiral_tremor_90_meenakshi:frame_001097

Processing: tremor_simulation_big_spiral_tremor_90_meenakshi:frame_001098

Processing: tremor_simulation_big_spiral_tremor_90_meenakshi:frame_001099

Processing: tremor_simulation_big_spiral_tremor_90_meenakshi:frame_001100

Processing: tremor_simulation_big_spiral_tremor_90_meenakshi:frame_001101

Processing: tremor_simulation_big_spiral_tremor_90_meenakshi:frame_001102

Processing: tremor_simulation_big_spiral_tremor_90_meenakshi:frame_001103

Processing: tremor_simulation_big_spiral_tremor_90_meenakshi:frame_001104

Processing: tremor_simulation_big_spiral_tremor_90_meenakshi:frame_001105

Processing: tremor_simulation_big_spiral_tremor_90_meenakshi:frame_001106

Processing: tremor_simulation_big_spiral_tremor_90_meenakshi:frame_001107

Processing: tremor_simulation_big_spiral_tremor_90_meenakshi:frame_001108

Processing: tremor_simulation_big_spiral_tremor_90_meenakshi:frame_001109

Processing: tremor_simulation_big_spiral_tremor_90_meenakshi:frame_001110

Processing: tremor_simulation_big_spiral_tremor_90_meenakshi:frame_001111

Processing: tremor_simulation_big_spiral_tremor_90_meenakshi:frame_001112

Processing: tremor_simulation_big_spiral_tremor_90_meenakshi:frame_001113

Processing: tremor_simulation_big_spiral_tremor_90_meenakshi:frame_001114

Processing: tremor_simulation_big_spiral_tremor_90_meenakshi:frame_001115

Processing: tremor_simulation_big_spiral_tremor_90_meenakshi:frame_001116

Processing: tremor_simulation_big_spiral_tremor_90_meenakshi:frame_001117

Processing: tremor_simulation_big_spiral_tremor_90_meenakshi:frame_001118

Processing: tremor_simulation_big_spiral_tremor_90_meenakshi:frame_001119

Processing: tremor_simulation_big_spiral_tremor_90_meenakshi:frame_001120

Processing: tremor_simulation_big_spiral_tremor_90_meenakshi:frame_001121

Processing: tremor_simulation_big_spiral_tremor_90_meenakshi:frame_001122

Processing: tremor_simulation_big_spiral_tremor_90_meenakshi:frame_001123

Processing: tremor_simulation_big_spiral_tremor_90_meenakshi:frame_001124

Processing: tremor_simulation_big_spiral_tremor_90_meenakshi:frame_001125

Processing: tremor_simulation_big_spiral_tremor_90_meenakshi:frame_001126

Processing: tremor_simulation_big_spiral_tremor_90_meenakshi:frame_001127

Processing: tremor_simulation_big_spiral_tremor_90_meenakshi:frame_001128

Processing: tremor_simulation_big_spiral_tremor_90_meenakshi:frame_001129

Processing: tremor_simulation_big_spiral_tremor_90_meenakshi:frame_001130

Processing: tremor_simulation_big_spiral_tremor_90_meenakshi:frame_001131

Processing: tremor_simulation_big_spiral_tremor_90_meenakshi:frame_001132

Processing: tremor_simulation_big_spiral_tremor_90_meenakshi:frame_001133

Processing: tremor_simulation_big_spiral_tremor_90_meenakshi:frame_001134

Processing: tremor_simulation_big_spiral_tremor_90_meenakshi:frame_001135

Processing: tremor_simulation_big_spiral_tremor_90_meenakshi:frame_001136

Processing: tremor_simulation_big_spiral_tremor_90_meenakshi:frame_001137

Processing: tremor_simulation_big_spiral_tremor_90_meenakshi:frame_001138

Processing: tremor_simulation_big_spiral_tremor_90_meenakshi:frame_001139

Processing: tremor_simulation_big_spiral_tremor_90_meenakshi:frame_001140

Processing: tremor_simulation_big_spiral_tremor_90_meenakshi:frame_001141

Processing: tremor_simulation_big_spiral_tremor_90_meenakshi:frame_001142

Processing: tremor_simulation_big_spiral_tremor_90_meenakshi:frame_001143

Processing: tremor_simulation_big_spiral_tremor_90_meenakshi:frame_001144

Processing: tremor_simulation_big_spiral_tremor_90_meenakshi:frame_001145

Processing: tremor_simulation_big_spiral_tremor_90_meenakshi:frame_001146

Processing: tremor_simulation_big_spiral_tremor_90_meenakshi:frame_001147

Processing: tremor_simulation_big_spiral_tremor_90_meenakshi:frame_001148

Processing: tremor_simulation_big_spiral_tremor_90_meenakshi:frame_001149

Processing: tremor_simulation_big_spiral_tremor_90_meenakshi:frame_001150

Processing: tremor_simulation_big_spiral_tremor_90_meenakshi:frame_001151

Processing: tremor_simulation_big_spiral_tremor_90_meenakshi:frame_001152

Processing: tremor_simulation_big_spiral_tremor_90_meenakshi:frame_001153

Processing: tremor_simulation_big_spiral_tremor_90_meenakshi:frame_001154

Processing: tremor_simulation_big_spiral_tremor_90_meenakshi:frame_001155

Processing: tremor_simulation_big_spiral_tremor_90_meenakshi:frame_001156

Processing: tremor_simulation_big_spiral_tremor_90_meenakshi:frame_001157

Processing: tremor_simulation_big_spiral_tremor_90_meenakshi:frame_001158

Processing: tremor_simulation_big_spiral_tremor_90_meenakshi:frame_001159

Processing: tremor_simulation_big_spiral_tremor_90_meenakshi:frame_001160

Processing: tremor_simulation_big_spiral_tremor_90_meenakshi:frame_001161

Processing: tremor_simulation_big_spiral_tremor_90_meenakshi:frame_001162

Processing: tremor_simulation_big_spiral_tremor_90_meenakshi:frame_001163

Processing: tremor_simulation_big_spiral_tremor_90_meenakshi:frame_001164

Processing: tremor_simulation_big_spiral_tremor_90_meenakshi:frame_001165

Processing: tremor_simulation_big_spiral_tremor_90_meenakshi:frame_001166

Processing: tremor_simulation_big_spiral_tremor_90_meenakshi:frame_001167

Processing: tremor_simulation_big_spiral_tremor_90_meenakshi:frame_001168

Processing: tremor_simulation_big_spiral_tremor_90_meenakshi:frame_001169

Processing: tremor_simulation_big_spiral_tremor_90_meenakshi:frame_001170

Processing: tremor_simulation_big_spiral_tremor_90_meenakshi:frame_001171

Processing: tremor_simulation_big_spiral_tremor_90_meenakshi:frame_001172

Processing: tremor_simulation_big_spiral_tremor_90_meenakshi:frame_001173

Processing: tremor_simulation_big_spiral_tremor_90_meenakshi:frame_001174

Processing: tremor_simulation_big_spiral_tremor_90_meenakshi:frame_001175

Processing: tremor_simulation_big_spiral_tremor_90_meenakshi:frame_001176

Processing: tremor_simulation_big_spiral_tremor_90_meenakshi:frame_001177

Processing: tremor_simulation_big_spiral_tremor_90_meenakshi:frame_001178

Processing: tremor_simulation_big_spiral_tremor_90_meenakshi:frame_001179

Processing: tremor_simulation_big_spiral_tremor_90_meenakshi:frame_001180

Processing: tremor_simulation_big_spiral_tremor_90_meenakshi:frame_001181

Processing: tremor_simulation_big_spiral_tremor_90_meenakshi:frame_001182

Processing: tremor_simulation_big_spiral_tremor_90_meenakshi:frame_001183

Processing: tremor_simulation_big_spiral_tremor_90_meenakshi:frame_001184

Processing: tremor_simulation_big_spiral_tremor_90_meenakshi:frame_001185

Processing: tremor_simulation_big_spiral_tremor_90_meenakshi:frame_001186

Processing: tremor_simulation_big_spiral_tremor_90_meenakshi:frame_001187

Processing: tremor_simulation_big_spiral_tremor_90_meenakshi:frame_001188

Processing: tremor_simulation_big_spiral_tremor_90_meenakshi:frame_001189

Processing: tremor_simulation_big_spiral_tremor_90_meenakshi:frame_001190

Processing: tremor_simulation_big_spiral_tremor_90_meenakshi:frame_001191

Processing: tremor_simulation_big_spiral_tremor_90_meenakshi:frame_001192

Processing: tremor_simulation_big_spiral_tremor_90_meenakshi:frame_001193

Processing: tremor_simulation_big_spiral_tremor_90_meenakshi:frame_001194

Processing: tremor_simulation_big_spiral_tremor_90_meenakshi:frame_001195

Processing: tremor_simulation_big_spiral_tremor_90_meenakshi:frame_001196

Processing: tremor_simulation_big_spiral_tremor_90_meenakshi:frame_001197

Processing: tremor_simulation_big_spiral_tremor_90_meenakshi:frame_001198

Processing: tremor_simulation_big_spiral_tremor_90_meenakshi:frame_001199

Processing: tremor_simulation_big_spiral_tremor_90_meenakshi:frame_001200

Processing: tremor_simulation_big_spiral_tremor_90_meenakshi:frame_001201

Processing: tremor_simulation_big_spiral_tremor_90_meenakshi:frame_001202

Processing: tremor_simulation_big_spiral_tremor_90_meenakshi:frame_001203

Processing: tremor_simulation_big_spiral_tremor_90_meenakshi:frame_001204

Processing: tremor_simulation_big_spiral_tremor_90_meenakshi:frame_001205

Processing: tremor_simulation_big_spiral_tremor_90_meenakshi:frame_001206

Processing: tremor_simulation_big_spiral_tremor_90_meenakshi:frame_001207

Processing: tremor_simulation_big_spiral_tremor_90_meenakshi:frame_001208

Processing: tremor_simulation_big_spiral_tremor_90_meenakshi:frame_001209

Processing: tremor_simulation_big_spiral_tremor_90_meenakshi:frame_001210

Processing: tremor_simulation_big_spiral_tremor_90_meenakshi:frame_001211

Processing: tremor_simulation_big_spiral_tremor_90_meenakshi:frame_001212

Processing: tremor_simulation_big_spiral_tremor_90_meenakshi:frame_001213

Processing: tremor_simulation_big_spiral_tremor_90_meenakshi:frame_001214

Processing: tremor_simulation_big_spiral_tremor_90_meenakshi:frame_001215

Processing: tremor_simulation_big_spiral_tremor_90_meenakshi:frame_001216

Processing: tremor_simulation_big_spiral_tremor_90_meenakshi:frame_001217

Processing: tremor_simulation_big_spiral_tremor_90_meenakshi:frame_001218

Processing: tremor_simulation_big_spiral_tremor_90_meenakshi:frame_001219

Processing: tremor_simulation_big_spiral_tremor_90_meenakshi:frame_001220

Processing: tremor_simulation_big_spiral_tremor_90_meenakshi:frame_001221

Processing: tremor_simulation_big_spiral_tremor_90_meenakshi:frame_001222

Processing: tremor_simulation_big_spiral_tremor_90_meenakshi:frame_001223

Processing: tremor_simulation_big_spiral_tremor_90_meenakshi:frame_001224

Processing: tremor_simulation_big_spiral_tremor_90_meenakshi:frame_001225

Processing: tremor_simulation_big_spiral_tremor_90_meenakshi:frame_001226

Processing: tremor_simulation_big_spiral_tremor_90_meenakshi:frame_001227

Processing: tremor_simulation_big_spiral_tremor_90_meenakshi:frame_001228

Processing: tremor_simulation_big_spiral_tremor_90_meenakshi:frame_001229

Processing: tremor_simulation_big_spiral_tremor_90_meenakshi:frame_001230

Processing: tremor_simulation_big_spiral_tremor_90_meenakshi:frame_001231

Processing: tremor_simulation_big_spiral_tremor_90_meenakshi:frame_001232

Processing: tremor_simulation_big_spiral_tremor_90_meenakshi:frame_001233

Processing: tremor_simulation_big_spiral_tremor_90_meenakshi:frame_001234

Processing: tremor_simulation_big_spiral_tremor_90_meenakshi:frame_001235

Processing: tremor_simulation_big_spiral_tremor_90_meenakshi:frame_001236

Processing: tremor_simulation_big_spiral_tremor_90_meenakshi:frame_001237
No detections, skipping.

All images processed.
===============================================
Job finished at: Wed Jun 10 09:03:45 CEST 2026
Execution took 0.13 hours
Writing output to SLURM_logs/wilor-inference_966.out
Retained WiLoR outputs: /scratch/mthakur/manifold/outputs/wilor/tremor_simulation_big_spiral_tremor_90_meenakshi/meshes
===============================================
