
The following have been reloaded with a version change:
  1) python/3.10.12 => python/3.10.13

Loaded modules:

Currently Loaded Modules:
  1) slurm/current    3) gcc/11.3.0   5) cuda/11.7
  2) DefaultModules   4) 2024r1       6) python/3.10.13

 

Tue May  5 18:29:20 2026       
+-----------------------------------------------------------------------------------------+
| NVIDIA-SMI 580.126.20             Driver Version: 580.126.20     CUDA Version: 13.0     |
+-----------------------------------------+------------------------+----------------------+
| GPU  Name                 Persistence-M | Bus-Id          Disp.A | Volatile Uncorr. ECC |
| Fan  Temp   Perf          Pwr:Usage/Cap |           Memory-Usage | GPU-Util  Compute M. |
|                                         |                        |               MIG M. |
|=========================================+========================+======================|
|   0  NVIDIA A100 80GB PCIe          On  |   00000000:16:00.0 Off |                   On |
| N/A   38C    P0             45W /  300W |     249MiB /  81920MiB |     N/A      Default |
|                                         |                        |              Enabled |
+-----------------------------------------+------------------------+----------------------+

+-----------------------------------------------------------------------------------------+
| MIG devices:                                                                            |
+------------------+----------------------------------+-----------+-----------------------+
| GPU  GI  CI  MIG |              Shared Memory-Usage |        Vol|        Shared         |
|      ID  ID  Dev |                Shared BAR1-Usage | SM     Unc| CE ENC  DEC  OFA  JPG |
|                  |                                  |        ECC|                       |
|==================+==================================+===========+=======================|
|  0    7   0   0  |              36MiB /  9728MiB    | 14      0 |  1   0    0    0    0 |
|                  |               0MiB /  6135MiB    |           |                       |
+------------------+----------------------------------+-----------+-----------------------+

+-----------------------------------------------------------------------------------------+
| Processes:                                                                              |
|  GPU   GI   CI              PID   Type   Process name                        GPU Memory |
|        ID   ID                                                               Usage      |
|=========================================================================================|
|  No running processes found                                                             |
+-----------------------------------------------------------------------------------------+
================ SLURM JOB INFO ================
Job ID:         9842094
Job Name:       wilor-train
Partition:      gpu-a100-small
Node List:      gpu020
CPUs per task:  2
GPUs per task:  1
Memory per GPU: 12288
Submit dir:     /scratch/mthakur/manifold/models/wilor_hands
Work dir:       /scratch/mthakur/manifold/models/wilor_hands
Job started at: Tue May  5 18:29:20 CEST 2026
===============================================
[progress] Created temporary training image root: /tmp/wilor_train_9842094.G1Kpsf/images
[progress] Extracting frames for 0KuJ2t4S_TY into /tmp/wilor_train_9842094.G1Kpsf/images/0KuJ2t4S_TY_frames
Extracted 2410 frame(s) from /scratch/mthakur/manifold/data/images/0KuJ2t4S_TY.mp4 into /tmp/wilor_train_9842094.G1Kpsf/images/0KuJ2t4S_TY_frames
[progress] Extracting frames for 0gzQAgjx39o into /tmp/wilor_train_9842094.G1Kpsf/images/0gzQAgjx39o_frames
Extracted 992 frame(s) from /scratch/mthakur/manifold/data/images/0gzQAgjx39o.mp4 into /tmp/wilor_train_9842094.G1Kpsf/images/0gzQAgjx39o_frames
[progress] Extracting frames for 0rq4nkWlO2E into /tmp/wilor_train_9842094.G1Kpsf/images/0rq4nkWlO2E_frames
Extracted 728 frame(s) from /scratch/mthakur/manifold/data/images/0rq4nkWlO2E.mp4 into /tmp/wilor_train_9842094.G1Kpsf/images/0rq4nkWlO2E_frames
[progress] Extracting frames for 0ElPjqY4Cq8 into /tmp/wilor_train_9842094.G1Kpsf/images/0ElPjqY4Cq8_frames
Extracted 726 frame(s) from /scratch/mthakur/manifold/data/images/0ElPjqY4Cq8.mp4 into /tmp/wilor_train_9842094.G1Kpsf/images/0ElPjqY4Cq8_frames
[progress] Extracting frames for SlksdQT5JRE into /tmp/wilor_train_9842094.G1Kpsf/images/SlksdQT5JRE_frames
Extracted 946 frame(s) from /scratch/mthakur/manifold/data/images/SlksdQT5JRE.mp4 into /tmp/wilor_train_9842094.G1Kpsf/images/SlksdQT5JRE_frames
Project root:    /scratch/mthakur/manifold
Model root:      /scratch/mthakur/manifold/models/wilor_hands
Output dir:      /scratch/mthakur/manifold/outputs/wilor_finetune/hp_l_tvc_w_1e2
Train mode:      distill
Loss config:     /scratch/mthakur/manifold/models/wilor_hands/experiments/hparam_stage_l_temporal_vipe_camera.yaml
Experiment:      hp_l_tvc_w_1e2
Train scope:     refine_net
LoRA:            enabled=false rank=8 alpha=16.0 blocks=24-32 targets=qkv
Max steps:       200
Log every:       10
Save every:      100
Sample limit:    256
Validation split:0.2
Checkpoint:      /scratch/mthakur/manifold/models/wilor_hands/pretrained_models/wilor_final.ckpt
Source images:   /scratch/mthakur/manifold/data//images
Prepared images: /tmp/wilor_train_9842094.G1Kpsf/images
Videos:          0KuJ2t4S_TY|0gzQAgjx39o|0rq4nkWlO2E|0ElPjqY4Cq8|SlksdQT5JRE
Temporal win:    size=3 stride=2 gap=1
Pose dir:        /scratch/mthakur/manifold/outputs/vipe/pose
Intrinsics dir:  /scratch/mthakur/manifold/outputs/vipe/intrinsics
Command: python -u /scratch/mthakur/manifold/models/wilor_hands/finetune_wilor_distill_vipe.py --checkpoint /scratch/mthakur/manifold/models/wilor_hands/pretrained_models/wilor_final.ckpt --cfg_path /scratch/mthakur/manifold/models/wilor_hands/pretrained_models/model_config.yaml --detector_path /scratch/mthakur/manifold/models/wilor_hands/pretrained_models/detector.pt --image_folder /tmp/wilor_train_9842094.G1Kpsf/images --pose_dir /scratch/mthakur/manifold/outputs/vipe/pose --intrinsics_dir /scratch/mthakur/manifold/outputs/vipe/intrinsics --output_dir /scratch/mthakur/manifold/outputs/wilor_finetune/hp_l_tvc_w_1e2 --train_scope refine_net --camera_loss_weight 0.01 --validation_split 0.2 --lr 3e-05 --weight_decay 0.001 --batch_size 8 --num_workers 2 --max_steps 200 --log_every 10 --save_every 100 --seed 42 --rescale_factor 2.5 --detection_conf 0.3 --loss_config /scratch/mthakur/manifold/models/wilor_hands/experiments/hparam_stage_l_temporal_vipe_camera.yaml --experiment_name hp_l_tvc_w_1e2 --no-lora_enabled --lora_rank 8 --lora_alpha 16.0 --lora_dropout 0.0 --lora_block_start 24 --lora_block_end 32 --lora_target_modules qkv --sample_limit 256 --detection_cache /scratch/mthakur/manifold/outputs/wilor_finetune/hp_l_tvc_w_1e2/detections_selected_videos.json --video=0KuJ2t4S_TY --video=0gzQAgjx39o --video=0rq4nkWlO2E --video=0ElPjqY4Cq8 --video=SlksdQT5JRE --temporal_window_size 3 --temporal_window_stride 2 --temporal_max_frame_gap 1 --temporal_reduction l1 --temporal_scorer_hidden_dim 64 --temporal_scorer_layers 2 --temporal_scorer_dropout 0.0 --vipe_camera_weight 0.005 --vipe_camera_enabled --temporal_camera_enabled --temporal_camera_formulation static --temporal_camera_weight 0.01 --temporal_camera_scorer_weight 0.0 --temporal_bbox_projected_enabled --temporal_bbox_projected_formulation static --temporal_bbox_projected_weight 0.01 --temporal_bbox_projected_scorer_weight 0.0 --temporal_vipe_camera_enabled --temporal_vipe_camera_formulation learnable --temporal_vipe_camera_weight 0.01 --temporal_vipe_camera_smoothness_weight 0.005 --temporal_vipe_camera_anchor_weight 0.001 --use_gpu --amp
[progress] About to launch Apptainer via srun.
[progress] SLURM wrapper log: SLURM_logs/wilor-train_177.out
[progress] Python run output dir: /scratch/mthakur/manifold/outputs/wilor_finetune/hp_l_tvc_w_1e2
[progress] Starting containerized training process now...
/.venv/lib/python3.10/site-packages/timm/models/layers/__init__.py:49: FutureWarning: Importing from timm.models.layers is deprecated, please import via timm.layers
  warnings.warn(f"Importing from {__name__} is deprecated, please import via timm.layers", FutureWarning)
[progress] Starting fine-tuning entrypoint.
[progress] Resolving experiment config from /scratch/mthakur/manifold/models/wilor_hands/experiments/hparam_stage_l_temporal_vipe_camera.yaml (experiment=hp_l_tvc_w_1e2)
[progress] Resolved experiment 'hp_l_tvc_w_1e2'.
[progress] Using device cuda; output directory is /scratch/mthakur/manifold/outputs/wilor_finetune/hp_l_tvc_w_1e2
[progress] Saved resolved experiment snapshot.
[progress] Loading student checkpoint and cloning teacher model.
Loading  /scratch/mthakur/manifold/models/wilor_hands/pretrained_models/wilor_final.ckpt
WARNING: You are using a MANO model, with only 10 shape coefficients.
[progress] Loading detector and ViPE camera index.
[progress] Loading YOLO detector from /scratch/mthakur/manifold/models/wilor_hands/pretrained_models/detector.pt onto cuda
[progress] Detector ready.
[progress] Using explicitly requested video selection: 0ElPjqY4Cq8, 0KuJ2t4S_TY, 0gzQAgjx39o, 0rq4nkWlO2E, SlksdQT5JRE
[progress] Filtering 5 selected video(s) for matching ViPE artifacts.
[progress] Proceeding with video(s): 0ElPjqY4Cq8, 0KuJ2t4S_TY, 0gzQAgjx39o, 0rq4nkWlO2E, SlksdQT5JRE
[progress] Building detection samples (cache path: /scratch/mthakur/manifold/outputs/wilor_finetune/hp_l_tvc_w_1e2/detections_selected_videos.json).
[progress] Scanning image folder for existing extracted frames: /tmp/wilor_train_9842094.G1Kpsf/images
[progress] Prepared 256 frame(s) for detection across 5 selected video(s).
[progress] Running detector on frame 1/256: /tmp/wilor_train_9842094.G1Kpsf/images/0ElPjqY4Cq8_frames/frame_000000.jpg
[progress] Running detector on frame 25/256: /tmp/wilor_train_9842094.G1Kpsf/images/0ElPjqY4Cq8_frames/frame_000024.jpg
[progress] Running detector on frame 50/256: /tmp/wilor_train_9842094.G1Kpsf/images/0ElPjqY4Cq8_frames/frame_000049.jpg
[progress] Running detector on frame 75/256: /tmp/wilor_train_9842094.G1Kpsf/images/0ElPjqY4Cq8_frames/frame_000074.jpg
[progress] Running detector on frame 100/256: /tmp/wilor_train_9842094.G1Kpsf/images/0ElPjqY4Cq8_frames/frame_000099.jpg
[progress] Running detector on frame 125/256: /tmp/wilor_train_9842094.G1Kpsf/images/0ElPjqY4Cq8_frames/frame_000124.jpg
[progress] Running detector on frame 150/256: /tmp/wilor_train_9842094.G1Kpsf/images/0ElPjqY4Cq8_frames/frame_000149.jpg
[progress] Running detector on frame 175/256: /tmp/wilor_train_9842094.G1Kpsf/images/0ElPjqY4Cq8_frames/frame_000174.jpg
[progress] Running detector on frame 200/256: /tmp/wilor_train_9842094.G1Kpsf/images/0ElPjqY4Cq8_frames/frame_000199.jpg
[progress] Running detector on frame 225/256: /tmp/wilor_train_9842094.G1Kpsf/images/0ElPjqY4Cq8_frames/frame_000224.jpg
[progress] Running detector on frame 250/256: /tmp/wilor_train_9842094.G1Kpsf/images/0ElPjqY4Cq8_frames/frame_000249.jpg
[progress] Running detector on frame 256/256: /tmp/wilor_train_9842094.G1Kpsf/images/0ElPjqY4Cq8_frames/frame_000255.jpg
[progress] Saved 507 detection samples to /scratch/mthakur/manifold/outputs/wilor_finetune/hp_l_tvc_w_1e2/detections_selected_videos.json
[progress] Finished detection sampling with 507 sample(s).
[progress] Collected 507 detector sample(s).
[progress] Splitting samples into train/val with validation_split=0.2.
[progress] Building temporal training windows with size=3, stride=2, gap=1.
[progress] Constructing training dataset and dataloader.
[progress] Building validation temporal windows and dataloader.
[progress] Configuring trainable scope: refine_net
[progress] Initialized temporal ViPE camera refinement head.
[progress] Creating optimizer and AMP scaler.
[progress] Metrics will be appended to /scratch/mthakur/manifold/outputs/wilor_finetune/hp_l_tvc_w_1e2/metrics.jsonl
Device: cuda
Experiment: hp_l_tvc_w_1e2
Videos: 0ElPjqY4Cq8, 0KuJ2t4S_TY, 0gzQAgjx39o, 0rq4nkWlO2E, SlksdQT5JRE
Frames: total=256 train=205 val=51
Samples: total=507 train=405 val=102
Temporal windows: train=144 val=4 dropped_train=46 dropped_val=72
Train scope: refine_net
LoRA: disabled
Trainable params: 8,341,904
Temporal families: temporal_camera, temporal_bbox_projected, temporal_vipe_camera
[progress] Entering optimization loop.
[progress] Fetching first training batch.
[step 00001] loss=2.0460 cam=391.2660 temp_cam=0.0000 bbox_p=0.0128 vipe_t=0.0003
[progress] Running validation at step 1.
             val_loss=0.9277 val_cam=184.5284 val_temp_cam=0.0000 val_bbox_p=0.0161 val_vipe_t=0.0003
[step 00010] loss=2.8285 cam=350.3775 temp_cam=0.0000 bbox_p=0.0257 vipe_t=0.0001
[progress] Running validation at step 10.
             val_loss=1.0934 val_cam=183.6726 val_temp_cam=0.0000 val_bbox_p=0.0163 val_vipe_t=0.0001
[step 00020] loss=1.9604 cam=359.3416 temp_cam=0.0000 bbox_p=0.0066 vipe_t=0.0001
[progress] Running validation at step 20.
             val_loss=1.0094 val_cam=181.9091 val_temp_cam=0.0000 val_bbox_p=0.0160 val_vipe_t=0.0001
[step 00030] loss=2.0923 cam=331.8228 temp_cam=0.0000 bbox_p=0.0048 vipe_t=0.0000
[progress] Running validation at step 30.
             val_loss=1.0010 val_cam=177.8286 val_temp_cam=0.0000 val_bbox_p=0.0168 val_vipe_t=0.0000
[step 00040] loss=2.1753 cam=366.8408 temp_cam=0.0000 bbox_p=0.0022 vipe_t=0.0001
[progress] Running validation at step 40.
             val_loss=1.0409 val_cam=173.4013 val_temp_cam=0.0000 val_bbox_p=0.0171 val_vipe_t=0.0000
[step 00050] loss=2.5813 cam=336.4973 temp_cam=0.0000 bbox_p=0.0040 vipe_t=0.0000
[progress] Running validation at step 50.
             val_loss=1.0826 val_cam=169.2478 val_temp_cam=0.0000 val_bbox_p=0.0176 val_vipe_t=0.0000
[step 00060] loss=2.3305 cam=344.1156 temp_cam=0.0000 bbox_p=0.0035 vipe_t=0.0000
[progress] Running validation at step 60.
             val_loss=1.0389 val_cam=166.1732 val_temp_cam=0.0000 val_bbox_p=0.0182 val_vipe_t=0.0000
[step 00070] loss=1.8314 cam=323.1539 temp_cam=0.0000 bbox_p=0.0227 vipe_t=0.0000
[progress] Running validation at step 70.
             val_loss=0.8662 val_cam=163.1470 val_temp_cam=0.0000 val_bbox_p=0.0185 val_vipe_t=0.0000
[step 00080] loss=2.1383 cam=340.6852 temp_cam=0.0000 bbox_p=0.0099 vipe_t=0.0000
[progress] Running validation at step 80.
             val_loss=1.0174 val_cam=160.1646 val_temp_cam=0.0000 val_bbox_p=0.0184 val_vipe_t=0.0000
[step 00090] loss=1.8660 cam=331.6322 temp_cam=0.0000 bbox_p=0.0136 vipe_t=0.0000
[progress] Running validation at step 90.
             val_loss=0.9293 val_cam=157.3119 val_temp_cam=0.0000 val_bbox_p=0.0182 val_vipe_t=0.0000
[step 00100] loss=1.8359 cam=286.5077 temp_cam=0.0000 bbox_p=0.0270 vipe_t=0.0000
[progress] Running validation at step 100.
             val_loss=0.8735 val_cam=154.8965 val_temp_cam=0.0000 val_bbox_p=0.0188 val_vipe_t=0.0000
[progress] Saved latest checkpoint at step 100.
[step 00110] loss=2.0836 cam=294.8588 temp_cam=0.0000 bbox_p=0.0076 vipe_t=0.0000
[progress] Running validation at step 110.
             val_loss=0.9610 val_cam=152.8393 val_temp_cam=0.0000 val_bbox_p=0.0185 val_vipe_t=0.0000
[step 00120] loss=2.3619 cam=287.8830 temp_cam=0.0000 bbox_p=0.0053 vipe_t=0.0000
[progress] Running validation at step 120.
             val_loss=0.9511 val_cam=150.6336 val_temp_cam=0.0000 val_bbox_p=0.0194 val_vipe_t=0.0000
[step 00130] loss=1.9144 cam=310.7863 temp_cam=0.0000 bbox_p=0.0026 vipe_t=0.0000
[progress] Running validation at step 130.
             val_loss=0.8354 val_cam=148.8088 val_temp_cam=0.0000 val_bbox_p=0.0193 val_vipe_t=0.0000
[step 00140] loss=1.6777 cam=297.2506 temp_cam=0.0000 bbox_p=0.0049 vipe_t=0.0000
[progress] Running validation at step 140.
             val_loss=0.8047 val_cam=147.0475 val_temp_cam=0.0000 val_bbox_p=0.0195 val_vipe_t=0.0000
[step 00150] loss=2.1133 cam=296.2887 temp_cam=0.0000 bbox_p=0.0040 vipe_t=0.0000
[progress] Running validation at step 150.
             val_loss=0.8454 val_cam=144.9093 val_temp_cam=0.0000 val_bbox_p=0.0200 val_vipe_t=0.0000
[step 00160] loss=2.3095 cam=278.9574 temp_cam=0.0000 bbox_p=0.0264 vipe_t=0.0000
[progress] Running validation at step 160.
             val_loss=0.9054 val_cam=142.9556 val_temp_cam=0.0000 val_bbox_p=0.0213 val_vipe_t=0.0000
[step 00170] loss=2.2921 cam=299.0174 temp_cam=0.0000 bbox_p=0.0111 vipe_t=0.0000
[progress] Running validation at step 170.
             val_loss=0.8949 val_cam=141.6341 val_temp_cam=0.0000 val_bbox_p=0.0215 val_vipe_t=0.0000
[step 00180] loss=2.1557 cam=295.4019 temp_cam=0.0000 bbox_p=0.0160 vipe_t=0.0000
[progress] Running validation at step 180.
             val_loss=0.8110 val_cam=140.4138 val_temp_cam=0.0000 val_bbox_p=0.0211 val_vipe_t=0.0000
[step 00190] loss=1.7564 cam=253.9654 temp_cam=0.0000 bbox_p=0.0308 vipe_t=0.0000
[progress] Running validation at step 190.
             val_loss=0.7941 val_cam=139.3665 val_temp_cam=0.0000 val_bbox_p=0.0205 val_vipe_t=0.0000
[step 00200] loss=1.7171 cam=263.8089 temp_cam=0.0000 bbox_p=0.0085 vipe_t=0.0000
[progress] Running validation at step 200.
             val_loss=0.8205 val_cam=138.1463 val_temp_cam=0.0000 val_bbox_p=0.0198 val_vipe_t=0.0000
[progress] Saved latest checkpoint at step 200.
Finished fine-tuning. Best val_loss_total: 0.7941
Saved checkpoints under: /scratch/mthakur/manifold/outputs/wilor_finetune/hp_l_tvc_w_1e2
[progress] Containerized training process exited cleanly.
===============================================
Job finished at: Tue May  5 18:43:48 CEST 2026
Execution took 0.24 hours
Writing output to SLURM_logs/wilor-train_177.out
===============================================
