
The following have been reloaded with a version change:
  1) python/3.10.12 => python/3.10.13

Loaded modules:

Currently Loaded Modules:
  1) slurm/current    3) gcc/11.3.0   5) cuda/11.7
  2) DefaultModules   4) 2024r1       6) python/3.10.13

 

Tue May  5 18:59:23 2026       
+-----------------------------------------------------------------------------------------+
| NVIDIA-SMI 580.126.20             Driver Version: 580.126.20     CUDA Version: 13.0     |
+-----------------------------------------+------------------------+----------------------+
| GPU  Name                 Persistence-M | Bus-Id          Disp.A | Volatile Uncorr. ECC |
| Fan  Temp   Perf          Pwr:Usage/Cap |           Memory-Usage | GPU-Util  Compute M. |
|                                         |                        |               MIG M. |
|=========================================+========================+======================|
|   0  NVIDIA A100 80GB PCIe          On  |   00000000:16:00.0 Off |                   On |
| N/A   56C    P0             53W /  300W |     249MiB /  81920MiB |     N/A      Default |
|                                         |                        |              Enabled |
+-----------------------------------------+------------------------+----------------------+

+-----------------------------------------------------------------------------------------+
| MIG devices:                                                                            |
+------------------+----------------------------------+-----------+-----------------------+
| GPU  GI  CI  MIG |              Shared Memory-Usage |        Vol|        Shared         |
|      ID  ID  Dev |                Shared BAR1-Usage | SM     Unc| CE ENC  DEC  OFA  JPG |
|                  |                                  |        ECC|                       |
|==================+==================================+===========+=======================|
|  0    7   0   0  |              36MiB /  9728MiB    | 14      0 |  1   0    0    0    0 |
|                  |               0MiB /  6135MiB    |           |                       |
+------------------+----------------------------------+-----------+-----------------------+

+-----------------------------------------------------------------------------------------+
| Processes:                                                                              |
|  GPU   GI   CI              PID   Type   Process name                        GPU Memory |
|        ID   ID                                                               Usage      |
|=========================================================================================|
|  No running processes found                                                             |
+-----------------------------------------------------------------------------------------+
================ SLURM JOB INFO ================
Job ID:         9842096
Job Name:       wilor-train
Partition:      gpu-a100-small
Node List:      gpu020
CPUs per task:  2
GPUs per task:  1
Memory per GPU: 12288
Submit dir:     /scratch/mthakur/manifold/models/wilor_hands
Work dir:       /scratch/mthakur/manifold/models/wilor_hands
Job started at: Tue May  5 18:59:23 CEST 2026
===============================================
[progress] Created temporary training image root: /tmp/wilor_train_9842096.VAbwvp/images
[progress] Extracting frames for 0KuJ2t4S_TY into /tmp/wilor_train_9842096.VAbwvp/images/0KuJ2t4S_TY_frames
Extracted 2410 frame(s) from /scratch/mthakur/manifold/data/images/0KuJ2t4S_TY.mp4 into /tmp/wilor_train_9842096.VAbwvp/images/0KuJ2t4S_TY_frames
[progress] Extracting frames for 0gzQAgjx39o into /tmp/wilor_train_9842096.VAbwvp/images/0gzQAgjx39o_frames
Extracted 992 frame(s) from /scratch/mthakur/manifold/data/images/0gzQAgjx39o.mp4 into /tmp/wilor_train_9842096.VAbwvp/images/0gzQAgjx39o_frames
[progress] Extracting frames for 0rq4nkWlO2E into /tmp/wilor_train_9842096.VAbwvp/images/0rq4nkWlO2E_frames
Extracted 728 frame(s) from /scratch/mthakur/manifold/data/images/0rq4nkWlO2E.mp4 into /tmp/wilor_train_9842096.VAbwvp/images/0rq4nkWlO2E_frames
[progress] Extracting frames for 0ElPjqY4Cq8 into /tmp/wilor_train_9842096.VAbwvp/images/0ElPjqY4Cq8_frames
Extracted 726 frame(s) from /scratch/mthakur/manifold/data/images/0ElPjqY4Cq8.mp4 into /tmp/wilor_train_9842096.VAbwvp/images/0ElPjqY4Cq8_frames
[progress] Extracting frames for SlksdQT5JRE into /tmp/wilor_train_9842096.VAbwvp/images/SlksdQT5JRE_frames
Extracted 946 frame(s) from /scratch/mthakur/manifold/data/images/SlksdQT5JRE.mp4 into /tmp/wilor_train_9842096.VAbwvp/images/SlksdQT5JRE_frames
Project root:    /scratch/mthakur/manifold
Model root:      /scratch/mthakur/manifold/models/wilor_hands
Output dir:      /scratch/mthakur/manifold/outputs/wilor_finetune/hp_l_tvc_w_5e3
Train mode:      distill
Loss config:     /scratch/mthakur/manifold/models/wilor_hands/experiments/hparam_stage_l_temporal_vipe_camera.yaml
Experiment:      hp_l_tvc_w_5e3
Train scope:     refine_net
LoRA:            enabled=false rank=8 alpha=16.0 blocks=24-32 targets=qkv
Max steps:       200
Log every:       10
Save every:      100
Sample limit:    256
Validation split:0.2
Checkpoint:      /scratch/mthakur/manifold/models/wilor_hands/pretrained_models/wilor_final.ckpt
Source images:   /scratch/mthakur/manifold/data//images
Prepared images: /tmp/wilor_train_9842096.VAbwvp/images
Videos:          0KuJ2t4S_TY|0gzQAgjx39o|0rq4nkWlO2E|0ElPjqY4Cq8|SlksdQT5JRE
Temporal win:    size=3 stride=2 gap=1
Pose dir:        /scratch/mthakur/manifold/outputs/vipe/pose
Intrinsics dir:  /scratch/mthakur/manifold/outputs/vipe/intrinsics
Command: python -u /scratch/mthakur/manifold/models/wilor_hands/finetune_wilor_distill_vipe.py --checkpoint /scratch/mthakur/manifold/models/wilor_hands/pretrained_models/wilor_final.ckpt --cfg_path /scratch/mthakur/manifold/models/wilor_hands/pretrained_models/model_config.yaml --detector_path /scratch/mthakur/manifold/models/wilor_hands/pretrained_models/detector.pt --image_folder /tmp/wilor_train_9842096.VAbwvp/images --pose_dir /scratch/mthakur/manifold/outputs/vipe/pose --intrinsics_dir /scratch/mthakur/manifold/outputs/vipe/intrinsics --output_dir /scratch/mthakur/manifold/outputs/wilor_finetune/hp_l_tvc_w_5e3 --train_scope refine_net --camera_loss_weight 0.01 --validation_split 0.2 --lr 3e-05 --weight_decay 0.001 --batch_size 8 --num_workers 2 --max_steps 200 --log_every 10 --save_every 100 --seed 42 --rescale_factor 2.5 --detection_conf 0.3 --loss_config /scratch/mthakur/manifold/models/wilor_hands/experiments/hparam_stage_l_temporal_vipe_camera.yaml --experiment_name hp_l_tvc_w_5e3 --no-lora_enabled --lora_rank 8 --lora_alpha 16.0 --lora_dropout 0.0 --lora_block_start 24 --lora_block_end 32 --lora_target_modules qkv --sample_limit 256 --detection_cache /scratch/mthakur/manifold/outputs/wilor_finetune/hp_l_tvc_w_5e3/detections_selected_videos.json --video=0KuJ2t4S_TY --video=0gzQAgjx39o --video=0rq4nkWlO2E --video=0ElPjqY4Cq8 --video=SlksdQT5JRE --temporal_window_size 3 --temporal_window_stride 2 --temporal_max_frame_gap 1 --temporal_reduction l1 --temporal_scorer_hidden_dim 64 --temporal_scorer_layers 2 --temporal_scorer_dropout 0.0 --vipe_camera_weight 0.005 --vipe_camera_enabled --temporal_camera_enabled --temporal_camera_formulation static --temporal_camera_weight 0.01 --temporal_camera_scorer_weight 0.0 --temporal_bbox_projected_enabled --temporal_bbox_projected_formulation static --temporal_bbox_projected_weight 0.01 --temporal_bbox_projected_scorer_weight 0.0 --temporal_vipe_camera_enabled --temporal_vipe_camera_formulation learnable --temporal_vipe_camera_weight 0.005 --temporal_vipe_camera_smoothness_weight 0.005 --temporal_vipe_camera_anchor_weight 0.001 --use_gpu --amp
[progress] About to launch Apptainer via srun.
[progress] SLURM wrapper log: SLURM_logs/wilor-train_179.out
[progress] Python run output dir: /scratch/mthakur/manifold/outputs/wilor_finetune/hp_l_tvc_w_5e3
[progress] Starting containerized training process now...
/.venv/lib/python3.10/site-packages/timm/models/layers/__init__.py:49: FutureWarning: Importing from timm.models.layers is deprecated, please import via timm.layers
  warnings.warn(f"Importing from {__name__} is deprecated, please import via timm.layers", FutureWarning)
[progress] Starting fine-tuning entrypoint.
[progress] Resolving experiment config from /scratch/mthakur/manifold/models/wilor_hands/experiments/hparam_stage_l_temporal_vipe_camera.yaml (experiment=hp_l_tvc_w_5e3)
[progress] Resolved experiment 'hp_l_tvc_w_5e3'.
[progress] Using device cuda; output directory is /scratch/mthakur/manifold/outputs/wilor_finetune/hp_l_tvc_w_5e3
[progress] Saved resolved experiment snapshot.
[progress] Loading student checkpoint and cloning teacher model.
Loading  /scratch/mthakur/manifold/models/wilor_hands/pretrained_models/wilor_final.ckpt
WARNING: You are using a MANO model, with only 10 shape coefficients.
[progress] Loading detector and ViPE camera index.
[progress] Loading YOLO detector from /scratch/mthakur/manifold/models/wilor_hands/pretrained_models/detector.pt onto cuda
[progress] Detector ready.
[progress] Using explicitly requested video selection: 0ElPjqY4Cq8, 0KuJ2t4S_TY, 0gzQAgjx39o, 0rq4nkWlO2E, SlksdQT5JRE
[progress] Filtering 5 selected video(s) for matching ViPE artifacts.
[progress] Proceeding with video(s): 0ElPjqY4Cq8, 0KuJ2t4S_TY, 0gzQAgjx39o, 0rq4nkWlO2E, SlksdQT5JRE
[progress] Building detection samples (cache path: /scratch/mthakur/manifold/outputs/wilor_finetune/hp_l_tvc_w_5e3/detections_selected_videos.json).
[progress] Scanning image folder for existing extracted frames: /tmp/wilor_train_9842096.VAbwvp/images
[progress] Prepared 256 frame(s) for detection across 5 selected video(s).
[progress] Running detector on frame 1/256: /tmp/wilor_train_9842096.VAbwvp/images/0ElPjqY4Cq8_frames/frame_000000.jpg
[progress] Running detector on frame 25/256: /tmp/wilor_train_9842096.VAbwvp/images/0ElPjqY4Cq8_frames/frame_000024.jpg
[progress] Running detector on frame 50/256: /tmp/wilor_train_9842096.VAbwvp/images/0ElPjqY4Cq8_frames/frame_000049.jpg
[progress] Running detector on frame 75/256: /tmp/wilor_train_9842096.VAbwvp/images/0ElPjqY4Cq8_frames/frame_000074.jpg
[progress] Running detector on frame 100/256: /tmp/wilor_train_9842096.VAbwvp/images/0ElPjqY4Cq8_frames/frame_000099.jpg
[progress] Running detector on frame 125/256: /tmp/wilor_train_9842096.VAbwvp/images/0ElPjqY4Cq8_frames/frame_000124.jpg
[progress] Running detector on frame 150/256: /tmp/wilor_train_9842096.VAbwvp/images/0ElPjqY4Cq8_frames/frame_000149.jpg
[progress] Running detector on frame 175/256: /tmp/wilor_train_9842096.VAbwvp/images/0ElPjqY4Cq8_frames/frame_000174.jpg
[progress] Running detector on frame 200/256: /tmp/wilor_train_9842096.VAbwvp/images/0ElPjqY4Cq8_frames/frame_000199.jpg
[progress] Running detector on frame 225/256: /tmp/wilor_train_9842096.VAbwvp/images/0ElPjqY4Cq8_frames/frame_000224.jpg
[progress] Running detector on frame 250/256: /tmp/wilor_train_9842096.VAbwvp/images/0ElPjqY4Cq8_frames/frame_000249.jpg
[progress] Running detector on frame 256/256: /tmp/wilor_train_9842096.VAbwvp/images/0ElPjqY4Cq8_frames/frame_000255.jpg
[progress] Saved 507 detection samples to /scratch/mthakur/manifold/outputs/wilor_finetune/hp_l_tvc_w_5e3/detections_selected_videos.json
[progress] Finished detection sampling with 507 sample(s).
[progress] Collected 507 detector sample(s).
[progress] Splitting samples into train/val with validation_split=0.2.
[progress] Building temporal training windows with size=3, stride=2, gap=1.
[progress] Constructing training dataset and dataloader.
[progress] Building validation temporal windows and dataloader.
[progress] Configuring trainable scope: refine_net
[progress] Initialized temporal ViPE camera refinement head.
[progress] Creating optimizer and AMP scaler.
[progress] Metrics will be appended to /scratch/mthakur/manifold/outputs/wilor_finetune/hp_l_tvc_w_5e3/metrics.jsonl
Device: cuda
Experiment: hp_l_tvc_w_5e3
Videos: 0ElPjqY4Cq8, 0KuJ2t4S_TY, 0gzQAgjx39o, 0rq4nkWlO2E, SlksdQT5JRE
Frames: total=256 train=205 val=51
Samples: total=507 train=405 val=102
Temporal windows: train=144 val=4 dropped_train=46 dropped_val=72
Train scope: refine_net
LoRA: disabled
Trainable params: 8,341,904
Temporal families: temporal_camera, temporal_bbox_projected, temporal_vipe_camera
[progress] Entering optimization loop.
[progress] Fetching first training batch.
[step 00001] loss=2.0460 cam=391.2660 temp_cam=0.0000 bbox_p=0.0128 vipe_t=0.0003
[progress] Running validation at step 1.
             val_loss=0.9277 val_cam=184.5284 val_temp_cam=0.0000 val_bbox_p=0.0161 val_vipe_t=0.0003
[step 00010] loss=2.8284 cam=350.3780 temp_cam=0.0000 bbox_p=0.0256 vipe_t=0.0001
[progress] Running validation at step 10.
             val_loss=1.0934 val_cam=183.6718 val_temp_cam=0.0000 val_bbox_p=0.0162 val_vipe_t=0.0001
[step 00020] loss=1.9601 cam=359.3429 temp_cam=0.0000 bbox_p=0.0067 vipe_t=0.0001
[progress] Running validation at step 20.
             val_loss=1.0096 val_cam=181.9082 val_temp_cam=0.0000 val_bbox_p=0.0161 val_vipe_t=0.0001
[step 00030] loss=2.0924 cam=331.8058 temp_cam=0.0000 bbox_p=0.0047 vipe_t=0.0000
[progress] Running validation at step 30.
             val_loss=1.0058 val_cam=177.8227 val_temp_cam=0.0000 val_bbox_p=0.0167 val_vipe_t=0.0000
[step 00040] loss=2.2074 cam=366.7040 temp_cam=0.0000 bbox_p=0.0022 vipe_t=0.0000
[progress] Running validation at step 40.
             val_loss=1.0569 val_cam=173.3645 val_temp_cam=0.0000 val_bbox_p=0.0169 val_vipe_t=0.0000
[step 00050] loss=1.8324 cam=336.6523 temp_cam=0.0000 bbox_p=0.0042 vipe_t=0.0000
[progress] Running validation at step 50.
             val_loss=0.9943 val_cam=169.2709 val_temp_cam=0.0000 val_bbox_p=0.0182 val_vipe_t=0.0000
[step 00060] loss=2.5769 cam=345.1946 temp_cam=0.0000 bbox_p=0.0036 vipe_t=0.0000
[progress] Running validation at step 60.
             val_loss=1.0695 val_cam=166.5389 val_temp_cam=0.0000 val_bbox_p=0.0182 val_vipe_t=0.0000
[step 00070] loss=1.8241 cam=324.9438 temp_cam=0.0000 bbox_p=0.0221 vipe_t=0.0000
[progress] Running validation at step 70.
             val_loss=0.8975 val_cam=163.7435 val_temp_cam=0.0000 val_bbox_p=0.0178 val_vipe_t=0.0000
[step 00080] loss=2.4312 cam=342.6713 temp_cam=0.0000 bbox_p=0.0097 vipe_t=0.0000
[progress] Running validation at step 80.
             val_loss=0.9513 val_cam=160.9377 val_temp_cam=0.0000 val_bbox_p=0.0174 val_vipe_t=0.0000
[step 00090] loss=2.5747 cam=333.9431 temp_cam=0.0000 bbox_p=0.0143 vipe_t=0.0000
[progress] Running validation at step 90.
             val_loss=0.9781 val_cam=158.2167 val_temp_cam=0.0000 val_bbox_p=0.0180 val_vipe_t=0.0000
[step 00100] loss=1.8028 cam=288.9216 temp_cam=0.0000 bbox_p=0.0266 vipe_t=0.0000
[progress] Running validation at step 100.
             val_loss=1.0144 val_cam=156.0066 val_temp_cam=0.0000 val_bbox_p=0.0175 val_vipe_t=0.0000
[progress] Saved latest checkpoint at step 100.
[step 00110] loss=1.9580 cam=296.9750 temp_cam=0.0000 bbox_p=0.0079 vipe_t=0.0000
[progress] Running validation at step 110.
             val_loss=0.9253 val_cam=153.7944 val_temp_cam=0.0000 val_bbox_p=0.0176 val_vipe_t=0.0000
[step 00120] loss=1.6679 cam=289.2974 temp_cam=0.0000 bbox_p=0.0052 vipe_t=0.0000
[progress] Running validation at step 120.
             val_loss=0.8352 val_cam=151.4819 val_temp_cam=0.0000 val_bbox_p=0.0188 val_vipe_t=0.0000
[step 00130] loss=1.8686 cam=311.1218 temp_cam=0.0000 bbox_p=0.0026 vipe_t=0.0000
[progress] Running validation at step 130.
             val_loss=0.8691 val_cam=149.1517 val_temp_cam=0.0000 val_bbox_p=0.0185 val_vipe_t=0.0000
[step 00140] loss=1.6816 cam=296.6268 temp_cam=0.0000 bbox_p=0.0046 vipe_t=0.0000
[progress] Running validation at step 140.
             val_loss=0.8293 val_cam=146.8803 val_temp_cam=0.0000 val_bbox_p=0.0195 val_vipe_t=0.0000
[step 00150] loss=1.7065 cam=295.6534 temp_cam=0.0000 bbox_p=0.0038 vipe_t=0.0000
[progress] Running validation at step 150.
             val_loss=0.8094 val_cam=144.7122 val_temp_cam=0.0000 val_bbox_p=0.0196 val_vipe_t=0.0000
[step 00160] loss=1.7381 cam=278.1157 temp_cam=0.0000 bbox_p=0.0251 vipe_t=0.0000
[progress] Running validation at step 160.
             val_loss=0.8481 val_cam=142.5503 val_temp_cam=0.0000 val_bbox_p=0.0203 val_vipe_t=0.0000
[step 00170] loss=1.6784 cam=296.8201 temp_cam=0.0000 bbox_p=0.0105 vipe_t=0.0000
[progress] Running validation at step 170.
             val_loss=0.7887 val_cam=140.6726 val_temp_cam=0.0000 val_bbox_p=0.0201 val_vipe_t=0.0000
[step 00180] loss=1.7001 cam=291.1126 temp_cam=0.0000 bbox_p=0.0148 vipe_t=0.0000
[progress] Running validation at step 180.
             val_loss=0.7873 val_cam=138.7448 val_temp_cam=0.0000 val_bbox_p=0.0200 val_vipe_t=0.0000
[step 00190] loss=1.5016 cam=248.2487 temp_cam=0.0000 bbox_p=0.0307 vipe_t=0.0000
[progress] Running validation at step 190.
             val_loss=0.8241 val_cam=136.8608 val_temp_cam=0.0000 val_bbox_p=0.0203 val_vipe_t=0.0000
[step 00200] loss=1.6954 cam=256.4829 temp_cam=0.0000 bbox_p=0.0085 vipe_t=0.0000
[progress] Running validation at step 200.
             val_loss=0.8412 val_cam=135.0576 val_temp_cam=0.0000 val_bbox_p=0.0203 val_vipe_t=0.0000
[progress] Saved latest checkpoint at step 200.
Finished fine-tuning. Best val_loss_total: 0.7873
Saved checkpoints under: /scratch/mthakur/manifold/outputs/wilor_finetune/hp_l_tvc_w_5e3
[progress] Containerized training process exited cleanly.
===============================================
Job finished at: Tue May  5 19:14:10 CEST 2026
Execution took 0.25 hours
Writing output to SLURM_logs/wilor-train_179.out
===============================================
