
The following have been reloaded with a version change:
  1) python/3.10.12 => python/3.10.13

Loaded modules:

Currently Loaded Modules:
  1) slurm/current    3) gcc/11.3.0   5) python/3.10.13
  2) DefaultModules   4) 2024r1       6) cuda/11.7

 

Thu Apr 16 22:03:14 2026       
+-----------------------------------------------------------------------------------------+
| NVIDIA-SMI 580.126.20             Driver Version: 580.126.20     CUDA Version: 13.0     |
+-----------------------------------------+------------------------+----------------------+
| GPU  Name                 Persistence-M | Bus-Id          Disp.A | Volatile Uncorr. ECC |
| Fan  Temp   Perf          Pwr:Usage/Cap |           Memory-Usage | GPU-Util  Compute M. |
|                                         |                        |               MIG M. |
|=========================================+========================+======================|
|   0  NVIDIA A100 80GB PCIe          On  |   00000000:16:00.0 Off |                   On |
| N/A   55C    P0            102W /  300W |    1332MiB /  81920MiB |     N/A      Default |
|                                         |                        |              Enabled |
+-----------------------------------------+------------------------+----------------------+

+-----------------------------------------------------------------------------------------+
| MIG devices:                                                                            |
+------------------+----------------------------------+-----------+-----------------------+
| GPU  GI  CI  MIG |              Shared Memory-Usage |        Vol|        Shared         |
|      ID  ID  Dev |                Shared BAR1-Usage | SM     Unc| CE ENC  DEC  OFA  JPG |
|                  |                                  |        ECC|                       |
|==================+==================================+===========+=======================|
|  0    7   0   0  |              36MiB /  9728MiB    | 14      0 |  1   0    0    0    0 |
|                  |               0MiB /  6135MiB    |           |                       |
+------------------+----------------------------------+-----------+-----------------------+

+-----------------------------------------------------------------------------------------+
| Processes:                                                                              |
|  GPU   GI   CI              PID   Type   Process name                        GPU Memory |
|        ID   ID                                                               Usage      |
|=========================================================================================|
|  No running processes found                                                             |
+-----------------------------------------------------------------------------------------+
================ SLURM JOB INFO ================
Job ID:         9681831
Job Name:       wilor-inference
Partition:      gpu-a100-small
Node List:      gpu020
CPUs per task:  2
GPUs per task:  1
Memory per GPU: 10240
Submit dir:     /scratch/mthakur/manifold/models/wilor_hands
Work dir:       /scratch/mthakur/manifold/models/wilor_hands
Job started at: Thu Apr 16 22:03:15 CEST 2026
===============================================
WiLoR finetune experiment: tune_stage_5_videos
WiLoR checkpoint: /scratch/mthakur/manifold/outputs/wilor_finetune/tune_stage_5_videos/best.ckpt
WiLoR config: /scratch/mthakur/manifold/models/wilor_hands/pretrained_models/model_config.yaml
WiLoR video: /scratch/mthakur/manifold/data/test/clip_4.mp4
WiLoR output root: /scratch/mthakur/manifold/outputs/wilor_finetune/tune_stage_5_videos
WiLoR completion marker: /scratch/mthakur/manifold/outputs/wilor_finetune/tune_stage_5_videos/_completed/clip_4.json
WiLoR temp frame dir: /tmp/wilor_clip_4.TFtqgR/clip_4_frames
Extracted 57 frame(s) from /scratch/mthakur/manifold/data/test/clip_4.mp4 into /tmp/wilor_clip_4.TFtqgR/clip_4_frames
/.venv/lib/python3.10/site-packages/timm/models/layers/__init__.py:49: FutureWarning: Importing from timm.models.layers is deprecated, please import via timm.layers
  warnings.warn(f"Importing from {__name__} is deprecated, please import via timm.layers", FutureWarning)
[progress] Loading WiLoR checkpoint: /scratch/mthakur/manifold/outputs/wilor_finetune/tune_stage_5_videos/best.ckpt
Loading  /scratch/mthakur/manifold/outputs/wilor_finetune/tune_stage_5_videos/best.ckpt
WARNING: You are using a MANO model, with only 10 shape coefficients.
[progress] Loading detector: ./pretrained_models/detector.pt

Processing: /tmp/wilor_clip_4.TFtqgR/clip_4_frames/frame_000000.jpg

Processing: /tmp/wilor_clip_4.TFtqgR/clip_4_frames/frame_000001.jpg

Processing: /tmp/wilor_clip_4.TFtqgR/clip_4_frames/frame_000002.jpg

Processing: /tmp/wilor_clip_4.TFtqgR/clip_4_frames/frame_000003.jpg

Processing: /tmp/wilor_clip_4.TFtqgR/clip_4_frames/frame_000004.jpg

Processing: /tmp/wilor_clip_4.TFtqgR/clip_4_frames/frame_000005.jpg

Processing: /tmp/wilor_clip_4.TFtqgR/clip_4_frames/frame_000006.jpg

Processing: /tmp/wilor_clip_4.TFtqgR/clip_4_frames/frame_000007.jpg

Processing: /tmp/wilor_clip_4.TFtqgR/clip_4_frames/frame_000008.jpg

Processing: /tmp/wilor_clip_4.TFtqgR/clip_4_frames/frame_000009.jpg

Processing: /tmp/wilor_clip_4.TFtqgR/clip_4_frames/frame_000010.jpg

Processing: /tmp/wilor_clip_4.TFtqgR/clip_4_frames/frame_000011.jpg

Processing: /tmp/wilor_clip_4.TFtqgR/clip_4_frames/frame_000012.jpg

Processing: /tmp/wilor_clip_4.TFtqgR/clip_4_frames/frame_000013.jpg

Processing: /tmp/wilor_clip_4.TFtqgR/clip_4_frames/frame_000014.jpg

Processing: /tmp/wilor_clip_4.TFtqgR/clip_4_frames/frame_000015.jpg

Processing: /tmp/wilor_clip_4.TFtqgR/clip_4_frames/frame_000016.jpg

Processing: /tmp/wilor_clip_4.TFtqgR/clip_4_frames/frame_000017.jpg

Processing: /tmp/wilor_clip_4.TFtqgR/clip_4_frames/frame_000018.jpg

Processing: /tmp/wilor_clip_4.TFtqgR/clip_4_frames/frame_000019.jpg

Processing: /tmp/wilor_clip_4.TFtqgR/clip_4_frames/frame_000020.jpg

Processing: /tmp/wilor_clip_4.TFtqgR/clip_4_frames/frame_000021.jpg

Processing: /tmp/wilor_clip_4.TFtqgR/clip_4_frames/frame_000022.jpg

Processing: /tmp/wilor_clip_4.TFtqgR/clip_4_frames/frame_000023.jpg

Processing: /tmp/wilor_clip_4.TFtqgR/clip_4_frames/frame_000024.jpg

Processing: /tmp/wilor_clip_4.TFtqgR/clip_4_frames/frame_000025.jpg

Processing: /tmp/wilor_clip_4.TFtqgR/clip_4_frames/frame_000026.jpg

Processing: /tmp/wilor_clip_4.TFtqgR/clip_4_frames/frame_000027.jpg

Processing: /tmp/wilor_clip_4.TFtqgR/clip_4_frames/frame_000028.jpg

Processing: /tmp/wilor_clip_4.TFtqgR/clip_4_frames/frame_000029.jpg

Processing: /tmp/wilor_clip_4.TFtqgR/clip_4_frames/frame_000030.jpg

Processing: /tmp/wilor_clip_4.TFtqgR/clip_4_frames/frame_000031.jpg

Processing: /tmp/wilor_clip_4.TFtqgR/clip_4_frames/frame_000032.jpg

Processing: /tmp/wilor_clip_4.TFtqgR/clip_4_frames/frame_000033.jpg

Processing: /tmp/wilor_clip_4.TFtqgR/clip_4_frames/frame_000034.jpg

Processing: /tmp/wilor_clip_4.TFtqgR/clip_4_frames/frame_000035.jpg

Processing: /tmp/wilor_clip_4.TFtqgR/clip_4_frames/frame_000036.jpg

Processing: /tmp/wilor_clip_4.TFtqgR/clip_4_frames/frame_000037.jpg

Processing: /tmp/wilor_clip_4.TFtqgR/clip_4_frames/frame_000038.jpg

Processing: /tmp/wilor_clip_4.TFtqgR/clip_4_frames/frame_000039.jpg

Processing: /tmp/wilor_clip_4.TFtqgR/clip_4_frames/frame_000040.jpg

Processing: /tmp/wilor_clip_4.TFtqgR/clip_4_frames/frame_000041.jpg

Processing: /tmp/wilor_clip_4.TFtqgR/clip_4_frames/frame_000042.jpg

Processing: /tmp/wilor_clip_4.TFtqgR/clip_4_frames/frame_000043.jpg

Processing: /tmp/wilor_clip_4.TFtqgR/clip_4_frames/frame_000044.jpg

Processing: /tmp/wilor_clip_4.TFtqgR/clip_4_frames/frame_000045.jpg

Processing: /tmp/wilor_clip_4.TFtqgR/clip_4_frames/frame_000046.jpg

Processing: /tmp/wilor_clip_4.TFtqgR/clip_4_frames/frame_000047.jpg

Processing: /tmp/wilor_clip_4.TFtqgR/clip_4_frames/frame_000048.jpg

Processing: /tmp/wilor_clip_4.TFtqgR/clip_4_frames/frame_000049.jpg

Processing: /tmp/wilor_clip_4.TFtqgR/clip_4_frames/frame_000050.jpg

Processing: /tmp/wilor_clip_4.TFtqgR/clip_4_frames/frame_000051.jpg

Processing: /tmp/wilor_clip_4.TFtqgR/clip_4_frames/frame_000052.jpg

Processing: /tmp/wilor_clip_4.TFtqgR/clip_4_frames/frame_000053.jpg

Processing: /tmp/wilor_clip_4.TFtqgR/clip_4_frames/frame_000054.jpg

Processing: /tmp/wilor_clip_4.TFtqgR/clip_4_frames/frame_000055.jpg

Processing: /tmp/wilor_clip_4.TFtqgR/clip_4_frames/frame_000056.jpg

All images processed.
===============================================
Job finished at: Thu Apr 16 22:06:36 CEST 2026
Execution took 0.06 hours
Writing output to SLURM_logs/wilor-inference_227.out
Retained WiLoR outputs: /scratch/mthakur/manifold/outputs/wilor_finetune/tune_stage_5_videos/clip_4/meshes
===============================================
