Loaded modules:

Currently Loaded Modules:
  1) slurm/current    3) gcc/11.3.0   5) cuda/11.7
  2) DefaultModules   4) 2024r1

 

Wed Jun 10 01:27:00 2026       
+-----------------------------------------------------------------------------------------+
| NVIDIA-SMI 580.159.04             Driver Version: 580.159.04     CUDA Version: 13.0     |
+-----------------------------------------+------------------------+----------------------+
| GPU  Name                 Persistence-M | Bus-Id          Disp.A | Volatile Uncorr. ECC |
| Fan  Temp   Perf          Pwr:Usage/Cap |           Memory-Usage | GPU-Util  Compute M. |
|                                         |                        |               MIG M. |
|=========================================+========================+======================|
|   0  NVIDIA A100 80GB PCIe          On  |   00000000:16:00.0 Off |                   On |
| N/A   44C    P0            106W /  300W |    9137MiB /  81920MiB |     N/A      Default |
|                                         |                        |              Enabled |
+-----------------------------------------+------------------------+----------------------+

+-----------------------------------------------------------------------------------------+
| MIG devices:                                                                            |
+------------------+----------------------------------+-----------+-----------------------+
| GPU  GI  CI  MIG |              Shared Memory-Usage |        Vol|        Shared         |
|      ID  ID  Dev |                Shared BAR1-Usage | SM     Unc| CE ENC  DEC  OFA  JPG |
|                  |                                  |        ECC|                       |
|==================+==================================+===========+=======================|
|  0    7   0   0  |              36MiB /  9728MiB    | 14      0 |  1   0    0    0    0 |
|                  |               0MiB /  6135MiB    |           |                       |
+------------------+----------------------------------+-----------+-----------------------+

+-----------------------------------------------------------------------------------------+
| Processes:                                                                              |
|  GPU   GI   CI              PID   Type   Process name                        GPU Memory |
|        ID   ID                                                               Usage      |
|=========================================================================================|
|  No running processes found                                                             |
+-----------------------------------------------------------------------------------------+
================ SLURM JOB INFO ================
Job ID:         10143250
Job Name:       wilor-inference
Partition:      gpu-a100-small
Node List:      gpu020
CPUs per task:  2
GPUs per task:  1
Memory per GPU: 10240
Submit dir:     /scratch/mthakur/manifold/models/wilor_hands
Work dir:       /scratch/mthakur/manifold/models/wilor_hands
Job started at: Wed Jun 10 01:27:01 CEST 2026
===============================================
WiLoR video: /scratch/mthakur/manifold/data/test/edge_cases_leaving_BE_meenakshi.mp4
WiLoR output root: /scratch/mthakur/manifold/outputs/wilor
WiLoR completion marker: /scratch/mthakur/manifold/outputs/wilor/_completed/edge_cases_leaving_BE_meenakshi.json
WiLoR frame cache root: /scratch/mthakur/manifold/data/test
/.venv/lib/python3.10/site-packages/timm/models/layers/__init__.py:49: FutureWarning: Importing from timm.models.layers is deprecated, please import via timm.layers
  warnings.warn(f"Importing from {__name__} is deprecated, please import via timm.layers", FutureWarning)
[progress] Loading WiLoR checkpoint: ./pretrained_models/wilor_final.ckpt
Loading  ./pretrained_models/wilor_final.ckpt
WARNING: You are using a MANO model, with only 10 shape coefficients.
[progress] Loading detector: ./pretrained_models/detector.pt

Processing: edge_cases_leaving_BE_meenakshi:frame_000000
No detections, skipping.

Processing: edge_cases_leaving_BE_meenakshi:frame_000001

Processing: edge_cases_leaving_BE_meenakshi:frame_000002

Processing: edge_cases_leaving_BE_meenakshi:frame_000003
No detections, skipping.

Processing: edge_cases_leaving_BE_meenakshi:frame_000004

Processing: edge_cases_leaving_BE_meenakshi:frame_000005

Processing: edge_cases_leaving_BE_meenakshi:frame_000006

Processing: edge_cases_leaving_BE_meenakshi:frame_000007

Processing: edge_cases_leaving_BE_meenakshi:frame_000008

Processing: edge_cases_leaving_BE_meenakshi:frame_000009

Processing: edge_cases_leaving_BE_meenakshi:frame_000010

Processing: edge_cases_leaving_BE_meenakshi:frame_000011

Processing: edge_cases_leaving_BE_meenakshi:frame_000012

Processing: edge_cases_leaving_BE_meenakshi:frame_000013

Processing: edge_cases_leaving_BE_meenakshi:frame_000014

Processing: edge_cases_leaving_BE_meenakshi:frame_000015

Processing: edge_cases_leaving_BE_meenakshi:frame_000016

Processing: edge_cases_leaving_BE_meenakshi:frame_000017

Processing: edge_cases_leaving_BE_meenakshi:frame_000018

Processing: edge_cases_leaving_BE_meenakshi:frame_000019

Processing: edge_cases_leaving_BE_meenakshi:frame_000020

Processing: edge_cases_leaving_BE_meenakshi:frame_000021
No detections, skipping.

Processing: edge_cases_leaving_BE_meenakshi:frame_000022
No detections, skipping.

Processing: edge_cases_leaving_BE_meenakshi:frame_000023
No detections, skipping.

Processing: edge_cases_leaving_BE_meenakshi:frame_000024
No detections, skipping.

Processing: edge_cases_leaving_BE_meenakshi:frame_000025
No detections, skipping.

Processing: edge_cases_leaving_BE_meenakshi:frame_000026
No detections, skipping.

Processing: edge_cases_leaving_BE_meenakshi:frame_000027
No detections, skipping.

Processing: edge_cases_leaving_BE_meenakshi:frame_000028
No detections, skipping.

Processing: edge_cases_leaving_BE_meenakshi:frame_000029
No detections, skipping.

Processing: edge_cases_leaving_BE_meenakshi:frame_000030
No detections, skipping.

Processing: edge_cases_leaving_BE_meenakshi:frame_000031
No detections, skipping.

Processing: edge_cases_leaving_BE_meenakshi:frame_000032
No detections, skipping.

Processing: edge_cases_leaving_BE_meenakshi:frame_000033
No detections, skipping.

Processing: edge_cases_leaving_BE_meenakshi:frame_000034

Processing: edge_cases_leaving_BE_meenakshi:frame_000035

Processing: edge_cases_leaving_BE_meenakshi:frame_000036

Processing: edge_cases_leaving_BE_meenakshi:frame_000037

Processing: edge_cases_leaving_BE_meenakshi:frame_000038

Processing: edge_cases_leaving_BE_meenakshi:frame_000039

Processing: edge_cases_leaving_BE_meenakshi:frame_000040

Processing: edge_cases_leaving_BE_meenakshi:frame_000041

Processing: edge_cases_leaving_BE_meenakshi:frame_000042

Processing: edge_cases_leaving_BE_meenakshi:frame_000043

Processing: edge_cases_leaving_BE_meenakshi:frame_000044

Processing: edge_cases_leaving_BE_meenakshi:frame_000045

Processing: edge_cases_leaving_BE_meenakshi:frame_000046

Processing: edge_cases_leaving_BE_meenakshi:frame_000047

Processing: edge_cases_leaving_BE_meenakshi:frame_000048

Processing: edge_cases_leaving_BE_meenakshi:frame_000049
No detections, skipping.

Processing: edge_cases_leaving_BE_meenakshi:frame_000050

Processing: edge_cases_leaving_BE_meenakshi:frame_000051
No detections, skipping.

Processing: edge_cases_leaving_BE_meenakshi:frame_000052
No detections, skipping.

Processing: edge_cases_leaving_BE_meenakshi:frame_000053
No detections, skipping.

Processing: edge_cases_leaving_BE_meenakshi:frame_000054
No detections, skipping.

Processing: edge_cases_leaving_BE_meenakshi:frame_000055
No detections, skipping.

Processing: edge_cases_leaving_BE_meenakshi:frame_000056
No detections, skipping.

Processing: edge_cases_leaving_BE_meenakshi:frame_000057
No detections, skipping.

Processing: edge_cases_leaving_BE_meenakshi:frame_000058
No detections, skipping.

Processing: edge_cases_leaving_BE_meenakshi:frame_000059
No detections, skipping.

Processing: edge_cases_leaving_BE_meenakshi:frame_000060
No detections, skipping.

Processing: edge_cases_leaving_BE_meenakshi:frame_000061

Processing: edge_cases_leaving_BE_meenakshi:frame_000062

Processing: edge_cases_leaving_BE_meenakshi:frame_000063

Processing: edge_cases_leaving_BE_meenakshi:frame_000064

Processing: edge_cases_leaving_BE_meenakshi:frame_000065

Processing: edge_cases_leaving_BE_meenakshi:frame_000066

Processing: edge_cases_leaving_BE_meenakshi:frame_000067

Processing: edge_cases_leaving_BE_meenakshi:frame_000068

Processing: edge_cases_leaving_BE_meenakshi:frame_000069

Processing: edge_cases_leaving_BE_meenakshi:frame_000070

Processing: edge_cases_leaving_BE_meenakshi:frame_000071
No detections, skipping.

Processing: edge_cases_leaving_BE_meenakshi:frame_000072
No detections, skipping.

Processing: edge_cases_leaving_BE_meenakshi:frame_000073
No detections, skipping.

Processing: edge_cases_leaving_BE_meenakshi:frame_000074
No detections, skipping.

Processing: edge_cases_leaving_BE_meenakshi:frame_000075
No detections, skipping.

Processing: edge_cases_leaving_BE_meenakshi:frame_000076
No detections, skipping.

Processing: edge_cases_leaving_BE_meenakshi:frame_000077
No detections, skipping.

Processing: edge_cases_leaving_BE_meenakshi:frame_000078
No detections, skipping.

Processing: edge_cases_leaving_BE_meenakshi:frame_000079
No detections, skipping.

Processing: edge_cases_leaving_BE_meenakshi:frame_000080
No detections, skipping.

Processing: edge_cases_leaving_BE_meenakshi:frame_000081
No detections, skipping.

Processing: edge_cases_leaving_BE_meenakshi:frame_000082
No detections, skipping.

Processing: edge_cases_leaving_BE_meenakshi:frame_000083
No detections, skipping.

Processing: edge_cases_leaving_BE_meenakshi:frame_000084
No detections, skipping.

Processing: edge_cases_leaving_BE_meenakshi:frame_000085
No detections, skipping.

Processing: edge_cases_leaving_BE_meenakshi:frame_000086
No detections, skipping.

Processing: edge_cases_leaving_BE_meenakshi:frame_000087

Processing: edge_cases_leaving_BE_meenakshi:frame_000088

Processing: edge_cases_leaving_BE_meenakshi:frame_000089

Processing: edge_cases_leaving_BE_meenakshi:frame_000090

Processing: edge_cases_leaving_BE_meenakshi:frame_000091

Processing: edge_cases_leaving_BE_meenakshi:frame_000092

Processing: edge_cases_leaving_BE_meenakshi:frame_000093

Processing: edge_cases_leaving_BE_meenakshi:frame_000094

Processing: edge_cases_leaving_BE_meenakshi:frame_000095

Processing: edge_cases_leaving_BE_meenakshi:frame_000096

Processing: edge_cases_leaving_BE_meenakshi:frame_000097

Processing: edge_cases_leaving_BE_meenakshi:frame_000098

Processing: edge_cases_leaving_BE_meenakshi:frame_000099

Processing: edge_cases_leaving_BE_meenakshi:frame_000100

Processing: edge_cases_leaving_BE_meenakshi:frame_000101

Processing: edge_cases_leaving_BE_meenakshi:frame_000102

Processing: edge_cases_leaving_BE_meenakshi:frame_000103

Processing: edge_cases_leaving_BE_meenakshi:frame_000104

Processing: edge_cases_leaving_BE_meenakshi:frame_000105

Processing: edge_cases_leaving_BE_meenakshi:frame_000106

Processing: edge_cases_leaving_BE_meenakshi:frame_000107
No detections, skipping.

Processing: edge_cases_leaving_BE_meenakshi:frame_000108
No detections, skipping.

Processing: edge_cases_leaving_BE_meenakshi:frame_000109
No detections, skipping.

Processing: edge_cases_leaving_BE_meenakshi:frame_000110
No detections, skipping.

Processing: edge_cases_leaving_BE_meenakshi:frame_000111
No detections, skipping.

Processing: edge_cases_leaving_BE_meenakshi:frame_000112
No detections, skipping.

Processing: edge_cases_leaving_BE_meenakshi:frame_000113
No detections, skipping.

Processing: edge_cases_leaving_BE_meenakshi:frame_000114
No detections, skipping.

Processing: edge_cases_leaving_BE_meenakshi:frame_000115
No detections, skipping.

Processing: edge_cases_leaving_BE_meenakshi:frame_000116
No detections, skipping.

Processing: edge_cases_leaving_BE_meenakshi:frame_000117
No detections, skipping.

Processing: edge_cases_leaving_BE_meenakshi:frame_000118
No detections, skipping.

Processing: edge_cases_leaving_BE_meenakshi:frame_000119
No detections, skipping.

Processing: edge_cases_leaving_BE_meenakshi:frame_000120
No detections, skipping.

Processing: edge_cases_leaving_BE_meenakshi:frame_000121
No detections, skipping.

Processing: edge_cases_leaving_BE_meenakshi:frame_000122
No detections, skipping.

Processing: edge_cases_leaving_BE_meenakshi:frame_000123
No detections, skipping.

Processing: edge_cases_leaving_BE_meenakshi:frame_000124
No detections, skipping.

Processing: edge_cases_leaving_BE_meenakshi:frame_000125
No detections, skipping.

Processing: edge_cases_leaving_BE_meenakshi:frame_000126
No detections, skipping.

Processing: edge_cases_leaving_BE_meenakshi:frame_000127
No detections, skipping.

Processing: edge_cases_leaving_BE_meenakshi:frame_000128
No detections, skipping.

Processing: edge_cases_leaving_BE_meenakshi:frame_000129
No detections, skipping.

Processing: edge_cases_leaving_BE_meenakshi:frame_000130
No detections, skipping.

Processing: edge_cases_leaving_BE_meenakshi:frame_000131
No detections, skipping.

Processing: edge_cases_leaving_BE_meenakshi:frame_000132
No detections, skipping.

Processing: edge_cases_leaving_BE_meenakshi:frame_000133
No detections, skipping.

Processing: edge_cases_leaving_BE_meenakshi:frame_000134
No detections, skipping.

Processing: edge_cases_leaving_BE_meenakshi:frame_000135
No detections, skipping.

Processing: edge_cases_leaving_BE_meenakshi:frame_000136
No detections, skipping.

Processing: edge_cases_leaving_BE_meenakshi:frame_000137
No detections, skipping.

Processing: edge_cases_leaving_BE_meenakshi:frame_000138
No detections, skipping.

Processing: edge_cases_leaving_BE_meenakshi:frame_000139
No detections, skipping.

Processing: edge_cases_leaving_BE_meenakshi:frame_000140
No detections, skipping.

Processing: edge_cases_leaving_BE_meenakshi:frame_000141
No detections, skipping.

Processing: edge_cases_leaving_BE_meenakshi:frame_000142
No detections, skipping.

Processing: edge_cases_leaving_BE_meenakshi:frame_000143
No detections, skipping.

Processing: edge_cases_leaving_BE_meenakshi:frame_000144
No detections, skipping.

Processing: edge_cases_leaving_BE_meenakshi:frame_000145
No detections, skipping.

Processing: edge_cases_leaving_BE_meenakshi:frame_000146
No detections, skipping.

Processing: edge_cases_leaving_BE_meenakshi:frame_000147
No detections, skipping.

Processing: edge_cases_leaving_BE_meenakshi:frame_000148

Processing: edge_cases_leaving_BE_meenakshi:frame_000149

Processing: edge_cases_leaving_BE_meenakshi:frame_000150

Processing: edge_cases_leaving_BE_meenakshi:frame_000151

Processing: edge_cases_leaving_BE_meenakshi:frame_000152

Processing: edge_cases_leaving_BE_meenakshi:frame_000153

Processing: edge_cases_leaving_BE_meenakshi:frame_000154

Processing: edge_cases_leaving_BE_meenakshi:frame_000155

Processing: edge_cases_leaving_BE_meenakshi:frame_000156

Processing: edge_cases_leaving_BE_meenakshi:frame_000157

Processing: edge_cases_leaving_BE_meenakshi:frame_000158

Processing: edge_cases_leaving_BE_meenakshi:frame_000159

Processing: edge_cases_leaving_BE_meenakshi:frame_000160

Processing: edge_cases_leaving_BE_meenakshi:frame_000161

Processing: edge_cases_leaving_BE_meenakshi:frame_000162

Processing: edge_cases_leaving_BE_meenakshi:frame_000163

Processing: edge_cases_leaving_BE_meenakshi:frame_000164

Processing: edge_cases_leaving_BE_meenakshi:frame_000165

Processing: edge_cases_leaving_BE_meenakshi:frame_000166

Processing: edge_cases_leaving_BE_meenakshi:frame_000167

Processing: edge_cases_leaving_BE_meenakshi:frame_000168

Processing: edge_cases_leaving_BE_meenakshi:frame_000169

Processing: edge_cases_leaving_BE_meenakshi:frame_000170
No detections, skipping.

Processing: edge_cases_leaving_BE_meenakshi:frame_000171
No detections, skipping.

Processing: edge_cases_leaving_BE_meenakshi:frame_000172

Processing: edge_cases_leaving_BE_meenakshi:frame_000173

Processing: edge_cases_leaving_BE_meenakshi:frame_000174
No detections, skipping.

Processing: edge_cases_leaving_BE_meenakshi:frame_000175
No detections, skipping.

Processing: edge_cases_leaving_BE_meenakshi:frame_000176
No detections, skipping.

Processing: edge_cases_leaving_BE_meenakshi:frame_000177
No detections, skipping.

Processing: edge_cases_leaving_BE_meenakshi:frame_000178
No detections, skipping.

Processing: edge_cases_leaving_BE_meenakshi:frame_000179
No detections, skipping.

Processing: edge_cases_leaving_BE_meenakshi:frame_000180
No detections, skipping.

Processing: edge_cases_leaving_BE_meenakshi:frame_000181
No detections, skipping.

Processing: edge_cases_leaving_BE_meenakshi:frame_000182
No detections, skipping.

Processing: edge_cases_leaving_BE_meenakshi:frame_000183
No detections, skipping.

Processing: edge_cases_leaving_BE_meenakshi:frame_000184
No detections, skipping.

Processing: edge_cases_leaving_BE_meenakshi:frame_000185
No detections, skipping.

Processing: edge_cases_leaving_BE_meenakshi:frame_000186
No detections, skipping.

Processing: edge_cases_leaving_BE_meenakshi:frame_000187

Processing: edge_cases_leaving_BE_meenakshi:frame_000188

Processing: edge_cases_leaving_BE_meenakshi:frame_000189

Processing: edge_cases_leaving_BE_meenakshi:frame_000190

Processing: edge_cases_leaving_BE_meenakshi:frame_000191

Processing: edge_cases_leaving_BE_meenakshi:frame_000192

Processing: edge_cases_leaving_BE_meenakshi:frame_000193

Processing: edge_cases_leaving_BE_meenakshi:frame_000194

Processing: edge_cases_leaving_BE_meenakshi:frame_000195

Processing: edge_cases_leaving_BE_meenakshi:frame_000196

Processing: edge_cases_leaving_BE_meenakshi:frame_000197

Processing: edge_cases_leaving_BE_meenakshi:frame_000198

Processing: edge_cases_leaving_BE_meenakshi:frame_000199

Processing: edge_cases_leaving_BE_meenakshi:frame_000200

Processing: edge_cases_leaving_BE_meenakshi:frame_000201
No detections, skipping.

Processing: edge_cases_leaving_BE_meenakshi:frame_000202
No detections, skipping.

Processing: edge_cases_leaving_BE_meenakshi:frame_000203
No detections, skipping.

Processing: edge_cases_leaving_BE_meenakshi:frame_000204
No detections, skipping.

Processing: edge_cases_leaving_BE_meenakshi:frame_000205
No detections, skipping.

Processing: edge_cases_leaving_BE_meenakshi:frame_000206
No detections, skipping.

Processing: edge_cases_leaving_BE_meenakshi:frame_000207
No detections, skipping.

Processing: edge_cases_leaving_BE_meenakshi:frame_000208
No detections, skipping.

Processing: edge_cases_leaving_BE_meenakshi:frame_000209
No detections, skipping.

Processing: edge_cases_leaving_BE_meenakshi:frame_000210
No detections, skipping.

Processing: edge_cases_leaving_BE_meenakshi:frame_000211
No detections, skipping.

Processing: edge_cases_leaving_BE_meenakshi:frame_000212

Processing: edge_cases_leaving_BE_meenakshi:frame_000213

Processing: edge_cases_leaving_BE_meenakshi:frame_000214

Processing: edge_cases_leaving_BE_meenakshi:frame_000215

Processing: edge_cases_leaving_BE_meenakshi:frame_000216

Processing: edge_cases_leaving_BE_meenakshi:frame_000217

Processing: edge_cases_leaving_BE_meenakshi:frame_000218

Processing: edge_cases_leaving_BE_meenakshi:frame_000219

Processing: edge_cases_leaving_BE_meenakshi:frame_000220

Processing: edge_cases_leaving_BE_meenakshi:frame_000221

Processing: edge_cases_leaving_BE_meenakshi:frame_000222

Processing: edge_cases_leaving_BE_meenakshi:frame_000223

Processing: edge_cases_leaving_BE_meenakshi:frame_000224

Processing: edge_cases_leaving_BE_meenakshi:frame_000225

Processing: edge_cases_leaving_BE_meenakshi:frame_000226

Processing: edge_cases_leaving_BE_meenakshi:frame_000227
No detections, skipping.

Processing: edge_cases_leaving_BE_meenakshi:frame_000228
No detections, skipping.

Processing: edge_cases_leaving_BE_meenakshi:frame_000229
No detections, skipping.

Processing: edge_cases_leaving_BE_meenakshi:frame_000230
No detections, skipping.

Processing: edge_cases_leaving_BE_meenakshi:frame_000231
No detections, skipping.

Processing: edge_cases_leaving_BE_meenakshi:frame_000232
No detections, skipping.

Processing: edge_cases_leaving_BE_meenakshi:frame_000233
No detections, skipping.

Processing: edge_cases_leaving_BE_meenakshi:frame_000234
No detections, skipping.

Processing: edge_cases_leaving_BE_meenakshi:frame_000235
No detections, skipping.

Processing: edge_cases_leaving_BE_meenakshi:frame_000236
No detections, skipping.

Processing: edge_cases_leaving_BE_meenakshi:frame_000237
No detections, skipping.

Processing: edge_cases_leaving_BE_meenakshi:frame_000238
No detections, skipping.

Processing: edge_cases_leaving_BE_meenakshi:frame_000239
No detections, skipping.

Processing: edge_cases_leaving_BE_meenakshi:frame_000240
No detections, skipping.

Processing: edge_cases_leaving_BE_meenakshi:frame_000241
No detections, skipping.

Processing: edge_cases_leaving_BE_meenakshi:frame_000242

Processing: edge_cases_leaving_BE_meenakshi:frame_000243

Processing: edge_cases_leaving_BE_meenakshi:frame_000244

Processing: edge_cases_leaving_BE_meenakshi:frame_000245

Processing: edge_cases_leaving_BE_meenakshi:frame_000246

Processing: edge_cases_leaving_BE_meenakshi:frame_000247

Processing: edge_cases_leaving_BE_meenakshi:frame_000248

Processing: edge_cases_leaving_BE_meenakshi:frame_000249

Processing: edge_cases_leaving_BE_meenakshi:frame_000250

Processing: edge_cases_leaving_BE_meenakshi:frame_000251

Processing: edge_cases_leaving_BE_meenakshi:frame_000252

Processing: edge_cases_leaving_BE_meenakshi:frame_000253

Processing: edge_cases_leaving_BE_meenakshi:frame_000254

Processing: edge_cases_leaving_BE_meenakshi:frame_000255

Processing: edge_cases_leaving_BE_meenakshi:frame_000256

Processing: edge_cases_leaving_BE_meenakshi:frame_000257

Processing: edge_cases_leaving_BE_meenakshi:frame_000258

Processing: edge_cases_leaving_BE_meenakshi:frame_000259

Processing: edge_cases_leaving_BE_meenakshi:frame_000260

Processing: edge_cases_leaving_BE_meenakshi:frame_000261

Processing: edge_cases_leaving_BE_meenakshi:frame_000262

Processing: edge_cases_leaving_BE_meenakshi:frame_000263

Processing: edge_cases_leaving_BE_meenakshi:frame_000264

Processing: edge_cases_leaving_BE_meenakshi:frame_000265

Processing: edge_cases_leaving_BE_meenakshi:frame_000266

Processing: edge_cases_leaving_BE_meenakshi:frame_000267

Processing: edge_cases_leaving_BE_meenakshi:frame_000268

Processing: edge_cases_leaving_BE_meenakshi:frame_000269
No detections, skipping.

Processing: edge_cases_leaving_BE_meenakshi:frame_000270
No detections, skipping.

Processing: edge_cases_leaving_BE_meenakshi:frame_000271
No detections, skipping.

Processing: edge_cases_leaving_BE_meenakshi:frame_000272
No detections, skipping.

Processing: edge_cases_leaving_BE_meenakshi:frame_000273
No detections, skipping.

Processing: edge_cases_leaving_BE_meenakshi:frame_000274
No detections, skipping.

Processing: edge_cases_leaving_BE_meenakshi:frame_000275
No detections, skipping.

Processing: edge_cases_leaving_BE_meenakshi:frame_000276
No detections, skipping.

Processing: edge_cases_leaving_BE_meenakshi:frame_000277
No detections, skipping.

Processing: edge_cases_leaving_BE_meenakshi:frame_000278
No detections, skipping.

Processing: edge_cases_leaving_BE_meenakshi:frame_000279
No detections, skipping.

Processing: edge_cases_leaving_BE_meenakshi:frame_000280
No detections, skipping.

Processing: edge_cases_leaving_BE_meenakshi:frame_000281
No detections, skipping.

Processing: edge_cases_leaving_BE_meenakshi:frame_000282
No detections, skipping.

Processing: edge_cases_leaving_BE_meenakshi:frame_000283
No detections, skipping.

Processing: edge_cases_leaving_BE_meenakshi:frame_000284
No detections, skipping.

Processing: edge_cases_leaving_BE_meenakshi:frame_000285
No detections, skipping.

Processing: edge_cases_leaving_BE_meenakshi:frame_000286
No detections, skipping.

Processing: edge_cases_leaving_BE_meenakshi:frame_000287
No detections, skipping.

Processing: edge_cases_leaving_BE_meenakshi:frame_000288
No detections, skipping.

Processing: edge_cases_leaving_BE_meenakshi:frame_000289
No detections, skipping.

Processing: edge_cases_leaving_BE_meenakshi:frame_000290
No detections, skipping.

Processing: edge_cases_leaving_BE_meenakshi:frame_000291
No detections, skipping.

Processing: edge_cases_leaving_BE_meenakshi:frame_000292

Processing: edge_cases_leaving_BE_meenakshi:frame_000293

Processing: edge_cases_leaving_BE_meenakshi:frame_000294

Processing: edge_cases_leaving_BE_meenakshi:frame_000295

Processing: edge_cases_leaving_BE_meenakshi:frame_000296

Processing: edge_cases_leaving_BE_meenakshi:frame_000297

Processing: edge_cases_leaving_BE_meenakshi:frame_000298

Processing: edge_cases_leaving_BE_meenakshi:frame_000299

Processing: edge_cases_leaving_BE_meenakshi:frame_000300

Processing: edge_cases_leaving_BE_meenakshi:frame_000301

Processing: edge_cases_leaving_BE_meenakshi:frame_000302
No detections, skipping.

Processing: edge_cases_leaving_BE_meenakshi:frame_000303
No detections, skipping.

Processing: edge_cases_leaving_BE_meenakshi:frame_000304
No detections, skipping.

Processing: edge_cases_leaving_BE_meenakshi:frame_000305
No detections, skipping.

Processing: edge_cases_leaving_BE_meenakshi:frame_000306
No detections, skipping.

Processing: edge_cases_leaving_BE_meenakshi:frame_000307
No detections, skipping.

Processing: edge_cases_leaving_BE_meenakshi:frame_000308
No detections, skipping.

Processing: edge_cases_leaving_BE_meenakshi:frame_000309
No detections, skipping.

Processing: edge_cases_leaving_BE_meenakshi:frame_000310
No detections, skipping.

Processing: edge_cases_leaving_BE_meenakshi:frame_000311

Processing: edge_cases_leaving_BE_meenakshi:frame_000312

Processing: edge_cases_leaving_BE_meenakshi:frame_000313

Processing: edge_cases_leaving_BE_meenakshi:frame_000314

Processing: edge_cases_leaving_BE_meenakshi:frame_000315

Processing: edge_cases_leaving_BE_meenakshi:frame_000316

Processing: edge_cases_leaving_BE_meenakshi:frame_000317

Processing: edge_cases_leaving_BE_meenakshi:frame_000318

Processing: edge_cases_leaving_BE_meenakshi:frame_000319

Processing: edge_cases_leaving_BE_meenakshi:frame_000320
No detections, skipping.

Processing: edge_cases_leaving_BE_meenakshi:frame_000321
No detections, skipping.

Processing: edge_cases_leaving_BE_meenakshi:frame_000322
No detections, skipping.

Processing: edge_cases_leaving_BE_meenakshi:frame_000323
No detections, skipping.

Processing: edge_cases_leaving_BE_meenakshi:frame_000324
No detections, skipping.

Processing: edge_cases_leaving_BE_meenakshi:frame_000325
No detections, skipping.

Processing: edge_cases_leaving_BE_meenakshi:frame_000326
No detections, skipping.

All images processed.
===============================================
Job finished at: Wed Jun 10 01:28:55 CEST 2026
Execution took 0.03 hours
Writing output to SLURM_logs/wilor-inference_851.out
Retained WiLoR outputs: /scratch/mthakur/manifold/outputs/wilor/edge_cases_leaving_BE_meenakshi/meshes
===============================================
