
The following have been reloaded with a version change:
  1) python/3.10.12 => python/3.10.13

Loaded modules:

Currently Loaded Modules:
  1) slurm/current    3) gcc/11.3.0   5) cuda/11.7
  2) DefaultModules   4) 2024r1       6) python/3.10.13

 

Wed May  6 00:36:25 2026       
+-----------------------------------------------------------------------------------------+
| NVIDIA-SMI 580.126.20             Driver Version: 580.126.20     CUDA Version: 13.0     |
+-----------------------------------------+------------------------+----------------------+
| GPU  Name                 Persistence-M | Bus-Id          Disp.A | Volatile Uncorr. ECC |
| Fan  Temp   Perf          Pwr:Usage/Cap |           Memory-Usage | GPU-Util  Compute M. |
|                                         |                        |               MIG M. |
|=========================================+========================+======================|
|   0  NVIDIA A100 80GB PCIe          On  |   00000000:16:00.0 Off |                   On |
| N/A   52C    P0             51W /  300W |     249MiB /  81920MiB |     N/A      Default |
|                                         |                        |              Enabled |
+-----------------------------------------+------------------------+----------------------+

+-----------------------------------------------------------------------------------------+
| MIG devices:                                                                            |
+------------------+----------------------------------+-----------+-----------------------+
| GPU  GI  CI  MIG |              Shared Memory-Usage |        Vol|        Shared         |
|      ID  ID  Dev |                Shared BAR1-Usage | SM     Unc| CE ENC  DEC  OFA  JPG |
|                  |                                  |        ECC|                       |
|==================+==================================+===========+=======================|
|  0    7   0   0  |              36MiB /  9728MiB    | 14      0 |  1   0    0    0    0 |
|                  |               0MiB /  6135MiB    |           |                       |
+------------------+----------------------------------+-----------+-----------------------+

+-----------------------------------------------------------------------------------------+
| Processes:                                                                              |
|  GPU   GI   CI              PID   Type   Process name                        GPU Memory |
|        ID   ID                                                               Usage      |
|=========================================================================================|
|  No running processes found                                                             |
+-----------------------------------------------------------------------------------------+
================ SLURM JOB INFO ================
Job ID:         9842107
Job Name:       wilor-train
Partition:      gpu-a100-small
Node List:      gpu020
CPUs per task:  2
GPUs per task:  1
Memory per GPU: 12288
Submit dir:     /scratch/mthakur/manifold/models/wilor_hands
Work dir:       /scratch/mthakur/manifold/models/wilor_hands
Job started at: Wed May  6 00:36:25 CEST 2026
===============================================
[progress] Created temporary training image root: /tmp/wilor_train_9842107.nKzRzt/images
[progress] Extracting frames for -05MRmp1i4w into /tmp/wilor_train_9842107.nKzRzt/images/-05MRmp1i4w_frames
Extracted 938 frame(s) from /scratch/mthakur/manifold/data/images/-05MRmp1i4w.mp4 into /tmp/wilor_train_9842107.nKzRzt/images/-05MRmp1i4w_frames
[progress] Extracting frames for 06kKvQp4SfM into /tmp/wilor_train_9842107.nKzRzt/images/06kKvQp4SfM_frames
Extracted 2662 frame(s) from /scratch/mthakur/manifold/data/images/06kKvQp4SfM.mp4 into /tmp/wilor_train_9842107.nKzRzt/images/06kKvQp4SfM_frames
[progress] Extracting frames for 0axfOnsyUE8 into /tmp/wilor_train_9842107.nKzRzt/images/0axfOnsyUE8_frames
Extracted 11590 frame(s) from /scratch/mthakur/manifold/data/images/0axfOnsyUE8.mp4 into /tmp/wilor_train_9842107.nKzRzt/images/0axfOnsyUE8_frames
[progress] Extracting frames for 0bIQ-0ExK9c into /tmp/wilor_train_9842107.nKzRzt/images/0bIQ-0ExK9c_frames
Extracted 15521 frame(s) from /scratch/mthakur/manifold/data/images/0bIQ-0ExK9c.mp4 into /tmp/wilor_train_9842107.nKzRzt/images/0bIQ-0ExK9c_frames
[progress] Extracting frames for 0bX29nB6Pe0 into /tmp/wilor_train_9842107.nKzRzt/images/0bX29nB6Pe0_frames
Extracted 2033 frame(s) from /scratch/mthakur/manifold/data/images/0bX29nB6Pe0.mp4 into /tmp/wilor_train_9842107.nKzRzt/images/0bX29nB6Pe0_frames
[progress] Extracting frames for 0c_b0ZrIrxA into /tmp/wilor_train_9842107.nKzRzt/images/0c_b0ZrIrxA_frames
Extracted 6213 frame(s) from /scratch/mthakur/manifold/data/images/0c_b0ZrIrxA.mp4 into /tmp/wilor_train_9842107.nKzRzt/images/0c_b0ZrIrxA_frames
[progress] Extracting frames for 0ElPjqY4Cq8 into /tmp/wilor_train_9842107.nKzRzt/images/0ElPjqY4Cq8_frames
Extracted 726 frame(s) from /scratch/mthakur/manifold/data/images/0ElPjqY4Cq8.mp4 into /tmp/wilor_train_9842107.nKzRzt/images/0ElPjqY4Cq8_frames
[progress] Extracting frames for 0EV7Cfdw58s into /tmp/wilor_train_9842107.nKzRzt/images/0EV7Cfdw58s_frames
Extracted 9561 frame(s) from /scratch/mthakur/manifold/data/images/0EV7Cfdw58s.mp4 into /tmp/wilor_train_9842107.nKzRzt/images/0EV7Cfdw58s_frames
[progress] Extracting frames for 0F1CZq3opMw into /tmp/wilor_train_9842107.nKzRzt/images/0F1CZq3opMw_frames
Extracted 3529 frame(s) from /scratch/mthakur/manifold/data/images/0F1CZq3opMw.mp4 into /tmp/wilor_train_9842107.nKzRzt/images/0F1CZq3opMw_frames
[progress] Extracting frames for 0FBP71iD9u4 into /tmp/wilor_train_9842107.nKzRzt/images/0FBP71iD9u4_frames
Extracted 32302 frame(s) from /scratch/mthakur/manifold/data/images/0FBP71iD9u4.mp4 into /tmp/wilor_train_9842107.nKzRzt/images/0FBP71iD9u4_frames
[progress] Extracting frames for 0FFdnI-tQyw into /tmp/wilor_train_9842107.nKzRzt/images/0FFdnI-tQyw_frames
Extracted 13909 frame(s) from /scratch/mthakur/manifold/data/images/0FFdnI-tQyw.mp4 into /tmp/wilor_train_9842107.nKzRzt/images/0FFdnI-tQyw_frames
[progress] Extracting frames for 0fkFHKeQnTE into /tmp/wilor_train_9842107.nKzRzt/images/0fkFHKeQnTE_frames
Extracted 11258 frame(s) from /scratch/mthakur/manifold/data/images/0fkFHKeQnTE.mp4 into /tmp/wilor_train_9842107.nKzRzt/images/0fkFHKeQnTE_frames
[progress] Extracting frames for 0fqGjsbAkdU into /tmp/wilor_train_9842107.nKzRzt/images/0fqGjsbAkdU_frames
Extracted 3923 frame(s) from /scratch/mthakur/manifold/data/images/0fqGjsbAkdU.mp4 into /tmp/wilor_train_9842107.nKzRzt/images/0fqGjsbAkdU_frames
[progress] Extracting frames for 0FYqFEA9pTQ into /tmp/wilor_train_9842107.nKzRzt/images/0FYqFEA9pTQ_frames
Extracted 16347 frame(s) from /scratch/mthakur/manifold/data/images/0FYqFEA9pTQ.mp4 into /tmp/wilor_train_9842107.nKzRzt/images/0FYqFEA9pTQ_frames
[progress] Extracting frames for 0fZJVfJ2RBk into /tmp/wilor_train_9842107.nKzRzt/images/0fZJVfJ2RBk_frames
Extracted 12935 frame(s) from /scratch/mthakur/manifold/data/images/0fZJVfJ2RBk.mp4 into /tmp/wilor_train_9842107.nKzRzt/images/0fZJVfJ2RBk_frames
[progress] Extracting frames for 0GgsslCMqxk into /tmp/wilor_train_9842107.nKzRzt/images/0GgsslCMqxk_frames
Extracted 3295 frame(s) from /scratch/mthakur/manifold/data/images/0GgsslCMqxk.mp4 into /tmp/wilor_train_9842107.nKzRzt/images/0GgsslCMqxk_frames
[progress] Extracting frames for 0gzQAgjx39o into /tmp/wilor_train_9842107.nKzRzt/images/0gzQAgjx39o_frames
Extracted 992 frame(s) from /scratch/mthakur/manifold/data/images/0gzQAgjx39o.mp4 into /tmp/wilor_train_9842107.nKzRzt/images/0gzQAgjx39o_frames
[progress] Extracting frames for 0HzztPiFelY into /tmp/wilor_train_9842107.nKzRzt/images/0HzztPiFelY_frames
Extracted 21500 frame(s) from /scratch/mthakur/manifold/data/images/0HzztPiFelY.mp4 into /tmp/wilor_train_9842107.nKzRzt/images/0HzztPiFelY_frames
[progress] Extracting frames for 0ibHGUofRWQ into /tmp/wilor_train_9842107.nKzRzt/images/0ibHGUofRWQ_frames
Extracted 26923 frame(s) from /scratch/mthakur/manifold/data/images/0ibHGUofRWQ.mp4 into /tmp/wilor_train_9842107.nKzRzt/images/0ibHGUofRWQ_frames
[progress] Extracting frames for 0INWLJXjBsk into /tmp/wilor_train_9842107.nKzRzt/images/0INWLJXjBsk_frames
Extracted 7347 frame(s) from /scratch/mthakur/manifold/data/images/0INWLJXjBsk.mp4 into /tmp/wilor_train_9842107.nKzRzt/images/0INWLJXjBsk_frames
[progress] Extracting frames for 0IOv-YuOTb0 into /tmp/wilor_train_9842107.nKzRzt/images/0IOv-YuOTb0_frames
Extracted 285 frame(s) from /scratch/mthakur/manifold/data/images/0IOv-YuOTb0.mp4 into /tmp/wilor_train_9842107.nKzRzt/images/0IOv-YuOTb0_frames
[progress] Extracting frames for 0ivltlK21Ns into /tmp/wilor_train_9842107.nKzRzt/images/0ivltlK21Ns_frames
Extracted 29233 frame(s) from /scratch/mthakur/manifold/data/images/0ivltlK21Ns.mp4 into /tmp/wilor_train_9842107.nKzRzt/images/0ivltlK21Ns_frames
[progress] Extracting frames for 0J0lK5EHIAY into /tmp/wilor_train_9842107.nKzRzt/images/0J0lK5EHIAY_frames
Extracted 7896 frame(s) from /scratch/mthakur/manifold/data/images/0J0lK5EHIAY.mp4 into /tmp/wilor_train_9842107.nKzRzt/images/0J0lK5EHIAY_frames
[progress] Extracting frames for 0JCeMZ4Q3XQ into /tmp/wilor_train_9842107.nKzRzt/images/0JCeMZ4Q3XQ_frames
Extracted 25060 frame(s) from /scratch/mthakur/manifold/data/images/0JCeMZ4Q3XQ.mp4 into /tmp/wilor_train_9842107.nKzRzt/images/0JCeMZ4Q3XQ_frames
[progress] Extracting frames for 0JWnUGQrtIs into /tmp/wilor_train_9842107.nKzRzt/images/0JWnUGQrtIs_frames
Extracted 12929 frame(s) from /scratch/mthakur/manifold/data/images/0JWnUGQrtIs.mp4 into /tmp/wilor_train_9842107.nKzRzt/images/0JWnUGQrtIs_frames
[progress] Extracting frames for 0JYql1QeUUI into /tmp/wilor_train_9842107.nKzRzt/images/0JYql1QeUUI_frames
Extracted 18705 frame(s) from /scratch/mthakur/manifold/data/images/0JYql1QeUUI.mp4 into /tmp/wilor_train_9842107.nKzRzt/images/0JYql1QeUUI_frames
[progress] Extracting frames for 0k2iDuG8DnY into /tmp/wilor_train_9842107.nKzRzt/images/0k2iDuG8DnY_frames
Extracted 19856 frame(s) from /scratch/mthakur/manifold/data/images/0k2iDuG8DnY.mp4 into /tmp/wilor_train_9842107.nKzRzt/images/0k2iDuG8DnY_frames
[progress] Extracting frames for 0k6USIJasZY into /tmp/wilor_train_9842107.nKzRzt/images/0k6USIJasZY_frames
Extracted 340 frame(s) from /scratch/mthakur/manifold/data/images/0k6USIJasZY.mp4 into /tmp/wilor_train_9842107.nKzRzt/images/0k6USIJasZY_frames
[progress] Extracting frames for 0KkGcaUZfLM into /tmp/wilor_train_9842107.nKzRzt/images/0KkGcaUZfLM_frames
Extracted 23818 frame(s) from /scratch/mthakur/manifold/data/images/0KkGcaUZfLM.mp4 into /tmp/wilor_train_9842107.nKzRzt/images/0KkGcaUZfLM_frames
[progress] Extracting frames for 0kQEvxqIi4k into /tmp/wilor_train_9842107.nKzRzt/images/0kQEvxqIi4k_frames
Extracted 326 frame(s) from /scratch/mthakur/manifold/data/images/0kQEvxqIi4k.mp4 into /tmp/wilor_train_9842107.nKzRzt/images/0kQEvxqIi4k_frames
[progress] Extracting frames for 0KuJ2t4S_TY into /tmp/wilor_train_9842107.nKzRzt/images/0KuJ2t4S_TY_frames
Extracted 2410 frame(s) from /scratch/mthakur/manifold/data/images/0KuJ2t4S_TY.mp4 into /tmp/wilor_train_9842107.nKzRzt/images/0KuJ2t4S_TY_frames
[progress] Extracting frames for 0L0MNEN60iM into /tmp/wilor_train_9842107.nKzRzt/images/0L0MNEN60iM_frames
Extracted 22994 frame(s) from /scratch/mthakur/manifold/data/images/0L0MNEN60iM.mp4 into /tmp/wilor_train_9842107.nKzRzt/images/0L0MNEN60iM_frames
[progress] Extracting frames for 0m3glzoQMfI into /tmp/wilor_train_9842107.nKzRzt/images/0m3glzoQMfI_frames
Extracted 4768 frame(s) from /scratch/mthakur/manifold/data/images/0m3glzoQMfI.mp4 into /tmp/wilor_train_9842107.nKzRzt/images/0m3glzoQMfI_frames
[progress] Extracting frames for 0mlwYkrlmGs into /tmp/wilor_train_9842107.nKzRzt/images/0mlwYkrlmGs_frames
Extracted 43360 frame(s) from /scratch/mthakur/manifold/data/images/0mlwYkrlmGs.mp4 into /tmp/wilor_train_9842107.nKzRzt/images/0mlwYkrlmGs_frames
[progress] Extracting frames for 0mR7n0W1h9c into /tmp/wilor_train_9842107.nKzRzt/images/0mR7n0W1h9c_frames
Extracted 3907 frame(s) from /scratch/mthakur/manifold/data/images/0mR7n0W1h9c.mp4 into /tmp/wilor_train_9842107.nKzRzt/images/0mR7n0W1h9c_frames
[progress] Extracting frames for 0NE-fxfnfsw into /tmp/wilor_train_9842107.nKzRzt/images/0NE-fxfnfsw_frames
Extracted 7506 frame(s) from /scratch/mthakur/manifold/data/images/0NE-fxfnfsw.mp4 into /tmp/wilor_train_9842107.nKzRzt/images/0NE-fxfnfsw_frames
[progress] Extracting frames for 0OTrKoliOTc into /tmp/wilor_train_9842107.nKzRzt/images/0OTrKoliOTc_frames
Extracted 18851 frame(s) from /scratch/mthakur/manifold/data/images/0OTrKoliOTc.mp4 into /tmp/wilor_train_9842107.nKzRzt/images/0OTrKoliOTc_frames
[progress] Extracting frames for 0ozQhjCEq8g into /tmp/wilor_train_9842107.nKzRzt/images/0ozQhjCEq8g_frames
Extracted 14688 frame(s) from /scratch/mthakur/manifold/data/images/0ozQhjCEq8g.mp4 into /tmp/wilor_train_9842107.nKzRzt/images/0ozQhjCEq8g_frames
[progress] Extracting frames for 0pHAEC2ydR0 into /tmp/wilor_train_9842107.nKzRzt/images/0pHAEC2ydR0_frames
Extracted 1418 frame(s) from /scratch/mthakur/manifold/data/images/0pHAEC2ydR0.mp4 into /tmp/wilor_train_9842107.nKzRzt/images/0pHAEC2ydR0_frames
[progress] Extracting frames for 0Q3Ik0o3JuA into /tmp/wilor_train_9842107.nKzRzt/images/0Q3Ik0o3JuA_frames
Extracted 6597 frame(s) from /scratch/mthakur/manifold/data/images/0Q3Ik0o3JuA.mp4 into /tmp/wilor_train_9842107.nKzRzt/images/0Q3Ik0o3JuA_frames
[progress] Extracting frames for 0qr8Y9u7lK8 into /tmp/wilor_train_9842107.nKzRzt/images/0qr8Y9u7lK8_frames
Extracted 16935 frame(s) from /scratch/mthakur/manifold/data/images/0qr8Y9u7lK8.mp4 into /tmp/wilor_train_9842107.nKzRzt/images/0qr8Y9u7lK8_frames
[progress] Extracting frames for 0qtZASvLIak into /tmp/wilor_train_9842107.nKzRzt/images/0qtZASvLIak_frames
Extracted 6529 frame(s) from /scratch/mthakur/manifold/data/images/0qtZASvLIak.mp4 into /tmp/wilor_train_9842107.nKzRzt/images/0qtZASvLIak_frames
[progress] Extracting frames for 0rq4nkWlO2E into /tmp/wilor_train_9842107.nKzRzt/images/0rq4nkWlO2E_frames
Extracted 728 frame(s) from /scratch/mthakur/manifold/data/images/0rq4nkWlO2E.mp4 into /tmp/wilor_train_9842107.nKzRzt/images/0rq4nkWlO2E_frames
[progress] Extracting frames for 0s6E7uGXjRc into /tmp/wilor_train_9842107.nKzRzt/images/0s6E7uGXjRc_frames
Extracted 5129 frame(s) from /scratch/mthakur/manifold/data/images/0s6E7uGXjRc.mp4 into /tmp/wilor_train_9842107.nKzRzt/images/0s6E7uGXjRc_frames
[progress] Extracting frames for 0sJIlX1BvBc into /tmp/wilor_train_9842107.nKzRzt/images/0sJIlX1BvBc_frames
Extracted 13531 frame(s) from /scratch/mthakur/manifold/data/images/0sJIlX1BvBc.mp4 into /tmp/wilor_train_9842107.nKzRzt/images/0sJIlX1BvBc_frames
[progress] Extracting frames for 0t82hD3rkCU into /tmp/wilor_train_9842107.nKzRzt/images/0t82hD3rkCU_frames
Extracted 2505 frame(s) from /scratch/mthakur/manifold/data/images/0t82hD3rkCU.mp4 into /tmp/wilor_train_9842107.nKzRzt/images/0t82hD3rkCU_frames
[progress] Extracting frames for 0TGzKgxeNt4 into /tmp/wilor_train_9842107.nKzRzt/images/0TGzKgxeNt4_frames
Extracted 7216 frame(s) from /scratch/mthakur/manifold/data/images/0TGzKgxeNt4.mp4 into /tmp/wilor_train_9842107.nKzRzt/images/0TGzKgxeNt4_frames
[progress] Extracting frames for 0u2AVVL5KRE into /tmp/wilor_train_9842107.nKzRzt/images/0u2AVVL5KRE_frames
Extracted 9725 frame(s) from /scratch/mthakur/manifold/data/images/0u2AVVL5KRE.mp4 into /tmp/wilor_train_9842107.nKzRzt/images/0u2AVVL5KRE_frames
[progress] Extracting frames for 0udTXFEOTp8 into /tmp/wilor_train_9842107.nKzRzt/images/0udTXFEOTp8_frames
Extracted 5753 frame(s) from /scratch/mthakur/manifold/data/images/0udTXFEOTp8.mp4 into /tmp/wilor_train_9842107.nKzRzt/images/0udTXFEOTp8_frames
[progress] Extracting frames for 0ulVg4h6W9E into /tmp/wilor_train_9842107.nKzRzt/images/0ulVg4h6W9E_frames
Extracted 14339 frame(s) from /scratch/mthakur/manifold/data/images/0ulVg4h6W9E.mp4 into /tmp/wilor_train_9842107.nKzRzt/images/0ulVg4h6W9E_frames
[progress] Extracting frames for 0ummhjbzT3w into /tmp/wilor_train_9842107.nKzRzt/images/0ummhjbzT3w_frames
Extracted 9272 frame(s) from /scratch/mthakur/manifold/data/images/0ummhjbzT3w.mp4 into /tmp/wilor_train_9842107.nKzRzt/images/0ummhjbzT3w_frames
[progress] Extracting frames for 0UR9cREKeUI into /tmp/wilor_train_9842107.nKzRzt/images/0UR9cREKeUI_frames
Extracted 7768 frame(s) from /scratch/mthakur/manifold/data/images/0UR9cREKeUI.mp4 into /tmp/wilor_train_9842107.nKzRzt/images/0UR9cREKeUI_frames
[progress] Extracting frames for 0uSvqu1JBrQ into /tmp/wilor_train_9842107.nKzRzt/images/0uSvqu1JBrQ_frames
Extracted 1722 frame(s) from /scratch/mthakur/manifold/data/images/0uSvqu1JBrQ.mp4 into /tmp/wilor_train_9842107.nKzRzt/images/0uSvqu1JBrQ_frames
[progress] Extracting frames for 0v60vuyjGqA into /tmp/wilor_train_9842107.nKzRzt/images/0v60vuyjGqA_frames
Extracted 2651 frame(s) from /scratch/mthakur/manifold/data/images/0v60vuyjGqA.mp4 into /tmp/wilor_train_9842107.nKzRzt/images/0v60vuyjGqA_frames
[progress] Extracting frames for -0VIwubCjpM into /tmp/wilor_train_9842107.nKzRzt/images/-0VIwubCjpM_frames
Extracted 2264 frame(s) from /scratch/mthakur/manifold/data/images/-0VIwubCjpM.mp4 into /tmp/wilor_train_9842107.nKzRzt/images/-0VIwubCjpM_frames
[progress] Extracting frames for 0VQ9H3AxdGc into /tmp/wilor_train_9842107.nKzRzt/images/0VQ9H3AxdGc_frames
Extracted 29767 frame(s) from /scratch/mthakur/manifold/data/images/0VQ9H3AxdGc.mp4 into /tmp/wilor_train_9842107.nKzRzt/images/0VQ9H3AxdGc_frames
[progress] Extracting frames for 0vqnjAecNI4 into /tmp/wilor_train_9842107.nKzRzt/images/0vqnjAecNI4_frames
Extracted 9261 frame(s) from /scratch/mthakur/manifold/data/images/0vqnjAecNI4.mp4 into /tmp/wilor_train_9842107.nKzRzt/images/0vqnjAecNI4_frames
[progress] Extracting frames for 0vzECnJwdOY into /tmp/wilor_train_9842107.nKzRzt/images/0vzECnJwdOY_frames
Extracted 13201 frame(s) from /scratch/mthakur/manifold/data/images/0vzECnJwdOY.mp4 into /tmp/wilor_train_9842107.nKzRzt/images/0vzECnJwdOY_frames
[progress] Extracting frames for 0W3wXxl1Fwk into /tmp/wilor_train_9842107.nKzRzt/images/0W3wXxl1Fwk_frames
Extracted 20917 frame(s) from /scratch/mthakur/manifold/data/images/0W3wXxl1Fwk.mp4 into /tmp/wilor_train_9842107.nKzRzt/images/0W3wXxl1Fwk_frames
[progress] Extracting frames for 0WcGVcWLLy0 into /tmp/wilor_train_9842107.nKzRzt/images/0WcGVcWLLy0_frames
Extracted 15518 frame(s) from /scratch/mthakur/manifold/data/images/0WcGVcWLLy0.mp4 into /tmp/wilor_train_9842107.nKzRzt/images/0WcGVcWLLy0_frames
[progress] Extracting frames for 0x09FfojaSM into /tmp/wilor_train_9842107.nKzRzt/images/0x09FfojaSM_frames
Extracted 2410 frame(s) from /scratch/mthakur/manifold/data/images/0x09FfojaSM.mp4 into /tmp/wilor_train_9842107.nKzRzt/images/0x09FfojaSM_frames
[progress] Extracting frames for 0xdOLtyqA5o into /tmp/wilor_train_9842107.nKzRzt/images/0xdOLtyqA5o_frames
Extracted 2107 frame(s) from /scratch/mthakur/manifold/data/images/0xdOLtyqA5o.mp4 into /tmp/wilor_train_9842107.nKzRzt/images/0xdOLtyqA5o_frames
[progress] Extracting frames for 0xLinXeAep8 into /tmp/wilor_train_9842107.nKzRzt/images/0xLinXeAep8_frames
Extracted 5561 frame(s) from /scratch/mthakur/manifold/data/images/0xLinXeAep8.mp4 into /tmp/wilor_train_9842107.nKzRzt/images/0xLinXeAep8_frames
[progress] Extracting frames for 0XtFVS_Kxno into /tmp/wilor_train_9842107.nKzRzt/images/0XtFVS_Kxno_frames
Extracted 3787 frame(s) from /scratch/mthakur/manifold/data/images/0XtFVS_Kxno.mp4 into /tmp/wilor_train_9842107.nKzRzt/images/0XtFVS_Kxno_frames
[progress] Extracting frames for 0XuYL6bKxa8 into /tmp/wilor_train_9842107.nKzRzt/images/0XuYL6bKxa8_frames
Extracted 2126 frame(s) from /scratch/mthakur/manifold/data/images/0XuYL6bKxa8.mp4 into /tmp/wilor_train_9842107.nKzRzt/images/0XuYL6bKxa8_frames
[progress] Extracting frames for 0YR_i6PVM5o into /tmp/wilor_train_9842107.nKzRzt/images/0YR_i6PVM5o_frames
Extracted 6218 frame(s) from /scratch/mthakur/manifold/data/images/0YR_i6PVM5o.mp4 into /tmp/wilor_train_9842107.nKzRzt/images/0YR_i6PVM5o_frames
[progress] Extracting frames for 0zv14ho2z2U into /tmp/wilor_train_9842107.nKzRzt/images/0zv14ho2z2U_frames
Extracted 300 frame(s) from /scratch/mthakur/manifold/data/images/0zv14ho2z2U.mp4 into /tmp/wilor_train_9842107.nKzRzt/images/0zv14ho2z2U_frames
[progress] Extracting frames for 10XtDlKwdRo into /tmp/wilor_train_9842107.nKzRzt/images/10XtDlKwdRo_frames
Extracted 1718 frame(s) from /scratch/mthakur/manifold/data/images/10XtDlKwdRo.mp4 into /tmp/wilor_train_9842107.nKzRzt/images/10XtDlKwdRo_frames
[progress] Extracting frames for 11bYjaf1gWc into /tmp/wilor_train_9842107.nKzRzt/images/11bYjaf1gWc_frames
Extracted 9577 frame(s) from /scratch/mthakur/manifold/data/images/11bYjaf1gWc.mp4 into /tmp/wilor_train_9842107.nKzRzt/images/11bYjaf1gWc_frames
[progress] Extracting frames for 11gzqTBlm5Q into /tmp/wilor_train_9842107.nKzRzt/images/11gzqTBlm5Q_frames
Extracted 4280 frame(s) from /scratch/mthakur/manifold/data/images/11gzqTBlm5Q.mp4 into /tmp/wilor_train_9842107.nKzRzt/images/11gzqTBlm5Q_frames
[progress] Extracting frames for 11qYnjz3sfo into /tmp/wilor_train_9842107.nKzRzt/images/11qYnjz3sfo_frames
Extracted 1587 frame(s) from /scratch/mthakur/manifold/data/images/11qYnjz3sfo.mp4 into /tmp/wilor_train_9842107.nKzRzt/images/11qYnjz3sfo_frames
[progress] Extracting frames for 14X6oChjjT4 into /tmp/wilor_train_9842107.nKzRzt/images/14X6oChjjT4_frames
Extracted 1743 frame(s) from /scratch/mthakur/manifold/data/images/14X6oChjjT4.mp4 into /tmp/wilor_train_9842107.nKzRzt/images/14X6oChjjT4_frames
[progress] Extracting frames for 15uD4UdvOGU into /tmp/wilor_train_9842107.nKzRzt/images/15uD4UdvOGU_frames
Extracted 4474 frame(s) from /scratch/mthakur/manifold/data/images/15uD4UdvOGU.mp4 into /tmp/wilor_train_9842107.nKzRzt/images/15uD4UdvOGU_frames
[progress] Extracting frames for 16FY4shEniw into /tmp/wilor_train_9842107.nKzRzt/images/16FY4shEniw_frames
Extracted 3520 frame(s) from /scratch/mthakur/manifold/data/images/16FY4shEniw.mp4 into /tmp/wilor_train_9842107.nKzRzt/images/16FY4shEniw_frames
[progress] Extracting frames for 182RxC-rQZw into /tmp/wilor_train_9842107.nKzRzt/images/182RxC-rQZw_frames
Extracted 3186 frame(s) from /scratch/mthakur/manifold/data/images/182RxC-rQZw.mp4 into /tmp/wilor_train_9842107.nKzRzt/images/182RxC-rQZw_frames
[progress] Extracting frames for 18uLbZs9g3k into /tmp/wilor_train_9842107.nKzRzt/images/18uLbZs9g3k_frames
Extracted 11087 frame(s) from /scratch/mthakur/manifold/data/images/18uLbZs9g3k.mp4 into /tmp/wilor_train_9842107.nKzRzt/images/18uLbZs9g3k_frames
[progress] Extracting frames for 1aJSOGb9gaA into /tmp/wilor_train_9842107.nKzRzt/images/1aJSOGb9gaA_frames
Extracted 5463 frame(s) from /scratch/mthakur/manifold/data/images/1aJSOGb9gaA.mp4 into /tmp/wilor_train_9842107.nKzRzt/images/1aJSOGb9gaA_frames
[progress] Extracting frames for 1akHL1w-dg4 into /tmp/wilor_train_9842107.nKzRzt/images/1akHL1w-dg4_frames
Extracted 19073 frame(s) from /scratch/mthakur/manifold/data/images/1akHL1w-dg4.mp4 into /tmp/wilor_train_9842107.nKzRzt/images/1akHL1w-dg4_frames
[progress] Extracting frames for 1B4ZrxTcOBw into /tmp/wilor_train_9842107.nKzRzt/images/1B4ZrxTcOBw_frames
Extracted 50129 frame(s) from /scratch/mthakur/manifold/data/images/1B4ZrxTcOBw.mp4 into /tmp/wilor_train_9842107.nKzRzt/images/1B4ZrxTcOBw_frames
[progress] Extracting frames for 1c1aGRdDYB8 into /tmp/wilor_train_9842107.nKzRzt/images/1c1aGRdDYB8_frames
Extracted 21235 frame(s) from /scratch/mthakur/manifold/data/images/1c1aGRdDYB8.mp4 into /tmp/wilor_train_9842107.nKzRzt/images/1c1aGRdDYB8_frames
[progress] Extracting frames for 1CfBoWJ8kAY into /tmp/wilor_train_9842107.nKzRzt/images/1CfBoWJ8kAY_frames
Extracted 15164 frame(s) from /scratch/mthakur/manifold/data/images/1CfBoWJ8kAY.mp4 into /tmp/wilor_train_9842107.nKzRzt/images/1CfBoWJ8kAY_frames
[progress] Extracting frames for 1cT9kp1pI8A into /tmp/wilor_train_9842107.nKzRzt/images/1cT9kp1pI8A_frames
Extracted 24583 frame(s) from /scratch/mthakur/manifold/data/images/1cT9kp1pI8A.mp4 into /tmp/wilor_train_9842107.nKzRzt/images/1cT9kp1pI8A_frames
[progress] Extracting frames for 1cZAKuFpckI into /tmp/wilor_train_9842107.nKzRzt/images/1cZAKuFpckI_frames
Extracted 490 frame(s) from /scratch/mthakur/manifold/data/images/1cZAKuFpckI.mp4 into /tmp/wilor_train_9842107.nKzRzt/images/1cZAKuFpckI_frames
[progress] Extracting frames for 1CzOg-MVqs4 into /tmp/wilor_train_9842107.nKzRzt/images/1CzOg-MVqs4_frames
Extracted 15395 frame(s) from /scratch/mthakur/manifold/data/images/1CzOg-MVqs4.mp4 into /tmp/wilor_train_9842107.nKzRzt/images/1CzOg-MVqs4_frames
[progress] Extracting frames for 1d7meFB92Z0 into /tmp/wilor_train_9842107.nKzRzt/images/1d7meFB92Z0_frames
Extracted 22208 frame(s) from /scratch/mthakur/manifold/data/images/1d7meFB92Z0.mp4 into /tmp/wilor_train_9842107.nKzRzt/images/1d7meFB92Z0_frames
[progress] Extracting frames for 1Do7AfsaVeI into /tmp/wilor_train_9842107.nKzRzt/images/1Do7AfsaVeI_frames
Extracted 1744 frame(s) from /scratch/mthakur/manifold/data/images/1Do7AfsaVeI.mp4 into /tmp/wilor_train_9842107.nKzRzt/images/1Do7AfsaVeI_frames
[progress] Extracting frames for 1eHR1Kopsus into /tmp/wilor_train_9842107.nKzRzt/images/1eHR1Kopsus_frames
Extracted 3576 frame(s) from /scratch/mthakur/manifold/data/images/1eHR1Kopsus.mp4 into /tmp/wilor_train_9842107.nKzRzt/images/1eHR1Kopsus_frames
[progress] Extracting frames for 1_eMgOadAWQ into /tmp/wilor_train_9842107.nKzRzt/images/1_eMgOadAWQ_frames
Extracted 16845 frame(s) from /scratch/mthakur/manifold/data/images/1_eMgOadAWQ.mp4 into /tmp/wilor_train_9842107.nKzRzt/images/1_eMgOadAWQ_frames
[progress] Extracting frames for 1f33MBtnSWk into /tmp/wilor_train_9842107.nKzRzt/images/1f33MBtnSWk_frames
Extracted 2127 frame(s) from /scratch/mthakur/manifold/data/images/1f33MBtnSWk.mp4 into /tmp/wilor_train_9842107.nKzRzt/images/1f33MBtnSWk_frames
[progress] Extracting frames for 1FbKP8vZvdM into /tmp/wilor_train_9842107.nKzRzt/images/1FbKP8vZvdM_frames
Extracted 19838 frame(s) from /scratch/mthakur/manifold/data/images/1FbKP8vZvdM.mp4 into /tmp/wilor_train_9842107.nKzRzt/images/1FbKP8vZvdM_frames
[progress] Extracting frames for 1fJ1H9FNN6U into /tmp/wilor_train_9842107.nKzRzt/images/1fJ1H9FNN6U_frames
Extracted 13168 frame(s) from /scratch/mthakur/manifold/data/images/1fJ1H9FNN6U.mp4 into /tmp/wilor_train_9842107.nKzRzt/images/1fJ1H9FNN6U_frames
[progress] Extracting frames for 1GbeP6UsNdo into /tmp/wilor_train_9842107.nKzRzt/images/1GbeP6UsNdo_frames
Extracted 1847 frame(s) from /scratch/mthakur/manifold/data/images/1GbeP6UsNdo.mp4 into /tmp/wilor_train_9842107.nKzRzt/images/1GbeP6UsNdo_frames
[progress] Extracting frames for 1GdzGKD-VnQ into /tmp/wilor_train_9842107.nKzRzt/images/1GdzGKD-VnQ_frames
Extracted 6023 frame(s) from /scratch/mthakur/manifold/data/images/1GdzGKD-VnQ.mp4 into /tmp/wilor_train_9842107.nKzRzt/images/1GdzGKD-VnQ_frames
[progress] Extracting frames for 1GhFf3notdw into /tmp/wilor_train_9842107.nKzRzt/images/1GhFf3notdw_frames
Extracted 14789 frame(s) from /scratch/mthakur/manifold/data/images/1GhFf3notdw.mp4 into /tmp/wilor_train_9842107.nKzRzt/images/1GhFf3notdw_frames
[progress] Extracting frames for 1GO8SLX7tLs into /tmp/wilor_train_9842107.nKzRzt/images/1GO8SLX7tLs_frames
Extracted 2074 frame(s) from /scratch/mthakur/manifold/data/images/1GO8SLX7tLs.mp4 into /tmp/wilor_train_9842107.nKzRzt/images/1GO8SLX7tLs_frames
[progress] Extracting frames for 1HBEGIOndTE into /tmp/wilor_train_9842107.nKzRzt/images/1HBEGIOndTE_frames
Extracted 2484 frame(s) from /scratch/mthakur/manifold/data/images/1HBEGIOndTE.mp4 into /tmp/wilor_train_9842107.nKzRzt/images/1HBEGIOndTE_frames
[progress] Extracting frames for 1hMbLtmDzgg into /tmp/wilor_train_9842107.nKzRzt/images/1hMbLtmDzgg_frames
Extracted 6285 frame(s) from /scratch/mthakur/manifold/data/images/1hMbLtmDzgg.mp4 into /tmp/wilor_train_9842107.nKzRzt/images/1hMbLtmDzgg_frames
[progress] Extracting frames for 1HTJc_NY9_U into /tmp/wilor_train_9842107.nKzRzt/images/1HTJc_NY9_U_frames
Extracted 2014 frame(s) from /scratch/mthakur/manifold/data/images/1HTJc_NY9_U.mp4 into /tmp/wilor_train_9842107.nKzRzt/images/1HTJc_NY9_U_frames
[progress] Extracting frames for 1IMJXby62gg into /tmp/wilor_train_9842107.nKzRzt/images/1IMJXby62gg_frames
Extracted 1306 frame(s) from /scratch/mthakur/manifold/data/images/1IMJXby62gg.mp4 into /tmp/wilor_train_9842107.nKzRzt/images/1IMJXby62gg_frames
[progress] Extracting frames for 1J11MLT62oI into /tmp/wilor_train_9842107.nKzRzt/images/1J11MLT62oI_frames
Extracted 8863 frame(s) from /scratch/mthakur/manifold/data/images/1J11MLT62oI.mp4 into /tmp/wilor_train_9842107.nKzRzt/images/1J11MLT62oI_frames
[progress] Extracting frames for 1JI0VePnXUg into /tmp/wilor_train_9842107.nKzRzt/images/1JI0VePnXUg_frames
Extracted 6538 frame(s) from /scratch/mthakur/manifold/data/images/1JI0VePnXUg.mp4 into /tmp/wilor_train_9842107.nKzRzt/images/1JI0VePnXUg_frames
[progress] Extracting frames for 1k2s89desLs into /tmp/wilor_train_9842107.nKzRzt/images/1k2s89desLs_frames
Extracted 21181 frame(s) from /scratch/mthakur/manifold/data/images/1k2s89desLs.mp4 into /tmp/wilor_train_9842107.nKzRzt/images/1k2s89desLs_frames
[progress] Extracting frames for 1ky1L6jzdAQ into /tmp/wilor_train_9842107.nKzRzt/images/1ky1L6jzdAQ_frames
Extracted 30245 frame(s) from /scratch/mthakur/manifold/data/images/1ky1L6jzdAQ.mp4 into /tmp/wilor_train_9842107.nKzRzt/images/1ky1L6jzdAQ_frames
[progress] Extracting frames for 1lc8__0n4kQ into /tmp/wilor_train_9842107.nKzRzt/images/1lc8__0n4kQ_frames
Extracted 10663 frame(s) from /scratch/mthakur/manifold/data/images/1lc8__0n4kQ.mp4 into /tmp/wilor_train_9842107.nKzRzt/images/1lc8__0n4kQ_frames
[progress] Extracting frames for 1lqXl-xn0e4 into /tmp/wilor_train_9842107.nKzRzt/images/1lqXl-xn0e4_frames
Extracted 10739 frame(s) from /scratch/mthakur/manifold/data/images/1lqXl-xn0e4.mp4 into /tmp/wilor_train_9842107.nKzRzt/images/1lqXl-xn0e4_frames
[progress] Extracting frames for 1M40DOru15Y into /tmp/wilor_train_9842107.nKzRzt/images/1M40DOru15Y_frames
Extracted 2758 frame(s) from /scratch/mthakur/manifold/data/images/1M40DOru15Y.mp4 into /tmp/wilor_train_9842107.nKzRzt/images/1M40DOru15Y_frames
[progress] Extracting frames for 1mrADzwE4Ho into /tmp/wilor_train_9842107.nKzRzt/images/1mrADzwE4Ho_frames
Extracted 5026 frame(s) from /scratch/mthakur/manifold/data/images/1mrADzwE4Ho.mp4 into /tmp/wilor_train_9842107.nKzRzt/images/1mrADzwE4Ho_frames
[progress] Extracting frames for 1MuENBUZYtc into /tmp/wilor_train_9842107.nKzRzt/images/1MuENBUZYtc_frames
Extracted 14805 frame(s) from /scratch/mthakur/manifold/data/images/1MuENBUZYtc.mp4 into /tmp/wilor_train_9842107.nKzRzt/images/1MuENBUZYtc_frames
[progress] Extracting frames for 1nG-UNiXjiI into /tmp/wilor_train_9842107.nKzRzt/images/1nG-UNiXjiI_frames
Extracted 3833 frame(s) from /scratch/mthakur/manifold/data/images/1nG-UNiXjiI.mp4 into /tmp/wilor_train_9842107.nKzRzt/images/1nG-UNiXjiI_frames
[progress] Extracting frames for 1nJt4VHPNE0 into /tmp/wilor_train_9842107.nKzRzt/images/1nJt4VHPNE0_frames
Extracted 2027 frame(s) from /scratch/mthakur/manifold/data/images/1nJt4VHPNE0.mp4 into /tmp/wilor_train_9842107.nKzRzt/images/1nJt4VHPNE0_frames
[progress] Extracting frames for 1NNpTjkA-Vc into /tmp/wilor_train_9842107.nKzRzt/images/1NNpTjkA-Vc_frames
Extracted 5753 frame(s) from /scratch/mthakur/manifold/data/images/1NNpTjkA-Vc.mp4 into /tmp/wilor_train_9842107.nKzRzt/images/1NNpTjkA-Vc_frames
[progress] Extracting frames for 1NsA3utS6To into /tmp/wilor_train_9842107.nKzRzt/images/1NsA3utS6To_frames
Extracted 5833 frame(s) from /scratch/mthakur/manifold/data/images/1NsA3utS6To.mp4 into /tmp/wilor_train_9842107.nKzRzt/images/1NsA3utS6To_frames
[progress] Extracting frames for 1OJS1t-6_9k into /tmp/wilor_train_9842107.nKzRzt/images/1OJS1t-6_9k_frames
Extracted 12875 frame(s) from /scratch/mthakur/manifold/data/images/1OJS1t-6_9k.mp4 into /tmp/wilor_train_9842107.nKzRzt/images/1OJS1t-6_9k_frames
[progress] Extracting frames for 1ORJ2LYyjtg into /tmp/wilor_train_9842107.nKzRzt/images/1ORJ2LYyjtg_frames
Extracted 9942 frame(s) from /scratch/mthakur/manifold/data/images/1ORJ2LYyjtg.mp4 into /tmp/wilor_train_9842107.nKzRzt/images/1ORJ2LYyjtg_frames
[progress] Extracting frames for 1Ov5Kuhijeo into /tmp/wilor_train_9842107.nKzRzt/images/1Ov5Kuhijeo_frames
Extracted 33300 frame(s) from /scratch/mthakur/manifold/data/images/1Ov5Kuhijeo.mp4 into /tmp/wilor_train_9842107.nKzRzt/images/1Ov5Kuhijeo_frames
[progress] Extracting frames for 1p1gWBabLOc into /tmp/wilor_train_9842107.nKzRzt/images/1p1gWBabLOc_frames
Extracted 4218 frame(s) from /scratch/mthakur/manifold/data/images/1p1gWBabLOc.mp4 into /tmp/wilor_train_9842107.nKzRzt/images/1p1gWBabLOc_frames
[progress] Extracting frames for 1pk1EHZSGwQ into /tmp/wilor_train_9842107.nKzRzt/images/1pk1EHZSGwQ_frames
Extracted 11390 frame(s) from /scratch/mthakur/manifold/data/images/1pk1EHZSGwQ.mp4 into /tmp/wilor_train_9842107.nKzRzt/images/1pk1EHZSGwQ_frames
[progress] Extracting frames for 1qrxdNZgyiU into /tmp/wilor_train_9842107.nKzRzt/images/1qrxdNZgyiU_frames
Extracted 12762 frame(s) from /scratch/mthakur/manifold/data/images/1qrxdNZgyiU.mp4 into /tmp/wilor_train_9842107.nKzRzt/images/1qrxdNZgyiU_frames
[progress] Extracting frames for 1RHbfw12FPE into /tmp/wilor_train_9842107.nKzRzt/images/1RHbfw12FPE_frames
Extracted 6021 frame(s) from /scratch/mthakur/manifold/data/images/1RHbfw12FPE.mp4 into /tmp/wilor_train_9842107.nKzRzt/images/1RHbfw12FPE_frames
[progress] Extracting frames for 1Rl908nVWlY into /tmp/wilor_train_9842107.nKzRzt/images/1Rl908nVWlY_frames
Extracted 9338 frame(s) from /scratch/mthakur/manifold/data/images/1Rl908nVWlY.mp4 into /tmp/wilor_train_9842107.nKzRzt/images/1Rl908nVWlY_frames
[progress] Extracting frames for 1ROgPtwNQJA into /tmp/wilor_train_9842107.nKzRzt/images/1ROgPtwNQJA_frames
Extracted 10444 frame(s) from /scratch/mthakur/manifold/data/images/1ROgPtwNQJA.mp4 into /tmp/wilor_train_9842107.nKzRzt/images/1ROgPtwNQJA_frames
[progress] Extracting frames for 1S0otQxKUcs into /tmp/wilor_train_9842107.nKzRzt/images/1S0otQxKUcs_frames
Extracted 4589 frame(s) from /scratch/mthakur/manifold/data/images/1S0otQxKUcs.mp4 into /tmp/wilor_train_9842107.nKzRzt/images/1S0otQxKUcs_frames
[progress] Extracting frames for 1-saQGg__0E into /tmp/wilor_train_9842107.nKzRzt/images/1-saQGg__0E_frames
Extracted 6428 frame(s) from /scratch/mthakur/manifold/data/images/1-saQGg__0E.mp4 into /tmp/wilor_train_9842107.nKzRzt/images/1-saQGg__0E_frames
[progress] Extracting frames for 1SfQim8avcU into /tmp/wilor_train_9842107.nKzRzt/images/1SfQim8avcU_frames
Extracted 18409 frame(s) from /scratch/mthakur/manifold/data/images/1SfQim8avcU.mp4 into /tmp/wilor_train_9842107.nKzRzt/images/1SfQim8avcU_frames
[progress] Extracting frames for 1shDjV2kuYI into /tmp/wilor_train_9842107.nKzRzt/images/1shDjV2kuYI_frames
Extracted 22427 frame(s) from /scratch/mthakur/manifold/data/images/1shDjV2kuYI.mp4 into /tmp/wilor_train_9842107.nKzRzt/images/1shDjV2kuYI_frames
[progress] Extracting frames for 1so4-zBOcbk into /tmp/wilor_train_9842107.nKzRzt/images/1so4-zBOcbk_frames
Extracted 31510 frame(s) from /scratch/mthakur/manifold/data/images/1so4-zBOcbk.mp4 into /tmp/wilor_train_9842107.nKzRzt/images/1so4-zBOcbk_frames
[progress] Extracting frames for 1sPp3Oqs_Oc into /tmp/wilor_train_9842107.nKzRzt/images/1sPp3Oqs_Oc_frames
Extracted 3408 frame(s) from /scratch/mthakur/manifold/data/images/1sPp3Oqs_Oc.mp4 into /tmp/wilor_train_9842107.nKzRzt/images/1sPp3Oqs_Oc_frames
[progress] Extracting frames for 1SXpmomfrjU into /tmp/wilor_train_9842107.nKzRzt/images/1SXpmomfrjU_frames
Extracted 59247 frame(s) from /scratch/mthakur/manifold/data/images/1SXpmomfrjU.mp4 into /tmp/wilor_train_9842107.nKzRzt/images/1SXpmomfrjU_frames
[progress] Extracting frames for 1t3EJprOWEw into /tmp/wilor_train_9842107.nKzRzt/images/1t3EJprOWEw_frames
Extracted 3787 frame(s) from /scratch/mthakur/manifold/data/images/1t3EJprOWEw.mp4 into /tmp/wilor_train_9842107.nKzRzt/images/1t3EJprOWEw_frames
[progress] Extracting frames for 1tdocyR8uvk into /tmp/wilor_train_9842107.nKzRzt/images/1tdocyR8uvk_frames
Extracted 2445 frame(s) from /scratch/mthakur/manifold/data/images/1tdocyR8uvk.mp4 into /tmp/wilor_train_9842107.nKzRzt/images/1tdocyR8uvk_frames
[progress] Extracting frames for 1uAcqeRAURY into /tmp/wilor_train_9842107.nKzRzt/images/1uAcqeRAURY_frames
Extracted 1423 frame(s) from /scratch/mthakur/manifold/data/images/1uAcqeRAURY.mp4 into /tmp/wilor_train_9842107.nKzRzt/images/1uAcqeRAURY_frames
[progress] Extracting frames for 1UE60O6dsiU into /tmp/wilor_train_9842107.nKzRzt/images/1UE60O6dsiU_frames
Extracted 36711 frame(s) from /scratch/mthakur/manifold/data/images/1UE60O6dsiU.mp4 into /tmp/wilor_train_9842107.nKzRzt/images/1UE60O6dsiU_frames
[progress] Extracting frames for 1uz3vYd3o6A into /tmp/wilor_train_9842107.nKzRzt/images/1uz3vYd3o6A_frames
Extracted 15625 frame(s) from /scratch/mthakur/manifold/data/images/1uz3vYd3o6A.mp4 into /tmp/wilor_train_9842107.nKzRzt/images/1uz3vYd3o6A_frames
[progress] Extracting frames for 1VGMYEzJHjM into /tmp/wilor_train_9842107.nKzRzt/images/1VGMYEzJHjM_frames
Extracted 1197 frame(s) from /scratch/mthakur/manifold/data/images/1VGMYEzJHjM.mp4 into /tmp/wilor_train_9842107.nKzRzt/images/1VGMYEzJHjM_frames
[progress] Extracting frames for 1W9pXUryFvY into /tmp/wilor_train_9842107.nKzRzt/images/1W9pXUryFvY_frames
Extracted 2316 frame(s) from /scratch/mthakur/manifold/data/images/1W9pXUryFvY.mp4 into /tmp/wilor_train_9842107.nKzRzt/images/1W9pXUryFvY_frames
[progress] Extracting frames for 1x-8S-NWWzo into /tmp/wilor_train_9842107.nKzRzt/images/1x-8S-NWWzo_frames
Extracted 6292 frame(s) from /scratch/mthakur/manifold/data/images/1x-8S-NWWzo.mp4 into /tmp/wilor_train_9842107.nKzRzt/images/1x-8S-NWWzo_frames
[progress] Extracting frames for 1y8vXjLQWL0 into /tmp/wilor_train_9842107.nKzRzt/images/1y8vXjLQWL0_frames
Extracted 7194 frame(s) from /scratch/mthakur/manifold/data/images/1y8vXjLQWL0.mp4 into /tmp/wilor_train_9842107.nKzRzt/images/1y8vXjLQWL0_frames
[progress] Extracting frames for 1YjsTc70vK4 into /tmp/wilor_train_9842107.nKzRzt/images/1YjsTc70vK4_frames
Extracted 10863 frame(s) from /scratch/mthakur/manifold/data/images/1YjsTc70vK4.mp4 into /tmp/wilor_train_9842107.nKzRzt/images/1YjsTc70vK4_frames
[progress] Extracting frames for 1yKuwUSJXjQ into /tmp/wilor_train_9842107.nKzRzt/images/1yKuwUSJXjQ_frames
Extracted 25289 frame(s) from /scratch/mthakur/manifold/data/images/1yKuwUSJXjQ.mp4 into /tmp/wilor_train_9842107.nKzRzt/images/1yKuwUSJXjQ_frames
[progress] Extracting frames for 1YYaRxqSxNc into /tmp/wilor_train_9842107.nKzRzt/images/1YYaRxqSxNc_frames
Extracted 4386 frame(s) from /scratch/mthakur/manifold/data/images/1YYaRxqSxNc.mp4 into /tmp/wilor_train_9842107.nKzRzt/images/1YYaRxqSxNc_frames
[progress] Extracting frames for 1yycWziALCE into /tmp/wilor_train_9842107.nKzRzt/images/1yycWziALCE_frames
Extracted 14847 frame(s) from /scratch/mthakur/manifold/data/images/1yycWziALCE.mp4 into /tmp/wilor_train_9842107.nKzRzt/images/1yycWziALCE_frames
[progress] Extracting frames for 1zB3R6tR5Ow into /tmp/wilor_train_9842107.nKzRzt/images/1zB3R6tR5Ow_frames
Extracted 29970 frame(s) from /scratch/mthakur/manifold/data/images/1zB3R6tR5Ow.mp4 into /tmp/wilor_train_9842107.nKzRzt/images/1zB3R6tR5Ow_frames
[progress] Extracting frames for 1ZByLiG8-3c into /tmp/wilor_train_9842107.nKzRzt/images/1ZByLiG8-3c_frames
Extracted 5440 frame(s) from /scratch/mthakur/manifold/data/images/1ZByLiG8-3c.mp4 into /tmp/wilor_train_9842107.nKzRzt/images/1ZByLiG8-3c_frames
[progress] Extracting frames for 1ZQlKQsY0_0 into /tmp/wilor_train_9842107.nKzRzt/images/1ZQlKQsY0_0_frames
Extracted 12635 frame(s) from /scratch/mthakur/manifold/data/images/1ZQlKQsY0_0.mp4 into /tmp/wilor_train_9842107.nKzRzt/images/1ZQlKQsY0_0_frames
[progress] Extracting frames for 1zRfH_9kqtk into /tmp/wilor_train_9842107.nKzRzt/images/1zRfH_9kqtk_frames
Extracted 9163 frame(s) from /scratch/mthakur/manifold/data/images/1zRfH_9kqtk.mp4 into /tmp/wilor_train_9842107.nKzRzt/images/1zRfH_9kqtk_frames
[progress] Extracting frames for 1ZrUru3Bov4 into /tmp/wilor_train_9842107.nKzRzt/images/1ZrUru3Bov4_frames
Extracted 1666 frame(s) from /scratch/mthakur/manifold/data/images/1ZrUru3Bov4.mp4 into /tmp/wilor_train_9842107.nKzRzt/images/1ZrUru3Bov4_frames
[progress] Extracting frames for 20L1KcP9Zeo into /tmp/wilor_train_9842107.nKzRzt/images/20L1KcP9Zeo_frames
Extracted 20308 frame(s) from /scratch/mthakur/manifold/data/images/20L1KcP9Zeo.mp4 into /tmp/wilor_train_9842107.nKzRzt/images/20L1KcP9Zeo_frames
[progress] Extracting frames for 20nY5jgoY8w into /tmp/wilor_train_9842107.nKzRzt/images/20nY5jgoY8w_frames
Extracted 868 frame(s) from /scratch/mthakur/manifold/data/images/20nY5jgoY8w.mp4 into /tmp/wilor_train_9842107.nKzRzt/images/20nY5jgoY8w_frames
[progress] Extracting frames for 20Qt7rkcAY0 into /tmp/wilor_train_9842107.nKzRzt/images/20Qt7rkcAY0_frames
Extracted 1581 frame(s) from /scratch/mthakur/manifold/data/images/20Qt7rkcAY0.mp4 into /tmp/wilor_train_9842107.nKzRzt/images/20Qt7rkcAY0_frames
[progress] Extracting frames for 226CKUNss6k into /tmp/wilor_train_9842107.nKzRzt/images/226CKUNss6k_frames
Extracted 7121 frame(s) from /scratch/mthakur/manifold/data/images/226CKUNss6k.mp4 into /tmp/wilor_train_9842107.nKzRzt/images/226CKUNss6k_frames
[progress] Extracting frames for 22oJoUgnTdM into /tmp/wilor_train_9842107.nKzRzt/images/22oJoUgnTdM_frames
Extracted 1003 frame(s) from /scratch/mthakur/manifold/data/images/22oJoUgnTdM.mp4 into /tmp/wilor_train_9842107.nKzRzt/images/22oJoUgnTdM_frames
[progress] Extracting frames for 22V4MQ8dc2Q into /tmp/wilor_train_9842107.nKzRzt/images/22V4MQ8dc2Q_frames
Extracted 14589 frame(s) from /scratch/mthakur/manifold/data/images/22V4MQ8dc2Q.mp4 into /tmp/wilor_train_9842107.nKzRzt/images/22V4MQ8dc2Q_frames
[progress] Extracting frames for 237k5BL8gu0 into /tmp/wilor_train_9842107.nKzRzt/images/237k5BL8gu0_frames
Extracted 4093 frame(s) from /scratch/mthakur/manifold/data/images/237k5BL8gu0.mp4 into /tmp/wilor_train_9842107.nKzRzt/images/237k5BL8gu0_frames
[progress] Extracting frames for 23kppT5hKWU into /tmp/wilor_train_9842107.nKzRzt/images/23kppT5hKWU_frames
Extracted 7257 frame(s) from /scratch/mthakur/manifold/data/images/23kppT5hKWU.mp4 into /tmp/wilor_train_9842107.nKzRzt/images/23kppT5hKWU_frames
[progress] Extracting frames for 23tQHcy3VnI into /tmp/wilor_train_9842107.nKzRzt/images/23tQHcy3VnI_frames
Extracted 9194 frame(s) from /scratch/mthakur/manifold/data/images/23tQHcy3VnI.mp4 into /tmp/wilor_train_9842107.nKzRzt/images/23tQHcy3VnI_frames
[progress] Extracting frames for 25xI45bNg5E into /tmp/wilor_train_9842107.nKzRzt/images/25xI45bNg5E_frames
Extracted 13969 frame(s) from /scratch/mthakur/manifold/data/images/25xI45bNg5E.mp4 into /tmp/wilor_train_9842107.nKzRzt/images/25xI45bNg5E_frames
[progress] Extracting frames for 27mbVu4v49w into /tmp/wilor_train_9842107.nKzRzt/images/27mbVu4v49w_frames
Extracted 4100 frame(s) from /scratch/mthakur/manifold/data/images/27mbVu4v49w.mp4 into /tmp/wilor_train_9842107.nKzRzt/images/27mbVu4v49w_frames
[progress] Extracting frames for 28d21FpzwpM into /tmp/wilor_train_9842107.nKzRzt/images/28d21FpzwpM_frames
Extracted 1047 frame(s) from /scratch/mthakur/manifold/data/images/28d21FpzwpM.mp4 into /tmp/wilor_train_9842107.nKzRzt/images/28d21FpzwpM_frames
[progress] Extracting frames for 28IOz4eyBpU into /tmp/wilor_train_9842107.nKzRzt/images/28IOz4eyBpU_frames
Extracted 1223 frame(s) from /scratch/mthakur/manifold/data/images/28IOz4eyBpU.mp4 into /tmp/wilor_train_9842107.nKzRzt/images/28IOz4eyBpU_frames
[progress] Extracting frames for 299fkv24i_M into /tmp/wilor_train_9842107.nKzRzt/images/299fkv24i_M_frames
Extracted 10197 frame(s) from /scratch/mthakur/manifold/data/images/299fkv24i_M.mp4 into /tmp/wilor_train_9842107.nKzRzt/images/299fkv24i_M_frames
[progress] Extracting frames for 299RErdnW94 into /tmp/wilor_train_9842107.nKzRzt/images/299RErdnW94_frames
Extracted 15030 frame(s) from /scratch/mthakur/manifold/data/images/299RErdnW94.mp4 into /tmp/wilor_train_9842107.nKzRzt/images/299RErdnW94_frames
[progress] Extracting frames for 29wUp2U9WsM into /tmp/wilor_train_9842107.nKzRzt/images/29wUp2U9WsM_frames
Extracted 7853 frame(s) from /scratch/mthakur/manifold/data/images/29wUp2U9WsM.mp4 into /tmp/wilor_train_9842107.nKzRzt/images/29wUp2U9WsM_frames
[progress] Extracting frames for 2aHOCuMesGc into /tmp/wilor_train_9842107.nKzRzt/images/2aHOCuMesGc_frames
Extracted 6294 frame(s) from /scratch/mthakur/manifold/data/images/2aHOCuMesGc.mp4 into /tmp/wilor_train_9842107.nKzRzt/images/2aHOCuMesGc_frames
[progress] Extracting frames for 2aQhjfDc_nw into /tmp/wilor_train_9842107.nKzRzt/images/2aQhjfDc_nw_frames
Extracted 13945 frame(s) from /scratch/mthakur/manifold/data/images/2aQhjfDc_nw.mp4 into /tmp/wilor_train_9842107.nKzRzt/images/2aQhjfDc_nw_frames
[progress] Extracting frames for 2CBMZcrvOdA into /tmp/wilor_train_9842107.nKzRzt/images/2CBMZcrvOdA_frames
Extracted 2283 frame(s) from /scratch/mthakur/manifold/data/images/2CBMZcrvOdA.mp4 into /tmp/wilor_train_9842107.nKzRzt/images/2CBMZcrvOdA_frames
[progress] Extracting frames for 2deG-DmpnAQ into /tmp/wilor_train_9842107.nKzRzt/images/2deG-DmpnAQ_frames
Extracted 12947 frame(s) from /scratch/mthakur/manifold/data/images/2deG-DmpnAQ.mp4 into /tmp/wilor_train_9842107.nKzRzt/images/2deG-DmpnAQ_frames
[progress] Extracting frames for 2DGjhMDkwTk into /tmp/wilor_train_9842107.nKzRzt/images/2DGjhMDkwTk_frames
Extracted 17838 frame(s) from /scratch/mthakur/manifold/data/images/2DGjhMDkwTk.mp4 into /tmp/wilor_train_9842107.nKzRzt/images/2DGjhMDkwTk_frames
[progress] Extracting frames for 2ejWzp2faAA into /tmp/wilor_train_9842107.nKzRzt/images/2ejWzp2faAA_frames
Extracted 10619 frame(s) from /scratch/mthakur/manifold/data/images/2ejWzp2faAA.mp4 into /tmp/wilor_train_9842107.nKzRzt/images/2ejWzp2faAA_frames
[progress] Extracting frames for 2EKVWMwZEN0 into /tmp/wilor_train_9842107.nKzRzt/images/2EKVWMwZEN0_frames
Extracted 19449 frame(s) from /scratch/mthakur/manifold/data/images/2EKVWMwZEN0.mp4 into /tmp/wilor_train_9842107.nKzRzt/images/2EKVWMwZEN0_frames
[progress] Extracting frames for 2epZdTtZYig into /tmp/wilor_train_9842107.nKzRzt/images/2epZdTtZYig_frames
Extracted 12874 frame(s) from /scratch/mthakur/manifold/data/images/2epZdTtZYig.mp4 into /tmp/wilor_train_9842107.nKzRzt/images/2epZdTtZYig_frames
[progress] Extracting frames for 2e-uo8_3lJ0 into /tmp/wilor_train_9842107.nKzRzt/images/2e-uo8_3lJ0_frames
Extracted 20152 frame(s) from /scratch/mthakur/manifold/data/images/2e-uo8_3lJ0.mp4 into /tmp/wilor_train_9842107.nKzRzt/images/2e-uo8_3lJ0_frames
[progress] Extracting frames for 2EUZtPTfMs4 into /tmp/wilor_train_9842107.nKzRzt/images/2EUZtPTfMs4_frames
Extracted 1483 frame(s) from /scratch/mthakur/manifold/data/images/2EUZtPTfMs4.mp4 into /tmp/wilor_train_9842107.nKzRzt/images/2EUZtPTfMs4_frames
[progress] Extracting frames for 2fBh7sc0ti8 into /tmp/wilor_train_9842107.nKzRzt/images/2fBh7sc0ti8_frames
Extracted 2175 frame(s) from /scratch/mthakur/manifold/data/images/2fBh7sc0ti8.mp4 into /tmp/wilor_train_9842107.nKzRzt/images/2fBh7sc0ti8_frames
[progress] Extracting frames for 2fcX77AHA2I into /tmp/wilor_train_9842107.nKzRzt/images/2fcX77AHA2I_frames
Extracted 4376 frame(s) from /scratch/mthakur/manifold/data/images/2fcX77AHA2I.mp4 into /tmp/wilor_train_9842107.nKzRzt/images/2fcX77AHA2I_frames
[progress] Extracting frames for 2hcLIu4HCcY into /tmp/wilor_train_9842107.nKzRzt/images/2hcLIu4HCcY_frames
Extracted 3523 frame(s) from /scratch/mthakur/manifold/data/images/2hcLIu4HCcY.mp4 into /tmp/wilor_train_9842107.nKzRzt/images/2hcLIu4HCcY_frames
[progress] Extracting frames for 2hxTkuo6b9Q into /tmp/wilor_train_9842107.nKzRzt/images/2hxTkuo6b9Q_frames
Extracted 564 frame(s) from /scratch/mthakur/manifold/data/images/2hxTkuo6b9Q.mp4 into /tmp/wilor_train_9842107.nKzRzt/images/2hxTkuo6b9Q_frames
[progress] Extracting frames for 2hz6TDn6qSU into /tmp/wilor_train_9842107.nKzRzt/images/2hz6TDn6qSU_frames
Extracted 2229 frame(s) from /scratch/mthakur/manifold/data/images/2hz6TDn6qSU.mp4 into /tmp/wilor_train_9842107.nKzRzt/images/2hz6TDn6qSU_frames
[progress] Extracting frames for 2Iax_vC1aMk into /tmp/wilor_train_9842107.nKzRzt/images/2Iax_vC1aMk_frames
Extracted 1186 frame(s) from /scratch/mthakur/manifold/data/images/2Iax_vC1aMk.mp4 into /tmp/wilor_train_9842107.nKzRzt/images/2Iax_vC1aMk_frames
[progress] Extracting frames for 2ieEZatqP14 into /tmp/wilor_train_9842107.nKzRzt/images/2ieEZatqP14_frames
Extracted 6640 frame(s) from /scratch/mthakur/manifold/data/images/2ieEZatqP14.mp4 into /tmp/wilor_train_9842107.nKzRzt/images/2ieEZatqP14_frames
[progress] Extracting frames for 2iwlB8-AZFg into /tmp/wilor_train_9842107.nKzRzt/images/2iwlB8-AZFg_frames
Extracted 283 frame(s) from /scratch/mthakur/manifold/data/images/2iwlB8-AZFg.mp4 into /tmp/wilor_train_9842107.nKzRzt/images/2iwlB8-AZFg_frames
[progress] Extracting frames for 2Jk-LnStEvQ into /tmp/wilor_train_9842107.nKzRzt/images/2Jk-LnStEvQ_frames
Extracted 12677 frame(s) from /scratch/mthakur/manifold/data/images/2Jk-LnStEvQ.mp4 into /tmp/wilor_train_9842107.nKzRzt/images/2Jk-LnStEvQ_frames
[progress] Extracting frames for 2K6sNH3QdM4 into /tmp/wilor_train_9842107.nKzRzt/images/2K6sNH3QdM4_frames
Extracted 25965 frame(s) from /scratch/mthakur/manifold/data/images/2K6sNH3QdM4.mp4 into /tmp/wilor_train_9842107.nKzRzt/images/2K6sNH3QdM4_frames
[progress] Extracting frames for 2KIyVF36spo into /tmp/wilor_train_9842107.nKzRzt/images/2KIyVF36spo_frames
Extracted 3514 frame(s) from /scratch/mthakur/manifold/data/images/2KIyVF36spo.mp4 into /tmp/wilor_train_9842107.nKzRzt/images/2KIyVF36spo_frames
[progress] Extracting frames for 2KPB9UJDEUU into /tmp/wilor_train_9842107.nKzRzt/images/2KPB9UJDEUU_frames
Extracted 1344 frame(s) from /scratch/mthakur/manifold/data/images/2KPB9UJDEUU.mp4 into /tmp/wilor_train_9842107.nKzRzt/images/2KPB9UJDEUU_frames
[progress] Extracting frames for 2LwV2AuvNaU into /tmp/wilor_train_9842107.nKzRzt/images/2LwV2AuvNaU_frames
Extracted 9866 frame(s) from /scratch/mthakur/manifold/data/images/2LwV2AuvNaU.mp4 into /tmp/wilor_train_9842107.nKzRzt/images/2LwV2AuvNaU_frames
[progress] Extracting frames for 2m5WjXKArt4 into /tmp/wilor_train_9842107.nKzRzt/images/2m5WjXKArt4_frames
Extracted 1472 frame(s) from /scratch/mthakur/manifold/data/images/2m5WjXKArt4.mp4 into /tmp/wilor_train_9842107.nKzRzt/images/2m5WjXKArt4_frames
[progress] Extracting frames for 2M83YRjnHWs into /tmp/wilor_train_9842107.nKzRzt/images/2M83YRjnHWs_frames
Extracted 9770 frame(s) from /scratch/mthakur/manifold/data/images/2M83YRjnHWs.mp4 into /tmp/wilor_train_9842107.nKzRzt/images/2M83YRjnHWs_frames
[progress] Extracting frames for 2NJXip1avxY into /tmp/wilor_train_9842107.nKzRzt/images/2NJXip1avxY_frames
Extracted 5023 frame(s) from /scratch/mthakur/manifold/data/images/2NJXip1avxY.mp4 into /tmp/wilor_train_9842107.nKzRzt/images/2NJXip1avxY_frames
[progress] Extracting frames for 2O6QUmPT0gM into /tmp/wilor_train_9842107.nKzRzt/images/2O6QUmPT0gM_frames
Extracted 9398 frame(s) from /scratch/mthakur/manifold/data/images/2O6QUmPT0gM.mp4 into /tmp/wilor_train_9842107.nKzRzt/images/2O6QUmPT0gM_frames
[progress] Extracting frames for 2ofPs_uTel4 into /tmp/wilor_train_9842107.nKzRzt/images/2ofPs_uTel4_frames
Extracted 15681 frame(s) from /scratch/mthakur/manifold/data/images/2ofPs_uTel4.mp4 into /tmp/wilor_train_9842107.nKzRzt/images/2ofPs_uTel4_frames
[progress] Extracting frames for 2-p5HVrDLik into /tmp/wilor_train_9842107.nKzRzt/images/2-p5HVrDLik_frames
Extracted 10186 frame(s) from /scratch/mthakur/manifold/data/images/2-p5HVrDLik.mp4 into /tmp/wilor_train_9842107.nKzRzt/images/2-p5HVrDLik_frames
[progress] Extracting frames for 2_PWeBb41qM into /tmp/wilor_train_9842107.nKzRzt/images/2_PWeBb41qM_frames
Extracted 27169 frame(s) from /scratch/mthakur/manifold/data/images/2_PWeBb41qM.mp4 into /tmp/wilor_train_9842107.nKzRzt/images/2_PWeBb41qM_frames
[progress] Extracting frames for 2QB-YdxXSMY into /tmp/wilor_train_9842107.nKzRzt/images/2QB-YdxXSMY_frames
Extracted 4870 frame(s) from /scratch/mthakur/manifold/data/images/2QB-YdxXSMY.mp4 into /tmp/wilor_train_9842107.nKzRzt/images/2QB-YdxXSMY_frames
[progress] Extracting frames for 2QCyl_nQHXo into /tmp/wilor_train_9842107.nKzRzt/images/2QCyl_nQHXo_frames
Extracted 215595 frame(s) from /scratch/mthakur/manifold/data/images/2QCyl_nQHXo.mp4 into /tmp/wilor_train_9842107.nKzRzt/images/2QCyl_nQHXo_frames
[progress] Extracting frames for 2qDnzhpeD18 into /tmp/wilor_train_9842107.nKzRzt/images/2qDnzhpeD18_frames
Extracted 2555 frame(s) from /scratch/mthakur/manifold/data/images/2qDnzhpeD18.mp4 into /tmp/wilor_train_9842107.nKzRzt/images/2qDnzhpeD18_frames
[progress] Extracting frames for 2QKVspjZM-w into /tmp/wilor_train_9842107.nKzRzt/images/2QKVspjZM-w_frames
Extracted 3137 frame(s) from /scratch/mthakur/manifold/data/images/2QKVspjZM-w.mp4 into /tmp/wilor_train_9842107.nKzRzt/images/2QKVspjZM-w_frames
[progress] Extracting frames for 2qLS_mXdrh8 into /tmp/wilor_train_9842107.nKzRzt/images/2qLS_mXdrh8_frames
Extracted 6914 frame(s) from /scratch/mthakur/manifold/data/images/2qLS_mXdrh8.mp4 into /tmp/wilor_train_9842107.nKzRzt/images/2qLS_mXdrh8_frames
[progress] Extracting frames for 2QSlChnnFmU into /tmp/wilor_train_9842107.nKzRzt/images/2QSlChnnFmU_frames
Extracted 4428 frame(s) from /scratch/mthakur/manifold/data/images/2QSlChnnFmU.mp4 into /tmp/wilor_train_9842107.nKzRzt/images/2QSlChnnFmU_frames
[progress] Extracting frames for 2r-hs8cizg4 into /tmp/wilor_train_9842107.nKzRzt/images/2r-hs8cizg4_frames
Extracted 5200 frame(s) from /scratch/mthakur/manifold/data/images/2r-hs8cizg4.mp4 into /tmp/wilor_train_9842107.nKzRzt/images/2r-hs8cizg4_frames
[progress] Extracting frames for 2rUWPvdAVMw into /tmp/wilor_train_9842107.nKzRzt/images/2rUWPvdAVMw_frames
Extracted 10331 frame(s) from /scratch/mthakur/manifold/data/images/2rUWPvdAVMw.mp4 into /tmp/wilor_train_9842107.nKzRzt/images/2rUWPvdAVMw_frames
[progress] Extracting frames for 2SEgXpck6-o into /tmp/wilor_train_9842107.nKzRzt/images/2SEgXpck6-o_frames
Extracted 3854 frame(s) from /scratch/mthakur/manifold/data/images/2SEgXpck6-o.mp4 into /tmp/wilor_train_9842107.nKzRzt/images/2SEgXpck6-o_frames
[progress] Extracting frames for 2SEp74TgXeM into /tmp/wilor_train_9842107.nKzRzt/images/2SEp74TgXeM_frames
Extracted 19211 frame(s) from /scratch/mthakur/manifold/data/images/2SEp74TgXeM.mp4 into /tmp/wilor_train_9842107.nKzRzt/images/2SEp74TgXeM_frames
[progress] Extracting frames for 2sRkc0SllW8 into /tmp/wilor_train_9842107.nKzRzt/images/2sRkc0SllW8_frames
Extracted 17097 frame(s) from /scratch/mthakur/manifold/data/images/2sRkc0SllW8.mp4 into /tmp/wilor_train_9842107.nKzRzt/images/2sRkc0SllW8_frames
[progress] Extracting frames for 2Tgl8gxz_HA into /tmp/wilor_train_9842107.nKzRzt/images/2Tgl8gxz_HA_frames
Extracted 3664 frame(s) from /scratch/mthakur/manifold/data/images/2Tgl8gxz_HA.mp4 into /tmp/wilor_train_9842107.nKzRzt/images/2Tgl8gxz_HA_frames
[progress] Extracting frames for 2TjAKLUBJ7s into /tmp/wilor_train_9842107.nKzRzt/images/2TjAKLUBJ7s_frames
Extracted 9875 frame(s) from /scratch/mthakur/manifold/data/images/2TjAKLUBJ7s.mp4 into /tmp/wilor_train_9842107.nKzRzt/images/2TjAKLUBJ7s_frames
[progress] Extracting frames for 2U8Ih4IiYSs into /tmp/wilor_train_9842107.nKzRzt/images/2U8Ih4IiYSs_frames
Extracted 2702 frame(s) from /scratch/mthakur/manifold/data/images/2U8Ih4IiYSs.mp4 into /tmp/wilor_train_9842107.nKzRzt/images/2U8Ih4IiYSs_frames
[progress] Extracting frames for 2u9kx7Jlw7g into /tmp/wilor_train_9842107.nKzRzt/images/2u9kx7Jlw7g_frames
Extracted 4041 frame(s) from /scratch/mthakur/manifold/data/images/2u9kx7Jlw7g.mp4 into /tmp/wilor_train_9842107.nKzRzt/images/2u9kx7Jlw7g_frames
[progress] Extracting frames for 2uCE3KqKwG8 into /tmp/wilor_train_9842107.nKzRzt/images/2uCE3KqKwG8_frames
Extracted 9784 frame(s) from /scratch/mthakur/manifold/data/images/2uCE3KqKwG8.mp4 into /tmp/wilor_train_9842107.nKzRzt/images/2uCE3KqKwG8_frames
[progress] Extracting frames for 2ucO7etmU-w into /tmp/wilor_train_9842107.nKzRzt/images/2ucO7etmU-w_frames
Extracted 26258 frame(s) from /scratch/mthakur/manifold/data/images/2ucO7etmU-w.mp4 into /tmp/wilor_train_9842107.nKzRzt/images/2ucO7etmU-w_frames
[progress] Extracting frames for 2udA--Kb2vo into /tmp/wilor_train_9842107.nKzRzt/images/2udA--Kb2vo_frames
Extracted 3163 frame(s) from /scratch/mthakur/manifold/data/images/2udA--Kb2vo.mp4 into /tmp/wilor_train_9842107.nKzRzt/images/2udA--Kb2vo_frames
[progress] Extracting frames for 2udPD0NYRVo into /tmp/wilor_train_9842107.nKzRzt/images/2udPD0NYRVo_frames
Extracted 20340 frame(s) from /scratch/mthakur/manifold/data/images/2udPD0NYRVo.mp4 into /tmp/wilor_train_9842107.nKzRzt/images/2udPD0NYRVo_frames
[progress] Extracting frames for 2uqfhF-Of_U into /tmp/wilor_train_9842107.nKzRzt/images/2uqfhF-Of_U_frames
Extracted 10961 frame(s) from /scratch/mthakur/manifold/data/images/2uqfhF-Of_U.mp4 into /tmp/wilor_train_9842107.nKzRzt/images/2uqfhF-Of_U_frames
[progress] Extracting frames for -2UZsKfaGIk into /tmp/wilor_train_9842107.nKzRzt/images/-2UZsKfaGIk_frames
Extracted 11130 frame(s) from /scratch/mthakur/manifold/data/images/-2UZsKfaGIk.mp4 into /tmp/wilor_train_9842107.nKzRzt/images/-2UZsKfaGIk_frames
[progress] Extracting frames for 2vItFX_gYQE into /tmp/wilor_train_9842107.nKzRzt/images/2vItFX_gYQE_frames
Extracted 16132 frame(s) from /scratch/mthakur/manifold/data/images/2vItFX_gYQE.mp4 into /tmp/wilor_train_9842107.nKzRzt/images/2vItFX_gYQE_frames
[progress] Extracting frames for 2W8nPQFb3ZY into /tmp/wilor_train_9842107.nKzRzt/images/2W8nPQFb3ZY_frames
Extracted 12863 frame(s) from /scratch/mthakur/manifold/data/images/2W8nPQFb3ZY.mp4 into /tmp/wilor_train_9842107.nKzRzt/images/2W8nPQFb3ZY_frames
[progress] Extracting frames for 2Wbk-bP2EwM into /tmp/wilor_train_9842107.nKzRzt/images/2Wbk-bP2EwM_frames
Extracted 3392 frame(s) from /scratch/mthakur/manifold/data/images/2Wbk-bP2EwM.mp4 into /tmp/wilor_train_9842107.nKzRzt/images/2Wbk-bP2EwM_frames
[progress] Extracting frames for 2Wh3TbK77Ec into /tmp/wilor_train_9842107.nKzRzt/images/2Wh3TbK77Ec_frames
Extracted 2465 frame(s) from /scratch/mthakur/manifold/data/images/2Wh3TbK77Ec.mp4 into /tmp/wilor_train_9842107.nKzRzt/images/2Wh3TbK77Ec_frames
[progress] Extracting frames for 2Wsw0KI-yQg into /tmp/wilor_train_9842107.nKzRzt/images/2Wsw0KI-yQg_frames
Extracted 29279 frame(s) from /scratch/mthakur/manifold/data/images/2Wsw0KI-yQg.mp4 into /tmp/wilor_train_9842107.nKzRzt/images/2Wsw0KI-yQg_frames
[progress] Extracting frames for 2WvGsW3j3tI into /tmp/wilor_train_9842107.nKzRzt/images/2WvGsW3j3tI_frames
Extracted 1789 frame(s) from /scratch/mthakur/manifold/data/images/2WvGsW3j3tI.mp4 into /tmp/wilor_train_9842107.nKzRzt/images/2WvGsW3j3tI_frames
[progress] Extracting frames for 2xqgpo-bhEs into /tmp/wilor_train_9842107.nKzRzt/images/2xqgpo-bhEs_frames
Extracted 3044 frame(s) from /scratch/mthakur/manifold/data/images/2xqgpo-bhEs.mp4 into /tmp/wilor_train_9842107.nKzRzt/images/2xqgpo-bhEs_frames
[progress] Extracting frames for 2xqV9Ttjmmg into /tmp/wilor_train_9842107.nKzRzt/images/2xqV9Ttjmmg_frames
Extracted 1508 frame(s) from /scratch/mthakur/manifold/data/images/2xqV9Ttjmmg.mp4 into /tmp/wilor_train_9842107.nKzRzt/images/2xqV9Ttjmmg_frames
[progress] Extracting frames for 2YdPY7GMPBU into /tmp/wilor_train_9842107.nKzRzt/images/2YdPY7GMPBU_frames
Extracted 23962 frame(s) from /scratch/mthakur/manifold/data/images/2YdPY7GMPBU.mp4 into /tmp/wilor_train_9842107.nKzRzt/images/2YdPY7GMPBU_frames
[progress] Extracting frames for 2zA0YgKb5ug into /tmp/wilor_train_9842107.nKzRzt/images/2zA0YgKb5ug_frames
Extracted 1092 frame(s) from /scratch/mthakur/manifold/data/images/2zA0YgKb5ug.mp4 into /tmp/wilor_train_9842107.nKzRzt/images/2zA0YgKb5ug_frames
[progress] Extracting frames for 2zn24j-XfmI into /tmp/wilor_train_9842107.nKzRzt/images/2zn24j-XfmI_frames
Extracted 8608 frame(s) from /scratch/mthakur/manifold/data/images/2zn24j-XfmI.mp4 into /tmp/wilor_train_9842107.nKzRzt/images/2zn24j-XfmI_frames
[progress] Extracting frames for 318OuzwpCzc into /tmp/wilor_train_9842107.nKzRzt/images/318OuzwpCzc_frames
Extracted 5675 frame(s) from /scratch/mthakur/manifold/data/images/318OuzwpCzc.mp4 into /tmp/wilor_train_9842107.nKzRzt/images/318OuzwpCzc_frames
[progress] Extracting frames for 31sHy2-FC70 into /tmp/wilor_train_9842107.nKzRzt/images/31sHy2-FC70_frames
Extracted 35986 frame(s) from /scratch/mthakur/manifold/data/images/31sHy2-FC70.mp4 into /tmp/wilor_train_9842107.nKzRzt/images/31sHy2-FC70_frames
[progress] Extracting frames for 32oTN0XBKSA into /tmp/wilor_train_9842107.nKzRzt/images/32oTN0XBKSA_frames
Extracted 11239 frame(s) from /scratch/mthakur/manifold/data/images/32oTN0XBKSA.mp4 into /tmp/wilor_train_9842107.nKzRzt/images/32oTN0XBKSA_frames
[progress] Extracting frames for 32uDIDeinnY into /tmp/wilor_train_9842107.nKzRzt/images/32uDIDeinnY_frames
Extracted 6726 frame(s) from /scratch/mthakur/manifold/data/images/32uDIDeinnY.mp4 into /tmp/wilor_train_9842107.nKzRzt/images/32uDIDeinnY_frames
[progress] Extracting frames for 336iG0cnp1I into /tmp/wilor_train_9842107.nKzRzt/images/336iG0cnp1I_frames
Extracted 14745 frame(s) from /scratch/mthakur/manifold/data/images/336iG0cnp1I.mp4 into /tmp/wilor_train_9842107.nKzRzt/images/336iG0cnp1I_frames
[progress] Extracting frames for 33brDkaix3A into /tmp/wilor_train_9842107.nKzRzt/images/33brDkaix3A_frames
Extracted 2862 frame(s) from /scratch/mthakur/manifold/data/images/33brDkaix3A.mp4 into /tmp/wilor_train_9842107.nKzRzt/images/33brDkaix3A_frames
[progress] Extracting frames for 34DMNsPor7I into /tmp/wilor_train_9842107.nKzRzt/images/34DMNsPor7I_frames
Extracted 314 frame(s) from /scratch/mthakur/manifold/data/images/34DMNsPor7I.mp4 into /tmp/wilor_train_9842107.nKzRzt/images/34DMNsPor7I_frames
[progress] Extracting frames for 35bR5TNTd2M into /tmp/wilor_train_9842107.nKzRzt/images/35bR5TNTd2M_frames
Extracted 25470 frame(s) from /scratch/mthakur/manifold/data/images/35bR5TNTd2M.mp4 into /tmp/wilor_train_9842107.nKzRzt/images/35bR5TNTd2M_frames
[progress] Extracting frames for 35-h2dH-sf0 into /tmp/wilor_train_9842107.nKzRzt/images/35-h2dH-sf0_frames
Extracted 5065 frame(s) from /scratch/mthakur/manifold/data/images/35-h2dH-sf0.mp4 into /tmp/wilor_train_9842107.nKzRzt/images/35-h2dH-sf0_frames
[progress] Extracting frames for 35N28rtz66I into /tmp/wilor_train_9842107.nKzRzt/images/35N28rtz66I_frames
Extracted 20553 frame(s) from /scratch/mthakur/manifold/data/images/35N28rtz66I.mp4 into /tmp/wilor_train_9842107.nKzRzt/images/35N28rtz66I_frames
[progress] Extracting frames for -384XKXNw_w into /tmp/wilor_train_9842107.nKzRzt/images/-384XKXNw_w_frames
Extracted 8115 frame(s) from /scratch/mthakur/manifold/data/images/-384XKXNw_w.mp4 into /tmp/wilor_train_9842107.nKzRzt/images/-384XKXNw_w_frames
[progress] Extracting frames for 38_CaOQiLgk into /tmp/wilor_train_9842107.nKzRzt/images/38_CaOQiLgk_frames
Extracted 1346 frame(s) from /scratch/mthakur/manifold/data/images/38_CaOQiLgk.mp4 into /tmp/wilor_train_9842107.nKzRzt/images/38_CaOQiLgk_frames
[progress] Extracting frames for 38P2wuD5bBg into /tmp/wilor_train_9842107.nKzRzt/images/38P2wuD5bBg_frames
Extracted 2126 frame(s) from /scratch/mthakur/manifold/data/images/38P2wuD5bBg.mp4 into /tmp/wilor_train_9842107.nKzRzt/images/38P2wuD5bBg_frames
[progress] Extracting frames for 39FygidlZio into /tmp/wilor_train_9842107.nKzRzt/images/39FygidlZio_frames
Extracted 6127 frame(s) from /scratch/mthakur/manifold/data/images/39FygidlZio.mp4 into /tmp/wilor_train_9842107.nKzRzt/images/39FygidlZio_frames
[progress] Extracting frames for 3ajo_dtCfGg into /tmp/wilor_train_9842107.nKzRzt/images/3ajo_dtCfGg_frames
Extracted 3941 frame(s) from /scratch/mthakur/manifold/data/images/3ajo_dtCfGg.mp4 into /tmp/wilor_train_9842107.nKzRzt/images/3ajo_dtCfGg_frames
[progress] Extracting frames for 3b8R8nQVzE8 into /tmp/wilor_train_9842107.nKzRzt/images/3b8R8nQVzE8_frames
Extracted 20269 frame(s) from /scratch/mthakur/manifold/data/images/3b8R8nQVzE8.mp4 into /tmp/wilor_train_9842107.nKzRzt/images/3b8R8nQVzE8_frames
[progress] Extracting frames for 3_b9cFm9HpM into /tmp/wilor_train_9842107.nKzRzt/images/3_b9cFm9HpM_frames
Extracted 4361 frame(s) from /scratch/mthakur/manifold/data/images/3_b9cFm9HpM.mp4 into /tmp/wilor_train_9842107.nKzRzt/images/3_b9cFm9HpM_frames
[progress] Extracting frames for 3bFbHvIHOZI into /tmp/wilor_train_9842107.nKzRzt/images/3bFbHvIHOZI_frames
Extracted 4328 frame(s) from /scratch/mthakur/manifold/data/images/3bFbHvIHOZI.mp4 into /tmp/wilor_train_9842107.nKzRzt/images/3bFbHvIHOZI_frames
[progress] Extracting frames for 3BrgsrwOSHk into /tmp/wilor_train_9842107.nKzRzt/images/3BrgsrwOSHk_frames
Extracted 15167 frame(s) from /scratch/mthakur/manifold/data/images/3BrgsrwOSHk.mp4 into /tmp/wilor_train_9842107.nKzRzt/images/3BrgsrwOSHk_frames
[progress] Extracting frames for 3Byo1PPkZTY into /tmp/wilor_train_9842107.nKzRzt/images/3Byo1PPkZTY_frames
Extracted 3344 frame(s) from /scratch/mthakur/manifold/data/images/3Byo1PPkZTY.mp4 into /tmp/wilor_train_9842107.nKzRzt/images/3Byo1PPkZTY_frames
[progress] Extracting frames for 3-cl4u7Cy3w into /tmp/wilor_train_9842107.nKzRzt/images/3-cl4u7Cy3w_frames
Extracted 24187 frame(s) from /scratch/mthakur/manifold/data/images/3-cl4u7Cy3w.mp4 into /tmp/wilor_train_9842107.nKzRzt/images/3-cl4u7Cy3w_frames
[progress] Extracting frames for 3czV8z7v_6M into /tmp/wilor_train_9842107.nKzRzt/images/3czV8z7v_6M_frames
Extracted 14097 frame(s) from /scratch/mthakur/manifold/data/images/3czV8z7v_6M.mp4 into /tmp/wilor_train_9842107.nKzRzt/images/3czV8z7v_6M_frames
[progress] Extracting frames for 3DdyXFmj6kg into /tmp/wilor_train_9842107.nKzRzt/images/3DdyXFmj6kg_frames
Extracted 12826 frame(s) from /scratch/mthakur/manifold/data/images/3DdyXFmj6kg.mp4 into /tmp/wilor_train_9842107.nKzRzt/images/3DdyXFmj6kg_frames
[progress] Extracting frames for 3derzMnQLDY into /tmp/wilor_train_9842107.nKzRzt/images/3derzMnQLDY_frames
Extracted 4065 frame(s) from /scratch/mthakur/manifold/data/images/3derzMnQLDY.mp4 into /tmp/wilor_train_9842107.nKzRzt/images/3derzMnQLDY_frames
[progress] Extracting frames for 3dFFzsCxZDg into /tmp/wilor_train_9842107.nKzRzt/images/3dFFzsCxZDg_frames
Extracted 9787 frame(s) from /scratch/mthakur/manifold/data/images/3dFFzsCxZDg.mp4 into /tmp/wilor_train_9842107.nKzRzt/images/3dFFzsCxZDg_frames
[progress] Extracting frames for 3DizOjlwHng into /tmp/wilor_train_9842107.nKzRzt/images/3DizOjlwHng_frames
Extracted 2239 frame(s) from /scratch/mthakur/manifold/data/images/3DizOjlwHng.mp4 into /tmp/wilor_train_9842107.nKzRzt/images/3DizOjlwHng_frames
[progress] Extracting frames for 3dz9WRT4ovs into /tmp/wilor_train_9842107.nKzRzt/images/3dz9WRT4ovs_frames
Extracted 5192 frame(s) from /scratch/mthakur/manifold/data/images/3dz9WRT4ovs.mp4 into /tmp/wilor_train_9842107.nKzRzt/images/3dz9WRT4ovs_frames
[progress] Extracting frames for 3FImkVmElOQ into /tmp/wilor_train_9842107.nKzRzt/images/3FImkVmElOQ_frames
Extracted 809 frame(s) from /scratch/mthakur/manifold/data/images/3FImkVmElOQ.mp4 into /tmp/wilor_train_9842107.nKzRzt/images/3FImkVmElOQ_frames
[progress] Extracting frames for 3fo73EJ3XX8 into /tmp/wilor_train_9842107.nKzRzt/images/3fo73EJ3XX8_frames
Extracted 5718 frame(s) from /scratch/mthakur/manifold/data/images/3fo73EJ3XX8.mp4 into /tmp/wilor_train_9842107.nKzRzt/images/3fo73EJ3XX8_frames
[progress] Extracting frames for 3FRP6ofnay0 into /tmp/wilor_train_9842107.nKzRzt/images/3FRP6ofnay0_frames
Extracted 1064 frame(s) from /scratch/mthakur/manifold/data/images/3FRP6ofnay0.mp4 into /tmp/wilor_train_9842107.nKzRzt/images/3FRP6ofnay0_frames
[progress] Extracting frames for 3fw1zsnDmbU into /tmp/wilor_train_9842107.nKzRzt/images/3fw1zsnDmbU_frames
Extracted 12482 frame(s) from /scratch/mthakur/manifold/data/images/3fw1zsnDmbU.mp4 into /tmp/wilor_train_9842107.nKzRzt/images/3fw1zsnDmbU_frames
[progress] Extracting frames for 3fWmeoRWkro into /tmp/wilor_train_9842107.nKzRzt/images/3fWmeoRWkro_frames
Extracted 3544 frame(s) from /scratch/mthakur/manifold/data/images/3fWmeoRWkro.mp4 into /tmp/wilor_train_9842107.nKzRzt/images/3fWmeoRWkro_frames
[progress] Extracting frames for 3FxpOFlPYQU into /tmp/wilor_train_9842107.nKzRzt/images/3FxpOFlPYQU_frames
Extracted 4668 frame(s) from /scratch/mthakur/manifold/data/images/3FxpOFlPYQU.mp4 into /tmp/wilor_train_9842107.nKzRzt/images/3FxpOFlPYQU_frames
[progress] Extracting frames for 3gWIt6KUn2Y into /tmp/wilor_train_9842107.nKzRzt/images/3gWIt6KUn2Y_frames
Extracted 7921 frame(s) from /scratch/mthakur/manifold/data/images/3gWIt6KUn2Y.mp4 into /tmp/wilor_train_9842107.nKzRzt/images/3gWIt6KUn2Y_frames
[progress] Extracting frames for 3GXIBwgAYzQ into /tmp/wilor_train_9842107.nKzRzt/images/3GXIBwgAYzQ_frames
Extracted 4019 frame(s) from /scratch/mthakur/manifold/data/images/3GXIBwgAYzQ.mp4 into /tmp/wilor_train_9842107.nKzRzt/images/3GXIBwgAYzQ_frames
[progress] Extracting frames for 3h4EC1PGnw8 into /tmp/wilor_train_9842107.nKzRzt/images/3h4EC1PGnw8_frames
Extracted 6711 frame(s) from /scratch/mthakur/manifold/data/images/3h4EC1PGnw8.mp4 into /tmp/wilor_train_9842107.nKzRzt/images/3h4EC1PGnw8_frames
[progress] Extracting frames for 3h6Izx48g3k into /tmp/wilor_train_9842107.nKzRzt/images/3h6Izx48g3k_frames
Extracted 3426 frame(s) from /scratch/mthakur/manifold/data/images/3h6Izx48g3k.mp4 into /tmp/wilor_train_9842107.nKzRzt/images/3h6Izx48g3k_frames
[progress] Extracting frames for 3h9xu5UF2CU into /tmp/wilor_train_9842107.nKzRzt/images/3h9xu5UF2CU_frames
Extracted 4717 frame(s) from /scratch/mthakur/manifold/data/images/3h9xu5UF2CU.mp4 into /tmp/wilor_train_9842107.nKzRzt/images/3h9xu5UF2CU_frames
[progress] Extracting frames for 3HBCwm6mPog into /tmp/wilor_train_9842107.nKzRzt/images/3HBCwm6mPog_frames
Extracted 2597 frame(s) from /scratch/mthakur/manifold/data/images/3HBCwm6mPog.mp4 into /tmp/wilor_train_9842107.nKzRzt/images/3HBCwm6mPog_frames
[progress] Extracting frames for 3hEV4jANTO4 into /tmp/wilor_train_9842107.nKzRzt/images/3hEV4jANTO4_frames
Extracted 8682 frame(s) from /scratch/mthakur/manifold/data/images/3hEV4jANTO4.mp4 into /tmp/wilor_train_9842107.nKzRzt/images/3hEV4jANTO4_frames
[progress] Extracting frames for 3HjHyYdKeJ8 into /tmp/wilor_train_9842107.nKzRzt/images/3HjHyYdKeJ8_frames
Extracted 1693 frame(s) from /scratch/mthakur/manifold/data/images/3HjHyYdKeJ8.mp4 into /tmp/wilor_train_9842107.nKzRzt/images/3HjHyYdKeJ8_frames
[progress] Extracting frames for 3Hw3dbQHVTQ into /tmp/wilor_train_9842107.nKzRzt/images/3Hw3dbQHVTQ_frames
Extracted 5688 frame(s) from /scratch/mthakur/manifold/data/images/3Hw3dbQHVTQ.mp4 into /tmp/wilor_train_9842107.nKzRzt/images/3Hw3dbQHVTQ_frames
[progress] Extracting frames for 3hZoT_dq2mQ into /tmp/wilor_train_9842107.nKzRzt/images/3hZoT_dq2mQ_frames
Extracted 8891 frame(s) from /scratch/mthakur/manifold/data/images/3hZoT_dq2mQ.mp4 into /tmp/wilor_train_9842107.nKzRzt/images/3hZoT_dq2mQ_frames
[progress] Extracting frames for 3i7FjHxe8DE into /tmp/wilor_train_9842107.nKzRzt/images/3i7FjHxe8DE_frames
Extracted 5524 frame(s) from /scratch/mthakur/manifold/data/images/3i7FjHxe8DE.mp4 into /tmp/wilor_train_9842107.nKzRzt/images/3i7FjHxe8DE_frames
[progress] Extracting frames for 3I8RmyajZ0M into /tmp/wilor_train_9842107.nKzRzt/images/3I8RmyajZ0M_frames
Extracted 1125 frame(s) from /scratch/mthakur/manifold/data/images/3I8RmyajZ0M.mp4 into /tmp/wilor_train_9842107.nKzRzt/images/3I8RmyajZ0M_frames
[progress] Extracting frames for 3IlxESnsAxA into /tmp/wilor_train_9842107.nKzRzt/images/3IlxESnsAxA_frames
Extracted 44180 frame(s) from /scratch/mthakur/manifold/data/images/3IlxESnsAxA.mp4 into /tmp/wilor_train_9842107.nKzRzt/images/3IlxESnsAxA_frames
[progress] Extracting frames for 3IN1R9rs45k into /tmp/wilor_train_9842107.nKzRzt/images/3IN1R9rs45k_frames
Extracted 4464 frame(s) from /scratch/mthakur/manifold/data/images/3IN1R9rs45k.mp4 into /tmp/wilor_train_9842107.nKzRzt/images/3IN1R9rs45k_frames
[progress] Extracting frames for 3Iu3rAesooU into /tmp/wilor_train_9842107.nKzRzt/images/3Iu3rAesooU_frames
Extracted 4364 frame(s) from /scratch/mthakur/manifold/data/images/3Iu3rAesooU.mp4 into /tmp/wilor_train_9842107.nKzRzt/images/3Iu3rAesooU_frames
[progress] Extracting frames for 3j50-GpcSYU into /tmp/wilor_train_9842107.nKzRzt/images/3j50-GpcSYU_frames
Extracted 6233 frame(s) from /scratch/mthakur/manifold/data/images/3j50-GpcSYU.mp4 into /tmp/wilor_train_9842107.nKzRzt/images/3j50-GpcSYU_frames
[progress] Extracting frames for 3JGY9iG_hwA into /tmp/wilor_train_9842107.nKzRzt/images/3JGY9iG_hwA_frames
Extracted 19987 frame(s) from /scratch/mthakur/manifold/data/images/3JGY9iG_hwA.mp4 into /tmp/wilor_train_9842107.nKzRzt/images/3JGY9iG_hwA_frames
[progress] Extracting frames for 3jMyATzSm_k into /tmp/wilor_train_9842107.nKzRzt/images/3jMyATzSm_k_frames
Extracted 4024 frame(s) from /scratch/mthakur/manifold/data/images/3jMyATzSm_k.mp4 into /tmp/wilor_train_9842107.nKzRzt/images/3jMyATzSm_k_frames
[progress] Extracting frames for 3JxIU16AK4E into /tmp/wilor_train_9842107.nKzRzt/images/3JxIU16AK4E_frames
Extracted 25299 frame(s) from /scratch/mthakur/manifold/data/images/3JxIU16AK4E.mp4 into /tmp/wilor_train_9842107.nKzRzt/images/3JxIU16AK4E_frames
[progress] Extracting frames for 3KpGlsjPvi0 into /tmp/wilor_train_9842107.nKzRzt/images/3KpGlsjPvi0_frames
Extracted 846 frame(s) from /scratch/mthakur/manifold/data/images/3KpGlsjPvi0.mp4 into /tmp/wilor_train_9842107.nKzRzt/images/3KpGlsjPvi0_frames
[progress] Extracting frames for 3KX4beTnCYA into /tmp/wilor_train_9842107.nKzRzt/images/3KX4beTnCYA_frames
Extracted 6379 frame(s) from /scratch/mthakur/manifold/data/images/3KX4beTnCYA.mp4 into /tmp/wilor_train_9842107.nKzRzt/images/3KX4beTnCYA_frames
[progress] Extracting frames for 3_LiLpewX64 into /tmp/wilor_train_9842107.nKzRzt/images/3_LiLpewX64_frames
Extracted 926 frame(s) from /scratch/mthakur/manifold/data/images/3_LiLpewX64.mp4 into /tmp/wilor_train_9842107.nKzRzt/images/3_LiLpewX64_frames
[progress] Extracting frames for 3m2PIS0Asxg into /tmp/wilor_train_9842107.nKzRzt/images/3m2PIS0Asxg_frames
Extracted 9428 frame(s) from /scratch/mthakur/manifold/data/images/3m2PIS0Asxg.mp4 into /tmp/wilor_train_9842107.nKzRzt/images/3m2PIS0Asxg_frames
[progress] Extracting frames for 3mfHu_ianaQ into /tmp/wilor_train_9842107.nKzRzt/images/3mfHu_ianaQ_frames
Extracted 16613 frame(s) from /scratch/mthakur/manifold/data/images/3mfHu_ianaQ.mp4 into /tmp/wilor_train_9842107.nKzRzt/images/3mfHu_ianaQ_frames
[progress] Extracting frames for 3ML4x_33Mv4 into /tmp/wilor_train_9842107.nKzRzt/images/3ML4x_33Mv4_frames
Extracted 46066 frame(s) from /scratch/mthakur/manifold/data/images/3ML4x_33Mv4.mp4 into /tmp/wilor_train_9842107.nKzRzt/images/3ML4x_33Mv4_frames
[progress] Extracting frames for 3mXKwT5Cgsk into /tmp/wilor_train_9842107.nKzRzt/images/3mXKwT5Cgsk_frames
Extracted 1025 frame(s) from /scratch/mthakur/manifold/data/images/3mXKwT5Cgsk.mp4 into /tmp/wilor_train_9842107.nKzRzt/images/3mXKwT5Cgsk_frames
[progress] Extracting frames for 3-MyqNsct4M into /tmp/wilor_train_9842107.nKzRzt/images/3-MyqNsct4M_frames
Extracted 1871 frame(s) from /scratch/mthakur/manifold/data/images/3-MyqNsct4M.mp4 into /tmp/wilor_train_9842107.nKzRzt/images/3-MyqNsct4M_frames
[progress] Extracting frames for 3N0atcNismQ into /tmp/wilor_train_9842107.nKzRzt/images/3N0atcNismQ_frames
Extracted 1365 frame(s) from /scratch/mthakur/manifold/data/images/3N0atcNismQ.mp4 into /tmp/wilor_train_9842107.nKzRzt/images/3N0atcNismQ_frames
[progress] Extracting frames for 3njc7bhBUNw into /tmp/wilor_train_9842107.nKzRzt/images/3njc7bhBUNw_frames
Extracted 8593 frame(s) from /scratch/mthakur/manifold/data/images/3njc7bhBUNw.mp4 into /tmp/wilor_train_9842107.nKzRzt/images/3njc7bhBUNw_frames
[progress] Extracting frames for 3ny1DoUAOTs into /tmp/wilor_train_9842107.nKzRzt/images/3ny1DoUAOTs_frames
Extracted 20820 frame(s) from /scratch/mthakur/manifold/data/images/3ny1DoUAOTs.mp4 into /tmp/wilor_train_9842107.nKzRzt/images/3ny1DoUAOTs_frames
[progress] Extracting frames for 3_o_AkadIsw into /tmp/wilor_train_9842107.nKzRzt/images/3_o_AkadIsw_frames
Extracted 5107 frame(s) from /scratch/mthakur/manifold/data/images/3_o_AkadIsw.mp4 into /tmp/wilor_train_9842107.nKzRzt/images/3_o_AkadIsw_frames
[progress] Extracting frames for 3oFYnCrBfaU into /tmp/wilor_train_9842107.nKzRzt/images/3oFYnCrBfaU_frames
Extracted 15345 frame(s) from /scratch/mthakur/manifold/data/images/3oFYnCrBfaU.mp4 into /tmp/wilor_train_9842107.nKzRzt/images/3oFYnCrBfaU_frames
[progress] Extracting frames for 3OOGFTrAle0 into /tmp/wilor_train_9842107.nKzRzt/images/3OOGFTrAle0_frames
Extracted 17711 frame(s) from /scratch/mthakur/manifold/data/images/3OOGFTrAle0.mp4 into /tmp/wilor_train_9842107.nKzRzt/images/3OOGFTrAle0_frames
[progress] Extracting frames for 3oOzZryjCLM into /tmp/wilor_train_9842107.nKzRzt/images/3oOzZryjCLM_frames
Extracted 7075 frame(s) from /scratch/mthakur/manifold/data/images/3oOzZryjCLM.mp4 into /tmp/wilor_train_9842107.nKzRzt/images/3oOzZryjCLM_frames
[progress] Extracting frames for 3oYUTZzpgqg into /tmp/wilor_train_9842107.nKzRzt/images/3oYUTZzpgqg_frames
Extracted 40708 frame(s) from /scratch/mthakur/manifold/data/images/3oYUTZzpgqg.mp4 into /tmp/wilor_train_9842107.nKzRzt/images/3oYUTZzpgqg_frames
[progress] Extracting frames for 3pGRATrswG0 into /tmp/wilor_train_9842107.nKzRzt/images/3pGRATrswG0_frames
Extracted 294 frame(s) from /scratch/mthakur/manifold/data/images/3pGRATrswG0.mp4 into /tmp/wilor_train_9842107.nKzRzt/images/3pGRATrswG0_frames
[progress] Extracting frames for 3pKwGJ55kYM into /tmp/wilor_train_9842107.nKzRzt/images/3pKwGJ55kYM_frames
Extracted 17316 frame(s) from /scratch/mthakur/manifold/data/images/3pKwGJ55kYM.mp4 into /tmp/wilor_train_9842107.nKzRzt/images/3pKwGJ55kYM_frames
[progress] Extracting frames for 3poB5VELd34 into /tmp/wilor_train_9842107.nKzRzt/images/3poB5VELd34_frames
Extracted 17380 frame(s) from /scratch/mthakur/manifold/data/images/3poB5VELd34.mp4 into /tmp/wilor_train_9842107.nKzRzt/images/3poB5VELd34_frames
[progress] Extracting frames for 3Q1ltxsVHyw into /tmp/wilor_train_9842107.nKzRzt/images/3Q1ltxsVHyw_frames
Extracted 11445 frame(s) from /scratch/mthakur/manifold/data/images/3Q1ltxsVHyw.mp4 into /tmp/wilor_train_9842107.nKzRzt/images/3Q1ltxsVHyw_frames
[progress] Extracting frames for 3QURUfXj494 into /tmp/wilor_train_9842107.nKzRzt/images/3QURUfXj494_frames
Extracted 4259 frame(s) from /scratch/mthakur/manifold/data/images/3QURUfXj494.mp4 into /tmp/wilor_train_9842107.nKzRzt/images/3QURUfXj494_frames
[progress] Extracting frames for 3s7TnwfKSN8 into /tmp/wilor_train_9842107.nKzRzt/images/3s7TnwfKSN8_frames
Extracted 1770 frame(s) from /scratch/mthakur/manifold/data/images/3s7TnwfKSN8.mp4 into /tmp/wilor_train_9842107.nKzRzt/images/3s7TnwfKSN8_frames
[progress] Extracting frames for 3SZ1w2UTkqQ into /tmp/wilor_train_9842107.nKzRzt/images/3SZ1w2UTkqQ_frames
Extracted 8458 frame(s) from /scratch/mthakur/manifold/data/images/3SZ1w2UTkqQ.mp4 into /tmp/wilor_train_9842107.nKzRzt/images/3SZ1w2UTkqQ_frames
[progress] Extracting frames for 3Tb6v6hbF0I into /tmp/wilor_train_9842107.nKzRzt/images/3Tb6v6hbF0I_frames
Extracted 12753 frame(s) from /scratch/mthakur/manifold/data/images/3Tb6v6hbF0I.mp4 into /tmp/wilor_train_9842107.nKzRzt/images/3Tb6v6hbF0I_frames
[progress] Extracting frames for 3TEQLFpSk2I into /tmp/wilor_train_9842107.nKzRzt/images/3TEQLFpSk2I_frames
Extracted 16979 frame(s) from /scratch/mthakur/manifold/data/images/3TEQLFpSk2I.mp4 into /tmp/wilor_train_9842107.nKzRzt/images/3TEQLFpSk2I_frames
[progress] Extracting frames for 3TU7xovzhMo into /tmp/wilor_train_9842107.nKzRzt/images/3TU7xovzhMo_frames
Extracted 5169 frame(s) from /scratch/mthakur/manifold/data/images/3TU7xovzhMo.mp4 into /tmp/wilor_train_9842107.nKzRzt/images/3TU7xovzhMo_frames
[progress] Extracting frames for 3_TWJCoDIVA into /tmp/wilor_train_9842107.nKzRzt/images/3_TWJCoDIVA_frames
Extracted 24356 frame(s) from /scratch/mthakur/manifold/data/images/3_TWJCoDIVA.mp4 into /tmp/wilor_train_9842107.nKzRzt/images/3_TWJCoDIVA_frames
[progress] Extracting frames for 3u5q5MZv0mI into /tmp/wilor_train_9842107.nKzRzt/images/3u5q5MZv0mI_frames
Extracted 3609 frame(s) from /scratch/mthakur/manifold/data/images/3u5q5MZv0mI.mp4 into /tmp/wilor_train_9842107.nKzRzt/images/3u5q5MZv0mI_frames
[progress] Extracting frames for 3ucoQx_3l_k into /tmp/wilor_train_9842107.nKzRzt/images/3ucoQx_3l_k_frames
Extracted 7418 frame(s) from /scratch/mthakur/manifold/data/images/3ucoQx_3l_k.mp4 into /tmp/wilor_train_9842107.nKzRzt/images/3ucoQx_3l_k_frames
[progress] Extracting frames for 3Uhjd1gWESY into /tmp/wilor_train_9842107.nKzRzt/images/3Uhjd1gWESY_frames
Extracted 1623 frame(s) from /scratch/mthakur/manifold/data/images/3Uhjd1gWESY.mp4 into /tmp/wilor_train_9842107.nKzRzt/images/3Uhjd1gWESY_frames
[progress] Extracting frames for 3USiBRH9f9w into /tmp/wilor_train_9842107.nKzRzt/images/3USiBRH9f9w_frames
Extracted 3460 frame(s) from /scratch/mthakur/manifold/data/images/3USiBRH9f9w.mp4 into /tmp/wilor_train_9842107.nKzRzt/images/3USiBRH9f9w_frames
[progress] Extracting frames for 3WB3Ca1ocq8 into /tmp/wilor_train_9842107.nKzRzt/images/3WB3Ca1ocq8_frames
Extracted 14318 frame(s) from /scratch/mthakur/manifold/data/images/3WB3Ca1ocq8.mp4 into /tmp/wilor_train_9842107.nKzRzt/images/3WB3Ca1ocq8_frames
[progress] Extracting frames for 3--WciJ3-I4 into /tmp/wilor_train_9842107.nKzRzt/images/3--WciJ3-I4_frames
Extracted 5753 frame(s) from /scratch/mthakur/manifold/data/images/3--WciJ3-I4.mp4 into /tmp/wilor_train_9842107.nKzRzt/images/3--WciJ3-I4_frames
[progress] Extracting frames for 3WLY88Swc_I into /tmp/wilor_train_9842107.nKzRzt/images/3WLY88Swc_I_frames
Extracted 3532 frame(s) from /scratch/mthakur/manifold/data/images/3WLY88Swc_I.mp4 into /tmp/wilor_train_9842107.nKzRzt/images/3WLY88Swc_I_frames
[progress] Extracting frames for 3WZeZ8czCBo into /tmp/wilor_train_9842107.nKzRzt/images/3WZeZ8czCBo_frames
Extracted 12189 frame(s) from /scratch/mthakur/manifold/data/images/3WZeZ8czCBo.mp4 into /tmp/wilor_train_9842107.nKzRzt/images/3WZeZ8czCBo_frames
[progress] Extracting frames for 3xGoX0gMhnU into /tmp/wilor_train_9842107.nKzRzt/images/3xGoX0gMhnU_frames
Extracted 17799 frame(s) from /scratch/mthakur/manifold/data/images/3xGoX0gMhnU.mp4 into /tmp/wilor_train_9842107.nKzRzt/images/3xGoX0gMhnU_frames
[progress] Extracting frames for 3y1SKZYMphI into /tmp/wilor_train_9842107.nKzRzt/images/3y1SKZYMphI_frames
Extracted 1497 frame(s) from /scratch/mthakur/manifold/data/images/3y1SKZYMphI.mp4 into /tmp/wilor_train_9842107.nKzRzt/images/3y1SKZYMphI_frames
[progress] Extracting frames for 3_y5dhzpILw into /tmp/wilor_train_9842107.nKzRzt/images/3_y5dhzpILw_frames
Extracted 91239 frame(s) from /scratch/mthakur/manifold/data/images/3_y5dhzpILw.mp4 into /tmp/wilor_train_9842107.nKzRzt/images/3_y5dhzpILw_frames
[progress] Extracting frames for 3yHjg_u2MjA into /tmp/wilor_train_9842107.nKzRzt/images/3yHjg_u2MjA_frames
Extracted 4097 frame(s) from /scratch/mthakur/manifold/data/images/3yHjg_u2MjA.mp4 into /tmp/wilor_train_9842107.nKzRzt/images/3yHjg_u2MjA_frames
[progress] Extracting frames for 3ZqyH6907T8 into /tmp/wilor_train_9842107.nKzRzt/images/3ZqyH6907T8_frames
Extracted 1218 frame(s) from /scratch/mthakur/manifold/data/images/3ZqyH6907T8.mp4 into /tmp/wilor_train_9842107.nKzRzt/images/3ZqyH6907T8_frames
[progress] Extracting frames for 3zRUoFOUi4Q into /tmp/wilor_train_9842107.nKzRzt/images/3zRUoFOUi4Q_frames
Extracted 9650 frame(s) from /scratch/mthakur/manifold/data/images/3zRUoFOUi4Q.mp4 into /tmp/wilor_train_9842107.nKzRzt/images/3zRUoFOUi4Q_frames
[progress] Extracting frames for 40TaTmMaqC0 into /tmp/wilor_train_9842107.nKzRzt/images/40TaTmMaqC0_frames
Extracted 4854 frame(s) from /scratch/mthakur/manifold/data/images/40TaTmMaqC0.mp4 into /tmp/wilor_train_9842107.nKzRzt/images/40TaTmMaqC0_frames
[progress] Extracting frames for 41FOWmQsKPI into /tmp/wilor_train_9842107.nKzRzt/images/41FOWmQsKPI_frames
Extracted 2838 frame(s) from /scratch/mthakur/manifold/data/images/41FOWmQsKPI.mp4 into /tmp/wilor_train_9842107.nKzRzt/images/41FOWmQsKPI_frames
[progress] Extracting frames for 41ZdIWjZilo into /tmp/wilor_train_9842107.nKzRzt/images/41ZdIWjZilo_frames
Extracted 17781 frame(s) from /scratch/mthakur/manifold/data/images/41ZdIWjZilo.mp4 into /tmp/wilor_train_9842107.nKzRzt/images/41ZdIWjZilo_frames
[progress] Extracting frames for 42G9c1uWjDE into /tmp/wilor_train_9842107.nKzRzt/images/42G9c1uWjDE_frames
Extracted 19295 frame(s) from /scratch/mthakur/manifold/data/images/42G9c1uWjDE.mp4 into /tmp/wilor_train_9842107.nKzRzt/images/42G9c1uWjDE_frames
[progress] Extracting frames for 43eBA67htJc into /tmp/wilor_train_9842107.nKzRzt/images/43eBA67htJc_frames
Extracted 8317 frame(s) from /scratch/mthakur/manifold/data/images/43eBA67htJc.mp4 into /tmp/wilor_train_9842107.nKzRzt/images/43eBA67htJc_frames
[progress] Extracting frames for 4-4b4lJXvWE into /tmp/wilor_train_9842107.nKzRzt/images/4-4b4lJXvWE_frames
Extracted 36467 frame(s) from /scratch/mthakur/manifold/data/images/4-4b4lJXvWE.mp4 into /tmp/wilor_train_9842107.nKzRzt/images/4-4b4lJXvWE_frames
[progress] Extracting frames for 44U1RQK_pJg into /tmp/wilor_train_9842107.nKzRzt/images/44U1RQK_pJg_frames
Extracted 704 frame(s) from /scratch/mthakur/manifold/data/images/44U1RQK_pJg.mp4 into /tmp/wilor_train_9842107.nKzRzt/images/44U1RQK_pJg_frames
[progress] Extracting frames for 45bVtWZdg4A into /tmp/wilor_train_9842107.nKzRzt/images/45bVtWZdg4A_frames
Extracted 2863 frame(s) from /scratch/mthakur/manifold/data/images/45bVtWZdg4A.mp4 into /tmp/wilor_train_9842107.nKzRzt/images/45bVtWZdg4A_frames
[progress] Extracting frames for 45fga7XQh_w into /tmp/wilor_train_9842107.nKzRzt/images/45fga7XQh_w_frames
Extracted 10816 frame(s) from /scratch/mthakur/manifold/data/images/45fga7XQh_w.mp4 into /tmp/wilor_train_9842107.nKzRzt/images/45fga7XQh_w_frames
[progress] Extracting frames for 45T8o3_RJAU into /tmp/wilor_train_9842107.nKzRzt/images/45T8o3_RJAU_frames
Extracted 783 frame(s) from /scratch/mthakur/manifold/data/images/45T8o3_RJAU.mp4 into /tmp/wilor_train_9842107.nKzRzt/images/45T8o3_RJAU_frames
[progress] Extracting frames for 45vsVWWiJ4Q into /tmp/wilor_train_9842107.nKzRzt/images/45vsVWWiJ4Q_frames
Extracted 3991 frame(s) from /scratch/mthakur/manifold/data/images/45vsVWWiJ4Q.mp4 into /tmp/wilor_train_9842107.nKzRzt/images/45vsVWWiJ4Q_frames
[progress] Extracting frames for 48TmQtTGQGQ into /tmp/wilor_train_9842107.nKzRzt/images/48TmQtTGQGQ_frames
Extracted 9086 frame(s) from /scratch/mthakur/manifold/data/images/48TmQtTGQGQ.mp4 into /tmp/wilor_train_9842107.nKzRzt/images/48TmQtTGQGQ_frames
[progress] Extracting frames for 48tu-4L5rog into /tmp/wilor_train_9842107.nKzRzt/images/48tu-4L5rog_frames
Extracted 9005 frame(s) from /scratch/mthakur/manifold/data/images/48tu-4L5rog.mp4 into /tmp/wilor_train_9842107.nKzRzt/images/48tu-4L5rog_frames
[progress] Extracting frames for 4ABoKW0KDLQ into /tmp/wilor_train_9842107.nKzRzt/images/4ABoKW0KDLQ_frames
Extracted 5555 frame(s) from /scratch/mthakur/manifold/data/images/4ABoKW0KDLQ.mp4 into /tmp/wilor_train_9842107.nKzRzt/images/4ABoKW0KDLQ_frames
[progress] Extracting frames for 4AsiL4C8l_E into /tmp/wilor_train_9842107.nKzRzt/images/4AsiL4C8l_E_frames
Extracted 16707 frame(s) from /scratch/mthakur/manifold/data/images/4AsiL4C8l_E.mp4 into /tmp/wilor_train_9842107.nKzRzt/images/4AsiL4C8l_E_frames
[progress] Extracting frames for 4BjPdsTYgpQ into /tmp/wilor_train_9842107.nKzRzt/images/4BjPdsTYgpQ_frames
Extracted 6132 frame(s) from /scratch/mthakur/manifold/data/images/4BjPdsTYgpQ.mp4 into /tmp/wilor_train_9842107.nKzRzt/images/4BjPdsTYgpQ_frames
[progress] Extracting frames for 4bKBp0Ut14A into /tmp/wilor_train_9842107.nKzRzt/images/4bKBp0Ut14A_frames
Extracted 10744 frame(s) from /scratch/mthakur/manifold/data/images/4bKBp0Ut14A.mp4 into /tmp/wilor_train_9842107.nKzRzt/images/4bKBp0Ut14A_frames
[progress] Extracting frames for 4bzK9QxsTZ0 into /tmp/wilor_train_9842107.nKzRzt/images/4bzK9QxsTZ0_frames
Extracted 7988 frame(s) from /scratch/mthakur/manifold/data/images/4bzK9QxsTZ0.mp4 into /tmp/wilor_train_9842107.nKzRzt/images/4bzK9QxsTZ0_frames
[progress] Extracting frames for 4c4JlVlsyIs into /tmp/wilor_train_9842107.nKzRzt/images/4c4JlVlsyIs_frames
[av1 @ 0x5555567ac880] Your platform doesn't suppport hardware accelerated AV1 decoding.
[av1 @ 0x5555567ac880] Failed to get pixel format.
[av1 @ 0x5555567ac880] Missing Sequence Header.
[av1 @ 0x5555567ac880] Missing Sequence Header.
[av1 @ 0x5555567ac880] Missing Sequence Header.
[av1 @ 0x5555567ac880] Missing Sequence Header.
[av1 @ 0x5555567ac880] Missing Sequence Header.
[av1 @ 0x5555567ac880] Missing Sequence Header.
[av1 @ 0x5555567ac880] Missing Sequence Header.
[av1 @ 0x5555567ac880] Missing Sequence Header.
[av1 @ 0x5555567ac880] Missing Sequence Header.
[av1 @ 0x5555567ac880] Missing Sequence Header.
[av1 @ 0x5555567ac880] Missing Sequence Header.
[av1 @ 0x5555567ac880] Missing Sequence Header.
[av1 @ 0x5555567ac880] Missing Sequence Header.
[av1 @ 0x5555567ac880] Missing Sequence Header.
[av1 @ 0x5555567ac880] Missing Sequence Header.
[av1 @ 0x5555567ac880] Missing Sequence Header.
[av1 @ 0x5555567ac880] Missing Sequence Header.
[av1 @ 0x5555567ac880] Missing Sequence Header.
[av1 @ 0x5555567ac880] Missing Sequence Header.
[av1 @ 0x5555567ac880] Missing Sequence Header.
[av1 @ 0x5555567ac880] Missing Sequence Header.
[av1 @ 0x5555567ac880] Missing Sequence Header.
[av1 @ 0x5555567ac880] Missing Sequence Header.
[av1 @ 0x5555567ac880] Missing Sequence Header.
[av1 @ 0x5555567ac880] Missing Sequence Header.
[av1 @ 0x5555567ac880] Missing Sequence Header.
[av1 @ 0x5555567ac880] Missing Sequence Header.
[av1 @ 0x5555567ac880] Missing Sequence Header.
[av1 @ 0x5555567ac880] Missing Sequence Header.
[av1 @ 0x5555567ac880] Missing Sequence Header.
[av1 @ 0x5555567ac880] Missing Sequence Header.
[av1 @ 0x5555567ac880] Missing Sequence Header.
[av1 @ 0x5555567ac880] Missing Sequence Header.
[av1 @ 0x5555567ac880] Missing Sequence Header.
[av1 @ 0x5555567ac880] Missing Sequence Header.
[av1 @ 0x5555567ac880] Missing Sequence Header.
[av1 @ 0x5555567ac880] Missing Sequence Header.
[av1 @ 0x5555567ac880] Missing Sequence Header.
[av1 @ 0x5555567ac880] Missing Sequence Header.
[av1 @ 0x5555567ac880] Missing Sequence Header.
[av1 @ 0x5555567ac880] Missing Sequence Header.
[av1 @ 0x5555567ac880] Missing Sequence Header.
[av1 @ 0x5555567ac880] Missing Sequence Header.
[av1 @ 0x5555567ac880] Missing Sequence Header.
[av1 @ 0x5555567ac880] Missing Sequence Header.
[av1 @ 0x5555567ac880] Missing Sequence Header.
[av1 @ 0x5555567ac880] Missing Sequence Header.
[av1 @ 0x5555567ac880] Missing Sequence Header.
[av1 @ 0x5555567ac880] Missing Sequence Header.
[av1 @ 0x5555567ac880] Missing Sequence Header.
[av1 @ 0x5555567ac880] Missing Sequence Header.
[av1 @ 0x5555567ac880] Missing Sequence Header.
[av1 @ 0x5555567ac880] Missing Sequence Header.
[av1 @ 0x5555567ac880] Missing Sequence Header.
[av1 @ 0x5555567ac880] Missing Sequence Header.
[av1 @ 0x5555567ac880] Missing Sequence Header.
[av1 @ 0x5555567ac880] Missing Sequence Header.
[av1 @ 0x5555567ac880] Missing Sequence Header.
[av1 @ 0x5555567ac880] Missing Sequence Header.
[av1 @ 0x5555567ac880] Missing Sequence Header.
[av1 @ 0x5555567ac880] Missing Sequence Header.
[av1 @ 0x5555567ac880] Missing Sequence Header.
[av1 @ 0x5555567ac880] Missing Sequence Header.
[av1 @ 0x5555567ac880] Missing Sequence Header.
[av1 @ 0x5555567ac880] Missing Sequence Header.
[av1 @ 0x5555567ac880] Missing Sequence Header.
[av1 @ 0x5555567ac880] Missing Sequence Header.
[av1 @ 0x5555567ac880] Missing Sequence Header.
[av1 @ 0x5555567ac880] Missing Sequence Header.
[av1 @ 0x5555567ac880] Missing Sequence Header.
[av1 @ 0x5555567ac880] Missing Sequence Header.
[av1 @ 0x5555567ac880] Missing Sequence Header.
[av1 @ 0x5555567ac880] Missing Sequence Header.
[av1 @ 0x5555567ac880] Missing Sequence Header.
[av1 @ 0x5555567ac880] Missing Sequence Header.
[av1 @ 0x5555567ac880] Missing Sequence Header.
[av1 @ 0x5555567ac880] Missing Sequence Header.
[av1 @ 0x5555567ac880] Missing Sequence Header.
[av1 @ 0x5555567ac880] Missing Sequence Header.
[av1 @ 0x5555567ac880] Missing Sequence Header.
[av1 @ 0x5555567ac880] Missing Sequence Header.
[av1 @ 0x5555567ac880] Missing Sequence Header.
[av1 @ 0x5555567ac880] Missing Sequence Header.
[av1 @ 0x5555567ac880] Your platform doesn't suppport hardware accelerated AV1 decoding.
[av1 @ 0x5555567ac880] Failed to get pixel format.
[av1 @ 0x5555567ac880] Missing Sequence Header.
[av1 @ 0x5555567ac880] Missing Sequence Header.
[av1 @ 0x5555567ac880] Missing Sequence Header.
[av1 @ 0x5555567ac880] Missing Sequence Header.
[av1 @ 0x5555567ac880] Missing Sequence Header.
[av1 @ 0x5555567ac880] Missing Sequence Header.
[av1 @ 0x5555567ac880] Missing Sequence Header.
[av1 @ 0x5555567ac880] Missing Sequence Header.
[av1 @ 0x5555567ac880] Missing Sequence Header.
[av1 @ 0x5555567ac880] Missing Sequence Header.
[av1 @ 0x5555567ac880] Missing Sequence Header.
[av1 @ 0x5555567ac880] Missing Sequence Header.
[av1 @ 0x5555567ac880] Missing Sequence Header.
[av1 @ 0x5555567ac880] Missing Sequence Header.
[av1 @ 0x5555567ac880] Missing Sequence Header.
[av1 @ 0x5555567ac880] Missing Sequence Header.
[av1 @ 0x5555567ac880] Missing Sequence Header.
[av1 @ 0x5555567ac880] Missing Sequence Header.
[av1 @ 0x5555567ac880] Missing Sequence Header.
[av1 @ 0x5555567ac880] Missing Sequence Header.
[av1 @ 0x5555567ac880] Missing Sequence Header.
[av1 @ 0x5555567ac880] Missing Sequence Header.
[av1 @ 0x5555567ac880] Missing Sequence Header.
[av1 @ 0x5555567ac880] Missing Sequence Header.
[av1 @ 0x5555567ac880] Missing Sequence Header.
[av1 @ 0x5555567ac880] Missing Sequence Header.
[av1 @ 0x5555567ac880] Missing Sequence Header.
[av1 @ 0x5555567ac880] Missing Sequence Header.
[av1 @ 0x5555567ac880] Missing Sequence Header.
[av1 @ 0x5555567ac880] Missing Sequence Header.
[av1 @ 0x5555567ac880] Missing Sequence Header.
[av1 @ 0x5555567ac880] Missing Sequence Header.
[av1 @ 0x5555567ac880] Missing Sequence Header.
[av1 @ 0x5555567ac880] Missing Sequence Header.
[av1 @ 0x5555567ac880] Missing Sequence Header.
[av1 @ 0x5555567ac880] Missing Sequence Header.
[av1 @ 0x5555567ac880] Missing Sequence Header.
[av1 @ 0x5555567ac880] Missing Sequence Header.
[av1 @ 0x5555567ac880] Missing Sequence Header.
[av1 @ 0x5555567ac880] Missing Sequence Header.
[av1 @ 0x555555f76300] Your platform doesn't suppport hardware accelerated AV1 decoding.
[av1 @ 0x555555f76300] Failed to get pixel format.
[av1 @ 0x555555f76300] Your platform doesn't suppport hardware accelerated AV1 decoding.
[av1 @ 0x555555f76300] Failed to get pixel format.
Traceback (most recent call last):
  File "/scratch/mthakur/manifold/models/common/extract_video_frames.py", line 59, in <module>
    main()
  File "/scratch/mthakur/manifold/models/common/extract_video_frames.py", line 53, in main
    raise RuntimeError(f"No frames were extracted from {args.video}")
RuntimeError: No frames were extracted from /scratch/mthakur/manifold/data/images/4c4JlVlsyIs.mp4
