Loaded modules:

Currently Loaded Modules:
  1) slurm/current    3) gcc/11.3.0   5) cuda/11.7
  2) DefaultModules   4) 2024r1

 

Tue Feb 17 17:15:52 2026       
+-----------------------------------------------------------------------------------------+
| NVIDIA-SMI 580.105.08             Driver Version: 580.105.08     CUDA Version: 13.0     |
+-----------------------------------------+------------------------+----------------------+
| GPU  Name                 Persistence-M | Bus-Id          Disp.A | Volatile Uncorr. ECC |
| Fan  Temp   Perf          Pwr:Usage/Cap |           Memory-Usage | GPU-Util  Compute M. |
|                                         |                        |               MIG M. |
|=========================================+========================+======================|
|   0  NVIDIA A100 80GB PCIe          On  |   00000000:16:00.0 Off |                   On |
| N/A   60C    P0            138W /  300W |    1866MiB /  81920MiB |     N/A      Default |
|                                         |                        |              Enabled |
+-----------------------------------------+------------------------+----------------------+

+-----------------------------------------------------------------------------------------+
| MIG devices:                                                                            |
+------------------+----------------------------------+-----------+-----------------------+
| GPU  GI  CI  MIG |              Shared Memory-Usage |        Vol|        Shared         |
|      ID  ID  Dev |                Shared BAR1-Usage | SM     Unc| CE ENC  DEC  OFA  JPG |
|                  |                                  |        ECC|                       |
|==================+==================================+===========+=======================|
|  0    9   0   0  |              36MiB /  9728MiB    | 14      0 |  1   0    0    0    0 |
|                  |               0MiB /  6135MiB    |           |                       |
+------------------+----------------------------------+-----------+-----------------------+

+-----------------------------------------------------------------------------------------+
| Processes:                                                                              |
|  GPU   GI   CI              PID   Type   Process name                        GPU Memory |
|        ID   ID                                                               Usage      |
|=========================================================================================|
|  No running processes found                                                             |
+-----------------------------------------------------------------------------------------+
================ SLURM JOB INFO ================
Job ID:         9198084
Job Name:       wilor-inference
Partition:      gpu-a100-small
Node List:      gpu020
CPUs per task:  2
Memory per CPU: 
GPUs per task:  1
Memory per GPU: 10240
Submit dir:     /scratch/mthakur/manifold/models/wilor_hands
Work dir:       /scratch/mthakur/manifold/models/wilor_hands
Job started at: Tue Feb 17 17:15:52 CET 2026
===============================================
/.venv/lib/python3.10/site-packages/timm/models/layers/__init__.py:49: FutureWarning: Importing from timm.models.layers is deprecated, please import via timm.layers
  warnings.warn(f"Importing from {__name__} is deprecated, please import via timm.layers", FutureWarning)
Loading  ./pretrained_models/wilor_final.ckpt
Lightning automatically upgraded your loaded checkpoint from v1.8.1 to v2.0.9. To apply the upgrade to your files permanently, run `python -m pytorch_lightning.utilities.upgrade_checkpoint --file pretrained_models/wilor_final.ckpt`
WARNING: You are using a MANO model, with only 10 shape coefficients.
Found existing frames for 120-2_clip_1, skipping extraction.

Processing: ../../data/images/120-2_clip_1_frames/frame_000000.jpg
Traceback (most recent call last):
  File "/scratch/mthakur/manifold/models/wilor_hands/main.py", line 124, in <module>
    main(args)
  File "/scratch/mthakur/manifold/models/wilor_hands/main.py", line 87, in main
    cam_view = render_rgba_multiple(
  File "/scratch/mthakur/manifold/models/wilor_hands/utils_new.py", line 89, in render_rgba_multiple
    images = renderer(scene_mesh)
  File "/.venv/lib/python3.10/site-packages/torch/nn/modules/module.py", line 1501, in _call_impl
    return forward_call(*args, **kwargs)
  File "/.venv/lib/python3.10/site-packages/pytorch3d/renderer/mesh/renderer.py", line 61, in forward
    fragments = self.rasterizer(meshes_world, **kwargs)
  File "/.venv/lib/python3.10/site-packages/torch/nn/modules/module.py", line 1501, in _call_impl
    return forward_call(*args, **kwargs)
  File "/.venv/lib/python3.10/site-packages/pytorch3d/renderer/mesh/rasterizer.py", line 252, in forward
    pix_to_face, zbuf, bary_coords, dists = rasterize_meshes(
  File "/.venv/lib/python3.10/site-packages/pytorch3d/renderer/mesh/rasterize_meshes.py", line 154, in rasterize_meshes
    im_size = parse_image_size(image_size)
  File "/.venv/lib/python3.10/site-packages/pytorch3d/renderer/utils.py", line 457, in parse_image_size
    raise ValueError("Image sizes must be integers; got %f, %f" % image_size)
ValueError: Image sizes must be integers; got 1440.000000, 1080.000000
srun: error: gpu020: task 0: Exited with exit code 1
srun: launch/slurm: _step_signal: Terminating StepId=9198084.0
===============================================
Job finished at: Tue Feb 17 17:17:01 CET 2026
Execution took 0.02 hours
Writing output to SLURM_logs/wilor-inference_022.out
===============================================
