Loaded modules:

Currently Loaded Modules:
  1) slurm/current    3) gcc/11.3.0   5) cuda/11.7
  2) DefaultModules   4) 2024r1

 

================ SLURM JOB INFO ================
Job ID:         9491538
Job Name:       wilor-inference
Partition:      gpu-a100-small
Node List:      gpu020
CPUs per task:  2
Memory per CPU: 
GPUs per task:  1
Memory per GPU: 10240
Submit dir:     /scratch/mthakur/manifold/models/wilor_hands
Work dir:       /scratch/mthakur/manifold/models/wilor_hands
Job started at: Wed Apr  1 04:00:51 CEST 2026
===============================================
/.venv/lib/python3.10/site-packages/timm/models/layers/__init__.py:49: FutureWarning: Importing from timm.models.layers is deprecated, please import via timm.layers
  warnings.warn(f"Importing from {__name__} is deprecated, please import via timm.layers", FutureWarning)
Loading  ./pretrained_models/wilor_final.ckpt
Lightning automatically upgraded your loaded checkpoint from v1.8.1 to v2.0.9. To apply the upgrade to your files permanently, run `python -m pytorch_lightning.utilities.upgrade_checkpoint --file pretrained_models/wilor_final.ckpt`
WARNING: You are using a MANO model, with only 10 shape coefficients.
Found existing frames for gnArvcWaH6I, skipping extraction.
Found existing frames for 8NqJiAu9W3Y, skipping extraction.
Found existing frames for w2ULyzWkZ3k, skipping extraction.
Found existing frames for lhHkJ3InQOE, skipping extraction.
Found existing frames for ZMnb9TTsx98, skipping extraction.
Found existing frames for DjFX4idkS3o, skipping extraction.
Found existing frames for Ipe9xJCfuTM, skipping extraction.
Found existing frames for nN5Y--biYv4, skipping extraction.
Found existing frames for vRkcw9SRems, skipping extraction.
Found existing frames for 7S9q1kAVmc0, skipping extraction.
Found existing frames for wnKnoui3THA, skipping extraction.
Found existing frames for MPeXy2U4yJM, skipping extraction.
Found existing frames for YynYZyoETto, skipping extraction.
Found existing frames for bxZtXdVvfpc, skipping extraction.
Found existing frames for _Ce7G35GIqA, skipping extraction.
Found existing frames for OiAlJIaWOBg, skipping extraction.
Found existing frames for R07f8kg1h8o, skipping extraction.
Found existing frames for Y1mNu5iFwMg, skipping extraction.
Found existing frames for ivyqQreoVQA, skipping extraction.
Found existing frames for NXRHcCScubA, skipping extraction.
Found existing frames for nJa_omJBzoU, skipping extraction.
Found existing frames for ChIJjJyBjQ0, skipping extraction.
Found existing frames for IrSIHJ0-AaU, skipping extraction.
Found existing frames for 06kKvQp4SfM, skipping extraction.
Found existing frames for ff_xcsFJ8Pw, skipping extraction.
Found existing frames for _iirwC_DvJ0, skipping extraction.

Processing: ../../data/images/IrSIHJ0-AaU_frames/frame_000000.jpg
No detections, skipping.

Processing: ../../data/images/IrSIHJ0-AaU_frames/frame_000001.jpg
No detections, skipping.

Processing: ../../data/images/IrSIHJ0-AaU_frames/frame_000002.jpg
No detections, skipping.

Processing: ../../data/images/IrSIHJ0-AaU_frames/frame_000003.jpg
No detections, skipping.

Processing: ../../data/images/IrSIHJ0-AaU_frames/frame_000004.jpg
No detections, skipping.

Processing: ../../data/images/IrSIHJ0-AaU_frames/frame_000005.jpg
No detections, skipping.

Processing: ../../data/images/IrSIHJ0-AaU_frames/frame_000006.jpg
No detections, skipping.

Processing: ../../data/images/IrSIHJ0-AaU_frames/frame_000007.jpg
No detections, skipping.

Processing: ../../data/images/IrSIHJ0-AaU_frames/frame_000008.jpg
No detections, skipping.

Processing: ../../data/images/IrSIHJ0-AaU_frames/frame_000009.jpg
No detections, skipping.

Processing: ../../data/images/IrSIHJ0-AaU_frames/frame_000010.jpg
No detections, skipping.

Processing: ../../data/images/IrSIHJ0-AaU_frames/frame_000011.jpg
No detections, skipping.

Processing: ../../data/images/IrSIHJ0-AaU_frames/frame_000012.jpg
No detections, skipping.

Processing: ../../data/images/IrSIHJ0-AaU_frames/frame_000013.jpg
No detections, skipping.

Processing: ../../data/images/IrSIHJ0-AaU_frames/frame_000014.jpg
No detections, skipping.

Processing: ../../data/images/IrSIHJ0-AaU_frames/frame_000015.jpg
No detections, skipping.

Processing: ../../data/images/IrSIHJ0-AaU_frames/frame_000016.jpg
No detections, skipping.

Processing: ../../data/images/IrSIHJ0-AaU_frames/frame_000017.jpg
No detections, skipping.

Processing: ../../data/images/IrSIHJ0-AaU_frames/frame_000018.jpg
No detections, skipping.

Processing: ../../data/images/IrSIHJ0-AaU_frames/frame_000019.jpg
No detections, skipping.

Processing: ../../data/images/IrSIHJ0-AaU_frames/frame_000020.jpg
No detections, skipping.

Processing: ../../data/images/IrSIHJ0-AaU_frames/frame_000021.jpg
No detections, skipping.

Processing: ../../data/images/IrSIHJ0-AaU_frames/frame_000022.jpg
No detections, skipping.

Processing: ../../data/images/IrSIHJ0-AaU_frames/frame_000023.jpg
No detections, skipping.

Processing: ../../data/images/IrSIHJ0-AaU_frames/frame_000024.jpg
No detections, skipping.

Processing: ../../data/images/IrSIHJ0-AaU_frames/frame_000025.jpg
No detections, skipping.

Processing: ../../data/images/IrSIHJ0-AaU_frames/frame_000026.jpg
No detections, skipping.

Processing: ../../data/images/IrSIHJ0-AaU_frames/frame_000027.jpg
No detections, skipping.

Processing: ../../data/images/IrSIHJ0-AaU_frames/frame_000028.jpg
No detections, skipping.

Processing: ../../data/images/IrSIHJ0-AaU_frames/frame_000029.jpg
No detections, skipping.

Processing: ../../data/images/IrSIHJ0-AaU_frames/frame_000030.jpg
No detections, skipping.

Processing: ../../data/images/IrSIHJ0-AaU_frames/frame_000031.jpg
No detections, skipping.

Processing: ../../data/images/IrSIHJ0-AaU_frames/frame_000032.jpg
No detections, skipping.

Processing: ../../data/images/IrSIHJ0-AaU_frames/frame_000033.jpg
No detections, skipping.

Processing: ../../data/images/IrSIHJ0-AaU_frames/frame_000034.jpg
No detections, skipping.

Processing: ../../data/images/IrSIHJ0-AaU_frames/frame_000035.jpg
No detections, skipping.

Processing: ../../data/images/IrSIHJ0-AaU_frames/frame_000036.jpg
No detections, skipping.

Processing: ../../data/images/IrSIHJ0-AaU_frames/frame_000037.jpg
No detections, skipping.

Processing: ../../data/images/IrSIHJ0-AaU_frames/frame_000038.jpg
No detections, skipping.

Processing: ../../data/images/IrSIHJ0-AaU_frames/frame_000039.jpg
No detections, skipping.

Processing: ../../data/images/IrSIHJ0-AaU_frames/frame_000040.jpg
No detections, skipping.

Processing: ../../data/images/IrSIHJ0-AaU_frames/frame_000041.jpg
No detections, skipping.

Processing: ../../data/images/IrSIHJ0-AaU_frames/frame_000042.jpg
No detections, skipping.

Processing: ../../data/images/IrSIHJ0-AaU_frames/frame_000043.jpg
No detections, skipping.

Processing: ../../data/images/IrSIHJ0-AaU_frames/frame_000044.jpg
No detections, skipping.

Processing: ../../data/images/IrSIHJ0-AaU_frames/frame_000045.jpg
No detections, skipping.

Processing: ../../data/images/IrSIHJ0-AaU_frames/frame_000046.jpg
No detections, skipping.

Processing: ../../data/images/IrSIHJ0-AaU_frames/frame_000047.jpg
No detections, skipping.

Processing: ../../data/images/IrSIHJ0-AaU_frames/frame_000048.jpg
No detections, skipping.

Processing: ../../data/images/IrSIHJ0-AaU_frames/frame_000049.jpg
No detections, skipping.

Processing: ../../data/images/IrSIHJ0-AaU_frames/frame_000050.jpg
No detections, skipping.

Processing: ../../data/images/IrSIHJ0-AaU_frames/frame_000051.jpg
No detections, skipping.

Processing: ../../data/images/IrSIHJ0-AaU_frames/frame_000052.jpg
No detections, skipping.

Processing: ../../data/images/IrSIHJ0-AaU_frames/frame_000053.jpg
No detections, skipping.

Processing: ../../data/images/IrSIHJ0-AaU_frames/frame_000054.jpg
No detections, skipping.

Processing: ../../data/images/IrSIHJ0-AaU_frames/frame_000055.jpg
No detections, skipping.

Processing: ../../data/images/IrSIHJ0-AaU_frames/frame_000056.jpg
No detections, skipping.

Processing: ../../data/images/IrSIHJ0-AaU_frames/frame_000057.jpg
No detections, skipping.

Processing: ../../data/images/IrSIHJ0-AaU_frames/frame_000058.jpg
No detections, skipping.

Processing: ../../data/images/IrSIHJ0-AaU_frames/frame_000059.jpg
No detections, skipping.

Processing: ../../data/images/IrSIHJ0-AaU_frames/frame_000060.jpg
No detections, skipping.

Processing: ../../data/images/IrSIHJ0-AaU_frames/frame_000061.jpg
No detections, skipping.

Processing: ../../data/images/IrSIHJ0-AaU_frames/frame_000062.jpg
No detections, skipping.

Processing: ../../data/images/IrSIHJ0-AaU_frames/frame_000063.jpg
No detections, skipping.

Processing: ../../data/images/IrSIHJ0-AaU_frames/frame_000064.jpg
No detections, skipping.

Processing: ../../data/images/IrSIHJ0-AaU_frames/frame_000065.jpg
No detections, skipping.

Processing: ../../data/images/IrSIHJ0-AaU_frames/frame_000066.jpg
No detections, skipping.

Processing: ../../data/images/IrSIHJ0-AaU_frames/frame_000067.jpg
No detections, skipping.

Processing: ../../data/images/IrSIHJ0-AaU_frames/frame_000068.jpg
No detections, skipping.

Processing: ../../data/images/IrSIHJ0-AaU_frames/frame_000069.jpg
No detections, skipping.

Processing: ../../data/images/IrSIHJ0-AaU_frames/frame_000070.jpg
No detections, skipping.

Processing: ../../data/images/IrSIHJ0-AaU_frames/frame_000071.jpg
No detections, skipping.

Processing: ../../data/images/IrSIHJ0-AaU_frames/frame_000072.jpg
No detections, skipping.

Processing: ../../data/images/IrSIHJ0-AaU_frames/frame_000073.jpg
No detections, skipping.

Processing: ../../data/images/IrSIHJ0-AaU_frames/frame_000074.jpg
No detections, skipping.

Processing: ../../data/images/IrSIHJ0-AaU_frames/frame_000075.jpg
No detections, skipping.

Processing: ../../data/images/IrSIHJ0-AaU_frames/frame_000076.jpg
No detections, skipping.

Processing: ../../data/images/IrSIHJ0-AaU_frames/frame_000077.jpg
No detections, skipping.

Processing: ../../data/images/IrSIHJ0-AaU_frames/frame_000078.jpg
No detections, skipping.

Processing: ../../data/images/IrSIHJ0-AaU_frames/frame_000079.jpg
No detections, skipping.

Processing: ../../data/images/IrSIHJ0-AaU_frames/frame_000080.jpg
No detections, skipping.

Processing: ../../data/images/IrSIHJ0-AaU_frames/frame_000081.jpg
No detections, skipping.

Processing: ../../data/images/IrSIHJ0-AaU_frames/frame_000082.jpg
No detections, skipping.

Processing: ../../data/images/IrSIHJ0-AaU_frames/frame_000083.jpg
No detections, skipping.

Processing: ../../data/images/IrSIHJ0-AaU_frames/frame_000084.jpg
No detections, skipping.

Processing: ../../data/images/IrSIHJ0-AaU_frames/frame_000085.jpg
No detections, skipping.

Processing: ../../data/images/IrSIHJ0-AaU_frames/frame_000086.jpg
No detections, skipping.

Processing: ../../data/images/IrSIHJ0-AaU_frames/frame_000087.jpg
No detections, skipping.

Processing: ../../data/images/IrSIHJ0-AaU_frames/frame_000088.jpg
No detections, skipping.

Processing: ../../data/images/IrSIHJ0-AaU_frames/frame_000089.jpg
No detections, skipping.

Processing: ../../data/images/IrSIHJ0-AaU_frames/frame_000090.jpg
No detections, skipping.

Processing: ../../data/images/IrSIHJ0-AaU_frames/frame_000091.jpg
No detections, skipping.

Processing: ../../data/images/IrSIHJ0-AaU_frames/frame_000092.jpg
No detections, skipping.

Processing: ../../data/images/IrSIHJ0-AaU_frames/frame_000093.jpg
No detections, skipping.

Processing: ../../data/images/IrSIHJ0-AaU_frames/frame_000094.jpg
No detections, skipping.

Processing: ../../data/images/IrSIHJ0-AaU_frames/frame_000095.jpg
No detections, skipping.

Processing: ../../data/images/IrSIHJ0-AaU_frames/frame_000096.jpg
No detections, skipping.

Processing: ../../data/images/IrSIHJ0-AaU_frames/frame_000097.jpg
No detections, skipping.

Processing: ../../data/images/IrSIHJ0-AaU_frames/frame_000098.jpg
No detections, skipping.

Processing: ../../data/images/IrSIHJ0-AaU_frames/frame_000099.jpg
No detections, skipping.

Processing: ../../data/images/IrSIHJ0-AaU_frames/frame_000100.jpg
No detections, skipping.

Processing: ../../data/images/IrSIHJ0-AaU_frames/frame_000101.jpg
No detections, skipping.

Processing: ../../data/images/IrSIHJ0-AaU_frames/frame_000102.jpg
No detections, skipping.

Processing: ../../data/images/IrSIHJ0-AaU_frames/frame_000103.jpg
No detections, skipping.

Processing: ../../data/images/IrSIHJ0-AaU_frames/frame_000104.jpg
No detections, skipping.

Processing: ../../data/images/IrSIHJ0-AaU_frames/frame_000105.jpg
No detections, skipping.

Processing: ../../data/images/IrSIHJ0-AaU_frames/frame_000106.jpg
No detections, skipping.

Processing: ../../data/images/IrSIHJ0-AaU_frames/frame_000107.jpg
No detections, skipping.

Processing: ../../data/images/IrSIHJ0-AaU_frames/frame_000108.jpg
No detections, skipping.

Processing: ../../data/images/IrSIHJ0-AaU_frames/frame_000109.jpg
No detections, skipping.

Processing: ../../data/images/IrSIHJ0-AaU_frames/frame_000110.jpg
No detections, skipping.

Processing: ../../data/images/IrSIHJ0-AaU_frames/frame_000111.jpg
No detections, skipping.

Processing: ../../data/images/IrSIHJ0-AaU_frames/frame_000112.jpg
No detections, skipping.

Processing: ../../data/images/IrSIHJ0-AaU_frames/frame_000113.jpg
No detections, skipping.

Processing: ../../data/images/IrSIHJ0-AaU_frames/frame_000114.jpg
No detections, skipping.

Processing: ../../data/images/IrSIHJ0-AaU_frames/frame_000115.jpg
No detections, skipping.

Processing: ../../data/images/IrSIHJ0-AaU_frames/frame_000116.jpg
No detections, skipping.

Processing: ../../data/images/IrSIHJ0-AaU_frames/frame_000117.jpg
No detections, skipping.

Processing: ../../data/images/IrSIHJ0-AaU_frames/frame_000118.jpg
No detections, skipping.

Processing: ../../data/images/IrSIHJ0-AaU_frames/frame_000119.jpg
No detections, skipping.

Processing: ../../data/images/IrSIHJ0-AaU_frames/frame_000120.jpg
No detections, skipping.

Processing: ../../data/images/IrSIHJ0-AaU_frames/frame_000121.jpg
No detections, skipping.

Processing: ../../data/images/IrSIHJ0-AaU_frames/frame_000122.jpg
No detections, skipping.

Processing: ../../data/images/IrSIHJ0-AaU_frames/frame_000123.jpg
No detections, skipping.

Processing: ../../data/images/IrSIHJ0-AaU_frames/frame_000124.jpg
No detections, skipping.

Processing: ../../data/images/IrSIHJ0-AaU_frames/frame_000125.jpg
No detections, skipping.

Processing: ../../data/images/IrSIHJ0-AaU_frames/frame_000126.jpg
No detections, skipping.

Processing: ../../data/images/IrSIHJ0-AaU_frames/frame_000127.jpg
No detections, skipping.

Processing: ../../data/images/IrSIHJ0-AaU_frames/frame_000128.jpg
No detections, skipping.

Processing: ../../data/images/IrSIHJ0-AaU_frames/frame_000129.jpg
No detections, skipping.

Processing: ../../data/images/IrSIHJ0-AaU_frames/frame_000130.jpg
No detections, skipping.

Processing: ../../data/images/IrSIHJ0-AaU_frames/frame_000131.jpg
No detections, skipping.

Processing: ../../data/images/IrSIHJ0-AaU_frames/frame_000132.jpg
No detections, skipping.

Processing: ../../data/images/IrSIHJ0-AaU_frames/frame_000133.jpg
No detections, skipping.

Processing: ../../data/images/IrSIHJ0-AaU_frames/frame_000134.jpg
No detections, skipping.

Processing: ../../data/images/IrSIHJ0-AaU_frames/frame_000135.jpg
Saved visualization: ../../outputs/wilor/IrSIHJ0-AaU/visualizations/frame_000135.jpg

Processing: ../../data/images/IrSIHJ0-AaU_frames/frame_000136.jpg
Saved visualization: ../../outputs/wilor/IrSIHJ0-AaU/visualizations/frame_000136.jpg

Processing: ../../data/images/IrSIHJ0-AaU_frames/frame_000137.jpg
Saved visualization: ../../outputs/wilor/IrSIHJ0-AaU/visualizations/frame_000137.jpg

Processing: ../../data/images/IrSIHJ0-AaU_frames/frame_000138.jpg
Saved visualization: ../../outputs/wilor/IrSIHJ0-AaU/visualizations/frame_000138.jpg

Processing: ../../data/images/IrSIHJ0-AaU_frames/frame_000139.jpg
Saved visualization: ../../outputs/wilor/IrSIHJ0-AaU/visualizations/frame_000139.jpg

Processing: ../../data/images/IrSIHJ0-AaU_frames/frame_000140.jpg
Saved visualization: ../../outputs/wilor/IrSIHJ0-AaU/visualizations/frame_000140.jpg

Processing: ../../data/images/IrSIHJ0-AaU_frames/frame_000141.jpg
Saved visualization: ../../outputs/wilor/IrSIHJ0-AaU/visualizations/frame_000141.jpg

Processing: ../../data/images/IrSIHJ0-AaU_frames/frame_000142.jpg
Saved visualization: ../../outputs/wilor/IrSIHJ0-AaU/visualizations/frame_000142.jpg

Processing: ../../data/images/IrSIHJ0-AaU_frames/frame_000143.jpg
Saved visualization: ../../outputs/wilor/IrSIHJ0-AaU/visualizations/frame_000143.jpg

Processing: ../../data/images/IrSIHJ0-AaU_frames/frame_000144.jpg
Saved visualization: ../../outputs/wilor/IrSIHJ0-AaU/visualizations/frame_000144.jpg

Processing: ../../data/images/IrSIHJ0-AaU_frames/frame_000145.jpg
Saved visualization: ../../outputs/wilor/IrSIHJ0-AaU/visualizations/frame_000145.jpg

Processing: ../../data/images/IrSIHJ0-AaU_frames/frame_000146.jpg
Saved visualization: ../../outputs/wilor/IrSIHJ0-AaU/visualizations/frame_000146.jpg

Processing: ../../data/images/IrSIHJ0-AaU_frames/frame_000147.jpg
Saved visualization: ../../outputs/wilor/IrSIHJ0-AaU/visualizations/frame_000147.jpg

Processing: ../../data/images/IrSIHJ0-AaU_frames/frame_000148.jpg
Saved visualization: ../../outputs/wilor/IrSIHJ0-AaU/visualizations/frame_000148.jpg

Processing: ../../data/images/IrSIHJ0-AaU_frames/frame_000149.jpg
Saved visualization: ../../outputs/wilor/IrSIHJ0-AaU/visualizations/frame_000149.jpg

Processing: ../../data/images/IrSIHJ0-AaU_frames/frame_000150.jpg
Saved visualization: ../../outputs/wilor/IrSIHJ0-AaU/visualizations/frame_000150.jpg

Processing: ../../data/images/IrSIHJ0-AaU_frames/frame_000151.jpg
Saved visualization: ../../outputs/wilor/IrSIHJ0-AaU/visualizations/frame_000151.jpg

Processing: ../../data/images/IrSIHJ0-AaU_frames/frame_000152.jpg
Saved visualization: ../../outputs/wilor/IrSIHJ0-AaU/visualizations/frame_000152.jpg

Processing: ../../data/images/IrSIHJ0-AaU_frames/frame_000153.jpg
Saved visualization: ../../outputs/wilor/IrSIHJ0-AaU/visualizations/frame_000153.jpg

Processing: ../../data/images/IrSIHJ0-AaU_frames/frame_000154.jpg
Saved visualization: ../../outputs/wilor/IrSIHJ0-AaU/visualizations/frame_000154.jpg

Processing: ../../data/images/IrSIHJ0-AaU_frames/frame_000155.jpg
Saved visualization: ../../outputs/wilor/IrSIHJ0-AaU/visualizations/frame_000155.jpg

Processing: ../../data/images/IrSIHJ0-AaU_frames/frame_000156.jpg
Saved visualization: ../../outputs/wilor/IrSIHJ0-AaU/visualizations/frame_000156.jpg

Processing: ../../data/images/IrSIHJ0-AaU_frames/frame_000157.jpg
Saved visualization: ../../outputs/wilor/IrSIHJ0-AaU/visualizations/frame_000157.jpg

Processing: ../../data/images/IrSIHJ0-AaU_frames/frame_000158.jpg
Saved visualization: ../../outputs/wilor/IrSIHJ0-AaU/visualizations/frame_000158.jpg

Processing: ../../data/images/IrSIHJ0-AaU_frames/frame_000159.jpg
Saved visualization: ../../outputs/wilor/IrSIHJ0-AaU/visualizations/frame_000159.jpg

Processing: ../../data/images/IrSIHJ0-AaU_frames/frame_000160.jpg
Saved visualization: ../../outputs/wilor/IrSIHJ0-AaU/visualizations/frame_000160.jpg

Processing: ../../data/images/IrSIHJ0-AaU_frames/frame_000161.jpg
Saved visualization: ../../outputs/wilor/IrSIHJ0-AaU/visualizations/frame_000161.jpg

Processing: ../../data/images/IrSIHJ0-AaU_frames/frame_000162.jpg
Saved visualization: ../../outputs/wilor/IrSIHJ0-AaU/visualizations/frame_000162.jpg

Processing: ../../data/images/IrSIHJ0-AaU_frames/frame_000163.jpg
Saved visualization: ../../outputs/wilor/IrSIHJ0-AaU/visualizations/frame_000163.jpg

Processing: ../../data/images/IrSIHJ0-AaU_frames/frame_000164.jpg
Saved visualization: ../../outputs/wilor/IrSIHJ0-AaU/visualizations/frame_000164.jpg

Processing: ../../data/images/IrSIHJ0-AaU_frames/frame_000165.jpg
Saved visualization: ../../outputs/wilor/IrSIHJ0-AaU/visualizations/frame_000165.jpg

Processing: ../../data/images/IrSIHJ0-AaU_frames/frame_000166.jpg
Saved visualization: ../../outputs/wilor/IrSIHJ0-AaU/visualizations/frame_000166.jpg

Processing: ../../data/images/IrSIHJ0-AaU_frames/frame_000167.jpg
Saved visualization: ../../outputs/wilor/IrSIHJ0-AaU/visualizations/frame_000167.jpg

Processing: ../../data/images/IrSIHJ0-AaU_frames/frame_000168.jpg
Saved visualization: ../../outputs/wilor/IrSIHJ0-AaU/visualizations/frame_000168.jpg

Processing: ../../data/images/IrSIHJ0-AaU_frames/frame_000169.jpg
Saved visualization: ../../outputs/wilor/IrSIHJ0-AaU/visualizations/frame_000169.jpg

Processing: ../../data/images/IrSIHJ0-AaU_frames/frame_000170.jpg
Saved visualization: ../../outputs/wilor/IrSIHJ0-AaU/visualizations/frame_000170.jpg

Processing: ../../data/images/IrSIHJ0-AaU_frames/frame_000171.jpg
Saved visualization: ../../outputs/wilor/IrSIHJ0-AaU/visualizations/frame_000171.jpg

Processing: ../../data/images/IrSIHJ0-AaU_frames/frame_000172.jpg
Saved visualization: ../../outputs/wilor/IrSIHJ0-AaU/visualizations/frame_000172.jpg

Processing: ../../data/images/IrSIHJ0-AaU_frames/frame_000173.jpg
Saved visualization: ../../outputs/wilor/IrSIHJ0-AaU/visualizations/frame_000173.jpg

Processing: ../../data/images/IrSIHJ0-AaU_frames/frame_000174.jpg
Saved visualization: ../../outputs/wilor/IrSIHJ0-AaU/visualizations/frame_000174.jpg

Processing: ../../data/images/IrSIHJ0-AaU_frames/frame_000175.jpg
Saved visualization: ../../outputs/wilor/IrSIHJ0-AaU/visualizations/frame_000175.jpg

Processing: ../../data/images/IrSIHJ0-AaU_frames/frame_000176.jpg
Saved visualization: ../../outputs/wilor/IrSIHJ0-AaU/visualizations/frame_000176.jpg

Processing: ../../data/images/IrSIHJ0-AaU_frames/frame_000177.jpg
Saved visualization: ../../outputs/wilor/IrSIHJ0-AaU/visualizations/frame_000177.jpg

Processing: ../../data/images/IrSIHJ0-AaU_frames/frame_000178.jpg
Saved visualization: ../../outputs/wilor/IrSIHJ0-AaU/visualizations/frame_000178.jpg

Processing: ../../data/images/IrSIHJ0-AaU_frames/frame_000179.jpg
Saved visualization: ../../outputs/wilor/IrSIHJ0-AaU/visualizations/frame_000179.jpg

Processing: ../../data/images/IrSIHJ0-AaU_frames/frame_000180.jpg
Saved visualization: ../../outputs/wilor/IrSIHJ0-AaU/visualizations/frame_000180.jpg

Processing: ../../data/images/IrSIHJ0-AaU_frames/frame_000181.jpg
Saved visualization: ../../outputs/wilor/IrSIHJ0-AaU/visualizations/frame_000181.jpg

Processing: ../../data/images/IrSIHJ0-AaU_frames/frame_000182.jpg
Saved visualization: ../../outputs/wilor/IrSIHJ0-AaU/visualizations/frame_000182.jpg

Processing: ../../data/images/IrSIHJ0-AaU_frames/frame_000183.jpg
Saved visualization: ../../outputs/wilor/IrSIHJ0-AaU/visualizations/frame_000183.jpg

Processing: ../../data/images/IrSIHJ0-AaU_frames/frame_000184.jpg
Saved visualization: ../../outputs/wilor/IrSIHJ0-AaU/visualizations/frame_000184.jpg

Processing: ../../data/images/IrSIHJ0-AaU_frames/frame_000185.jpg
Saved visualization: ../../outputs/wilor/IrSIHJ0-AaU/visualizations/frame_000185.jpg

Processing: ../../data/images/IrSIHJ0-AaU_frames/frame_000186.jpg
Saved visualization: ../../outputs/wilor/IrSIHJ0-AaU/visualizations/frame_000186.jpg

Processing: ../../data/images/IrSIHJ0-AaU_frames/frame_000187.jpg
Saved visualization: ../../outputs/wilor/IrSIHJ0-AaU/visualizations/frame_000187.jpg

Processing: ../../data/images/IrSIHJ0-AaU_frames/frame_000188.jpg
Saved visualization: ../../outputs/wilor/IrSIHJ0-AaU/visualizations/frame_000188.jpg

Processing: ../../data/images/IrSIHJ0-AaU_frames/frame_000189.jpg
Saved visualization: ../../outputs/wilor/IrSIHJ0-AaU/visualizations/frame_000189.jpg

Processing: ../../data/images/IrSIHJ0-AaU_frames/frame_000190.jpg
Saved visualization: ../../outputs/wilor/IrSIHJ0-AaU/visualizations/frame_000190.jpg

Processing: ../../data/images/IrSIHJ0-AaU_frames/frame_000191.jpg
Saved visualization: ../../outputs/wilor/IrSIHJ0-AaU/visualizations/frame_000191.jpg

Processing: ../../data/images/IrSIHJ0-AaU_frames/frame_000192.jpg
Saved visualization: ../../outputs/wilor/IrSIHJ0-AaU/visualizations/frame_000192.jpg

Processing: ../../data/images/IrSIHJ0-AaU_frames/frame_000193.jpg
Saved visualization: ../../outputs/wilor/IrSIHJ0-AaU/visualizations/frame_000193.jpg

Processing: ../../data/images/IrSIHJ0-AaU_frames/frame_000194.jpg
Saved visualization: ../../outputs/wilor/IrSIHJ0-AaU/visualizations/frame_000194.jpg

Processing: ../../data/images/IrSIHJ0-AaU_frames/frame_000195.jpg
Saved visualization: ../../outputs/wilor/IrSIHJ0-AaU/visualizations/frame_000195.jpg

Processing: ../../data/images/IrSIHJ0-AaU_frames/frame_000196.jpg
Saved visualization: ../../outputs/wilor/IrSIHJ0-AaU/visualizations/frame_000196.jpg

Processing: ../../data/images/IrSIHJ0-AaU_frames/frame_000197.jpg
Saved visualization: ../../outputs/wilor/IrSIHJ0-AaU/visualizations/frame_000197.jpg

Processing: ../../data/images/IrSIHJ0-AaU_frames/frame_000198.jpg
Saved visualization: ../../outputs/wilor/IrSIHJ0-AaU/visualizations/frame_000198.jpg

Processing: ../../data/images/IrSIHJ0-AaU_frames/frame_000199.jpg
Saved visualization: ../../outputs/wilor/IrSIHJ0-AaU/visualizations/frame_000199.jpg

Processing: ../../data/images/IrSIHJ0-AaU_frames/frame_000200.jpg
Saved visualization: ../../outputs/wilor/IrSIHJ0-AaU/visualizations/frame_000200.jpg

Processing: ../../data/images/IrSIHJ0-AaU_frames/frame_000201.jpg
Saved visualization: ../../outputs/wilor/IrSIHJ0-AaU/visualizations/frame_000201.jpg

Processing: ../../data/images/IrSIHJ0-AaU_frames/frame_000202.jpg
Saved visualization: ../../outputs/wilor/IrSIHJ0-AaU/visualizations/frame_000202.jpg

Processing: ../../data/images/IrSIHJ0-AaU_frames/frame_000203.jpg
Saved visualization: ../../outputs/wilor/IrSIHJ0-AaU/visualizations/frame_000203.jpg

Processing: ../../data/images/IrSIHJ0-AaU_frames/frame_000204.jpg
Saved visualization: ../../outputs/wilor/IrSIHJ0-AaU/visualizations/frame_000204.jpg

Processing: ../../data/images/IrSIHJ0-AaU_frames/frame_000205.jpg
Saved visualization: ../../outputs/wilor/IrSIHJ0-AaU/visualizations/frame_000205.jpg

Processing: ../../data/images/IrSIHJ0-AaU_frames/frame_000206.jpg
Saved visualization: ../../outputs/wilor/IrSIHJ0-AaU/visualizations/frame_000206.jpg

Processing: ../../data/images/IrSIHJ0-AaU_frames/frame_000207.jpg
Saved visualization: ../../outputs/wilor/IrSIHJ0-AaU/visualizations/frame_000207.jpg

Processing: ../../data/images/IrSIHJ0-AaU_frames/frame_000208.jpg
Saved visualization: ../../outputs/wilor/IrSIHJ0-AaU/visualizations/frame_000208.jpg

Processing: ../../data/images/IrSIHJ0-AaU_frames/frame_000209.jpg
Saved visualization: ../../outputs/wilor/IrSIHJ0-AaU/visualizations/frame_000209.jpg

Processing: ../../data/images/IrSIHJ0-AaU_frames/frame_000210.jpg
Saved visualization: ../../outputs/wilor/IrSIHJ0-AaU/visualizations/frame_000210.jpg

Processing: ../../data/images/IrSIHJ0-AaU_frames/frame_000211.jpg
Saved visualization: ../../outputs/wilor/IrSIHJ0-AaU/visualizations/frame_000211.jpg

Processing: ../../data/images/IrSIHJ0-AaU_frames/frame_000212.jpg
Saved visualization: ../../outputs/wilor/IrSIHJ0-AaU/visualizations/frame_000212.jpg

Processing: ../../data/images/IrSIHJ0-AaU_frames/frame_000213.jpg
Saved visualization: ../../outputs/wilor/IrSIHJ0-AaU/visualizations/frame_000213.jpg

Processing: ../../data/images/IrSIHJ0-AaU_frames/frame_000214.jpg
Saved visualization: ../../outputs/wilor/IrSIHJ0-AaU/visualizations/frame_000214.jpg

Processing: ../../data/images/IrSIHJ0-AaU_frames/frame_000215.jpg
Saved visualization: ../../outputs/wilor/IrSIHJ0-AaU/visualizations/frame_000215.jpg

Processing: ../../data/images/IrSIHJ0-AaU_frames/frame_000216.jpg
Saved visualization: ../../outputs/wilor/IrSIHJ0-AaU/visualizations/frame_000216.jpg

Processing: ../../data/images/IrSIHJ0-AaU_frames/frame_000217.jpg
Saved visualization: ../../outputs/wilor/IrSIHJ0-AaU/visualizations/frame_000217.jpg

Processing: ../../data/images/IrSIHJ0-AaU_frames/frame_000218.jpg
Saved visualization: ../../outputs/wilor/IrSIHJ0-AaU/visualizations/frame_000218.jpg

Processing: ../../data/images/IrSIHJ0-AaU_frames/frame_000219.jpg
Saved visualization: ../../outputs/wilor/IrSIHJ0-AaU/visualizations/frame_000219.jpg

Processing: ../../data/images/IrSIHJ0-AaU_frames/frame_000220.jpg
Saved visualization: ../../outputs/wilor/IrSIHJ0-AaU/visualizations/frame_000220.jpg

Processing: ../../data/images/IrSIHJ0-AaU_frames/frame_000221.jpg
Saved visualization: ../../outputs/wilor/IrSIHJ0-AaU/visualizations/frame_000221.jpg

Processing: ../../data/images/IrSIHJ0-AaU_frames/frame_000222.jpg
Saved visualization: ../../outputs/wilor/IrSIHJ0-AaU/visualizations/frame_000222.jpg

Processing: ../../data/images/IrSIHJ0-AaU_frames/frame_000223.jpg
Saved visualization: ../../outputs/wilor/IrSIHJ0-AaU/visualizations/frame_000223.jpg

Processing: ../../data/images/IrSIHJ0-AaU_frames/frame_000224.jpg
Saved visualization: ../../outputs/wilor/IrSIHJ0-AaU/visualizations/frame_000224.jpg

Processing: ../../data/images/IrSIHJ0-AaU_frames/frame_000225.jpg
Saved visualization: ../../outputs/wilor/IrSIHJ0-AaU/visualizations/frame_000225.jpg

Processing: ../../data/images/IrSIHJ0-AaU_frames/frame_000226.jpg
Saved visualization: ../../outputs/wilor/IrSIHJ0-AaU/visualizations/frame_000226.jpg

Processing: ../../data/images/IrSIHJ0-AaU_frames/frame_000227.jpg
Saved visualization: ../../outputs/wilor/IrSIHJ0-AaU/visualizations/frame_000227.jpg

Processing: ../../data/images/IrSIHJ0-AaU_frames/frame_000228.jpg
Saved visualization: ../../outputs/wilor/IrSIHJ0-AaU/visualizations/frame_000228.jpg

Processing: ../../data/images/IrSIHJ0-AaU_frames/frame_000229.jpg
Saved visualization: ../../outputs/wilor/IrSIHJ0-AaU/visualizations/frame_000229.jpg

Processing: ../../data/images/IrSIHJ0-AaU_frames/frame_000230.jpg
Saved visualization: ../../outputs/wilor/IrSIHJ0-AaU/visualizations/frame_000230.jpg

Processing: ../../data/images/IrSIHJ0-AaU_frames/frame_000231.jpg
Saved visualization: ../../outputs/wilor/IrSIHJ0-AaU/visualizations/frame_000231.jpg

Processing: ../../data/images/IrSIHJ0-AaU_frames/frame_000232.jpg
Saved visualization: ../../outputs/wilor/IrSIHJ0-AaU/visualizations/frame_000232.jpg

Processing: ../../data/images/IrSIHJ0-AaU_frames/frame_000233.jpg
Saved visualization: ../../outputs/wilor/IrSIHJ0-AaU/visualizations/frame_000233.jpg

Processing: ../../data/images/IrSIHJ0-AaU_frames/frame_000234.jpg
Saved visualization: ../../outputs/wilor/IrSIHJ0-AaU/visualizations/frame_000234.jpg

Processing: ../../data/images/IrSIHJ0-AaU_frames/frame_000235.jpg
Saved visualization: ../../outputs/wilor/IrSIHJ0-AaU/visualizations/frame_000235.jpg

Processing: ../../data/images/IrSIHJ0-AaU_frames/frame_000236.jpg
Saved visualization: ../../outputs/wilor/IrSIHJ0-AaU/visualizations/frame_000236.jpg

Processing: ../../data/images/IrSIHJ0-AaU_frames/frame_000237.jpg
Saved visualization: ../../outputs/wilor/IrSIHJ0-AaU/visualizations/frame_000237.jpg

Processing: ../../data/images/IrSIHJ0-AaU_frames/frame_000238.jpg
Saved visualization: ../../outputs/wilor/IrSIHJ0-AaU/visualizations/frame_000238.jpg

Processing: ../../data/images/IrSIHJ0-AaU_frames/frame_000239.jpg
Saved visualization: ../../outputs/wilor/IrSIHJ0-AaU/visualizations/frame_000239.jpg

Processing: ../../data/images/IrSIHJ0-AaU_frames/frame_000240.jpg
Saved visualization: ../../outputs/wilor/IrSIHJ0-AaU/visualizations/frame_000240.jpg

Processing: ../../data/images/IrSIHJ0-AaU_frames/frame_000241.jpg
Saved visualization: ../../outputs/wilor/IrSIHJ0-AaU/visualizations/frame_000241.jpg

Processing: ../../data/images/IrSIHJ0-AaU_frames/frame_000242.jpg
Saved visualization: ../../outputs/wilor/IrSIHJ0-AaU/visualizations/frame_000242.jpg

Processing: ../../data/images/IrSIHJ0-AaU_frames/frame_000243.jpg
Saved visualization: ../../outputs/wilor/IrSIHJ0-AaU/visualizations/frame_000243.jpg

Processing: ../../data/images/IrSIHJ0-AaU_frames/frame_000244.jpg
Saved visualization: ../../outputs/wilor/IrSIHJ0-AaU/visualizations/frame_000244.jpg

Processing: ../../data/images/IrSIHJ0-AaU_frames/frame_000245.jpg
Saved visualization: ../../outputs/wilor/IrSIHJ0-AaU/visualizations/frame_000245.jpg

Processing: ../../data/images/IrSIHJ0-AaU_frames/frame_000246.jpg
Saved visualization: ../../outputs/wilor/IrSIHJ0-AaU/visualizations/frame_000246.jpg

Processing: ../../data/images/IrSIHJ0-AaU_frames/frame_000247.jpg
Saved visualization: ../../outputs/wilor/IrSIHJ0-AaU/visualizations/frame_000247.jpg

Processing: ../../data/images/IrSIHJ0-AaU_frames/frame_000248.jpg
Saved visualization: ../../outputs/wilor/IrSIHJ0-AaU/visualizations/frame_000248.jpg

Processing: ../../data/images/IrSIHJ0-AaU_frames/frame_000249.jpg
Saved visualization: ../../outputs/wilor/IrSIHJ0-AaU/visualizations/frame_000249.jpg

Processing: ../../data/images/IrSIHJ0-AaU_frames/frame_000250.jpg
Saved visualization: ../../outputs/wilor/IrSIHJ0-AaU/visualizations/frame_000250.jpg

Processing: ../../data/images/IrSIHJ0-AaU_frames/frame_000251.jpg
Saved visualization: ../../outputs/wilor/IrSIHJ0-AaU/visualizations/frame_000251.jpg

Processing: ../../data/images/IrSIHJ0-AaU_frames/frame_000252.jpg
Saved visualization: ../../outputs/wilor/IrSIHJ0-AaU/visualizations/frame_000252.jpg

Processing: ../../data/images/IrSIHJ0-AaU_frames/frame_000253.jpg
Saved visualization: ../../outputs/wilor/IrSIHJ0-AaU/visualizations/frame_000253.jpg

Processing: ../../data/images/IrSIHJ0-AaU_frames/frame_000254.jpg
Saved visualization: ../../outputs/wilor/IrSIHJ0-AaU/visualizations/frame_000254.jpg

Processing: ../../data/images/IrSIHJ0-AaU_frames/frame_000255.jpg
Saved visualization: ../../outputs/wilor/IrSIHJ0-AaU/visualizations/frame_000255.jpg

Processing: ../../data/images/IrSIHJ0-AaU_frames/frame_000256.jpg
Saved visualization: ../../outputs/wilor/IrSIHJ0-AaU/visualizations/frame_000256.jpg

Processing: ../../data/images/IrSIHJ0-AaU_frames/frame_000257.jpg
Saved visualization: ../../outputs/wilor/IrSIHJ0-AaU/visualizations/frame_000257.jpg

Processing: ../../data/images/IrSIHJ0-AaU_frames/frame_000258.jpg
Saved visualization: ../../outputs/wilor/IrSIHJ0-AaU/visualizations/frame_000258.jpg

Processing: ../../data/images/IrSIHJ0-AaU_frames/frame_000259.jpg
Saved visualization: ../../outputs/wilor/IrSIHJ0-AaU/visualizations/frame_000259.jpg

Processing: ../../data/images/IrSIHJ0-AaU_frames/frame_000260.jpg
Saved visualization: ../../outputs/wilor/IrSIHJ0-AaU/visualizations/frame_000260.jpg

Processing: ../../data/images/IrSIHJ0-AaU_frames/frame_000261.jpg
Saved visualization: ../../outputs/wilor/IrSIHJ0-AaU/visualizations/frame_000261.jpg

Processing: ../../data/images/IrSIHJ0-AaU_frames/frame_000262.jpg
Saved visualization: ../../outputs/wilor/IrSIHJ0-AaU/visualizations/frame_000262.jpg

Processing: ../../data/images/IrSIHJ0-AaU_frames/frame_000263.jpg
Saved visualization: ../../outputs/wilor/IrSIHJ0-AaU/visualizations/frame_000263.jpg

Processing: ../../data/images/IrSIHJ0-AaU_frames/frame_000264.jpg
Saved visualization: ../../outputs/wilor/IrSIHJ0-AaU/visualizations/frame_000264.jpg

Processing: ../../data/images/IrSIHJ0-AaU_frames/frame_000265.jpg
Saved visualization: ../../outputs/wilor/IrSIHJ0-AaU/visualizations/frame_000265.jpg

Processing: ../../data/images/IrSIHJ0-AaU_frames/frame_000266.jpg
Saved visualization: ../../outputs/wilor/IrSIHJ0-AaU/visualizations/frame_000266.jpg

Processing: ../../data/images/IrSIHJ0-AaU_frames/frame_000267.jpg
Saved visualization: ../../outputs/wilor/IrSIHJ0-AaU/visualizations/frame_000267.jpg

Processing: ../../data/images/IrSIHJ0-AaU_frames/frame_000268.jpg
Saved visualization: ../../outputs/wilor/IrSIHJ0-AaU/visualizations/frame_000268.jpg

Processing: ../../data/images/IrSIHJ0-AaU_frames/frame_000269.jpg
Saved visualization: ../../outputs/wilor/IrSIHJ0-AaU/visualizations/frame_000269.jpg

Processing: ../../data/images/IrSIHJ0-AaU_frames/frame_000270.jpg
Saved visualization: ../../outputs/wilor/IrSIHJ0-AaU/visualizations/frame_000270.jpg

Processing: ../../data/images/IrSIHJ0-AaU_frames/frame_000271.jpg
Saved visualization: ../../outputs/wilor/IrSIHJ0-AaU/visualizations/frame_000271.jpg

Processing: ../../data/images/IrSIHJ0-AaU_frames/frame_000272.jpg
Saved visualization: ../../outputs/wilor/IrSIHJ0-AaU/visualizations/frame_000272.jpg

Processing: ../../data/images/IrSIHJ0-AaU_frames/frame_000273.jpg
Saved visualization: ../../outputs/wilor/IrSIHJ0-AaU/visualizations/frame_000273.jpg

Processing: ../../data/images/IrSIHJ0-AaU_frames/frame_000274.jpg
Saved visualization: ../../outputs/wilor/IrSIHJ0-AaU/visualizations/frame_000274.jpg

Processing: ../../data/images/IrSIHJ0-AaU_frames/frame_000275.jpg
Saved visualization: ../../outputs/wilor/IrSIHJ0-AaU/visualizations/frame_000275.jpg

Processing: ../../data/images/IrSIHJ0-AaU_frames/frame_000276.jpg
Saved visualization: ../../outputs/wilor/IrSIHJ0-AaU/visualizations/frame_000276.jpg

Processing: ../../data/images/IrSIHJ0-AaU_frames/frame_000277.jpg
Saved visualization: ../../outputs/wilor/IrSIHJ0-AaU/visualizations/frame_000277.jpg

Processing: ../../data/images/IrSIHJ0-AaU_frames/frame_000278.jpg
Saved visualization: ../../outputs/wilor/IrSIHJ0-AaU/visualizations/frame_000278.jpg

Processing: ../../data/images/IrSIHJ0-AaU_frames/frame_000279.jpg
Saved visualization: ../../outputs/wilor/IrSIHJ0-AaU/visualizations/frame_000279.jpg

Processing: ../../data/images/IrSIHJ0-AaU_frames/frame_000280.jpg
Saved visualization: ../../outputs/wilor/IrSIHJ0-AaU/visualizations/frame_000280.jpg

Processing: ../../data/images/IrSIHJ0-AaU_frames/frame_000281.jpg
Saved visualization: ../../outputs/wilor/IrSIHJ0-AaU/visualizations/frame_000281.jpg

Processing: ../../data/images/IrSIHJ0-AaU_frames/frame_000282.jpg
Saved visualization: ../../outputs/wilor/IrSIHJ0-AaU/visualizations/frame_000282.jpg

Processing: ../../data/images/IrSIHJ0-AaU_frames/frame_000283.jpg
Saved visualization: ../../outputs/wilor/IrSIHJ0-AaU/visualizations/frame_000283.jpg

Processing: ../../data/images/IrSIHJ0-AaU_frames/frame_000284.jpg
Saved visualization: ../../outputs/wilor/IrSIHJ0-AaU/visualizations/frame_000284.jpg

Processing: ../../data/images/IrSIHJ0-AaU_frames/frame_000285.jpg
Saved visualization: ../../outputs/wilor/IrSIHJ0-AaU/visualizations/frame_000285.jpg

Processing: ../../data/images/IrSIHJ0-AaU_frames/frame_000286.jpg
Saved visualization: ../../outputs/wilor/IrSIHJ0-AaU/visualizations/frame_000286.jpg

Processing: ../../data/images/IrSIHJ0-AaU_frames/frame_000287.jpg
Saved visualization: ../../outputs/wilor/IrSIHJ0-AaU/visualizations/frame_000287.jpg

Processing: ../../data/images/IrSIHJ0-AaU_frames/frame_000288.jpg
Saved visualization: ../../outputs/wilor/IrSIHJ0-AaU/visualizations/frame_000288.jpg

Processing: ../../data/images/IrSIHJ0-AaU_frames/frame_000289.jpg
Saved visualization: ../../outputs/wilor/IrSIHJ0-AaU/visualizations/frame_000289.jpg

Processing: ../../data/images/IrSIHJ0-AaU_frames/frame_000290.jpg
Saved visualization: ../../outputs/wilor/IrSIHJ0-AaU/visualizations/frame_000290.jpg

Processing: ../../data/images/IrSIHJ0-AaU_frames/frame_000291.jpg
Saved visualization: ../../outputs/wilor/IrSIHJ0-AaU/visualizations/frame_000291.jpg

Processing: ../../data/images/IrSIHJ0-AaU_frames/frame_000292.jpg
Saved visualization: ../../outputs/wilor/IrSIHJ0-AaU/visualizations/frame_000292.jpg

Processing: ../../data/images/IrSIHJ0-AaU_frames/frame_000293.jpg
Saved visualization: ../../outputs/wilor/IrSIHJ0-AaU/visualizations/frame_000293.jpg

Processing: ../../data/images/IrSIHJ0-AaU_frames/frame_000294.jpg
Saved visualization: ../../outputs/wilor/IrSIHJ0-AaU/visualizations/frame_000294.jpg

Processing: ../../data/images/IrSIHJ0-AaU_frames/frame_000295.jpg
Saved visualization: ../../outputs/wilor/IrSIHJ0-AaU/visualizations/frame_000295.jpg

Processing: ../../data/images/IrSIHJ0-AaU_frames/frame_000296.jpg
Saved visualization: ../../outputs/wilor/IrSIHJ0-AaU/visualizations/frame_000296.jpg

Processing: ../../data/images/IrSIHJ0-AaU_frames/frame_000297.jpg
Saved visualization: ../../outputs/wilor/IrSIHJ0-AaU/visualizations/frame_000297.jpg

Processing: ../../data/images/IrSIHJ0-AaU_frames/frame_000298.jpg
Saved visualization: ../../outputs/wilor/IrSIHJ0-AaU/visualizations/frame_000298.jpg

Processing: ../../data/images/IrSIHJ0-AaU_frames/frame_000299.jpg
Saved visualization: ../../outputs/wilor/IrSIHJ0-AaU/visualizations/frame_000299.jpg

Processing: ../../data/images/IrSIHJ0-AaU_frames/frame_000300.jpg
Saved visualization: ../../outputs/wilor/IrSIHJ0-AaU/visualizations/frame_000300.jpg

Processing: ../../data/images/IrSIHJ0-AaU_frames/frame_000301.jpg
Saved visualization: ../../outputs/wilor/IrSIHJ0-AaU/visualizations/frame_000301.jpg

Processing: ../../data/images/IrSIHJ0-AaU_frames/frame_000302.jpg
Saved visualization: ../../outputs/wilor/IrSIHJ0-AaU/visualizations/frame_000302.jpg

Processing: ../../data/images/IrSIHJ0-AaU_frames/frame_000303.jpg
Saved visualization: ../../outputs/wilor/IrSIHJ0-AaU/visualizations/frame_000303.jpg

Processing: ../../data/images/IrSIHJ0-AaU_frames/frame_000304.jpg
Saved visualization: ../../outputs/wilor/IrSIHJ0-AaU/visualizations/frame_000304.jpg

Processing: ../../data/images/IrSIHJ0-AaU_frames/frame_000305.jpg
Saved visualization: ../../outputs/wilor/IrSIHJ0-AaU/visualizations/frame_000305.jpg

Processing: ../../data/images/IrSIHJ0-AaU_frames/frame_000306.jpg
Saved visualization: ../../outputs/wilor/IrSIHJ0-AaU/visualizations/frame_000306.jpg

Processing: ../../data/images/IrSIHJ0-AaU_frames/frame_000307.jpg
Saved visualization: ../../outputs/wilor/IrSIHJ0-AaU/visualizations/frame_000307.jpg

Processing: ../../data/images/IrSIHJ0-AaU_frames/frame_000308.jpg
Saved visualization: ../../outputs/wilor/IrSIHJ0-AaU/visualizations/frame_000308.jpg

Processing: ../../data/images/IrSIHJ0-AaU_frames/frame_000309.jpg
Saved visualization: ../../outputs/wilor/IrSIHJ0-AaU/visualizations/frame_000309.jpg

Processing: ../../data/images/IrSIHJ0-AaU_frames/frame_000310.jpg
Saved visualization: ../../outputs/wilor/IrSIHJ0-AaU/visualizations/frame_000310.jpg

Processing: ../../data/images/IrSIHJ0-AaU_frames/frame_000311.jpg
Saved visualization: ../../outputs/wilor/IrSIHJ0-AaU/visualizations/frame_000311.jpg

Processing: ../../data/images/IrSIHJ0-AaU_frames/frame_000312.jpg
Saved visualization: ../../outputs/wilor/IrSIHJ0-AaU/visualizations/frame_000312.jpg

Processing: ../../data/images/IrSIHJ0-AaU_frames/frame_000313.jpg
Saved visualization: ../../outputs/wilor/IrSIHJ0-AaU/visualizations/frame_000313.jpg

Processing: ../../data/images/IrSIHJ0-AaU_frames/frame_000314.jpg
Saved visualization: ../../outputs/wilor/IrSIHJ0-AaU/visualizations/frame_000314.jpg

Processing: ../../data/images/IrSIHJ0-AaU_frames/frame_000315.jpg
Saved visualization: ../../outputs/wilor/IrSIHJ0-AaU/visualizations/frame_000315.jpg

Processing: ../../data/images/IrSIHJ0-AaU_frames/frame_000316.jpg
Saved visualization: ../../outputs/wilor/IrSIHJ0-AaU/visualizations/frame_000316.jpg

Processing: ../../data/images/IrSIHJ0-AaU_frames/frame_000317.jpg
Saved visualization: ../../outputs/wilor/IrSIHJ0-AaU/visualizations/frame_000317.jpg

Processing: ../../data/images/IrSIHJ0-AaU_frames/frame_000318.jpg
Saved visualization: ../../outputs/wilor/IrSIHJ0-AaU/visualizations/frame_000318.jpg

Processing: ../../data/images/IrSIHJ0-AaU_frames/frame_000319.jpg
Saved visualization: ../../outputs/wilor/IrSIHJ0-AaU/visualizations/frame_000319.jpg

Processing: ../../data/images/IrSIHJ0-AaU_frames/frame_000320.jpg
Saved visualization: ../../outputs/wilor/IrSIHJ0-AaU/visualizations/frame_000320.jpg

Processing: ../../data/images/IrSIHJ0-AaU_frames/frame_000321.jpg
Saved visualization: ../../outputs/wilor/IrSIHJ0-AaU/visualizations/frame_000321.jpg

Processing: ../../data/images/IrSIHJ0-AaU_frames/frame_000322.jpg
Saved visualization: ../../outputs/wilor/IrSIHJ0-AaU/visualizations/frame_000322.jpg

Processing: ../../data/images/IrSIHJ0-AaU_frames/frame_000323.jpg
Saved visualization: ../../outputs/wilor/IrSIHJ0-AaU/visualizations/frame_000323.jpg

Processing: ../../data/images/IrSIHJ0-AaU_frames/frame_000324.jpg
Saved visualization: ../../outputs/wilor/IrSIHJ0-AaU/visualizations/frame_000324.jpg

Processing: ../../data/images/IrSIHJ0-AaU_frames/frame_000325.jpg
Saved visualization: ../../outputs/wilor/IrSIHJ0-AaU/visualizations/frame_000325.jpg

Processing: ../../data/images/IrSIHJ0-AaU_frames/frame_000326.jpg
Saved visualization: ../../outputs/wilor/IrSIHJ0-AaU/visualizations/frame_000326.jpg

Processing: ../../data/images/IrSIHJ0-AaU_frames/frame_000327.jpg
Saved visualization: ../../outputs/wilor/IrSIHJ0-AaU/visualizations/frame_000327.jpg

Processing: ../../data/images/IrSIHJ0-AaU_frames/frame_000328.jpg
Saved visualization: ../../outputs/wilor/IrSIHJ0-AaU/visualizations/frame_000328.jpg

Processing: ../../data/images/IrSIHJ0-AaU_frames/frame_000329.jpg
Saved visualization: ../../outputs/wilor/IrSIHJ0-AaU/visualizations/frame_000329.jpg

Processing: ../../data/images/IrSIHJ0-AaU_frames/frame_000330.jpg
Saved visualization: ../../outputs/wilor/IrSIHJ0-AaU/visualizations/frame_000330.jpg

Processing: ../../data/images/IrSIHJ0-AaU_frames/frame_000331.jpg
Saved visualization: ../../outputs/wilor/IrSIHJ0-AaU/visualizations/frame_000331.jpg

Processing: ../../data/images/IrSIHJ0-AaU_frames/frame_000332.jpg
Saved visualization: ../../outputs/wilor/IrSIHJ0-AaU/visualizations/frame_000332.jpg

Processing: ../../data/images/IrSIHJ0-AaU_frames/frame_000333.jpg
Saved visualization: ../../outputs/wilor/IrSIHJ0-AaU/visualizations/frame_000333.jpg

Processing: ../../data/images/IrSIHJ0-AaU_frames/frame_000334.jpg
Saved visualization: ../../outputs/wilor/IrSIHJ0-AaU/visualizations/frame_000334.jpg

Processing: ../../data/images/IrSIHJ0-AaU_frames/frame_000335.jpg
Saved visualization: ../../outputs/wilor/IrSIHJ0-AaU/visualizations/frame_000335.jpg

Processing: ../../data/images/IrSIHJ0-AaU_frames/frame_000336.jpg
Saved visualization: ../../outputs/wilor/IrSIHJ0-AaU/visualizations/frame_000336.jpg

Processing: ../../data/images/IrSIHJ0-AaU_frames/frame_000337.jpg
Saved visualization: ../../outputs/wilor/IrSIHJ0-AaU/visualizations/frame_000337.jpg

Processing: ../../data/images/IrSIHJ0-AaU_frames/frame_000338.jpg
Saved visualization: ../../outputs/wilor/IrSIHJ0-AaU/visualizations/frame_000338.jpg

Processing: ../../data/images/IrSIHJ0-AaU_frames/frame_000339.jpg
Saved visualization: ../../outputs/wilor/IrSIHJ0-AaU/visualizations/frame_000339.jpg

Processing: ../../data/images/IrSIHJ0-AaU_frames/frame_000340.jpg
Saved visualization: ../../outputs/wilor/IrSIHJ0-AaU/visualizations/frame_000340.jpg

Processing: ../../data/images/IrSIHJ0-AaU_frames/frame_000341.jpg
Saved visualization: ../../outputs/wilor/IrSIHJ0-AaU/visualizations/frame_000341.jpg

Processing: ../../data/images/IrSIHJ0-AaU_frames/frame_000342.jpg
Saved visualization: ../../outputs/wilor/IrSIHJ0-AaU/visualizations/frame_000342.jpg

Processing: ../../data/images/IrSIHJ0-AaU_frames/frame_000343.jpg
Saved visualization: ../../outputs/wilor/IrSIHJ0-AaU/visualizations/frame_000343.jpg

Processing: ../../data/images/IrSIHJ0-AaU_frames/frame_000344.jpg
Saved visualization: ../../outputs/wilor/IrSIHJ0-AaU/visualizations/frame_000344.jpg

Processing: ../../data/images/IrSIHJ0-AaU_frames/frame_000345.jpg
Saved visualization: ../../outputs/wilor/IrSIHJ0-AaU/visualizations/frame_000345.jpg

Processing: ../../data/images/IrSIHJ0-AaU_frames/frame_000346.jpg
Saved visualization: ../../outputs/wilor/IrSIHJ0-AaU/visualizations/frame_000346.jpg

Processing: ../../data/images/IrSIHJ0-AaU_frames/frame_000347.jpg
Saved visualization: ../../outputs/wilor/IrSIHJ0-AaU/visualizations/frame_000347.jpg

Processing: ../../data/images/IrSIHJ0-AaU_frames/frame_000348.jpg
Saved visualization: ../../outputs/wilor/IrSIHJ0-AaU/visualizations/frame_000348.jpg

Processing: ../../data/images/IrSIHJ0-AaU_frames/frame_000349.jpg
Saved visualization: ../../outputs/wilor/IrSIHJ0-AaU/visualizations/frame_000349.jpg

Processing: ../../data/images/IrSIHJ0-AaU_frames/frame_000350.jpg
Saved visualization: ../../outputs/wilor/IrSIHJ0-AaU/visualizations/frame_000350.jpg

Processing: ../../data/images/IrSIHJ0-AaU_frames/frame_000351.jpg
Saved visualization: ../../outputs/wilor/IrSIHJ0-AaU/visualizations/frame_000351.jpg

Processing: ../../data/images/IrSIHJ0-AaU_frames/frame_000352.jpg
Saved visualization: ../../outputs/wilor/IrSIHJ0-AaU/visualizations/frame_000352.jpg

Processing: ../../data/images/IrSIHJ0-AaU_frames/frame_000353.jpg
Saved visualization: ../../outputs/wilor/IrSIHJ0-AaU/visualizations/frame_000353.jpg

Processing: ../../data/images/IrSIHJ0-AaU_frames/frame_000354.jpg
Saved visualization: ../../outputs/wilor/IrSIHJ0-AaU/visualizations/frame_000354.jpg

Processing: ../../data/images/IrSIHJ0-AaU_frames/frame_000355.jpg
Saved visualization: ../../outputs/wilor/IrSIHJ0-AaU/visualizations/frame_000355.jpg

Processing: ../../data/images/IrSIHJ0-AaU_frames/frame_000356.jpg
Saved visualization: ../../outputs/wilor/IrSIHJ0-AaU/visualizations/frame_000356.jpg

Processing: ../../data/images/IrSIHJ0-AaU_frames/frame_000357.jpg
Saved visualization: ../../outputs/wilor/IrSIHJ0-AaU/visualizations/frame_000357.jpg

Processing: ../../data/images/IrSIHJ0-AaU_frames/frame_000358.jpg
Saved visualization: ../../outputs/wilor/IrSIHJ0-AaU/visualizations/frame_000358.jpg

Processing: ../../data/images/IrSIHJ0-AaU_frames/frame_000359.jpg
Saved visualization: ../../outputs/wilor/IrSIHJ0-AaU/visualizations/frame_000359.jpg

Processing: ../../data/images/IrSIHJ0-AaU_frames/frame_000360.jpg
Saved visualization: ../../outputs/wilor/IrSIHJ0-AaU/visualizations/frame_000360.jpg

Processing: ../../data/images/IrSIHJ0-AaU_frames/frame_000361.jpg
Saved visualization: ../../outputs/wilor/IrSIHJ0-AaU/visualizations/frame_000361.jpg

Processing: ../../data/images/IrSIHJ0-AaU_frames/frame_000362.jpg
Saved visualization: ../../outputs/wilor/IrSIHJ0-AaU/visualizations/frame_000362.jpg

Processing: ../../data/images/IrSIHJ0-AaU_frames/frame_000363.jpg
Saved visualization: ../../outputs/wilor/IrSIHJ0-AaU/visualizations/frame_000363.jpg

Processing: ../../data/images/IrSIHJ0-AaU_frames/frame_000364.jpg
Saved visualization: ../../outputs/wilor/IrSIHJ0-AaU/visualizations/frame_000364.jpg

Processing: ../../data/images/IrSIHJ0-AaU_frames/frame_000365.jpg
Saved visualization: ../../outputs/wilor/IrSIHJ0-AaU/visualizations/frame_000365.jpg

Processing: ../../data/images/IrSIHJ0-AaU_frames/frame_000366.jpg
Saved visualization: ../../outputs/wilor/IrSIHJ0-AaU/visualizations/frame_000366.jpg

Processing: ../../data/images/IrSIHJ0-AaU_frames/frame_000367.jpg
Saved visualization: ../../outputs/wilor/IrSIHJ0-AaU/visualizations/frame_000367.jpg

Processing: ../../data/images/IrSIHJ0-AaU_frames/frame_000368.jpg
Saved visualization: ../../outputs/wilor/IrSIHJ0-AaU/visualizations/frame_000368.jpg

Processing: ../../data/images/IrSIHJ0-AaU_frames/frame_000369.jpg
Saved visualization: ../../outputs/wilor/IrSIHJ0-AaU/visualizations/frame_000369.jpg

Processing: ../../data/images/IrSIHJ0-AaU_frames/frame_000370.jpg
Saved visualization: ../../outputs/wilor/IrSIHJ0-AaU/visualizations/frame_000370.jpg

Processing: ../../data/images/IrSIHJ0-AaU_frames/frame_000371.jpg
Saved visualization: ../../outputs/wilor/IrSIHJ0-AaU/visualizations/frame_000371.jpg

Processing: ../../data/images/IrSIHJ0-AaU_frames/frame_000372.jpg
Saved visualization: ../../outputs/wilor/IrSIHJ0-AaU/visualizations/frame_000372.jpg

Processing: ../../data/images/IrSIHJ0-AaU_frames/frame_000373.jpg
Saved visualization: ../../outputs/wilor/IrSIHJ0-AaU/visualizations/frame_000373.jpg

Processing: ../../data/images/IrSIHJ0-AaU_frames/frame_000374.jpg
Saved visualization: ../../outputs/wilor/IrSIHJ0-AaU/visualizations/frame_000374.jpg

Processing: ../../data/images/IrSIHJ0-AaU_frames/frame_000375.jpg
Saved visualization: ../../outputs/wilor/IrSIHJ0-AaU/visualizations/frame_000375.jpg

Processing: ../../data/images/IrSIHJ0-AaU_frames/frame_000376.jpg
Saved visualization: ../../outputs/wilor/IrSIHJ0-AaU/visualizations/frame_000376.jpg

Processing: ../../data/images/IrSIHJ0-AaU_frames/frame_000377.jpg
Saved visualization: ../../outputs/wilor/IrSIHJ0-AaU/visualizations/frame_000377.jpg

Processing: ../../data/images/IrSIHJ0-AaU_frames/frame_000378.jpg
Saved visualization: ../../outputs/wilor/IrSIHJ0-AaU/visualizations/frame_000378.jpg

Processing: ../../data/images/IrSIHJ0-AaU_frames/frame_000379.jpg
Saved visualization: ../../outputs/wilor/IrSIHJ0-AaU/visualizations/frame_000379.jpg

Processing: ../../data/images/IrSIHJ0-AaU_frames/frame_000380.jpg
Saved visualization: ../../outputs/wilor/IrSIHJ0-AaU/visualizations/frame_000380.jpg

Processing: ../../data/images/IrSIHJ0-AaU_frames/frame_000381.jpg
Saved visualization: ../../outputs/wilor/IrSIHJ0-AaU/visualizations/frame_000381.jpg

Processing: ../../data/images/IrSIHJ0-AaU_frames/frame_000382.jpg
Saved visualization: ../../outputs/wilor/IrSIHJ0-AaU/visualizations/frame_000382.jpg

Processing: ../../data/images/IrSIHJ0-AaU_frames/frame_000383.jpg
Saved visualization: ../../outputs/wilor/IrSIHJ0-AaU/visualizations/frame_000383.jpg

Processing: ../../data/images/IrSIHJ0-AaU_frames/frame_000384.jpg
Saved visualization: ../../outputs/wilor/IrSIHJ0-AaU/visualizations/frame_000384.jpg

Processing: ../../data/images/IrSIHJ0-AaU_frames/frame_000385.jpg
Saved visualization: ../../outputs/wilor/IrSIHJ0-AaU/visualizations/frame_000385.jpg

Processing: ../../data/images/IrSIHJ0-AaU_frames/frame_000386.jpg
Saved visualization: ../../outputs/wilor/IrSIHJ0-AaU/visualizations/frame_000386.jpg

Processing: ../../data/images/IrSIHJ0-AaU_frames/frame_000387.jpg
Saved visualization: ../../outputs/wilor/IrSIHJ0-AaU/visualizations/frame_000387.jpg

Processing: ../../data/images/IrSIHJ0-AaU_frames/frame_000388.jpg
Saved visualization: ../../outputs/wilor/IrSIHJ0-AaU/visualizations/frame_000388.jpg

Processing: ../../data/images/IrSIHJ0-AaU_frames/frame_000389.jpg
Saved visualization: ../../outputs/wilor/IrSIHJ0-AaU/visualizations/frame_000389.jpg

Processing: ../../data/images/IrSIHJ0-AaU_frames/frame_000390.jpg
Saved visualization: ../../outputs/wilor/IrSIHJ0-AaU/visualizations/frame_000390.jpg

Processing: ../../data/images/IrSIHJ0-AaU_frames/frame_000391.jpg
Saved visualization: ../../outputs/wilor/IrSIHJ0-AaU/visualizations/frame_000391.jpg

Processing: ../../data/images/IrSIHJ0-AaU_frames/frame_000392.jpg
Saved visualization: ../../outputs/wilor/IrSIHJ0-AaU/visualizations/frame_000392.jpg

Processing: ../../data/images/IrSIHJ0-AaU_frames/frame_000393.jpg
Saved visualization: ../../outputs/wilor/IrSIHJ0-AaU/visualizations/frame_000393.jpg

Processing: ../../data/images/IrSIHJ0-AaU_frames/frame_000394.jpg
Saved visualization: ../../outputs/wilor/IrSIHJ0-AaU/visualizations/frame_000394.jpg

Processing: ../../data/images/IrSIHJ0-AaU_frames/frame_000395.jpg
Saved visualization: ../../outputs/wilor/IrSIHJ0-AaU/visualizations/frame_000395.jpg

Processing: ../../data/images/IrSIHJ0-AaU_frames/frame_000396.jpg
Saved visualization: ../../outputs/wilor/IrSIHJ0-AaU/visualizations/frame_000396.jpg

Processing: ../../data/images/IrSIHJ0-AaU_frames/frame_000397.jpg
Saved visualization: ../../outputs/wilor/IrSIHJ0-AaU/visualizations/frame_000397.jpg

Processing: ../../data/images/IrSIHJ0-AaU_frames/frame_000398.jpg
Saved visualization: ../../outputs/wilor/IrSIHJ0-AaU/visualizations/frame_000398.jpg

Processing: ../../data/images/IrSIHJ0-AaU_frames/frame_000399.jpg
Saved visualization: ../../outputs/wilor/IrSIHJ0-AaU/visualizations/frame_000399.jpg

Processing: ../../data/images/IrSIHJ0-AaU_frames/frame_000400.jpg
Saved visualization: ../../outputs/wilor/IrSIHJ0-AaU/visualizations/frame_000400.jpg

Processing: ../../data/images/IrSIHJ0-AaU_frames/frame_000401.jpg
Saved visualization: ../../outputs/wilor/IrSIHJ0-AaU/visualizations/frame_000401.jpg

Processing: ../../data/images/IrSIHJ0-AaU_frames/frame_000402.jpg
Saved visualization: ../../outputs/wilor/IrSIHJ0-AaU/visualizations/frame_000402.jpg

Processing: ../../data/images/IrSIHJ0-AaU_frames/frame_000403.jpg
Saved visualization: ../../outputs/wilor/IrSIHJ0-AaU/visualizations/frame_000403.jpg

Processing: ../../data/images/IrSIHJ0-AaU_frames/frame_000404.jpg
slurmstepd: error: *** STEP 9491538.0 ON gpu020 CANCELLED AT 2026-04-01T04:09:12 DUE TO TIME LIMIT ***
