Loaded modules:

Currently Loaded Modules:
  1) slurm/current    3) gcc/11.3.0   5) cuda/11.7
  2) DefaultModules   4) 2024r1

 

Tue Feb 17 15:21:36 2026       
+-----------------------------------------------------------------------------------------+
| NVIDIA-SMI 580.105.08             Driver Version: 580.105.08     CUDA Version: 13.0     |
+-----------------------------------------+------------------------+----------------------+
| GPU  Name                 Persistence-M | Bus-Id          Disp.A | Volatile Uncorr. ECC |
| Fan  Temp   Perf          Pwr:Usage/Cap |           Memory-Usage | GPU-Util  Compute M. |
|                                         |                        |               MIG M. |
|=========================================+========================+======================|
|   0  NVIDIA A100 80GB PCIe          On  |   00000000:2C:00.0 Off |                   On |
| N/A   52C    P0            102W /  300W |    3288MiB /  81920MiB |     N/A      Default |
|                                         |                        |              Enabled |
+-----------------------------------------+------------------------+----------------------+

+-----------------------------------------------------------------------------------------+
| MIG devices:                                                                            |
+------------------+----------------------------------+-----------+-----------------------+
| GPU  GI  CI  MIG |              Shared Memory-Usage |        Vol|        Shared         |
|      ID  ID  Dev |                Shared BAR1-Usage | SM     Unc| CE ENC  DEC  OFA  JPG |
|                  |                                  |        ECC|                       |
|==================+==================================+===========+=======================|
|  0    8   0   0  |              36MiB /  9728MiB    | 14      0 |  1   0    0    0    0 |
|                  |               0MiB /  6135MiB    |           |                       |
+------------------+----------------------------------+-----------+-----------------------+

+-----------------------------------------------------------------------------------------+
| Processes:                                                                              |
|  GPU   GI   CI              PID   Type   Process name                        GPU Memory |
|        ID   ID                                                               Usage      |
|=========================================================================================|
|  No running processes found                                                             |
+-----------------------------------------------------------------------------------------+
================ SLURM JOB INFO ================
Job ID:         9195802
Job Name:       wilor-inference
Partition:      gpu-a100-small
Node List:      gpu020
CPUs per task:  2
Memory per CPU: 
GPUs per task:  1
Memory per GPU: 10240
Submit dir:     /scratch/mthakur/manifold/models/wilor_hands
Work dir:       /scratch/mthakur/manifold/models/wilor_hands
Job started at: Tue Feb 17 15:21:36 CET 2026
===============================================
/.venv/lib/python3.10/site-packages/timm/models/layers/__init__.py:49: FutureWarning: Importing from timm.models.layers is deprecated, please import via timm.layers
  warnings.warn(f"Importing from {__name__} is deprecated, please import via timm.layers", FutureWarning)
Loading  ./pretrained_models/wilor_final.ckpt
Traceback (most recent call last):
  File "/scratch/mthakur/manifold/models/wilor_hands/main.py", line 124, in <module>
    main(args)
  File "/scratch/mthakur/manifold/models/wilor_hands/main.py", line 20, in main
    model, model_cfg, detector = setup_models(device=device)
  File "/scratch/mthakur/manifold/models/wilor_hands/inference.py", line 15, in setup_models
    model, model_cfg = load_wilor(
  File "/scratch/mthakur/manifold/models/wilor_hands/wilor/models/__init__.py", line 35, in load_wilor
    model = WiLoR.load_from_checkpoint(checkpoint_path, strict=False, cfg=model_cfg)
  File "/.venv/lib/python3.10/site-packages/pytorch_lightning/core/module.py", line 1543, in load_from_checkpoint
    loaded = _load_from_checkpoint(
  File "/.venv/lib/python3.10/site-packages/pytorch_lightning/core/saving.py", line 63, in _load_from_checkpoint
    checkpoint = pl_load(checkpoint_path, map_location=map_location)
  File "/.venv/lib/python3.10/site-packages/lightning_fabric/utilities/cloud_io.py", line 51, in _load
    with fs.open(path_or_url, "rb") as f:
  File "/.venv/lib/python3.10/site-packages/fsspec/spec.py", line 1349, in open
    f = self._open(
  File "/.venv/lib/python3.10/site-packages/fsspec/implementations/local.py", line 214, in _open
    return LocalFileOpener(path, mode, fs=self, **kwargs)
  File "/.venv/lib/python3.10/site-packages/fsspec/implementations/local.py", line 391, in __init__
    self._open()
  File "/.venv/lib/python3.10/site-packages/fsspec/implementations/local.py", line 396, in _open
    self.f = open(self.path, mode=self.mode)
FileNotFoundError: [Errno 2] No such file or directory: '/scratch/mthakur/manifold/models/wilor_hands/pretrained_models/wilor_final.ckpt'
srun: error: gpu020: task 0: Exited with exit code 1
srun: launch/slurm: _step_signal: Terminating StepId=9195802.0
===============================================
Job finished at: Tue Feb 17 15:21:47 CET 2026
Execution took 0.00 hours
Writing output to SLURM_logs/wilor-inference_003.out
===============================================
