Loaded modules:

Currently Loaded Modules:
  1) slurm/current    3) gcc/11.3.0   5) cuda/11.7
  2) DefaultModules   4) 2024r1

 

================ SLURM JOB INFO ================
Job ID:         9254825
Job Name:       wilor-inference
Partition:      gpu-a100-small
Node List:      gpu020
CPUs per task:  2
Memory per CPU: 
GPUs per task:  1
Memory per GPU: 10240
Submit dir:     /scratch/mthakur/manifold/models/wilor_hands
Work dir:       /scratch/mthakur/manifold/models/wilor_hands
Job started at: Wed Feb 25 16:08:01 CET 2026
===============================================
/.venv/lib/python3.10/site-packages/timm/models/layers/__init__.py:49: FutureWarning: Importing from timm.models.layers is deprecated, please import via timm.layers
  warnings.warn(f"Importing from {__name__} is deprecated, please import via timm.layers", FutureWarning)
Loading  ./pretrained_models/wilor_final.ckpt
Lightning automatically upgraded your loaded checkpoint from v1.8.1 to v2.0.9. To apply the upgrade to your files permanently, run `python -m pytorch_lightning.utilities.upgrade_checkpoint --file pretrained_models/wilor_final.ckpt`
WARNING: You are using a MANO model, with only 10 shape coefficients.
Found existing frames for 120-2_clip_1, skipping extraction.

Processing: ../../data/images/120-2_clip_5_frames/frame_000000.jpg
Saved visualization: ../../outputs/wilor/120-2_clip_5/visualizations/frame_000000.jpg

Processing: ../../data/images/120-2_clip_5_frames/frame_000001.jpg
Saved visualization: ../../outputs/wilor/120-2_clip_5/visualizations/frame_000001.jpg

Processing: ../../data/images/120-2_clip_5_frames/frame_000002.jpg
Saved visualization: ../../outputs/wilor/120-2_clip_5/visualizations/frame_000002.jpg

Processing: ../../data/images/120-2_clip_5_frames/frame_000003.jpg
Saved visualization: ../../outputs/wilor/120-2_clip_5/visualizations/frame_000003.jpg

Processing: ../../data/images/120-2_clip_5_frames/frame_000004.jpg
Saved visualization: ../../outputs/wilor/120-2_clip_5/visualizations/frame_000004.jpg

Processing: ../../data/images/120-2_clip_5_frames/frame_000005.jpg
Saved visualization: ../../outputs/wilor/120-2_clip_5/visualizations/frame_000005.jpg

Processing: ../../data/images/120-2_clip_5_frames/frame_000006.jpg
Saved visualization: ../../outputs/wilor/120-2_clip_5/visualizations/frame_000006.jpg

Processing: ../../data/images/120-2_clip_5_frames/frame_000007.jpg
Saved visualization: ../../outputs/wilor/120-2_clip_5/visualizations/frame_000007.jpg

Processing: ../../data/images/120-2_clip_5_frames/frame_000008.jpg
Saved visualization: ../../outputs/wilor/120-2_clip_5/visualizations/frame_000008.jpg

Processing: ../../data/images/120-2_clip_5_frames/frame_000009.jpg
Saved visualization: ../../outputs/wilor/120-2_clip_5/visualizations/frame_000009.jpg

Processing: ../../data/images/120-2_clip_5_frames/frame_000010.jpg
Saved visualization: ../../outputs/wilor/120-2_clip_5/visualizations/frame_000010.jpg

Processing: ../../data/images/120-2_clip_5_frames/frame_000011.jpg
Saved visualization: ../../outputs/wilor/120-2_clip_5/visualizations/frame_000011.jpg

Processing: ../../data/images/120-2_clip_5_frames/frame_000012.jpg
Saved visualization: ../../outputs/wilor/120-2_clip_5/visualizations/frame_000012.jpg

Processing: ../../data/images/120-2_clip_5_frames/frame_000013.jpg
Saved visualization: ../../outputs/wilor/120-2_clip_5/visualizations/frame_000013.jpg

Processing: ../../data/images/120-2_clip_5_frames/frame_000014.jpg
Saved visualization: ../../outputs/wilor/120-2_clip_5/visualizations/frame_000014.jpg

Processing: ../../data/images/120-2_clip_5_frames/frame_000015.jpg
Saved visualization: ../../outputs/wilor/120-2_clip_5/visualizations/frame_000015.jpg

Processing: ../../data/images/120-2_clip_5_frames/frame_000016.jpg
Saved visualization: ../../outputs/wilor/120-2_clip_5/visualizations/frame_000016.jpg

Processing: ../../data/images/120-2_clip_5_frames/frame_000017.jpg
Saved visualization: ../../outputs/wilor/120-2_clip_5/visualizations/frame_000017.jpg

Processing: ../../data/images/120-2_clip_5_frames/frame_000018.jpg
Saved visualization: ../../outputs/wilor/120-2_clip_5/visualizations/frame_000018.jpg

Processing: ../../data/images/120-2_clip_5_frames/frame_000019.jpg
Saved visualization: ../../outputs/wilor/120-2_clip_5/visualizations/frame_000019.jpg

Processing: ../../data/images/120-2_clip_5_frames/frame_000020.jpg
Saved visualization: ../../outputs/wilor/120-2_clip_5/visualizations/frame_000020.jpg

Processing: ../../data/images/120-2_clip_5_frames/frame_000021.jpg
Saved visualization: ../../outputs/wilor/120-2_clip_5/visualizations/frame_000021.jpg

Processing: ../../data/images/120-2_clip_5_frames/frame_000022.jpg
Saved visualization: ../../outputs/wilor/120-2_clip_5/visualizations/frame_000022.jpg

Processing: ../../data/images/120-2_clip_5_frames/frame_000023.jpg
Saved visualization: ../../outputs/wilor/120-2_clip_5/visualizations/frame_000023.jpg

Processing: ../../data/images/120-2_clip_5_frames/frame_000024.jpg
Saved visualization: ../../outputs/wilor/120-2_clip_5/visualizations/frame_000024.jpg

Processing: ../../data/images/120-2_clip_5_frames/frame_000025.jpg
Saved visualization: ../../outputs/wilor/120-2_clip_5/visualizations/frame_000025.jpg

Processing: ../../data/images/120-2_clip_5_frames/frame_000026.jpg
Saved visualization: ../../outputs/wilor/120-2_clip_5/visualizations/frame_000026.jpg

Processing: ../../data/images/120-2_clip_5_frames/frame_000027.jpg
Saved visualization: ../../outputs/wilor/120-2_clip_5/visualizations/frame_000027.jpg

Processing: ../../data/images/120-2_clip_5_frames/frame_000028.jpg
Saved visualization: ../../outputs/wilor/120-2_clip_5/visualizations/frame_000028.jpg

Processing: ../../data/images/120-2_clip_5_frames/frame_000029.jpg
Saved visualization: ../../outputs/wilor/120-2_clip_5/visualizations/frame_000029.jpg

Processing: ../../data/images/120-2_clip_5_frames/frame_000030.jpg
Saved visualization: ../../outputs/wilor/120-2_clip_5/visualizations/frame_000030.jpg

Processing: ../../data/images/120-2_clip_5_frames/frame_000031.jpg
Saved visualization: ../../outputs/wilor/120-2_clip_5/visualizations/frame_000031.jpg

Processing: ../../data/images/120-2_clip_5_frames/frame_000032.jpg
Saved visualization: ../../outputs/wilor/120-2_clip_5/visualizations/frame_000032.jpg

Processing: ../../data/images/120-2_clip_5_frames/frame_000033.jpg
Saved visualization: ../../outputs/wilor/120-2_clip_5/visualizations/frame_000033.jpg

Processing: ../../data/images/120-2_clip_5_frames/frame_000034.jpg
Saved visualization: ../../outputs/wilor/120-2_clip_5/visualizations/frame_000034.jpg

Processing: ../../data/images/120-2_clip_5_frames/frame_000035.jpg
Saved visualization: ../../outputs/wilor/120-2_clip_5/visualizations/frame_000035.jpg

Processing: ../../data/images/120-2_clip_5_frames/frame_000036.jpg
Saved visualization: ../../outputs/wilor/120-2_clip_5/visualizations/frame_000036.jpg

Processing: ../../data/images/120-2_clip_5_frames/frame_000037.jpg
Saved visualization: ../../outputs/wilor/120-2_clip_5/visualizations/frame_000037.jpg

Processing: ../../data/images/120-2_clip_5_frames/frame_000038.jpg
Saved visualization: ../../outputs/wilor/120-2_clip_5/visualizations/frame_000038.jpg

Processing: ../../data/images/120-2_clip_5_frames/frame_000039.jpg
Saved visualization: ../../outputs/wilor/120-2_clip_5/visualizations/frame_000039.jpg

Processing: ../../data/images/120-2_clip_5_frames/frame_000040.jpg
Saved visualization: ../../outputs/wilor/120-2_clip_5/visualizations/frame_000040.jpg

Processing: ../../data/images/120-2_clip_5_frames/frame_000041.jpg
Saved visualization: ../../outputs/wilor/120-2_clip_5/visualizations/frame_000041.jpg

Processing: ../../data/images/120-2_clip_5_frames/frame_000042.jpg
Saved visualization: ../../outputs/wilor/120-2_clip_5/visualizations/frame_000042.jpg

Processing: ../../data/images/120-2_clip_5_frames/frame_000043.jpg
Saved visualization: ../../outputs/wilor/120-2_clip_5/visualizations/frame_000043.jpg

Processing: ../../data/images/120-2_clip_5_frames/frame_000044.jpg
Saved visualization: ../../outputs/wilor/120-2_clip_5/visualizations/frame_000044.jpg

Processing: ../../data/images/120-2_clip_5_frames/frame_000045.jpg
Saved visualization: ../../outputs/wilor/120-2_clip_5/visualizations/frame_000045.jpg

Processing: ../../data/images/120-2_clip_5_frames/frame_000046.jpg
Saved visualization: ../../outputs/wilor/120-2_clip_5/visualizations/frame_000046.jpg

Processing: ../../data/images/120-2_clip_5_frames/frame_000047.jpg
Saved visualization: ../../outputs/wilor/120-2_clip_5/visualizations/frame_000047.jpg

Processing: ../../data/images/120-2_clip_5_frames/frame_000048.jpg
Saved visualization: ../../outputs/wilor/120-2_clip_5/visualizations/frame_000048.jpg

Processing: ../../data/images/120-2_clip_5_frames/frame_000049.jpg
Saved visualization: ../../outputs/wilor/120-2_clip_5/visualizations/frame_000049.jpg

Processing: ../../data/images/120-2_clip_5_frames/frame_000050.jpg
Saved visualization: ../../outputs/wilor/120-2_clip_5/visualizations/frame_000050.jpg

Processing: ../../data/images/120-2_clip_5_frames/frame_000051.jpg
Saved visualization: ../../outputs/wilor/120-2_clip_5/visualizations/frame_000051.jpg

Processing: ../../data/images/120-2_clip_5_frames/frame_000052.jpg
Saved visualization: ../../outputs/wilor/120-2_clip_5/visualizations/frame_000052.jpg

Processing: ../../data/images/120-2_clip_5_frames/frame_000053.jpg
Saved visualization: ../../outputs/wilor/120-2_clip_5/visualizations/frame_000053.jpg

Processing: ../../data/images/120-2_clip_5_frames/frame_000054.jpg
Saved visualization: ../../outputs/wilor/120-2_clip_5/visualizations/frame_000054.jpg

Processing: ../../data/images/120-2_clip_5_frames/frame_000055.jpg
Saved visualization: ../../outputs/wilor/120-2_clip_5/visualizations/frame_000055.jpg

Processing: ../../data/images/120-2_clip_5_frames/frame_000056.jpg
Saved visualization: ../../outputs/wilor/120-2_clip_5/visualizations/frame_000056.jpg

Processing: ../../data/images/120-2_clip_5_frames/frame_000057.jpg
Saved visualization: ../../outputs/wilor/120-2_clip_5/visualizations/frame_000057.jpg

Processing: ../../data/images/120-2_clip_5_frames/frame_000058.jpg
Saved visualization: ../../outputs/wilor/120-2_clip_5/visualizations/frame_000058.jpg

Processing: ../../data/images/120-2_clip_5_frames/frame_000059.jpg
srun: Job step aborted: Waiting up to 122 seconds for job step to finish.
slurmstepd: error: *** STEP 9254825.0 ON gpu020 CANCELLED AT 2026-02-25T16:12:25 ***
