Loaded modules:

Currently Loaded Modules:
  1) slurm/current    3) gcc/11.3.0   5) cuda/11.7
  2) DefaultModules   4) 2024r1

 

Mon May 25 04:06:45 2026       
+-----------------------------------------------------------------------------------------+
| NVIDIA-SMI 580.159.04             Driver Version: 580.159.04     CUDA Version: 13.0     |
+-----------------------------------------+------------------------+----------------------+
| GPU  Name                 Persistence-M | Bus-Id          Disp.A | Volatile Uncorr. ECC |
| Fan  Temp   Perf          Pwr:Usage/Cap |           Memory-Usage | GPU-Util  Compute M. |
|                                         |                        |               MIG M. |
|=========================================+========================+======================|
|   0  NVIDIA A100 80GB PCIe          On  |   00000000:16:00.0 Off |                   On |
| N/A   59C    P0            116W /  300W |    2752MiB /  81920MiB |     N/A      Default |
|                                         |                        |              Enabled |
+-----------------------------------------+------------------------+----------------------+

+-----------------------------------------------------------------------------------------+
| MIG devices:                                                                            |
+------------------+----------------------------------+-----------+-----------------------+
| GPU  GI  CI  MIG |              Shared Memory-Usage |        Vol|        Shared         |
|      ID  ID  Dev |                Shared BAR1-Usage | SM     Unc| CE ENC  DEC  OFA  JPG |
|                  |                                  |        ECC|                       |
|==================+==================================+===========+=======================|
|  0    7   0   0  |              36MiB /  9728MiB    | 14      0 |  1   0    0    0    0 |
|                  |               0MiB /  6135MiB    |           |                       |
+------------------+----------------------------------+-----------+-----------------------+

+-----------------------------------------------------------------------------------------+
| Processes:                                                                              |
|  GPU   GI   CI              PID   Type   Process name                        GPU Memory |
|        ID   ID                                                               Usage      |
|=========================================================================================|
|  No running processes found                                                             |
+-----------------------------------------------------------------------------------------+
================ SLURM JOB INFO ================
Job ID:         9965226
Job Name:       wilor-inference
Partition:      gpu-a100-small
Node List:      gpu020
CPUs per task:  2
GPUs per task:  1
Memory per GPU: 10240
Submit dir:     /scratch/mthakur/manifold/models/wilor_hands
Work dir:       /scratch/mthakur/manifold/models/wilor_hands
Job started at: Mon May 25 04:06:46 CEST 2026
===============================================
WiLoR finetune experiment: main_static_finetuning
WiLoR checkpoint: /scratch/mthakur/manifold/outputs/wilor_finetune/main_static_finetuning/best.ckpt
WiLoR config: /scratch/mthakur/manifold/models/wilor_hands/pretrained_models/model_config.yaml
WiLoR video: /scratch/mthakur/manifold/data/test/120-2_clip_1_amplified.avi
WiLoR output root: /scratch/mthakur/manifold/outputs/wilor_finetune/main_static_finetuning
WiLoR completion marker: /scratch/mthakur/manifold/outputs/wilor_finetune/main_static_finetuning/_completed/120-2_clip_1_amplified.json
WiLoR frame cache root: /scratch/mthakur/manifold/data/test
/.venv/lib/python3.10/site-packages/timm/models/layers/__init__.py:49: FutureWarning: Importing from timm.models.layers is deprecated, please import via timm.layers
  warnings.warn(f"Importing from {__name__} is deprecated, please import via timm.layers", FutureWarning)
[progress] Loading WiLoR checkpoint: /scratch/mthakur/manifold/outputs/wilor_finetune/main_static_finetuning/best.ckpt
Loading  /scratch/mthakur/manifold/outputs/wilor_finetune/main_static_finetuning/best.ckpt
WARNING: You are using a MANO model, with only 10 shape coefficients.
[progress] Loading detector: ./pretrained_models/detector.pt

Processing: 120-2_clip_1_amplified:frame_000000

Processing: 120-2_clip_1_amplified:frame_000001

Processing: 120-2_clip_1_amplified:frame_000002

Processing: 120-2_clip_1_amplified:frame_000003

Processing: 120-2_clip_1_amplified:frame_000004

Processing: 120-2_clip_1_amplified:frame_000005

Processing: 120-2_clip_1_amplified:frame_000006

Processing: 120-2_clip_1_amplified:frame_000007

Processing: 120-2_clip_1_amplified:frame_000008

Processing: 120-2_clip_1_amplified:frame_000009

Processing: 120-2_clip_1_amplified:frame_000010

Processing: 120-2_clip_1_amplified:frame_000011

Processing: 120-2_clip_1_amplified:frame_000012

Processing: 120-2_clip_1_amplified:frame_000013

Processing: 120-2_clip_1_amplified:frame_000014

Processing: 120-2_clip_1_amplified:frame_000015

Processing: 120-2_clip_1_amplified:frame_000016

Processing: 120-2_clip_1_amplified:frame_000017

Processing: 120-2_clip_1_amplified:frame_000018

Processing: 120-2_clip_1_amplified:frame_000019

Processing: 120-2_clip_1_amplified:frame_000020

Processing: 120-2_clip_1_amplified:frame_000021

Processing: 120-2_clip_1_amplified:frame_000022

Processing: 120-2_clip_1_amplified:frame_000023

Processing: 120-2_clip_1_amplified:frame_000024

Processing: 120-2_clip_1_amplified:frame_000025

Processing: 120-2_clip_1_amplified:frame_000026

Processing: 120-2_clip_1_amplified:frame_000027

Processing: 120-2_clip_1_amplified:frame_000028

Processing: 120-2_clip_1_amplified:frame_000029

Processing: 120-2_clip_1_amplified:frame_000030

Processing: 120-2_clip_1_amplified:frame_000031

Processing: 120-2_clip_1_amplified:frame_000032

Processing: 120-2_clip_1_amplified:frame_000033

Processing: 120-2_clip_1_amplified:frame_000034

Processing: 120-2_clip_1_amplified:frame_000035

Processing: 120-2_clip_1_amplified:frame_000036

Processing: 120-2_clip_1_amplified:frame_000037

Processing: 120-2_clip_1_amplified:frame_000038

Processing: 120-2_clip_1_amplified:frame_000039

Processing: 120-2_clip_1_amplified:frame_000040

Processing: 120-2_clip_1_amplified:frame_000041

Processing: 120-2_clip_1_amplified:frame_000042

Processing: 120-2_clip_1_amplified:frame_000043

Processing: 120-2_clip_1_amplified:frame_000044

Processing: 120-2_clip_1_amplified:frame_000045

Processing: 120-2_clip_1_amplified:frame_000046

Processing: 120-2_clip_1_amplified:frame_000047

Processing: 120-2_clip_1_amplified:frame_000048

Processing: 120-2_clip_1_amplified:frame_000049

Processing: 120-2_clip_1_amplified:frame_000050

Processing: 120-2_clip_1_amplified:frame_000051

Processing: 120-2_clip_1_amplified:frame_000052

Processing: 120-2_clip_1_amplified:frame_000053

Processing: 120-2_clip_1_amplified:frame_000054

Processing: 120-2_clip_1_amplified:frame_000055

Processing: 120-2_clip_1_amplified:frame_000056

Processing: 120-2_clip_1_amplified:frame_000057

Processing: 120-2_clip_1_amplified:frame_000058

Processing: 120-2_clip_1_amplified:frame_000059

Processing: 120-2_clip_1_amplified:frame_000060

Processing: 120-2_clip_1_amplified:frame_000061

Processing: 120-2_clip_1_amplified:frame_000062

Processing: 120-2_clip_1_amplified:frame_000063

Processing: 120-2_clip_1_amplified:frame_000064

Processing: 120-2_clip_1_amplified:frame_000065

Processing: 120-2_clip_1_amplified:frame_000066

Processing: 120-2_clip_1_amplified:frame_000067

Processing: 120-2_clip_1_amplified:frame_000068

Processing: 120-2_clip_1_amplified:frame_000069

Processing: 120-2_clip_1_amplified:frame_000070

Processing: 120-2_clip_1_amplified:frame_000071

Processing: 120-2_clip_1_amplified:frame_000072

Processing: 120-2_clip_1_amplified:frame_000073

Processing: 120-2_clip_1_amplified:frame_000074

Processing: 120-2_clip_1_amplified:frame_000075

Processing: 120-2_clip_1_amplified:frame_000076

Processing: 120-2_clip_1_amplified:frame_000077

Processing: 120-2_clip_1_amplified:frame_000078

Processing: 120-2_clip_1_amplified:frame_000079

Processing: 120-2_clip_1_amplified:frame_000080

Processing: 120-2_clip_1_amplified:frame_000081

Processing: 120-2_clip_1_amplified:frame_000082

Processing: 120-2_clip_1_amplified:frame_000083

Processing: 120-2_clip_1_amplified:frame_000084

Processing: 120-2_clip_1_amplified:frame_000085

Processing: 120-2_clip_1_amplified:frame_000086

Processing: 120-2_clip_1_amplified:frame_000087

Processing: 120-2_clip_1_amplified:frame_000088

Processing: 120-2_clip_1_amplified:frame_000089

Processing: 120-2_clip_1_amplified:frame_000090

Processing: 120-2_clip_1_amplified:frame_000091

Processing: 120-2_clip_1_amplified:frame_000092

Processing: 120-2_clip_1_amplified:frame_000093

Processing: 120-2_clip_1_amplified:frame_000094

Processing: 120-2_clip_1_amplified:frame_000095

Processing: 120-2_clip_1_amplified:frame_000096

Processing: 120-2_clip_1_amplified:frame_000097

Processing: 120-2_clip_1_amplified:frame_000098

Processing: 120-2_clip_1_amplified:frame_000099

Processing: 120-2_clip_1_amplified:frame_000100

Processing: 120-2_clip_1_amplified:frame_000101

Processing: 120-2_clip_1_amplified:frame_000102

Processing: 120-2_clip_1_amplified:frame_000103

Processing: 120-2_clip_1_amplified:frame_000104

Processing: 120-2_clip_1_amplified:frame_000105

Processing: 120-2_clip_1_amplified:frame_000106

Processing: 120-2_clip_1_amplified:frame_000107

Processing: 120-2_clip_1_amplified:frame_000108

Processing: 120-2_clip_1_amplified:frame_000109
No detections, skipping.

Processing: 120-2_clip_1_amplified:frame_000110

Processing: 120-2_clip_1_amplified:frame_000111
No detections, skipping.

Processing: 120-2_clip_1_amplified:frame_000112
No detections, skipping.

Processing: 120-2_clip_1_amplified:frame_000113

Processing: 120-2_clip_1_amplified:frame_000114

Processing: 120-2_clip_1_amplified:frame_000115

Processing: 120-2_clip_1_amplified:frame_000116

Processing: 120-2_clip_1_amplified:frame_000117

Processing: 120-2_clip_1_amplified:frame_000118

Processing: 120-2_clip_1_amplified:frame_000119

Processing: 120-2_clip_1_amplified:frame_000120

Processing: 120-2_clip_1_amplified:frame_000121

Processing: 120-2_clip_1_amplified:frame_000122

Processing: 120-2_clip_1_amplified:frame_000123

Processing: 120-2_clip_1_amplified:frame_000124

Processing: 120-2_clip_1_amplified:frame_000125

Processing: 120-2_clip_1_amplified:frame_000126

Processing: 120-2_clip_1_amplified:frame_000127

Processing: 120-2_clip_1_amplified:frame_000128

Processing: 120-2_clip_1_amplified:frame_000129

Processing: 120-2_clip_1_amplified:frame_000130

Processing: 120-2_clip_1_amplified:frame_000131

Processing: 120-2_clip_1_amplified:frame_000132

Processing: 120-2_clip_1_amplified:frame_000133

Processing: 120-2_clip_1_amplified:frame_000134

Processing: 120-2_clip_1_amplified:frame_000135

Processing: 120-2_clip_1_amplified:frame_000136

Processing: 120-2_clip_1_amplified:frame_000137

Processing: 120-2_clip_1_amplified:frame_000138

Processing: 120-2_clip_1_amplified:frame_000139

Processing: 120-2_clip_1_amplified:frame_000140

Processing: 120-2_clip_1_amplified:frame_000141

Processing: 120-2_clip_1_amplified:frame_000142

Processing: 120-2_clip_1_amplified:frame_000143

Processing: 120-2_clip_1_amplified:frame_000144

Processing: 120-2_clip_1_amplified:frame_000145

Processing: 120-2_clip_1_amplified:frame_000146

Processing: 120-2_clip_1_amplified:frame_000147

Processing: 120-2_clip_1_amplified:frame_000148

Processing: 120-2_clip_1_amplified:frame_000149

Processing: 120-2_clip_1_amplified:frame_000150

Processing: 120-2_clip_1_amplified:frame_000151

Processing: 120-2_clip_1_amplified:frame_000152

Processing: 120-2_clip_1_amplified:frame_000153

All images processed.
===============================================
Job finished at: Mon May 25 04:11:04 CEST 2026
Execution took 0.07 hours
Writing output to SLURM_logs/wilor-inference_459.out
Retained WiLoR outputs: /scratch/mthakur/manifold/outputs/wilor_finetune/main_static_finetuning/120-2_clip_1_amplified/meshes
===============================================
