
The following have been reloaded with a version change:
  1) python/3.10.12 => python/3.10.13

Loaded modules:

Currently Loaded Modules:
  1) slurm/current    3) gcc/11.3.0   5) cuda/11.7
  2) DefaultModules   4) 2024r1       6) python/3.10.13

 

Mon Apr 27 23:45:25 2026       
+-----------------------------------------------------------------------------------------+
| NVIDIA-SMI 580.126.20             Driver Version: 580.126.20     CUDA Version: 13.0     |
+-----------------------------------------+------------------------+----------------------+
| GPU  Name                 Persistence-M | Bus-Id          Disp.A | Volatile Uncorr. ECC |
| Fan  Temp   Perf          Pwr:Usage/Cap |           Memory-Usage | GPU-Util  Compute M. |
|                                         |                        |               MIG M. |
|=========================================+========================+======================|
|   0  NVIDIA A100 80GB PCIe          On  |   00000000:2C:00.0 Off |                   On |
| N/A   45C    P0             47W /  300W |     249MiB /  81920MiB |     N/A      Default |
|                                         |                        |              Enabled |
+-----------------------------------------+------------------------+----------------------+

+-----------------------------------------------------------------------------------------+
| MIG devices:                                                                            |
+------------------+----------------------------------+-----------+-----------------------+
| GPU  GI  CI  MIG |              Shared Memory-Usage |        Vol|        Shared         |
|      ID  ID  Dev |                Shared BAR1-Usage | SM     Unc| CE ENC  DEC  OFA  JPG |
|                  |                                  |        ECC|                       |
|==================+==================================+===========+=======================|
|  0    7   0   0  |              36MiB /  9728MiB    | 14      0 |  1   0    0    0    0 |
|                  |               0MiB /  6135MiB    |           |                       |
+------------------+----------------------------------+-----------+-----------------------+

+-----------------------------------------------------------------------------------------+
| Processes:                                                                              |
|  GPU   GI   CI              PID   Type   Process name                        GPU Memory |
|        ID   ID                                                               Usage      |
|=========================================================================================|
|  No running processes found                                                             |
+-----------------------------------------------------------------------------------------+
================ SLURM JOB INFO ================
Job ID:         9773066
Job Name:       wilor-train
Partition:      gpu-a100-small
Node List:      gpu020
CPUs per task:  2
GPUs per task:  1
Memory per GPU: 12288
Submit dir:     /scratch/mthakur/manifold/models/wilor_hands
Work dir:       /scratch/mthakur/manifold/models/wilor_hands
Job started at: Mon Apr 27 23:45:25 CEST 2026
===============================================
[progress] Created temporary training image root: /tmp/wilor_train_9773066.FM8uuA/images
[progress] Extracting frames for 0KuJ2t4S_TY into /tmp/wilor_train_9773066.FM8uuA/images/0KuJ2t4S_TY_frames
Extracted 2410 frame(s) from /scratch/mthakur/manifold/data/images/0KuJ2t4S_TY.mp4 into /tmp/wilor_train_9773066.FM8uuA/images/0KuJ2t4S_TY_frames
[progress] Extracting frames for 0gzQAgjx39o into /tmp/wilor_train_9773066.FM8uuA/images/0gzQAgjx39o_frames
Extracted 992 frame(s) from /scratch/mthakur/manifold/data/images/0gzQAgjx39o.mp4 into /tmp/wilor_train_9773066.FM8uuA/images/0gzQAgjx39o_frames
[progress] Extracting frames for 0rq4nkWlO2E into /tmp/wilor_train_9773066.FM8uuA/images/0rq4nkWlO2E_frames
Extracted 728 frame(s) from /scratch/mthakur/manifold/data/images/0rq4nkWlO2E.mp4 into /tmp/wilor_train_9773066.FM8uuA/images/0rq4nkWlO2E_frames
[progress] Extracting frames for 0ElPjqY4Cq8 into /tmp/wilor_train_9773066.FM8uuA/images/0ElPjqY4Cq8_frames
Extracted 726 frame(s) from /scratch/mthakur/manifold/data/images/0ElPjqY4Cq8.mp4 into /tmp/wilor_train_9773066.FM8uuA/images/0ElPjqY4Cq8_frames
[progress] Extracting frames for SlksdQT5JRE into /tmp/wilor_train_9773066.FM8uuA/images/SlksdQT5JRE_frames
Extracted 946 frame(s) from /scratch/mthakur/manifold/data/images/SlksdQT5JRE.mp4 into /tmp/wilor_train_9773066.FM8uuA/images/SlksdQT5JRE_frames
Project root:    /scratch/mthakur/manifold
Model root:      /scratch/mthakur/manifold/models/wilor_hands
Output dir:      /scratch/mthakur/manifold/outputs/wilor_finetune/hp_g_scope_refine_net
Train mode:      distill
Loss config:     /scratch/mthakur/manifold/models/wilor_hands/experiments/hparam_stage_g_train_scope.yaml
Experiment:      hp_g_scope_refine_net
Train scope:     refine_net
LoRA:            enabled=false rank=8 alpha=16.0 blocks=24-32 targets=qkv
Max steps:       500
Log every:       25
Save every:      100
Sample limit:    0
Validation split:0.2
Checkpoint:      /scratch/mthakur/manifold/models/wilor_hands/pretrained_models/wilor_final.ckpt
Source images:   /scratch/mthakur/manifold/data//images
Prepared images: /tmp/wilor_train_9773066.FM8uuA/images
Videos:          0KuJ2t4S_TY|0gzQAgjx39o|0rq4nkWlO2E|0ElPjqY4Cq8|SlksdQT5JRE
Temporal win:    size=3 stride=2 gap=1
Pose dir:        /scratch/mthakur/manifold/outputs/vipe/pose
Intrinsics dir:  /scratch/mthakur/manifold/outputs/vipe/intrinsics
Command: python -u /scratch/mthakur/manifold/models/wilor_hands/finetune_wilor_distill_vipe.py --checkpoint /scratch/mthakur/manifold/models/wilor_hands/pretrained_models/wilor_final.ckpt --cfg_path /scratch/mthakur/manifold/models/wilor_hands/pretrained_models/model_config.yaml --detector_path /scratch/mthakur/manifold/models/wilor_hands/pretrained_models/detector.pt --image_folder /tmp/wilor_train_9773066.FM8uuA/images --pose_dir /scratch/mthakur/manifold/outputs/vipe/pose --intrinsics_dir /scratch/mthakur/manifold/outputs/vipe/intrinsics --output_dir /scratch/mthakur/manifold/outputs/wilor_finetune/hp_g_scope_refine_net --train_scope refine_net --camera_loss_weight 0.01 --validation_split 0.2 --lr 3e-05 --weight_decay 0.0001 --batch_size 8 --num_workers 2 --max_steps 500 --log_every 25 --save_every 100 --seed 42 --rescale_factor 2.0 --detection_conf 0.3 --loss_config /scratch/mthakur/manifold/models/wilor_hands/experiments/hparam_stage_g_train_scope.yaml --experiment_name hp_g_scope_refine_net --no-lora_enabled --lora_rank 8 --lora_alpha 16.0 --lora_dropout 0.0 --lora_block_start 24 --lora_block_end 32 --lora_target_modules qkv --detection_cache /scratch/mthakur/manifold/outputs/wilor_finetune/hp_g_scope_refine_net/detections_selected_videos.json --video=0KuJ2t4S_TY --video=0gzQAgjx39o --video=0rq4nkWlO2E --video=0ElPjqY4Cq8 --video=SlksdQT5JRE --temporal_window_size 3 --temporal_window_stride 2 --temporal_max_frame_gap 1 --temporal_reduction smooth_l1 --temporal_scorer_hidden_dim 64 --temporal_scorer_layers 2 --temporal_scorer_dropout 0.0 --vipe_camera_weight 0.05 --vipe_camera_enabled --temporal_camera_enabled --temporal_camera_formulation learnable --temporal_camera_weight 0.01 --temporal_camera_scorer_weight 0.001 --temporal_bbox_projected_enabled --temporal_bbox_projected_formulation learnable --temporal_bbox_projected_weight 0.01 --temporal_bbox_projected_scorer_weight 0.001 --temporal_vipe_camera_enabled --temporal_vipe_camera_formulation learnable --temporal_vipe_camera_weight 0.01 --temporal_vipe_camera_smoothness_weight 0.005 --temporal_vipe_camera_anchor_weight 0.001 --use_gpu --amp
[progress] About to launch Apptainer via srun.
[progress] SLURM wrapper log: SLURM_logs/wilor-train_114.out
[progress] Python run output dir: /scratch/mthakur/manifold/outputs/wilor_finetune/hp_g_scope_refine_net
[progress] Starting containerized training process now...
/.venv/lib/python3.10/site-packages/timm/models/layers/__init__.py:49: FutureWarning: Importing from timm.models.layers is deprecated, please import via timm.layers
  warnings.warn(f"Importing from {__name__} is deprecated, please import via timm.layers", FutureWarning)
[progress] Starting fine-tuning entrypoint.
[progress] Resolving experiment config from /scratch/mthakur/manifold/models/wilor_hands/experiments/hparam_stage_g_train_scope.yaml (experiment=hp_g_scope_refine_net)
[progress] Resolved experiment 'hp_g_scope_refine_net'.
[progress] Using device cuda; output directory is /scratch/mthakur/manifold/outputs/wilor_finetune/hp_g_scope_refine_net
[progress] Saved resolved experiment snapshot.
[progress] Using explicitly requested video selection: 0ElPjqY4Cq8, 0KuJ2t4S_TY, 0gzQAgjx39o, 0rq4nkWlO2E, SlksdQT5JRE
[progress] Filtering 5 selected video(s) for matching ViPE artifacts.
[progress] Proceeding with video(s): 0ElPjqY4Cq8, 0KuJ2t4S_TY, 0gzQAgjx39o, 0rq4nkWlO2E, SlksdQT5JRE
[progress] Loading student checkpoint and cloning teacher model.
Loading  /scratch/mthakur/manifold/models/wilor_hands/pretrained_models/wilor_final.ckpt
WARNING: You are using a MANO model, with only 10 shape coefficients.
[progress] Loading detector and ViPE camera index.
[progress] Loading YOLO detector from /scratch/mthakur/manifold/models/wilor_hands/pretrained_models/detector.pt onto cuda
[progress] Detector ready.
[progress] Building detection samples (cache path: /scratch/mthakur/manifold/outputs/wilor_finetune/hp_g_scope_refine_net/detections_selected_videos.json).
[progress] Scanning image folder for existing extracted frames: /tmp/wilor_train_9773066.FM8uuA/images
[progress] Prepared 5802 frame(s) for detection across 5 selected video(s).
[progress] Running detector on frame 1/5802: /tmp/wilor_train_9773066.FM8uuA/images/0ElPjqY4Cq8_frames/frame_000000.jpg
[progress] Running detector on frame 25/5802: /tmp/wilor_train_9773066.FM8uuA/images/0ElPjqY4Cq8_frames/frame_000024.jpg
[progress] Running detector on frame 50/5802: /tmp/wilor_train_9773066.FM8uuA/images/0ElPjqY4Cq8_frames/frame_000049.jpg
[progress] Running detector on frame 75/5802: /tmp/wilor_train_9773066.FM8uuA/images/0ElPjqY4Cq8_frames/frame_000074.jpg
[progress] Running detector on frame 100/5802: /tmp/wilor_train_9773066.FM8uuA/images/0ElPjqY4Cq8_frames/frame_000099.jpg
[progress] Running detector on frame 125/5802: /tmp/wilor_train_9773066.FM8uuA/images/0ElPjqY4Cq8_frames/frame_000124.jpg
[progress] Running detector on frame 150/5802: /tmp/wilor_train_9773066.FM8uuA/images/0ElPjqY4Cq8_frames/frame_000149.jpg
[progress] Running detector on frame 175/5802: /tmp/wilor_train_9773066.FM8uuA/images/0ElPjqY4Cq8_frames/frame_000174.jpg
[progress] Running detector on frame 200/5802: /tmp/wilor_train_9773066.FM8uuA/images/0ElPjqY4Cq8_frames/frame_000199.jpg
[progress] Running detector on frame 225/5802: /tmp/wilor_train_9773066.FM8uuA/images/0ElPjqY4Cq8_frames/frame_000224.jpg
[progress] Running detector on frame 250/5802: /tmp/wilor_train_9773066.FM8uuA/images/0ElPjqY4Cq8_frames/frame_000249.jpg
[progress] Running detector on frame 275/5802: /tmp/wilor_train_9773066.FM8uuA/images/0ElPjqY4Cq8_frames/frame_000274.jpg
[progress] Running detector on frame 300/5802: /tmp/wilor_train_9773066.FM8uuA/images/0ElPjqY4Cq8_frames/frame_000299.jpg
[progress] Running detector on frame 325/5802: /tmp/wilor_train_9773066.FM8uuA/images/0ElPjqY4Cq8_frames/frame_000324.jpg
[progress] Running detector on frame 350/5802: /tmp/wilor_train_9773066.FM8uuA/images/0ElPjqY4Cq8_frames/frame_000349.jpg
[progress] Running detector on frame 375/5802: /tmp/wilor_train_9773066.FM8uuA/images/0ElPjqY4Cq8_frames/frame_000374.jpg
[progress] Running detector on frame 400/5802: /tmp/wilor_train_9773066.FM8uuA/images/0ElPjqY4Cq8_frames/frame_000399.jpg
[progress] Running detector on frame 425/5802: /tmp/wilor_train_9773066.FM8uuA/images/0ElPjqY4Cq8_frames/frame_000424.jpg
[progress] Running detector on frame 450/5802: /tmp/wilor_train_9773066.FM8uuA/images/0ElPjqY4Cq8_frames/frame_000449.jpg
[progress] Running detector on frame 475/5802: /tmp/wilor_train_9773066.FM8uuA/images/0ElPjqY4Cq8_frames/frame_000474.jpg
[progress] Running detector on frame 500/5802: /tmp/wilor_train_9773066.FM8uuA/images/0ElPjqY4Cq8_frames/frame_000499.jpg
[progress] Running detector on frame 525/5802: /tmp/wilor_train_9773066.FM8uuA/images/0ElPjqY4Cq8_frames/frame_000524.jpg
[progress] Running detector on frame 550/5802: /tmp/wilor_train_9773066.FM8uuA/images/0ElPjqY4Cq8_frames/frame_000549.jpg
[progress] Running detector on frame 575/5802: /tmp/wilor_train_9773066.FM8uuA/images/0ElPjqY4Cq8_frames/frame_000574.jpg
[progress] Running detector on frame 600/5802: /tmp/wilor_train_9773066.FM8uuA/images/0ElPjqY4Cq8_frames/frame_000599.jpg
[progress] Running detector on frame 625/5802: /tmp/wilor_train_9773066.FM8uuA/images/0ElPjqY4Cq8_frames/frame_000624.jpg
[progress] Running detector on frame 650/5802: /tmp/wilor_train_9773066.FM8uuA/images/0ElPjqY4Cq8_frames/frame_000649.jpg
[progress] Running detector on frame 675/5802: /tmp/wilor_train_9773066.FM8uuA/images/0ElPjqY4Cq8_frames/frame_000674.jpg
[progress] Running detector on frame 700/5802: /tmp/wilor_train_9773066.FM8uuA/images/0ElPjqY4Cq8_frames/frame_000699.jpg
[progress] Running detector on frame 725/5802: /tmp/wilor_train_9773066.FM8uuA/images/0ElPjqY4Cq8_frames/frame_000724.jpg
[progress] Running detector on frame 750/5802: /tmp/wilor_train_9773066.FM8uuA/images/0KuJ2t4S_TY_frames/frame_000023.jpg
[progress] Running detector on frame 775/5802: /tmp/wilor_train_9773066.FM8uuA/images/0KuJ2t4S_TY_frames/frame_000048.jpg
[progress] Running detector on frame 800/5802: /tmp/wilor_train_9773066.FM8uuA/images/0KuJ2t4S_TY_frames/frame_000073.jpg
[progress] Running detector on frame 825/5802: /tmp/wilor_train_9773066.FM8uuA/images/0KuJ2t4S_TY_frames/frame_000098.jpg
[progress] Running detector on frame 850/5802: /tmp/wilor_train_9773066.FM8uuA/images/0KuJ2t4S_TY_frames/frame_000123.jpg
[progress] Running detector on frame 875/5802: /tmp/wilor_train_9773066.FM8uuA/images/0KuJ2t4S_TY_frames/frame_000148.jpg
[progress] Running detector on frame 900/5802: /tmp/wilor_train_9773066.FM8uuA/images/0KuJ2t4S_TY_frames/frame_000173.jpg
[progress] Running detector on frame 925/5802: /tmp/wilor_train_9773066.FM8uuA/images/0KuJ2t4S_TY_frames/frame_000198.jpg
[progress] Running detector on frame 950/5802: /tmp/wilor_train_9773066.FM8uuA/images/0KuJ2t4S_TY_frames/frame_000223.jpg
[progress] Running detector on frame 975/5802: /tmp/wilor_train_9773066.FM8uuA/images/0KuJ2t4S_TY_frames/frame_000248.jpg
[progress] Running detector on frame 1000/5802: /tmp/wilor_train_9773066.FM8uuA/images/0KuJ2t4S_TY_frames/frame_000273.jpg
[progress] Running detector on frame 1025/5802: /tmp/wilor_train_9773066.FM8uuA/images/0KuJ2t4S_TY_frames/frame_000298.jpg
[progress] Running detector on frame 1050/5802: /tmp/wilor_train_9773066.FM8uuA/images/0KuJ2t4S_TY_frames/frame_000323.jpg
[progress] Running detector on frame 1075/5802: /tmp/wilor_train_9773066.FM8uuA/images/0KuJ2t4S_TY_frames/frame_000348.jpg
[progress] Running detector on frame 1100/5802: /tmp/wilor_train_9773066.FM8uuA/images/0KuJ2t4S_TY_frames/frame_000373.jpg
[progress] Running detector on frame 1125/5802: /tmp/wilor_train_9773066.FM8uuA/images/0KuJ2t4S_TY_frames/frame_000398.jpg
[progress] Running detector on frame 1150/5802: /tmp/wilor_train_9773066.FM8uuA/images/0KuJ2t4S_TY_frames/frame_000423.jpg
[progress] Running detector on frame 1175/5802: /tmp/wilor_train_9773066.FM8uuA/images/0KuJ2t4S_TY_frames/frame_000448.jpg
[progress] Running detector on frame 1200/5802: /tmp/wilor_train_9773066.FM8uuA/images/0KuJ2t4S_TY_frames/frame_000473.jpg
[progress] Running detector on frame 1225/5802: /tmp/wilor_train_9773066.FM8uuA/images/0KuJ2t4S_TY_frames/frame_000498.jpg
[progress] Running detector on frame 1250/5802: /tmp/wilor_train_9773066.FM8uuA/images/0KuJ2t4S_TY_frames/frame_000523.jpg
[progress] Running detector on frame 1275/5802: /tmp/wilor_train_9773066.FM8uuA/images/0KuJ2t4S_TY_frames/frame_000548.jpg
[progress] Running detector on frame 1300/5802: /tmp/wilor_train_9773066.FM8uuA/images/0KuJ2t4S_TY_frames/frame_000573.jpg
[progress] Running detector on frame 1325/5802: /tmp/wilor_train_9773066.FM8uuA/images/0KuJ2t4S_TY_frames/frame_000598.jpg
[progress] Running detector on frame 1350/5802: /tmp/wilor_train_9773066.FM8uuA/images/0KuJ2t4S_TY_frames/frame_000623.jpg
[progress] Running detector on frame 1375/5802: /tmp/wilor_train_9773066.FM8uuA/images/0KuJ2t4S_TY_frames/frame_000648.jpg
[progress] Running detector on frame 1400/5802: /tmp/wilor_train_9773066.FM8uuA/images/0KuJ2t4S_TY_frames/frame_000673.jpg
[progress] Running detector on frame 1425/5802: /tmp/wilor_train_9773066.FM8uuA/images/0KuJ2t4S_TY_frames/frame_000698.jpg
[progress] Running detector on frame 1450/5802: /tmp/wilor_train_9773066.FM8uuA/images/0KuJ2t4S_TY_frames/frame_000723.jpg
[progress] Running detector on frame 1475/5802: /tmp/wilor_train_9773066.FM8uuA/images/0KuJ2t4S_TY_frames/frame_000748.jpg
[progress] Running detector on frame 1500/5802: /tmp/wilor_train_9773066.FM8uuA/images/0KuJ2t4S_TY_frames/frame_000773.jpg
[progress] Running detector on frame 1525/5802: /tmp/wilor_train_9773066.FM8uuA/images/0KuJ2t4S_TY_frames/frame_000798.jpg
[progress] Running detector on frame 1550/5802: /tmp/wilor_train_9773066.FM8uuA/images/0KuJ2t4S_TY_frames/frame_000823.jpg
[progress] Running detector on frame 1575/5802: /tmp/wilor_train_9773066.FM8uuA/images/0KuJ2t4S_TY_frames/frame_000848.jpg
[progress] Running detector on frame 1600/5802: /tmp/wilor_train_9773066.FM8uuA/images/0KuJ2t4S_TY_frames/frame_000873.jpg
[progress] Running detector on frame 1625/5802: /tmp/wilor_train_9773066.FM8uuA/images/0KuJ2t4S_TY_frames/frame_000898.jpg
[progress] Running detector on frame 1650/5802: /tmp/wilor_train_9773066.FM8uuA/images/0KuJ2t4S_TY_frames/frame_000923.jpg
[progress] Running detector on frame 1675/5802: /tmp/wilor_train_9773066.FM8uuA/images/0KuJ2t4S_TY_frames/frame_000948.jpg
[progress] Running detector on frame 1700/5802: /tmp/wilor_train_9773066.FM8uuA/images/0KuJ2t4S_TY_frames/frame_000973.jpg
[progress] Running detector on frame 1725/5802: /tmp/wilor_train_9773066.FM8uuA/images/0KuJ2t4S_TY_frames/frame_000998.jpg
[progress] Running detector on frame 1750/5802: /tmp/wilor_train_9773066.FM8uuA/images/0KuJ2t4S_TY_frames/frame_001023.jpg
[progress] Running detector on frame 1775/5802: /tmp/wilor_train_9773066.FM8uuA/images/0KuJ2t4S_TY_frames/frame_001048.jpg
[progress] Running detector on frame 1800/5802: /tmp/wilor_train_9773066.FM8uuA/images/0KuJ2t4S_TY_frames/frame_001073.jpg
[progress] Running detector on frame 1825/5802: /tmp/wilor_train_9773066.FM8uuA/images/0KuJ2t4S_TY_frames/frame_001098.jpg
[progress] Running detector on frame 1850/5802: /tmp/wilor_train_9773066.FM8uuA/images/0KuJ2t4S_TY_frames/frame_001123.jpg
[progress] Running detector on frame 1875/5802: /tmp/wilor_train_9773066.FM8uuA/images/0KuJ2t4S_TY_frames/frame_001148.jpg
[progress] Running detector on frame 1900/5802: /tmp/wilor_train_9773066.FM8uuA/images/0KuJ2t4S_TY_frames/frame_001173.jpg
[progress] Running detector on frame 1925/5802: /tmp/wilor_train_9773066.FM8uuA/images/0KuJ2t4S_TY_frames/frame_001198.jpg
[progress] Running detector on frame 1950/5802: /tmp/wilor_train_9773066.FM8uuA/images/0KuJ2t4S_TY_frames/frame_001223.jpg
[progress] Running detector on frame 1975/5802: /tmp/wilor_train_9773066.FM8uuA/images/0KuJ2t4S_TY_frames/frame_001248.jpg
[progress] Running detector on frame 2000/5802: /tmp/wilor_train_9773066.FM8uuA/images/0KuJ2t4S_TY_frames/frame_001273.jpg
[progress] Running detector on frame 2025/5802: /tmp/wilor_train_9773066.FM8uuA/images/0KuJ2t4S_TY_frames/frame_001298.jpg
[progress] Running detector on frame 2050/5802: /tmp/wilor_train_9773066.FM8uuA/images/0KuJ2t4S_TY_frames/frame_001323.jpg
[progress] Running detector on frame 2075/5802: /tmp/wilor_train_9773066.FM8uuA/images/0KuJ2t4S_TY_frames/frame_001348.jpg
[progress] Running detector on frame 2100/5802: /tmp/wilor_train_9773066.FM8uuA/images/0KuJ2t4S_TY_frames/frame_001373.jpg
[progress] Running detector on frame 2125/5802: /tmp/wilor_train_9773066.FM8uuA/images/0KuJ2t4S_TY_frames/frame_001398.jpg
[progress] Running detector on frame 2150/5802: /tmp/wilor_train_9773066.FM8uuA/images/0KuJ2t4S_TY_frames/frame_001423.jpg
[progress] Running detector on frame 2175/5802: /tmp/wilor_train_9773066.FM8uuA/images/0KuJ2t4S_TY_frames/frame_001448.jpg
[progress] Running detector on frame 2200/5802: /tmp/wilor_train_9773066.FM8uuA/images/0KuJ2t4S_TY_frames/frame_001473.jpg
[progress] Running detector on frame 2225/5802: /tmp/wilor_train_9773066.FM8uuA/images/0KuJ2t4S_TY_frames/frame_001498.jpg
[progress] Running detector on frame 2250/5802: /tmp/wilor_train_9773066.FM8uuA/images/0KuJ2t4S_TY_frames/frame_001523.jpg
[progress] Running detector on frame 2275/5802: /tmp/wilor_train_9773066.FM8uuA/images/0KuJ2t4S_TY_frames/frame_001548.jpg
[progress] Running detector on frame 2300/5802: /tmp/wilor_train_9773066.FM8uuA/images/0KuJ2t4S_TY_frames/frame_001573.jpg
[progress] Running detector on frame 2325/5802: /tmp/wilor_train_9773066.FM8uuA/images/0KuJ2t4S_TY_frames/frame_001598.jpg
[progress] Running detector on frame 2350/5802: /tmp/wilor_train_9773066.FM8uuA/images/0KuJ2t4S_TY_frames/frame_001623.jpg
[progress] Running detector on frame 2375/5802: /tmp/wilor_train_9773066.FM8uuA/images/0KuJ2t4S_TY_frames/frame_001648.jpg
[progress] Running detector on frame 2400/5802: /tmp/wilor_train_9773066.FM8uuA/images/0KuJ2t4S_TY_frames/frame_001673.jpg
[progress] Running detector on frame 2425/5802: /tmp/wilor_train_9773066.FM8uuA/images/0KuJ2t4S_TY_frames/frame_001698.jpg
[progress] Running detector on frame 2450/5802: /tmp/wilor_train_9773066.FM8uuA/images/0KuJ2t4S_TY_frames/frame_001723.jpg
[progress] Running detector on frame 2475/5802: /tmp/wilor_train_9773066.FM8uuA/images/0KuJ2t4S_TY_frames/frame_001748.jpg
[progress] Running detector on frame 2500/5802: /tmp/wilor_train_9773066.FM8uuA/images/0KuJ2t4S_TY_frames/frame_001773.jpg
[progress] Running detector on frame 2525/5802: /tmp/wilor_train_9773066.FM8uuA/images/0KuJ2t4S_TY_frames/frame_001798.jpg
[progress] Running detector on frame 2550/5802: /tmp/wilor_train_9773066.FM8uuA/images/0KuJ2t4S_TY_frames/frame_001823.jpg
[progress] Running detector on frame 2575/5802: /tmp/wilor_train_9773066.FM8uuA/images/0KuJ2t4S_TY_frames/frame_001848.jpg
[progress] Running detector on frame 2600/5802: /tmp/wilor_train_9773066.FM8uuA/images/0KuJ2t4S_TY_frames/frame_001873.jpg
[progress] Running detector on frame 2625/5802: /tmp/wilor_train_9773066.FM8uuA/images/0KuJ2t4S_TY_frames/frame_001898.jpg
[progress] Running detector on frame 2650/5802: /tmp/wilor_train_9773066.FM8uuA/images/0KuJ2t4S_TY_frames/frame_001923.jpg
[progress] Running detector on frame 2675/5802: /tmp/wilor_train_9773066.FM8uuA/images/0KuJ2t4S_TY_frames/frame_001948.jpg
[progress] Running detector on frame 2700/5802: /tmp/wilor_train_9773066.FM8uuA/images/0KuJ2t4S_TY_frames/frame_001973.jpg
[progress] Running detector on frame 2725/5802: /tmp/wilor_train_9773066.FM8uuA/images/0KuJ2t4S_TY_frames/frame_001998.jpg
[progress] Running detector on frame 2750/5802: /tmp/wilor_train_9773066.FM8uuA/images/0KuJ2t4S_TY_frames/frame_002023.jpg
[progress] Running detector on frame 2775/5802: /tmp/wilor_train_9773066.FM8uuA/images/0KuJ2t4S_TY_frames/frame_002048.jpg
[progress] Running detector on frame 2800/5802: /tmp/wilor_train_9773066.FM8uuA/images/0KuJ2t4S_TY_frames/frame_002073.jpg
[progress] Running detector on frame 2825/5802: /tmp/wilor_train_9773066.FM8uuA/images/0KuJ2t4S_TY_frames/frame_002098.jpg
[progress] Running detector on frame 2850/5802: /tmp/wilor_train_9773066.FM8uuA/images/0KuJ2t4S_TY_frames/frame_002123.jpg
[progress] Running detector on frame 2875/5802: /tmp/wilor_train_9773066.FM8uuA/images/0KuJ2t4S_TY_frames/frame_002148.jpg
[progress] Running detector on frame 2900/5802: /tmp/wilor_train_9773066.FM8uuA/images/0KuJ2t4S_TY_frames/frame_002173.jpg
[progress] Running detector on frame 2925/5802: /tmp/wilor_train_9773066.FM8uuA/images/0KuJ2t4S_TY_frames/frame_002198.jpg
[progress] Running detector on frame 2950/5802: /tmp/wilor_train_9773066.FM8uuA/images/0KuJ2t4S_TY_frames/frame_002223.jpg
[progress] Running detector on frame 2975/5802: /tmp/wilor_train_9773066.FM8uuA/images/0KuJ2t4S_TY_frames/frame_002248.jpg
[progress] Running detector on frame 3000/5802: /tmp/wilor_train_9773066.FM8uuA/images/0KuJ2t4S_TY_frames/frame_002273.jpg
[progress] Running detector on frame 3025/5802: /tmp/wilor_train_9773066.FM8uuA/images/0KuJ2t4S_TY_frames/frame_002298.jpg
[progress] Running detector on frame 3050/5802: /tmp/wilor_train_9773066.FM8uuA/images/0KuJ2t4S_TY_frames/frame_002323.jpg
[progress] Running detector on frame 3075/5802: /tmp/wilor_train_9773066.FM8uuA/images/0KuJ2t4S_TY_frames/frame_002348.jpg
[progress] Running detector on frame 3100/5802: /tmp/wilor_train_9773066.FM8uuA/images/0KuJ2t4S_TY_frames/frame_002373.jpg
[progress] Running detector on frame 3125/5802: /tmp/wilor_train_9773066.FM8uuA/images/0KuJ2t4S_TY_frames/frame_002398.jpg
[progress] Running detector on frame 3150/5802: /tmp/wilor_train_9773066.FM8uuA/images/0gzQAgjx39o_frames/frame_000013.jpg
[progress] Running detector on frame 3175/5802: /tmp/wilor_train_9773066.FM8uuA/images/0gzQAgjx39o_frames/frame_000038.jpg
[progress] Running detector on frame 3200/5802: /tmp/wilor_train_9773066.FM8uuA/images/0gzQAgjx39o_frames/frame_000063.jpg
[progress] Running detector on frame 3225/5802: /tmp/wilor_train_9773066.FM8uuA/images/0gzQAgjx39o_frames/frame_000088.jpg
[progress] Running detector on frame 3250/5802: /tmp/wilor_train_9773066.FM8uuA/images/0gzQAgjx39o_frames/frame_000113.jpg
[progress] Running detector on frame 3275/5802: /tmp/wilor_train_9773066.FM8uuA/images/0gzQAgjx39o_frames/frame_000138.jpg
[progress] Running detector on frame 3300/5802: /tmp/wilor_train_9773066.FM8uuA/images/0gzQAgjx39o_frames/frame_000163.jpg
[progress] Running detector on frame 3325/5802: /tmp/wilor_train_9773066.FM8uuA/images/0gzQAgjx39o_frames/frame_000188.jpg
[progress] Running detector on frame 3350/5802: /tmp/wilor_train_9773066.FM8uuA/images/0gzQAgjx39o_frames/frame_000213.jpg
[progress] Running detector on frame 3375/5802: /tmp/wilor_train_9773066.FM8uuA/images/0gzQAgjx39o_frames/frame_000238.jpg
[progress] Running detector on frame 3400/5802: /tmp/wilor_train_9773066.FM8uuA/images/0gzQAgjx39o_frames/frame_000263.jpg
[progress] Running detector on frame 3425/5802: /tmp/wilor_train_9773066.FM8uuA/images/0gzQAgjx39o_frames/frame_000288.jpg
[progress] Running detector on frame 3450/5802: /tmp/wilor_train_9773066.FM8uuA/images/0gzQAgjx39o_frames/frame_000313.jpg
[progress] Running detector on frame 3475/5802: /tmp/wilor_train_9773066.FM8uuA/images/0gzQAgjx39o_frames/frame_000338.jpg
[progress] Running detector on frame 3500/5802: /tmp/wilor_train_9773066.FM8uuA/images/0gzQAgjx39o_frames/frame_000363.jpg
[progress] Running detector on frame 3525/5802: /tmp/wilor_train_9773066.FM8uuA/images/0gzQAgjx39o_frames/frame_000388.jpg
[progress] Running detector on frame 3550/5802: /tmp/wilor_train_9773066.FM8uuA/images/0gzQAgjx39o_frames/frame_000413.jpg
[progress] Running detector on frame 3575/5802: /tmp/wilor_train_9773066.FM8uuA/images/0gzQAgjx39o_frames/frame_000438.jpg
[progress] Running detector on frame 3600/5802: /tmp/wilor_train_9773066.FM8uuA/images/0gzQAgjx39o_frames/frame_000463.jpg
[progress] Running detector on frame 3625/5802: /tmp/wilor_train_9773066.FM8uuA/images/0gzQAgjx39o_frames/frame_000488.jpg
[progress] Running detector on frame 3650/5802: /tmp/wilor_train_9773066.FM8uuA/images/0gzQAgjx39o_frames/frame_000513.jpg
[progress] Running detector on frame 3675/5802: /tmp/wilor_train_9773066.FM8uuA/images/0gzQAgjx39o_frames/frame_000538.jpg
[progress] Running detector on frame 3700/5802: /tmp/wilor_train_9773066.FM8uuA/images/0gzQAgjx39o_frames/frame_000563.jpg
[progress] Running detector on frame 3725/5802: /tmp/wilor_train_9773066.FM8uuA/images/0gzQAgjx39o_frames/frame_000588.jpg
[progress] Running detector on frame 3750/5802: /tmp/wilor_train_9773066.FM8uuA/images/0gzQAgjx39o_frames/frame_000613.jpg
[progress] Running detector on frame 3775/5802: /tmp/wilor_train_9773066.FM8uuA/images/0gzQAgjx39o_frames/frame_000638.jpg
[progress] Running detector on frame 3800/5802: /tmp/wilor_train_9773066.FM8uuA/images/0gzQAgjx39o_frames/frame_000663.jpg
[progress] Running detector on frame 3825/5802: /tmp/wilor_train_9773066.FM8uuA/images/0gzQAgjx39o_frames/frame_000688.jpg
[progress] Running detector on frame 3850/5802: /tmp/wilor_train_9773066.FM8uuA/images/0gzQAgjx39o_frames/frame_000713.jpg
[progress] Running detector on frame 3875/5802: /tmp/wilor_train_9773066.FM8uuA/images/0gzQAgjx39o_frames/frame_000738.jpg
[progress] Running detector on frame 3900/5802: /tmp/wilor_train_9773066.FM8uuA/images/0gzQAgjx39o_frames/frame_000763.jpg
[progress] Running detector on frame 3925/5802: /tmp/wilor_train_9773066.FM8uuA/images/0gzQAgjx39o_frames/frame_000788.jpg
[progress] Running detector on frame 3950/5802: /tmp/wilor_train_9773066.FM8uuA/images/0gzQAgjx39o_frames/frame_000813.jpg
[progress] Running detector on frame 3975/5802: /tmp/wilor_train_9773066.FM8uuA/images/0gzQAgjx39o_frames/frame_000838.jpg
[progress] Running detector on frame 4000/5802: /tmp/wilor_train_9773066.FM8uuA/images/0gzQAgjx39o_frames/frame_000863.jpg
[progress] Running detector on frame 4025/5802: /tmp/wilor_train_9773066.FM8uuA/images/0gzQAgjx39o_frames/frame_000888.jpg
[progress] Running detector on frame 4050/5802: /tmp/wilor_train_9773066.FM8uuA/images/0gzQAgjx39o_frames/frame_000913.jpg
[progress] Running detector on frame 4075/5802: /tmp/wilor_train_9773066.FM8uuA/images/0gzQAgjx39o_frames/frame_000938.jpg
[progress] Running detector on frame 4100/5802: /tmp/wilor_train_9773066.FM8uuA/images/0gzQAgjx39o_frames/frame_000963.jpg
[progress] Running detector on frame 4125/5802: /tmp/wilor_train_9773066.FM8uuA/images/0gzQAgjx39o_frames/frame_000988.jpg
[progress] Running detector on frame 4150/5802: /tmp/wilor_train_9773066.FM8uuA/images/0rq4nkWlO2E_frames/frame_000021.jpg
[progress] Running detector on frame 4175/5802: /tmp/wilor_train_9773066.FM8uuA/images/0rq4nkWlO2E_frames/frame_000046.jpg
[progress] Running detector on frame 4200/5802: /tmp/wilor_train_9773066.FM8uuA/images/0rq4nkWlO2E_frames/frame_000071.jpg
[progress] Running detector on frame 4225/5802: /tmp/wilor_train_9773066.FM8uuA/images/0rq4nkWlO2E_frames/frame_000096.jpg
[progress] Running detector on frame 4250/5802: /tmp/wilor_train_9773066.FM8uuA/images/0rq4nkWlO2E_frames/frame_000121.jpg
[progress] Running detector on frame 4275/5802: /tmp/wilor_train_9773066.FM8uuA/images/0rq4nkWlO2E_frames/frame_000146.jpg
[progress] Running detector on frame 4300/5802: /tmp/wilor_train_9773066.FM8uuA/images/0rq4nkWlO2E_frames/frame_000171.jpg
[progress] Running detector on frame 4325/5802: /tmp/wilor_train_9773066.FM8uuA/images/0rq4nkWlO2E_frames/frame_000196.jpg
[progress] Running detector on frame 4350/5802: /tmp/wilor_train_9773066.FM8uuA/images/0rq4nkWlO2E_frames/frame_000221.jpg
[progress] Running detector on frame 4375/5802: /tmp/wilor_train_9773066.FM8uuA/images/0rq4nkWlO2E_frames/frame_000246.jpg
[progress] Running detector on frame 4400/5802: /tmp/wilor_train_9773066.FM8uuA/images/0rq4nkWlO2E_frames/frame_000271.jpg
[progress] Running detector on frame 4425/5802: /tmp/wilor_train_9773066.FM8uuA/images/0rq4nkWlO2E_frames/frame_000296.jpg
[progress] Running detector on frame 4450/5802: /tmp/wilor_train_9773066.FM8uuA/images/0rq4nkWlO2E_frames/frame_000321.jpg
[progress] Running detector on frame 4475/5802: /tmp/wilor_train_9773066.FM8uuA/images/0rq4nkWlO2E_frames/frame_000346.jpg
[progress] Running detector on frame 4500/5802: /tmp/wilor_train_9773066.FM8uuA/images/0rq4nkWlO2E_frames/frame_000371.jpg
[progress] Running detector on frame 4525/5802: /tmp/wilor_train_9773066.FM8uuA/images/0rq4nkWlO2E_frames/frame_000396.jpg
[progress] Running detector on frame 4550/5802: /tmp/wilor_train_9773066.FM8uuA/images/0rq4nkWlO2E_frames/frame_000421.jpg
[progress] Running detector on frame 4575/5802: /tmp/wilor_train_9773066.FM8uuA/images/0rq4nkWlO2E_frames/frame_000446.jpg
[progress] Running detector on frame 4600/5802: /tmp/wilor_train_9773066.FM8uuA/images/0rq4nkWlO2E_frames/frame_000471.jpg
[progress] Running detector on frame 4625/5802: /tmp/wilor_train_9773066.FM8uuA/images/0rq4nkWlO2E_frames/frame_000496.jpg
[progress] Running detector on frame 4650/5802: /tmp/wilor_train_9773066.FM8uuA/images/0rq4nkWlO2E_frames/frame_000521.jpg
[progress] Running detector on frame 4675/5802: /tmp/wilor_train_9773066.FM8uuA/images/0rq4nkWlO2E_frames/frame_000546.jpg
[progress] Running detector on frame 4700/5802: /tmp/wilor_train_9773066.FM8uuA/images/0rq4nkWlO2E_frames/frame_000571.jpg
[progress] Running detector on frame 4725/5802: /tmp/wilor_train_9773066.FM8uuA/images/0rq4nkWlO2E_frames/frame_000596.jpg
[progress] Running detector on frame 4750/5802: /tmp/wilor_train_9773066.FM8uuA/images/0rq4nkWlO2E_frames/frame_000621.jpg
[progress] Running detector on frame 4775/5802: /tmp/wilor_train_9773066.FM8uuA/images/0rq4nkWlO2E_frames/frame_000646.jpg
[progress] Running detector on frame 4800/5802: /tmp/wilor_train_9773066.FM8uuA/images/0rq4nkWlO2E_frames/frame_000671.jpg
[progress] Running detector on frame 4825/5802: /tmp/wilor_train_9773066.FM8uuA/images/0rq4nkWlO2E_frames/frame_000696.jpg
[progress] Running detector on frame 4850/5802: /tmp/wilor_train_9773066.FM8uuA/images/0rq4nkWlO2E_frames/frame_000721.jpg
[progress] Running detector on frame 4875/5802: /tmp/wilor_train_9773066.FM8uuA/images/SlksdQT5JRE_frames/frame_000018.jpg
[progress] Running detector on frame 4900/5802: /tmp/wilor_train_9773066.FM8uuA/images/SlksdQT5JRE_frames/frame_000043.jpg
[progress] Running detector on frame 4925/5802: /tmp/wilor_train_9773066.FM8uuA/images/SlksdQT5JRE_frames/frame_000068.jpg
[progress] Running detector on frame 4950/5802: /tmp/wilor_train_9773066.FM8uuA/images/SlksdQT5JRE_frames/frame_000093.jpg
[progress] Running detector on frame 4975/5802: /tmp/wilor_train_9773066.FM8uuA/images/SlksdQT5JRE_frames/frame_000118.jpg
[progress] Running detector on frame 5000/5802: /tmp/wilor_train_9773066.FM8uuA/images/SlksdQT5JRE_frames/frame_000143.jpg
[progress] Running detector on frame 5025/5802: /tmp/wilor_train_9773066.FM8uuA/images/SlksdQT5JRE_frames/frame_000168.jpg
[progress] Running detector on frame 5050/5802: /tmp/wilor_train_9773066.FM8uuA/images/SlksdQT5JRE_frames/frame_000193.jpg
[progress] Running detector on frame 5075/5802: /tmp/wilor_train_9773066.FM8uuA/images/SlksdQT5JRE_frames/frame_000218.jpg
[progress] Running detector on frame 5100/5802: /tmp/wilor_train_9773066.FM8uuA/images/SlksdQT5JRE_frames/frame_000243.jpg
[progress] Running detector on frame 5125/5802: /tmp/wilor_train_9773066.FM8uuA/images/SlksdQT5JRE_frames/frame_000268.jpg
[progress] Running detector on frame 5150/5802: /tmp/wilor_train_9773066.FM8uuA/images/SlksdQT5JRE_frames/frame_000293.jpg
[progress] Running detector on frame 5175/5802: /tmp/wilor_train_9773066.FM8uuA/images/SlksdQT5JRE_frames/frame_000318.jpg
[progress] Running detector on frame 5200/5802: /tmp/wilor_train_9773066.FM8uuA/images/SlksdQT5JRE_frames/frame_000343.jpg
[progress] Running detector on frame 5225/5802: /tmp/wilor_train_9773066.FM8uuA/images/SlksdQT5JRE_frames/frame_000368.jpg
[progress] Running detector on frame 5250/5802: /tmp/wilor_train_9773066.FM8uuA/images/SlksdQT5JRE_frames/frame_000393.jpg
[progress] Running detector on frame 5275/5802: /tmp/wilor_train_9773066.FM8uuA/images/SlksdQT5JRE_frames/frame_000418.jpg
[progress] Running detector on frame 5300/5802: /tmp/wilor_train_9773066.FM8uuA/images/SlksdQT5JRE_frames/frame_000443.jpg
[progress] Running detector on frame 5325/5802: /tmp/wilor_train_9773066.FM8uuA/images/SlksdQT5JRE_frames/frame_000468.jpg
[progress] Running detector on frame 5350/5802: /tmp/wilor_train_9773066.FM8uuA/images/SlksdQT5JRE_frames/frame_000493.jpg
[progress] Running detector on frame 5375/5802: /tmp/wilor_train_9773066.FM8uuA/images/SlksdQT5JRE_frames/frame_000518.jpg
[progress] Running detector on frame 5400/5802: /tmp/wilor_train_9773066.FM8uuA/images/SlksdQT5JRE_frames/frame_000543.jpg
[progress] Running detector on frame 5425/5802: /tmp/wilor_train_9773066.FM8uuA/images/SlksdQT5JRE_frames/frame_000568.jpg
[progress] Running detector on frame 5450/5802: /tmp/wilor_train_9773066.FM8uuA/images/SlksdQT5JRE_frames/frame_000593.jpg
[progress] Running detector on frame 5475/5802: /tmp/wilor_train_9773066.FM8uuA/images/SlksdQT5JRE_frames/frame_000618.jpg
[progress] Running detector on frame 5500/5802: /tmp/wilor_train_9773066.FM8uuA/images/SlksdQT5JRE_frames/frame_000643.jpg
[progress] Running detector on frame 5525/5802: /tmp/wilor_train_9773066.FM8uuA/images/SlksdQT5JRE_frames/frame_000668.jpg
[progress] Running detector on frame 5550/5802: /tmp/wilor_train_9773066.FM8uuA/images/SlksdQT5JRE_frames/frame_000693.jpg
[progress] Running detector on frame 5575/5802: /tmp/wilor_train_9773066.FM8uuA/images/SlksdQT5JRE_frames/frame_000718.jpg
[progress] Running detector on frame 5600/5802: /tmp/wilor_train_9773066.FM8uuA/images/SlksdQT5JRE_frames/frame_000743.jpg
[progress] Running detector on frame 5625/5802: /tmp/wilor_train_9773066.FM8uuA/images/SlksdQT5JRE_frames/frame_000768.jpg
[progress] Running detector on frame 5650/5802: /tmp/wilor_train_9773066.FM8uuA/images/SlksdQT5JRE_frames/frame_000793.jpg
[progress] Running detector on frame 5675/5802: /tmp/wilor_train_9773066.FM8uuA/images/SlksdQT5JRE_frames/frame_000818.jpg
[progress] Running detector on frame 5700/5802: /tmp/wilor_train_9773066.FM8uuA/images/SlksdQT5JRE_frames/frame_000843.jpg
[progress] Running detector on frame 5725/5802: /tmp/wilor_train_9773066.FM8uuA/images/SlksdQT5JRE_frames/frame_000868.jpg
[progress] Running detector on frame 5750/5802: /tmp/wilor_train_9773066.FM8uuA/images/SlksdQT5JRE_frames/frame_000893.jpg
[progress] Running detector on frame 5775/5802: /tmp/wilor_train_9773066.FM8uuA/images/SlksdQT5JRE_frames/frame_000918.jpg
[progress] Running detector on frame 5800/5802: /tmp/wilor_train_9773066.FM8uuA/images/SlksdQT5JRE_frames/frame_000943.jpg
[progress] Running detector on frame 5802/5802: /tmp/wilor_train_9773066.FM8uuA/images/SlksdQT5JRE_frames/frame_000945.jpg
[progress] Saved 9864 detection samples to /scratch/mthakur/manifold/outputs/wilor_finetune/hp_g_scope_refine_net/detections_selected_videos.json
[progress] Finished detection sampling with 9864 sample(s).
[progress] Collected 9864 detector sample(s).
[progress] Splitting samples into train/val with validation_split=0.2.
[progress] Building temporal training windows with size=3, stride=2, gap=1.
[progress] Constructing training dataset and dataloader.
[progress] Building validation temporal windows and dataloader.
[progress] Configuring trainable scope: refine_net
[progress] Initialized learnable temporal scorer.
[progress] Initialized temporal ViPE camera refinement head.
[progress] Creating optimizer and AMP scaler.
[progress] Metrics will be appended to /scratch/mthakur/manifold/outputs/wilor_finetune/hp_g_scope_refine_net/metrics.jsonl
Device: cuda
Experiment: hp_g_scope_refine_net
Videos: 0ElPjqY4Cq8, 0KuJ2t4S_TY, 0gzQAgjx39o, 0rq4nkWlO2E, SlksdQT5JRE
Frames: total=5333 train=4266 val=1067
Samples: total=9864 train=7885 val=1979
Temporal windows: train=2705 val=69 dropped_train=1178 dropped_val=1553
Train scope: refine_net
LoRA: disabled
Trainable params: 8,367,314
Temporal families: temporal_camera, temporal_bbox_projected, temporal_vipe_camera
[progress] Entering optimization loop.
[progress] Fetching first training batch.
[step 00001] loss=20.7961 cam=415.4088 temp_cam=0.0000 bbox_p=0.0004 vipe_t=0.0000
[progress] Running validation at step 1.
             val_loss=19.6303 val_cam=392.4098 val_temp_cam=0.0000 val_bbox_p=0.0003 val_vipe_t=0.0000
[step 00025] loss=17.6435 cam=325.6480 temp_cam=0.0000 bbox_p=0.0001 vipe_t=0.0000
[progress] Running validation at step 25.
             val_loss=16.1131 val_cam=313.0688 val_temp_cam=0.0000 val_bbox_p=0.0005 val_vipe_t=0.0000
[step 00050] loss=12.5450 cam=226.3875 temp_cam=0.0000 bbox_p=0.0040 vipe_t=0.0000
[progress] Running validation at step 50.
             val_loss=13.4135 val_cam=259.9206 val_temp_cam=0.0000 val_bbox_p=0.0007 val_vipe_t=0.0000
[step 00075] loss=3.8748 cam=60.8493 temp_cam=0.0000 bbox_p=0.0004 vipe_t=0.0000
[progress] Running validation at step 75.
             val_loss=12.0548 val_cam=229.9613 val_temp_cam=0.0000 val_bbox_p=0.0009 val_vipe_t=0.0000
[step 00100] loss=8.7817 cam=162.1250 temp_cam=0.0000 bbox_p=0.0003 vipe_t=0.0000
[progress] Running validation at step 100.
             val_loss=11.2967 val_cam=211.3703 val_temp_cam=0.0000 val_bbox_p=0.0011 val_vipe_t=0.0000
[progress] Saved latest checkpoint at step 100.
[step 00125] loss=6.6403 cam=109.5550 temp_cam=0.0000 bbox_p=0.0002 vipe_t=0.0000
[progress] Running validation at step 125.
             val_loss=10.5083 val_cam=194.5524 val_temp_cam=0.0000 val_bbox_p=0.0012 val_vipe_t=0.0000
[step 00150] loss=6.3373 cam=99.2597 temp_cam=0.0000 bbox_p=0.0009 vipe_t=0.0000
[progress] Running validation at step 150.
             val_loss=10.1621 val_cam=185.7688 val_temp_cam=0.0000 val_bbox_p=0.0014 val_vipe_t=0.0000
[step 00175] loss=4.2850 cam=61.1973 temp_cam=0.0000 bbox_p=0.0031 vipe_t=0.0000
[progress] Running validation at step 175.
             val_loss=9.8150 val_cam=180.2771 val_temp_cam=0.0000 val_bbox_p=0.0015 val_vipe_t=0.0000
[step 00200] loss=7.0866 cam=118.4149 temp_cam=0.0000 bbox_p=0.0035 vipe_t=0.0000
[progress] Running validation at step 200.
             val_loss=9.5645 val_cam=171.9460 val_temp_cam=0.0000 val_bbox_p=0.0016 val_vipe_t=0.0000
[progress] Saved latest checkpoint at step 200.
[step 00225] loss=14.4883 cam=245.5949 temp_cam=0.0000 bbox_p=0.0007 vipe_t=0.0000
[progress] Running validation at step 225.
             val_loss=9.0102 val_cam=160.8985 val_temp_cam=0.0000 val_bbox_p=0.0019 val_vipe_t=0.0000
[step 00250] loss=15.1217 cam=223.6502 temp_cam=0.0000 bbox_p=0.0006 vipe_t=0.0000
[progress] Running validation at step 250.
             val_loss=8.7958 val_cam=145.9541 val_temp_cam=0.0000 val_bbox_p=0.0022 val_vipe_t=0.0000
[step 00275] loss=13.0735 cam=208.0833 temp_cam=0.0000 bbox_p=0.0011 vipe_t=0.0000
[progress] Running validation at step 275.
             val_loss=8.3324 val_cam=139.3649 val_temp_cam=0.0000 val_bbox_p=0.0025 val_vipe_t=0.0000
[step 00300] loss=13.8548 cam=226.4912 temp_cam=0.0000 bbox_p=0.0083 vipe_t=0.0000
[progress] Running validation at step 300.
             val_loss=7.9985 val_cam=129.2861 val_temp_cam=0.0000 val_bbox_p=0.0031 val_vipe_t=0.0000
[progress] Saved latest checkpoint at step 300.
[step 00325] loss=7.2527 cam=115.3278 temp_cam=0.0000 bbox_p=0.0041 vipe_t=0.0000
[progress] Running validation at step 325.
             val_loss=7.6615 val_cam=124.8736 val_temp_cam=0.0000 val_bbox_p=0.0032 val_vipe_t=0.0000
[step 00350] loss=9.6521 cam=109.2925 temp_cam=0.0000 bbox_p=0.0007 vipe_t=0.0000
[progress] Running validation at step 350.
             val_loss=8.9376 val_cam=124.5056 val_temp_cam=0.0000 val_bbox_p=0.0032 val_vipe_t=0.0000
[step 00375] loss=7.6031 cam=119.4995 temp_cam=0.0000 bbox_p=0.0003 vipe_t=0.0000
[progress] Running validation at step 375.
             val_loss=7.9976 val_cam=126.1961 val_temp_cam=0.0000 val_bbox_p=0.0034 val_vipe_t=0.0000
[step 00400] loss=5.9592 cam=69.6719 temp_cam=0.0000 bbox_p=0.0047 vipe_t=0.0000
[progress] Running validation at step 400.
             val_loss=7.6878 val_cam=126.2610 val_temp_cam=0.0000 val_bbox_p=0.0032 val_vipe_t=0.0000
[progress] Saved latest checkpoint at step 400.
[step 00425] loss=8.0293 cam=64.2562 temp_cam=0.0000 bbox_p=0.0004 vipe_t=0.0000
[progress] Running validation at step 425.
             val_loss=8.7973 val_cam=129.0413 val_temp_cam=0.0000 val_bbox_p=0.0032 val_vipe_t=0.0000
[step 00450] loss=11.9837 cam=156.8997 temp_cam=0.0000 bbox_p=0.0007 vipe_t=0.0000
[progress] Running validation at step 450.
             val_loss=7.8601 val_cam=130.9845 val_temp_cam=0.0000 val_bbox_p=0.0030 val_vipe_t=0.0000
[step 00475] loss=6.1488 cam=87.4460 temp_cam=0.0000 bbox_p=0.0021 vipe_t=0.0000
[progress] Running validation at step 475.
             val_loss=8.0016 val_cam=133.9061 val_temp_cam=0.0000 val_bbox_p=0.0028 val_vipe_t=0.0000
[step 00500] loss=6.7714 cam=68.3619 temp_cam=0.0000 bbox_p=0.0028 vipe_t=0.0000
[progress] Running validation at step 500.
             val_loss=7.9998 val_cam=131.9099 val_temp_cam=0.0000 val_bbox_p=0.0030 val_vipe_t=0.0000
[progress] Saved latest checkpoint at step 500.
Finished fine-tuning. Best val_loss_total: 7.6615
Saved checkpoints under: /scratch/mthakur/manifold/outputs/wilor_finetune/hp_g_scope_refine_net
[progress] Containerized training process exited cleanly.
===============================================
Job finished at: Tue Apr 28 00:28:28 CEST 2026
Execution took 0.72 hours
Writing output to SLURM_logs/wilor-train_114.out
===============================================
