Loaded modules:

Currently Loaded Modules:
  1) slurm/current    3) gcc/11.3.0   5) cuda/11.7
  2) DefaultModules   4) 2024r1

 

Wed Jun 10 00:47:00 2026       
+-----------------------------------------------------------------------------------------+
| NVIDIA-SMI 580.159.04             Driver Version: 580.159.04     CUDA Version: 13.0     |
+-----------------------------------------+------------------------+----------------------+
| GPU  Name                 Persistence-M | Bus-Id          Disp.A | Volatile Uncorr. ECC |
| Fan  Temp   Perf          Pwr:Usage/Cap |           Memory-Usage | GPU-Util  Compute M. |
|                                         |                        |               MIG M. |
|=========================================+========================+======================|
|   0  NVIDIA A100 80GB PCIe          On  |   00000000:16:00.0 Off |                   On |
| N/A   51C    P0            124W /  300W |   17022MiB /  81920MiB |     N/A      Default |
|                                         |                        |              Enabled |
+-----------------------------------------+------------------------+----------------------+

+-----------------------------------------------------------------------------------------+
| MIG devices:                                                                            |
+------------------+----------------------------------+-----------+-----------------------+
| GPU  GI  CI  MIG |              Shared Memory-Usage |        Vol|        Shared         |
|      ID  ID  Dev |                Shared BAR1-Usage | SM     Unc| CE ENC  DEC  OFA  JPG |
|                  |                                  |        ECC|                       |
|==================+==================================+===========+=======================|
|  0    7   0   0  |              36MiB /  9728MiB    | 14      0 |  1   0    0    0    0 |
|                  |               0MiB /  6135MiB    |           |                       |
+------------------+----------------------------------+-----------+-----------------------+

+-----------------------------------------------------------------------------------------+
| Processes:                                                                              |
|  GPU   GI   CI              PID   Type   Process name                        GPU Memory |
|        ID   ID                                                               Usage      |
|=========================================================================================|
|  No running processes found                                                             |
+-----------------------------------------------------------------------------------------+
================ SLURM JOB INFO ================
Job ID:         10143237
Job Name:       wilor-inference
Partition:      gpu-a100-small
Node List:      gpu020
CPUs per task:  2
GPUs per task:  1
Memory per GPU: 10240
Submit dir:     /scratch/mthakur/manifold/models/wilor_hands
Work dir:       /scratch/mthakur/manifold/models/wilor_hands
Job started at: Wed Jun 10 00:47:00 CEST 2026
===============================================
WiLoR video: /scratch/mthakur/manifold/data/test/edge_cases_leaving_180_soumen.mp4
WiLoR output root: /scratch/mthakur/manifold/outputs/wilor
WiLoR completion marker: /scratch/mthakur/manifold/outputs/wilor/_completed/edge_cases_leaving_180_soumen.json
WiLoR frame cache root: /scratch/mthakur/manifold/data/test
/.venv/lib/python3.10/site-packages/timm/models/layers/__init__.py:49: FutureWarning: Importing from timm.models.layers is deprecated, please import via timm.layers
  warnings.warn(f"Importing from {__name__} is deprecated, please import via timm.layers", FutureWarning)
[progress] Loading WiLoR checkpoint: ./pretrained_models/wilor_final.ckpt
Loading  ./pretrained_models/wilor_final.ckpt
WARNING: You are using a MANO model, with only 10 shape coefficients.
[progress] Loading detector: ./pretrained_models/detector.pt

Processing: edge_cases_leaving_180_soumen:frame_000000
No detections, skipping.

Processing: edge_cases_leaving_180_soumen:frame_000001
No detections, skipping.

Processing: edge_cases_leaving_180_soumen:frame_000002
No detections, skipping.

Processing: edge_cases_leaving_180_soumen:frame_000003
No detections, skipping.

Processing: edge_cases_leaving_180_soumen:frame_000004
No detections, skipping.

Processing: edge_cases_leaving_180_soumen:frame_000005
No detections, skipping.

Processing: edge_cases_leaving_180_soumen:frame_000006
No detections, skipping.

Processing: edge_cases_leaving_180_soumen:frame_000007
No detections, skipping.

Processing: edge_cases_leaving_180_soumen:frame_000008
No detections, skipping.

Processing: edge_cases_leaving_180_soumen:frame_000009
No detections, skipping.

Processing: edge_cases_leaving_180_soumen:frame_000010

Processing: edge_cases_leaving_180_soumen:frame_000011

Processing: edge_cases_leaving_180_soumen:frame_000012

Processing: edge_cases_leaving_180_soumen:frame_000013

Processing: edge_cases_leaving_180_soumen:frame_000014

Processing: edge_cases_leaving_180_soumen:frame_000015

Processing: edge_cases_leaving_180_soumen:frame_000016

Processing: edge_cases_leaving_180_soumen:frame_000017

Processing: edge_cases_leaving_180_soumen:frame_000018

Processing: edge_cases_leaving_180_soumen:frame_000019

Processing: edge_cases_leaving_180_soumen:frame_000020

Processing: edge_cases_leaving_180_soumen:frame_000021

Processing: edge_cases_leaving_180_soumen:frame_000022

Processing: edge_cases_leaving_180_soumen:frame_000023

Processing: edge_cases_leaving_180_soumen:frame_000024
No detections, skipping.

Processing: edge_cases_leaving_180_soumen:frame_000025
No detections, skipping.

Processing: edge_cases_leaving_180_soumen:frame_000026
No detections, skipping.

Processing: edge_cases_leaving_180_soumen:frame_000027
No detections, skipping.

Processing: edge_cases_leaving_180_soumen:frame_000028
No detections, skipping.

Processing: edge_cases_leaving_180_soumen:frame_000029
No detections, skipping.

Processing: edge_cases_leaving_180_soumen:frame_000030
No detections, skipping.

Processing: edge_cases_leaving_180_soumen:frame_000031
No detections, skipping.

Processing: edge_cases_leaving_180_soumen:frame_000032
No detections, skipping.

Processing: edge_cases_leaving_180_soumen:frame_000033
No detections, skipping.

Processing: edge_cases_leaving_180_soumen:frame_000034
No detections, skipping.

Processing: edge_cases_leaving_180_soumen:frame_000035
No detections, skipping.

Processing: edge_cases_leaving_180_soumen:frame_000036
No detections, skipping.

Processing: edge_cases_leaving_180_soumen:frame_000037
No detections, skipping.

Processing: edge_cases_leaving_180_soumen:frame_000038
No detections, skipping.

Processing: edge_cases_leaving_180_soumen:frame_000039
No detections, skipping.

Processing: edge_cases_leaving_180_soumen:frame_000040
No detections, skipping.

Processing: edge_cases_leaving_180_soumen:frame_000041
No detections, skipping.

Processing: edge_cases_leaving_180_soumen:frame_000042
No detections, skipping.

Processing: edge_cases_leaving_180_soumen:frame_000043
No detections, skipping.

Processing: edge_cases_leaving_180_soumen:frame_000044
No detections, skipping.

Processing: edge_cases_leaving_180_soumen:frame_000045
No detections, skipping.

Processing: edge_cases_leaving_180_soumen:frame_000046
No detections, skipping.

Processing: edge_cases_leaving_180_soumen:frame_000047
No detections, skipping.

Processing: edge_cases_leaving_180_soumen:frame_000048
No detections, skipping.

Processing: edge_cases_leaving_180_soumen:frame_000049
No detections, skipping.

Processing: edge_cases_leaving_180_soumen:frame_000050
No detections, skipping.

Processing: edge_cases_leaving_180_soumen:frame_000051

Processing: edge_cases_leaving_180_soumen:frame_000052

Processing: edge_cases_leaving_180_soumen:frame_000053

Processing: edge_cases_leaving_180_soumen:frame_000054

Processing: edge_cases_leaving_180_soumen:frame_000055

Processing: edge_cases_leaving_180_soumen:frame_000056

Processing: edge_cases_leaving_180_soumen:frame_000057

Processing: edge_cases_leaving_180_soumen:frame_000058

Processing: edge_cases_leaving_180_soumen:frame_000059

Processing: edge_cases_leaving_180_soumen:frame_000060

Processing: edge_cases_leaving_180_soumen:frame_000061

Processing: edge_cases_leaving_180_soumen:frame_000062

Processing: edge_cases_leaving_180_soumen:frame_000063

Processing: edge_cases_leaving_180_soumen:frame_000064

Processing: edge_cases_leaving_180_soumen:frame_000065

Processing: edge_cases_leaving_180_soumen:frame_000066
No detections, skipping.

Processing: edge_cases_leaving_180_soumen:frame_000067
No detections, skipping.

Processing: edge_cases_leaving_180_soumen:frame_000068
No detections, skipping.

Processing: edge_cases_leaving_180_soumen:frame_000069
No detections, skipping.

Processing: edge_cases_leaving_180_soumen:frame_000070
No detections, skipping.

Processing: edge_cases_leaving_180_soumen:frame_000071
No detections, skipping.

Processing: edge_cases_leaving_180_soumen:frame_000072
No detections, skipping.

Processing: edge_cases_leaving_180_soumen:frame_000073
No detections, skipping.

Processing: edge_cases_leaving_180_soumen:frame_000074
No detections, skipping.

Processing: edge_cases_leaving_180_soumen:frame_000075
No detections, skipping.

Processing: edge_cases_leaving_180_soumen:frame_000076
No detections, skipping.

Processing: edge_cases_leaving_180_soumen:frame_000077
No detections, skipping.

Processing: edge_cases_leaving_180_soumen:frame_000078
No detections, skipping.

Processing: edge_cases_leaving_180_soumen:frame_000079
No detections, skipping.

Processing: edge_cases_leaving_180_soumen:frame_000080
No detections, skipping.

Processing: edge_cases_leaving_180_soumen:frame_000081
No detections, skipping.

Processing: edge_cases_leaving_180_soumen:frame_000082
No detections, skipping.

Processing: edge_cases_leaving_180_soumen:frame_000083
No detections, skipping.

Processing: edge_cases_leaving_180_soumen:frame_000084
No detections, skipping.

Processing: edge_cases_leaving_180_soumen:frame_000085
No detections, skipping.

Processing: edge_cases_leaving_180_soumen:frame_000086
No detections, skipping.

Processing: edge_cases_leaving_180_soumen:frame_000087
No detections, skipping.

Processing: edge_cases_leaving_180_soumen:frame_000088
No detections, skipping.

Processing: edge_cases_leaving_180_soumen:frame_000089
No detections, skipping.

Processing: edge_cases_leaving_180_soumen:frame_000090
No detections, skipping.

Processing: edge_cases_leaving_180_soumen:frame_000091
No detections, skipping.

Processing: edge_cases_leaving_180_soumen:frame_000092

Processing: edge_cases_leaving_180_soumen:frame_000093

Processing: edge_cases_leaving_180_soumen:frame_000094

Processing: edge_cases_leaving_180_soumen:frame_000095

Processing: edge_cases_leaving_180_soumen:frame_000096

Processing: edge_cases_leaving_180_soumen:frame_000097

Processing: edge_cases_leaving_180_soumen:frame_000098
No detections, skipping.

Processing: edge_cases_leaving_180_soumen:frame_000099

Processing: edge_cases_leaving_180_soumen:frame_000100
No detections, skipping.

Processing: edge_cases_leaving_180_soumen:frame_000101
No detections, skipping.

Processing: edge_cases_leaving_180_soumen:frame_000102
No detections, skipping.

Processing: edge_cases_leaving_180_soumen:frame_000103
No detections, skipping.

Processing: edge_cases_leaving_180_soumen:frame_000104
No detections, skipping.

Processing: edge_cases_leaving_180_soumen:frame_000105
No detections, skipping.

Processing: edge_cases_leaving_180_soumen:frame_000106
No detections, skipping.

Processing: edge_cases_leaving_180_soumen:frame_000107
No detections, skipping.

Processing: edge_cases_leaving_180_soumen:frame_000108
No detections, skipping.

Processing: edge_cases_leaving_180_soumen:frame_000109
No detections, skipping.

Processing: edge_cases_leaving_180_soumen:frame_000110
No detections, skipping.

Processing: edge_cases_leaving_180_soumen:frame_000111
No detections, skipping.

Processing: edge_cases_leaving_180_soumen:frame_000112
No detections, skipping.

Processing: edge_cases_leaving_180_soumen:frame_000113
No detections, skipping.

Processing: edge_cases_leaving_180_soumen:frame_000114
No detections, skipping.

Processing: edge_cases_leaving_180_soumen:frame_000115
No detections, skipping.

Processing: edge_cases_leaving_180_soumen:frame_000116
No detections, skipping.

Processing: edge_cases_leaving_180_soumen:frame_000117
No detections, skipping.

Processing: edge_cases_leaving_180_soumen:frame_000118
No detections, skipping.

Processing: edge_cases_leaving_180_soumen:frame_000119
No detections, skipping.

Processing: edge_cases_leaving_180_soumen:frame_000120
No detections, skipping.

Processing: edge_cases_leaving_180_soumen:frame_000121
No detections, skipping.

Processing: edge_cases_leaving_180_soumen:frame_000122
No detections, skipping.

Processing: edge_cases_leaving_180_soumen:frame_000123
No detections, skipping.

Processing: edge_cases_leaving_180_soumen:frame_000124

Processing: edge_cases_leaving_180_soumen:frame_000125

Processing: edge_cases_leaving_180_soumen:frame_000126

Processing: edge_cases_leaving_180_soumen:frame_000127

Processing: edge_cases_leaving_180_soumen:frame_000128

Processing: edge_cases_leaving_180_soumen:frame_000129

Processing: edge_cases_leaving_180_soumen:frame_000130

Processing: edge_cases_leaving_180_soumen:frame_000131

Processing: edge_cases_leaving_180_soumen:frame_000132

Processing: edge_cases_leaving_180_soumen:frame_000133

Processing: edge_cases_leaving_180_soumen:frame_000134

Processing: edge_cases_leaving_180_soumen:frame_000135

Processing: edge_cases_leaving_180_soumen:frame_000136

Processing: edge_cases_leaving_180_soumen:frame_000137

Processing: edge_cases_leaving_180_soumen:frame_000138

Processing: edge_cases_leaving_180_soumen:frame_000139

Processing: edge_cases_leaving_180_soumen:frame_000140
No detections, skipping.

Processing: edge_cases_leaving_180_soumen:frame_000141
No detections, skipping.

Processing: edge_cases_leaving_180_soumen:frame_000142
No detections, skipping.

Processing: edge_cases_leaving_180_soumen:frame_000143
No detections, skipping.

Processing: edge_cases_leaving_180_soumen:frame_000144
No detections, skipping.

Processing: edge_cases_leaving_180_soumen:frame_000145
No detections, skipping.

Processing: edge_cases_leaving_180_soumen:frame_000146
No detections, skipping.

Processing: edge_cases_leaving_180_soumen:frame_000147
No detections, skipping.

Processing: edge_cases_leaving_180_soumen:frame_000148
No detections, skipping.

Processing: edge_cases_leaving_180_soumen:frame_000149
No detections, skipping.

Processing: edge_cases_leaving_180_soumen:frame_000150
No detections, skipping.

Processing: edge_cases_leaving_180_soumen:frame_000151
No detections, skipping.

Processing: edge_cases_leaving_180_soumen:frame_000152
No detections, skipping.

Processing: edge_cases_leaving_180_soumen:frame_000153
No detections, skipping.

Processing: edge_cases_leaving_180_soumen:frame_000154
No detections, skipping.

Processing: edge_cases_leaving_180_soumen:frame_000155
No detections, skipping.

Processing: edge_cases_leaving_180_soumen:frame_000156
No detections, skipping.

Processing: edge_cases_leaving_180_soumen:frame_000157
No detections, skipping.

Processing: edge_cases_leaving_180_soumen:frame_000158
No detections, skipping.

Processing: edge_cases_leaving_180_soumen:frame_000159
No detections, skipping.

Processing: edge_cases_leaving_180_soumen:frame_000160
No detections, skipping.

Processing: edge_cases_leaving_180_soumen:frame_000161
No detections, skipping.

Processing: edge_cases_leaving_180_soumen:frame_000162
No detections, skipping.

Processing: edge_cases_leaving_180_soumen:frame_000163
No detections, skipping.

Processing: edge_cases_leaving_180_soumen:frame_000164

Processing: edge_cases_leaving_180_soumen:frame_000165

Processing: edge_cases_leaving_180_soumen:frame_000166

Processing: edge_cases_leaving_180_soumen:frame_000167

Processing: edge_cases_leaving_180_soumen:frame_000168

Processing: edge_cases_leaving_180_soumen:frame_000169

Processing: edge_cases_leaving_180_soumen:frame_000170

Processing: edge_cases_leaving_180_soumen:frame_000171

Processing: edge_cases_leaving_180_soumen:frame_000172
No detections, skipping.

Processing: edge_cases_leaving_180_soumen:frame_000173

Processing: edge_cases_leaving_180_soumen:frame_000174

Processing: edge_cases_leaving_180_soumen:frame_000175

Processing: edge_cases_leaving_180_soumen:frame_000176

Processing: edge_cases_leaving_180_soumen:frame_000177

Processing: edge_cases_leaving_180_soumen:frame_000178
No detections, skipping.

Processing: edge_cases_leaving_180_soumen:frame_000179
No detections, skipping.

Processing: edge_cases_leaving_180_soumen:frame_000180

Processing: edge_cases_leaving_180_soumen:frame_000181
No detections, skipping.

Processing: edge_cases_leaving_180_soumen:frame_000182
No detections, skipping.

Processing: edge_cases_leaving_180_soumen:frame_000183
No detections, skipping.

Processing: edge_cases_leaving_180_soumen:frame_000184
No detections, skipping.

Processing: edge_cases_leaving_180_soumen:frame_000185
No detections, skipping.

Processing: edge_cases_leaving_180_soumen:frame_000186
No detections, skipping.

Processing: edge_cases_leaving_180_soumen:frame_000187
No detections, skipping.

Processing: edge_cases_leaving_180_soumen:frame_000188
No detections, skipping.

Processing: edge_cases_leaving_180_soumen:frame_000189
No detections, skipping.

Processing: edge_cases_leaving_180_soumen:frame_000190
No detections, skipping.

Processing: edge_cases_leaving_180_soumen:frame_000191
No detections, skipping.

Processing: edge_cases_leaving_180_soumen:frame_000192
No detections, skipping.

Processing: edge_cases_leaving_180_soumen:frame_000193
No detections, skipping.

Processing: edge_cases_leaving_180_soumen:frame_000194
No detections, skipping.

Processing: edge_cases_leaving_180_soumen:frame_000195
No detections, skipping.

Processing: edge_cases_leaving_180_soumen:frame_000196
No detections, skipping.

Processing: edge_cases_leaving_180_soumen:frame_000197
No detections, skipping.

Processing: edge_cases_leaving_180_soumen:frame_000198
No detections, skipping.

Processing: edge_cases_leaving_180_soumen:frame_000199
No detections, skipping.

Processing: edge_cases_leaving_180_soumen:frame_000200
No detections, skipping.

Processing: edge_cases_leaving_180_soumen:frame_000201

Processing: edge_cases_leaving_180_soumen:frame_000202

Processing: edge_cases_leaving_180_soumen:frame_000203

Processing: edge_cases_leaving_180_soumen:frame_000204

Processing: edge_cases_leaving_180_soumen:frame_000205

Processing: edge_cases_leaving_180_soumen:frame_000206

Processing: edge_cases_leaving_180_soumen:frame_000207

Processing: edge_cases_leaving_180_soumen:frame_000208

Processing: edge_cases_leaving_180_soumen:frame_000209

Processing: edge_cases_leaving_180_soumen:frame_000210

Processing: edge_cases_leaving_180_soumen:frame_000211

Processing: edge_cases_leaving_180_soumen:frame_000212

Processing: edge_cases_leaving_180_soumen:frame_000213

Processing: edge_cases_leaving_180_soumen:frame_000214

Processing: edge_cases_leaving_180_soumen:frame_000215

Processing: edge_cases_leaving_180_soumen:frame_000216
No detections, skipping.

Processing: edge_cases_leaving_180_soumen:frame_000217
No detections, skipping.

Processing: edge_cases_leaving_180_soumen:frame_000218
No detections, skipping.

Processing: edge_cases_leaving_180_soumen:frame_000219
No detections, skipping.

Processing: edge_cases_leaving_180_soumen:frame_000220
No detections, skipping.

Processing: edge_cases_leaving_180_soumen:frame_000221
No detections, skipping.

Processing: edge_cases_leaving_180_soumen:frame_000222
No detections, skipping.

Processing: edge_cases_leaving_180_soumen:frame_000223
No detections, skipping.

Processing: edge_cases_leaving_180_soumen:frame_000224
No detections, skipping.

Processing: edge_cases_leaving_180_soumen:frame_000225
No detections, skipping.

Processing: edge_cases_leaving_180_soumen:frame_000226
No detections, skipping.

Processing: edge_cases_leaving_180_soumen:frame_000227
No detections, skipping.

Processing: edge_cases_leaving_180_soumen:frame_000228
No detections, skipping.

Processing: edge_cases_leaving_180_soumen:frame_000229
No detections, skipping.

Processing: edge_cases_leaving_180_soumen:frame_000230
No detections, skipping.

Processing: edge_cases_leaving_180_soumen:frame_000231
No detections, skipping.

Processing: edge_cases_leaving_180_soumen:frame_000232
No detections, skipping.

Processing: edge_cases_leaving_180_soumen:frame_000233
No detections, skipping.

Processing: edge_cases_leaving_180_soumen:frame_000234
No detections, skipping.

Processing: edge_cases_leaving_180_soumen:frame_000235
No detections, skipping.

Processing: edge_cases_leaving_180_soumen:frame_000236
No detections, skipping.

Processing: edge_cases_leaving_180_soumen:frame_000237
No detections, skipping.

Processing: edge_cases_leaving_180_soumen:frame_000238

Processing: edge_cases_leaving_180_soumen:frame_000239

Processing: edge_cases_leaving_180_soumen:frame_000240

Processing: edge_cases_leaving_180_soumen:frame_000241

Processing: edge_cases_leaving_180_soumen:frame_000242

Processing: edge_cases_leaving_180_soumen:frame_000243

Processing: edge_cases_leaving_180_soumen:frame_000244

Processing: edge_cases_leaving_180_soumen:frame_000245

Processing: edge_cases_leaving_180_soumen:frame_000246
No detections, skipping.

Processing: edge_cases_leaving_180_soumen:frame_000247
No detections, skipping.

Processing: edge_cases_leaving_180_soumen:frame_000248
No detections, skipping.

Processing: edge_cases_leaving_180_soumen:frame_000249
No detections, skipping.

Processing: edge_cases_leaving_180_soumen:frame_000250
No detections, skipping.

Processing: edge_cases_leaving_180_soumen:frame_000251
No detections, skipping.

Processing: edge_cases_leaving_180_soumen:frame_000252
No detections, skipping.

Processing: edge_cases_leaving_180_soumen:frame_000253
No detections, skipping.

Processing: edge_cases_leaving_180_soumen:frame_000254
No detections, skipping.

Processing: edge_cases_leaving_180_soumen:frame_000255
No detections, skipping.

Processing: edge_cases_leaving_180_soumen:frame_000256
No detections, skipping.

Processing: edge_cases_leaving_180_soumen:frame_000257
No detections, skipping.

Processing: edge_cases_leaving_180_soumen:frame_000258
No detections, skipping.

Processing: edge_cases_leaving_180_soumen:frame_000259

Processing: edge_cases_leaving_180_soumen:frame_000260
No detections, skipping.

Processing: edge_cases_leaving_180_soumen:frame_000261
No detections, skipping.

Processing: edge_cases_leaving_180_soumen:frame_000262
No detections, skipping.

Processing: edge_cases_leaving_180_soumen:frame_000263
No detections, skipping.

Processing: edge_cases_leaving_180_soumen:frame_000264
No detections, skipping.

Processing: edge_cases_leaving_180_soumen:frame_000265
No detections, skipping.

Processing: edge_cases_leaving_180_soumen:frame_000266
No detections, skipping.

Processing: edge_cases_leaving_180_soumen:frame_000267
No detections, skipping.

Processing: edge_cases_leaving_180_soumen:frame_000268
No detections, skipping.

Processing: edge_cases_leaving_180_soumen:frame_000269
No detections, skipping.

Processing: edge_cases_leaving_180_soumen:frame_000270
No detections, skipping.

Processing: edge_cases_leaving_180_soumen:frame_000271
No detections, skipping.

Processing: edge_cases_leaving_180_soumen:frame_000272
No detections, skipping.

Processing: edge_cases_leaving_180_soumen:frame_000273

Processing: edge_cases_leaving_180_soumen:frame_000274
No detections, skipping.

Processing: edge_cases_leaving_180_soumen:frame_000275
No detections, skipping.

Processing: edge_cases_leaving_180_soumen:frame_000276
No detections, skipping.

Processing: edge_cases_leaving_180_soumen:frame_000277

Processing: edge_cases_leaving_180_soumen:frame_000278

Processing: edge_cases_leaving_180_soumen:frame_000279

Processing: edge_cases_leaving_180_soumen:frame_000280

Processing: edge_cases_leaving_180_soumen:frame_000281

Processing: edge_cases_leaving_180_soumen:frame_000282

Processing: edge_cases_leaving_180_soumen:frame_000283

Processing: edge_cases_leaving_180_soumen:frame_000284

Processing: edge_cases_leaving_180_soumen:frame_000285

Processing: edge_cases_leaving_180_soumen:frame_000286

Processing: edge_cases_leaving_180_soumen:frame_000287

Processing: edge_cases_leaving_180_soumen:frame_000288

Processing: edge_cases_leaving_180_soumen:frame_000289

Processing: edge_cases_leaving_180_soumen:frame_000290

Processing: edge_cases_leaving_180_soumen:frame_000291
No detections, skipping.

Processing: edge_cases_leaving_180_soumen:frame_000292
No detections, skipping.

Processing: edge_cases_leaving_180_soumen:frame_000293
No detections, skipping.

Processing: edge_cases_leaving_180_soumen:frame_000294
No detections, skipping.

Processing: edge_cases_leaving_180_soumen:frame_000295
No detections, skipping.

Processing: edge_cases_leaving_180_soumen:frame_000296

Processing: edge_cases_leaving_180_soumen:frame_000297
No detections, skipping.

Processing: edge_cases_leaving_180_soumen:frame_000298
No detections, skipping.

Processing: edge_cases_leaving_180_soumen:frame_000299
No detections, skipping.

Processing: edge_cases_leaving_180_soumen:frame_000300
No detections, skipping.

Processing: edge_cases_leaving_180_soumen:frame_000301
No detections, skipping.

Processing: edge_cases_leaving_180_soumen:frame_000302
No detections, skipping.

Processing: edge_cases_leaving_180_soumen:frame_000303
No detections, skipping.

Processing: edge_cases_leaving_180_soumen:frame_000304
No detections, skipping.

Processing: edge_cases_leaving_180_soumen:frame_000305
No detections, skipping.

Processing: edge_cases_leaving_180_soumen:frame_000306
No detections, skipping.

Processing: edge_cases_leaving_180_soumen:frame_000307
No detections, skipping.

Processing: edge_cases_leaving_180_soumen:frame_000308
No detections, skipping.

Processing: edge_cases_leaving_180_soumen:frame_000309
No detections, skipping.

Processing: edge_cases_leaving_180_soumen:frame_000310
No detections, skipping.

Processing: edge_cases_leaving_180_soumen:frame_000311
No detections, skipping.

Processing: edge_cases_leaving_180_soumen:frame_000312
No detections, skipping.

Processing: edge_cases_leaving_180_soumen:frame_000313
No detections, skipping.

Processing: edge_cases_leaving_180_soumen:frame_000314

Processing: edge_cases_leaving_180_soumen:frame_000315

Processing: edge_cases_leaving_180_soumen:frame_000316

Processing: edge_cases_leaving_180_soumen:frame_000317

Processing: edge_cases_leaving_180_soumen:frame_000318

Processing: edge_cases_leaving_180_soumen:frame_000319

Processing: edge_cases_leaving_180_soumen:frame_000320

Processing: edge_cases_leaving_180_soumen:frame_000321

Processing: edge_cases_leaving_180_soumen:frame_000322

Processing: edge_cases_leaving_180_soumen:frame_000323

All images processed.
===============================================
Job finished at: Wed Jun 10 00:48:54 CEST 2026
Execution took 0.03 hours
Writing output to SLURM_logs/wilor-inference_838.out
Retained WiLoR outputs: /scratch/mthakur/manifold/outputs/wilor/edge_cases_leaving_180_soumen/meshes
===============================================
