Loaded modules:

Currently Loaded Modules:
  1) slurm/current    3) gcc/11.3.0   5) cuda/11.7
  2) DefaultModules   4) 2024r1

 

================ SLURM JOB INFO ================
Job ID:         9255081
Job Name:       wilor-inference
Partition:      gpu-a100-small
Node List:      gpu020
CPUs per task:  2
Memory per CPU: 
GPUs per task:  1
Memory per GPU: 10240
Submit dir:     /scratch/mthakur/manifold/models/wilor_hands
Work dir:       /scratch/mthakur/manifold/models/wilor_hands
Job started at: Wed Feb 25 17:46:06 CET 2026
===============================================
/.venv/lib/python3.10/site-packages/timm/models/layers/__init__.py:49: FutureWarning: Importing from timm.models.layers is deprecated, please import via timm.layers
  warnings.warn(f"Importing from {__name__} is deprecated, please import via timm.layers", FutureWarning)
Loading  ./pretrained_models/wilor_final.ckpt
Lightning automatically upgraded your loaded checkpoint from v1.8.1 to v2.0.9. To apply the upgrade to your files permanently, run `python -m pytorch_lightning.utilities.upgrade_checkpoint --file pretrained_models/wilor_final.ckpt`
WARNING: You are using a MANO model, with only 10 shape coefficients.
Found existing frames for 120-2_clip_5, skipping extraction.
Found existing frames for 120-2_clip_7_amplified, skipping extraction.
Found existing frames for clip_2, skipping extraction.
Found existing frames for 120-2_clip_1_amplified, skipping extraction.
Found existing frames for 163 (2) FU, skipping extraction.
Found existing frames for clip_2_amplified, skipping extraction.
Found existing frames for clip_1_amplified, skipping extraction.
Found existing frames for clip_3_amplified, skipping extraction.
Found existing frames for 120-2_clip_1, skipping extraction.
Found existing frames for 124-6 DBS uit, skipping extraction.
Found existing frames for 120-2_clip_5_amplified, skipping extraction.
Found existing frames for 120-2_clip_4_amplified, skipping extraction.
Found existing frames for 120-2_clip_3, skipping extraction.
Found existing frames for 120-2_clip_4, skipping extraction.
Found existing frames for 120-2_clip_7, skipping extraction.
Found existing frames for 120-2_clip_3_amplified, skipping extraction.
Found existing frames for clip_1, skipping extraction.
Found existing frames for 120-2_clip_2, skipping extraction.
Found existing frames for clip_3, skipping extraction.
Found existing frames for 120-2_clip_6, skipping extraction.
Found existing frames for 120-2_clip_2_amplified, skipping extraction.
Found existing frames for clip_4, skipping extraction.

Processing: ../../data/images/120-2_clip_2_amplified_frames/frame_000000.jpg
Saved visualization: ../../outputs/wilor/120-2_clip_2_amplified/visualizations/frame_000000.jpg

Processing: ../../data/images/120-2_clip_2_amplified_frames/frame_000001.jpg
Saved visualization: ../../outputs/wilor/120-2_clip_2_amplified/visualizations/frame_000001.jpg

Processing: ../../data/images/120-2_clip_2_amplified_frames/frame_000002.jpg
Saved visualization: ../../outputs/wilor/120-2_clip_2_amplified/visualizations/frame_000002.jpg

Processing: ../../data/images/120-2_clip_2_amplified_frames/frame_000003.jpg
Saved visualization: ../../outputs/wilor/120-2_clip_2_amplified/visualizations/frame_000003.jpg

Processing: ../../data/images/120-2_clip_2_amplified_frames/frame_000004.jpg
Saved visualization: ../../outputs/wilor/120-2_clip_2_amplified/visualizations/frame_000004.jpg

Processing: ../../data/images/120-2_clip_2_amplified_frames/frame_000005.jpg
Saved visualization: ../../outputs/wilor/120-2_clip_2_amplified/visualizations/frame_000005.jpg

Processing: ../../data/images/120-2_clip_2_amplified_frames/frame_000006.jpg
Saved visualization: ../../outputs/wilor/120-2_clip_2_amplified/visualizations/frame_000006.jpg

Processing: ../../data/images/120-2_clip_2_amplified_frames/frame_000007.jpg
slurmstepd: error: *** STEP 9255081.0 ON gpu020 CANCELLED AT 2026-02-25T17:46:50 ***
srun: Job step aborted: Waiting up to 122 seconds for job step to finish.
