Loaded modules:

Currently Loaded Modules:
  1) slurm/current    3) gcc/11.3.0   5) cuda/11.7
  2) DefaultModules   4) 2024r1

 

Tue Jun  9 21:40:10 2026       
+-----------------------------------------------------------------------------------------+
| NVIDIA-SMI 580.159.04             Driver Version: 580.159.04     CUDA Version: 13.0     |
+-----------------------------------------+------------------------+----------------------+
| GPU  Name                 Persistence-M | Bus-Id          Disp.A | Volatile Uncorr. ECC |
| Fan  Temp   Perf          Pwr:Usage/Cap |           Memory-Usage | GPU-Util  Compute M. |
|                                         |                        |               MIG M. |
|=========================================+========================+======================|
|   0  NVIDIA A100 80GB PCIe          On  |   00000000:16:00.0 Off |                   On |
| N/A   49C    P0            107W /  300W |    9158MiB /  81920MiB |     N/A      Default |
|                                         |                        |              Enabled |
+-----------------------------------------+------------------------+----------------------+

+-----------------------------------------------------------------------------------------+
| MIG devices:                                                                            |
+------------------+----------------------------------+-----------+-----------------------+
| GPU  GI  CI  MIG |              Shared Memory-Usage |        Vol|        Shared         |
|      ID  ID  Dev |                Shared BAR1-Usage | SM     Unc| CE ENC  DEC  OFA  JPG |
|                  |                                  |        ECC|                       |
|==================+==================================+===========+=======================|
|  0    7   0   0  |              36MiB /  9728MiB    | 14      0 |  1   0    0    0    0 |
|                  |               0MiB /  6135MiB    |           |                       |
+------------------+----------------------------------+-----------+-----------------------+

+-----------------------------------------------------------------------------------------+
| Processes:                                                                              |
|  GPU   GI   CI              PID   Type   Process name                        GPU Memory |
|        ID   ID                                                               Usage      |
|=========================================================================================|
|  No running processes found                                                             |
+-----------------------------------------------------------------------------------------+
================ SLURM JOB INFO ================
Job ID:         10143188
Job Name:       wilor-inference
Partition:      gpu-a100-small
Node List:      gpu020
CPUs per task:  2
GPUs per task:  1
Memory per GPU: 10240
Submit dir:     /scratch/mthakur/manifold/models/wilor_hands
Work dir:       /scratch/mthakur/manifold/models/wilor_hands
Job started at: Tue Jun  9 21:40:10 CEST 2026
===============================================
WiLoR video: /scratch/mthakur/manifold/data/test/clean_slow_wrist_BE_mayank.mp4
WiLoR output root: /scratch/mthakur/manifold/outputs/wilor
WiLoR completion marker: /scratch/mthakur/manifold/outputs/wilor/_completed/clean_slow_wrist_BE_mayank.json
WiLoR frame cache root: /scratch/mthakur/manifold/data/test
/.venv/lib/python3.10/site-packages/timm/models/layers/__init__.py:49: FutureWarning: Importing from timm.models.layers is deprecated, please import via timm.layers
  warnings.warn(f"Importing from {__name__} is deprecated, please import via timm.layers", FutureWarning)
[progress] Loading WiLoR checkpoint: ./pretrained_models/wilor_final.ckpt
Loading  ./pretrained_models/wilor_final.ckpt
WARNING: You are using a MANO model, with only 10 shape coefficients.
[progress] Loading detector: ./pretrained_models/detector.pt

Processing: clean_slow_wrist_BE_mayank:frame_000000

Processing: clean_slow_wrist_BE_mayank:frame_000001

Processing: clean_slow_wrist_BE_mayank:frame_000002

Processing: clean_slow_wrist_BE_mayank:frame_000003

Processing: clean_slow_wrist_BE_mayank:frame_000004

Processing: clean_slow_wrist_BE_mayank:frame_000005

Processing: clean_slow_wrist_BE_mayank:frame_000006

Processing: clean_slow_wrist_BE_mayank:frame_000007

Processing: clean_slow_wrist_BE_mayank:frame_000008

Processing: clean_slow_wrist_BE_mayank:frame_000009

Processing: clean_slow_wrist_BE_mayank:frame_000010

Processing: clean_slow_wrist_BE_mayank:frame_000011

Processing: clean_slow_wrist_BE_mayank:frame_000012

Processing: clean_slow_wrist_BE_mayank:frame_000013

Processing: clean_slow_wrist_BE_mayank:frame_000014

Processing: clean_slow_wrist_BE_mayank:frame_000015

Processing: clean_slow_wrist_BE_mayank:frame_000016

Processing: clean_slow_wrist_BE_mayank:frame_000017

Processing: clean_slow_wrist_BE_mayank:frame_000018

Processing: clean_slow_wrist_BE_mayank:frame_000019

Processing: clean_slow_wrist_BE_mayank:frame_000020

Processing: clean_slow_wrist_BE_mayank:frame_000021

Processing: clean_slow_wrist_BE_mayank:frame_000022

Processing: clean_slow_wrist_BE_mayank:frame_000023

Processing: clean_slow_wrist_BE_mayank:frame_000024

Processing: clean_slow_wrist_BE_mayank:frame_000025

Processing: clean_slow_wrist_BE_mayank:frame_000026

Processing: clean_slow_wrist_BE_mayank:frame_000027

Processing: clean_slow_wrist_BE_mayank:frame_000028

Processing: clean_slow_wrist_BE_mayank:frame_000029

Processing: clean_slow_wrist_BE_mayank:frame_000030

Processing: clean_slow_wrist_BE_mayank:frame_000031

Processing: clean_slow_wrist_BE_mayank:frame_000032

Processing: clean_slow_wrist_BE_mayank:frame_000033

Processing: clean_slow_wrist_BE_mayank:frame_000034

Processing: clean_slow_wrist_BE_mayank:frame_000035

Processing: clean_slow_wrist_BE_mayank:frame_000036

Processing: clean_slow_wrist_BE_mayank:frame_000037

Processing: clean_slow_wrist_BE_mayank:frame_000038

Processing: clean_slow_wrist_BE_mayank:frame_000039

Processing: clean_slow_wrist_BE_mayank:frame_000040

Processing: clean_slow_wrist_BE_mayank:frame_000041

Processing: clean_slow_wrist_BE_mayank:frame_000042

Processing: clean_slow_wrist_BE_mayank:frame_000043

Processing: clean_slow_wrist_BE_mayank:frame_000044

Processing: clean_slow_wrist_BE_mayank:frame_000045

Processing: clean_slow_wrist_BE_mayank:frame_000046

Processing: clean_slow_wrist_BE_mayank:frame_000047

Processing: clean_slow_wrist_BE_mayank:frame_000048

Processing: clean_slow_wrist_BE_mayank:frame_000049

Processing: clean_slow_wrist_BE_mayank:frame_000050

Processing: clean_slow_wrist_BE_mayank:frame_000051

Processing: clean_slow_wrist_BE_mayank:frame_000052

Processing: clean_slow_wrist_BE_mayank:frame_000053

Processing: clean_slow_wrist_BE_mayank:frame_000054

Processing: clean_slow_wrist_BE_mayank:frame_000055

Processing: clean_slow_wrist_BE_mayank:frame_000056

Processing: clean_slow_wrist_BE_mayank:frame_000057

Processing: clean_slow_wrist_BE_mayank:frame_000058

Processing: clean_slow_wrist_BE_mayank:frame_000059

Processing: clean_slow_wrist_BE_mayank:frame_000060

Processing: clean_slow_wrist_BE_mayank:frame_000061

Processing: clean_slow_wrist_BE_mayank:frame_000062

Processing: clean_slow_wrist_BE_mayank:frame_000063

Processing: clean_slow_wrist_BE_mayank:frame_000064

Processing: clean_slow_wrist_BE_mayank:frame_000065

Processing: clean_slow_wrist_BE_mayank:frame_000066

Processing: clean_slow_wrist_BE_mayank:frame_000067

Processing: clean_slow_wrist_BE_mayank:frame_000068

Processing: clean_slow_wrist_BE_mayank:frame_000069

Processing: clean_slow_wrist_BE_mayank:frame_000070

Processing: clean_slow_wrist_BE_mayank:frame_000071

Processing: clean_slow_wrist_BE_mayank:frame_000072

Processing: clean_slow_wrist_BE_mayank:frame_000073

Processing: clean_slow_wrist_BE_mayank:frame_000074

Processing: clean_slow_wrist_BE_mayank:frame_000075

Processing: clean_slow_wrist_BE_mayank:frame_000076

Processing: clean_slow_wrist_BE_mayank:frame_000077

Processing: clean_slow_wrist_BE_mayank:frame_000078

Processing: clean_slow_wrist_BE_mayank:frame_000079

Processing: clean_slow_wrist_BE_mayank:frame_000080

Processing: clean_slow_wrist_BE_mayank:frame_000081

Processing: clean_slow_wrist_BE_mayank:frame_000082

Processing: clean_slow_wrist_BE_mayank:frame_000083

Processing: clean_slow_wrist_BE_mayank:frame_000084

Processing: clean_slow_wrist_BE_mayank:frame_000085

Processing: clean_slow_wrist_BE_mayank:frame_000086

Processing: clean_slow_wrist_BE_mayank:frame_000087

Processing: clean_slow_wrist_BE_mayank:frame_000088

Processing: clean_slow_wrist_BE_mayank:frame_000089

Processing: clean_slow_wrist_BE_mayank:frame_000090

Processing: clean_slow_wrist_BE_mayank:frame_000091

Processing: clean_slow_wrist_BE_mayank:frame_000092

Processing: clean_slow_wrist_BE_mayank:frame_000093

Processing: clean_slow_wrist_BE_mayank:frame_000094

Processing: clean_slow_wrist_BE_mayank:frame_000095

Processing: clean_slow_wrist_BE_mayank:frame_000096

Processing: clean_slow_wrist_BE_mayank:frame_000097

Processing: clean_slow_wrist_BE_mayank:frame_000098

Processing: clean_slow_wrist_BE_mayank:frame_000099

Processing: clean_slow_wrist_BE_mayank:frame_000100

Processing: clean_slow_wrist_BE_mayank:frame_000101

Processing: clean_slow_wrist_BE_mayank:frame_000102

Processing: clean_slow_wrist_BE_mayank:frame_000103

Processing: clean_slow_wrist_BE_mayank:frame_000104

Processing: clean_slow_wrist_BE_mayank:frame_000105

Processing: clean_slow_wrist_BE_mayank:frame_000106

Processing: clean_slow_wrist_BE_mayank:frame_000107

Processing: clean_slow_wrist_BE_mayank:frame_000108

Processing: clean_slow_wrist_BE_mayank:frame_000109

Processing: clean_slow_wrist_BE_mayank:frame_000110

Processing: clean_slow_wrist_BE_mayank:frame_000111

Processing: clean_slow_wrist_BE_mayank:frame_000112

Processing: clean_slow_wrist_BE_mayank:frame_000113

Processing: clean_slow_wrist_BE_mayank:frame_000114

Processing: clean_slow_wrist_BE_mayank:frame_000115

Processing: clean_slow_wrist_BE_mayank:frame_000116

Processing: clean_slow_wrist_BE_mayank:frame_000117

Processing: clean_slow_wrist_BE_mayank:frame_000118

Processing: clean_slow_wrist_BE_mayank:frame_000119

Processing: clean_slow_wrist_BE_mayank:frame_000120

Processing: clean_slow_wrist_BE_mayank:frame_000121

Processing: clean_slow_wrist_BE_mayank:frame_000122

Processing: clean_slow_wrist_BE_mayank:frame_000123

Processing: clean_slow_wrist_BE_mayank:frame_000124

Processing: clean_slow_wrist_BE_mayank:frame_000125

Processing: clean_slow_wrist_BE_mayank:frame_000126

Processing: clean_slow_wrist_BE_mayank:frame_000127

Processing: clean_slow_wrist_BE_mayank:frame_000128

Processing: clean_slow_wrist_BE_mayank:frame_000129

Processing: clean_slow_wrist_BE_mayank:frame_000130

Processing: clean_slow_wrist_BE_mayank:frame_000131

Processing: clean_slow_wrist_BE_mayank:frame_000132

Processing: clean_slow_wrist_BE_mayank:frame_000133

Processing: clean_slow_wrist_BE_mayank:frame_000134

Processing: clean_slow_wrist_BE_mayank:frame_000135

Processing: clean_slow_wrist_BE_mayank:frame_000136

Processing: clean_slow_wrist_BE_mayank:frame_000137

Processing: clean_slow_wrist_BE_mayank:frame_000138

Processing: clean_slow_wrist_BE_mayank:frame_000139

Processing: clean_slow_wrist_BE_mayank:frame_000140

Processing: clean_slow_wrist_BE_mayank:frame_000141

Processing: clean_slow_wrist_BE_mayank:frame_000142

Processing: clean_slow_wrist_BE_mayank:frame_000143

Processing: clean_slow_wrist_BE_mayank:frame_000144

Processing: clean_slow_wrist_BE_mayank:frame_000145

Processing: clean_slow_wrist_BE_mayank:frame_000146

Processing: clean_slow_wrist_BE_mayank:frame_000147

Processing: clean_slow_wrist_BE_mayank:frame_000148

Processing: clean_slow_wrist_BE_mayank:frame_000149

Processing: clean_slow_wrist_BE_mayank:frame_000150

Processing: clean_slow_wrist_BE_mayank:frame_000151

Processing: clean_slow_wrist_BE_mayank:frame_000152

Processing: clean_slow_wrist_BE_mayank:frame_000153

Processing: clean_slow_wrist_BE_mayank:frame_000154

Processing: clean_slow_wrist_BE_mayank:frame_000155

Processing: clean_slow_wrist_BE_mayank:frame_000156

Processing: clean_slow_wrist_BE_mayank:frame_000157

Processing: clean_slow_wrist_BE_mayank:frame_000158

Processing: clean_slow_wrist_BE_mayank:frame_000159

Processing: clean_slow_wrist_BE_mayank:frame_000160

Processing: clean_slow_wrist_BE_mayank:frame_000161

Processing: clean_slow_wrist_BE_mayank:frame_000162

Processing: clean_slow_wrist_BE_mayank:frame_000163

Processing: clean_slow_wrist_BE_mayank:frame_000164

Processing: clean_slow_wrist_BE_mayank:frame_000165

Processing: clean_slow_wrist_BE_mayank:frame_000166

Processing: clean_slow_wrist_BE_mayank:frame_000167

Processing: clean_slow_wrist_BE_mayank:frame_000168

Processing: clean_slow_wrist_BE_mayank:frame_000169

Processing: clean_slow_wrist_BE_mayank:frame_000170

Processing: clean_slow_wrist_BE_mayank:frame_000171

Processing: clean_slow_wrist_BE_mayank:frame_000172

Processing: clean_slow_wrist_BE_mayank:frame_000173

Processing: clean_slow_wrist_BE_mayank:frame_000174

Processing: clean_slow_wrist_BE_mayank:frame_000175

Processing: clean_slow_wrist_BE_mayank:frame_000176

Processing: clean_slow_wrist_BE_mayank:frame_000177

Processing: clean_slow_wrist_BE_mayank:frame_000178

Processing: clean_slow_wrist_BE_mayank:frame_000179

Processing: clean_slow_wrist_BE_mayank:frame_000180

Processing: clean_slow_wrist_BE_mayank:frame_000181

Processing: clean_slow_wrist_BE_mayank:frame_000182

Processing: clean_slow_wrist_BE_mayank:frame_000183

Processing: clean_slow_wrist_BE_mayank:frame_000184

Processing: clean_slow_wrist_BE_mayank:frame_000185

Processing: clean_slow_wrist_BE_mayank:frame_000186

Processing: clean_slow_wrist_BE_mayank:frame_000187

Processing: clean_slow_wrist_BE_mayank:frame_000188

Processing: clean_slow_wrist_BE_mayank:frame_000189

Processing: clean_slow_wrist_BE_mayank:frame_000190

Processing: clean_slow_wrist_BE_mayank:frame_000191

Processing: clean_slow_wrist_BE_mayank:frame_000192

Processing: clean_slow_wrist_BE_mayank:frame_000193

Processing: clean_slow_wrist_BE_mayank:frame_000194

Processing: clean_slow_wrist_BE_mayank:frame_000195

Processing: clean_slow_wrist_BE_mayank:frame_000196

Processing: clean_slow_wrist_BE_mayank:frame_000197

Processing: clean_slow_wrist_BE_mayank:frame_000198

Processing: clean_slow_wrist_BE_mayank:frame_000199

Processing: clean_slow_wrist_BE_mayank:frame_000200

Processing: clean_slow_wrist_BE_mayank:frame_000201

Processing: clean_slow_wrist_BE_mayank:frame_000202

Processing: clean_slow_wrist_BE_mayank:frame_000203

Processing: clean_slow_wrist_BE_mayank:frame_000204

Processing: clean_slow_wrist_BE_mayank:frame_000205

Processing: clean_slow_wrist_BE_mayank:frame_000206

Processing: clean_slow_wrist_BE_mayank:frame_000207

Processing: clean_slow_wrist_BE_mayank:frame_000208

Processing: clean_slow_wrist_BE_mayank:frame_000209

Processing: clean_slow_wrist_BE_mayank:frame_000210

Processing: clean_slow_wrist_BE_mayank:frame_000211

Processing: clean_slow_wrist_BE_mayank:frame_000212

Processing: clean_slow_wrist_BE_mayank:frame_000213

Processing: clean_slow_wrist_BE_mayank:frame_000214

Processing: clean_slow_wrist_BE_mayank:frame_000215

Processing: clean_slow_wrist_BE_mayank:frame_000216

Processing: clean_slow_wrist_BE_mayank:frame_000217

Processing: clean_slow_wrist_BE_mayank:frame_000218

Processing: clean_slow_wrist_BE_mayank:frame_000219

Processing: clean_slow_wrist_BE_mayank:frame_000220

Processing: clean_slow_wrist_BE_mayank:frame_000221

Processing: clean_slow_wrist_BE_mayank:frame_000222

Processing: clean_slow_wrist_BE_mayank:frame_000223

Processing: clean_slow_wrist_BE_mayank:frame_000224

Processing: clean_slow_wrist_BE_mayank:frame_000225

Processing: clean_slow_wrist_BE_mayank:frame_000226

Processing: clean_slow_wrist_BE_mayank:frame_000227

Processing: clean_slow_wrist_BE_mayank:frame_000228

Processing: clean_slow_wrist_BE_mayank:frame_000229

Processing: clean_slow_wrist_BE_mayank:frame_000230

Processing: clean_slow_wrist_BE_mayank:frame_000231

Processing: clean_slow_wrist_BE_mayank:frame_000232

Processing: clean_slow_wrist_BE_mayank:frame_000233

Processing: clean_slow_wrist_BE_mayank:frame_000234

Processing: clean_slow_wrist_BE_mayank:frame_000235

Processing: clean_slow_wrist_BE_mayank:frame_000236

Processing: clean_slow_wrist_BE_mayank:frame_000237

Processing: clean_slow_wrist_BE_mayank:frame_000238

Processing: clean_slow_wrist_BE_mayank:frame_000239

Processing: clean_slow_wrist_BE_mayank:frame_000240

Processing: clean_slow_wrist_BE_mayank:frame_000241

Processing: clean_slow_wrist_BE_mayank:frame_000242

Processing: clean_slow_wrist_BE_mayank:frame_000243

Processing: clean_slow_wrist_BE_mayank:frame_000244

Processing: clean_slow_wrist_BE_mayank:frame_000245

Processing: clean_slow_wrist_BE_mayank:frame_000246

Processing: clean_slow_wrist_BE_mayank:frame_000247

Processing: clean_slow_wrist_BE_mayank:frame_000248

Processing: clean_slow_wrist_BE_mayank:frame_000249

Processing: clean_slow_wrist_BE_mayank:frame_000250

Processing: clean_slow_wrist_BE_mayank:frame_000251

Processing: clean_slow_wrist_BE_mayank:frame_000252

Processing: clean_slow_wrist_BE_mayank:frame_000253

Processing: clean_slow_wrist_BE_mayank:frame_000254

Processing: clean_slow_wrist_BE_mayank:frame_000255

Processing: clean_slow_wrist_BE_mayank:frame_000256

Processing: clean_slow_wrist_BE_mayank:frame_000257

Processing: clean_slow_wrist_BE_mayank:frame_000258

Processing: clean_slow_wrist_BE_mayank:frame_000259

Processing: clean_slow_wrist_BE_mayank:frame_000260

Processing: clean_slow_wrist_BE_mayank:frame_000261

Processing: clean_slow_wrist_BE_mayank:frame_000262

Processing: clean_slow_wrist_BE_mayank:frame_000263

Processing: clean_slow_wrist_BE_mayank:frame_000264

Processing: clean_slow_wrist_BE_mayank:frame_000265

Processing: clean_slow_wrist_BE_mayank:frame_000266

Processing: clean_slow_wrist_BE_mayank:frame_000267

Processing: clean_slow_wrist_BE_mayank:frame_000268

Processing: clean_slow_wrist_BE_mayank:frame_000269

Processing: clean_slow_wrist_BE_mayank:frame_000270

Processing: clean_slow_wrist_BE_mayank:frame_000271

Processing: clean_slow_wrist_BE_mayank:frame_000272

Processing: clean_slow_wrist_BE_mayank:frame_000273

Processing: clean_slow_wrist_BE_mayank:frame_000274

Processing: clean_slow_wrist_BE_mayank:frame_000275

Processing: clean_slow_wrist_BE_mayank:frame_000276

Processing: clean_slow_wrist_BE_mayank:frame_000277

Processing: clean_slow_wrist_BE_mayank:frame_000278

Processing: clean_slow_wrist_BE_mayank:frame_000279

Processing: clean_slow_wrist_BE_mayank:frame_000280

Processing: clean_slow_wrist_BE_mayank:frame_000281

Processing: clean_slow_wrist_BE_mayank:frame_000282

Processing: clean_slow_wrist_BE_mayank:frame_000283

Processing: clean_slow_wrist_BE_mayank:frame_000284

Processing: clean_slow_wrist_BE_mayank:frame_000285

Processing: clean_slow_wrist_BE_mayank:frame_000286

Processing: clean_slow_wrist_BE_mayank:frame_000287

Processing: clean_slow_wrist_BE_mayank:frame_000288

Processing: clean_slow_wrist_BE_mayank:frame_000289

Processing: clean_slow_wrist_BE_mayank:frame_000290

Processing: clean_slow_wrist_BE_mayank:frame_000291

Processing: clean_slow_wrist_BE_mayank:frame_000292

Processing: clean_slow_wrist_BE_mayank:frame_000293

Processing: clean_slow_wrist_BE_mayank:frame_000294

Processing: clean_slow_wrist_BE_mayank:frame_000295

Processing: clean_slow_wrist_BE_mayank:frame_000296

Processing: clean_slow_wrist_BE_mayank:frame_000297

Processing: clean_slow_wrist_BE_mayank:frame_000298

Processing: clean_slow_wrist_BE_mayank:frame_000299

Processing: clean_slow_wrist_BE_mayank:frame_000300

Processing: clean_slow_wrist_BE_mayank:frame_000301

Processing: clean_slow_wrist_BE_mayank:frame_000302

Processing: clean_slow_wrist_BE_mayank:frame_000303

Processing: clean_slow_wrist_BE_mayank:frame_000304

Processing: clean_slow_wrist_BE_mayank:frame_000305

Processing: clean_slow_wrist_BE_mayank:frame_000306

Processing: clean_slow_wrist_BE_mayank:frame_000307

Processing: clean_slow_wrist_BE_mayank:frame_000308

Processing: clean_slow_wrist_BE_mayank:frame_000309

Processing: clean_slow_wrist_BE_mayank:frame_000310

Processing: clean_slow_wrist_BE_mayank:frame_000311

Processing: clean_slow_wrist_BE_mayank:frame_000312

Processing: clean_slow_wrist_BE_mayank:frame_000313

Processing: clean_slow_wrist_BE_mayank:frame_000314

Processing: clean_slow_wrist_BE_mayank:frame_000315

Processing: clean_slow_wrist_BE_mayank:frame_000316

Processing: clean_slow_wrist_BE_mayank:frame_000317

Processing: clean_slow_wrist_BE_mayank:frame_000318

Processing: clean_slow_wrist_BE_mayank:frame_000319

Processing: clean_slow_wrist_BE_mayank:frame_000320

Processing: clean_slow_wrist_BE_mayank:frame_000321

Processing: clean_slow_wrist_BE_mayank:frame_000322

Processing: clean_slow_wrist_BE_mayank:frame_000323

Processing: clean_slow_wrist_BE_mayank:frame_000324

Processing: clean_slow_wrist_BE_mayank:frame_000325

Processing: clean_slow_wrist_BE_mayank:frame_000326

Processing: clean_slow_wrist_BE_mayank:frame_000327

Processing: clean_slow_wrist_BE_mayank:frame_000328

Processing: clean_slow_wrist_BE_mayank:frame_000329

Processing: clean_slow_wrist_BE_mayank:frame_000330

Processing: clean_slow_wrist_BE_mayank:frame_000331

Processing: clean_slow_wrist_BE_mayank:frame_000332

Processing: clean_slow_wrist_BE_mayank:frame_000333

Processing: clean_slow_wrist_BE_mayank:frame_000334

Processing: clean_slow_wrist_BE_mayank:frame_000335

Processing: clean_slow_wrist_BE_mayank:frame_000336

Processing: clean_slow_wrist_BE_mayank:frame_000337

Processing: clean_slow_wrist_BE_mayank:frame_000338

Processing: clean_slow_wrist_BE_mayank:frame_000339

Processing: clean_slow_wrist_BE_mayank:frame_000340

Processing: clean_slow_wrist_BE_mayank:frame_000341

Processing: clean_slow_wrist_BE_mayank:frame_000342

Processing: clean_slow_wrist_BE_mayank:frame_000343

Processing: clean_slow_wrist_BE_mayank:frame_000344

Processing: clean_slow_wrist_BE_mayank:frame_000345

Processing: clean_slow_wrist_BE_mayank:frame_000346

Processing: clean_slow_wrist_BE_mayank:frame_000347

Processing: clean_slow_wrist_BE_mayank:frame_000348

Processing: clean_slow_wrist_BE_mayank:frame_000349

Processing: clean_slow_wrist_BE_mayank:frame_000350

Processing: clean_slow_wrist_BE_mayank:frame_000351

Processing: clean_slow_wrist_BE_mayank:frame_000352

Processing: clean_slow_wrist_BE_mayank:frame_000353

Processing: clean_slow_wrist_BE_mayank:frame_000354

Processing: clean_slow_wrist_BE_mayank:frame_000355

Processing: clean_slow_wrist_BE_mayank:frame_000356

Processing: clean_slow_wrist_BE_mayank:frame_000357

Processing: clean_slow_wrist_BE_mayank:frame_000358

Processing: clean_slow_wrist_BE_mayank:frame_000359

Processing: clean_slow_wrist_BE_mayank:frame_000360

Processing: clean_slow_wrist_BE_mayank:frame_000361

Processing: clean_slow_wrist_BE_mayank:frame_000362

Processing: clean_slow_wrist_BE_mayank:frame_000363

Processing: clean_slow_wrist_BE_mayank:frame_000364

Processing: clean_slow_wrist_BE_mayank:frame_000365

Processing: clean_slow_wrist_BE_mayank:frame_000366

Processing: clean_slow_wrist_BE_mayank:frame_000367

Processing: clean_slow_wrist_BE_mayank:frame_000368

Processing: clean_slow_wrist_BE_mayank:frame_000369

Processing: clean_slow_wrist_BE_mayank:frame_000370

Processing: clean_slow_wrist_BE_mayank:frame_000371

Processing: clean_slow_wrist_BE_mayank:frame_000372

Processing: clean_slow_wrist_BE_mayank:frame_000373

Processing: clean_slow_wrist_BE_mayank:frame_000374

Processing: clean_slow_wrist_BE_mayank:frame_000375

Processing: clean_slow_wrist_BE_mayank:frame_000376

Processing: clean_slow_wrist_BE_mayank:frame_000377

Processing: clean_slow_wrist_BE_mayank:frame_000378

Processing: clean_slow_wrist_BE_mayank:frame_000379

Processing: clean_slow_wrist_BE_mayank:frame_000380

Processing: clean_slow_wrist_BE_mayank:frame_000381

Processing: clean_slow_wrist_BE_mayank:frame_000382

Processing: clean_slow_wrist_BE_mayank:frame_000383

Processing: clean_slow_wrist_BE_mayank:frame_000384

Processing: clean_slow_wrist_BE_mayank:frame_000385

Processing: clean_slow_wrist_BE_mayank:frame_000386

Processing: clean_slow_wrist_BE_mayank:frame_000387

Processing: clean_slow_wrist_BE_mayank:frame_000388

Processing: clean_slow_wrist_BE_mayank:frame_000389

Processing: clean_slow_wrist_BE_mayank:frame_000390

Processing: clean_slow_wrist_BE_mayank:frame_000391

Processing: clean_slow_wrist_BE_mayank:frame_000392

Processing: clean_slow_wrist_BE_mayank:frame_000393

Processing: clean_slow_wrist_BE_mayank:frame_000394

Processing: clean_slow_wrist_BE_mayank:frame_000395

Processing: clean_slow_wrist_BE_mayank:frame_000396

Processing: clean_slow_wrist_BE_mayank:frame_000397

Processing: clean_slow_wrist_BE_mayank:frame_000398

Processing: clean_slow_wrist_BE_mayank:frame_000399

Processing: clean_slow_wrist_BE_mayank:frame_000400

Processing: clean_slow_wrist_BE_mayank:frame_000401

Processing: clean_slow_wrist_BE_mayank:frame_000402

Processing: clean_slow_wrist_BE_mayank:frame_000403

Processing: clean_slow_wrist_BE_mayank:frame_000404

Processing: clean_slow_wrist_BE_mayank:frame_000405

Processing: clean_slow_wrist_BE_mayank:frame_000406

Processing: clean_slow_wrist_BE_mayank:frame_000407

Processing: clean_slow_wrist_BE_mayank:frame_000408

Processing: clean_slow_wrist_BE_mayank:frame_000409

Processing: clean_slow_wrist_BE_mayank:frame_000410

Processing: clean_slow_wrist_BE_mayank:frame_000411

Processing: clean_slow_wrist_BE_mayank:frame_000412

Processing: clean_slow_wrist_BE_mayank:frame_000413

Processing: clean_slow_wrist_BE_mayank:frame_000414

Processing: clean_slow_wrist_BE_mayank:frame_000415

Processing: clean_slow_wrist_BE_mayank:frame_000416

Processing: clean_slow_wrist_BE_mayank:frame_000417

Processing: clean_slow_wrist_BE_mayank:frame_000418

Processing: clean_slow_wrist_BE_mayank:frame_000419

Processing: clean_slow_wrist_BE_mayank:frame_000420

Processing: clean_slow_wrist_BE_mayank:frame_000421

Processing: clean_slow_wrist_BE_mayank:frame_000422

Processing: clean_slow_wrist_BE_mayank:frame_000423

Processing: clean_slow_wrist_BE_mayank:frame_000424

Processing: clean_slow_wrist_BE_mayank:frame_000425

Processing: clean_slow_wrist_BE_mayank:frame_000426

Processing: clean_slow_wrist_BE_mayank:frame_000427

Processing: clean_slow_wrist_BE_mayank:frame_000428

Processing: clean_slow_wrist_BE_mayank:frame_000429

Processing: clean_slow_wrist_BE_mayank:frame_000430

Processing: clean_slow_wrist_BE_mayank:frame_000431

Processing: clean_slow_wrist_BE_mayank:frame_000432

Processing: clean_slow_wrist_BE_mayank:frame_000433

Processing: clean_slow_wrist_BE_mayank:frame_000434

Processing: clean_slow_wrist_BE_mayank:frame_000435

Processing: clean_slow_wrist_BE_mayank:frame_000436

Processing: clean_slow_wrist_BE_mayank:frame_000437

Processing: clean_slow_wrist_BE_mayank:frame_000438

Processing: clean_slow_wrist_BE_mayank:frame_000439

Processing: clean_slow_wrist_BE_mayank:frame_000440

Processing: clean_slow_wrist_BE_mayank:frame_000441

Processing: clean_slow_wrist_BE_mayank:frame_000442

Processing: clean_slow_wrist_BE_mayank:frame_000443

Processing: clean_slow_wrist_BE_mayank:frame_000444

Processing: clean_slow_wrist_BE_mayank:frame_000445

Processing: clean_slow_wrist_BE_mayank:frame_000446

Processing: clean_slow_wrist_BE_mayank:frame_000447

Processing: clean_slow_wrist_BE_mayank:frame_000448

Processing: clean_slow_wrist_BE_mayank:frame_000449

Processing: clean_slow_wrist_BE_mayank:frame_000450

Processing: clean_slow_wrist_BE_mayank:frame_000451

Processing: clean_slow_wrist_BE_mayank:frame_000452

Processing: clean_slow_wrist_BE_mayank:frame_000453

Processing: clean_slow_wrist_BE_mayank:frame_000454

Processing: clean_slow_wrist_BE_mayank:frame_000455

Processing: clean_slow_wrist_BE_mayank:frame_000456

Processing: clean_slow_wrist_BE_mayank:frame_000457

Processing: clean_slow_wrist_BE_mayank:frame_000458

Processing: clean_slow_wrist_BE_mayank:frame_000459

Processing: clean_slow_wrist_BE_mayank:frame_000460

Processing: clean_slow_wrist_BE_mayank:frame_000461

Processing: clean_slow_wrist_BE_mayank:frame_000462

Processing: clean_slow_wrist_BE_mayank:frame_000463

Processing: clean_slow_wrist_BE_mayank:frame_000464

Processing: clean_slow_wrist_BE_mayank:frame_000465

Processing: clean_slow_wrist_BE_mayank:frame_000466

Processing: clean_slow_wrist_BE_mayank:frame_000467

Processing: clean_slow_wrist_BE_mayank:frame_000468

Processing: clean_slow_wrist_BE_mayank:frame_000469

Processing: clean_slow_wrist_BE_mayank:frame_000470

Processing: clean_slow_wrist_BE_mayank:frame_000471

Processing: clean_slow_wrist_BE_mayank:frame_000472

Processing: clean_slow_wrist_BE_mayank:frame_000473

Processing: clean_slow_wrist_BE_mayank:frame_000474

Processing: clean_slow_wrist_BE_mayank:frame_000475

Processing: clean_slow_wrist_BE_mayank:frame_000476

Processing: clean_slow_wrist_BE_mayank:frame_000477

Processing: clean_slow_wrist_BE_mayank:frame_000478

Processing: clean_slow_wrist_BE_mayank:frame_000479

Processing: clean_slow_wrist_BE_mayank:frame_000480

Processing: clean_slow_wrist_BE_mayank:frame_000481

Processing: clean_slow_wrist_BE_mayank:frame_000482

Processing: clean_slow_wrist_BE_mayank:frame_000483

Processing: clean_slow_wrist_BE_mayank:frame_000484

Processing: clean_slow_wrist_BE_mayank:frame_000485

Processing: clean_slow_wrist_BE_mayank:frame_000486

Processing: clean_slow_wrist_BE_mayank:frame_000487

Processing: clean_slow_wrist_BE_mayank:frame_000488

Processing: clean_slow_wrist_BE_mayank:frame_000489

Processing: clean_slow_wrist_BE_mayank:frame_000490

Processing: clean_slow_wrist_BE_mayank:frame_000491

Processing: clean_slow_wrist_BE_mayank:frame_000492

Processing: clean_slow_wrist_BE_mayank:frame_000493

Processing: clean_slow_wrist_BE_mayank:frame_000494

Processing: clean_slow_wrist_BE_mayank:frame_000495

Processing: clean_slow_wrist_BE_mayank:frame_000496

Processing: clean_slow_wrist_BE_mayank:frame_000497

Processing: clean_slow_wrist_BE_mayank:frame_000498

Processing: clean_slow_wrist_BE_mayank:frame_000499

Processing: clean_slow_wrist_BE_mayank:frame_000500

Processing: clean_slow_wrist_BE_mayank:frame_000501

Processing: clean_slow_wrist_BE_mayank:frame_000502

Processing: clean_slow_wrist_BE_mayank:frame_000503

Processing: clean_slow_wrist_BE_mayank:frame_000504

Processing: clean_slow_wrist_BE_mayank:frame_000505

Processing: clean_slow_wrist_BE_mayank:frame_000506

Processing: clean_slow_wrist_BE_mayank:frame_000507

Processing: clean_slow_wrist_BE_mayank:frame_000508

Processing: clean_slow_wrist_BE_mayank:frame_000509

Processing: clean_slow_wrist_BE_mayank:frame_000510

All images processed.
===============================================
Job finished at: Tue Jun  9 21:44:16 CEST 2026
Execution took 0.07 hours
Writing output to SLURM_logs/wilor-inference_790.out
Retained WiLoR outputs: /scratch/mthakur/manifold/outputs/wilor/clean_slow_wrist_BE_mayank/meshes
===============================================
