Loaded modules:

Currently Loaded Modules:
  1) slurm/current    3) gcc/11.3.0   5) cuda/11.7
  2) DefaultModules   4) 2024r1

 

Wed Jun 10 01:11:58 2026       
+-----------------------------------------------------------------------------------------+
| NVIDIA-SMI 580.159.04             Driver Version: 580.159.04     CUDA Version: 13.0     |
+-----------------------------------------+------------------------+----------------------+
| GPU  Name                 Persistence-M | Bus-Id          Disp.A | Volatile Uncorr. ECC |
| Fan  Temp   Perf          Pwr:Usage/Cap |           Memory-Usage | GPU-Util  Compute M. |
|                                         |                        |               MIG M. |
|=========================================+========================+======================|
|   0  NVIDIA A100 80GB PCIe          On  |   00000000:16:00.0 Off |                   On |
| N/A   54C    P0            129W /  300W |   18963MiB /  81920MiB |     N/A      Default |
|                                         |                        |              Enabled |
+-----------------------------------------+------------------------+----------------------+

+-----------------------------------------------------------------------------------------+
| MIG devices:                                                                            |
+------------------+----------------------------------+-----------+-----------------------+
| GPU  GI  CI  MIG |              Shared Memory-Usage |        Vol|        Shared         |
|      ID  ID  Dev |                Shared BAR1-Usage | SM     Unc| CE ENC  DEC  OFA  JPG |
|                  |                                  |        ECC|                       |
|==================+==================================+===========+=======================|
|  0    7   0   0  |              36MiB /  9728MiB    | 14      0 |  1   0    0    0    0 |
|                  |               0MiB /  6135MiB    |           |                       |
+------------------+----------------------------------+-----------+-----------------------+

+-----------------------------------------------------------------------------------------+
| Processes:                                                                              |
|  GPU   GI   CI              PID   Type   Process name                        GPU Memory |
|        ID   ID                                                               Usage      |
|=========================================================================================|
|  No running processes found                                                             |
+-----------------------------------------------------------------------------------------+
================ SLURM JOB INFO ================
Job ID:         10143245
Job Name:       wilor-inference
Partition:      gpu-a100-small
Node List:      gpu020
CPUs per task:  2
GPUs per task:  1
Memory per GPU: 10240
Submit dir:     /scratch/mthakur/manifold/models/wilor_hands
Work dir:       /scratch/mthakur/manifold/models/wilor_hands
Job started at: Wed Jun 10 01:11:58 CEST 2026
===============================================
WiLoR video: /scratch/mthakur/manifold/data/test/edge_cases_leaving_90_meenakshi.mp4
WiLoR output root: /scratch/mthakur/manifold/outputs/wilor
WiLoR completion marker: /scratch/mthakur/manifold/outputs/wilor/_completed/edge_cases_leaving_90_meenakshi.json
WiLoR frame cache root: /scratch/mthakur/manifold/data/test
/.venv/lib/python3.10/site-packages/timm/models/layers/__init__.py:49: FutureWarning: Importing from timm.models.layers is deprecated, please import via timm.layers
  warnings.warn(f"Importing from {__name__} is deprecated, please import via timm.layers", FutureWarning)
[progress] Loading WiLoR checkpoint: ./pretrained_models/wilor_final.ckpt
Loading  ./pretrained_models/wilor_final.ckpt
WARNING: You are using a MANO model, with only 10 shape coefficients.
[progress] Loading detector: ./pretrained_models/detector.pt

Processing: edge_cases_leaving_90_meenakshi:frame_000000
No detections, skipping.

Processing: edge_cases_leaving_90_meenakshi:frame_000001
No detections, skipping.

Processing: edge_cases_leaving_90_meenakshi:frame_000002
No detections, skipping.

Processing: edge_cases_leaving_90_meenakshi:frame_000003
No detections, skipping.

Processing: edge_cases_leaving_90_meenakshi:frame_000004
No detections, skipping.

Processing: edge_cases_leaving_90_meenakshi:frame_000005
No detections, skipping.

Processing: edge_cases_leaving_90_meenakshi:frame_000006
No detections, skipping.

Processing: edge_cases_leaving_90_meenakshi:frame_000007
No detections, skipping.

Processing: edge_cases_leaving_90_meenakshi:frame_000008
No detections, skipping.

Processing: edge_cases_leaving_90_meenakshi:frame_000009
No detections, skipping.

Processing: edge_cases_leaving_90_meenakshi:frame_000010
No detections, skipping.

Processing: edge_cases_leaving_90_meenakshi:frame_000011
No detections, skipping.

Processing: edge_cases_leaving_90_meenakshi:frame_000012
No detections, skipping.

Processing: edge_cases_leaving_90_meenakshi:frame_000013
No detections, skipping.

Processing: edge_cases_leaving_90_meenakshi:frame_000014
No detections, skipping.

Processing: edge_cases_leaving_90_meenakshi:frame_000015

Processing: edge_cases_leaving_90_meenakshi:frame_000016
No detections, skipping.

Processing: edge_cases_leaving_90_meenakshi:frame_000017
No detections, skipping.

Processing: edge_cases_leaving_90_meenakshi:frame_000018
No detections, skipping.

Processing: edge_cases_leaving_90_meenakshi:frame_000019
No detections, skipping.

Processing: edge_cases_leaving_90_meenakshi:frame_000020
No detections, skipping.

Processing: edge_cases_leaving_90_meenakshi:frame_000021
No detections, skipping.

Processing: edge_cases_leaving_90_meenakshi:frame_000022
No detections, skipping.

Processing: edge_cases_leaving_90_meenakshi:frame_000023
No detections, skipping.

Processing: edge_cases_leaving_90_meenakshi:frame_000024
No detections, skipping.

Processing: edge_cases_leaving_90_meenakshi:frame_000025
No detections, skipping.

Processing: edge_cases_leaving_90_meenakshi:frame_000026
No detections, skipping.

Processing: edge_cases_leaving_90_meenakshi:frame_000027
No detections, skipping.

Processing: edge_cases_leaving_90_meenakshi:frame_000028
No detections, skipping.

Processing: edge_cases_leaving_90_meenakshi:frame_000029
No detections, skipping.

Processing: edge_cases_leaving_90_meenakshi:frame_000030
No detections, skipping.

Processing: edge_cases_leaving_90_meenakshi:frame_000031
No detections, skipping.

Processing: edge_cases_leaving_90_meenakshi:frame_000032
No detections, skipping.

Processing: edge_cases_leaving_90_meenakshi:frame_000033
No detections, skipping.

Processing: edge_cases_leaving_90_meenakshi:frame_000034
No detections, skipping.

Processing: edge_cases_leaving_90_meenakshi:frame_000035
No detections, skipping.

Processing: edge_cases_leaving_90_meenakshi:frame_000036
No detections, skipping.

Processing: edge_cases_leaving_90_meenakshi:frame_000037
No detections, skipping.

Processing: edge_cases_leaving_90_meenakshi:frame_000038
No detections, skipping.

Processing: edge_cases_leaving_90_meenakshi:frame_000039
No detections, skipping.

Processing: edge_cases_leaving_90_meenakshi:frame_000040
No detections, skipping.

Processing: edge_cases_leaving_90_meenakshi:frame_000041
No detections, skipping.

Processing: edge_cases_leaving_90_meenakshi:frame_000042
No detections, skipping.

Processing: edge_cases_leaving_90_meenakshi:frame_000043
No detections, skipping.

Processing: edge_cases_leaving_90_meenakshi:frame_000044
No detections, skipping.

Processing: edge_cases_leaving_90_meenakshi:frame_000045
No detections, skipping.

Processing: edge_cases_leaving_90_meenakshi:frame_000046

Processing: edge_cases_leaving_90_meenakshi:frame_000047

Processing: edge_cases_leaving_90_meenakshi:frame_000048

Processing: edge_cases_leaving_90_meenakshi:frame_000049

Processing: edge_cases_leaving_90_meenakshi:frame_000050

Processing: edge_cases_leaving_90_meenakshi:frame_000051

Processing: edge_cases_leaving_90_meenakshi:frame_000052

Processing: edge_cases_leaving_90_meenakshi:frame_000053

Processing: edge_cases_leaving_90_meenakshi:frame_000054

Processing: edge_cases_leaving_90_meenakshi:frame_000055

Processing: edge_cases_leaving_90_meenakshi:frame_000056

Processing: edge_cases_leaving_90_meenakshi:frame_000057
No detections, skipping.

Processing: edge_cases_leaving_90_meenakshi:frame_000058
No detections, skipping.

Processing: edge_cases_leaving_90_meenakshi:frame_000059
No detections, skipping.

Processing: edge_cases_leaving_90_meenakshi:frame_000060

Processing: edge_cases_leaving_90_meenakshi:frame_000061

Processing: edge_cases_leaving_90_meenakshi:frame_000062

Processing: edge_cases_leaving_90_meenakshi:frame_000063

Processing: edge_cases_leaving_90_meenakshi:frame_000064

Processing: edge_cases_leaving_90_meenakshi:frame_000065

Processing: edge_cases_leaving_90_meenakshi:frame_000066

Processing: edge_cases_leaving_90_meenakshi:frame_000067

Processing: edge_cases_leaving_90_meenakshi:frame_000068

Processing: edge_cases_leaving_90_meenakshi:frame_000069

Processing: edge_cases_leaving_90_meenakshi:frame_000070

Processing: edge_cases_leaving_90_meenakshi:frame_000071
No detections, skipping.

Processing: edge_cases_leaving_90_meenakshi:frame_000072

Processing: edge_cases_leaving_90_meenakshi:frame_000073
No detections, skipping.

Processing: edge_cases_leaving_90_meenakshi:frame_000074
No detections, skipping.

Processing: edge_cases_leaving_90_meenakshi:frame_000075
No detections, skipping.

Processing: edge_cases_leaving_90_meenakshi:frame_000076
No detections, skipping.

Processing: edge_cases_leaving_90_meenakshi:frame_000077
No detections, skipping.

Processing: edge_cases_leaving_90_meenakshi:frame_000078
No detections, skipping.

Processing: edge_cases_leaving_90_meenakshi:frame_000079
No detections, skipping.

Processing: edge_cases_leaving_90_meenakshi:frame_000080
No detections, skipping.

Processing: edge_cases_leaving_90_meenakshi:frame_000081
No detections, skipping.

Processing: edge_cases_leaving_90_meenakshi:frame_000082
No detections, skipping.

Processing: edge_cases_leaving_90_meenakshi:frame_000083
No detections, skipping.

Processing: edge_cases_leaving_90_meenakshi:frame_000084
No detections, skipping.

Processing: edge_cases_leaving_90_meenakshi:frame_000085
No detections, skipping.

Processing: edge_cases_leaving_90_meenakshi:frame_000086
No detections, skipping.

Processing: edge_cases_leaving_90_meenakshi:frame_000087
No detections, skipping.

Processing: edge_cases_leaving_90_meenakshi:frame_000088
No detections, skipping.

Processing: edge_cases_leaving_90_meenakshi:frame_000089
No detections, skipping.

Processing: edge_cases_leaving_90_meenakshi:frame_000090
No detections, skipping.

Processing: edge_cases_leaving_90_meenakshi:frame_000091
No detections, skipping.

Processing: edge_cases_leaving_90_meenakshi:frame_000092

Processing: edge_cases_leaving_90_meenakshi:frame_000093

Processing: edge_cases_leaving_90_meenakshi:frame_000094

Processing: edge_cases_leaving_90_meenakshi:frame_000095

Processing: edge_cases_leaving_90_meenakshi:frame_000096

Processing: edge_cases_leaving_90_meenakshi:frame_000097

Processing: edge_cases_leaving_90_meenakshi:frame_000098

Processing: edge_cases_leaving_90_meenakshi:frame_000099

Processing: edge_cases_leaving_90_meenakshi:frame_000100

Processing: edge_cases_leaving_90_meenakshi:frame_000101

Processing: edge_cases_leaving_90_meenakshi:frame_000102

Processing: edge_cases_leaving_90_meenakshi:frame_000103

Processing: edge_cases_leaving_90_meenakshi:frame_000104

Processing: edge_cases_leaving_90_meenakshi:frame_000105

Processing: edge_cases_leaving_90_meenakshi:frame_000106

Processing: edge_cases_leaving_90_meenakshi:frame_000107

Processing: edge_cases_leaving_90_meenakshi:frame_000108

Processing: edge_cases_leaving_90_meenakshi:frame_000109

Processing: edge_cases_leaving_90_meenakshi:frame_000110

Processing: edge_cases_leaving_90_meenakshi:frame_000111

Processing: edge_cases_leaving_90_meenakshi:frame_000112

Processing: edge_cases_leaving_90_meenakshi:frame_000113
No detections, skipping.

Processing: edge_cases_leaving_90_meenakshi:frame_000114
No detections, skipping.

Processing: edge_cases_leaving_90_meenakshi:frame_000115
No detections, skipping.

Processing: edge_cases_leaving_90_meenakshi:frame_000116
No detections, skipping.

Processing: edge_cases_leaving_90_meenakshi:frame_000117
No detections, skipping.

Processing: edge_cases_leaving_90_meenakshi:frame_000118
No detections, skipping.

Processing: edge_cases_leaving_90_meenakshi:frame_000119
No detections, skipping.

Processing: edge_cases_leaving_90_meenakshi:frame_000120
No detections, skipping.

Processing: edge_cases_leaving_90_meenakshi:frame_000121
No detections, skipping.

Processing: edge_cases_leaving_90_meenakshi:frame_000122
No detections, skipping.

Processing: edge_cases_leaving_90_meenakshi:frame_000123
No detections, skipping.

Processing: edge_cases_leaving_90_meenakshi:frame_000124
No detections, skipping.

Processing: edge_cases_leaving_90_meenakshi:frame_000125
No detections, skipping.

Processing: edge_cases_leaving_90_meenakshi:frame_000126
No detections, skipping.

Processing: edge_cases_leaving_90_meenakshi:frame_000127
No detections, skipping.

Processing: edge_cases_leaving_90_meenakshi:frame_000128
No detections, skipping.

Processing: edge_cases_leaving_90_meenakshi:frame_000129
No detections, skipping.

Processing: edge_cases_leaving_90_meenakshi:frame_000130
No detections, skipping.

Processing: edge_cases_leaving_90_meenakshi:frame_000131
No detections, skipping.

Processing: edge_cases_leaving_90_meenakshi:frame_000132

Processing: edge_cases_leaving_90_meenakshi:frame_000133

Processing: edge_cases_leaving_90_meenakshi:frame_000134

Processing: edge_cases_leaving_90_meenakshi:frame_000135

Processing: edge_cases_leaving_90_meenakshi:frame_000136

Processing: edge_cases_leaving_90_meenakshi:frame_000137

Processing: edge_cases_leaving_90_meenakshi:frame_000138

Processing: edge_cases_leaving_90_meenakshi:frame_000139

Processing: edge_cases_leaving_90_meenakshi:frame_000140

Processing: edge_cases_leaving_90_meenakshi:frame_000141

Processing: edge_cases_leaving_90_meenakshi:frame_000142

Processing: edge_cases_leaving_90_meenakshi:frame_000143

Processing: edge_cases_leaving_90_meenakshi:frame_000144

Processing: edge_cases_leaving_90_meenakshi:frame_000145

Processing: edge_cases_leaving_90_meenakshi:frame_000146

Processing: edge_cases_leaving_90_meenakshi:frame_000147
No detections, skipping.

Processing: edge_cases_leaving_90_meenakshi:frame_000148

Processing: edge_cases_leaving_90_meenakshi:frame_000149

Processing: edge_cases_leaving_90_meenakshi:frame_000150

Processing: edge_cases_leaving_90_meenakshi:frame_000151

Processing: edge_cases_leaving_90_meenakshi:frame_000152
No detections, skipping.

Processing: edge_cases_leaving_90_meenakshi:frame_000153

Processing: edge_cases_leaving_90_meenakshi:frame_000154
No detections, skipping.

Processing: edge_cases_leaving_90_meenakshi:frame_000155
No detections, skipping.

Processing: edge_cases_leaving_90_meenakshi:frame_000156
No detections, skipping.

Processing: edge_cases_leaving_90_meenakshi:frame_000157
No detections, skipping.

Processing: edge_cases_leaving_90_meenakshi:frame_000158
No detections, skipping.

Processing: edge_cases_leaving_90_meenakshi:frame_000159
No detections, skipping.

Processing: edge_cases_leaving_90_meenakshi:frame_000160
No detections, skipping.

Processing: edge_cases_leaving_90_meenakshi:frame_000161
No detections, skipping.

Processing: edge_cases_leaving_90_meenakshi:frame_000162
No detections, skipping.

Processing: edge_cases_leaving_90_meenakshi:frame_000163
No detections, skipping.

Processing: edge_cases_leaving_90_meenakshi:frame_000164
No detections, skipping.

Processing: edge_cases_leaving_90_meenakshi:frame_000165
No detections, skipping.

Processing: edge_cases_leaving_90_meenakshi:frame_000166
No detections, skipping.

Processing: edge_cases_leaving_90_meenakshi:frame_000167
No detections, skipping.

Processing: edge_cases_leaving_90_meenakshi:frame_000168
No detections, skipping.

Processing: edge_cases_leaving_90_meenakshi:frame_000169
No detections, skipping.

Processing: edge_cases_leaving_90_meenakshi:frame_000170
No detections, skipping.

Processing: edge_cases_leaving_90_meenakshi:frame_000171
No detections, skipping.

Processing: edge_cases_leaving_90_meenakshi:frame_000172
No detections, skipping.

Processing: edge_cases_leaving_90_meenakshi:frame_000173
No detections, skipping.

Processing: edge_cases_leaving_90_meenakshi:frame_000174
No detections, skipping.

Processing: edge_cases_leaving_90_meenakshi:frame_000175
No detections, skipping.

Processing: edge_cases_leaving_90_meenakshi:frame_000176
No detections, skipping.

Processing: edge_cases_leaving_90_meenakshi:frame_000177
No detections, skipping.

Processing: edge_cases_leaving_90_meenakshi:frame_000178
No detections, skipping.

Processing: edge_cases_leaving_90_meenakshi:frame_000179
No detections, skipping.

Processing: edge_cases_leaving_90_meenakshi:frame_000180
No detections, skipping.

Processing: edge_cases_leaving_90_meenakshi:frame_000181
No detections, skipping.

Processing: edge_cases_leaving_90_meenakshi:frame_000182
No detections, skipping.

Processing: edge_cases_leaving_90_meenakshi:frame_000183
No detections, skipping.

Processing: edge_cases_leaving_90_meenakshi:frame_000184
No detections, skipping.

Processing: edge_cases_leaving_90_meenakshi:frame_000185
No detections, skipping.

Processing: edge_cases_leaving_90_meenakshi:frame_000186
No detections, skipping.

Processing: edge_cases_leaving_90_meenakshi:frame_000187
No detections, skipping.

Processing: edge_cases_leaving_90_meenakshi:frame_000188
No detections, skipping.

Processing: edge_cases_leaving_90_meenakshi:frame_000189

Processing: edge_cases_leaving_90_meenakshi:frame_000190

Processing: edge_cases_leaving_90_meenakshi:frame_000191

Processing: edge_cases_leaving_90_meenakshi:frame_000192

Processing: edge_cases_leaving_90_meenakshi:frame_000193

Processing: edge_cases_leaving_90_meenakshi:frame_000194

Processing: edge_cases_leaving_90_meenakshi:frame_000195

Processing: edge_cases_leaving_90_meenakshi:frame_000196
No detections, skipping.

Processing: edge_cases_leaving_90_meenakshi:frame_000197
No detections, skipping.

Processing: edge_cases_leaving_90_meenakshi:frame_000198
No detections, skipping.

Processing: edge_cases_leaving_90_meenakshi:frame_000199
No detections, skipping.

Processing: edge_cases_leaving_90_meenakshi:frame_000200
No detections, skipping.

Processing: edge_cases_leaving_90_meenakshi:frame_000201
No detections, skipping.

Processing: edge_cases_leaving_90_meenakshi:frame_000202
No detections, skipping.

Processing: edge_cases_leaving_90_meenakshi:frame_000203
No detections, skipping.

Processing: edge_cases_leaving_90_meenakshi:frame_000204
No detections, skipping.

Processing: edge_cases_leaving_90_meenakshi:frame_000205
No detections, skipping.

Processing: edge_cases_leaving_90_meenakshi:frame_000206
No detections, skipping.

Processing: edge_cases_leaving_90_meenakshi:frame_000207
No detections, skipping.

Processing: edge_cases_leaving_90_meenakshi:frame_000208
No detections, skipping.

Processing: edge_cases_leaving_90_meenakshi:frame_000209
No detections, skipping.

Processing: edge_cases_leaving_90_meenakshi:frame_000210
No detections, skipping.

Processing: edge_cases_leaving_90_meenakshi:frame_000211
No detections, skipping.

Processing: edge_cases_leaving_90_meenakshi:frame_000212
No detections, skipping.

Processing: edge_cases_leaving_90_meenakshi:frame_000213
No detections, skipping.

Processing: edge_cases_leaving_90_meenakshi:frame_000214
No detections, skipping.

Processing: edge_cases_leaving_90_meenakshi:frame_000215
No detections, skipping.

Processing: edge_cases_leaving_90_meenakshi:frame_000216
No detections, skipping.

Processing: edge_cases_leaving_90_meenakshi:frame_000217
No detections, skipping.

Processing: edge_cases_leaving_90_meenakshi:frame_000218
No detections, skipping.

Processing: edge_cases_leaving_90_meenakshi:frame_000219
No detections, skipping.

Processing: edge_cases_leaving_90_meenakshi:frame_000220
No detections, skipping.

Processing: edge_cases_leaving_90_meenakshi:frame_000221

Processing: edge_cases_leaving_90_meenakshi:frame_000222

Processing: edge_cases_leaving_90_meenakshi:frame_000223

Processing: edge_cases_leaving_90_meenakshi:frame_000224

Processing: edge_cases_leaving_90_meenakshi:frame_000225

Processing: edge_cases_leaving_90_meenakshi:frame_000226

Processing: edge_cases_leaving_90_meenakshi:frame_000227

Processing: edge_cases_leaving_90_meenakshi:frame_000228

Processing: edge_cases_leaving_90_meenakshi:frame_000229

Processing: edge_cases_leaving_90_meenakshi:frame_000230

Processing: edge_cases_leaving_90_meenakshi:frame_000231

Processing: edge_cases_leaving_90_meenakshi:frame_000232

Processing: edge_cases_leaving_90_meenakshi:frame_000233

Processing: edge_cases_leaving_90_meenakshi:frame_000234

Processing: edge_cases_leaving_90_meenakshi:frame_000235

Processing: edge_cases_leaving_90_meenakshi:frame_000236

Processing: edge_cases_leaving_90_meenakshi:frame_000237

Processing: edge_cases_leaving_90_meenakshi:frame_000238

Processing: edge_cases_leaving_90_meenakshi:frame_000239

Processing: edge_cases_leaving_90_meenakshi:frame_000240

Processing: edge_cases_leaving_90_meenakshi:frame_000241

Processing: edge_cases_leaving_90_meenakshi:frame_000242

Processing: edge_cases_leaving_90_meenakshi:frame_000243

Processing: edge_cases_leaving_90_meenakshi:frame_000244
No detections, skipping.

Processing: edge_cases_leaving_90_meenakshi:frame_000245
No detections, skipping.

Processing: edge_cases_leaving_90_meenakshi:frame_000246

Processing: edge_cases_leaving_90_meenakshi:frame_000247

Processing: edge_cases_leaving_90_meenakshi:frame_000248

Processing: edge_cases_leaving_90_meenakshi:frame_000249

Processing: edge_cases_leaving_90_meenakshi:frame_000250
No detections, skipping.

Processing: edge_cases_leaving_90_meenakshi:frame_000251

Processing: edge_cases_leaving_90_meenakshi:frame_000252

Processing: edge_cases_leaving_90_meenakshi:frame_000253

Processing: edge_cases_leaving_90_meenakshi:frame_000254

Processing: edge_cases_leaving_90_meenakshi:frame_000255

Processing: edge_cases_leaving_90_meenakshi:frame_000256

Processing: edge_cases_leaving_90_meenakshi:frame_000257

Processing: edge_cases_leaving_90_meenakshi:frame_000258

Processing: edge_cases_leaving_90_meenakshi:frame_000259

Processing: edge_cases_leaving_90_meenakshi:frame_000260

Processing: edge_cases_leaving_90_meenakshi:frame_000261

Processing: edge_cases_leaving_90_meenakshi:frame_000262

Processing: edge_cases_leaving_90_meenakshi:frame_000263

Processing: edge_cases_leaving_90_meenakshi:frame_000264

Processing: edge_cases_leaving_90_meenakshi:frame_000265

Processing: edge_cases_leaving_90_meenakshi:frame_000266

Processing: edge_cases_leaving_90_meenakshi:frame_000267

Processing: edge_cases_leaving_90_meenakshi:frame_000268

Processing: edge_cases_leaving_90_meenakshi:frame_000269

Processing: edge_cases_leaving_90_meenakshi:frame_000270

Processing: edge_cases_leaving_90_meenakshi:frame_000271

Processing: edge_cases_leaving_90_meenakshi:frame_000272

Processing: edge_cases_leaving_90_meenakshi:frame_000273
No detections, skipping.

Processing: edge_cases_leaving_90_meenakshi:frame_000274

Processing: edge_cases_leaving_90_meenakshi:frame_000275

Processing: edge_cases_leaving_90_meenakshi:frame_000276

Processing: edge_cases_leaving_90_meenakshi:frame_000277

Processing: edge_cases_leaving_90_meenakshi:frame_000278

Processing: edge_cases_leaving_90_meenakshi:frame_000279

Processing: edge_cases_leaving_90_meenakshi:frame_000280

Processing: edge_cases_leaving_90_meenakshi:frame_000281

Processing: edge_cases_leaving_90_meenakshi:frame_000282

Processing: edge_cases_leaving_90_meenakshi:frame_000283

Processing: edge_cases_leaving_90_meenakshi:frame_000284

Processing: edge_cases_leaving_90_meenakshi:frame_000285

Processing: edge_cases_leaving_90_meenakshi:frame_000286

Processing: edge_cases_leaving_90_meenakshi:frame_000287

Processing: edge_cases_leaving_90_meenakshi:frame_000288
No detections, skipping.

Processing: edge_cases_leaving_90_meenakshi:frame_000289

Processing: edge_cases_leaving_90_meenakshi:frame_000290

Processing: edge_cases_leaving_90_meenakshi:frame_000291

Processing: edge_cases_leaving_90_meenakshi:frame_000292

Processing: edge_cases_leaving_90_meenakshi:frame_000293

Processing: edge_cases_leaving_90_meenakshi:frame_000294

Processing: edge_cases_leaving_90_meenakshi:frame_000295

Processing: edge_cases_leaving_90_meenakshi:frame_000296

Processing: edge_cases_leaving_90_meenakshi:frame_000297

Processing: edge_cases_leaving_90_meenakshi:frame_000298

Processing: edge_cases_leaving_90_meenakshi:frame_000299
No detections, skipping.

Processing: edge_cases_leaving_90_meenakshi:frame_000300
No detections, skipping.

Processing: edge_cases_leaving_90_meenakshi:frame_000301
No detections, skipping.

Processing: edge_cases_leaving_90_meenakshi:frame_000302
No detections, skipping.

Processing: edge_cases_leaving_90_meenakshi:frame_000303
No detections, skipping.

Processing: edge_cases_leaving_90_meenakshi:frame_000304
No detections, skipping.

Processing: edge_cases_leaving_90_meenakshi:frame_000305
No detections, skipping.

Processing: edge_cases_leaving_90_meenakshi:frame_000306
No detections, skipping.

Processing: edge_cases_leaving_90_meenakshi:frame_000307
No detections, skipping.

Processing: edge_cases_leaving_90_meenakshi:frame_000308
No detections, skipping.

Processing: edge_cases_leaving_90_meenakshi:frame_000309
No detections, skipping.

Processing: edge_cases_leaving_90_meenakshi:frame_000310
No detections, skipping.

Processing: edge_cases_leaving_90_meenakshi:frame_000311
No detections, skipping.

Processing: edge_cases_leaving_90_meenakshi:frame_000312
No detections, skipping.

Processing: edge_cases_leaving_90_meenakshi:frame_000313
No detections, skipping.

Processing: edge_cases_leaving_90_meenakshi:frame_000314
No detections, skipping.

Processing: edge_cases_leaving_90_meenakshi:frame_000315
No detections, skipping.

Processing: edge_cases_leaving_90_meenakshi:frame_000316
No detections, skipping.

Processing: edge_cases_leaving_90_meenakshi:frame_000317
No detections, skipping.

Processing: edge_cases_leaving_90_meenakshi:frame_000318
No detections, skipping.

Processing: edge_cases_leaving_90_meenakshi:frame_000319
No detections, skipping.

Processing: edge_cases_leaving_90_meenakshi:frame_000320
No detections, skipping.

Processing: edge_cases_leaving_90_meenakshi:frame_000321
No detections, skipping.

Processing: edge_cases_leaving_90_meenakshi:frame_000322
No detections, skipping.

Processing: edge_cases_leaving_90_meenakshi:frame_000323

Processing: edge_cases_leaving_90_meenakshi:frame_000324

Processing: edge_cases_leaving_90_meenakshi:frame_000325

Processing: edge_cases_leaving_90_meenakshi:frame_000326

Processing: edge_cases_leaving_90_meenakshi:frame_000327

Processing: edge_cases_leaving_90_meenakshi:frame_000328

All images processed.
===============================================
Job finished at: Wed Jun 10 01:13:24 CEST 2026
Execution took 0.02 hours
Writing output to SLURM_logs/wilor-inference_846.out
Retained WiLoR outputs: /scratch/mthakur/manifold/outputs/wilor/edge_cases_leaving_90_meenakshi/meshes
===============================================
