Loaded modules:

Currently Loaded Modules:
  1) slurm/current    3) gcc/11.3.0   5) cuda/11.7
  2) DefaultModules   4) 2024r1       6) python/3.10.13

 

Mon Apr 13 20:03:43 2026       
+-----------------------------------------------------------------------------------------+
| NVIDIA-SMI 580.126.20             Driver Version: 580.126.20     CUDA Version: 13.0     |
+-----------------------------------------+------------------------+----------------------+
| GPU  Name                 Persistence-M | Bus-Id          Disp.A | Volatile Uncorr. ECC |
| Fan  Temp   Perf          Pwr:Usage/Cap |           Memory-Usage | GPU-Util  Compute M. |
|                                         |                        |               MIG M. |
|=========================================+========================+======================|
|   0  NVIDIA A100 80GB PCIe          On  |   00000000:16:00.0 Off |                   On |
| N/A   52C    P0            139W /  300W |    8750MiB /  81920MiB |     N/A      Default |
|                                         |                        |              Enabled |
+-----------------------------------------+------------------------+----------------------+

+-----------------------------------------------------------------------------------------+
| MIG devices:                                                                            |
+------------------+----------------------------------+-----------+-----------------------+
| GPU  GI  CI  MIG |              Shared Memory-Usage |        Vol|        Shared         |
|      ID  ID  Dev |                Shared BAR1-Usage | SM     Unc| CE ENC  DEC  OFA  JPG |
|                  |                                  |        ECC|                       |
|==================+==================================+===========+=======================|
|  0    9   0   0  |              36MiB /  9728MiB    | 14      0 |  1   0    0    0    0 |
|                  |               0MiB /  6135MiB    |           |                       |
+------------------+----------------------------------+-----------+-----------------------+

+-----------------------------------------------------------------------------------------+
| Processes:                                                                              |
|  GPU   GI   CI              PID   Type   Process name                        GPU Memory |
|        ID   ID                                                               Usage      |
|=========================================================================================|
|  No running processes found                                                             |
+-----------------------------------------------------------------------------------------+
================ SLURM JOB INFO ================
Job ID:         9655054
Job Name:       wilor-train
Partition:      gpu-a100-small
Node List:      gpu020
CPUs per task:  2
GPUs per task:  1
Memory per GPU: 16384
Submit dir:     /scratch/mthakur/manifold/models/wilor_hands
Work dir:       /scratch/mthakur/manifold/models/wilor_hands
Job started at: Mon Apr 13 20:03:43 CEST 2026
===============================================
Project root:    /scratch/mthakur/manifold
Model root:      /scratch/mthakur/manifold/models/wilor_hands
Output dir:      /scratch/mthakur/manifold/outputs/wilor_finetune/distill_clip_2
Train mode:      distill
Loss config:     <none>
Experiment:      <none>
Train scope:     refine_net
Max steps:       10000
Log every:       25
Save every:      250
Sample limit:    0
Validation split:0.15
Checkpoint:      /scratch/mthakur/manifold/models/wilor_hands/pretrained_models/wilor_final.ckpt
Video:           clip_2
Pose dir:        /scratch/mthakur/manifold/outputs/vipe/pose
Intrinsics dir:  /scratch/mthakur/manifold/outputs/vipe/intrinsics
Command: python -u /scratch/mthakur/manifold/models/wilor_hands/finetune_wilor_distill_vipe.py --checkpoint /scratch/mthakur/manifold/models/wilor_hands/pretrained_models/wilor_final.ckpt --cfg_path /scratch/mthakur/manifold/models/wilor_hands/pretrained_models/model_config.yaml --detector_path /scratch/mthakur/manifold/models/wilor_hands/pretrained_models/detector.pt --image_folder /scratch/mthakur/manifold/data/whim/training/images --pose_dir /scratch/mthakur/manifold/outputs/vipe/pose --intrinsics_dir /scratch/mthakur/manifold/outputs/vipe/intrinsics --output_dir /scratch/mthakur/manifold/outputs/wilor_finetune/distill_clip_2 --train_scope refine_net --camera_loss_weight 0.01 --validation_split 0.15 --lr 1e-5 --weight_decay 1e-4 --batch_size 8 --num_workers 4 --max_steps 10000 --log_every 25 --save_every 250 --seed 42 --rescale_factor 2.0 --detection_conf 0.3 --detection_cache /scratch/mthakur/manifold/outputs/wilor_finetune/distill_clip_2/detections_clip_2.json --video clip_2 --use_gpu --amp
/.venv/lib/python3.10/site-packages/timm/models/layers/__init__.py:49: FutureWarning: Importing from timm.models.layers is deprecated, please import via timm.layers
  warnings.warn(f"Importing from {__name__} is deprecated, please import via timm.layers", FutureWarning)
Loading  /scratch/mthakur/manifold/models/wilor_hands/pretrained_models/wilor_final.ckpt
Lightning automatically upgraded your loaded checkpoint from v1.8.1 to v2.0.9. To apply the upgrade to your files permanently, run `python -m pytorch_lightning.utilities.upgrade_checkpoint --file pretrained_models/wilor_final.ckpt`
WARNING: You are using a MANO model, with only 10 shape coefficients.
Traceback (most recent call last):
  File "/scratch/mthakur/manifold/models/wilor_hands/finetune_wilor_distill_vipe.py", line 833, in <module>
    main(parser.parse_args(), parser)
  File "/scratch/mthakur/manifold/models/wilor_hands/finetune_wilor_distill_vipe.py", line 574, in main
    raise RuntimeError("No detector samples were generated for fine-tuning.")
RuntimeError: No detector samples were generated for fine-tuning.
srun: error: gpu020: task 0: Exited with exit code 1
srun: launch/slurm: _step_signal: Terminating StepId=9655054.0
