
The following have been reloaded with a version change:
  1) python/3.10.12 => python/3.10.13

Loaded modules:

Currently Loaded Modules:
  1) slurm/current    3) gcc/11.3.0   5) cuda/11.7
  2) DefaultModules   4) 2024r1       6) python/3.10.13

 

Mon Apr 13 23:04:47 2026       
+-----------------------------------------------------------------------------------------+
| NVIDIA-SMI 580.126.20             Driver Version: 580.126.20     CUDA Version: 13.0     |
+-----------------------------------------+------------------------+----------------------+
| GPU  Name                 Persistence-M | Bus-Id          Disp.A | Volatile Uncorr. ECC |
| Fan  Temp   Perf          Pwr:Usage/Cap |           Memory-Usage | GPU-Util  Compute M. |
|                                         |                        |               MIG M. |
|=========================================+========================+======================|
|   0  NVIDIA A100 80GB PCIe          On  |   00000000:2C:00.0 Off |                   On |
| N/A   46C    P0             69W /  300W |    2492MiB /  81920MiB |     N/A      Default |
|                                         |                        |              Enabled |
+-----------------------------------------+------------------------+----------------------+

+-----------------------------------------------------------------------------------------+
| MIG devices:                                                                            |
+------------------+----------------------------------+-----------+-----------------------+
| GPU  GI  CI  MIG |              Shared Memory-Usage |        Vol|        Shared         |
|      ID  ID  Dev |                Shared BAR1-Usage | SM     Unc| CE ENC  DEC  OFA  JPG |
|                  |                                  |        ECC|                       |
|==================+==================================+===========+=======================|
|  0    8   0   0  |              36MiB /  9728MiB    | 14      0 |  1   0    0    0    0 |
|                  |               0MiB /  6135MiB    |           |                       |
+------------------+----------------------------------+-----------+-----------------------+

+-----------------------------------------------------------------------------------------+
| Processes:                                                                              |
|  GPU   GI   CI              PID   Type   Process name                        GPU Memory |
|        ID   ID                                                               Usage      |
|=========================================================================================|
|  No running processes found                                                             |
+-----------------------------------------------------------------------------------------+
================ SLURM JOB INFO ================
Job ID:         9655643
Job Name:       wilor-train
Partition:      gpu-a100-small
Node List:      gpu020
CPUs per task:  2
GPUs per task:  1
Memory per GPU: 10240
Submit dir:     /scratch/mthakur/manifold/models/wilor_hands
Work dir:       /scratch/mthakur/manifold/models/wilor_hands
Job started at: Mon Apr 13 23:04:47 CEST 2026
===============================================
Test mode selected video: 120-2_clip_1
[progress] Created temporary training image root: /tmp/wilor_train_9655643.3IvC9s/images
[progress] Extracting frames for 120-2_clip_1 into /tmp/wilor_train_9655643.3IvC9s/images/120-2_clip_1_frames
Extracted 155 frame(s) from /scratch/mthakur/manifold/data/images/120-2_clip_1.mp4 into /tmp/wilor_train_9655643.3IvC9s/images/120-2_clip_1_frames
Project root:    /scratch/mthakur/manifold
Model root:      /scratch/mthakur/manifold/models/wilor_hands
Output dir:      /scratch/mthakur/manifold/outputs/wilor_finetune/test_temporal_all_losses
Train mode:      test
Loss config:     /scratch/mthakur/manifold/models/wilor_hands/experiments/temporal_ablations.yaml
Experiment:      test_temporal_all_losses
Train scope:     camera_head
Max steps:       100
Log every:       10
Save every:      50
Sample limit:    64
Validation split:0.15
Checkpoint:      /scratch/mthakur/manifold/models/wilor_hands/pretrained_models/wilor_final.ckpt
Source images:   /scratch/mthakur/manifold/data//images
Prepared images: /tmp/wilor_train_9655643.3IvC9s/images
Video:           120-2_clip_1
Temporal win:    size=8 stride=4 gap=1
Pose dir:        /scratch/mthakur/manifold/outputs/vipe/pose
Intrinsics dir:  /scratch/mthakur/manifold/outputs/vipe/intrinsics
Command: python -u /scratch/mthakur/manifold/models/wilor_hands/finetune_wilor_distill_vipe.py --checkpoint /scratch/mthakur/manifold/models/wilor_hands/pretrained_models/wilor_final.ckpt --cfg_path /scratch/mthakur/manifold/models/wilor_hands/pretrained_models/model_config.yaml --detector_path /scratch/mthakur/manifold/models/wilor_hands/pretrained_models/detector.pt --image_folder /tmp/wilor_train_9655643.3IvC9s/images --pose_dir /scratch/mthakur/manifold/outputs/vipe/pose --intrinsics_dir /scratch/mthakur/manifold/outputs/vipe/intrinsics --output_dir /scratch/mthakur/manifold/outputs/wilor_finetune/test_temporal_all_losses --train_scope camera_head --camera_loss_weight 0.01 --validation_split 0.15 --lr 1e-5 --weight_decay 1e-4 --batch_size 8 --num_workers 4 --max_steps 100 --log_every 10 --save_every 50 --seed 42 --rescale_factor 2.0 --detection_conf 0.3 --loss_config /scratch/mthakur/manifold/models/wilor_hands/experiments/temporal_ablations.yaml --experiment_name test_temporal_all_losses --sample_limit 64 --detection_cache /scratch/mthakur/manifold/outputs/wilor_finetune/test_temporal_all_losses/detections_120-2_clip_1.json --video 120-2_clip_1 --temporal_window_size 8 --temporal_window_stride 4 --temporal_max_frame_gap 1 --temporal_reduction smooth_l1 --temporal_scorer_hidden_dim 64 --temporal_scorer_layers 2 --temporal_scorer_dropout 0.0 --vipe_camera_weight 0.01 --vipe_camera_enabled --temporal_camera_enabled --temporal_camera_formulation learnable --temporal_camera_weight 0.01 --temporal_camera_scorer_weight 0.001 --temporal_bbox_projected_enabled --temporal_bbox_projected_formulation learnable --temporal_bbox_projected_weight 0.01 --temporal_bbox_projected_scorer_weight 0.001 --temporal_bbox_input_enabled --temporal_bbox_input_formulation learnable --temporal_bbox_input_weight 0.01 --temporal_bbox_input_scorer_weight 0.001 --use_gpu --amp
[progress] About to launch Apptainer via srun.
[progress] SLURM wrapper log: SLURM_logs/wilor-train_019.out
[progress] Python run output dir: /scratch/mthakur/manifold/outputs/wilor_finetune/test_temporal_all_losses
[progress] Starting containerized training process now...
/.venv/lib/python3.10/site-packages/timm/models/layers/__init__.py:49: FutureWarning: Importing from timm.models.layers is deprecated, please import via timm.layers
  warnings.warn(f"Importing from {__name__} is deprecated, please import via timm.layers", FutureWarning)
[progress] Starting fine-tuning entrypoint.
[progress] Resolving experiment config from /scratch/mthakur/manifold/models/wilor_hands/experiments/temporal_ablations.yaml (experiment=test_temporal_all_losses)
[progress] Resolved experiment 'test_temporal_all_losses'.
[progress] Using device cuda; output directory is /scratch/mthakur/manifold/outputs/wilor_finetune/test_temporal_all_losses
[progress] Saved resolved experiment snapshot.
[progress] Using explicitly requested video selection: 120-2_clip_1
[progress] Filtering 1 selected video(s) for matching ViPE artifacts.
[progress] Proceeding with video(s): 120-2_clip_1
[progress] Loading student checkpoint and cloning teacher model.
Loading  /scratch/mthakur/manifold/models/wilor_hands/pretrained_models/wilor_final.ckpt
Lightning automatically upgraded your loaded checkpoint from v1.8.1 to v2.0.9. To apply the upgrade to your files permanently, run `python -m pytorch_lightning.utilities.upgrade_checkpoint --file pretrained_models/wilor_final.ckpt`
WARNING: You are using a MANO model, with only 10 shape coefficients.
[progress] Loading detector and ViPE camera index.
[progress] Loading YOLO detector from /scratch/mthakur/manifold/models/wilor_hands/pretrained_models/detector.pt onto cuda
[progress] Detector ready.
[progress] Building detection samples (cache path: /scratch/mthakur/manifold/outputs/wilor_finetune/test_temporal_all_losses/detections_120-2_clip_1.json).
[progress] Loading detection cache from /scratch/mthakur/manifold/outputs/wilor_finetune/test_temporal_all_losses/detections_120-2_clip_1.json
[progress] Detection cache contains 128 samples; using 128 samples across 1 selected video(s).
[progress] Collected 128 detector sample(s).
[progress] Splitting samples into train/val with validation_split=0.15.
[progress] Building temporal training windows with size=8, stride=4, gap=1.
[progress] Constructing training dataset and dataloader.
/.venv/lib/python3.10/site-packages/torch/utils/data/dataloader.py:560: UserWarning: This DataLoader will create 4 worker processes in total. Our suggested max number of worker in current system is 2, which is smaller than what this DataLoader is going to create. Please be aware that excessive worker creation might get DataLoader running slow or even freeze, lower the worker number to avoid potential slowness/freeze if necessary.
  warnings.warn(_create_warning_msg(
[progress] Building validation temporal windows and dataloader.
[progress] Configuring trainable scope: camera_head
[progress] Initialized learnable temporal scorer.
[progress] Creating optimizer and AMP scaler.
[progress] Metrics will be appended to /scratch/mthakur/manifold/outputs/wilor_finetune/test_temporal_all_losses/metrics.jsonl
Device: cuda
Experiment: test_temporal_all_losses
Videos: 120-2_clip_1
Frames: total=64 train=54 val=10
Samples: total=128 train=108 val=20
Temporal windows: train=8 val=0 dropped_train=20 dropped_val=20
Validation split requested, but there were not enough consecutive frames to reserve validation windows.
Train scope: camera_head
Trainable params: 38,121
Temporal families: temporal_camera, temporal_bbox_projected, temporal_bbox_input
[progress] Entering optimization loop.
[progress] Fetching first training batch.
Traceback (most recent call last):
  File "/scratch/mthakur/manifold/models/wilor_hands/finetune_wilor_distill_vipe.py", line 888, in <module>
    main(parser.parse_args(), parser)
  File "/scratch/mthakur/manifold/models/wilor_hands/finetune_wilor_distill_vipe.py", line 759, in main
    loss, train_metrics = _compute_window_loss(
  File "/scratch/mthakur/manifold/models/wilor_hands/finetune_wilor_distill_vipe.py", line 409, in _compute_window_loss
    student_output = student.forward_step(flat_batch, train=train)
  File "/scratch/mthakur/manifold/models/wilor_hands/wilor/models/wilor.py", line 116, in forward_step
    temp_mano_params, pred_cam, pred_mano_feats, vit_out = self.backbone(x[:,:,:,32:-32]) # B, 1280, 16, 12
  File "/.venv/lib/python3.10/site-packages/torch/nn/modules/module.py", line 1501, in _call_impl
    return forward_call(*args, **kwargs)
  File "/scratch/mthakur/manifold/models/wilor_hands/wilor/models/backbones/vit.py", line 404, in forward
    x = self.forward_features(x)
  File "/scratch/mthakur/manifold/models/wilor_hands/wilor/models/backbones/vit.py", line 370, in forward_features
    x = blk(x)
  File "/.venv/lib/python3.10/site-packages/torch/nn/modules/module.py", line 1501, in _call_impl
    return forward_call(*args, **kwargs)
  File "/scratch/mthakur/manifold/models/wilor_hands/wilor/models/backbones/vit.py", line 150, in forward
    x = x + self.drop_path(self.attn(self.norm1(x)))
  File "/.venv/lib/python3.10/site-packages/torch/nn/modules/module.py", line 1501, in _call_impl
    return forward_call(*args, **kwargs)
  File "/scratch/mthakur/manifold/models/wilor_hands/wilor/models/backbones/vit.py", line 120, in forward
    attn = attn.softmax(dim=-1)
torch.cuda.OutOfMemoryError: CUDA out of memory. Tried to allocate 174.00 MiB (GPU 0; 9.50 GiB total capacity; 8.72 GiB already allocated; 27.00 MiB free; 8.90 GiB reserved in total by PyTorch) If reserved memory is >> allocated memory try setting max_split_size_mb to avoid fragmentation.  See documentation for Memory Management and PYTORCH_CUDA_ALLOC_CONF
srun: error: gpu020: task 0: Exited with exit code 1
srun: launch/slurm: _step_signal: Terminating StepId=9655643.0
