
The following have been reloaded with a version change:
  1) python/3.10.12 => python/3.10.13

Loaded modules:

Currently Loaded Modules:
  1) slurm/current    3) gcc/11.3.0   5) cuda/11.7
  2) DefaultModules   4) 2024r1       6) python/3.10.13

 

Tue Apr 28 18:05:33 2026       
+-----------------------------------------------------------------------------------------+
| NVIDIA-SMI 580.126.20             Driver Version: 580.126.20     CUDA Version: 13.0     |
+-----------------------------------------+------------------------+----------------------+
| GPU  Name                 Persistence-M | Bus-Id          Disp.A | Volatile Uncorr. ECC |
| Fan  Temp   Perf          Pwr:Usage/Cap |           Memory-Usage | GPU-Util  Compute M. |
|                                         |                        |               MIG M. |
|=========================================+========================+======================|
|   0  NVIDIA A100 80GB PCIe          On  |   00000000:2C:00.0 Off |                   On |
| N/A   58C    P0            110W /  300W |    1286MiB /  81920MiB |     N/A      Default |
|                                         |                        |              Enabled |
+-----------------------------------------+------------------------+----------------------+

+-----------------------------------------------------------------------------------------+
| MIG devices:                                                                            |
+------------------+----------------------------------+-----------+-----------------------+
| GPU  GI  CI  MIG |              Shared Memory-Usage |        Vol|        Shared         |
|      ID  ID  Dev |                Shared BAR1-Usage | SM     Unc| CE ENC  DEC  OFA  JPG |
|                  |                                  |        ECC|                       |
|==================+==================================+===========+=======================|
|  0    7   0   0  |              36MiB /  9728MiB    | 14      0 |  1   0    0    0    0 |
|                  |               0MiB /  6135MiB    |           |                       |
+------------------+----------------------------------+-----------+-----------------------+

+-----------------------------------------------------------------------------------------+
| Processes:                                                                              |
|  GPU   GI   CI              PID   Type   Process name                        GPU Memory |
|        ID   ID                                                               Usage      |
|=========================================================================================|
|  No running processes found                                                             |
+-----------------------------------------------------------------------------------------+
================ SLURM JOB INFO ================
Job ID:         9776485
Job Name:       wilor-train
Partition:      gpu-a100-small
Node List:      gpu020
CPUs per task:  2
GPUs per task:  1
Memory per GPU: 12288
Submit dir:     /scratch/mthakur/manifold/models/wilor_hands
Work dir:       /scratch/mthakur/manifold/models/wilor_hands
Job started at: Tue Apr 28 18:05:33 CEST 2026
===============================================
[progress] Created temporary training image root: /tmp/wilor_train_9776485.NGgBA3/images
[progress] Extracting frames for 0KuJ2t4S_TY into /tmp/wilor_train_9776485.NGgBA3/images/0KuJ2t4S_TY_frames
Extracted 2410 frame(s) from /scratch/mthakur/manifold/data/images/0KuJ2t4S_TY.mp4 into /tmp/wilor_train_9776485.NGgBA3/images/0KuJ2t4S_TY_frames
[progress] Extracting frames for 0gzQAgjx39o into /tmp/wilor_train_9776485.NGgBA3/images/0gzQAgjx39o_frames
Extracted 992 frame(s) from /scratch/mthakur/manifold/data/images/0gzQAgjx39o.mp4 into /tmp/wilor_train_9776485.NGgBA3/images/0gzQAgjx39o_frames
[progress] Extracting frames for 0rq4nkWlO2E into /tmp/wilor_train_9776485.NGgBA3/images/0rq4nkWlO2E_frames
Extracted 728 frame(s) from /scratch/mthakur/manifold/data/images/0rq4nkWlO2E.mp4 into /tmp/wilor_train_9776485.NGgBA3/images/0rq4nkWlO2E_frames
[progress] Extracting frames for 0ElPjqY4Cq8 into /tmp/wilor_train_9776485.NGgBA3/images/0ElPjqY4Cq8_frames
Extracted 726 frame(s) from /scratch/mthakur/manifold/data/images/0ElPjqY4Cq8.mp4 into /tmp/wilor_train_9776485.NGgBA3/images/0ElPjqY4Cq8_frames
[progress] Extracting frames for SlksdQT5JRE into /tmp/wilor_train_9776485.NGgBA3/images/SlksdQT5JRE_frames
Extracted 946 frame(s) from /scratch/mthakur/manifold/data/images/SlksdQT5JRE.mp4 into /tmp/wilor_train_9776485.NGgBA3/images/SlksdQT5JRE_frames
Project root:    /scratch/mthakur/manifold
Model root:      /scratch/mthakur/manifold/models/wilor_hands
Output dir:      /scratch/mthakur/manifold/outputs/wilor_finetune/lora_hp_a_ws3_s2_b8
Train mode:      distill
Loss config:     /scratch/mthakur/manifold/models/wilor_hands/experiments/lora/hparam_stage_a_windows.yaml
Experiment:      lora_hp_a_ws3_s2_b8
Train scope:     refine_net
LoRA:            enabled=true rank=8 alpha=16.0 blocks=24-32 targets=qkv
Max steps:       200
Log every:       10
Save every:      100
Sample limit:    256
Validation split:0.2
Checkpoint:      /scratch/mthakur/manifold/models/wilor_hands/pretrained_models/wilor_final.ckpt
Source images:   /scratch/mthakur/manifold/data//images
Prepared images: /tmp/wilor_train_9776485.NGgBA3/images
Videos:          0KuJ2t4S_TY|0gzQAgjx39o|0rq4nkWlO2E|0ElPjqY4Cq8|SlksdQT5JRE
Temporal win:    size=3 stride=2 gap=1
Pose dir:        /scratch/mthakur/manifold/outputs/vipe/pose
Intrinsics dir:  /scratch/mthakur/manifold/outputs/vipe/intrinsics
Command: python -u /scratch/mthakur/manifold/models/wilor_hands/finetune_wilor_distill_vipe.py --checkpoint /scratch/mthakur/manifold/models/wilor_hands/pretrained_models/wilor_final.ckpt --cfg_path /scratch/mthakur/manifold/models/wilor_hands/pretrained_models/model_config.yaml --detector_path /scratch/mthakur/manifold/models/wilor_hands/pretrained_models/detector.pt --image_folder /tmp/wilor_train_9776485.NGgBA3/images --pose_dir /scratch/mthakur/manifold/outputs/vipe/pose --intrinsics_dir /scratch/mthakur/manifold/outputs/vipe/intrinsics --output_dir /scratch/mthakur/manifold/outputs/wilor_finetune/lora_hp_a_ws3_s2_b8 --train_scope refine_net --camera_loss_weight 0.01 --validation_split 0.2 --lr 1e-05 --weight_decay 0.0001 --batch_size 8 --num_workers 2 --max_steps 200 --log_every 10 --save_every 100 --seed 42 --rescale_factor 2.0 --detection_conf 0.3 --loss_config /scratch/mthakur/manifold/models/wilor_hands/experiments/lora/hparam_stage_a_windows.yaml --experiment_name lora_hp_a_ws3_s2_b8 --lora_enabled --lora_rank 8 --lora_alpha 16.0 --lora_dropout 0.0 --lora_block_start 24 --lora_block_end 32 --lora_target_modules qkv --sample_limit 256 --detection_cache /scratch/mthakur/manifold/outputs/wilor_finetune/lora_hp_a_ws3_s2_b8/detections_selected_videos.json --video=0KuJ2t4S_TY --video=0gzQAgjx39o --video=0rq4nkWlO2E --video=0ElPjqY4Cq8 --video=SlksdQT5JRE --temporal_window_size 3 --temporal_window_stride 2 --temporal_max_frame_gap 1 --temporal_reduction smooth_l1 --temporal_scorer_hidden_dim 64 --temporal_scorer_layers 2 --temporal_scorer_dropout 0.0 --vipe_camera_weight 0.005 --vipe_camera_enabled --temporal_camera_enabled --temporal_camera_formulation learnable --temporal_camera_weight 0.03 --temporal_camera_scorer_weight 0.001 --temporal_bbox_projected_enabled --temporal_bbox_projected_formulation learnable --temporal_bbox_projected_weight 0.03 --temporal_bbox_projected_scorer_weight 0.001 --no-temporal_vipe_camera_enabled --temporal_vipe_camera_formulation learnable --temporal_vipe_camera_weight 0.0 --temporal_vipe_camera_smoothness_weight 0.0 --temporal_vipe_camera_anchor_weight 0.0 --use_gpu --amp
[progress] About to launch Apptainer via srun.
[progress] SLURM wrapper log: SLURM_logs/wilor-train_131.out
[progress] Python run output dir: /scratch/mthakur/manifold/outputs/wilor_finetune/lora_hp_a_ws3_s2_b8
[progress] Starting containerized training process now...
/.venv/lib/python3.10/site-packages/timm/models/layers/__init__.py:49: FutureWarning: Importing from timm.models.layers is deprecated, please import via timm.layers
  warnings.warn(f"Importing from {__name__} is deprecated, please import via timm.layers", FutureWarning)
[progress] Starting fine-tuning entrypoint.
[progress] Resolving experiment config from /scratch/mthakur/manifold/models/wilor_hands/experiments/lora/hparam_stage_a_windows.yaml (experiment=lora_hp_a_ws3_s2_b8)
[progress] Resolved experiment 'lora_hp_a_ws3_s2_b8'.
[progress] Using device cuda; output directory is /scratch/mthakur/manifold/outputs/wilor_finetune/lora_hp_a_ws3_s2_b8
[progress] Saved resolved experiment snapshot.
[progress] Using explicitly requested video selection: 0ElPjqY4Cq8, 0KuJ2t4S_TY, 0gzQAgjx39o, 0rq4nkWlO2E, SlksdQT5JRE
[progress] Filtering 5 selected video(s) for matching ViPE artifacts.
[progress] Proceeding with video(s): 0ElPjqY4Cq8, 0KuJ2t4S_TY, 0gzQAgjx39o, 0rq4nkWlO2E, SlksdQT5JRE
[progress] Loading student checkpoint and cloning teacher model.
Loading  /scratch/mthakur/manifold/models/wilor_hands/pretrained_models/wilor_final.ckpt
WARNING: You are using a MANO model, with only 10 shape coefficients.
[progress] LoRA is enabled with targets=qkv, blocks=[24, 32).
[progress] Wrapped 8 attention linear(s) with LoRA adapters.
[progress] Loading detector and ViPE camera index.
[progress] Loading YOLO detector from /scratch/mthakur/manifold/models/wilor_hands/pretrained_models/detector.pt onto cuda
[progress] Detector ready.
[progress] Building detection samples (cache path: /scratch/mthakur/manifold/outputs/wilor_finetune/lora_hp_a_ws3_s2_b8/detections_selected_videos.json).
[progress] Scanning image folder for existing extracted frames: /tmp/wilor_train_9776485.NGgBA3/images
[progress] Prepared 256 frame(s) for detection across 5 selected video(s).
[progress] Running detector on frame 1/256: /tmp/wilor_train_9776485.NGgBA3/images/0ElPjqY4Cq8_frames/frame_000000.jpg
[progress] Running detector on frame 25/256: /tmp/wilor_train_9776485.NGgBA3/images/0ElPjqY4Cq8_frames/frame_000024.jpg
[progress] Running detector on frame 50/256: /tmp/wilor_train_9776485.NGgBA3/images/0ElPjqY4Cq8_frames/frame_000049.jpg
[progress] Running detector on frame 75/256: /tmp/wilor_train_9776485.NGgBA3/images/0ElPjqY4Cq8_frames/frame_000074.jpg
[progress] Running detector on frame 100/256: /tmp/wilor_train_9776485.NGgBA3/images/0ElPjqY4Cq8_frames/frame_000099.jpg
[progress] Running detector on frame 125/256: /tmp/wilor_train_9776485.NGgBA3/images/0ElPjqY4Cq8_frames/frame_000124.jpg
[progress] Running detector on frame 150/256: /tmp/wilor_train_9776485.NGgBA3/images/0ElPjqY4Cq8_frames/frame_000149.jpg
[progress] Running detector on frame 175/256: /tmp/wilor_train_9776485.NGgBA3/images/0ElPjqY4Cq8_frames/frame_000174.jpg
[progress] Running detector on frame 200/256: /tmp/wilor_train_9776485.NGgBA3/images/0ElPjqY4Cq8_frames/frame_000199.jpg
[progress] Running detector on frame 225/256: /tmp/wilor_train_9776485.NGgBA3/images/0ElPjqY4Cq8_frames/frame_000224.jpg
[progress] Running detector on frame 250/256: /tmp/wilor_train_9776485.NGgBA3/images/0ElPjqY4Cq8_frames/frame_000249.jpg
[progress] Running detector on frame 256/256: /tmp/wilor_train_9776485.NGgBA3/images/0ElPjqY4Cq8_frames/frame_000255.jpg
[progress] Saved 507 detection samples to /scratch/mthakur/manifold/outputs/wilor_finetune/lora_hp_a_ws3_s2_b8/detections_selected_videos.json
[progress] Finished detection sampling with 507 sample(s).
[progress] Collected 507 detector sample(s).
[progress] Splitting samples into train/val with validation_split=0.2.
[progress] Building temporal training windows with size=3, stride=2, gap=1.
[progress] Constructing training dataset and dataloader.
[progress] Building validation temporal windows and dataloader.
[progress] Configuring trainable scope: refine_net
[progress] Initialized learnable temporal scorer.
[progress] Creating optimizer and AMP scaler.
[progress] Metrics will be appended to /scratch/mthakur/manifold/outputs/wilor_finetune/lora_hp_a_ws3_s2_b8/metrics.jsonl
Device: cuda
Experiment: lora_hp_a_ws3_s2_b8
Videos: 0ElPjqY4Cq8, 0KuJ2t4S_TY, 0gzQAgjx39o, 0rq4nkWlO2E, SlksdQT5JRE
Frames: total=256 train=205 val=51
Samples: total=507 train=405 val=102
Temporal windows: train=144 val=4 dropped_train=46 dropped_val=72
Train scope: refine_net
LoRA: enabled rank=8 alpha=16.0 dropout=0.0 blocks=[24, 32) targets=qkv
Trainable params: 8,669,519
Temporal families: temporal_camera, temporal_bbox_projected
[progress] Entering optimization loop.
[progress] Fetching first training batch.
[step 00001] loss=2.2148 cam=393.4523 temp_cam=0.0000 bbox_p=0.0002 vipe_t=0.0000
[progress] Running validation at step 1.
             val_loss=0.9338 val_cam=185.4041 val_temp_cam=0.0000 val_bbox_p=0.0002 val_vipe_t=0.0000
[step 00010] loss=2.3132 cam=362.2269 temp_cam=0.0000 bbox_p=0.0009 vipe_t=0.0000
[progress] Running validation at step 10.
             val_loss=0.9570 val_cam=185.0705 val_temp_cam=0.0000 val_bbox_p=0.0002 val_vipe_t=0.0000
[step 00020] loss=2.2853 cam=363.2109 temp_cam=0.0000 bbox_p=0.0001 vipe_t=0.0000
[progress] Running validation at step 20.
             val_loss=0.9667 val_cam=183.7634 val_temp_cam=0.0000 val_bbox_p=0.0002 val_vipe_t=0.0000
[step 00030] loss=2.7915 cam=339.7268 temp_cam=0.0000 bbox_p=0.0001 vipe_t=0.0000
[progress] Running validation at step 30.
             val_loss=1.0568 val_cam=182.3127 val_temp_cam=0.0000 val_bbox_p=0.0003 val_vipe_t=0.0000
[step 00040] loss=2.5418 cam=388.7167 temp_cam=0.0000 bbox_p=0.0000 vipe_t=0.0000
[progress] Running validation at step 40.
             val_loss=0.9756 val_cam=180.8191 val_temp_cam=0.0000 val_bbox_p=0.0003 val_vipe_t=0.0000
[step 00050] loss=2.1133 cam=353.2569 temp_cam=0.0000 bbox_p=0.0000 vipe_t=0.0000
[progress] Running validation at step 50.
             val_loss=0.9579 val_cam=179.2796 val_temp_cam=0.0000 val_bbox_p=0.0003 val_vipe_t=0.0000
[step 00060] loss=2.1996 cam=369.6789 temp_cam=0.0000 bbox_p=0.0000 vipe_t=0.0000
[progress] Running validation at step 60.
             val_loss=0.9193 val_cam=177.7132 val_temp_cam=0.0000 val_bbox_p=0.0003 val_vipe_t=0.0000
[step 00070] loss=2.2606 cam=355.4337 temp_cam=0.0000 bbox_p=0.0003 vipe_t=0.0000
[progress] Running validation at step 70.
             val_loss=0.9386 val_cam=176.1313 val_temp_cam=0.0000 val_bbox_p=0.0003 val_vipe_t=0.0000
[step 00080] loss=2.3804 cam=376.5550 temp_cam=0.0000 bbox_p=0.0004 vipe_t=0.0000
[progress] Running validation at step 80.
             val_loss=0.9548 val_cam=174.6588 val_temp_cam=0.0000 val_bbox_p=0.0003 val_vipe_t=0.0000
[step 00090] loss=2.4417 cam=365.7419 temp_cam=0.0000 bbox_p=0.0003 vipe_t=0.0000
[progress] Running validation at step 90.
             val_loss=0.9442 val_cam=173.1904 val_temp_cam=0.0000 val_bbox_p=0.0003 val_vipe_t=0.0000
[step 00100] loss=2.1668 cam=328.8535 temp_cam=0.0000 bbox_p=0.0012 vipe_t=0.0000
[progress] Running validation at step 100.
             val_loss=0.9346 val_cam=171.7672 val_temp_cam=0.0000 val_bbox_p=0.0003 val_vipe_t=0.0000
[progress] Saved latest checkpoint at step 100.
[step 00110] loss=2.0203 cam=333.5416 temp_cam=0.0000 bbox_p=0.0004 vipe_t=0.0000
[progress] Running validation at step 110.
             val_loss=0.9402 val_cam=170.4002 val_temp_cam=0.0000 val_bbox_p=0.0003 val_vipe_t=0.0000
[step 00120] loss=2.0190 cam=317.5442 temp_cam=0.0000 bbox_p=0.0000 vipe_t=0.0000
[progress] Running validation at step 120.
             val_loss=0.9450 val_cam=169.0796 val_temp_cam=0.0000 val_bbox_p=0.0003 val_vipe_t=0.0000
[step 00130] loss=2.1163 cam=358.0770 temp_cam=0.0000 bbox_p=0.0001 vipe_t=0.0000
[progress] Running validation at step 130.
             val_loss=0.8880 val_cam=167.7137 val_temp_cam=0.0000 val_bbox_p=0.0003 val_vipe_t=0.0000
[step 00140] loss=2.1616 cam=334.2751 temp_cam=0.0000 bbox_p=0.0001 vipe_t=0.0000
[progress] Running validation at step 140.
             val_loss=0.9162 val_cam=166.2912 val_temp_cam=0.0000 val_bbox_p=0.0003 val_vipe_t=0.0000
[step 00150] loss=2.1247 cam=339.8819 temp_cam=0.0000 bbox_p=0.0001 vipe_t=0.0000
[progress] Running validation at step 150.
             val_loss=0.9037 val_cam=164.8513 val_temp_cam=0.0000 val_bbox_p=0.0003 val_vipe_t=0.0000
[step 00160] loss=2.0979 cam=330.3202 temp_cam=0.0000 bbox_p=0.0003 vipe_t=0.0000
[progress] Running validation at step 160.
             val_loss=0.8936 val_cam=163.2768 val_temp_cam=0.0000 val_bbox_p=0.0003 val_vipe_t=0.0000
[step 00170] loss=2.0410 cam=348.5585 temp_cam=0.0000 bbox_p=0.0003 vipe_t=0.0000
[progress] Running validation at step 170.
             val_loss=0.8736 val_cam=161.9006 val_temp_cam=0.0000 val_bbox_p=0.0003 val_vipe_t=0.0000
[step 00180] loss=2.1802 cam=338.2352 temp_cam=0.0000 bbox_p=0.0002 vipe_t=0.0000
[progress] Running validation at step 180.
             val_loss=0.8870 val_cam=160.5741 val_temp_cam=0.0000 val_bbox_p=0.0003 val_vipe_t=0.0000
[step 00190] loss=2.1569 cam=303.1391 temp_cam=0.0000 bbox_p=0.0013 vipe_t=0.0000
[progress] Running validation at step 190.
             val_loss=0.8789 val_cam=159.2082 val_temp_cam=0.0000 val_bbox_p=0.0003 val_vipe_t=0.0000
[step 00200] loss=2.3462 cam=307.3314 temp_cam=0.0000 bbox_p=0.0006 vipe_t=0.0000
[progress] Running validation at step 200.
             val_loss=0.9647 val_cam=157.8658 val_temp_cam=0.0000 val_bbox_p=0.0003 val_vipe_t=0.0000
[progress] Saved latest checkpoint at step 200.
Finished fine-tuning. Best val_loss_total: 0.8736
Saved checkpoints under: /scratch/mthakur/manifold/outputs/wilor_finetune/lora_hp_a_ws3_s2_b8
[progress] Containerized training process exited cleanly.
===============================================
Job finished at: Tue Apr 28 18:21:08 CEST 2026
Execution took 0.26 hours
Writing output to SLURM_logs/wilor-train_131.out
===============================================
