Loaded modules:

Currently Loaded Modules:
  1) slurm/current    3) gcc/11.3.0   5) cuda/11.7
  2) DefaultModules   4) 2024r1

 

Fri Apr 10 07:10:20 2026       
+-----------------------------------------------------------------------------------------+
| NVIDIA-SMI 580.126.20             Driver Version: 580.126.20     CUDA Version: 13.0     |
+-----------------------------------------+------------------------+----------------------+
| GPU  Name                 Persistence-M | Bus-Id          Disp.A | Volatile Uncorr. ECC |
| Fan  Temp   Perf          Pwr:Usage/Cap |           Memory-Usage | GPU-Util  Compute M. |
|                                         |                        |               MIG M. |
|=========================================+========================+======================|
|   0  NVIDIA A100 80GB PCIe          On  |   00000000:16:00.0 Off |                   On |
| N/A   39C    P0             46W /  300W |     249MiB /  81920MiB |     N/A      Default |
|                                         |                        |              Enabled |
+-----------------------------------------+------------------------+----------------------+

+-----------------------------------------------------------------------------------------+
| MIG devices:                                                                            |
+------------------+----------------------------------+-----------+-----------------------+
| GPU  GI  CI  MIG |              Shared Memory-Usage |        Vol|        Shared         |
|      ID  ID  Dev |                Shared BAR1-Usage | SM     Unc| CE ENC  DEC  OFA  JPG |
|                  |                                  |        ECC|                       |
|==================+==================================+===========+=======================|
|  0    7   0   0  |              36MiB /  9728MiB    | 14      0 |  1   0    0    0    0 |
|                  |               0MiB /  6135MiB    |           |                       |
+------------------+----------------------------------+-----------+-----------------------+

+-----------------------------------------------------------------------------------------+
| Processes:                                                                              |
|  GPU   GI   CI              PID   Type   Process name                        GPU Memory |
|        ID   ID                                                               Usage      |
|=========================================================================================|
|  No running processes found                                                             |
+-----------------------------------------------------------------------------------------+
================ SLURM JOB INFO ================
Job ID:         9570842
Job Name:       wilor-inference
Partition:      gpu-a100-small
Node List:      gpu020
CPUs per task:  2
GPUs per task:  1
Memory per GPU: 10240
Submit dir:     /scratch/mthakur/manifold/models/wilor_hands
Work dir:       /scratch/mthakur/manifold/models/wilor_hands
Job started at: Fri Apr 10 07:10:20 CEST 2026
===============================================
WiLoR video: /scratch/mthakur/manifold/data/images/lhHkJ3InQOE.mp4
WiLoR output root: /scratch/mthakur/manifold/outputs/wilor
WiLoR completion marker: /scratch/mthakur/manifold/outputs/wilor/_completed/lhHkJ3InQOE.json
WiLoR temp frame dir: /tmp/wilor_lhHkJ3InQOE.YerW3x/lhHkJ3InQOE_frames
Extracted 1600 frame(s) from /scratch/mthakur/manifold/data/images/lhHkJ3InQOE.mp4 into /tmp/wilor_lhHkJ3InQOE.YerW3x/lhHkJ3InQOE_frames
/.venv/lib/python3.10/site-packages/timm/models/layers/__init__.py:49: FutureWarning: Importing from timm.models.layers is deprecated, please import via timm.layers
  warnings.warn(f"Importing from {__name__} is deprecated, please import via timm.layers", FutureWarning)
Loading  ./pretrained_models/wilor_final.ckpt
Lightning automatically upgraded your loaded checkpoint from v1.8.1 to v2.0.9. To apply the upgrade to your files permanently, run `python -m pytorch_lightning.utilities.upgrade_checkpoint --file pretrained_models/wilor_final.ckpt`
WARNING: You are using a MANO model, with only 10 shape coefficients.

Processing: /tmp/wilor_lhHkJ3InQOE.YerW3x/lhHkJ3InQOE_frames/frame_000000.jpg

Processing: /tmp/wilor_lhHkJ3InQOE.YerW3x/lhHkJ3InQOE_frames/frame_000001.jpg

Processing: /tmp/wilor_lhHkJ3InQOE.YerW3x/lhHkJ3InQOE_frames/frame_000002.jpg

Processing: /tmp/wilor_lhHkJ3InQOE.YerW3x/lhHkJ3InQOE_frames/frame_000003.jpg

Processing: /tmp/wilor_lhHkJ3InQOE.YerW3x/lhHkJ3InQOE_frames/frame_000004.jpg

Processing: /tmp/wilor_lhHkJ3InQOE.YerW3x/lhHkJ3InQOE_frames/frame_000005.jpg

Processing: /tmp/wilor_lhHkJ3InQOE.YerW3x/lhHkJ3InQOE_frames/frame_000006.jpg

Processing: /tmp/wilor_lhHkJ3InQOE.YerW3x/lhHkJ3InQOE_frames/frame_000007.jpg

Processing: /tmp/wilor_lhHkJ3InQOE.YerW3x/lhHkJ3InQOE_frames/frame_000008.jpg

Processing: /tmp/wilor_lhHkJ3InQOE.YerW3x/lhHkJ3InQOE_frames/frame_000009.jpg

Processing: /tmp/wilor_lhHkJ3InQOE.YerW3x/lhHkJ3InQOE_frames/frame_000010.jpg

Processing: /tmp/wilor_lhHkJ3InQOE.YerW3x/lhHkJ3InQOE_frames/frame_000011.jpg

Processing: /tmp/wilor_lhHkJ3InQOE.YerW3x/lhHkJ3InQOE_frames/frame_000012.jpg

Processing: /tmp/wilor_lhHkJ3InQOE.YerW3x/lhHkJ3InQOE_frames/frame_000013.jpg

Processing: /tmp/wilor_lhHkJ3InQOE.YerW3x/lhHkJ3InQOE_frames/frame_000014.jpg

Processing: /tmp/wilor_lhHkJ3InQOE.YerW3x/lhHkJ3InQOE_frames/frame_000015.jpg

Processing: /tmp/wilor_lhHkJ3InQOE.YerW3x/lhHkJ3InQOE_frames/frame_000016.jpg

Processing: /tmp/wilor_lhHkJ3InQOE.YerW3x/lhHkJ3InQOE_frames/frame_000017.jpg

Processing: /tmp/wilor_lhHkJ3InQOE.YerW3x/lhHkJ3InQOE_frames/frame_000018.jpg

Processing: /tmp/wilor_lhHkJ3InQOE.YerW3x/lhHkJ3InQOE_frames/frame_000019.jpg

Processing: /tmp/wilor_lhHkJ3InQOE.YerW3x/lhHkJ3InQOE_frames/frame_000020.jpg

Processing: /tmp/wilor_lhHkJ3InQOE.YerW3x/lhHkJ3InQOE_frames/frame_000021.jpg

Processing: /tmp/wilor_lhHkJ3InQOE.YerW3x/lhHkJ3InQOE_frames/frame_000022.jpg

Processing: /tmp/wilor_lhHkJ3InQOE.YerW3x/lhHkJ3InQOE_frames/frame_000023.jpg

Processing: /tmp/wilor_lhHkJ3InQOE.YerW3x/lhHkJ3InQOE_frames/frame_000024.jpg

Processing: /tmp/wilor_lhHkJ3InQOE.YerW3x/lhHkJ3InQOE_frames/frame_000025.jpg

Processing: /tmp/wilor_lhHkJ3InQOE.YerW3x/lhHkJ3InQOE_frames/frame_000026.jpg

Processing: /tmp/wilor_lhHkJ3InQOE.YerW3x/lhHkJ3InQOE_frames/frame_000027.jpg

Processing: /tmp/wilor_lhHkJ3InQOE.YerW3x/lhHkJ3InQOE_frames/frame_000028.jpg

Processing: /tmp/wilor_lhHkJ3InQOE.YerW3x/lhHkJ3InQOE_frames/frame_000029.jpg

Processing: /tmp/wilor_lhHkJ3InQOE.YerW3x/lhHkJ3InQOE_frames/frame_000030.jpg

Processing: /tmp/wilor_lhHkJ3InQOE.YerW3x/lhHkJ3InQOE_frames/frame_000031.jpg

Processing: /tmp/wilor_lhHkJ3InQOE.YerW3x/lhHkJ3InQOE_frames/frame_000032.jpg

Processing: /tmp/wilor_lhHkJ3InQOE.YerW3x/lhHkJ3InQOE_frames/frame_000033.jpg

Processing: /tmp/wilor_lhHkJ3InQOE.YerW3x/lhHkJ3InQOE_frames/frame_000034.jpg

Processing: /tmp/wilor_lhHkJ3InQOE.YerW3x/lhHkJ3InQOE_frames/frame_000035.jpg

Processing: /tmp/wilor_lhHkJ3InQOE.YerW3x/lhHkJ3InQOE_frames/frame_000036.jpg

Processing: /tmp/wilor_lhHkJ3InQOE.YerW3x/lhHkJ3InQOE_frames/frame_000037.jpg

Processing: /tmp/wilor_lhHkJ3InQOE.YerW3x/lhHkJ3InQOE_frames/frame_000038.jpg

Processing: /tmp/wilor_lhHkJ3InQOE.YerW3x/lhHkJ3InQOE_frames/frame_000039.jpg

Processing: /tmp/wilor_lhHkJ3InQOE.YerW3x/lhHkJ3InQOE_frames/frame_000040.jpg

Processing: /tmp/wilor_lhHkJ3InQOE.YerW3x/lhHkJ3InQOE_frames/frame_000041.jpg

Processing: /tmp/wilor_lhHkJ3InQOE.YerW3x/lhHkJ3InQOE_frames/frame_000042.jpg

Processing: /tmp/wilor_lhHkJ3InQOE.YerW3x/lhHkJ3InQOE_frames/frame_000043.jpg

Processing: /tmp/wilor_lhHkJ3InQOE.YerW3x/lhHkJ3InQOE_frames/frame_000044.jpg

Processing: /tmp/wilor_lhHkJ3InQOE.YerW3x/lhHkJ3InQOE_frames/frame_000045.jpg

Processing: /tmp/wilor_lhHkJ3InQOE.YerW3x/lhHkJ3InQOE_frames/frame_000046.jpg

Processing: /tmp/wilor_lhHkJ3InQOE.YerW3x/lhHkJ3InQOE_frames/frame_000047.jpg

Processing: /tmp/wilor_lhHkJ3InQOE.YerW3x/lhHkJ3InQOE_frames/frame_000048.jpg

Processing: /tmp/wilor_lhHkJ3InQOE.YerW3x/lhHkJ3InQOE_frames/frame_000049.jpg

Processing: /tmp/wilor_lhHkJ3InQOE.YerW3x/lhHkJ3InQOE_frames/frame_000050.jpg

Processing: /tmp/wilor_lhHkJ3InQOE.YerW3x/lhHkJ3InQOE_frames/frame_000051.jpg

Processing: /tmp/wilor_lhHkJ3InQOE.YerW3x/lhHkJ3InQOE_frames/frame_000052.jpg

Processing: /tmp/wilor_lhHkJ3InQOE.YerW3x/lhHkJ3InQOE_frames/frame_000053.jpg

Processing: /tmp/wilor_lhHkJ3InQOE.YerW3x/lhHkJ3InQOE_frames/frame_000054.jpg

Processing: /tmp/wilor_lhHkJ3InQOE.YerW3x/lhHkJ3InQOE_frames/frame_000055.jpg

Processing: /tmp/wilor_lhHkJ3InQOE.YerW3x/lhHkJ3InQOE_frames/frame_000056.jpg

Processing: /tmp/wilor_lhHkJ3InQOE.YerW3x/lhHkJ3InQOE_frames/frame_000057.jpg

Processing: /tmp/wilor_lhHkJ3InQOE.YerW3x/lhHkJ3InQOE_frames/frame_000058.jpg

Processing: /tmp/wilor_lhHkJ3InQOE.YerW3x/lhHkJ3InQOE_frames/frame_000059.jpg

Processing: /tmp/wilor_lhHkJ3InQOE.YerW3x/lhHkJ3InQOE_frames/frame_000060.jpg

Processing: /tmp/wilor_lhHkJ3InQOE.YerW3x/lhHkJ3InQOE_frames/frame_000061.jpg

Processing: /tmp/wilor_lhHkJ3InQOE.YerW3x/lhHkJ3InQOE_frames/frame_000062.jpg

Processing: /tmp/wilor_lhHkJ3InQOE.YerW3x/lhHkJ3InQOE_frames/frame_000063.jpg

Processing: /tmp/wilor_lhHkJ3InQOE.YerW3x/lhHkJ3InQOE_frames/frame_000064.jpg

Processing: /tmp/wilor_lhHkJ3InQOE.YerW3x/lhHkJ3InQOE_frames/frame_000065.jpg

Processing: /tmp/wilor_lhHkJ3InQOE.YerW3x/lhHkJ3InQOE_frames/frame_000066.jpg

Processing: /tmp/wilor_lhHkJ3InQOE.YerW3x/lhHkJ3InQOE_frames/frame_000067.jpg

Processing: /tmp/wilor_lhHkJ3InQOE.YerW3x/lhHkJ3InQOE_frames/frame_000068.jpg

Processing: /tmp/wilor_lhHkJ3InQOE.YerW3x/lhHkJ3InQOE_frames/frame_000069.jpg

Processing: /tmp/wilor_lhHkJ3InQOE.YerW3x/lhHkJ3InQOE_frames/frame_000070.jpg

Processing: /tmp/wilor_lhHkJ3InQOE.YerW3x/lhHkJ3InQOE_frames/frame_000071.jpg

Processing: /tmp/wilor_lhHkJ3InQOE.YerW3x/lhHkJ3InQOE_frames/frame_000072.jpg

Processing: /tmp/wilor_lhHkJ3InQOE.YerW3x/lhHkJ3InQOE_frames/frame_000073.jpg
No detections, skipping.

Processing: /tmp/wilor_lhHkJ3InQOE.YerW3x/lhHkJ3InQOE_frames/frame_000074.jpg
No detections, skipping.

Processing: /tmp/wilor_lhHkJ3InQOE.YerW3x/lhHkJ3InQOE_frames/frame_000075.jpg

Processing: /tmp/wilor_lhHkJ3InQOE.YerW3x/lhHkJ3InQOE_frames/frame_000076.jpg

Processing: /tmp/wilor_lhHkJ3InQOE.YerW3x/lhHkJ3InQOE_frames/frame_000077.jpg
No detections, skipping.

Processing: /tmp/wilor_lhHkJ3InQOE.YerW3x/lhHkJ3InQOE_frames/frame_000078.jpg

Processing: /tmp/wilor_lhHkJ3InQOE.YerW3x/lhHkJ3InQOE_frames/frame_000079.jpg

Processing: /tmp/wilor_lhHkJ3InQOE.YerW3x/lhHkJ3InQOE_frames/frame_000080.jpg

Processing: /tmp/wilor_lhHkJ3InQOE.YerW3x/lhHkJ3InQOE_frames/frame_000081.jpg

Processing: /tmp/wilor_lhHkJ3InQOE.YerW3x/lhHkJ3InQOE_frames/frame_000082.jpg

Processing: /tmp/wilor_lhHkJ3InQOE.YerW3x/lhHkJ3InQOE_frames/frame_000083.jpg

Processing: /tmp/wilor_lhHkJ3InQOE.YerW3x/lhHkJ3InQOE_frames/frame_000084.jpg

Processing: /tmp/wilor_lhHkJ3InQOE.YerW3x/lhHkJ3InQOE_frames/frame_000085.jpg

Processing: /tmp/wilor_lhHkJ3InQOE.YerW3x/lhHkJ3InQOE_frames/frame_000086.jpg

Processing: /tmp/wilor_lhHkJ3InQOE.YerW3x/lhHkJ3InQOE_frames/frame_000087.jpg

Processing: /tmp/wilor_lhHkJ3InQOE.YerW3x/lhHkJ3InQOE_frames/frame_000088.jpg

Processing: /tmp/wilor_lhHkJ3InQOE.YerW3x/lhHkJ3InQOE_frames/frame_000089.jpg

Processing: /tmp/wilor_lhHkJ3InQOE.YerW3x/lhHkJ3InQOE_frames/frame_000090.jpg

Processing: /tmp/wilor_lhHkJ3InQOE.YerW3x/lhHkJ3InQOE_frames/frame_000091.jpg

Processing: /tmp/wilor_lhHkJ3InQOE.YerW3x/lhHkJ3InQOE_frames/frame_000092.jpg

Processing: /tmp/wilor_lhHkJ3InQOE.YerW3x/lhHkJ3InQOE_frames/frame_000093.jpg

Processing: /tmp/wilor_lhHkJ3InQOE.YerW3x/lhHkJ3InQOE_frames/frame_000094.jpg

Processing: /tmp/wilor_lhHkJ3InQOE.YerW3x/lhHkJ3InQOE_frames/frame_000095.jpg

Processing: /tmp/wilor_lhHkJ3InQOE.YerW3x/lhHkJ3InQOE_frames/frame_000096.jpg

Processing: /tmp/wilor_lhHkJ3InQOE.YerW3x/lhHkJ3InQOE_frames/frame_000097.jpg

Processing: /tmp/wilor_lhHkJ3InQOE.YerW3x/lhHkJ3InQOE_frames/frame_000098.jpg

Processing: /tmp/wilor_lhHkJ3InQOE.YerW3x/lhHkJ3InQOE_frames/frame_000099.jpg

Processing: /tmp/wilor_lhHkJ3InQOE.YerW3x/lhHkJ3InQOE_frames/frame_000100.jpg

Processing: /tmp/wilor_lhHkJ3InQOE.YerW3x/lhHkJ3InQOE_frames/frame_000101.jpg

Processing: /tmp/wilor_lhHkJ3InQOE.YerW3x/lhHkJ3InQOE_frames/frame_000102.jpg

Processing: /tmp/wilor_lhHkJ3InQOE.YerW3x/lhHkJ3InQOE_frames/frame_000103.jpg

Processing: /tmp/wilor_lhHkJ3InQOE.YerW3x/lhHkJ3InQOE_frames/frame_000104.jpg

Processing: /tmp/wilor_lhHkJ3InQOE.YerW3x/lhHkJ3InQOE_frames/frame_000105.jpg

Processing: /tmp/wilor_lhHkJ3InQOE.YerW3x/lhHkJ3InQOE_frames/frame_000106.jpg

Processing: /tmp/wilor_lhHkJ3InQOE.YerW3x/lhHkJ3InQOE_frames/frame_000107.jpg

Processing: /tmp/wilor_lhHkJ3InQOE.YerW3x/lhHkJ3InQOE_frames/frame_000108.jpg

Processing: /tmp/wilor_lhHkJ3InQOE.YerW3x/lhHkJ3InQOE_frames/frame_000109.jpg

Processing: /tmp/wilor_lhHkJ3InQOE.YerW3x/lhHkJ3InQOE_frames/frame_000110.jpg

Processing: /tmp/wilor_lhHkJ3InQOE.YerW3x/lhHkJ3InQOE_frames/frame_000111.jpg

Processing: /tmp/wilor_lhHkJ3InQOE.YerW3x/lhHkJ3InQOE_frames/frame_000112.jpg

Processing: /tmp/wilor_lhHkJ3InQOE.YerW3x/lhHkJ3InQOE_frames/frame_000113.jpg

Processing: /tmp/wilor_lhHkJ3InQOE.YerW3x/lhHkJ3InQOE_frames/frame_000114.jpg

Processing: /tmp/wilor_lhHkJ3InQOE.YerW3x/lhHkJ3InQOE_frames/frame_000115.jpg

Processing: /tmp/wilor_lhHkJ3InQOE.YerW3x/lhHkJ3InQOE_frames/frame_000116.jpg

Processing: /tmp/wilor_lhHkJ3InQOE.YerW3x/lhHkJ3InQOE_frames/frame_000117.jpg

Processing: /tmp/wilor_lhHkJ3InQOE.YerW3x/lhHkJ3InQOE_frames/frame_000118.jpg

Processing: /tmp/wilor_lhHkJ3InQOE.YerW3x/lhHkJ3InQOE_frames/frame_000119.jpg

Processing: /tmp/wilor_lhHkJ3InQOE.YerW3x/lhHkJ3InQOE_frames/frame_000120.jpg

Processing: /tmp/wilor_lhHkJ3InQOE.YerW3x/lhHkJ3InQOE_frames/frame_000121.jpg

Processing: /tmp/wilor_lhHkJ3InQOE.YerW3x/lhHkJ3InQOE_frames/frame_000122.jpg

Processing: /tmp/wilor_lhHkJ3InQOE.YerW3x/lhHkJ3InQOE_frames/frame_000123.jpg

Processing: /tmp/wilor_lhHkJ3InQOE.YerW3x/lhHkJ3InQOE_frames/frame_000124.jpg

Processing: /tmp/wilor_lhHkJ3InQOE.YerW3x/lhHkJ3InQOE_frames/frame_000125.jpg

Processing: /tmp/wilor_lhHkJ3InQOE.YerW3x/lhHkJ3InQOE_frames/frame_000126.jpg

Processing: /tmp/wilor_lhHkJ3InQOE.YerW3x/lhHkJ3InQOE_frames/frame_000127.jpg

Processing: /tmp/wilor_lhHkJ3InQOE.YerW3x/lhHkJ3InQOE_frames/frame_000128.jpg

Processing: /tmp/wilor_lhHkJ3InQOE.YerW3x/lhHkJ3InQOE_frames/frame_000129.jpg

Processing: /tmp/wilor_lhHkJ3InQOE.YerW3x/lhHkJ3InQOE_frames/frame_000130.jpg

Processing: /tmp/wilor_lhHkJ3InQOE.YerW3x/lhHkJ3InQOE_frames/frame_000131.jpg

Processing: /tmp/wilor_lhHkJ3InQOE.YerW3x/lhHkJ3InQOE_frames/frame_000132.jpg

Processing: /tmp/wilor_lhHkJ3InQOE.YerW3x/lhHkJ3InQOE_frames/frame_000133.jpg
No detections, skipping.

Processing: /tmp/wilor_lhHkJ3InQOE.YerW3x/lhHkJ3InQOE_frames/frame_000134.jpg

Processing: /tmp/wilor_lhHkJ3InQOE.YerW3x/lhHkJ3InQOE_frames/frame_000135.jpg

Processing: /tmp/wilor_lhHkJ3InQOE.YerW3x/lhHkJ3InQOE_frames/frame_000136.jpg

Processing: /tmp/wilor_lhHkJ3InQOE.YerW3x/lhHkJ3InQOE_frames/frame_000137.jpg

Processing: /tmp/wilor_lhHkJ3InQOE.YerW3x/lhHkJ3InQOE_frames/frame_000138.jpg

Processing: /tmp/wilor_lhHkJ3InQOE.YerW3x/lhHkJ3InQOE_frames/frame_000139.jpg

Processing: /tmp/wilor_lhHkJ3InQOE.YerW3x/lhHkJ3InQOE_frames/frame_000140.jpg

Processing: /tmp/wilor_lhHkJ3InQOE.YerW3x/lhHkJ3InQOE_frames/frame_000141.jpg

Processing: /tmp/wilor_lhHkJ3InQOE.YerW3x/lhHkJ3InQOE_frames/frame_000142.jpg

Processing: /tmp/wilor_lhHkJ3InQOE.YerW3x/lhHkJ3InQOE_frames/frame_000143.jpg

Processing: /tmp/wilor_lhHkJ3InQOE.YerW3x/lhHkJ3InQOE_frames/frame_000144.jpg

Processing: /tmp/wilor_lhHkJ3InQOE.YerW3x/lhHkJ3InQOE_frames/frame_000145.jpg

Processing: /tmp/wilor_lhHkJ3InQOE.YerW3x/lhHkJ3InQOE_frames/frame_000146.jpg

Processing: /tmp/wilor_lhHkJ3InQOE.YerW3x/lhHkJ3InQOE_frames/frame_000147.jpg

Processing: /tmp/wilor_lhHkJ3InQOE.YerW3x/lhHkJ3InQOE_frames/frame_000148.jpg

Processing: /tmp/wilor_lhHkJ3InQOE.YerW3x/lhHkJ3InQOE_frames/frame_000149.jpg

Processing: /tmp/wilor_lhHkJ3InQOE.YerW3x/lhHkJ3InQOE_frames/frame_000150.jpg

Processing: /tmp/wilor_lhHkJ3InQOE.YerW3x/lhHkJ3InQOE_frames/frame_000151.jpg

Processing: /tmp/wilor_lhHkJ3InQOE.YerW3x/lhHkJ3InQOE_frames/frame_000152.jpg
slurmstepd: error: *** STEP 9570842.0 ON gpu020 CANCELLED AT 2026-04-10T07:15:29 DUE TO TIME LIMIT ***
srun: Job step aborted: Waiting up to 122 seconds for job step to finish.
