Loaded modules:

Currently Loaded Modules:
  1) slurm/current    3) gcc/11.3.0   5) cuda/11.7
  2) DefaultModules   4) 2024r1

 

Wed Jun 10 01:23:59 2026       
+-----------------------------------------------------------------------------------------+
| NVIDIA-SMI 580.159.04             Driver Version: 580.159.04     CUDA Version: 13.0     |
+-----------------------------------------+------------------------+----------------------+
| GPU  Name                 Persistence-M | Bus-Id          Disp.A | Volatile Uncorr. ECC |
| Fan  Temp   Perf          Pwr:Usage/Cap |           Memory-Usage | GPU-Util  Compute M. |
|                                         |                        |               MIG M. |
|=========================================+========================+======================|
|   0  NVIDIA A100 80GB PCIe          On  |   00000000:16:00.0 Off |                   On |
| N/A   46C    P0            127W /  300W |   10648MiB /  81920MiB |     N/A      Default |
|                                         |                        |              Enabled |
+-----------------------------------------+------------------------+----------------------+

+-----------------------------------------------------------------------------------------+
| MIG devices:                                                                            |
+------------------+----------------------------------+-----------+-----------------------+
| GPU  GI  CI  MIG |              Shared Memory-Usage |        Vol|        Shared         |
|      ID  ID  Dev |                Shared BAR1-Usage | SM     Unc| CE ENC  DEC  OFA  JPG |
|                  |                                  |        ECC|                       |
|==================+==================================+===========+=======================|
|  0    7   0   0  |              36MiB /  9728MiB    | 14      0 |  1   0    0    0    0 |
|                  |               0MiB /  6135MiB    |           |                       |
+------------------+----------------------------------+-----------+-----------------------+

+-----------------------------------------------------------------------------------------+
| Processes:                                                                              |
|  GPU   GI   CI              PID   Type   Process name                        GPU Memory |
|        ID   ID                                                               Usage      |
|=========================================================================================|
|  No running processes found                                                             |
+-----------------------------------------------------------------------------------------+
================ SLURM JOB INFO ================
Job ID:         10143249
Job Name:       wilor-inference
Partition:      gpu-a100-small
Node List:      gpu020
CPUs per task:  2
GPUs per task:  1
Memory per GPU: 10240
Submit dir:     /scratch/mthakur/manifold/models/wilor_hands
Work dir:       /scratch/mthakur/manifold/models/wilor_hands
Job started at: Wed Jun 10 01:23:59 CEST 2026
===============================================
WiLoR video: /scratch/mthakur/manifold/data/test/edge_cases_leaving_BE_mayank.mp4
WiLoR output root: /scratch/mthakur/manifold/outputs/wilor
WiLoR completion marker: /scratch/mthakur/manifold/outputs/wilor/_completed/edge_cases_leaving_BE_mayank.json
WiLoR frame cache root: /scratch/mthakur/manifold/data/test
/.venv/lib/python3.10/site-packages/timm/models/layers/__init__.py:49: FutureWarning: Importing from timm.models.layers is deprecated, please import via timm.layers
  warnings.warn(f"Importing from {__name__} is deprecated, please import via timm.layers", FutureWarning)
[progress] Loading WiLoR checkpoint: ./pretrained_models/wilor_final.ckpt
Loading  ./pretrained_models/wilor_final.ckpt
WARNING: You are using a MANO model, with only 10 shape coefficients.
[progress] Loading detector: ./pretrained_models/detector.pt

Processing: edge_cases_leaving_BE_mayank:frame_000000

Processing: edge_cases_leaving_BE_mayank:frame_000001

Processing: edge_cases_leaving_BE_mayank:frame_000002

Processing: edge_cases_leaving_BE_mayank:frame_000003

Processing: edge_cases_leaving_BE_mayank:frame_000004

Processing: edge_cases_leaving_BE_mayank:frame_000005

Processing: edge_cases_leaving_BE_mayank:frame_000006

Processing: edge_cases_leaving_BE_mayank:frame_000007
No detections, skipping.

Processing: edge_cases_leaving_BE_mayank:frame_000008
No detections, skipping.

Processing: edge_cases_leaving_BE_mayank:frame_000009
No detections, skipping.

Processing: edge_cases_leaving_BE_mayank:frame_000010
No detections, skipping.

Processing: edge_cases_leaving_BE_mayank:frame_000011
No detections, skipping.

Processing: edge_cases_leaving_BE_mayank:frame_000012
No detections, skipping.

Processing: edge_cases_leaving_BE_mayank:frame_000013

Processing: edge_cases_leaving_BE_mayank:frame_000014

Processing: edge_cases_leaving_BE_mayank:frame_000015

Processing: edge_cases_leaving_BE_mayank:frame_000016

Processing: edge_cases_leaving_BE_mayank:frame_000017

Processing: edge_cases_leaving_BE_mayank:frame_000018

Processing: edge_cases_leaving_BE_mayank:frame_000019

Processing: edge_cases_leaving_BE_mayank:frame_000020

Processing: edge_cases_leaving_BE_mayank:frame_000021

Processing: edge_cases_leaving_BE_mayank:frame_000022
No detections, skipping.

Processing: edge_cases_leaving_BE_mayank:frame_000023
No detections, skipping.

Processing: edge_cases_leaving_BE_mayank:frame_000024
No detections, skipping.

Processing: edge_cases_leaving_BE_mayank:frame_000025
No detections, skipping.

Processing: edge_cases_leaving_BE_mayank:frame_000026
No detections, skipping.

Processing: edge_cases_leaving_BE_mayank:frame_000027
No detections, skipping.

Processing: edge_cases_leaving_BE_mayank:frame_000028
No detections, skipping.

Processing: edge_cases_leaving_BE_mayank:frame_000029
No detections, skipping.

Processing: edge_cases_leaving_BE_mayank:frame_000030
No detections, skipping.

Processing: edge_cases_leaving_BE_mayank:frame_000031
No detections, skipping.

Processing: edge_cases_leaving_BE_mayank:frame_000032
No detections, skipping.

Processing: edge_cases_leaving_BE_mayank:frame_000033

Processing: edge_cases_leaving_BE_mayank:frame_000034

Processing: edge_cases_leaving_BE_mayank:frame_000035

Processing: edge_cases_leaving_BE_mayank:frame_000036

Processing: edge_cases_leaving_BE_mayank:frame_000037

Processing: edge_cases_leaving_BE_mayank:frame_000038

Processing: edge_cases_leaving_BE_mayank:frame_000039

Processing: edge_cases_leaving_BE_mayank:frame_000040

Processing: edge_cases_leaving_BE_mayank:frame_000041

Processing: edge_cases_leaving_BE_mayank:frame_000042

Processing: edge_cases_leaving_BE_mayank:frame_000043

Processing: edge_cases_leaving_BE_mayank:frame_000044

Processing: edge_cases_leaving_BE_mayank:frame_000045

Processing: edge_cases_leaving_BE_mayank:frame_000046

Processing: edge_cases_leaving_BE_mayank:frame_000047
No detections, skipping.

Processing: edge_cases_leaving_BE_mayank:frame_000048
No detections, skipping.

Processing: edge_cases_leaving_BE_mayank:frame_000049
No detections, skipping.

Processing: edge_cases_leaving_BE_mayank:frame_000050
No detections, skipping.

Processing: edge_cases_leaving_BE_mayank:frame_000051
No detections, skipping.

Processing: edge_cases_leaving_BE_mayank:frame_000052
No detections, skipping.

Processing: edge_cases_leaving_BE_mayank:frame_000053
No detections, skipping.

Processing: edge_cases_leaving_BE_mayank:frame_000054
No detections, skipping.

Processing: edge_cases_leaving_BE_mayank:frame_000055
No detections, skipping.

Processing: edge_cases_leaving_BE_mayank:frame_000056
No detections, skipping.

Processing: edge_cases_leaving_BE_mayank:frame_000057
No detections, skipping.

Processing: edge_cases_leaving_BE_mayank:frame_000058
No detections, skipping.

Processing: edge_cases_leaving_BE_mayank:frame_000059
No detections, skipping.

Processing: edge_cases_leaving_BE_mayank:frame_000060
No detections, skipping.

Processing: edge_cases_leaving_BE_mayank:frame_000061
No detections, skipping.

Processing: edge_cases_leaving_BE_mayank:frame_000062
No detections, skipping.

Processing: edge_cases_leaving_BE_mayank:frame_000063
No detections, skipping.

Processing: edge_cases_leaving_BE_mayank:frame_000064
No detections, skipping.

Processing: edge_cases_leaving_BE_mayank:frame_000065
No detections, skipping.

Processing: edge_cases_leaving_BE_mayank:frame_000066
No detections, skipping.

Processing: edge_cases_leaving_BE_mayank:frame_000067
No detections, skipping.

Processing: edge_cases_leaving_BE_mayank:frame_000068
No detections, skipping.

Processing: edge_cases_leaving_BE_mayank:frame_000069
No detections, skipping.

Processing: edge_cases_leaving_BE_mayank:frame_000070
No detections, skipping.

Processing: edge_cases_leaving_BE_mayank:frame_000071
No detections, skipping.

Processing: edge_cases_leaving_BE_mayank:frame_000072

Processing: edge_cases_leaving_BE_mayank:frame_000073

Processing: edge_cases_leaving_BE_mayank:frame_000074

Processing: edge_cases_leaving_BE_mayank:frame_000075

Processing: edge_cases_leaving_BE_mayank:frame_000076

Processing: edge_cases_leaving_BE_mayank:frame_000077

Processing: edge_cases_leaving_BE_mayank:frame_000078

Processing: edge_cases_leaving_BE_mayank:frame_000079

Processing: edge_cases_leaving_BE_mayank:frame_000080

Processing: edge_cases_leaving_BE_mayank:frame_000081

Processing: edge_cases_leaving_BE_mayank:frame_000082
No detections, skipping.

Processing: edge_cases_leaving_BE_mayank:frame_000083
No detections, skipping.

Processing: edge_cases_leaving_BE_mayank:frame_000084
No detections, skipping.

Processing: edge_cases_leaving_BE_mayank:frame_000085
No detections, skipping.

Processing: edge_cases_leaving_BE_mayank:frame_000086
No detections, skipping.

Processing: edge_cases_leaving_BE_mayank:frame_000087
No detections, skipping.

Processing: edge_cases_leaving_BE_mayank:frame_000088
No detections, skipping.

Processing: edge_cases_leaving_BE_mayank:frame_000089
No detections, skipping.

Processing: edge_cases_leaving_BE_mayank:frame_000090
No detections, skipping.

Processing: edge_cases_leaving_BE_mayank:frame_000091
No detections, skipping.

Processing: edge_cases_leaving_BE_mayank:frame_000092
No detections, skipping.

Processing: edge_cases_leaving_BE_mayank:frame_000093
No detections, skipping.

Processing: edge_cases_leaving_BE_mayank:frame_000094
No detections, skipping.

Processing: edge_cases_leaving_BE_mayank:frame_000095

Processing: edge_cases_leaving_BE_mayank:frame_000096

Processing: edge_cases_leaving_BE_mayank:frame_000097

Processing: edge_cases_leaving_BE_mayank:frame_000098

Processing: edge_cases_leaving_BE_mayank:frame_000099

Processing: edge_cases_leaving_BE_mayank:frame_000100

Processing: edge_cases_leaving_BE_mayank:frame_000101

Processing: edge_cases_leaving_BE_mayank:frame_000102

Processing: edge_cases_leaving_BE_mayank:frame_000103

Processing: edge_cases_leaving_BE_mayank:frame_000104

Processing: edge_cases_leaving_BE_mayank:frame_000105

Processing: edge_cases_leaving_BE_mayank:frame_000106

Processing: edge_cases_leaving_BE_mayank:frame_000107

Processing: edge_cases_leaving_BE_mayank:frame_000108

Processing: edge_cases_leaving_BE_mayank:frame_000109

Processing: edge_cases_leaving_BE_mayank:frame_000110

Processing: edge_cases_leaving_BE_mayank:frame_000111

Processing: edge_cases_leaving_BE_mayank:frame_000112

Processing: edge_cases_leaving_BE_mayank:frame_000113
No detections, skipping.

Processing: edge_cases_leaving_BE_mayank:frame_000114
No detections, skipping.

Processing: edge_cases_leaving_BE_mayank:frame_000115
No detections, skipping.

Processing: edge_cases_leaving_BE_mayank:frame_000116
No detections, skipping.

Processing: edge_cases_leaving_BE_mayank:frame_000117
No detections, skipping.

Processing: edge_cases_leaving_BE_mayank:frame_000118
No detections, skipping.

Processing: edge_cases_leaving_BE_mayank:frame_000119
No detections, skipping.

Processing: edge_cases_leaving_BE_mayank:frame_000120
No detections, skipping.

Processing: edge_cases_leaving_BE_mayank:frame_000121
No detections, skipping.

Processing: edge_cases_leaving_BE_mayank:frame_000122
No detections, skipping.

Processing: edge_cases_leaving_BE_mayank:frame_000123
No detections, skipping.

Processing: edge_cases_leaving_BE_mayank:frame_000124
No detections, skipping.

Processing: edge_cases_leaving_BE_mayank:frame_000125
No detections, skipping.

Processing: edge_cases_leaving_BE_mayank:frame_000126
No detections, skipping.

Processing: edge_cases_leaving_BE_mayank:frame_000127
No detections, skipping.

Processing: edge_cases_leaving_BE_mayank:frame_000128
No detections, skipping.

Processing: edge_cases_leaving_BE_mayank:frame_000129
No detections, skipping.

Processing: edge_cases_leaving_BE_mayank:frame_000130
No detections, skipping.

Processing: edge_cases_leaving_BE_mayank:frame_000131
No detections, skipping.

Processing: edge_cases_leaving_BE_mayank:frame_000132
No detections, skipping.

Processing: edge_cases_leaving_BE_mayank:frame_000133
No detections, skipping.

Processing: edge_cases_leaving_BE_mayank:frame_000134

Processing: edge_cases_leaving_BE_mayank:frame_000135
No detections, skipping.

Processing: edge_cases_leaving_BE_mayank:frame_000136
No detections, skipping.

Processing: edge_cases_leaving_BE_mayank:frame_000137

Processing: edge_cases_leaving_BE_mayank:frame_000138
No detections, skipping.

Processing: edge_cases_leaving_BE_mayank:frame_000139

Processing: edge_cases_leaving_BE_mayank:frame_000140

Processing: edge_cases_leaving_BE_mayank:frame_000141

Processing: edge_cases_leaving_BE_mayank:frame_000142

Processing: edge_cases_leaving_BE_mayank:frame_000143

Processing: edge_cases_leaving_BE_mayank:frame_000144

Processing: edge_cases_leaving_BE_mayank:frame_000145

Processing: edge_cases_leaving_BE_mayank:frame_000146

Processing: edge_cases_leaving_BE_mayank:frame_000147
No detections, skipping.

Processing: edge_cases_leaving_BE_mayank:frame_000148
No detections, skipping.

Processing: edge_cases_leaving_BE_mayank:frame_000149
No detections, skipping.

Processing: edge_cases_leaving_BE_mayank:frame_000150
No detections, skipping.

Processing: edge_cases_leaving_BE_mayank:frame_000151
No detections, skipping.

Processing: edge_cases_leaving_BE_mayank:frame_000152
No detections, skipping.

Processing: edge_cases_leaving_BE_mayank:frame_000153
No detections, skipping.

Processing: edge_cases_leaving_BE_mayank:frame_000154
No detections, skipping.

Processing: edge_cases_leaving_BE_mayank:frame_000155
No detections, skipping.

Processing: edge_cases_leaving_BE_mayank:frame_000156
No detections, skipping.

Processing: edge_cases_leaving_BE_mayank:frame_000157
No detections, skipping.

Processing: edge_cases_leaving_BE_mayank:frame_000158
No detections, skipping.

Processing: edge_cases_leaving_BE_mayank:frame_000159
No detections, skipping.

Processing: edge_cases_leaving_BE_mayank:frame_000160
No detections, skipping.

Processing: edge_cases_leaving_BE_mayank:frame_000161
No detections, skipping.

Processing: edge_cases_leaving_BE_mayank:frame_000162
No detections, skipping.

Processing: edge_cases_leaving_BE_mayank:frame_000163
No detections, skipping.

Processing: edge_cases_leaving_BE_mayank:frame_000164
No detections, skipping.

Processing: edge_cases_leaving_BE_mayank:frame_000165
No detections, skipping.

Processing: edge_cases_leaving_BE_mayank:frame_000166

Processing: edge_cases_leaving_BE_mayank:frame_000167

Processing: edge_cases_leaving_BE_mayank:frame_000168

Processing: edge_cases_leaving_BE_mayank:frame_000169

Processing: edge_cases_leaving_BE_mayank:frame_000170

Processing: edge_cases_leaving_BE_mayank:frame_000171

Processing: edge_cases_leaving_BE_mayank:frame_000172

Processing: edge_cases_leaving_BE_mayank:frame_000173

Processing: edge_cases_leaving_BE_mayank:frame_000174

Processing: edge_cases_leaving_BE_mayank:frame_000175

Processing: edge_cases_leaving_BE_mayank:frame_000176

Processing: edge_cases_leaving_BE_mayank:frame_000177

Processing: edge_cases_leaving_BE_mayank:frame_000178

Processing: edge_cases_leaving_BE_mayank:frame_000179

Processing: edge_cases_leaving_BE_mayank:frame_000180

Processing: edge_cases_leaving_BE_mayank:frame_000181

Processing: edge_cases_leaving_BE_mayank:frame_000182

Processing: edge_cases_leaving_BE_mayank:frame_000183

Processing: edge_cases_leaving_BE_mayank:frame_000184

Processing: edge_cases_leaving_BE_mayank:frame_000185
No detections, skipping.

Processing: edge_cases_leaving_BE_mayank:frame_000186
No detections, skipping.

Processing: edge_cases_leaving_BE_mayank:frame_000187
No detections, skipping.

Processing: edge_cases_leaving_BE_mayank:frame_000188
No detections, skipping.

Processing: edge_cases_leaving_BE_mayank:frame_000189
No detections, skipping.

Processing: edge_cases_leaving_BE_mayank:frame_000190
No detections, skipping.

Processing: edge_cases_leaving_BE_mayank:frame_000191
No detections, skipping.

Processing: edge_cases_leaving_BE_mayank:frame_000192
No detections, skipping.

Processing: edge_cases_leaving_BE_mayank:frame_000193
No detections, skipping.

Processing: edge_cases_leaving_BE_mayank:frame_000194
No detections, skipping.

Processing: edge_cases_leaving_BE_mayank:frame_000195
No detections, skipping.

Processing: edge_cases_leaving_BE_mayank:frame_000196
No detections, skipping.

Processing: edge_cases_leaving_BE_mayank:frame_000197

Processing: edge_cases_leaving_BE_mayank:frame_000198

Processing: edge_cases_leaving_BE_mayank:frame_000199

Processing: edge_cases_leaving_BE_mayank:frame_000200

Processing: edge_cases_leaving_BE_mayank:frame_000201

Processing: edge_cases_leaving_BE_mayank:frame_000202

Processing: edge_cases_leaving_BE_mayank:frame_000203

Processing: edge_cases_leaving_BE_mayank:frame_000204

Processing: edge_cases_leaving_BE_mayank:frame_000205

Processing: edge_cases_leaving_BE_mayank:frame_000206

Processing: edge_cases_leaving_BE_mayank:frame_000207

Processing: edge_cases_leaving_BE_mayank:frame_000208

Processing: edge_cases_leaving_BE_mayank:frame_000209

Processing: edge_cases_leaving_BE_mayank:frame_000210

Processing: edge_cases_leaving_BE_mayank:frame_000211

Processing: edge_cases_leaving_BE_mayank:frame_000212

Processing: edge_cases_leaving_BE_mayank:frame_000213

Processing: edge_cases_leaving_BE_mayank:frame_000214

Processing: edge_cases_leaving_BE_mayank:frame_000215

Processing: edge_cases_leaving_BE_mayank:frame_000216

Processing: edge_cases_leaving_BE_mayank:frame_000217
No detections, skipping.

Processing: edge_cases_leaving_BE_mayank:frame_000218
No detections, skipping.

Processing: edge_cases_leaving_BE_mayank:frame_000219
No detections, skipping.

Processing: edge_cases_leaving_BE_mayank:frame_000220
No detections, skipping.

Processing: edge_cases_leaving_BE_mayank:frame_000221
No detections, skipping.

Processing: edge_cases_leaving_BE_mayank:frame_000222
No detections, skipping.

Processing: edge_cases_leaving_BE_mayank:frame_000223
No detections, skipping.

Processing: edge_cases_leaving_BE_mayank:frame_000224
No detections, skipping.

Processing: edge_cases_leaving_BE_mayank:frame_000225
No detections, skipping.

Processing: edge_cases_leaving_BE_mayank:frame_000226
No detections, skipping.

Processing: edge_cases_leaving_BE_mayank:frame_000227
No detections, skipping.

Processing: edge_cases_leaving_BE_mayank:frame_000228
No detections, skipping.

Processing: edge_cases_leaving_BE_mayank:frame_000229
No detections, skipping.

Processing: edge_cases_leaving_BE_mayank:frame_000230
No detections, skipping.

Processing: edge_cases_leaving_BE_mayank:frame_000231
No detections, skipping.

Processing: edge_cases_leaving_BE_mayank:frame_000232
No detections, skipping.

Processing: edge_cases_leaving_BE_mayank:frame_000233
No detections, skipping.

Processing: edge_cases_leaving_BE_mayank:frame_000234
No detections, skipping.

Processing: edge_cases_leaving_BE_mayank:frame_000235
No detections, skipping.

Processing: edge_cases_leaving_BE_mayank:frame_000236
No detections, skipping.

Processing: edge_cases_leaving_BE_mayank:frame_000237
No detections, skipping.

Processing: edge_cases_leaving_BE_mayank:frame_000238
No detections, skipping.

Processing: edge_cases_leaving_BE_mayank:frame_000239
No detections, skipping.

Processing: edge_cases_leaving_BE_mayank:frame_000240
No detections, skipping.

Processing: edge_cases_leaving_BE_mayank:frame_000241
No detections, skipping.

Processing: edge_cases_leaving_BE_mayank:frame_000242
No detections, skipping.

Processing: edge_cases_leaving_BE_mayank:frame_000243
No detections, skipping.

Processing: edge_cases_leaving_BE_mayank:frame_000244
No detections, skipping.

Processing: edge_cases_leaving_BE_mayank:frame_000245
No detections, skipping.

Processing: edge_cases_leaving_BE_mayank:frame_000246
No detections, skipping.

Processing: edge_cases_leaving_BE_mayank:frame_000247
No detections, skipping.

Processing: edge_cases_leaving_BE_mayank:frame_000248
No detections, skipping.

Processing: edge_cases_leaving_BE_mayank:frame_000249
No detections, skipping.

Processing: edge_cases_leaving_BE_mayank:frame_000250
No detections, skipping.

Processing: edge_cases_leaving_BE_mayank:frame_000251

Processing: edge_cases_leaving_BE_mayank:frame_000252

Processing: edge_cases_leaving_BE_mayank:frame_000253
No detections, skipping.

Processing: edge_cases_leaving_BE_mayank:frame_000254
No detections, skipping.

Processing: edge_cases_leaving_BE_mayank:frame_000255
No detections, skipping.

Processing: edge_cases_leaving_BE_mayank:frame_000256
No detections, skipping.

Processing: edge_cases_leaving_BE_mayank:frame_000257
No detections, skipping.

Processing: edge_cases_leaving_BE_mayank:frame_000258
No detections, skipping.

Processing: edge_cases_leaving_BE_mayank:frame_000259
No detections, skipping.

Processing: edge_cases_leaving_BE_mayank:frame_000260
No detections, skipping.

Processing: edge_cases_leaving_BE_mayank:frame_000261
No detections, skipping.

Processing: edge_cases_leaving_BE_mayank:frame_000262
No detections, skipping.

Processing: edge_cases_leaving_BE_mayank:frame_000263
No detections, skipping.

Processing: edge_cases_leaving_BE_mayank:frame_000264
No detections, skipping.

Processing: edge_cases_leaving_BE_mayank:frame_000265
No detections, skipping.

Processing: edge_cases_leaving_BE_mayank:frame_000266
No detections, skipping.

Processing: edge_cases_leaving_BE_mayank:frame_000267
No detections, skipping.

Processing: edge_cases_leaving_BE_mayank:frame_000268
No detections, skipping.

Processing: edge_cases_leaving_BE_mayank:frame_000269
No detections, skipping.

Processing: edge_cases_leaving_BE_mayank:frame_000270
No detections, skipping.

Processing: edge_cases_leaving_BE_mayank:frame_000271
No detections, skipping.

Processing: edge_cases_leaving_BE_mayank:frame_000272
No detections, skipping.

Processing: edge_cases_leaving_BE_mayank:frame_000273
No detections, skipping.

Processing: edge_cases_leaving_BE_mayank:frame_000274
No detections, skipping.

Processing: edge_cases_leaving_BE_mayank:frame_000275
No detections, skipping.

Processing: edge_cases_leaving_BE_mayank:frame_000276
No detections, skipping.

Processing: edge_cases_leaving_BE_mayank:frame_000277
No detections, skipping.

Processing: edge_cases_leaving_BE_mayank:frame_000278
No detections, skipping.

Processing: edge_cases_leaving_BE_mayank:frame_000279
No detections, skipping.

Processing: edge_cases_leaving_BE_mayank:frame_000280
No detections, skipping.

Processing: edge_cases_leaving_BE_mayank:frame_000281
No detections, skipping.

Processing: edge_cases_leaving_BE_mayank:frame_000282
No detections, skipping.

Processing: edge_cases_leaving_BE_mayank:frame_000283
No detections, skipping.

Processing: edge_cases_leaving_BE_mayank:frame_000284
No detections, skipping.

Processing: edge_cases_leaving_BE_mayank:frame_000285
No detections, skipping.

Processing: edge_cases_leaving_BE_mayank:frame_000286
No detections, skipping.

Processing: edge_cases_leaving_BE_mayank:frame_000287
No detections, skipping.

Processing: edge_cases_leaving_BE_mayank:frame_000288
No detections, skipping.

Processing: edge_cases_leaving_BE_mayank:frame_000289
No detections, skipping.

Processing: edge_cases_leaving_BE_mayank:frame_000290
No detections, skipping.

Processing: edge_cases_leaving_BE_mayank:frame_000291
No detections, skipping.

Processing: edge_cases_leaving_BE_mayank:frame_000292
No detections, skipping.

Processing: edge_cases_leaving_BE_mayank:frame_000293
No detections, skipping.

Processing: edge_cases_leaving_BE_mayank:frame_000294
No detections, skipping.

Processing: edge_cases_leaving_BE_mayank:frame_000295
No detections, skipping.

Processing: edge_cases_leaving_BE_mayank:frame_000296
No detections, skipping.

Processing: edge_cases_leaving_BE_mayank:frame_000297
No detections, skipping.

Processing: edge_cases_leaving_BE_mayank:frame_000298
No detections, skipping.

Processing: edge_cases_leaving_BE_mayank:frame_000299
No detections, skipping.

Processing: edge_cases_leaving_BE_mayank:frame_000300
No detections, skipping.

Processing: edge_cases_leaving_BE_mayank:frame_000301
No detections, skipping.

Processing: edge_cases_leaving_BE_mayank:frame_000302
No detections, skipping.

Processing: edge_cases_leaving_BE_mayank:frame_000303
No detections, skipping.

Processing: edge_cases_leaving_BE_mayank:frame_000304
No detections, skipping.

Processing: edge_cases_leaving_BE_mayank:frame_000305
No detections, skipping.

Processing: edge_cases_leaving_BE_mayank:frame_000306

Processing: edge_cases_leaving_BE_mayank:frame_000307

Processing: edge_cases_leaving_BE_mayank:frame_000308

Processing: edge_cases_leaving_BE_mayank:frame_000309

Processing: edge_cases_leaving_BE_mayank:frame_000310

Processing: edge_cases_leaving_BE_mayank:frame_000311

Processing: edge_cases_leaving_BE_mayank:frame_000312

Processing: edge_cases_leaving_BE_mayank:frame_000313

Processing: edge_cases_leaving_BE_mayank:frame_000314

Processing: edge_cases_leaving_BE_mayank:frame_000315

Processing: edge_cases_leaving_BE_mayank:frame_000316

Processing: edge_cases_leaving_BE_mayank:frame_000317
No detections, skipping.

Processing: edge_cases_leaving_BE_mayank:frame_000318
No detections, skipping.

Processing: edge_cases_leaving_BE_mayank:frame_000319
No detections, skipping.

Processing: edge_cases_leaving_BE_mayank:frame_000320
No detections, skipping.

Processing: edge_cases_leaving_BE_mayank:frame_000321
No detections, skipping.

Processing: edge_cases_leaving_BE_mayank:frame_000322
No detections, skipping.

Processing: edge_cases_leaving_BE_mayank:frame_000323
No detections, skipping.

Processing: edge_cases_leaving_BE_mayank:frame_000324
No detections, skipping.

Processing: edge_cases_leaving_BE_mayank:frame_000325
No detections, skipping.

Processing: edge_cases_leaving_BE_mayank:frame_000326
No detections, skipping.

Processing: edge_cases_leaving_BE_mayank:frame_000327
No detections, skipping.

Processing: edge_cases_leaving_BE_mayank:frame_000328
No detections, skipping.

Processing: edge_cases_leaving_BE_mayank:frame_000329

Processing: edge_cases_leaving_BE_mayank:frame_000330

Processing: edge_cases_leaving_BE_mayank:frame_000331

Processing: edge_cases_leaving_BE_mayank:frame_000332
No detections, skipping.

Processing: edge_cases_leaving_BE_mayank:frame_000333

Processing: edge_cases_leaving_BE_mayank:frame_000334
No detections, skipping.

Processing: edge_cases_leaving_BE_mayank:frame_000335

Processing: edge_cases_leaving_BE_mayank:frame_000336
No detections, skipping.

Processing: edge_cases_leaving_BE_mayank:frame_000337
No detections, skipping.

Processing: edge_cases_leaving_BE_mayank:frame_000338
No detections, skipping.

Processing: edge_cases_leaving_BE_mayank:frame_000339
No detections, skipping.

Processing: edge_cases_leaving_BE_mayank:frame_000340
No detections, skipping.

Processing: edge_cases_leaving_BE_mayank:frame_000341
No detections, skipping.

Processing: edge_cases_leaving_BE_mayank:frame_000342
No detections, skipping.

Processing: edge_cases_leaving_BE_mayank:frame_000343
No detections, skipping.

Processing: edge_cases_leaving_BE_mayank:frame_000344
No detections, skipping.

Processing: edge_cases_leaving_BE_mayank:frame_000345
No detections, skipping.

Processing: edge_cases_leaving_BE_mayank:frame_000346
No detections, skipping.

Processing: edge_cases_leaving_BE_mayank:frame_000347
No detections, skipping.

Processing: edge_cases_leaving_BE_mayank:frame_000348
No detections, skipping.

Processing: edge_cases_leaving_BE_mayank:frame_000349
No detections, skipping.

Processing: edge_cases_leaving_BE_mayank:frame_000350
No detections, skipping.

Processing: edge_cases_leaving_BE_mayank:frame_000351

Processing: edge_cases_leaving_BE_mayank:frame_000352
No detections, skipping.

Processing: edge_cases_leaving_BE_mayank:frame_000353
No detections, skipping.

Processing: edge_cases_leaving_BE_mayank:frame_000354
No detections, skipping.

Processing: edge_cases_leaving_BE_mayank:frame_000355
No detections, skipping.

Processing: edge_cases_leaving_BE_mayank:frame_000356
No detections, skipping.

Processing: edge_cases_leaving_BE_mayank:frame_000357
No detections, skipping.

Processing: edge_cases_leaving_BE_mayank:frame_000358
No detections, skipping.

Processing: edge_cases_leaving_BE_mayank:frame_000359
No detections, skipping.

Processing: edge_cases_leaving_BE_mayank:frame_000360
No detections, skipping.

Processing: edge_cases_leaving_BE_mayank:frame_000361
No detections, skipping.

Processing: edge_cases_leaving_BE_mayank:frame_000362
No detections, skipping.

Processing: edge_cases_leaving_BE_mayank:frame_000363
No detections, skipping.

Processing: edge_cases_leaving_BE_mayank:frame_000364
No detections, skipping.

Processing: edge_cases_leaving_BE_mayank:frame_000365
No detections, skipping.

Processing: edge_cases_leaving_BE_mayank:frame_000366
No detections, skipping.

Processing: edge_cases_leaving_BE_mayank:frame_000367
No detections, skipping.

Processing: edge_cases_leaving_BE_mayank:frame_000368
No detections, skipping.

Processing: edge_cases_leaving_BE_mayank:frame_000369
No detections, skipping.

Processing: edge_cases_leaving_BE_mayank:frame_000370
No detections, skipping.

Processing: edge_cases_leaving_BE_mayank:frame_000371
No detections, skipping.

Processing: edge_cases_leaving_BE_mayank:frame_000372
No detections, skipping.

Processing: edge_cases_leaving_BE_mayank:frame_000373
No detections, skipping.

Processing: edge_cases_leaving_BE_mayank:frame_000374
No detections, skipping.

Processing: edge_cases_leaving_BE_mayank:frame_000375
No detections, skipping.

Processing: edge_cases_leaving_BE_mayank:frame_000376
No detections, skipping.

Processing: edge_cases_leaving_BE_mayank:frame_000377
No detections, skipping.

Processing: edge_cases_leaving_BE_mayank:frame_000378
No detections, skipping.

All images processed.
===============================================
Job finished at: Wed Jun 10 01:26:11 CEST 2026
Execution took 0.04 hours
Writing output to SLURM_logs/wilor-inference_850.out
Retained WiLoR outputs: /scratch/mthakur/manifold/outputs/wilor/edge_cases_leaving_BE_mayank/meshes
===============================================
