Loaded modules:

Currently Loaded Modules:
  1) slurm/current    3) gcc/11.3.0   5) cuda/11.7
  2) DefaultModules   4) 2024r1

 

Wed Jun 10 05:31:06 2026       
+-----------------------------------------------------------------------------------------+
| NVIDIA-SMI 580.159.04             Driver Version: 580.159.04     CUDA Version: 13.0     |
+-----------------------------------------+------------------------+----------------------+
| GPU  Name                 Persistence-M | Bus-Id          Disp.A | Volatile Uncorr. ECC |
| Fan  Temp   Perf          Pwr:Usage/Cap |           Memory-Usage | GPU-Util  Compute M. |
|                                         |                        |               MIG M. |
|=========================================+========================+======================|
|   0  NVIDIA A100 80GB PCIe          On  |   00000000:16:00.0 Off |                   On |
| N/A   44C    P0             94W /  300W |    7958MiB /  81920MiB |     N/A      Default |
|                                         |                        |              Enabled |
+-----------------------------------------+------------------------+----------------------+

+-----------------------------------------------------------------------------------------+
| MIG devices:                                                                            |
+------------------+----------------------------------+-----------+-----------------------+
| GPU  GI  CI  MIG |              Shared Memory-Usage |        Vol|        Shared         |
|      ID  ID  Dev |                Shared BAR1-Usage | SM     Unc| CE ENC  DEC  OFA  JPG |
|                  |                                  |        ECC|                       |
|==================+==================================+===========+=======================|
|  0    7   0   0  |              36MiB /  9728MiB    | 14      0 |  1   0    0    0    0 |
|                  |               0MiB /  6135MiB    |           |                       |
+------------------+----------------------------------+-----------+-----------------------+

+-----------------------------------------------------------------------------------------+
| Processes:                                                                              |
|  GPU   GI   CI              PID   Type   Process name                        GPU Memory |
|        ID   ID                                                               Usage      |
|=========================================================================================|
|  No running processes found                                                             |
+-----------------------------------------------------------------------------------------+
================ SLURM JOB INFO ================
Job ID:         10143336
Job Name:       wilor-inference
Partition:      gpu-a100-small
Node List:      gpu020
CPUs per task:  2
GPUs per task:  1
Memory per GPU: 10240
Submit dir:     /scratch/mthakur/manifold/models/wilor_hands
Work dir:       /scratch/mthakur/manifold/models/wilor_hands
Job started at: Wed Jun 10 05:31:06 CEST 2026
===============================================
WiLoR video: /scratch/mthakur/manifold/data/test/tremor_simulation_big_spiral_normal_45_mayank.mp4
WiLoR output root: /scratch/mthakur/manifold/outputs/wilor
WiLoR completion marker: /scratch/mthakur/manifold/outputs/wilor/_completed/tremor_simulation_big_spiral_normal_45_mayank.json
WiLoR frame cache root: /scratch/mthakur/manifold/data/test
/.venv/lib/python3.10/site-packages/timm/models/layers/__init__.py:49: FutureWarning: Importing from timm.models.layers is deprecated, please import via timm.layers
  warnings.warn(f"Importing from {__name__} is deprecated, please import via timm.layers", FutureWarning)
[progress] Loading WiLoR checkpoint: ./pretrained_models/wilor_final.ckpt
Loading  ./pretrained_models/wilor_final.ckpt
WARNING: You are using a MANO model, with only 10 shape coefficients.
[progress] Loading detector: ./pretrained_models/detector.pt

Processing: tremor_simulation_big_spiral_normal_45_mayank:frame_000000
No detections, skipping.

Processing: tremor_simulation_big_spiral_normal_45_mayank:frame_000001
No detections, skipping.

Processing: tremor_simulation_big_spiral_normal_45_mayank:frame_000002
No detections, skipping.

Processing: tremor_simulation_big_spiral_normal_45_mayank:frame_000003
No detections, skipping.

Processing: tremor_simulation_big_spiral_normal_45_mayank:frame_000004
No detections, skipping.

Processing: tremor_simulation_big_spiral_normal_45_mayank:frame_000005
No detections, skipping.

Processing: tremor_simulation_big_spiral_normal_45_mayank:frame_000006
No detections, skipping.

Processing: tremor_simulation_big_spiral_normal_45_mayank:frame_000007
No detections, skipping.

Processing: tremor_simulation_big_spiral_normal_45_mayank:frame_000008
No detections, skipping.

Processing: tremor_simulation_big_spiral_normal_45_mayank:frame_000009
No detections, skipping.

Processing: tremor_simulation_big_spiral_normal_45_mayank:frame_000010
No detections, skipping.

Processing: tremor_simulation_big_spiral_normal_45_mayank:frame_000011
No detections, skipping.

Processing: tremor_simulation_big_spiral_normal_45_mayank:frame_000012
No detections, skipping.

Processing: tremor_simulation_big_spiral_normal_45_mayank:frame_000013
No detections, skipping.

Processing: tremor_simulation_big_spiral_normal_45_mayank:frame_000014
No detections, skipping.

Processing: tremor_simulation_big_spiral_normal_45_mayank:frame_000015
No detections, skipping.

Processing: tremor_simulation_big_spiral_normal_45_mayank:frame_000016
No detections, skipping.

Processing: tremor_simulation_big_spiral_normal_45_mayank:frame_000017
No detections, skipping.

Processing: tremor_simulation_big_spiral_normal_45_mayank:frame_000018
No detections, skipping.

Processing: tremor_simulation_big_spiral_normal_45_mayank:frame_000019
No detections, skipping.

Processing: tremor_simulation_big_spiral_normal_45_mayank:frame_000020
No detections, skipping.

Processing: tremor_simulation_big_spiral_normal_45_mayank:frame_000021
No detections, skipping.

Processing: tremor_simulation_big_spiral_normal_45_mayank:frame_000022
No detections, skipping.

Processing: tremor_simulation_big_spiral_normal_45_mayank:frame_000023
No detections, skipping.

Processing: tremor_simulation_big_spiral_normal_45_mayank:frame_000024
No detections, skipping.

Processing: tremor_simulation_big_spiral_normal_45_mayank:frame_000025
No detections, skipping.

Processing: tremor_simulation_big_spiral_normal_45_mayank:frame_000026
No detections, skipping.

Processing: tremor_simulation_big_spiral_normal_45_mayank:frame_000027
No detections, skipping.

Processing: tremor_simulation_big_spiral_normal_45_mayank:frame_000028
No detections, skipping.

Processing: tremor_simulation_big_spiral_normal_45_mayank:frame_000029
No detections, skipping.

Processing: tremor_simulation_big_spiral_normal_45_mayank:frame_000030
No detections, skipping.

Processing: tremor_simulation_big_spiral_normal_45_mayank:frame_000031
No detections, skipping.

Processing: tremor_simulation_big_spiral_normal_45_mayank:frame_000032
No detections, skipping.

Processing: tremor_simulation_big_spiral_normal_45_mayank:frame_000033
No detections, skipping.

Processing: tremor_simulation_big_spiral_normal_45_mayank:frame_000034
No detections, skipping.

Processing: tremor_simulation_big_spiral_normal_45_mayank:frame_000035
No detections, skipping.

Processing: tremor_simulation_big_spiral_normal_45_mayank:frame_000036
No detections, skipping.

Processing: tremor_simulation_big_spiral_normal_45_mayank:frame_000037
No detections, skipping.

Processing: tremor_simulation_big_spiral_normal_45_mayank:frame_000038
No detections, skipping.

Processing: tremor_simulation_big_spiral_normal_45_mayank:frame_000039
No detections, skipping.

Processing: tremor_simulation_big_spiral_normal_45_mayank:frame_000040
No detections, skipping.

Processing: tremor_simulation_big_spiral_normal_45_mayank:frame_000041
No detections, skipping.

Processing: tremor_simulation_big_spiral_normal_45_mayank:frame_000042
No detections, skipping.

Processing: tremor_simulation_big_spiral_normal_45_mayank:frame_000043
No detections, skipping.

Processing: tremor_simulation_big_spiral_normal_45_mayank:frame_000044
No detections, skipping.

Processing: tremor_simulation_big_spiral_normal_45_mayank:frame_000045
No detections, skipping.

Processing: tremor_simulation_big_spiral_normal_45_mayank:frame_000046
No detections, skipping.

Processing: tremor_simulation_big_spiral_normal_45_mayank:frame_000047
No detections, skipping.

Processing: tremor_simulation_big_spiral_normal_45_mayank:frame_000048
No detections, skipping.

Processing: tremor_simulation_big_spiral_normal_45_mayank:frame_000049
No detections, skipping.

Processing: tremor_simulation_big_spiral_normal_45_mayank:frame_000050
No detections, skipping.

Processing: tremor_simulation_big_spiral_normal_45_mayank:frame_000051
No detections, skipping.

Processing: tremor_simulation_big_spiral_normal_45_mayank:frame_000052
No detections, skipping.

Processing: tremor_simulation_big_spiral_normal_45_mayank:frame_000053
No detections, skipping.

Processing: tremor_simulation_big_spiral_normal_45_mayank:frame_000054
No detections, skipping.

Processing: tremor_simulation_big_spiral_normal_45_mayank:frame_000055
No detections, skipping.

Processing: tremor_simulation_big_spiral_normal_45_mayank:frame_000056
No detections, skipping.

Processing: tremor_simulation_big_spiral_normal_45_mayank:frame_000057
No detections, skipping.

Processing: tremor_simulation_big_spiral_normal_45_mayank:frame_000058
No detections, skipping.

Processing: tremor_simulation_big_spiral_normal_45_mayank:frame_000059
No detections, skipping.

Processing: tremor_simulation_big_spiral_normal_45_mayank:frame_000060
No detections, skipping.

Processing: tremor_simulation_big_spiral_normal_45_mayank:frame_000061
No detections, skipping.

Processing: tremor_simulation_big_spiral_normal_45_mayank:frame_000062
No detections, skipping.

Processing: tremor_simulation_big_spiral_normal_45_mayank:frame_000063
No detections, skipping.

Processing: tremor_simulation_big_spiral_normal_45_mayank:frame_000064
No detections, skipping.

Processing: tremor_simulation_big_spiral_normal_45_mayank:frame_000065
No detections, skipping.

Processing: tremor_simulation_big_spiral_normal_45_mayank:frame_000066
No detections, skipping.

Processing: tremor_simulation_big_spiral_normal_45_mayank:frame_000067
No detections, skipping.

Processing: tremor_simulation_big_spiral_normal_45_mayank:frame_000068
No detections, skipping.

Processing: tremor_simulation_big_spiral_normal_45_mayank:frame_000069
No detections, skipping.

Processing: tremor_simulation_big_spiral_normal_45_mayank:frame_000070
No detections, skipping.

Processing: tremor_simulation_big_spiral_normal_45_mayank:frame_000071
No detections, skipping.

Processing: tremor_simulation_big_spiral_normal_45_mayank:frame_000072
No detections, skipping.

Processing: tremor_simulation_big_spiral_normal_45_mayank:frame_000073
No detections, skipping.

Processing: tremor_simulation_big_spiral_normal_45_mayank:frame_000074
No detections, skipping.

Processing: tremor_simulation_big_spiral_normal_45_mayank:frame_000075
No detections, skipping.

Processing: tremor_simulation_big_spiral_normal_45_mayank:frame_000076
No detections, skipping.

Processing: tremor_simulation_big_spiral_normal_45_mayank:frame_000077
No detections, skipping.

Processing: tremor_simulation_big_spiral_normal_45_mayank:frame_000078
No detections, skipping.

Processing: tremor_simulation_big_spiral_normal_45_mayank:frame_000079
No detections, skipping.

Processing: tremor_simulation_big_spiral_normal_45_mayank:frame_000080
No detections, skipping.

Processing: tremor_simulation_big_spiral_normal_45_mayank:frame_000081
No detections, skipping.

Processing: tremor_simulation_big_spiral_normal_45_mayank:frame_000082
No detections, skipping.

Processing: tremor_simulation_big_spiral_normal_45_mayank:frame_000083
No detections, skipping.

Processing: tremor_simulation_big_spiral_normal_45_mayank:frame_000084
No detections, skipping.

Processing: tremor_simulation_big_spiral_normal_45_mayank:frame_000085
No detections, skipping.

Processing: tremor_simulation_big_spiral_normal_45_mayank:frame_000086
No detections, skipping.

Processing: tremor_simulation_big_spiral_normal_45_mayank:frame_000087
No detections, skipping.

Processing: tremor_simulation_big_spiral_normal_45_mayank:frame_000088
No detections, skipping.

Processing: tremor_simulation_big_spiral_normal_45_mayank:frame_000089
No detections, skipping.

Processing: tremor_simulation_big_spiral_normal_45_mayank:frame_000090
No detections, skipping.

Processing: tremor_simulation_big_spiral_normal_45_mayank:frame_000091
No detections, skipping.

Processing: tremor_simulation_big_spiral_normal_45_mayank:frame_000092
No detections, skipping.

Processing: tremor_simulation_big_spiral_normal_45_mayank:frame_000093
No detections, skipping.

Processing: tremor_simulation_big_spiral_normal_45_mayank:frame_000094
No detections, skipping.

Processing: tremor_simulation_big_spiral_normal_45_mayank:frame_000095
No detections, skipping.

Processing: tremor_simulation_big_spiral_normal_45_mayank:frame_000096
No detections, skipping.

Processing: tremor_simulation_big_spiral_normal_45_mayank:frame_000097
No detections, skipping.

Processing: tremor_simulation_big_spiral_normal_45_mayank:frame_000098
No detections, skipping.

Processing: tremor_simulation_big_spiral_normal_45_mayank:frame_000099
No detections, skipping.

Processing: tremor_simulation_big_spiral_normal_45_mayank:frame_000100
No detections, skipping.

Processing: tremor_simulation_big_spiral_normal_45_mayank:frame_000101
No detections, skipping.

Processing: tremor_simulation_big_spiral_normal_45_mayank:frame_000102
No detections, skipping.

Processing: tremor_simulation_big_spiral_normal_45_mayank:frame_000103
No detections, skipping.

Processing: tremor_simulation_big_spiral_normal_45_mayank:frame_000104
No detections, skipping.

Processing: tremor_simulation_big_spiral_normal_45_mayank:frame_000105
No detections, skipping.

Processing: tremor_simulation_big_spiral_normal_45_mayank:frame_000106
No detections, skipping.

Processing: tremor_simulation_big_spiral_normal_45_mayank:frame_000107
No detections, skipping.

Processing: tremor_simulation_big_spiral_normal_45_mayank:frame_000108
No detections, skipping.

Processing: tremor_simulation_big_spiral_normal_45_mayank:frame_000109
No detections, skipping.

Processing: tremor_simulation_big_spiral_normal_45_mayank:frame_000110
No detections, skipping.

Processing: tremor_simulation_big_spiral_normal_45_mayank:frame_000111
No detections, skipping.

Processing: tremor_simulation_big_spiral_normal_45_mayank:frame_000112
No detections, skipping.

Processing: tremor_simulation_big_spiral_normal_45_mayank:frame_000113
No detections, skipping.

Processing: tremor_simulation_big_spiral_normal_45_mayank:frame_000114
No detections, skipping.

Processing: tremor_simulation_big_spiral_normal_45_mayank:frame_000115
No detections, skipping.

Processing: tremor_simulation_big_spiral_normal_45_mayank:frame_000116
No detections, skipping.

Processing: tremor_simulation_big_spiral_normal_45_mayank:frame_000117
No detections, skipping.

Processing: tremor_simulation_big_spiral_normal_45_mayank:frame_000118
No detections, skipping.

Processing: tremor_simulation_big_spiral_normal_45_mayank:frame_000119
No detections, skipping.

Processing: tremor_simulation_big_spiral_normal_45_mayank:frame_000120
No detections, skipping.

Processing: tremor_simulation_big_spiral_normal_45_mayank:frame_000121
No detections, skipping.

Processing: tremor_simulation_big_spiral_normal_45_mayank:frame_000122
No detections, skipping.

Processing: tremor_simulation_big_spiral_normal_45_mayank:frame_000123
No detections, skipping.

Processing: tremor_simulation_big_spiral_normal_45_mayank:frame_000124
No detections, skipping.

Processing: tremor_simulation_big_spiral_normal_45_mayank:frame_000125
No detections, skipping.

Processing: tremor_simulation_big_spiral_normal_45_mayank:frame_000126
No detections, skipping.

Processing: tremor_simulation_big_spiral_normal_45_mayank:frame_000127
No detections, skipping.

Processing: tremor_simulation_big_spiral_normal_45_mayank:frame_000128
No detections, skipping.

Processing: tremor_simulation_big_spiral_normal_45_mayank:frame_000129
No detections, skipping.

Processing: tremor_simulation_big_spiral_normal_45_mayank:frame_000130
No detections, skipping.

Processing: tremor_simulation_big_spiral_normal_45_mayank:frame_000131
No detections, skipping.

Processing: tremor_simulation_big_spiral_normal_45_mayank:frame_000132
No detections, skipping.

Processing: tremor_simulation_big_spiral_normal_45_mayank:frame_000133
No detections, skipping.

Processing: tremor_simulation_big_spiral_normal_45_mayank:frame_000134
No detections, skipping.

Processing: tremor_simulation_big_spiral_normal_45_mayank:frame_000135
No detections, skipping.

Processing: tremor_simulation_big_spiral_normal_45_mayank:frame_000136
No detections, skipping.

Processing: tremor_simulation_big_spiral_normal_45_mayank:frame_000137
No detections, skipping.

Processing: tremor_simulation_big_spiral_normal_45_mayank:frame_000138
No detections, skipping.

Processing: tremor_simulation_big_spiral_normal_45_mayank:frame_000139
No detections, skipping.

Processing: tremor_simulation_big_spiral_normal_45_mayank:frame_000140
No detections, skipping.

Processing: tremor_simulation_big_spiral_normal_45_mayank:frame_000141
No detections, skipping.

Processing: tremor_simulation_big_spiral_normal_45_mayank:frame_000142
No detections, skipping.

Processing: tremor_simulation_big_spiral_normal_45_mayank:frame_000143
No detections, skipping.

Processing: tremor_simulation_big_spiral_normal_45_mayank:frame_000144
No detections, skipping.

Processing: tremor_simulation_big_spiral_normal_45_mayank:frame_000145

Processing: tremor_simulation_big_spiral_normal_45_mayank:frame_000146
No detections, skipping.

Processing: tremor_simulation_big_spiral_normal_45_mayank:frame_000147
No detections, skipping.

Processing: tremor_simulation_big_spiral_normal_45_mayank:frame_000148
No detections, skipping.

Processing: tremor_simulation_big_spiral_normal_45_mayank:frame_000149
No detections, skipping.

Processing: tremor_simulation_big_spiral_normal_45_mayank:frame_000150
No detections, skipping.

Processing: tremor_simulation_big_spiral_normal_45_mayank:frame_000151
No detections, skipping.

Processing: tremor_simulation_big_spiral_normal_45_mayank:frame_000152
No detections, skipping.

Processing: tremor_simulation_big_spiral_normal_45_mayank:frame_000153
No detections, skipping.

Processing: tremor_simulation_big_spiral_normal_45_mayank:frame_000154
No detections, skipping.

Processing: tremor_simulation_big_spiral_normal_45_mayank:frame_000155
No detections, skipping.

Processing: tremor_simulation_big_spiral_normal_45_mayank:frame_000156
No detections, skipping.

Processing: tremor_simulation_big_spiral_normal_45_mayank:frame_000157
No detections, skipping.

Processing: tremor_simulation_big_spiral_normal_45_mayank:frame_000158
No detections, skipping.

Processing: tremor_simulation_big_spiral_normal_45_mayank:frame_000159
No detections, skipping.

Processing: tremor_simulation_big_spiral_normal_45_mayank:frame_000160
No detections, skipping.

Processing: tremor_simulation_big_spiral_normal_45_mayank:frame_000161
No detections, skipping.

Processing: tremor_simulation_big_spiral_normal_45_mayank:frame_000162
No detections, skipping.

Processing: tremor_simulation_big_spiral_normal_45_mayank:frame_000163
No detections, skipping.

Processing: tremor_simulation_big_spiral_normal_45_mayank:frame_000164
No detections, skipping.

Processing: tremor_simulation_big_spiral_normal_45_mayank:frame_000165
No detections, skipping.

Processing: tremor_simulation_big_spiral_normal_45_mayank:frame_000166
No detections, skipping.

Processing: tremor_simulation_big_spiral_normal_45_mayank:frame_000167
No detections, skipping.

Processing: tremor_simulation_big_spiral_normal_45_mayank:frame_000168
No detections, skipping.

Processing: tremor_simulation_big_spiral_normal_45_mayank:frame_000169
No detections, skipping.

Processing: tremor_simulation_big_spiral_normal_45_mayank:frame_000170
No detections, skipping.

Processing: tremor_simulation_big_spiral_normal_45_mayank:frame_000171
No detections, skipping.

Processing: tremor_simulation_big_spiral_normal_45_mayank:frame_000172
No detections, skipping.

Processing: tremor_simulation_big_spiral_normal_45_mayank:frame_000173
No detections, skipping.

Processing: tremor_simulation_big_spiral_normal_45_mayank:frame_000174

Processing: tremor_simulation_big_spiral_normal_45_mayank:frame_000175

Processing: tremor_simulation_big_spiral_normal_45_mayank:frame_000176

Processing: tremor_simulation_big_spiral_normal_45_mayank:frame_000177

Processing: tremor_simulation_big_spiral_normal_45_mayank:frame_000178

Processing: tremor_simulation_big_spiral_normal_45_mayank:frame_000179

Processing: tremor_simulation_big_spiral_normal_45_mayank:frame_000180

Processing: tremor_simulation_big_spiral_normal_45_mayank:frame_000181

Processing: tremor_simulation_big_spiral_normal_45_mayank:frame_000182

Processing: tremor_simulation_big_spiral_normal_45_mayank:frame_000183

Processing: tremor_simulation_big_spiral_normal_45_mayank:frame_000184

Processing: tremor_simulation_big_spiral_normal_45_mayank:frame_000185

Processing: tremor_simulation_big_spiral_normal_45_mayank:frame_000186

Processing: tremor_simulation_big_spiral_normal_45_mayank:frame_000187

Processing: tremor_simulation_big_spiral_normal_45_mayank:frame_000188

Processing: tremor_simulation_big_spiral_normal_45_mayank:frame_000189

Processing: tremor_simulation_big_spiral_normal_45_mayank:frame_000190

Processing: tremor_simulation_big_spiral_normal_45_mayank:frame_000191

Processing: tremor_simulation_big_spiral_normal_45_mayank:frame_000192

Processing: tremor_simulation_big_spiral_normal_45_mayank:frame_000193

Processing: tremor_simulation_big_spiral_normal_45_mayank:frame_000194

Processing: tremor_simulation_big_spiral_normal_45_mayank:frame_000195

Processing: tremor_simulation_big_spiral_normal_45_mayank:frame_000196

Processing: tremor_simulation_big_spiral_normal_45_mayank:frame_000197

Processing: tremor_simulation_big_spiral_normal_45_mayank:frame_000198

Processing: tremor_simulation_big_spiral_normal_45_mayank:frame_000199

Processing: tremor_simulation_big_spiral_normal_45_mayank:frame_000200

Processing: tremor_simulation_big_spiral_normal_45_mayank:frame_000201

Processing: tremor_simulation_big_spiral_normal_45_mayank:frame_000202

Processing: tremor_simulation_big_spiral_normal_45_mayank:frame_000203

Processing: tremor_simulation_big_spiral_normal_45_mayank:frame_000204

Processing: tremor_simulation_big_spiral_normal_45_mayank:frame_000205

Processing: tremor_simulation_big_spiral_normal_45_mayank:frame_000206

Processing: tremor_simulation_big_spiral_normal_45_mayank:frame_000207

Processing: tremor_simulation_big_spiral_normal_45_mayank:frame_000208

Processing: tremor_simulation_big_spiral_normal_45_mayank:frame_000209

Processing: tremor_simulation_big_spiral_normal_45_mayank:frame_000210

Processing: tremor_simulation_big_spiral_normal_45_mayank:frame_000211

Processing: tremor_simulation_big_spiral_normal_45_mayank:frame_000212

Processing: tremor_simulation_big_spiral_normal_45_mayank:frame_000213

Processing: tremor_simulation_big_spiral_normal_45_mayank:frame_000214

Processing: tremor_simulation_big_spiral_normal_45_mayank:frame_000215

Processing: tremor_simulation_big_spiral_normal_45_mayank:frame_000216

Processing: tremor_simulation_big_spiral_normal_45_mayank:frame_000217

Processing: tremor_simulation_big_spiral_normal_45_mayank:frame_000218

Processing: tremor_simulation_big_spiral_normal_45_mayank:frame_000219

Processing: tremor_simulation_big_spiral_normal_45_mayank:frame_000220

Processing: tremor_simulation_big_spiral_normal_45_mayank:frame_000221

Processing: tremor_simulation_big_spiral_normal_45_mayank:frame_000222

Processing: tremor_simulation_big_spiral_normal_45_mayank:frame_000223

Processing: tremor_simulation_big_spiral_normal_45_mayank:frame_000224

Processing: tremor_simulation_big_spiral_normal_45_mayank:frame_000225

Processing: tremor_simulation_big_spiral_normal_45_mayank:frame_000226

Processing: tremor_simulation_big_spiral_normal_45_mayank:frame_000227

Processing: tremor_simulation_big_spiral_normal_45_mayank:frame_000228

Processing: tremor_simulation_big_spiral_normal_45_mayank:frame_000229

Processing: tremor_simulation_big_spiral_normal_45_mayank:frame_000230

Processing: tremor_simulation_big_spiral_normal_45_mayank:frame_000231

Processing: tremor_simulation_big_spiral_normal_45_mayank:frame_000232

Processing: tremor_simulation_big_spiral_normal_45_mayank:frame_000233

Processing: tremor_simulation_big_spiral_normal_45_mayank:frame_000234

Processing: tremor_simulation_big_spiral_normal_45_mayank:frame_000235

Processing: tremor_simulation_big_spiral_normal_45_mayank:frame_000236

Processing: tremor_simulation_big_spiral_normal_45_mayank:frame_000237

Processing: tremor_simulation_big_spiral_normal_45_mayank:frame_000238

Processing: tremor_simulation_big_spiral_normal_45_mayank:frame_000239

Processing: tremor_simulation_big_spiral_normal_45_mayank:frame_000240

Processing: tremor_simulation_big_spiral_normal_45_mayank:frame_000241

Processing: tremor_simulation_big_spiral_normal_45_mayank:frame_000242

Processing: tremor_simulation_big_spiral_normal_45_mayank:frame_000243

Processing: tremor_simulation_big_spiral_normal_45_mayank:frame_000244

Processing: tremor_simulation_big_spiral_normal_45_mayank:frame_000245

Processing: tremor_simulation_big_spiral_normal_45_mayank:frame_000246

Processing: tremor_simulation_big_spiral_normal_45_mayank:frame_000247

Processing: tremor_simulation_big_spiral_normal_45_mayank:frame_000248

Processing: tremor_simulation_big_spiral_normal_45_mayank:frame_000249

Processing: tremor_simulation_big_spiral_normal_45_mayank:frame_000250

Processing: tremor_simulation_big_spiral_normal_45_mayank:frame_000251

Processing: tremor_simulation_big_spiral_normal_45_mayank:frame_000252

Processing: tremor_simulation_big_spiral_normal_45_mayank:frame_000253

Processing: tremor_simulation_big_spiral_normal_45_mayank:frame_000254

Processing: tremor_simulation_big_spiral_normal_45_mayank:frame_000255

Processing: tremor_simulation_big_spiral_normal_45_mayank:frame_000256

Processing: tremor_simulation_big_spiral_normal_45_mayank:frame_000257

Processing: tremor_simulation_big_spiral_normal_45_mayank:frame_000258

Processing: tremor_simulation_big_spiral_normal_45_mayank:frame_000259

Processing: tremor_simulation_big_spiral_normal_45_mayank:frame_000260

Processing: tremor_simulation_big_spiral_normal_45_mayank:frame_000261

Processing: tremor_simulation_big_spiral_normal_45_mayank:frame_000262

Processing: tremor_simulation_big_spiral_normal_45_mayank:frame_000263

Processing: tremor_simulation_big_spiral_normal_45_mayank:frame_000264

Processing: tremor_simulation_big_spiral_normal_45_mayank:frame_000265

Processing: tremor_simulation_big_spiral_normal_45_mayank:frame_000266

Processing: tremor_simulation_big_spiral_normal_45_mayank:frame_000267

Processing: tremor_simulation_big_spiral_normal_45_mayank:frame_000268

Processing: tremor_simulation_big_spiral_normal_45_mayank:frame_000269

Processing: tremor_simulation_big_spiral_normal_45_mayank:frame_000270

Processing: tremor_simulation_big_spiral_normal_45_mayank:frame_000271

Processing: tremor_simulation_big_spiral_normal_45_mayank:frame_000272

Processing: tremor_simulation_big_spiral_normal_45_mayank:frame_000273

Processing: tremor_simulation_big_spiral_normal_45_mayank:frame_000274

Processing: tremor_simulation_big_spiral_normal_45_mayank:frame_000275

Processing: tremor_simulation_big_spiral_normal_45_mayank:frame_000276

Processing: tremor_simulation_big_spiral_normal_45_mayank:frame_000277

Processing: tremor_simulation_big_spiral_normal_45_mayank:frame_000278

Processing: tremor_simulation_big_spiral_normal_45_mayank:frame_000279

Processing: tremor_simulation_big_spiral_normal_45_mayank:frame_000280

Processing: tremor_simulation_big_spiral_normal_45_mayank:frame_000281

Processing: tremor_simulation_big_spiral_normal_45_mayank:frame_000282

Processing: tremor_simulation_big_spiral_normal_45_mayank:frame_000283

Processing: tremor_simulation_big_spiral_normal_45_mayank:frame_000284

Processing: tremor_simulation_big_spiral_normal_45_mayank:frame_000285

Processing: tremor_simulation_big_spiral_normal_45_mayank:frame_000286

Processing: tremor_simulation_big_spiral_normal_45_mayank:frame_000287

Processing: tremor_simulation_big_spiral_normal_45_mayank:frame_000288

Processing: tremor_simulation_big_spiral_normal_45_mayank:frame_000289

Processing: tremor_simulation_big_spiral_normal_45_mayank:frame_000290

Processing: tremor_simulation_big_spiral_normal_45_mayank:frame_000291

Processing: tremor_simulation_big_spiral_normal_45_mayank:frame_000292

Processing: tremor_simulation_big_spiral_normal_45_mayank:frame_000293

Processing: tremor_simulation_big_spiral_normal_45_mayank:frame_000294

Processing: tremor_simulation_big_spiral_normal_45_mayank:frame_000295

Processing: tremor_simulation_big_spiral_normal_45_mayank:frame_000296

Processing: tremor_simulation_big_spiral_normal_45_mayank:frame_000297

Processing: tremor_simulation_big_spiral_normal_45_mayank:frame_000298

Processing: tremor_simulation_big_spiral_normal_45_mayank:frame_000299

Processing: tremor_simulation_big_spiral_normal_45_mayank:frame_000300

Processing: tremor_simulation_big_spiral_normal_45_mayank:frame_000301

Processing: tremor_simulation_big_spiral_normal_45_mayank:frame_000302

Processing: tremor_simulation_big_spiral_normal_45_mayank:frame_000303

Processing: tremor_simulation_big_spiral_normal_45_mayank:frame_000304

Processing: tremor_simulation_big_spiral_normal_45_mayank:frame_000305

Processing: tremor_simulation_big_spiral_normal_45_mayank:frame_000306

Processing: tremor_simulation_big_spiral_normal_45_mayank:frame_000307

Processing: tremor_simulation_big_spiral_normal_45_mayank:frame_000308

Processing: tremor_simulation_big_spiral_normal_45_mayank:frame_000309

Processing: tremor_simulation_big_spiral_normal_45_mayank:frame_000310

Processing: tremor_simulation_big_spiral_normal_45_mayank:frame_000311

Processing: tremor_simulation_big_spiral_normal_45_mayank:frame_000312

Processing: tremor_simulation_big_spiral_normal_45_mayank:frame_000313

Processing: tremor_simulation_big_spiral_normal_45_mayank:frame_000314

Processing: tremor_simulation_big_spiral_normal_45_mayank:frame_000315

Processing: tremor_simulation_big_spiral_normal_45_mayank:frame_000316

Processing: tremor_simulation_big_spiral_normal_45_mayank:frame_000317

Processing: tremor_simulation_big_spiral_normal_45_mayank:frame_000318

Processing: tremor_simulation_big_spiral_normal_45_mayank:frame_000319

Processing: tremor_simulation_big_spiral_normal_45_mayank:frame_000320

Processing: tremor_simulation_big_spiral_normal_45_mayank:frame_000321

Processing: tremor_simulation_big_spiral_normal_45_mayank:frame_000322

Processing: tremor_simulation_big_spiral_normal_45_mayank:frame_000323

Processing: tremor_simulation_big_spiral_normal_45_mayank:frame_000324

Processing: tremor_simulation_big_spiral_normal_45_mayank:frame_000325

Processing: tremor_simulation_big_spiral_normal_45_mayank:frame_000326

Processing: tremor_simulation_big_spiral_normal_45_mayank:frame_000327

Processing: tremor_simulation_big_spiral_normal_45_mayank:frame_000328

Processing: tremor_simulation_big_spiral_normal_45_mayank:frame_000329

Processing: tremor_simulation_big_spiral_normal_45_mayank:frame_000330

Processing: tremor_simulation_big_spiral_normal_45_mayank:frame_000331

Processing: tremor_simulation_big_spiral_normal_45_mayank:frame_000332

Processing: tremor_simulation_big_spiral_normal_45_mayank:frame_000333

Processing: tremor_simulation_big_spiral_normal_45_mayank:frame_000334

Processing: tremor_simulation_big_spiral_normal_45_mayank:frame_000335

Processing: tremor_simulation_big_spiral_normal_45_mayank:frame_000336

Processing: tremor_simulation_big_spiral_normal_45_mayank:frame_000337

Processing: tremor_simulation_big_spiral_normal_45_mayank:frame_000338

Processing: tremor_simulation_big_spiral_normal_45_mayank:frame_000339

Processing: tremor_simulation_big_spiral_normal_45_mayank:frame_000340

Processing: tremor_simulation_big_spiral_normal_45_mayank:frame_000341

Processing: tremor_simulation_big_spiral_normal_45_mayank:frame_000342

Processing: tremor_simulation_big_spiral_normal_45_mayank:frame_000343

Processing: tremor_simulation_big_spiral_normal_45_mayank:frame_000344

Processing: tremor_simulation_big_spiral_normal_45_mayank:frame_000345

Processing: tremor_simulation_big_spiral_normal_45_mayank:frame_000346

Processing: tremor_simulation_big_spiral_normal_45_mayank:frame_000347

Processing: tremor_simulation_big_spiral_normal_45_mayank:frame_000348

Processing: tremor_simulation_big_spiral_normal_45_mayank:frame_000349

Processing: tremor_simulation_big_spiral_normal_45_mayank:frame_000350

Processing: tremor_simulation_big_spiral_normal_45_mayank:frame_000351

Processing: tremor_simulation_big_spiral_normal_45_mayank:frame_000352

Processing: tremor_simulation_big_spiral_normal_45_mayank:frame_000353

Processing: tremor_simulation_big_spiral_normal_45_mayank:frame_000354

Processing: tremor_simulation_big_spiral_normal_45_mayank:frame_000355

Processing: tremor_simulation_big_spiral_normal_45_mayank:frame_000356

Processing: tremor_simulation_big_spiral_normal_45_mayank:frame_000357

Processing: tremor_simulation_big_spiral_normal_45_mayank:frame_000358

Processing: tremor_simulation_big_spiral_normal_45_mayank:frame_000359

Processing: tremor_simulation_big_spiral_normal_45_mayank:frame_000360

Processing: tremor_simulation_big_spiral_normal_45_mayank:frame_000361

Processing: tremor_simulation_big_spiral_normal_45_mayank:frame_000362

Processing: tremor_simulation_big_spiral_normal_45_mayank:frame_000363

Processing: tremor_simulation_big_spiral_normal_45_mayank:frame_000364

Processing: tremor_simulation_big_spiral_normal_45_mayank:frame_000365

Processing: tremor_simulation_big_spiral_normal_45_mayank:frame_000366

Processing: tremor_simulation_big_spiral_normal_45_mayank:frame_000367

Processing: tremor_simulation_big_spiral_normal_45_mayank:frame_000368

Processing: tremor_simulation_big_spiral_normal_45_mayank:frame_000369

Processing: tremor_simulation_big_spiral_normal_45_mayank:frame_000370

Processing: tremor_simulation_big_spiral_normal_45_mayank:frame_000371

Processing: tremor_simulation_big_spiral_normal_45_mayank:frame_000372

Processing: tremor_simulation_big_spiral_normal_45_mayank:frame_000373

Processing: tremor_simulation_big_spiral_normal_45_mayank:frame_000374

Processing: tremor_simulation_big_spiral_normal_45_mayank:frame_000375

Processing: tremor_simulation_big_spiral_normal_45_mayank:frame_000376

Processing: tremor_simulation_big_spiral_normal_45_mayank:frame_000377

Processing: tremor_simulation_big_spiral_normal_45_mayank:frame_000378

Processing: tremor_simulation_big_spiral_normal_45_mayank:frame_000379

Processing: tremor_simulation_big_spiral_normal_45_mayank:frame_000380

Processing: tremor_simulation_big_spiral_normal_45_mayank:frame_000381

Processing: tremor_simulation_big_spiral_normal_45_mayank:frame_000382

Processing: tremor_simulation_big_spiral_normal_45_mayank:frame_000383

Processing: tremor_simulation_big_spiral_normal_45_mayank:frame_000384

Processing: tremor_simulation_big_spiral_normal_45_mayank:frame_000385

Processing: tremor_simulation_big_spiral_normal_45_mayank:frame_000386

Processing: tremor_simulation_big_spiral_normal_45_mayank:frame_000387

Processing: tremor_simulation_big_spiral_normal_45_mayank:frame_000388

Processing: tremor_simulation_big_spiral_normal_45_mayank:frame_000389

Processing: tremor_simulation_big_spiral_normal_45_mayank:frame_000390

Processing: tremor_simulation_big_spiral_normal_45_mayank:frame_000391

Processing: tremor_simulation_big_spiral_normal_45_mayank:frame_000392

Processing: tremor_simulation_big_spiral_normal_45_mayank:frame_000393

Processing: tremor_simulation_big_spiral_normal_45_mayank:frame_000394

Processing: tremor_simulation_big_spiral_normal_45_mayank:frame_000395

Processing: tremor_simulation_big_spiral_normal_45_mayank:frame_000396

Processing: tremor_simulation_big_spiral_normal_45_mayank:frame_000397

Processing: tremor_simulation_big_spiral_normal_45_mayank:frame_000398

Processing: tremor_simulation_big_spiral_normal_45_mayank:frame_000399

Processing: tremor_simulation_big_spiral_normal_45_mayank:frame_000400

Processing: tremor_simulation_big_spiral_normal_45_mayank:frame_000401

Processing: tremor_simulation_big_spiral_normal_45_mayank:frame_000402

Processing: tremor_simulation_big_spiral_normal_45_mayank:frame_000403

Processing: tremor_simulation_big_spiral_normal_45_mayank:frame_000404

Processing: tremor_simulation_big_spiral_normal_45_mayank:frame_000405

Processing: tremor_simulation_big_spiral_normal_45_mayank:frame_000406

Processing: tremor_simulation_big_spiral_normal_45_mayank:frame_000407

Processing: tremor_simulation_big_spiral_normal_45_mayank:frame_000408

Processing: tremor_simulation_big_spiral_normal_45_mayank:frame_000409

Processing: tremor_simulation_big_spiral_normal_45_mayank:frame_000410

Processing: tremor_simulation_big_spiral_normal_45_mayank:frame_000411

Processing: tremor_simulation_big_spiral_normal_45_mayank:frame_000412

Processing: tremor_simulation_big_spiral_normal_45_mayank:frame_000413

Processing: tremor_simulation_big_spiral_normal_45_mayank:frame_000414

Processing: tremor_simulation_big_spiral_normal_45_mayank:frame_000415

Processing: tremor_simulation_big_spiral_normal_45_mayank:frame_000416

Processing: tremor_simulation_big_spiral_normal_45_mayank:frame_000417

Processing: tremor_simulation_big_spiral_normal_45_mayank:frame_000418

Processing: tremor_simulation_big_spiral_normal_45_mayank:frame_000419

Processing: tremor_simulation_big_spiral_normal_45_mayank:frame_000420

Processing: tremor_simulation_big_spiral_normal_45_mayank:frame_000421

Processing: tremor_simulation_big_spiral_normal_45_mayank:frame_000422

Processing: tremor_simulation_big_spiral_normal_45_mayank:frame_000423

Processing: tremor_simulation_big_spiral_normal_45_mayank:frame_000424

Processing: tremor_simulation_big_spiral_normal_45_mayank:frame_000425

Processing: tremor_simulation_big_spiral_normal_45_mayank:frame_000426

Processing: tremor_simulation_big_spiral_normal_45_mayank:frame_000427

Processing: tremor_simulation_big_spiral_normal_45_mayank:frame_000428

Processing: tremor_simulation_big_spiral_normal_45_mayank:frame_000429

Processing: tremor_simulation_big_spiral_normal_45_mayank:frame_000430

Processing: tremor_simulation_big_spiral_normal_45_mayank:frame_000431

Processing: tremor_simulation_big_spiral_normal_45_mayank:frame_000432

Processing: tremor_simulation_big_spiral_normal_45_mayank:frame_000433

Processing: tremor_simulation_big_spiral_normal_45_mayank:frame_000434

Processing: tremor_simulation_big_spiral_normal_45_mayank:frame_000435

Processing: tremor_simulation_big_spiral_normal_45_mayank:frame_000436

Processing: tremor_simulation_big_spiral_normal_45_mayank:frame_000437

Processing: tremor_simulation_big_spiral_normal_45_mayank:frame_000438

Processing: tremor_simulation_big_spiral_normal_45_mayank:frame_000439

Processing: tremor_simulation_big_spiral_normal_45_mayank:frame_000440

Processing: tremor_simulation_big_spiral_normal_45_mayank:frame_000441

Processing: tremor_simulation_big_spiral_normal_45_mayank:frame_000442

Processing: tremor_simulation_big_spiral_normal_45_mayank:frame_000443

Processing: tremor_simulation_big_spiral_normal_45_mayank:frame_000444

Processing: tremor_simulation_big_spiral_normal_45_mayank:frame_000445

Processing: tremor_simulation_big_spiral_normal_45_mayank:frame_000446

Processing: tremor_simulation_big_spiral_normal_45_mayank:frame_000447

Processing: tremor_simulation_big_spiral_normal_45_mayank:frame_000448

Processing: tremor_simulation_big_spiral_normal_45_mayank:frame_000449

Processing: tremor_simulation_big_spiral_normal_45_mayank:frame_000450

Processing: tremor_simulation_big_spiral_normal_45_mayank:frame_000451

Processing: tremor_simulation_big_spiral_normal_45_mayank:frame_000452

Processing: tremor_simulation_big_spiral_normal_45_mayank:frame_000453

Processing: tremor_simulation_big_spiral_normal_45_mayank:frame_000454

Processing: tremor_simulation_big_spiral_normal_45_mayank:frame_000455

Processing: tremor_simulation_big_spiral_normal_45_mayank:frame_000456

Processing: tremor_simulation_big_spiral_normal_45_mayank:frame_000457

Processing: tremor_simulation_big_spiral_normal_45_mayank:frame_000458

Processing: tremor_simulation_big_spiral_normal_45_mayank:frame_000459

Processing: tremor_simulation_big_spiral_normal_45_mayank:frame_000460

Processing: tremor_simulation_big_spiral_normal_45_mayank:frame_000461

Processing: tremor_simulation_big_spiral_normal_45_mayank:frame_000462

Processing: tremor_simulation_big_spiral_normal_45_mayank:frame_000463

Processing: tremor_simulation_big_spiral_normal_45_mayank:frame_000464

Processing: tremor_simulation_big_spiral_normal_45_mayank:frame_000465

Processing: tremor_simulation_big_spiral_normal_45_mayank:frame_000466

Processing: tremor_simulation_big_spiral_normal_45_mayank:frame_000467

Processing: tremor_simulation_big_spiral_normal_45_mayank:frame_000468

Processing: tremor_simulation_big_spiral_normal_45_mayank:frame_000469

Processing: tremor_simulation_big_spiral_normal_45_mayank:frame_000470

Processing: tremor_simulation_big_spiral_normal_45_mayank:frame_000471

Processing: tremor_simulation_big_spiral_normal_45_mayank:frame_000472

Processing: tremor_simulation_big_spiral_normal_45_mayank:frame_000473

Processing: tremor_simulation_big_spiral_normal_45_mayank:frame_000474

Processing: tremor_simulation_big_spiral_normal_45_mayank:frame_000475

Processing: tremor_simulation_big_spiral_normal_45_mayank:frame_000476

Processing: tremor_simulation_big_spiral_normal_45_mayank:frame_000477

Processing: tremor_simulation_big_spiral_normal_45_mayank:frame_000478

Processing: tremor_simulation_big_spiral_normal_45_mayank:frame_000479

Processing: tremor_simulation_big_spiral_normal_45_mayank:frame_000480

Processing: tremor_simulation_big_spiral_normal_45_mayank:frame_000481

Processing: tremor_simulation_big_spiral_normal_45_mayank:frame_000482

All images processed.
===============================================
Job finished at: Wed Jun 10 05:33:24 CEST 2026
Execution took 0.04 hours
Writing output to SLURM_logs/wilor-inference_930.out
Retained WiLoR outputs: /scratch/mthakur/manifold/outputs/wilor/tremor_simulation_big_spiral_normal_45_mayank/meshes
===============================================
