Loaded modules:

Currently Loaded Modules:
  1) slurm/current    3) gcc/11.3.0   5) cuda/11.7
  2) DefaultModules   4) 2024r1

 

Wed Jun 10 01:28:59 2026       
+-----------------------------------------------------------------------------------------+
| NVIDIA-SMI 580.159.04             Driver Version: 580.159.04     CUDA Version: 13.0     |
+-----------------------------------------+------------------------+----------------------+
| GPU  Name                 Persistence-M | Bus-Id          Disp.A | Volatile Uncorr. ECC |
| Fan  Temp   Perf          Pwr:Usage/Cap |           Memory-Usage | GPU-Util  Compute M. |
|                                         |                        |               MIG M. |
|=========================================+========================+======================|
|   0  NVIDIA A100 80GB PCIe          On  |   00000000:16:00.0 Off |                   On |
| N/A   44C    P0            106W /  300W |    9258MiB /  81920MiB |     N/A      Default |
|                                         |                        |              Enabled |
+-----------------------------------------+------------------------+----------------------+

+-----------------------------------------------------------------------------------------+
| MIG devices:                                                                            |
+------------------+----------------------------------+-----------+-----------------------+
| GPU  GI  CI  MIG |              Shared Memory-Usage |        Vol|        Shared         |
|      ID  ID  Dev |                Shared BAR1-Usage | SM     Unc| CE ENC  DEC  OFA  JPG |
|                  |                                  |        ECC|                       |
|==================+==================================+===========+=======================|
|  0    7   0   0  |              36MiB /  9728MiB    | 14      0 |  1   0    0    0    0 |
|                  |               0MiB /  6135MiB    |           |                       |
+------------------+----------------------------------+-----------+-----------------------+

+-----------------------------------------------------------------------------------------+
| Processes:                                                                              |
|  GPU   GI   CI              PID   Type   Process name                        GPU Memory |
|        ID   ID                                                               Usage      |
|=========================================================================================|
|  No running processes found                                                             |
+-----------------------------------------------------------------------------------------+
================ SLURM JOB INFO ================
Job ID:         10143251
Job Name:       wilor-inference
Partition:      gpu-a100-small
Node List:      gpu020
CPUs per task:  2
GPUs per task:  1
Memory per GPU: 10240
Submit dir:     /scratch/mthakur/manifold/models/wilor_hands
Work dir:       /scratch/mthakur/manifold/models/wilor_hands
Job started at: Wed Jun 10 01:28:59 CEST 2026
===============================================
WiLoR video: /scratch/mthakur/manifold/data/test/edge_cases_leaving_BE_niti.mp4
WiLoR output root: /scratch/mthakur/manifold/outputs/wilor
WiLoR completion marker: /scratch/mthakur/manifold/outputs/wilor/_completed/edge_cases_leaving_BE_niti.json
WiLoR frame cache root: /scratch/mthakur/manifold/data/test
/.venv/lib/python3.10/site-packages/timm/models/layers/__init__.py:49: FutureWarning: Importing from timm.models.layers is deprecated, please import via timm.layers
  warnings.warn(f"Importing from {__name__} is deprecated, please import via timm.layers", FutureWarning)
[progress] Loading WiLoR checkpoint: ./pretrained_models/wilor_final.ckpt
Loading  ./pretrained_models/wilor_final.ckpt
WARNING: You are using a MANO model, with only 10 shape coefficients.
[progress] Loading detector: ./pretrained_models/detector.pt

Processing: edge_cases_leaving_BE_niti:frame_000000

Processing: edge_cases_leaving_BE_niti:frame_000001

Processing: edge_cases_leaving_BE_niti:frame_000002

Processing: edge_cases_leaving_BE_niti:frame_000003

Processing: edge_cases_leaving_BE_niti:frame_000004

Processing: edge_cases_leaving_BE_niti:frame_000005
No detections, skipping.

Processing: edge_cases_leaving_BE_niti:frame_000006
No detections, skipping.

Processing: edge_cases_leaving_BE_niti:frame_000007
No detections, skipping.

Processing: edge_cases_leaving_BE_niti:frame_000008
No detections, skipping.

Processing: edge_cases_leaving_BE_niti:frame_000009
No detections, skipping.

Processing: edge_cases_leaving_BE_niti:frame_000010
No detections, skipping.

Processing: edge_cases_leaving_BE_niti:frame_000011
No detections, skipping.

Processing: edge_cases_leaving_BE_niti:frame_000012
No detections, skipping.

Processing: edge_cases_leaving_BE_niti:frame_000013
No detections, skipping.

Processing: edge_cases_leaving_BE_niti:frame_000014
No detections, skipping.

Processing: edge_cases_leaving_BE_niti:frame_000015
No detections, skipping.

Processing: edge_cases_leaving_BE_niti:frame_000016
No detections, skipping.

Processing: edge_cases_leaving_BE_niti:frame_000017
No detections, skipping.

Processing: edge_cases_leaving_BE_niti:frame_000018
No detections, skipping.

Processing: edge_cases_leaving_BE_niti:frame_000019
No detections, skipping.

Processing: edge_cases_leaving_BE_niti:frame_000020
No detections, skipping.

Processing: edge_cases_leaving_BE_niti:frame_000021
No detections, skipping.

Processing: edge_cases_leaving_BE_niti:frame_000022
No detections, skipping.

Processing: edge_cases_leaving_BE_niti:frame_000023
No detections, skipping.

Processing: edge_cases_leaving_BE_niti:frame_000024
No detections, skipping.

Processing: edge_cases_leaving_BE_niti:frame_000025
No detections, skipping.

Processing: edge_cases_leaving_BE_niti:frame_000026
No detections, skipping.

Processing: edge_cases_leaving_BE_niti:frame_000027
No detections, skipping.

Processing: edge_cases_leaving_BE_niti:frame_000028
No detections, skipping.

Processing: edge_cases_leaving_BE_niti:frame_000029
No detections, skipping.

Processing: edge_cases_leaving_BE_niti:frame_000030
No detections, skipping.

Processing: edge_cases_leaving_BE_niti:frame_000031
No detections, skipping.

Processing: edge_cases_leaving_BE_niti:frame_000032
No detections, skipping.

Processing: edge_cases_leaving_BE_niti:frame_000033
No detections, skipping.

Processing: edge_cases_leaving_BE_niti:frame_000034
No detections, skipping.

Processing: edge_cases_leaving_BE_niti:frame_000035

Processing: edge_cases_leaving_BE_niti:frame_000036

Processing: edge_cases_leaving_BE_niti:frame_000037

Processing: edge_cases_leaving_BE_niti:frame_000038

Processing: edge_cases_leaving_BE_niti:frame_000039

Processing: edge_cases_leaving_BE_niti:frame_000040

Processing: edge_cases_leaving_BE_niti:frame_000041

Processing: edge_cases_leaving_BE_niti:frame_000042

Processing: edge_cases_leaving_BE_niti:frame_000043
No detections, skipping.

Processing: edge_cases_leaving_BE_niti:frame_000044
No detections, skipping.

Processing: edge_cases_leaving_BE_niti:frame_000045
No detections, skipping.

Processing: edge_cases_leaving_BE_niti:frame_000046
No detections, skipping.

Processing: edge_cases_leaving_BE_niti:frame_000047
No detections, skipping.

Processing: edge_cases_leaving_BE_niti:frame_000048
No detections, skipping.

Processing: edge_cases_leaving_BE_niti:frame_000049
No detections, skipping.

Processing: edge_cases_leaving_BE_niti:frame_000050
No detections, skipping.

Processing: edge_cases_leaving_BE_niti:frame_000051

Processing: edge_cases_leaving_BE_niti:frame_000052

Processing: edge_cases_leaving_BE_niti:frame_000053

Processing: edge_cases_leaving_BE_niti:frame_000054

Processing: edge_cases_leaving_BE_niti:frame_000055

Processing: edge_cases_leaving_BE_niti:frame_000056

Processing: edge_cases_leaving_BE_niti:frame_000057

Processing: edge_cases_leaving_BE_niti:frame_000058

Processing: edge_cases_leaving_BE_niti:frame_000059

Processing: edge_cases_leaving_BE_niti:frame_000060

Processing: edge_cases_leaving_BE_niti:frame_000061

Processing: edge_cases_leaving_BE_niti:frame_000062
No detections, skipping.

Processing: edge_cases_leaving_BE_niti:frame_000063
No detections, skipping.

Processing: edge_cases_leaving_BE_niti:frame_000064
No detections, skipping.

Processing: edge_cases_leaving_BE_niti:frame_000065
No detections, skipping.

Processing: edge_cases_leaving_BE_niti:frame_000066
No detections, skipping.

Processing: edge_cases_leaving_BE_niti:frame_000067
No detections, skipping.

Processing: edge_cases_leaving_BE_niti:frame_000068
No detections, skipping.

Processing: edge_cases_leaving_BE_niti:frame_000069
No detections, skipping.

Processing: edge_cases_leaving_BE_niti:frame_000070
No detections, skipping.

Processing: edge_cases_leaving_BE_niti:frame_000071
No detections, skipping.

Processing: edge_cases_leaving_BE_niti:frame_000072
No detections, skipping.

Processing: edge_cases_leaving_BE_niti:frame_000073
No detections, skipping.

Processing: edge_cases_leaving_BE_niti:frame_000074
No detections, skipping.

Processing: edge_cases_leaving_BE_niti:frame_000075

Processing: edge_cases_leaving_BE_niti:frame_000076

Processing: edge_cases_leaving_BE_niti:frame_000077

Processing: edge_cases_leaving_BE_niti:frame_000078

Processing: edge_cases_leaving_BE_niti:frame_000079

Processing: edge_cases_leaving_BE_niti:frame_000080

Processing: edge_cases_leaving_BE_niti:frame_000081
No detections, skipping.

Processing: edge_cases_leaving_BE_niti:frame_000082
No detections, skipping.

Processing: edge_cases_leaving_BE_niti:frame_000083
No detections, skipping.

Processing: edge_cases_leaving_BE_niti:frame_000084
No detections, skipping.

Processing: edge_cases_leaving_BE_niti:frame_000085
No detections, skipping.

Processing: edge_cases_leaving_BE_niti:frame_000086
No detections, skipping.

Processing: edge_cases_leaving_BE_niti:frame_000087
No detections, skipping.

Processing: edge_cases_leaving_BE_niti:frame_000088
No detections, skipping.

Processing: edge_cases_leaving_BE_niti:frame_000089
No detections, skipping.

Processing: edge_cases_leaving_BE_niti:frame_000090
No detections, skipping.

Processing: edge_cases_leaving_BE_niti:frame_000091
No detections, skipping.

Processing: edge_cases_leaving_BE_niti:frame_000092
No detections, skipping.

Processing: edge_cases_leaving_BE_niti:frame_000093
No detections, skipping.

Processing: edge_cases_leaving_BE_niti:frame_000094
No detections, skipping.

Processing: edge_cases_leaving_BE_niti:frame_000095
No detections, skipping.

Processing: edge_cases_leaving_BE_niti:frame_000096
No detections, skipping.

Processing: edge_cases_leaving_BE_niti:frame_000097
No detections, skipping.

Processing: edge_cases_leaving_BE_niti:frame_000098
No detections, skipping.

Processing: edge_cases_leaving_BE_niti:frame_000099
No detections, skipping.

Processing: edge_cases_leaving_BE_niti:frame_000100
No detections, skipping.

Processing: edge_cases_leaving_BE_niti:frame_000101
No detections, skipping.

Processing: edge_cases_leaving_BE_niti:frame_000102
No detections, skipping.

Processing: edge_cases_leaving_BE_niti:frame_000103
No detections, skipping.

Processing: edge_cases_leaving_BE_niti:frame_000104
No detections, skipping.

Processing: edge_cases_leaving_BE_niti:frame_000105
No detections, skipping.

Processing: edge_cases_leaving_BE_niti:frame_000106
No detections, skipping.

Processing: edge_cases_leaving_BE_niti:frame_000107
No detections, skipping.

Processing: edge_cases_leaving_BE_niti:frame_000108
No detections, skipping.

Processing: edge_cases_leaving_BE_niti:frame_000109
No detections, skipping.

Processing: edge_cases_leaving_BE_niti:frame_000110
No detections, skipping.

Processing: edge_cases_leaving_BE_niti:frame_000111
No detections, skipping.

Processing: edge_cases_leaving_BE_niti:frame_000112
No detections, skipping.

Processing: edge_cases_leaving_BE_niti:frame_000113
No detections, skipping.

Processing: edge_cases_leaving_BE_niti:frame_000114
No detections, skipping.

Processing: edge_cases_leaving_BE_niti:frame_000115
No detections, skipping.

Processing: edge_cases_leaving_BE_niti:frame_000116
No detections, skipping.

Processing: edge_cases_leaving_BE_niti:frame_000117
No detections, skipping.

Processing: edge_cases_leaving_BE_niti:frame_000118
No detections, skipping.

Processing: edge_cases_leaving_BE_niti:frame_000119
No detections, skipping.

Processing: edge_cases_leaving_BE_niti:frame_000120
No detections, skipping.

Processing: edge_cases_leaving_BE_niti:frame_000121
No detections, skipping.

Processing: edge_cases_leaving_BE_niti:frame_000122
No detections, skipping.

Processing: edge_cases_leaving_BE_niti:frame_000123
No detections, skipping.

Processing: edge_cases_leaving_BE_niti:frame_000124
No detections, skipping.

Processing: edge_cases_leaving_BE_niti:frame_000125
No detections, skipping.

Processing: edge_cases_leaving_BE_niti:frame_000126
No detections, skipping.

Processing: edge_cases_leaving_BE_niti:frame_000127
No detections, skipping.

Processing: edge_cases_leaving_BE_niti:frame_000128
No detections, skipping.

Processing: edge_cases_leaving_BE_niti:frame_000129

Processing: edge_cases_leaving_BE_niti:frame_000130

Processing: edge_cases_leaving_BE_niti:frame_000131

Processing: edge_cases_leaving_BE_niti:frame_000132

Processing: edge_cases_leaving_BE_niti:frame_000133
No detections, skipping.

Processing: edge_cases_leaving_BE_niti:frame_000134
No detections, skipping.

Processing: edge_cases_leaving_BE_niti:frame_000135
No detections, skipping.

Processing: edge_cases_leaving_BE_niti:frame_000136

Processing: edge_cases_leaving_BE_niti:frame_000137

Processing: edge_cases_leaving_BE_niti:frame_000138

Processing: edge_cases_leaving_BE_niti:frame_000139

Processing: edge_cases_leaving_BE_niti:frame_000140
No detections, skipping.

Processing: edge_cases_leaving_BE_niti:frame_000141
No detections, skipping.

Processing: edge_cases_leaving_BE_niti:frame_000142
No detections, skipping.

Processing: edge_cases_leaving_BE_niti:frame_000143
No detections, skipping.

Processing: edge_cases_leaving_BE_niti:frame_000144

Processing: edge_cases_leaving_BE_niti:frame_000145

Processing: edge_cases_leaving_BE_niti:frame_000146

Processing: edge_cases_leaving_BE_niti:frame_000147

Processing: edge_cases_leaving_BE_niti:frame_000148

Processing: edge_cases_leaving_BE_niti:frame_000149

Processing: edge_cases_leaving_BE_niti:frame_000150
No detections, skipping.

Processing: edge_cases_leaving_BE_niti:frame_000151
No detections, skipping.

Processing: edge_cases_leaving_BE_niti:frame_000152
No detections, skipping.

Processing: edge_cases_leaving_BE_niti:frame_000153
No detections, skipping.

Processing: edge_cases_leaving_BE_niti:frame_000154
No detections, skipping.

Processing: edge_cases_leaving_BE_niti:frame_000155
No detections, skipping.

Processing: edge_cases_leaving_BE_niti:frame_000156
No detections, skipping.

Processing: edge_cases_leaving_BE_niti:frame_000157
No detections, skipping.

Processing: edge_cases_leaving_BE_niti:frame_000158
No detections, skipping.

Processing: edge_cases_leaving_BE_niti:frame_000159
No detections, skipping.

Processing: edge_cases_leaving_BE_niti:frame_000160
No detections, skipping.

Processing: edge_cases_leaving_BE_niti:frame_000161
No detections, skipping.

Processing: edge_cases_leaving_BE_niti:frame_000162
No detections, skipping.

Processing: edge_cases_leaving_BE_niti:frame_000163
No detections, skipping.

Processing: edge_cases_leaving_BE_niti:frame_000164
No detections, skipping.

Processing: edge_cases_leaving_BE_niti:frame_000165
No detections, skipping.

Processing: edge_cases_leaving_BE_niti:frame_000166
No detections, skipping.

Processing: edge_cases_leaving_BE_niti:frame_000167
No detections, skipping.

Processing: edge_cases_leaving_BE_niti:frame_000168
No detections, skipping.

Processing: edge_cases_leaving_BE_niti:frame_000169
No detections, skipping.

Processing: edge_cases_leaving_BE_niti:frame_000170
No detections, skipping.

Processing: edge_cases_leaving_BE_niti:frame_000171
No detections, skipping.

Processing: edge_cases_leaving_BE_niti:frame_000172
No detections, skipping.

Processing: edge_cases_leaving_BE_niti:frame_000173

Processing: edge_cases_leaving_BE_niti:frame_000174

Processing: edge_cases_leaving_BE_niti:frame_000175

Processing: edge_cases_leaving_BE_niti:frame_000176

Processing: edge_cases_leaving_BE_niti:frame_000177
No detections, skipping.

Processing: edge_cases_leaving_BE_niti:frame_000178
No detections, skipping.

Processing: edge_cases_leaving_BE_niti:frame_000179
No detections, skipping.

Processing: edge_cases_leaving_BE_niti:frame_000180
No detections, skipping.

Processing: edge_cases_leaving_BE_niti:frame_000181

Processing: edge_cases_leaving_BE_niti:frame_000182

Processing: edge_cases_leaving_BE_niti:frame_000183

Processing: edge_cases_leaving_BE_niti:frame_000184

Processing: edge_cases_leaving_BE_niti:frame_000185

Processing: edge_cases_leaving_BE_niti:frame_000186
No detections, skipping.

Processing: edge_cases_leaving_BE_niti:frame_000187
No detections, skipping.

Processing: edge_cases_leaving_BE_niti:frame_000188
No detections, skipping.

Processing: edge_cases_leaving_BE_niti:frame_000189
No detections, skipping.

Processing: edge_cases_leaving_BE_niti:frame_000190
No detections, skipping.

Processing: edge_cases_leaving_BE_niti:frame_000191
No detections, skipping.

Processing: edge_cases_leaving_BE_niti:frame_000192
No detections, skipping.

Processing: edge_cases_leaving_BE_niti:frame_000193
No detections, skipping.

Processing: edge_cases_leaving_BE_niti:frame_000194
No detections, skipping.

Processing: edge_cases_leaving_BE_niti:frame_000195
No detections, skipping.

Processing: edge_cases_leaving_BE_niti:frame_000196
No detections, skipping.

Processing: edge_cases_leaving_BE_niti:frame_000197
No detections, skipping.

Processing: edge_cases_leaving_BE_niti:frame_000198
No detections, skipping.

Processing: edge_cases_leaving_BE_niti:frame_000199
No detections, skipping.

Processing: edge_cases_leaving_BE_niti:frame_000200
No detections, skipping.

Processing: edge_cases_leaving_BE_niti:frame_000201
No detections, skipping.

Processing: edge_cases_leaving_BE_niti:frame_000202
No detections, skipping.

Processing: edge_cases_leaving_BE_niti:frame_000203
No detections, skipping.

Processing: edge_cases_leaving_BE_niti:frame_000204
No detections, skipping.

Processing: edge_cases_leaving_BE_niti:frame_000205
No detections, skipping.

Processing: edge_cases_leaving_BE_niti:frame_000206
No detections, skipping.

Processing: edge_cases_leaving_BE_niti:frame_000207
No detections, skipping.

Processing: edge_cases_leaving_BE_niti:frame_000208
No detections, skipping.

Processing: edge_cases_leaving_BE_niti:frame_000209
No detections, skipping.

Processing: edge_cases_leaving_BE_niti:frame_000210
No detections, skipping.

Processing: edge_cases_leaving_BE_niti:frame_000211
No detections, skipping.

Processing: edge_cases_leaving_BE_niti:frame_000212
No detections, skipping.

Processing: edge_cases_leaving_BE_niti:frame_000213
No detections, skipping.

Processing: edge_cases_leaving_BE_niti:frame_000214
No detections, skipping.

Processing: edge_cases_leaving_BE_niti:frame_000215
No detections, skipping.

Processing: edge_cases_leaving_BE_niti:frame_000216
No detections, skipping.

Processing: edge_cases_leaving_BE_niti:frame_000217
No detections, skipping.

Processing: edge_cases_leaving_BE_niti:frame_000218
No detections, skipping.

Processing: edge_cases_leaving_BE_niti:frame_000219
No detections, skipping.

Processing: edge_cases_leaving_BE_niti:frame_000220
No detections, skipping.

Processing: edge_cases_leaving_BE_niti:frame_000221
No detections, skipping.

Processing: edge_cases_leaving_BE_niti:frame_000222
No detections, skipping.

Processing: edge_cases_leaving_BE_niti:frame_000223
No detections, skipping.

Processing: edge_cases_leaving_BE_niti:frame_000224
No detections, skipping.

Processing: edge_cases_leaving_BE_niti:frame_000225
No detections, skipping.

Processing: edge_cases_leaving_BE_niti:frame_000226
No detections, skipping.

Processing: edge_cases_leaving_BE_niti:frame_000227
No detections, skipping.

Processing: edge_cases_leaving_BE_niti:frame_000228
No detections, skipping.

Processing: edge_cases_leaving_BE_niti:frame_000229
No detections, skipping.

Processing: edge_cases_leaving_BE_niti:frame_000230
No detections, skipping.

Processing: edge_cases_leaving_BE_niti:frame_000231
No detections, skipping.

Processing: edge_cases_leaving_BE_niti:frame_000232
No detections, skipping.

Processing: edge_cases_leaving_BE_niti:frame_000233
No detections, skipping.

Processing: edge_cases_leaving_BE_niti:frame_000234
No detections, skipping.

Processing: edge_cases_leaving_BE_niti:frame_000235
No detections, skipping.

Processing: edge_cases_leaving_BE_niti:frame_000236
No detections, skipping.

Processing: edge_cases_leaving_BE_niti:frame_000237
No detections, skipping.

Processing: edge_cases_leaving_BE_niti:frame_000238
No detections, skipping.

Processing: edge_cases_leaving_BE_niti:frame_000239
No detections, skipping.

Processing: edge_cases_leaving_BE_niti:frame_000240
No detections, skipping.

Processing: edge_cases_leaving_BE_niti:frame_000241
No detections, skipping.

Processing: edge_cases_leaving_BE_niti:frame_000242
No detections, skipping.

Processing: edge_cases_leaving_BE_niti:frame_000243
No detections, skipping.

Processing: edge_cases_leaving_BE_niti:frame_000244
No detections, skipping.

Processing: edge_cases_leaving_BE_niti:frame_000245
No detections, skipping.

Processing: edge_cases_leaving_BE_niti:frame_000246
No detections, skipping.

Processing: edge_cases_leaving_BE_niti:frame_000247
No detections, skipping.

Processing: edge_cases_leaving_BE_niti:frame_000248
No detections, skipping.

Processing: edge_cases_leaving_BE_niti:frame_000249
No detections, skipping.

Processing: edge_cases_leaving_BE_niti:frame_000250
No detections, skipping.

Processing: edge_cases_leaving_BE_niti:frame_000251
No detections, skipping.

Processing: edge_cases_leaving_BE_niti:frame_000252
No detections, skipping.

Processing: edge_cases_leaving_BE_niti:frame_000253
No detections, skipping.

Processing: edge_cases_leaving_BE_niti:frame_000254
No detections, skipping.

Processing: edge_cases_leaving_BE_niti:frame_000255
No detections, skipping.

Processing: edge_cases_leaving_BE_niti:frame_000256
No detections, skipping.

Processing: edge_cases_leaving_BE_niti:frame_000257
No detections, skipping.

Processing: edge_cases_leaving_BE_niti:frame_000258
No detections, skipping.

Processing: edge_cases_leaving_BE_niti:frame_000259
No detections, skipping.

Processing: edge_cases_leaving_BE_niti:frame_000260

Processing: edge_cases_leaving_BE_niti:frame_000261

Processing: edge_cases_leaving_BE_niti:frame_000262

Processing: edge_cases_leaving_BE_niti:frame_000263

Processing: edge_cases_leaving_BE_niti:frame_000264

Processing: edge_cases_leaving_BE_niti:frame_000265

Processing: edge_cases_leaving_BE_niti:frame_000266

Processing: edge_cases_leaving_BE_niti:frame_000267
No detections, skipping.

Processing: edge_cases_leaving_BE_niti:frame_000268
No detections, skipping.

Processing: edge_cases_leaving_BE_niti:frame_000269

Processing: edge_cases_leaving_BE_niti:frame_000270

Processing: edge_cases_leaving_BE_niti:frame_000271

Processing: edge_cases_leaving_BE_niti:frame_000272

Processing: edge_cases_leaving_BE_niti:frame_000273

Processing: edge_cases_leaving_BE_niti:frame_000274

Processing: edge_cases_leaving_BE_niti:frame_000275

Processing: edge_cases_leaving_BE_niti:frame_000276

Processing: edge_cases_leaving_BE_niti:frame_000277

Processing: edge_cases_leaving_BE_niti:frame_000278
No detections, skipping.

Processing: edge_cases_leaving_BE_niti:frame_000279
No detections, skipping.

Processing: edge_cases_leaving_BE_niti:frame_000280

Processing: edge_cases_leaving_BE_niti:frame_000281

Processing: edge_cases_leaving_BE_niti:frame_000282

Processing: edge_cases_leaving_BE_niti:frame_000283

Processing: edge_cases_leaving_BE_niti:frame_000284

Processing: edge_cases_leaving_BE_niti:frame_000285

Processing: edge_cases_leaving_BE_niti:frame_000286

Processing: edge_cases_leaving_BE_niti:frame_000287

Processing: edge_cases_leaving_BE_niti:frame_000288

Processing: edge_cases_leaving_BE_niti:frame_000289

Processing: edge_cases_leaving_BE_niti:frame_000290
No detections, skipping.

Processing: edge_cases_leaving_BE_niti:frame_000291
No detections, skipping.

Processing: edge_cases_leaving_BE_niti:frame_000292
No detections, skipping.

Processing: edge_cases_leaving_BE_niti:frame_000293

Processing: edge_cases_leaving_BE_niti:frame_000294
No detections, skipping.

Processing: edge_cases_leaving_BE_niti:frame_000295
No detections, skipping.

Processing: edge_cases_leaving_BE_niti:frame_000296
No detections, skipping.

Processing: edge_cases_leaving_BE_niti:frame_000297
No detections, skipping.

Processing: edge_cases_leaving_BE_niti:frame_000298
No detections, skipping.

Processing: edge_cases_leaving_BE_niti:frame_000299
No detections, skipping.

Processing: edge_cases_leaving_BE_niti:frame_000300

Processing: edge_cases_leaving_BE_niti:frame_000301
No detections, skipping.

Processing: edge_cases_leaving_BE_niti:frame_000302
No detections, skipping.

Processing: edge_cases_leaving_BE_niti:frame_000303
No detections, skipping.

Processing: edge_cases_leaving_BE_niti:frame_000304
No detections, skipping.

Processing: edge_cases_leaving_BE_niti:frame_000305
No detections, skipping.

Processing: edge_cases_leaving_BE_niti:frame_000306
No detections, skipping.

Processing: edge_cases_leaving_BE_niti:frame_000307
No detections, skipping.

Processing: edge_cases_leaving_BE_niti:frame_000308
No detections, skipping.

Processing: edge_cases_leaving_BE_niti:frame_000309
No detections, skipping.

Processing: edge_cases_leaving_BE_niti:frame_000310
No detections, skipping.

Processing: edge_cases_leaving_BE_niti:frame_000311
No detections, skipping.

Processing: edge_cases_leaving_BE_niti:frame_000312
No detections, skipping.

Processing: edge_cases_leaving_BE_niti:frame_000313
No detections, skipping.

Processing: edge_cases_leaving_BE_niti:frame_000314
No detections, skipping.

Processing: edge_cases_leaving_BE_niti:frame_000315
No detections, skipping.

Processing: edge_cases_leaving_BE_niti:frame_000316
No detections, skipping.

Processing: edge_cases_leaving_BE_niti:frame_000317
No detections, skipping.

Processing: edge_cases_leaving_BE_niti:frame_000318
No detections, skipping.

Processing: edge_cases_leaving_BE_niti:frame_000319

Processing: edge_cases_leaving_BE_niti:frame_000320

Processing: edge_cases_leaving_BE_niti:frame_000321

Processing: edge_cases_leaving_BE_niti:frame_000322

Processing: edge_cases_leaving_BE_niti:frame_000323

Processing: edge_cases_leaving_BE_niti:frame_000324

Processing: edge_cases_leaving_BE_niti:frame_000325

Processing: edge_cases_leaving_BE_niti:frame_000326

Processing: edge_cases_leaving_BE_niti:frame_000327

Processing: edge_cases_leaving_BE_niti:frame_000328

Processing: edge_cases_leaving_BE_niti:frame_000329

Processing: edge_cases_leaving_BE_niti:frame_000330

Processing: edge_cases_leaving_BE_niti:frame_000331

Processing: edge_cases_leaving_BE_niti:frame_000332

Processing: edge_cases_leaving_BE_niti:frame_000333

Processing: edge_cases_leaving_BE_niti:frame_000334

Processing: edge_cases_leaving_BE_niti:frame_000335

Processing: edge_cases_leaving_BE_niti:frame_000336

Processing: edge_cases_leaving_BE_niti:frame_000337

Processing: edge_cases_leaving_BE_niti:frame_000338

Processing: edge_cases_leaving_BE_niti:frame_000339

Processing: edge_cases_leaving_BE_niti:frame_000340

Processing: edge_cases_leaving_BE_niti:frame_000341

Processing: edge_cases_leaving_BE_niti:frame_000342

Processing: edge_cases_leaving_BE_niti:frame_000343

Processing: edge_cases_leaving_BE_niti:frame_000344
No detections, skipping.

Processing: edge_cases_leaving_BE_niti:frame_000345
No detections, skipping.

Processing: edge_cases_leaving_BE_niti:frame_000346
No detections, skipping.

Processing: edge_cases_leaving_BE_niti:frame_000347
No detections, skipping.

Processing: edge_cases_leaving_BE_niti:frame_000348
No detections, skipping.

Processing: edge_cases_leaving_BE_niti:frame_000349
No detections, skipping.

Processing: edge_cases_leaving_BE_niti:frame_000350
No detections, skipping.

Processing: edge_cases_leaving_BE_niti:frame_000351
No detections, skipping.

Processing: edge_cases_leaving_BE_niti:frame_000352
No detections, skipping.

Processing: edge_cases_leaving_BE_niti:frame_000353
No detections, skipping.

Processing: edge_cases_leaving_BE_niti:frame_000354
No detections, skipping.

Processing: edge_cases_leaving_BE_niti:frame_000355
No detections, skipping.

All images processed.
===============================================
Job finished at: Wed Jun 10 01:30:35 CEST 2026
Execution took 0.03 hours
Writing output to SLURM_logs/wilor-inference_852.out
Retained WiLoR outputs: /scratch/mthakur/manifold/outputs/wilor/edge_cases_leaving_BE_niti/meshes
===============================================
