
The following have been reloaded with a version change:
  1) python/3.10.12 => python/3.10.13

Loaded modules:

Currently Loaded Modules:
  1) slurm/current    3) gcc/11.3.0   5) cuda/11.7
  2) DefaultModules   4) 2024r1       6) python/3.10.13

 

Wed Apr 29 22:56:54 2026       
+-----------------------------------------------------------------------------------------+
| NVIDIA-SMI 580.126.20             Driver Version: 580.126.20     CUDA Version: 13.0     |
+-----------------------------------------+------------------------+----------------------+
| GPU  Name                 Persistence-M | Bus-Id          Disp.A | Volatile Uncorr. ECC |
| Fan  Temp   Perf          Pwr:Usage/Cap |           Memory-Usage | GPU-Util  Compute M. |
|                                         |                        |               MIG M. |
|=========================================+========================+======================|
|   0  NVIDIA A100 80GB PCIe          On  |   00000000:2C:00.0 Off |                   On |
| N/A   51C    P0            103W /  300W |     844MiB /  81920MiB |     N/A      Default |
|                                         |                        |              Enabled |
+-----------------------------------------+------------------------+----------------------+

+-----------------------------------------------------------------------------------------+
| MIG devices:                                                                            |
+------------------+----------------------------------+-----------+-----------------------+
| GPU  GI  CI  MIG |              Shared Memory-Usage |        Vol|        Shared         |
|      ID  ID  Dev |                Shared BAR1-Usage | SM     Unc| CE ENC  DEC  OFA  JPG |
|                  |                                  |        ECC|                       |
|==================+==================================+===========+=======================|
|  0    7   0   0  |              36MiB /  9728MiB    | 14      0 |  1   0    0    0    0 |
|                  |               0MiB /  6135MiB    |           |                       |
+------------------+----------------------------------+-----------+-----------------------+

+-----------------------------------------------------------------------------------------+
| Processes:                                                                              |
|  GPU   GI   CI              PID   Type   Process name                        GPU Memory |
|        ID   ID                                                               Usage      |
|=========================================================================================|
|  No running processes found                                                             |
+-----------------------------------------------------------------------------------------+
================ SLURM JOB INFO ================
Job ID:         9788687
Job Name:       wilor-train
Partition:      gpu-a100-small
Node List:      gpu020
CPUs per task:  2
GPUs per task:  1
Memory per GPU: 12288
Submit dir:     /scratch/mthakur/manifold/models/wilor_hands
Work dir:       /scratch/mthakur/manifold/models/wilor_hands
Job started at: Wed Apr 29 22:56:54 CEST 2026
===============================================
[progress] Created temporary training image root: /tmp/wilor_train_9788687.HLTsaC/images
[progress] Extracting frames for 0KuJ2t4S_TY into /tmp/wilor_train_9788687.HLTsaC/images/0KuJ2t4S_TY_frames
Extracted 2410 frame(s) from /scratch/mthakur/manifold/data/images/0KuJ2t4S_TY.mp4 into /tmp/wilor_train_9788687.HLTsaC/images/0KuJ2t4S_TY_frames
[progress] Extracting frames for 0gzQAgjx39o into /tmp/wilor_train_9788687.HLTsaC/images/0gzQAgjx39o_frames
Extracted 992 frame(s) from /scratch/mthakur/manifold/data/images/0gzQAgjx39o.mp4 into /tmp/wilor_train_9788687.HLTsaC/images/0gzQAgjx39o_frames
[progress] Extracting frames for 0rq4nkWlO2E into /tmp/wilor_train_9788687.HLTsaC/images/0rq4nkWlO2E_frames
Extracted 728 frame(s) from /scratch/mthakur/manifold/data/images/0rq4nkWlO2E.mp4 into /tmp/wilor_train_9788687.HLTsaC/images/0rq4nkWlO2E_frames
[progress] Extracting frames for 0ElPjqY4Cq8 into /tmp/wilor_train_9788687.HLTsaC/images/0ElPjqY4Cq8_frames
Extracted 726 frame(s) from /scratch/mthakur/manifold/data/images/0ElPjqY4Cq8.mp4 into /tmp/wilor_train_9788687.HLTsaC/images/0ElPjqY4Cq8_frames
[progress] Extracting frames for SlksdQT5JRE into /tmp/wilor_train_9788687.HLTsaC/images/SlksdQT5JRE_frames
Extracted 946 frame(s) from /scratch/mthakur/manifold/data/images/SlksdQT5JRE.mp4 into /tmp/wilor_train_9788687.HLTsaC/images/SlksdQT5JRE_frames
Project root:    /scratch/mthakur/manifold
Model root:      /scratch/mthakur/manifold/models/wilor_hands
Output dir:      /scratch/mthakur/manifold/outputs/wilor_finetune/lora_hp_c_tw_0p03_sw_0p001
Train mode:      distill
Loss config:     /scratch/mthakur/manifold/models/wilor_hands/experiments/lora/hparam_stage_c_temporal_weights.yaml
Experiment:      lora_hp_c_tw_0p03_sw_0p001
Train scope:     refine_net
LoRA:            enabled=true rank=8 alpha=16.0 blocks=24-32 targets=qkv
Max steps:       200
Log every:       10
Save every:      100
Sample limit:    256
Validation split:0.2
Checkpoint:      /scratch/mthakur/manifold/models/wilor_hands/pretrained_models/wilor_final.ckpt
Source images:   /scratch/mthakur/manifold/data//images
Prepared images: /tmp/wilor_train_9788687.HLTsaC/images
Videos:          0KuJ2t4S_TY|0gzQAgjx39o|0rq4nkWlO2E|0ElPjqY4Cq8|SlksdQT5JRE
Temporal win:    size=3 stride=2 gap=1
Pose dir:        /scratch/mthakur/manifold/outputs/vipe/pose
Intrinsics dir:  /scratch/mthakur/manifold/outputs/vipe/intrinsics
Command: python -u /scratch/mthakur/manifold/models/wilor_hands/finetune_wilor_distill_vipe.py --checkpoint /scratch/mthakur/manifold/models/wilor_hands/pretrained_models/wilor_final.ckpt --cfg_path /scratch/mthakur/manifold/models/wilor_hands/pretrained_models/model_config.yaml --detector_path /scratch/mthakur/manifold/models/wilor_hands/pretrained_models/detector.pt --image_folder /tmp/wilor_train_9788687.HLTsaC/images --pose_dir /scratch/mthakur/manifold/outputs/vipe/pose --intrinsics_dir /scratch/mthakur/manifold/outputs/vipe/intrinsics --output_dir /scratch/mthakur/manifold/outputs/wilor_finetune/lora_hp_c_tw_0p03_sw_0p001 --train_scope refine_net --camera_loss_weight 0.01 --validation_split 0.2 --lr 3e-05 --weight_decay 0.0001 --batch_size 8 --num_workers 2 --max_steps 200 --log_every 10 --save_every 100 --seed 42 --rescale_factor 2.0 --detection_conf 0.3 --loss_config /scratch/mthakur/manifold/models/wilor_hands/experiments/lora/hparam_stage_c_temporal_weights.yaml --experiment_name lora_hp_c_tw_0p03_sw_0p001 --lora_enabled --lora_rank 8 --lora_alpha 16.0 --lora_dropout 0.0 --lora_block_start 24 --lora_block_end 32 --lora_target_modules qkv --sample_limit 256 --detection_cache /scratch/mthakur/manifold/outputs/wilor_finetune/lora_hp_c_tw_0p03_sw_0p001/detections_selected_videos.json --video=0KuJ2t4S_TY --video=0gzQAgjx39o --video=0rq4nkWlO2E --video=0ElPjqY4Cq8 --video=SlksdQT5JRE --temporal_window_size 3 --temporal_window_stride 2 --temporal_max_frame_gap 1 --temporal_reduction smooth_l1 --temporal_scorer_hidden_dim 64 --temporal_scorer_layers 2 --temporal_scorer_dropout 0.0 --vipe_camera_weight 0.05 --vipe_camera_enabled --temporal_camera_enabled --temporal_camera_formulation learnable --temporal_camera_weight 0.03 --temporal_camera_scorer_weight 0.001 --temporal_bbox_projected_enabled --temporal_bbox_projected_formulation learnable --temporal_bbox_projected_weight 0.03 --temporal_bbox_projected_scorer_weight 0.001 --no-temporal_vipe_camera_enabled --temporal_vipe_camera_formulation learnable --temporal_vipe_camera_weight 0.0 --temporal_vipe_camera_smoothness_weight 0.0 --temporal_vipe_camera_anchor_weight 0.0 --use_gpu --amp
[progress] About to launch Apptainer via srun.
[progress] SLURM wrapper log: SLURM_logs/wilor-train_157.out
[progress] Python run output dir: /scratch/mthakur/manifold/outputs/wilor_finetune/lora_hp_c_tw_0p03_sw_0p001
[progress] Starting containerized training process now...
/.venv/lib/python3.10/site-packages/timm/models/layers/__init__.py:49: FutureWarning: Importing from timm.models.layers is deprecated, please import via timm.layers
  warnings.warn(f"Importing from {__name__} is deprecated, please import via timm.layers", FutureWarning)
[progress] Starting fine-tuning entrypoint.
[progress] Resolving experiment config from /scratch/mthakur/manifold/models/wilor_hands/experiments/lora/hparam_stage_c_temporal_weights.yaml (experiment=lora_hp_c_tw_0p03_sw_0p001)
[progress] Resolved experiment 'lora_hp_c_tw_0p03_sw_0p001'.
[progress] Using device cuda; output directory is /scratch/mthakur/manifold/outputs/wilor_finetune/lora_hp_c_tw_0p03_sw_0p001
[progress] Saved resolved experiment snapshot.
[progress] Using explicitly requested video selection: 0ElPjqY4Cq8, 0KuJ2t4S_TY, 0gzQAgjx39o, 0rq4nkWlO2E, SlksdQT5JRE
[progress] Filtering 5 selected video(s) for matching ViPE artifacts.
[progress] Proceeding with video(s): 0ElPjqY4Cq8, 0KuJ2t4S_TY, 0gzQAgjx39o, 0rq4nkWlO2E, SlksdQT5JRE
[progress] Loading student checkpoint and cloning teacher model.
Loading  /scratch/mthakur/manifold/models/wilor_hands/pretrained_models/wilor_final.ckpt
WARNING: You are using a MANO model, with only 10 shape coefficients.
[progress] LoRA is enabled with targets=qkv, blocks=[24, 32).
[progress] Wrapped 8 attention linear(s) with LoRA adapters.
[progress] Loading detector and ViPE camera index.
[progress] Loading YOLO detector from /scratch/mthakur/manifold/models/wilor_hands/pretrained_models/detector.pt onto cuda
[progress] Detector ready.
[progress] Building detection samples (cache path: /scratch/mthakur/manifold/outputs/wilor_finetune/lora_hp_c_tw_0p03_sw_0p001/detections_selected_videos.json).
[progress] Scanning image folder for existing extracted frames: /tmp/wilor_train_9788687.HLTsaC/images
[progress] Prepared 256 frame(s) for detection across 5 selected video(s).
[progress] Running detector on frame 1/256: /tmp/wilor_train_9788687.HLTsaC/images/0ElPjqY4Cq8_frames/frame_000000.jpg
[progress] Running detector on frame 25/256: /tmp/wilor_train_9788687.HLTsaC/images/0ElPjqY4Cq8_frames/frame_000024.jpg
[progress] Running detector on frame 50/256: /tmp/wilor_train_9788687.HLTsaC/images/0ElPjqY4Cq8_frames/frame_000049.jpg
[progress] Running detector on frame 75/256: /tmp/wilor_train_9788687.HLTsaC/images/0ElPjqY4Cq8_frames/frame_000074.jpg
[progress] Running detector on frame 100/256: /tmp/wilor_train_9788687.HLTsaC/images/0ElPjqY4Cq8_frames/frame_000099.jpg
[progress] Running detector on frame 125/256: /tmp/wilor_train_9788687.HLTsaC/images/0ElPjqY4Cq8_frames/frame_000124.jpg
[progress] Running detector on frame 150/256: /tmp/wilor_train_9788687.HLTsaC/images/0ElPjqY4Cq8_frames/frame_000149.jpg
[progress] Running detector on frame 175/256: /tmp/wilor_train_9788687.HLTsaC/images/0ElPjqY4Cq8_frames/frame_000174.jpg
[progress] Running detector on frame 200/256: /tmp/wilor_train_9788687.HLTsaC/images/0ElPjqY4Cq8_frames/frame_000199.jpg
[progress] Running detector on frame 225/256: /tmp/wilor_train_9788687.HLTsaC/images/0ElPjqY4Cq8_frames/frame_000224.jpg
[progress] Running detector on frame 250/256: /tmp/wilor_train_9788687.HLTsaC/images/0ElPjqY4Cq8_frames/frame_000249.jpg
[progress] Running detector on frame 256/256: /tmp/wilor_train_9788687.HLTsaC/images/0ElPjqY4Cq8_frames/frame_000255.jpg
[progress] Saved 507 detection samples to /scratch/mthakur/manifold/outputs/wilor_finetune/lora_hp_c_tw_0p03_sw_0p001/detections_selected_videos.json
[progress] Finished detection sampling with 507 sample(s).
[progress] Collected 507 detector sample(s).
[progress] Splitting samples into train/val with validation_split=0.2.
[progress] Building temporal training windows with size=3, stride=2, gap=1.
[progress] Constructing training dataset and dataloader.
[progress] Building validation temporal windows and dataloader.
[progress] Configuring trainable scope: refine_net
[progress] Initialized learnable temporal scorer.
[progress] Creating optimizer and AMP scaler.
[progress] Metrics will be appended to /scratch/mthakur/manifold/outputs/wilor_finetune/lora_hp_c_tw_0p03_sw_0p001/metrics.jsonl
Device: cuda
Experiment: lora_hp_c_tw_0p03_sw_0p001
Videos: 0ElPjqY4Cq8, 0KuJ2t4S_TY, 0gzQAgjx39o, 0rq4nkWlO2E, SlksdQT5JRE
Frames: total=256 train=205 val=51
Samples: total=507 train=405 val=102
Temporal windows: train=144 val=4 dropped_train=46 dropped_val=72
Train scope: refine_net
LoRA: enabled rank=8 alpha=16.0 dropout=0.0 blocks=[24, 32) targets=qkv
Trainable params: 8,669,519
Temporal families: temporal_camera, temporal_bbox_projected
[progress] Entering optimization loop.
[progress] Fetching first training batch.
[step 00001] loss=19.9201 cam=393.4523 temp_cam=0.0000 bbox_p=0.0002 vipe_t=0.0000
[progress] Running validation at step 1.
             val_loss=9.2770 val_cam=185.4041 val_temp_cam=0.0000 val_bbox_p=0.0002 val_vipe_t=0.0000
[step 00010] loss=18.6851 cam=332.3984 temp_cam=0.0000 bbox_p=0.0015 vipe_t=0.0000
[progress] Running validation at step 10.
             val_loss=9.2115 val_cam=176.8487 val_temp_cam=0.0000 val_bbox_p=0.0003 val_vipe_t=0.0000
[step 00020] loss=16.7341 cam=302.4361 temp_cam=0.0000 bbox_p=0.0002 vipe_t=0.0000
[progress] Running validation at step 20.
             val_loss=8.4026 val_cam=161.9225 val_temp_cam=0.0000 val_bbox_p=0.0003 val_vipe_t=0.0000
[step 00030] loss=16.5789 cam=276.5842 temp_cam=0.0000 bbox_p=0.0001 vipe_t=0.0000
[progress] Running validation at step 30.
             val_loss=7.7157 val_cam=148.7994 val_temp_cam=0.0000 val_bbox_p=0.0003 val_vipe_t=0.0000
[step 00040] loss=15.3016 cam=276.8555 temp_cam=0.0000 bbox_p=0.0001 vipe_t=0.0000
[progress] Running validation at step 40.
             val_loss=7.1029 val_cam=137.7887 val_temp_cam=0.0000 val_bbox_p=0.0003 val_vipe_t=0.0000
[step 00050] loss=14.4309 cam=254.3626 temp_cam=0.0000 bbox_p=0.0002 vipe_t=0.0000
[progress] Running validation at step 50.
             val_loss=6.7783 val_cam=128.5683 val_temp_cam=0.0000 val_bbox_p=0.0003 val_vipe_t=0.0000
[step 00060] loss=12.7192 cam=232.9756 temp_cam=0.0000 bbox_p=0.0001 vipe_t=0.0000
[progress] Running validation at step 60.
             val_loss=6.1999 val_cam=119.7984 val_temp_cam=0.0000 val_bbox_p=0.0005 val_vipe_t=0.0000
[step 00070] loss=11.3614 cam=210.7114 temp_cam=0.0000 bbox_p=0.0010 vipe_t=0.0000
[progress] Running validation at step 70.
             val_loss=5.9158 val_cam=112.0606 val_temp_cam=0.0000 val_bbox_p=0.0006 val_vipe_t=0.0000
[step 00080] loss=11.3251 cam=210.8256 temp_cam=0.0000 bbox_p=0.0012 vipe_t=0.0000
[progress] Running validation at step 80.
             val_loss=5.5302 val_cam=104.3642 val_temp_cam=0.0000 val_bbox_p=0.0007 val_vipe_t=0.0000
[step 00090] loss=11.2045 cam=198.9414 temp_cam=0.0000 bbox_p=0.0010 vipe_t=0.0000
[progress] Running validation at step 90.
             val_loss=5.3652 val_cam=98.1868 val_temp_cam=0.0000 val_bbox_p=0.0008 val_vipe_t=0.0000
[step 00100] loss=9.5914 cam=163.3409 temp_cam=0.0000 bbox_p=0.0035 vipe_t=0.0000
[progress] Running validation at step 100.
             val_loss=5.0007 val_cam=93.2772 val_temp_cam=0.0000 val_bbox_p=0.0008 val_vipe_t=0.0000
[progress] Saved latest checkpoint at step 100.
[step 00110] loss=10.0521 cam=163.5302 temp_cam=0.0000 bbox_p=0.0023 vipe_t=0.0000
[progress] Running validation at step 110.
             val_loss=4.8567 val_cam=89.5544 val_temp_cam=0.0000 val_bbox_p=0.0009 val_vipe_t=0.0000
[step 00120] loss=10.2400 cam=171.0163 temp_cam=0.0000 bbox_p=0.0003 vipe_t=0.0000
[progress] Running validation at step 120.
             val_loss=4.8738 val_cam=85.8751 val_temp_cam=0.0000 val_bbox_p=0.0011 val_vipe_t=0.0000
[step 00130] loss=9.3938 cam=162.8182 temp_cam=0.0000 bbox_p=0.0004 vipe_t=0.0000
[progress] Running validation at step 130.
             val_loss=4.8480 val_cam=82.4304 val_temp_cam=0.0000 val_bbox_p=0.0011 val_vipe_t=0.0000
[step 00140] loss=14.4350 cam=169.6915 temp_cam=0.0000 bbox_p=0.0010 vipe_t=0.0000
[progress] Running validation at step 140.
             val_loss=5.4731 val_cam=79.9404 val_temp_cam=0.0000 val_bbox_p=0.0010 val_vipe_t=0.0000
[step 00150] loss=12.5447 cam=158.0548 temp_cam=0.0000 bbox_p=0.0010 vipe_t=0.0000
[progress] Running validation at step 150.
             val_loss=5.0515 val_cam=78.8915 val_temp_cam=0.0000 val_bbox_p=0.0011 val_vipe_t=0.0000
[step 00160] loss=11.0597 cam=154.6848 temp_cam=0.0000 bbox_p=0.0015 vipe_t=0.0000
[progress] Running validation at step 160.
             val_loss=5.1522 val_cam=79.6310 val_temp_cam=0.0000 val_bbox_p=0.0012 val_vipe_t=0.0000
[step 00170] loss=9.9609 cam=167.1152 temp_cam=0.0000 bbox_p=0.0016 vipe_t=0.0000
[progress] Running validation at step 170.
             val_loss=4.6242 val_cam=79.3351 val_temp_cam=0.0000 val_bbox_p=0.0016 val_vipe_t=0.0000
[step 00180] loss=9.9474 cam=162.8828 temp_cam=0.0000 bbox_p=0.0010 vipe_t=0.0000
[progress] Running validation at step 180.
             val_loss=4.4208 val_cam=78.4863 val_temp_cam=0.0000 val_bbox_p=0.0019 val_vipe_t=0.0000
[step 00190] loss=8.4872 cam=136.1834 temp_cam=0.0000 bbox_p=0.0058 vipe_t=0.0000
[progress] Running validation at step 190.
             val_loss=4.4393 val_cam=77.5700 val_temp_cam=0.0000 val_bbox_p=0.0021 val_vipe_t=0.0000
[step 00200] loss=8.5902 cam=140.2788 temp_cam=0.0000 bbox_p=0.0031 vipe_t=0.0000
[progress] Running validation at step 200.
             val_loss=4.4227 val_cam=76.0012 val_temp_cam=0.0000 val_bbox_p=0.0019 val_vipe_t=0.0000
[progress] Saved latest checkpoint at step 200.
Finished fine-tuning. Best val_loss_total: 4.4208
Saved checkpoints under: /scratch/mthakur/manifold/outputs/wilor_finetune/lora_hp_c_tw_0p03_sw_0p001
[progress] Containerized training process exited cleanly.
===============================================
Job finished at: Wed Apr 29 23:15:08 CEST 2026
Execution took 0.30 hours
Writing output to SLURM_logs/wilor-train_157.out
===============================================
