Loaded modules:

Currently Loaded Modules:
  1) slurm/current    3) gcc/11.3.0   5) cuda/11.7
  2) DefaultModules   4) 2024r1

 

Wed Jun 10 02:24:05 2026       
+-----------------------------------------------------------------------------------------+
| NVIDIA-SMI 580.159.04             Driver Version: 580.159.04     CUDA Version: 13.0     |
+-----------------------------------------+------------------------+----------------------+
| GPU  Name                 Persistence-M | Bus-Id          Disp.A | Volatile Uncorr. ECC |
| Fan  Temp   Perf          Pwr:Usage/Cap |           Memory-Usage | GPU-Util  Compute M. |
|                                         |                        |               MIG M. |
|=========================================+========================+======================|
|   0  NVIDIA A100 80GB PCIe          On  |   00000000:16:00.0 Off |                   On |
| N/A   49C    P0            129W /  300W |   10295MiB /  81920MiB |     N/A      Default |
|                                         |                        |              Enabled |
+-----------------------------------------+------------------------+----------------------+

+-----------------------------------------------------------------------------------------+
| MIG devices:                                                                            |
+------------------+----------------------------------+-----------+-----------------------+
| GPU  GI  CI  MIG |              Shared Memory-Usage |        Vol|        Shared         |
|      ID  ID  Dev |                Shared BAR1-Usage | SM     Unc| CE ENC  DEC  OFA  JPG |
|                  |                                  |        ECC|                       |
|==================+==================================+===========+=======================|
|  0    7   0   0  |              36MiB /  9728MiB    | 14      0 |  1   0    0    0    0 |
|                  |               0MiB /  6135MiB    |           |                       |
+------------------+----------------------------------+-----------+-----------------------+

+-----------------------------------------------------------------------------------------+
| Processes:                                                                              |
|  GPU   GI   CI              PID   Type   Process name                        GPU Memory |
|        ID   ID                                                               Usage      |
|=========================================================================================|
|  No running processes found                                                             |
+-----------------------------------------------------------------------------------------+
================ SLURM JOB INFO ================
Job ID:         10143268
Job Name:       wilor-inference
Partition:      gpu-a100-small
Node List:      gpu020
CPUs per task:  2
GPUs per task:  1
Memory per GPU: 10240
Submit dir:     /scratch/mthakur/manifold/models/wilor_hands
Work dir:       /scratch/mthakur/manifold/models/wilor_hands
Job started at: Wed Jun 10 02:24:05 CEST 2026
===============================================
WiLoR video: /scratch/mthakur/manifold/data/test/edge_cases_still_45_hari.mp4
WiLoR output root: /scratch/mthakur/manifold/outputs/wilor
WiLoR completion marker: /scratch/mthakur/manifold/outputs/wilor/_completed/edge_cases_still_45_hari.json
WiLoR frame cache root: /scratch/mthakur/manifold/data/test
/.venv/lib/python3.10/site-packages/timm/models/layers/__init__.py:49: FutureWarning: Importing from timm.models.layers is deprecated, please import via timm.layers
  warnings.warn(f"Importing from {__name__} is deprecated, please import via timm.layers", FutureWarning)
[progress] Loading WiLoR checkpoint: ./pretrained_models/wilor_final.ckpt
Loading  ./pretrained_models/wilor_final.ckpt
WARNING: You are using a MANO model, with only 10 shape coefficients.
[progress] Loading detector: ./pretrained_models/detector.pt

Processing: edge_cases_still_45_hari:frame_000000

Processing: edge_cases_still_45_hari:frame_000001
No detections, skipping.

Processing: edge_cases_still_45_hari:frame_000002
No detections, skipping.

Processing: edge_cases_still_45_hari:frame_000003
No detections, skipping.

Processing: edge_cases_still_45_hari:frame_000004
No detections, skipping.

Processing: edge_cases_still_45_hari:frame_000005

Processing: edge_cases_still_45_hari:frame_000006

Processing: edge_cases_still_45_hari:frame_000007
No detections, skipping.

Processing: edge_cases_still_45_hari:frame_000008
No detections, skipping.

Processing: edge_cases_still_45_hari:frame_000009
No detections, skipping.

Processing: edge_cases_still_45_hari:frame_000010
No detections, skipping.

Processing: edge_cases_still_45_hari:frame_000011
No detections, skipping.

Processing: edge_cases_still_45_hari:frame_000012
No detections, skipping.

Processing: edge_cases_still_45_hari:frame_000013

Processing: edge_cases_still_45_hari:frame_000014
No detections, skipping.

Processing: edge_cases_still_45_hari:frame_000015

Processing: edge_cases_still_45_hari:frame_000016
No detections, skipping.

Processing: edge_cases_still_45_hari:frame_000017
No detections, skipping.

Processing: edge_cases_still_45_hari:frame_000018
No detections, skipping.

Processing: edge_cases_still_45_hari:frame_000019
No detections, skipping.

Processing: edge_cases_still_45_hari:frame_000020
No detections, skipping.

Processing: edge_cases_still_45_hari:frame_000021
No detections, skipping.

Processing: edge_cases_still_45_hari:frame_000022
No detections, skipping.

Processing: edge_cases_still_45_hari:frame_000023
No detections, skipping.

Processing: edge_cases_still_45_hari:frame_000024
No detections, skipping.

Processing: edge_cases_still_45_hari:frame_000025
No detections, skipping.

Processing: edge_cases_still_45_hari:frame_000026
No detections, skipping.

Processing: edge_cases_still_45_hari:frame_000027
No detections, skipping.

Processing: edge_cases_still_45_hari:frame_000028
No detections, skipping.

Processing: edge_cases_still_45_hari:frame_000029
No detections, skipping.

Processing: edge_cases_still_45_hari:frame_000030
No detections, skipping.

Processing: edge_cases_still_45_hari:frame_000031
No detections, skipping.

Processing: edge_cases_still_45_hari:frame_000032
No detections, skipping.

Processing: edge_cases_still_45_hari:frame_000033
No detections, skipping.

Processing: edge_cases_still_45_hari:frame_000034
No detections, skipping.

Processing: edge_cases_still_45_hari:frame_000035
No detections, skipping.

Processing: edge_cases_still_45_hari:frame_000036
No detections, skipping.

Processing: edge_cases_still_45_hari:frame_000037
No detections, skipping.

Processing: edge_cases_still_45_hari:frame_000038
No detections, skipping.

Processing: edge_cases_still_45_hari:frame_000039
No detections, skipping.

Processing: edge_cases_still_45_hari:frame_000040
No detections, skipping.

Processing: edge_cases_still_45_hari:frame_000041
No detections, skipping.

Processing: edge_cases_still_45_hari:frame_000042
No detections, skipping.

Processing: edge_cases_still_45_hari:frame_000043
No detections, skipping.

Processing: edge_cases_still_45_hari:frame_000044
No detections, skipping.

Processing: edge_cases_still_45_hari:frame_000045
No detections, skipping.

Processing: edge_cases_still_45_hari:frame_000046
No detections, skipping.

Processing: edge_cases_still_45_hari:frame_000047
No detections, skipping.

Processing: edge_cases_still_45_hari:frame_000048
No detections, skipping.

Processing: edge_cases_still_45_hari:frame_000049
No detections, skipping.

Processing: edge_cases_still_45_hari:frame_000050
No detections, skipping.

Processing: edge_cases_still_45_hari:frame_000051
No detections, skipping.

Processing: edge_cases_still_45_hari:frame_000052
No detections, skipping.

Processing: edge_cases_still_45_hari:frame_000053
No detections, skipping.

Processing: edge_cases_still_45_hari:frame_000054

Processing: edge_cases_still_45_hari:frame_000055
No detections, skipping.

Processing: edge_cases_still_45_hari:frame_000056
No detections, skipping.

Processing: edge_cases_still_45_hari:frame_000057
No detections, skipping.

Processing: edge_cases_still_45_hari:frame_000058
No detections, skipping.

Processing: edge_cases_still_45_hari:frame_000059
No detections, skipping.

Processing: edge_cases_still_45_hari:frame_000060
No detections, skipping.

Processing: edge_cases_still_45_hari:frame_000061
No detections, skipping.

Processing: edge_cases_still_45_hari:frame_000062
No detections, skipping.

Processing: edge_cases_still_45_hari:frame_000063
No detections, skipping.

Processing: edge_cases_still_45_hari:frame_000064

Processing: edge_cases_still_45_hari:frame_000065
No detections, skipping.

Processing: edge_cases_still_45_hari:frame_000066
No detections, skipping.

Processing: edge_cases_still_45_hari:frame_000067
No detections, skipping.

Processing: edge_cases_still_45_hari:frame_000068

Processing: edge_cases_still_45_hari:frame_000069
No detections, skipping.

Processing: edge_cases_still_45_hari:frame_000070

Processing: edge_cases_still_45_hari:frame_000071

Processing: edge_cases_still_45_hari:frame_000072
No detections, skipping.

Processing: edge_cases_still_45_hari:frame_000073
No detections, skipping.

Processing: edge_cases_still_45_hari:frame_000074
No detections, skipping.

Processing: edge_cases_still_45_hari:frame_000075
No detections, skipping.

Processing: edge_cases_still_45_hari:frame_000076
No detections, skipping.

Processing: edge_cases_still_45_hari:frame_000077

Processing: edge_cases_still_45_hari:frame_000078
No detections, skipping.

Processing: edge_cases_still_45_hari:frame_000079
No detections, skipping.

Processing: edge_cases_still_45_hari:frame_000080
No detections, skipping.

Processing: edge_cases_still_45_hari:frame_000081
No detections, skipping.

Processing: edge_cases_still_45_hari:frame_000082
No detections, skipping.

Processing: edge_cases_still_45_hari:frame_000083
No detections, skipping.

Processing: edge_cases_still_45_hari:frame_000084
No detections, skipping.

Processing: edge_cases_still_45_hari:frame_000085
No detections, skipping.

Processing: edge_cases_still_45_hari:frame_000086
No detections, skipping.

Processing: edge_cases_still_45_hari:frame_000087
No detections, skipping.

Processing: edge_cases_still_45_hari:frame_000088
No detections, skipping.

Processing: edge_cases_still_45_hari:frame_000089
No detections, skipping.

Processing: edge_cases_still_45_hari:frame_000090
No detections, skipping.

Processing: edge_cases_still_45_hari:frame_000091
No detections, skipping.

Processing: edge_cases_still_45_hari:frame_000092
No detections, skipping.

Processing: edge_cases_still_45_hari:frame_000093
No detections, skipping.

Processing: edge_cases_still_45_hari:frame_000094
No detections, skipping.

Processing: edge_cases_still_45_hari:frame_000095
No detections, skipping.

Processing: edge_cases_still_45_hari:frame_000096
No detections, skipping.

Processing: edge_cases_still_45_hari:frame_000097
No detections, skipping.

Processing: edge_cases_still_45_hari:frame_000098
No detections, skipping.

Processing: edge_cases_still_45_hari:frame_000099
No detections, skipping.

Processing: edge_cases_still_45_hari:frame_000100
No detections, skipping.

Processing: edge_cases_still_45_hari:frame_000101
No detections, skipping.

Processing: edge_cases_still_45_hari:frame_000102
No detections, skipping.

Processing: edge_cases_still_45_hari:frame_000103
No detections, skipping.

Processing: edge_cases_still_45_hari:frame_000104
No detections, skipping.

Processing: edge_cases_still_45_hari:frame_000105
No detections, skipping.

Processing: edge_cases_still_45_hari:frame_000106
No detections, skipping.

Processing: edge_cases_still_45_hari:frame_000107

Processing: edge_cases_still_45_hari:frame_000108

Processing: edge_cases_still_45_hari:frame_000109

Processing: edge_cases_still_45_hari:frame_000110
No detections, skipping.

Processing: edge_cases_still_45_hari:frame_000111
No detections, skipping.

Processing: edge_cases_still_45_hari:frame_000112
No detections, skipping.

Processing: edge_cases_still_45_hari:frame_000113
No detections, skipping.

Processing: edge_cases_still_45_hari:frame_000114
No detections, skipping.

Processing: edge_cases_still_45_hari:frame_000115
No detections, skipping.

Processing: edge_cases_still_45_hari:frame_000116
No detections, skipping.

Processing: edge_cases_still_45_hari:frame_000117
No detections, skipping.

Processing: edge_cases_still_45_hari:frame_000118
No detections, skipping.

Processing: edge_cases_still_45_hari:frame_000119
No detections, skipping.

Processing: edge_cases_still_45_hari:frame_000120
No detections, skipping.

Processing: edge_cases_still_45_hari:frame_000121
No detections, skipping.

Processing: edge_cases_still_45_hari:frame_000122
No detections, skipping.

Processing: edge_cases_still_45_hari:frame_000123
No detections, skipping.

Processing: edge_cases_still_45_hari:frame_000124
No detections, skipping.

Processing: edge_cases_still_45_hari:frame_000125
No detections, skipping.

Processing: edge_cases_still_45_hari:frame_000126
No detections, skipping.

Processing: edge_cases_still_45_hari:frame_000127
No detections, skipping.

Processing: edge_cases_still_45_hari:frame_000128
No detections, skipping.

Processing: edge_cases_still_45_hari:frame_000129
No detections, skipping.

Processing: edge_cases_still_45_hari:frame_000130
No detections, skipping.

Processing: edge_cases_still_45_hari:frame_000131
No detections, skipping.

Processing: edge_cases_still_45_hari:frame_000132
No detections, skipping.

Processing: edge_cases_still_45_hari:frame_000133
No detections, skipping.

Processing: edge_cases_still_45_hari:frame_000134
No detections, skipping.

Processing: edge_cases_still_45_hari:frame_000135
No detections, skipping.

Processing: edge_cases_still_45_hari:frame_000136
No detections, skipping.

Processing: edge_cases_still_45_hari:frame_000137
No detections, skipping.

Processing: edge_cases_still_45_hari:frame_000138
No detections, skipping.

Processing: edge_cases_still_45_hari:frame_000139
No detections, skipping.

Processing: edge_cases_still_45_hari:frame_000140
No detections, skipping.

Processing: edge_cases_still_45_hari:frame_000141
No detections, skipping.

Processing: edge_cases_still_45_hari:frame_000142
No detections, skipping.

Processing: edge_cases_still_45_hari:frame_000143
No detections, skipping.

Processing: edge_cases_still_45_hari:frame_000144
No detections, skipping.

Processing: edge_cases_still_45_hari:frame_000145
No detections, skipping.

Processing: edge_cases_still_45_hari:frame_000146
No detections, skipping.

Processing: edge_cases_still_45_hari:frame_000147
No detections, skipping.

Processing: edge_cases_still_45_hari:frame_000148
No detections, skipping.

Processing: edge_cases_still_45_hari:frame_000149
No detections, skipping.

Processing: edge_cases_still_45_hari:frame_000150
No detections, skipping.

Processing: edge_cases_still_45_hari:frame_000151
No detections, skipping.

Processing: edge_cases_still_45_hari:frame_000152
No detections, skipping.

Processing: edge_cases_still_45_hari:frame_000153
No detections, skipping.

Processing: edge_cases_still_45_hari:frame_000154
No detections, skipping.

Processing: edge_cases_still_45_hari:frame_000155

Processing: edge_cases_still_45_hari:frame_000156
No detections, skipping.

Processing: edge_cases_still_45_hari:frame_000157
No detections, skipping.

Processing: edge_cases_still_45_hari:frame_000158

Processing: edge_cases_still_45_hari:frame_000159

Processing: edge_cases_still_45_hari:frame_000160

Processing: edge_cases_still_45_hari:frame_000161

Processing: edge_cases_still_45_hari:frame_000162

Processing: edge_cases_still_45_hari:frame_000163
No detections, skipping.

Processing: edge_cases_still_45_hari:frame_000164
No detections, skipping.

Processing: edge_cases_still_45_hari:frame_000165
No detections, skipping.

Processing: edge_cases_still_45_hari:frame_000166
No detections, skipping.

Processing: edge_cases_still_45_hari:frame_000167
No detections, skipping.

Processing: edge_cases_still_45_hari:frame_000168
No detections, skipping.

Processing: edge_cases_still_45_hari:frame_000169

Processing: edge_cases_still_45_hari:frame_000170

Processing: edge_cases_still_45_hari:frame_000171
No detections, skipping.

Processing: edge_cases_still_45_hari:frame_000172
No detections, skipping.

All images processed.
===============================================
Job finished at: Wed Jun 10 02:24:56 CEST 2026
Execution took 0.01 hours
Writing output to SLURM_logs/wilor-inference_869.out
Retained WiLoR outputs: /scratch/mthakur/manifold/outputs/wilor/edge_cases_still_45_hari/meshes
===============================================
