Loaded modules:

Currently Loaded Modules:
  1) slurm/current    3) gcc/11.3.0   5) cuda/11.7
  2) DefaultModules   4) 2024r1

 

Wed Mar  4 18:32:28 2026       
+-----------------------------------------------------------------------------------------+
| NVIDIA-SMI 580.105.08             Driver Version: 580.105.08     CUDA Version: 13.0     |
+-----------------------------------------+------------------------+----------------------+
| GPU  Name                 Persistence-M | Bus-Id          Disp.A | Volatile Uncorr. ECC |
| Fan  Temp   Perf          Pwr:Usage/Cap |           Memory-Usage | GPU-Util  Compute M. |
|                                         |                        |               MIG M. |
|=========================================+========================+======================|
|   0  NVIDIA A100 80GB PCIe          On  |   00000000:98:00.0 Off |                   On |
| N/A   37C    P0             44W /  300W |     249MiB /  81920MiB |     N/A      Default |
|                                         |                        |              Enabled |
+-----------------------------------------+------------------------+----------------------+

+-----------------------------------------------------------------------------------------+
| MIG devices:                                                                            |
+------------------+----------------------------------+-----------+-----------------------+
| GPU  GI  CI  MIG |              Shared Memory-Usage |        Vol|        Shared         |
|      ID  ID  Dev |                Shared BAR1-Usage | SM     Unc| CE ENC  DEC  OFA  JPG |
|                  |                                  |        ECC|                       |
|==================+==================================+===========+=======================|
|  0    7   0   0  |              36MiB /  9728MiB    | 14      0 |  1   0    0    0    0 |
|                  |               0MiB /  6135MiB    |           |                       |
+------------------+----------------------------------+-----------+-----------------------+

+-----------------------------------------------------------------------------------------+
| Processes:                                                                              |
|  GPU   GI   CI              PID   Type   Process name                        GPU Memory |
|        ID   ID                                                               Usage      |
|=========================================================================================|
|  No running processes found                                                             |
+-----------------------------------------------------------------------------------------+
================ SLURM JOB INFO ================
Job ID:         9293814
Job Name:       wilor-inference
Partition:      gpu-a100-small
Node List:      gpu020
CPUs per task:  2
Memory per CPU: 
GPUs per task:  1
Memory per GPU: 10240
Submit dir:     /scratch/mthakur/manifold/models/wilor_hands
Work dir:       /scratch/mthakur/manifold/models/wilor_hands
Job started at: Wed Mar  4 18:32:29 CET 2026
===============================================
/.venv/lib/python3.10/site-packages/timm/models/layers/__init__.py:49: FutureWarning: Importing from timm.models.layers is deprecated, please import via timm.layers
  warnings.warn(f"Importing from {__name__} is deprecated, please import via timm.layers", FutureWarning)
Loading  ./pretrained_models/wilor_final.ckpt
Lightning automatically upgraded your loaded checkpoint from v1.8.1 to v2.0.9. To apply the upgrade to your files permanently, run `python -m pytorch_lightning.utilities.upgrade_checkpoint --file pretrained_models/wilor_final.ckpt`
WARNING: You are using a MANO model, with only 10 shape coefficients.
[render_rgba_multiple] warning: extremely low alpha coverage (min=0.000000, max=0.000000, mean=0.000000, fg%=0.000000)
[render_rgba_multiple] warning: extremely low alpha coverage (min=0.000000, max=0.000000, mean=0.000000, fg%=0.000000)
[render_rgba_multiple] warning: extremely low alpha coverage (min=0.000000, max=0.000000, mean=0.000000, fg%=0.000000)
[render_rgba_multiple] warning: extremely low alpha coverage (min=0.000000, max=0.000000, mean=0.000000, fg%=0.000000)
[render_rgba_multiple] warning: extremely low alpha coverage (min=0.000000, max=0.000000, mean=0.000000, fg%=0.000000)
[render_rgba_multiple] warning: extremely low alpha coverage (min=0.000000, max=0.000000, mean=0.000000, fg%=0.000000)
[render_rgba_multiple] warning: extremely low alpha coverage (min=0.000000, max=0.000000, mean=0.000000, fg%=0.000000)
[render_rgba_multiple] warning: extremely low alpha coverage (min=0.000000, max=0.000000, mean=0.000000, fg%=0.000000)
[render_rgba_multiple] warning: extremely low alpha coverage (min=0.000000, max=0.000000, mean=0.000000, fg%=0.000000)
[render_rgba_multiple] warning: extremely low alpha coverage (min=0.000000, max=0.000000, mean=0.000000, fg%=0.000000)
[render_rgba_multiple] warning: extremely low alpha coverage (min=0.000000, max=0.000000, mean=0.000000, fg%=0.000000)
[render_rgba_multiple] warning: extremely low alpha coverage (min=0.000000, max=0.000000, mean=0.000000, fg%=0.000000)
[render_rgba_multiple] warning: extremely low alpha coverage (min=0.000000, max=0.000000, mean=0.000000, fg%=0.000000)
[render_rgba_multiple] warning: extremely low alpha coverage (min=0.000000, max=0.000000, mean=0.000000, fg%=0.000000)
[render_rgba_multiple] warning: extremely low alpha coverage (min=0.000000, max=0.000000, mean=0.000000, fg%=0.000000)
[render_rgba_multiple] warning: extremely low alpha coverage (min=0.000000, max=0.000000, mean=0.000000, fg%=0.000000)
[render_rgba_multiple] warning: extremely low alpha coverage (min=0.000000, max=0.000000, mean=0.000000, fg%=0.000000)
[render_rgba_multiple] warning: extremely low alpha coverage (min=0.000000, max=0.000000, mean=0.000000, fg%=0.000000)
[render_rgba_multiple] warning: extremely low alpha coverage (min=0.000000, max=0.000000, mean=0.000000, fg%=0.000000)
[render_rgba_multiple] warning: extremely low alpha coverage (min=0.000000, max=0.000000, mean=0.000000, fg%=0.000000)
[render_rgba_multiple] warning: extremely low alpha coverage (min=0.000000, max=0.000000, mean=0.000000, fg%=0.000000)
[render_rgba_multiple] warning: extremely low alpha coverage (min=0.000000, max=0.000000, mean=0.000000, fg%=0.000000)
[render_rgba_multiple] warning: extremely low alpha coverage (min=0.000000, max=0.000000, mean=0.000000, fg%=0.000000)
[render_rgba_multiple] warning: extremely low alpha coverage (min=0.000000, max=0.000000, mean=0.000000, fg%=0.000000)
[render_rgba_multiple] warning: extremely low alpha coverage (min=0.000000, max=0.000000, mean=0.000000, fg%=0.000000)
[render_rgba_multiple] warning: extremely low alpha coverage (min=0.000000, max=0.000000, mean=0.000000, fg%=0.000000)
[render_rgba_multiple] warning: extremely low alpha coverage (min=0.000000, max=0.000000, mean=0.000000, fg%=0.000000)
[render_rgba_multiple] warning: extremely low alpha coverage (min=0.000000, max=0.000000, mean=0.000000, fg%=0.000000)
[render_rgba_multiple] warning: extremely low alpha coverage (min=0.000000, max=0.000000, mean=0.000000, fg%=0.000000)
[render_rgba_multiple] warning: extremely low alpha coverage (min=0.000000, max=0.000000, mean=0.000000, fg%=0.000000)
[render_rgba_multiple] warning: extremely low alpha coverage (min=0.000000, max=0.000000, mean=0.000000, fg%=0.000000)
[render_rgba_multiple] warning: extremely low alpha coverage (min=0.000000, max=0.000000, mean=0.000000, fg%=0.000000)
[render_rgba_multiple] warning: extremely low alpha coverage (min=0.000000, max=0.000000, mean=0.000000, fg%=0.000000)
[render_rgba_multiple] warning: extremely low alpha coverage (min=0.000000, max=0.000000, mean=0.000000, fg%=0.000000)
[render_rgba_multiple] warning: extremely low alpha coverage (min=0.000000, max=0.000000, mean=0.000000, fg%=0.000000)
[render_rgba_multiple] warning: extremely low alpha coverage (min=0.000000, max=0.000000, mean=0.000000, fg%=0.000000)
[render_rgba_multiple] warning: extremely low alpha coverage (min=0.000000, max=0.000000, mean=0.000000, fg%=0.000000)
[render_rgba_multiple] warning: extremely low alpha coverage (min=0.000000, max=0.000000, mean=0.000000, fg%=0.000000)
[render_rgba_multiple] warning: extremely low alpha coverage (min=0.000000, max=0.000000, mean=0.000000, fg%=0.000000)
[render_rgba_multiple] warning: extremely low alpha coverage (min=0.000000, max=0.000000, mean=0.000000, fg%=0.000000)
[render_rgba_multiple] warning: extremely low alpha coverage (min=0.000000, max=0.000000, mean=0.000000, fg%=0.000000)
[render_rgba_multiple] warning: extremely low alpha coverage (min=0.000000, max=0.000000, mean=0.000000, fg%=0.000000)
[render_rgba_multiple] warning: extremely low alpha coverage (min=0.000000, max=0.000000, mean=0.000000, fg%=0.000000)
[render_rgba_multiple] warning: extremely low alpha coverage (min=0.000000, max=0.000000, mean=0.000000, fg%=0.000000)
[render_rgba_multiple] warning: extremely low alpha coverage (min=0.000000, max=0.000000, mean=0.000000, fg%=0.000000)
[render_rgba_multiple] warning: extremely low alpha coverage (min=0.000000, max=0.000000, mean=0.000000, fg%=0.000000)
[render_rgba_multiple] warning: extremely low alpha coverage (min=0.000000, max=0.000000, mean=0.000000, fg%=0.000000)
[render_rgba_multiple] warning: extremely low alpha coverage (min=0.000000, max=0.000000, mean=0.000000, fg%=0.000000)
[render_rgba_multiple] warning: extremely low alpha coverage (min=0.000000, max=0.000000, mean=0.000000, fg%=0.000000)
[render_rgba_multiple] warning: extremely low alpha coverage (min=0.000000, max=0.000000, mean=0.000000, fg%=0.000000)
[render_rgba_multiple] warning: extremely low alpha coverage (min=0.000000, max=0.000000, mean=0.000000, fg%=0.000000)
[render_rgba_multiple] warning: extremely low alpha coverage (min=0.000000, max=0.000000, mean=0.000000, fg%=0.000000)
[render_rgba_multiple] warning: extremely low alpha coverage (min=0.000000, max=0.000000, mean=0.000000, fg%=0.000000)
[render_rgba_multiple] warning: extremely low alpha coverage (min=0.000000, max=0.000000, mean=0.000000, fg%=0.000000)
[render_rgba_multiple] warning: extremely low alpha coverage (min=0.000000, max=0.000000, mean=0.000000, fg%=0.000000)
[render_rgba_multiple] warning: extremely low alpha coverage (min=0.000000, max=0.000000, mean=0.000000, fg%=0.000000)
[render_rgba_multiple] warning: extremely low alpha coverage (min=0.000000, max=0.000000, mean=0.000000, fg%=0.000000)
[render_rgba_multiple] warning: extremely low alpha coverage (min=0.000000, max=0.000000, mean=0.000000, fg%=0.000000)
[render_rgba_multiple] warning: extremely low alpha coverage (min=0.000000, max=0.000000, mean=0.000000, fg%=0.000000)
[render_rgba_multiple] warning: extremely low alpha coverage (min=0.000000, max=0.000000, mean=0.000000, fg%=0.000000)
[render_rgba_multiple] warning: extremely low alpha coverage (min=0.000000, max=0.000000, mean=0.000000, fg%=0.000000)
[render_rgba_multiple] warning: extremely low alpha coverage (min=0.000000, max=0.000000, mean=0.000000, fg%=0.000000)
[render_rgba_multiple] warning: extremely low alpha coverage (min=0.000000, max=0.000000, mean=0.000000, fg%=0.000000)
[render_rgba_multiple] warning: extremely low alpha coverage (min=0.000000, max=0.000000, mean=0.000000, fg%=0.000000)
[render_rgba_multiple] warning: extremely low alpha coverage (min=0.000000, max=0.000000, mean=0.000000, fg%=0.000000)
[render_rgba_multiple] warning: extremely low alpha coverage (min=0.000000, max=0.000000, mean=0.000000, fg%=0.000000)
[render_rgba_multiple] warning: extremely low alpha coverage (min=0.000000, max=0.000000, mean=0.000000, fg%=0.000000)
[render_rgba_multiple] warning: extremely low alpha coverage (min=0.000000, max=0.000000, mean=0.000000, fg%=0.000000)
[render_rgba_multiple] warning: extremely low alpha coverage (min=0.000000, max=0.000000, mean=0.000000, fg%=0.000000)
[render_rgba_multiple] warning: extremely low alpha coverage (min=0.000000, max=0.000000, mean=0.000000, fg%=0.000000)
[render_rgba_multiple] warning: extremely low alpha coverage (min=0.000000, max=0.000000, mean=0.000000, fg%=0.000000)
[render_rgba_multiple] warning: extremely low alpha coverage (min=0.000000, max=0.000000, mean=0.000000, fg%=0.000000)
[render_rgba_multiple] warning: extremely low alpha coverage (min=0.000000, max=0.000000, mean=0.000000, fg%=0.000000)
[render_rgba_multiple] warning: extremely low alpha coverage (min=0.000000, max=0.000000, mean=0.000000, fg%=0.000000)
[render_rgba_multiple] warning: extremely low alpha coverage (min=0.000000, max=0.000000, mean=0.000000, fg%=0.000000)
[render_rgba_multiple] warning: extremely low alpha coverage (min=0.000000, max=0.000000, mean=0.000000, fg%=0.000000)
[render_rgba_multiple] warning: extremely low alpha coverage (min=0.000000, max=0.000000, mean=0.000000, fg%=0.000000)
[render_rgba_multiple] warning: extremely low alpha coverage (min=0.000000, max=0.000000, mean=0.000000, fg%=0.000000)
[render_rgba_multiple] warning: extremely low alpha coverage (min=0.000000, max=0.000000, mean=0.000000, fg%=0.000000)
[render_rgba_multiple] warning: extremely low alpha coverage (min=0.000000, max=0.000000, mean=0.000000, fg%=0.000000)
[render_rgba_multiple] warning: extremely low alpha coverage (min=0.000000, max=0.000000, mean=0.000000, fg%=0.000000)
[render_rgba_multiple] warning: extremely low alpha coverage (min=0.000000, max=0.000000, mean=0.000000, fg%=0.000000)
[render_rgba_multiple] warning: extremely low alpha coverage (min=0.000000, max=0.000000, mean=0.000000, fg%=0.000000)
[render_rgba_multiple] warning: extremely low alpha coverage (min=0.000000, max=0.000000, mean=0.000000, fg%=0.000000)
[render_rgba_multiple] warning: extremely low alpha coverage (min=0.000000, max=0.000000, mean=0.000000, fg%=0.000000)
[render_rgba_multiple] warning: extremely low alpha coverage (min=0.000000, max=0.000000, mean=0.000000, fg%=0.000000)
[render_rgba_multiple] warning: extremely low alpha coverage (min=0.000000, max=0.000000, mean=0.000000, fg%=0.000000)
[render_rgba_multiple] warning: extremely low alpha coverage (min=0.000000, max=0.000000, mean=0.000000, fg%=0.000000)
[render_rgba_multiple] warning: extremely low alpha coverage (min=0.000000, max=0.000000, mean=0.000000, fg%=0.000000)
[render_rgba_multiple] warning: extremely low alpha coverage (min=0.000000, max=0.000000, mean=0.000000, fg%=0.000000)
[render_rgba_multiple] warning: extremely low alpha coverage (min=0.000000, max=0.000000, mean=0.000000, fg%=0.000000)
[render_rgba_multiple] warning: extremely low alpha coverage (min=0.000000, max=0.000000, mean=0.000000, fg%=0.000000)
[render_rgba_multiple] warning: extremely low alpha coverage (min=0.000000, max=0.000000, mean=0.000000, fg%=0.000000)
[render_rgba_multiple] warning: extremely low alpha coverage (min=0.000000, max=0.000000, mean=0.000000, fg%=0.000000)
[render_rgba_multiple] warning: extremely low alpha coverage (min=0.000000, max=0.000000, mean=0.000000, fg%=0.000000)
[render_rgba_multiple] warning: extremely low alpha coverage (min=0.000000, max=0.000000, mean=0.000000, fg%=0.000000)
[render_rgba_multiple] warning: extremely low alpha coverage (min=0.000000, max=0.000000, mean=0.000000, fg%=0.000000)
[render_rgba_multiple] warning: extremely low alpha coverage (min=0.000000, max=0.000000, mean=0.000000, fg%=0.000000)
[render_rgba_multiple] warning: extremely low alpha coverage (min=0.000000, max=0.000000, mean=0.000000, fg%=0.000000)
[render_rgba_multiple] warning: extremely low alpha coverage (min=0.000000, max=0.000000, mean=0.000000, fg%=0.000000)
[render_rgba_multiple] warning: extremely low alpha coverage (min=0.000000, max=0.000000, mean=0.000000, fg%=0.000000)
[render_rgba_multiple] warning: extremely low alpha coverage (min=0.000000, max=0.000000, mean=0.000000, fg%=0.000000)
[render_rgba_multiple] warning: extremely low alpha coverage (min=0.000000, max=0.000000, mean=0.000000, fg%=0.000000)
[render_rgba_multiple] warning: extremely low alpha coverage (min=0.000000, max=0.000000, mean=0.000000, fg%=0.000000)
[render_rgba_multiple] warning: extremely low alpha coverage (min=0.000000, max=0.000000, mean=0.000000, fg%=0.000000)
[render_rgba_multiple] warning: extremely low alpha coverage (min=0.000000, max=0.000000, mean=0.000000, fg%=0.000000)
[render_rgba_multiple] warning: extremely low alpha coverage (min=0.000000, max=0.000000, mean=0.000000, fg%=0.000000)
[render_rgba_multiple] warning: extremely low alpha coverage (min=0.000000, max=0.000000, mean=0.000000, fg%=0.000000)
[render_rgba_multiple] warning: extremely low alpha coverage (min=0.000000, max=0.000000, mean=0.000000, fg%=0.000000)
[render_rgba_multiple] warning: extremely low alpha coverage (min=0.000000, max=0.000000, mean=0.000000, fg%=0.000000)
[render_rgba_multiple] warning: extremely low alpha coverage (min=0.000000, max=0.000000, mean=0.000000, fg%=0.000000)
[render_rgba_multiple] warning: extremely low alpha coverage (min=0.000000, max=0.000000, mean=0.000000, fg%=0.000000)
[render_rgba_multiple] warning: extremely low alpha coverage (min=0.000000, max=0.000000, mean=0.000000, fg%=0.000000)
[render_rgba_multiple] warning: extremely low alpha coverage (min=0.000000, max=0.000000, mean=0.000000, fg%=0.000000)
[render_rgba_multiple] warning: extremely low alpha coverage (min=0.000000, max=0.000000, mean=0.000000, fg%=0.000000)
[render_rgba_multiple] warning: extremely low alpha coverage (min=0.000000, max=0.000000, mean=0.000000, fg%=0.000000)
[render_rgba_multiple] warning: extremely low alpha coverage (min=0.000000, max=0.000000, mean=0.000000, fg%=0.000000)
[render_rgba_multiple] warning: extremely low alpha coverage (min=0.000000, max=0.000000, mean=0.000000, fg%=0.000000)
[render_rgba_multiple] warning: extremely low alpha coverage (min=0.000000, max=0.000000, mean=0.000000, fg%=0.000000)
[render_rgba_multiple] warning: extremely low alpha coverage (min=0.000000, max=0.000000, mean=0.000000, fg%=0.000000)
[render_rgba_multiple] warning: extremely low alpha coverage (min=0.000000, max=0.000000, mean=0.000000, fg%=0.000000)
[render_rgba_multiple] warning: extremely low alpha coverage (min=0.000000, max=0.000000, mean=0.000000, fg%=0.000000)
[render_rgba_multiple] warning: extremely low alpha coverage (min=0.000000, max=0.000000, mean=0.000000, fg%=0.000000)
[render_rgba_multiple] warning: extremely low alpha coverage (min=0.000000, max=0.000000, mean=0.000000, fg%=0.000000)
[render_rgba_multiple] warning: extremely low alpha coverage (min=0.000000, max=0.000000, mean=0.000000, fg%=0.000000)
[render_rgba_multiple] warning: extremely low alpha coverage (min=0.000000, max=0.000000, mean=0.000000, fg%=0.000000)
[render_rgba_multiple] warning: extremely low alpha coverage (min=0.000000, max=0.000000, mean=0.000000, fg%=0.000000)
[render_rgba_multiple] warning: extremely low alpha coverage (min=0.000000, max=0.000000, mean=0.000000, fg%=0.000000)
[render_rgba_multiple] warning: extremely low alpha coverage (min=0.000000, max=0.000000, mean=0.000000, fg%=0.000000)
[render_rgba_multiple] warning: extremely low alpha coverage (min=0.000000, max=0.000000, mean=0.000000, fg%=0.000000)
[render_rgba_multiple] warning: extremely low alpha coverage (min=0.000000, max=0.000000, mean=0.000000, fg%=0.000000)
[render_rgba_multiple] warning: extremely low alpha coverage (min=0.000000, max=0.000000, mean=0.000000, fg%=0.000000)
[render_rgba_multiple] warning: extremely low alpha coverage (min=0.000000, max=0.000000, mean=0.000000, fg%=0.000000)
[render_rgba_multiple] warning: extremely low alpha coverage (min=0.000000, max=0.000000, mean=0.000000, fg%=0.000000)
[render_rgba_multiple] warning: extremely low alpha coverage (min=0.000000, max=0.000000, mean=0.000000, fg%=0.000000)
[render_rgba_multiple] warning: extremely low alpha coverage (min=0.000000, max=0.000000, mean=0.000000, fg%=0.000000)
[render_rgba_multiple] warning: extremely low alpha coverage (min=0.000000, max=0.000000, mean=0.000000, fg%=0.000000)
[render_rgba_multiple] warning: extremely low alpha coverage (min=0.000000, max=0.000000, mean=0.000000, fg%=0.000000)
[render_rgba_multiple] warning: extremely low alpha coverage (min=0.000000, max=0.000000, mean=0.000000, fg%=0.000000)
[render_rgba_multiple] warning: extremely low alpha coverage (min=0.000000, max=0.000000, mean=0.000000, fg%=0.000000)
[render_rgba_multiple] warning: extremely low alpha coverage (min=0.000000, max=0.000000, mean=0.000000, fg%=0.000000)
[render_rgba_multiple] warning: extremely low alpha coverage (min=0.000000, max=0.000000, mean=0.000000, fg%=0.000000)
[render_rgba_multiple] warning: extremely low alpha coverage (min=0.000000, max=0.000000, mean=0.000000, fg%=0.000000)
[render_rgba_multiple] warning: extremely low alpha coverage (min=0.000000, max=0.000000, mean=0.000000, fg%=0.000000)
[render_rgba_multiple] warning: extremely low alpha coverage (min=0.000000, max=0.000000, mean=0.000000, fg%=0.000000)
[render_rgba_multiple] warning: extremely low alpha coverage (min=0.000000, max=0.000000, mean=0.000000, fg%=0.000000)
[render_rgba_multiple] warning: extremely low alpha coverage (min=0.000000, max=0.000000, mean=0.000000, fg%=0.000000)
[render_rgba_multiple] warning: extremely low alpha coverage (min=0.000000, max=0.000000, mean=0.000000, fg%=0.000000)
[render_rgba_multiple] warning: extremely low alpha coverage (min=0.000000, max=0.000000, mean=0.000000, fg%=0.000000)
[render_rgba_multiple] warning: extremely low alpha coverage (min=0.000000, max=0.000000, mean=0.000000, fg%=0.000000)
[render_rgba_multiple] warning: extremely low alpha coverage (min=0.000000, max=0.000000, mean=0.000000, fg%=0.000000)
[render_rgba_multiple] warning: extremely low alpha coverage (min=0.000000, max=0.000000, mean=0.000000, fg%=0.000000)
[render_rgba_multiple] warning: extremely low alpha coverage (min=0.000000, max=0.000000, mean=0.000000, fg%=0.000000)
[render_rgba_multiple] warning: extremely low alpha coverage (min=0.000000, max=0.000000, mean=0.000000, fg%=0.000000)
[INFO] Saved modified video: ../../outputs/wilor/videos/120-2_clip_1_modified.mp4
[INFO] Done. Mesh files written: 307, visualizations written: 154
===============================================
Job finished at: Wed Mar  4 18:34:19 CET 2026
Execution took 0.03 hours
Writing output to SLURM_logs/wilor-inference_071.out
===============================================
